--------------- Rebuild Started: 12/13/2021 16:19:50 Project: CYPD3171-24LQXQ_pb, Configuration: ARM GCC 5.4-2016-q2-update Debug ---------------
Deleting file ".\CortexM0\ARM_GCC_541\Debug\alt_mode_hw.o"
Deleting file ".\CortexM0\ARM_GCC_541\Debug\alt_modes_mngr.o"
Deleting file ".\CortexM0\ARM_GCC_541\Debug\vdm_task_mngr.o"
Deleting file ".\CortexM0\ARM_GCC_541\Debug\cy_alt_mode.o"
Deleting file ".\CortexM0\ARM_GCC_541\Debug\uvdm.o"
Deleting file ".\CortexM0\ARM_GCC_541\Debug\app.o"
Deleting file ".\CortexM0\ARM_GCC_541\Debug\pdo.o"
Deleting file ".\CortexM0\ARM_GCC_541\Debug\psink.o"
Deleting file ".\CortexM0\ARM_GCC_541\Debug\psource.o"
Deleting file ".\CortexM0\ARM_GCC_541\Debug\swap.o"
Deleting file ".\CortexM0\ARM_GCC_541\Debug\vdm.o"
Deleting file ".\CortexM0\ARM_GCC_541\Debug\battery_charging.o"
Deleting file ".\CortexM0\ARM_GCC_541\Debug\type_a.o"
Deleting file ".\CortexM0\ARM_GCC_541\Debug\power_bank.o"
Deleting file ".\CortexM0\ARM_GCC_541\Debug\vbus_ctrl.o"
Deleting file ".\CortexM0\ARM_GCC_541\Debug\boot.o"
Deleting file ".\CortexM0\ARM_GCC_541\Debug\flash.o"
Deleting file ".\CortexM0\ARM_GCC_541\Debug\gpio.o"
Deleting file ".\CortexM0\ARM_GCC_541\Debug\system.o"
Deleting file ".\CortexM0\ARM_GCC_541\Debug\timer.o"
Deleting file ".\CortexM0\ARM_GCC_541\Debug\utils.o"
Deleting file ".\CortexM0\ARM_GCC_541\Debug\config.o"
Deleting file ".\CortexM0\ARM_GCC_541\Debug\datamux_ctrl.o"
Deleting file ".\CortexM0\ARM_GCC_541\Debug\main.o"
Deleting file ".\CortexM0\ARM_GCC_541\Debug\instrumentation.o"
Deleting file ".\CortexM0\ARM_GCC_541\Debug\grlapp.o"
Deleting file ".\CortexM0\ARM_GCC_541\Debug\grlabstraction.o"
Deleting file ".\CortexM0\ARM_GCC_541\Debug\grlstruct.o"
Deleting file ".\CortexM0\ARM_GCC_541\Debug\hal_ccgx.o"
Deleting file ".\CortexM0\ARM_GCC_541\Debug\pdss_mx_hal.o"
Deleting file ".\CortexM0\ARM_GCC_541\Debug\cyfitter_cfg.o"
Deleting file ".\CortexM0\ARM_GCC_541\Debug\cybootloader.o"
Deleting file ".\CortexM0\ARM_GCC_541\Debug\cymetadata.o"
Deleting file ".\CortexM0\ARM_GCC_541\Debug\BUCK_BOOST_EN_C.o"
Deleting file ".\CortexM0\ARM_GCC_541\Debug\BUCK_BOOST_EN_C_PM.o"
Deleting file ".\CortexM0\ARM_GCC_541\Debug\PDSS_PORT0_RX_CLK.o"
Deleting file ".\CortexM0\ARM_GCC_541\Debug\PDSS_PORT0_TX_CLK.o"
Deleting file ".\CortexM0\ARM_GCC_541\Debug\PDSS_PORT0_SAR_CLK.o"
Deleting file ".\CortexM0\ARM_GCC_541\Debug\DIR_CTRL_C.o"
Deleting file ".\CortexM0\ARM_GCC_541\Debug\DIR_CTRL_C_PM.o"
Deleting file ".\CortexM0\ARM_GCC_541\Debug\PWMI_C.o"
Deleting file ".\CortexM0\ARM_GCC_541\Debug\PWMI_C_PM.o"
Deleting file ".\CortexM0\ARM_GCC_541\Debug\Clock_2.o"
Deleting file ".\CortexM0\ARM_GCC_541\Debug\PWMI_OUT_C.o"
Deleting file ".\CortexM0\ARM_GCC_541\Debug\PWMI_OUT_C_PM.o"
Deleting file ".\CortexM0\ARM_GCC_541\Debug\PDSS_PORT0_BCH_CLK.o"
Deleting file ".\CortexM0\ARM_GCC_541\Debug\Bootloadable_1.o"
Deleting file ".\CortexM0\ARM_GCC_541\Debug\PDSS_PORT0_FILT_CLK_SEL.o"
Deleting file ".\CortexM0\ARM_GCC_541\Debug\PDSS_PORT0_ISINK_CLK.o"
Deleting file ".\CortexM0\ARM_GCC_541\Debug\PDSS_PORTX_REFGEN_CLK.o"
Deleting file ".\CortexM0\ARM_GCC_541\Debug\cy_em_eeprom.o"
Deleting file ".\CortexM0\ARM_GCC_541\Debug\Cm0Start.o"
Deleting file ".\CortexM0\ARM_GCC_541\Debug\CyFlash.o"
Deleting file ".\CortexM0\ARM_GCC_541\Debug\CyLib.o"
Deleting file ".\CortexM0\ARM_GCC_541\Debug\cyPm.o"
Deleting file ".\CortexM0\ARM_GCC_541\Debug\cyutils.o"
Deleting file ".\CortexM0\ARM_GCC_541\Debug\CyBootAsmGnu.o"
Deleting file ".\CortexM0\ARM_GCC_541\Debug\CyLFClk.o"
Deleting file ".\CortexM0\ARM_GCC_541\Debug\EZI2C_1.o"
Deleting file ".\CortexM0\ARM_GCC_541\Debug\EZI2C_1_PM.o"
Deleting file ".\CortexM0\ARM_GCC_541\Debug\EZI2C_1_BOOT.o"
Deleting file ".\CortexM0\ARM_GCC_541\Debug\EZI2C_1_EZI2C.o"
Deleting file ".\CortexM0\ARM_GCC_541\Debug\EZI2C_1_EZI2C_INT.o"
Deleting file ".\CortexM0\ARM_GCC_541\Debug\EZI2C_1_EZI2C_BOOT.o"
Deleting file ".\CortexM0\ARM_GCC_541\Debug\EZI2C_1_SCBCLK.o"
Deleting file ".\CortexM0\ARM_GCC_541\Debug\EZI2C_1_sda.o"
Deleting file ".\CortexM0\ARM_GCC_541\Debug\EZI2C_1_sda_PM.o"
Deleting file ".\CortexM0\ARM_GCC_541\Debug\EZI2C_1_scl.o"
Deleting file ".\CortexM0\ARM_GCC_541\Debug\EZI2C_1_scl_PM.o"
Deleting file ".\CortexM0\ARM_GCC_541\Debug\EZI2C_1_SCB_IRQ.o"
Deleting file ".\CortexM0\ARM_GCC_541\Debug\MasterInput.o"
Deleting file ".\CortexM0\ARM_GCC_541\Debug\MasterInput_PM.o"
Deleting file ".\CortexM0\ARM_GCC_541\Debug\MasterInputInt.o"
Deleting file ".\CortexM0\ARM_GCC_541\Debug\Clock_1.o"
Deleting file ".\CortexM0\ARM_GCC_541\Debug\AUG_TIMER.o"
Deleting file ".\CortexM0\ARM_GCC_541\Debug\AUG_TIMER_PM.o"
Deleting file ".\CortexM0\ARM_GCC_541\Debug\AUG_ISR.o"
Deleting file ".\CortexM0\ARM_GCC_541\Debug\CYPD3171-24LQXQ_pb.hex"
Deleting file ".\CortexM0\ARM_GCC_541\Debug\CYPD3171-24LQXQ_pb.elf"
Deleting file ".\CortexM0\ARM_GCC_541\Debug\CYPD3171-24LQXQ_pb.map"
Deleting file ".\CortexM0\ARM_GCC_541\Debug\CYPD3171-24LQXQ_pb.cyacd"
Deleting file ".\CYPD3171-24LQXQ_pb.cycdx"
Deleting file ".\CYPD3171-24LQXQ_pb.rpt"
Deleting file ".\CortexM0\ARM_GCC_541\Debug\.deps\SOURCE_C__ARM_GCC_GENERIC.P"
Deleting file ".\CortexM0\ARM_GCC_541\Debug\.deps\SOURCE_ASM__ARM_GCC_GENERIC.P"
cydsfit.exe -.appdatapath "C:\Users\prana\AppData\Local\Cypress Semiconductor\PSoC Creator\4.4" -.fdsnotice -.fdswarpdepfile=warp_dependencies.txt -.fdselabdepfile=elab_dependencies.txt -.fdsbldfile=generated_files.txt -.fdsreffile=referenced_files.txt -p D:\V-TE-PWR\PDSS_SRC_SNK\CYPD3171-24LQXQ_pb\CYPD3171-24LQXQ_pb.cydsn\CYPD3171-24LQXQ_pb.cyprj -d CYPD3171-24LQXQ -s D:\V-TE-PWR\PDSS_SRC_SNK\CYPD3171-24LQXQ_pb\CYPD3171-24LQXQ_pb.cydsn\Generated_Source\PSoC4 -- -yv2 -q10 -ygs -o2 -v3 -.fftcfgtype=LE
Elaborating Design...
HDL Generation...
Synthesis...
Tech Mapping...
Analog Placement...
Analog Routing...
Analog Code Generation...
Digital Placement...
Digital Routing...
Bitstream Generation...
Bitstream Verification...
Static timing analysis...
API Generation...
Dependency Generation...
Cleanup...
arm-none-eabi-gcc.exe -mcpu=cortex-m0 -mthumb -I.\src\pd_hal -I.\src\app -I.\src\pd_common -I.\src\system -I.\src\scb -I.\src\hpiss -I.\src\app\alt_mode -I.\src\ar_slave -I.\src\usb -I.\common -I.\src\cable_comp -I. -IGenerated_Source\PSoC4 -Wa,-alh=.\CortexM0\ARM_GCC_541\Debug/alt_mode_hw.lst -g -D DEBUG -Wall -Werror -ffunction-sections -ffat-lto-objects -finline-functions -flto -Os -fno-strict-aliasing -c src\app\alt_mode\alt_mode_hw.c -o .\CortexM0\ARM_GCC_541\Debug\alt_mode_hw.o
arm-none-eabi-gcc.exe -mcpu=cortex-m0 -mthumb -I.\src\pd_hal -I.\src\app -I.\src\pd_common -I.\src\system -I.\src\scb -I.\src\hpiss -I.\src\app\alt_mode -I.\src\ar_slave -I.\src\usb -I.\common -I.\src\cable_comp -I. -IGenerated_Source\PSoC4 -Wa,-alh=.\CortexM0\ARM_GCC_541\Debug/alt_modes_mngr.lst -g -D DEBUG -Wall -Werror -ffunction-sections -ffat-lto-objects -finline-functions -flto -Os -fno-strict-aliasing -c src\app\alt_mode\alt_modes_mngr.c -o .\CortexM0\ARM_GCC_541\Debug\alt_modes_mngr.o
arm-none-eabi-gcc.exe -mcpu=cortex-m0 -mthumb -I.\src\pd_hal -I.\src\app -I.\src\pd_common -I.\src\system -I.\src\scb -I.\src\hpiss -I.\src\app\alt_mode -I.\src\ar_slave -I.\src\usb -I.\common -I.\src\cable_comp -I. -IGenerated_Source\PSoC4 -Wa,-alh=.\CortexM0\ARM_GCC_541\Debug/vdm_task_mngr.lst -g -D DEBUG -Wall -Werror -ffunction-sections -ffat-lto-objects -finline-functions -flto -Os -fno-strict-aliasing -c src\app\alt_mode\vdm_task_mngr.c -o .\CortexM0\ARM_GCC_541\Debug\vdm_task_mngr.o
arm-none-eabi-gcc.exe -mcpu=cortex-m0 -mthumb -I.\src\pd_hal -I.\src\app -I.\src\pd_common -I.\src\system -I.\src\scb -I.\src\hpiss -I.\src\app\alt_mode -I.\src\ar_slave -I.\src\usb -I.\common -I.\src\cable_comp -I. -IGenerated_Source\PSoC4 -Wa,-alh=.\CortexM0\ARM_GCC_541\Debug/cy_alt_mode.lst -g -D DEBUG -Wall -Werror -ffunction-sections -ffat-lto-objects -finline-functions -flto -Os -fno-strict-aliasing -c common\cy_alt_mode.c -o .\CortexM0\ARM_GCC_541\Debug\cy_alt_mode.o
arm-none-eabi-gcc.exe -mcpu=cortex-m0 -mthumb -I.\src\pd_hal -I.\src\app -I.\src\pd_common -I.\src\system -I.\src\scb -I.\src\hpiss -I.\src\app\alt_mode -I.\src\ar_slave -I.\src\usb -I.\common -I.\src\cable_comp -I. -IGenerated_Source\PSoC4 -Wa,-alh=.\CortexM0\ARM_GCC_541\Debug/uvdm.lst -g -D DEBUG -Wall -Werror -ffunction-sections -ffat-lto-objects -finline-functions -flto -Os -fno-strict-aliasing -c src\app\uvdm.c -o .\CortexM0\ARM_GCC_541\Debug\uvdm.o
arm-none-eabi-gcc.exe -mcpu=cortex-m0 -mthumb -I.\src\pd_hal -I.\src\app -I.\src\pd_common -I.\src\system -I.\src\scb -I.\src\hpiss -I.\src\app\alt_mode -I.\src\ar_slave -I.\src\usb -I.\common -I.\src\cable_comp -I. -IGenerated_Source\PSoC4 -Wa,-alh=.\CortexM0\ARM_GCC_541\Debug/app.lst -g -D DEBUG -Wall -Werror -ffunction-sections -ffat-lto-objects -finline-functions -flto -Os -fno-strict-aliasing -c src\app\app.c -o .\CortexM0\ARM_GCC_541\Debug\app.o
arm-none-eabi-gcc.exe -mcpu=cortex-m0 -mthumb -I.\src\pd_hal -I.\src\app -I.\src\pd_common -I.\src\system -I.\src\scb -I.\src\hpiss -I.\src\app\alt_mode -I.\src\ar_slave -I.\src\usb -I.\common -I.\src\cable_comp -I. -IGenerated_Source\PSoC4 -Wa,-alh=.\CortexM0\ARM_GCC_541\Debug/pdo.lst -g -D DEBUG -Wall -Werror -ffunction-sections -ffat-lto-objects -finline-functions -flto -Os -fno-strict-aliasing -c src\app\pdo.c -o .\CortexM0\ARM_GCC_541\Debug\pdo.o
arm-none-eabi-gcc.exe -mcpu=cortex-m0 -mthumb -I.\src\pd_hal -I.\src\app -I.\src\pd_common -I.\src\system -I.\src\scb -I.\src\hpiss -I.\src\app\alt_mode -I.\src\ar_slave -I.\src\usb -I.\common -I.\src\cable_comp -I. -IGenerated_Source\PSoC4 -Wa,-alh=.\CortexM0\ARM_GCC_541\Debug/psink.lst -g -D DEBUG -Wall -Werror -ffunction-sections -ffat-lto-objects -finline-functions -flto -Os -fno-strict-aliasing -c src\app\psink.c -o .\CortexM0\ARM_GCC_541\Debug\psink.o
arm-none-eabi-gcc.exe -mcpu=cortex-m0 -mthumb -I.\src\pd_hal -I.\src\app -I.\src\pd_common -I.\src\system -I.\src\scb -I.\src\hpiss -I.\src\app\alt_mode -I.\src\ar_slave -I.\src\usb -I.\common -I.\src\cable_comp -I. -IGenerated_Source\PSoC4 -Wa,-alh=.\CortexM0\ARM_GCC_541\Debug/psource.lst -g -D DEBUG -Wall -Werror -ffunction-sections -ffat-lto-objects -finline-functions -flto -Os -fno-strict-aliasing -c src\app\psource.c -o .\CortexM0\ARM_GCC_541\Debug\psource.o
arm-none-eabi-gcc.exe -mcpu=cortex-m0 -mthumb -I.\src\pd_hal -I.\src\app -I.\src\pd_common -I.\src\system -I.\src\scb -I.\src\hpiss -I.\src\app\alt_mode -I.\src\ar_slave -I.\src\usb -I.\common -I.\src\cable_comp -I. -IGenerated_Source\PSoC4 -Wa,-alh=.\CortexM0\ARM_GCC_541\Debug/swap.lst -g -D DEBUG -Wall -Werror -ffunction-sections -ffat-lto-objects -finline-functions -flto -Os -fno-strict-aliasing -c src\app\swap.c -o .\CortexM0\ARM_GCC_541\Debug\swap.o
arm-none-eabi-gcc.exe -mcpu=cortex-m0 -mthumb -I.\src\pd_hal -I.\src\app -I.\src\pd_common -I.\src\system -I.\src\scb -I.\src\hpiss -I.\src\app\alt_mode -I.\src\ar_slave -I.\src\usb -I.\common -I.\src\cable_comp -I. -IGenerated_Source\PSoC4 -Wa,-alh=.\CortexM0\ARM_GCC_541\Debug/vdm.lst -g -D DEBUG -Wall -Werror -ffunction-sections -ffat-lto-objects -finline-functions -flto -Os -fno-strict-aliasing -c src\app\vdm.c -o .\CortexM0\ARM_GCC_541\Debug\vdm.o
arm-none-eabi-gcc.exe -mcpu=cortex-m0 -mthumb -I.\src\pd_hal -I.\src\app -I.\src\pd_common -I.\src\system -I.\src\scb -I.\src\hpiss -I.\src\app\alt_mode -I.\src\ar_slave -I.\src\usb -I.\common -I.\src\cable_comp -I. -IGenerated_Source\PSoC4 -Wa,-alh=.\CortexM0\ARM_GCC_541\Debug/battery_charging.lst -g -D DEBUG -Wall -Werror -ffunction-sections -ffat-lto-objects -finline-functions -flto -Os -fno-strict-aliasing -c src\app\battery_charging.c -o .\CortexM0\ARM_GCC_541\Debug\battery_charging.o
arm-none-eabi-gcc.exe -mcpu=cortex-m0 -mthumb -I.\src\pd_hal -I.\src\app -I.\src\pd_common -I.\src\system -I.\src\scb -I.\src\hpiss -I.\src\app\alt_mode -I.\src\ar_slave -I.\src\usb -I.\common -I.\src\cable_comp -I. -IGenerated_Source\PSoC4 -Wa,-alh=.\CortexM0\ARM_GCC_541\Debug/type_a.lst -g -D DEBUG -Wall -Werror -ffunction-sections -ffat-lto-objects -finline-functions -flto -Os -fno-strict-aliasing -c src\app\type_a.c -o .\CortexM0\ARM_GCC_541\Debug\type_a.o
arm-none-eabi-gcc.exe -mcpu=cortex-m0 -mthumb -I.\src\pd_hal -I.\src\app -I.\src\pd_common -I.\src\system -I.\src\scb -I.\src\hpiss -I.\src\app\alt_mode -I.\src\ar_slave -I.\src\usb -I.\common -I.\src\cable_comp -I. -IGenerated_Source\PSoC4 -Wa,-alh=.\CortexM0\ARM_GCC_541\Debug/power_bank.lst -g -D DEBUG -Wall -Werror -ffunction-sections -ffat-lto-objects -finline-functions -flto -Os -fno-strict-aliasing -c src\app\power_bank.c -o .\CortexM0\ARM_GCC_541\Debug\power_bank.o
arm-none-eabi-gcc.exe -mcpu=cortex-m0 -mthumb -I.\src\pd_hal -I.\src\app -I.\src\pd_common -I.\src\system -I.\src\scb -I.\src\hpiss -I.\src\app\alt_mode -I.\src\ar_slave -I.\src\usb -I.\common -I.\src\cable_comp -I. -IGenerated_Source\PSoC4 -Wa,-alh=.\CortexM0\ARM_GCC_541\Debug/vbus_ctrl.lst -g -D DEBUG -Wall -Werror -ffunction-sections -ffat-lto-objects -finline-functions -flto -Os -fno-strict-aliasing -c src\app\vbus_ctrl.c -o .\CortexM0\ARM_GCC_541\Debug\vbus_ctrl.o
arm-none-eabi-gcc.exe -mcpu=cortex-m0 -mthumb -I.\src\pd_hal -I.\src\app -I.\src\pd_common -I.\src\system -I.\src\scb -I.\src\hpiss -I.\src\app\alt_mode -I.\src\ar_slave -I.\src\usb -I.\common -I.\src\cable_comp -I. -IGenerated_Source\PSoC4 -Wa,-alh=.\CortexM0\ARM_GCC_541\Debug/boot.lst -g -D DEBUG -Wall -Werror -ffunction-sections -ffat-lto-objects -finline-functions -flto -Os -fno-strict-aliasing -c src\system\boot.c -o .\CortexM0\ARM_GCC_541\Debug\boot.o
arm-none-eabi-gcc.exe -mcpu=cortex-m0 -mthumb -I.\src\pd_hal -I.\src\app -I.\src\pd_common -I.\src\system -I.\src\scb -I.\src\hpiss -I.\src\app\alt_mode -I.\src\ar_slave -I.\src\usb -I.\common -I.\src\cable_comp -I. -IGenerated_Source\PSoC4 -Wa,-alh=.\CortexM0\ARM_GCC_541\Debug/flash.lst -g -D DEBUG -Wall -Werror -ffunction-sections -ffat-lto-objects -finline-functions -flto -Os -fno-strict-aliasing -c src\system\flash.c -o .\CortexM0\ARM_GCC_541\Debug\flash.o
arm-none-eabi-gcc.exe -mcpu=cortex-m0 -mthumb -I.\src\pd_hal -I.\src\app -I.\src\pd_common -I.\src\system -I.\src\scb -I.\src\hpiss -I.\src\app\alt_mode -I.\src\ar_slave -I.\src\usb -I.\common -I.\src\cable_comp -I. -IGenerated_Source\PSoC4 -Wa,-alh=.\CortexM0\ARM_GCC_541\Debug/gpio.lst -g -D DEBUG -Wall -Werror -ffunction-sections -ffat-lto-objects -finline-functions -flto -Os -fno-strict-aliasing -c src\system\gpio.c -o .\CortexM0\ARM_GCC_541\Debug\gpio.o
arm-none-eabi-gcc.exe -mcpu=cortex-m0 -mthumb -I.\src\pd_hal -I.\src\app -I.\src\pd_common -I.\src\system -I.\src\scb -I.\src\hpiss -I.\src\app\alt_mode -I.\src\ar_slave -I.\src\usb -I.\common -I.\src\cable_comp -I. -IGenerated_Source\PSoC4 -Wa,-alh=.\CortexM0\ARM_GCC_541\Debug/system.lst -g -D DEBUG -Wall -Werror -ffunction-sections -ffat-lto-objects -finline-functions -flto -Os -fno-strict-aliasing -c src\system\system.c -o .\CortexM0\ARM_GCC_541\Debug\system.o
arm-none-eabi-gcc.exe -mcpu=cortex-m0 -mthumb -I.\src\pd_hal -I.\src\app -I.\src\pd_common -I.\src\system -I.\src\scb -I.\src\hpiss -I.\src\app\alt_mode -I.\src\ar_slave -I.\src\usb -I.\common -I.\src\cable_comp -I. -IGenerated_Source\PSoC4 -Wa,-alh=.\CortexM0\ARM_GCC_541\Debug/timer.lst -g -D DEBUG -Wall -Werror -ffunction-sections -ffat-lto-objects -finline-functions -flto -Os -fno-strict-aliasing -c src\system\timer.c -o .\CortexM0\ARM_GCC_541\Debug\timer.o
arm-none-eabi-gcc.exe -mcpu=cortex-m0 -mthumb -I.\src\pd_hal -I.\src\app -I.\src\pd_common -I.\src\system -I.\src\scb -I.\src\hpiss -I.\src\app\alt_mode -I.\src\ar_slave -I.\src\usb -I.\common -I.\src\cable_comp -I. -IGenerated_Source\PSoC4 -Wa,-alh=.\CortexM0\ARM_GCC_541\Debug/utils.lst -g -D DEBUG -Wall -Werror -ffunction-sections -ffat-lto-objects -finline-functions -flto -Os -fno-strict-aliasing -c src\system\utils.c -o .\CortexM0\ARM_GCC_541\Debug\utils.o
arm-none-eabi-gcc.exe -mcpu=cortex-m0 -mthumb -I.\src\pd_hal -I.\src\app -I.\src\pd_common -I.\src\system -I.\src\scb -I.\src\hpiss -I.\src\app\alt_mode -I.\src\ar_slave -I.\src\usb -I.\common -I.\src\cable_comp -I. -IGenerated_Source\PSoC4 -Wa,-alh=.\CortexM0\ARM_GCC_541\Debug/config.lst -g -D DEBUG -Wall -Werror -ffunction-sections -ffat-lto-objects -finline-functions -flto -Os -fno-strict-aliasing -c common\config.c -o .\CortexM0\ARM_GCC_541\Debug\config.o
arm-none-eabi-gcc.exe -mcpu=cortex-m0 -mthumb -I.\src\pd_hal -I.\src\app -I.\src\pd_common -I.\src\system -I.\src\scb -I.\src\hpiss -I.\src\app\alt_mode -I.\src\ar_slave -I.\src\usb -I.\common -I.\src\cable_comp -I. -IGenerated_Source\PSoC4 -Wa,-alh=.\CortexM0\ARM_GCC_541\Debug/datamux_ctrl.lst -g -D DEBUG -Wall -Werror -ffunction-sections -ffat-lto-objects -finline-functions -flto -Os -fno-strict-aliasing -c common\datamux_ctrl.c -o .\CortexM0\ARM_GCC_541\Debug\datamux_ctrl.o
arm-none-eabi-gcc.exe -mcpu=cortex-m0 -mthumb -I.\src\pd_hal -I.\src\app -I.\src\pd_common -I.\src\system -I.\src\scb -I.\src\hpiss -I.\src\app\alt_mode -I.\src\ar_slave -I.\src\usb -I.\common -I.\src\cable_comp -I. -IGenerated_Source\PSoC4 -Wa,-alh=.\CortexM0\ARM_GCC_541\Debug/main.lst -g -D DEBUG -Wall -Werror -ffunction-sections -ffat-lto-objects -finline-functions -flto -Os -fno-strict-aliasing -c common\main.c -o .\CortexM0\ARM_GCC_541\Debug\main.o
arm-none-eabi-gcc.exe -mcpu=cortex-m0 -mthumb -I.\src\pd_hal -I.\src\app -I.\src\pd_common -I.\src\system -I.\src\scb -I.\src\hpiss -I.\src\app\alt_mode -I.\src\ar_slave -I.\src\usb -I.\common -I.\src\cable_comp -I. -IGenerated_Source\PSoC4 -Wa,-alh=.\CortexM0\ARM_GCC_541\Debug/instrumentation.lst -g -D DEBUG -Wall -Werror -ffunction-sections -ffat-lto-objects -finline-functions -flto -Os -fno-strict-aliasing -c common\instrumentation.c -o .\CortexM0\ARM_GCC_541\Debug\instrumentation.o
arm-none-eabi-gcc.exe -mcpu=cortex-m0 -mthumb -I.\src\pd_hal -I.\src\app -I.\src\pd_common -I.\src\system -I.\src\scb -I.\src\hpiss -I.\src\app\alt_mode -I.\src\ar_slave -I.\src\usb -I.\common -I.\src\cable_comp -I. -IGenerated_Source\PSoC4 -Wa,-alh=.\CortexM0\ARM_GCC_541\Debug/grlapp.lst -g -D DEBUG -Wall -Werror -ffunction-sections -ffat-lto-objects -finline-functions -flto -Os -fno-strict-aliasing -c grlapp.c -o .\CortexM0\ARM_GCC_541\Debug\grlapp.o
arm-none-eabi-gcc.exe -mcpu=cortex-m0 -mthumb -I.\src\pd_hal -I.\src\app -I.\src\pd_common -I.\src\system -I.\src\scb -I.\src\hpiss -I.\src\app\alt_mode -I.\src\ar_slave -I.\src\usb -I.\common -I.\src\cable_comp -I. -IGenerated_Source\PSoC4 -Wa,-alh=.\CortexM0\ARM_GCC_541\Debug/grlabstraction.lst -g -D DEBUG -Wall -Werror -ffunction-sections -ffat-lto-objects -finline-functions -flto -Os -fno-strict-aliasing -c grlabstraction.c -o .\CortexM0\ARM_GCC_541\Debug\grlabstraction.o
arm-none-eabi-gcc.exe -mcpu=cortex-m0 -mthumb -I.\src\pd_hal -I.\src\app -I.\src\pd_common -I.\src\system -I.\src\scb -I.\src\hpiss -I.\src\app\alt_mode -I.\src\ar_slave -I.\src\usb -I.\common -I.\src\cable_comp -I. -IGenerated_Source\PSoC4 -Wa,-alh=.\CortexM0\ARM_GCC_541\Debug/grlstruct.lst -g -D DEBUG -Wall -Werror -ffunction-sections -ffat-lto-objects -finline-functions -flto -Os -fno-strict-aliasing -c grlstruct.c -o .\CortexM0\ARM_GCC_541\Debug\grlstruct.o
arm-none-eabi-gcc.exe -mcpu=cortex-m0 -mthumb -I.\src\pd_hal -I.\src\app -I.\src\pd_common -I.\src\system -I.\src\scb -I.\src\hpiss -I.\src\app\alt_mode -I.\src\ar_slave -I.\src\usb -I.\common -I.\src\cable_comp -I. -IGenerated_Source\PSoC4 -Wa,-alh=.\CortexM0\ARM_GCC_541\Debug/hal_ccgx.lst -g -D DEBUG -Wall -Werror -ffunction-sections -ffat-lto-objects -finline-functions -flto -Os -fno-strict-aliasing -c src\pd_hal\hal_ccgx.c -o .\CortexM0\ARM_GCC_541\Debug\hal_ccgx.o
arm-none-eabi-gcc.exe -mcpu=cortex-m0 -mthumb -I.\src\pd_hal -I.\src\app -I.\src\pd_common -I.\src\system -I.\src\scb -I.\src\hpiss -I.\src\app\alt_mode -I.\src\ar_slave -I.\src\usb -I.\common -I.\src\cable_comp -I. -IGenerated_Source\PSoC4 -Wa,-alh=.\CortexM0\ARM_GCC_541\Debug/pdss_mx_hal.lst -g -D DEBUG -Wall -Werror -ffunction-sections -ffat-lto-objects -finline-functions -flto -Os -fno-strict-aliasing -c src\pd_hal\pdss_mx_hal.c -o .\CortexM0\ARM_GCC_541\Debug\pdss_mx_hal.o
arm-none-eabi-gcc.exe -mcpu=cortex-m0 -mthumb -I.\src\pd_hal -I.\src\app -I.\src\pd_common -I.\src\system -I.\src\scb -I.\src\hpiss -I.\src\app\alt_mode -I.\src\ar_slave -I.\src\usb -I.\common -I.\src\cable_comp -I. -IGenerated_Source\PSoC4 -Wa,-alh=.\CortexM0\ARM_GCC_541\Debug/cyfitter_cfg.lst -g -D DEBUG -Wall -Werror -ffunction-sections -ffat-lto-objects -finline-functions -flto -Os -fno-strict-aliasing -c Generated_Source\PSoC4\cyfitter_cfg.c -o .\CortexM0\ARM_GCC_541\Debug\cyfitter_cfg.o
arm-none-eabi-gcc.exe -mcpu=cortex-m0 -mthumb -I.\src\pd_hal -I.\src\app -I.\src\pd_common -I.\src\system -I.\src\scb -I.\src\hpiss -I.\src\app\alt_mode -I.\src\ar_slave -I.\src\usb -I.\common -I.\src\cable_comp -I. -IGenerated_Source\PSoC4 -Wa,-alh=.\CortexM0\ARM_GCC_541\Debug/cybootloader.lst -g -D DEBUG -Wall -Werror -ffunction-sections -ffat-lto-objects -finline-functions -flto -Os -fno-strict-aliasing -c Generated_Source\PSoC4\cybootloader.c -o .\CortexM0\ARM_GCC_541\Debug\cybootloader.o
arm-none-eabi-gcc.exe -mcpu=cortex-m0 -mthumb -I.\src\pd_hal -I.\src\app -I.\src\pd_common -I.\src\system -I.\src\scb -I.\src\hpiss -I.\src\app\alt_mode -I.\src\ar_slave -I.\src\usb -I.\common -I.\src\cable_comp -I. -IGenerated_Source\PSoC4 -Wa,-alh=.\CortexM0\ARM_GCC_541\Debug/cymetadata.lst -g -D DEBUG -Wall -Werror -ffunction-sections -ffat-lto-objects -finline-functions -flto -Os -fno-strict-aliasing -c Generated_Source\PSoC4\cymetadata.c -o .\CortexM0\ARM_GCC_541\Debug\cymetadata.o
arm-none-eabi-gcc.exe -mcpu=cortex-m0 -mthumb -I.\src\pd_hal -I.\src\app -I.\src\pd_common -I.\src\system -I.\src\scb -I.\src\hpiss -I.\src\app\alt_mode -I.\src\ar_slave -I.\src\usb -I.\common -I.\src\cable_comp -I. -IGenerated_Source\PSoC4 -Wa,-alh=.\CortexM0\ARM_GCC_541\Debug/BUCK_BOOST_EN_C.lst -g -D DEBUG -Wall -Werror -ffunction-sections -ffat-lto-objects -finline-functions -flto -Os -fno-strict-aliasing -c Generated_Source\PSoC4\BUCK_BOOST_EN_C.c -o .\CortexM0\ARM_GCC_541\Debug\BUCK_BOOST_EN_C.o
arm-none-eabi-gcc.exe -mcpu=cortex-m0 -mthumb -I.\src\pd_hal -I.\src\app -I.\src\pd_common -I.\src\system -I.\src\scb -I.\src\hpiss -I.\src\app\alt_mode -I.\src\ar_slave -I.\src\usb -I.\common -I.\src\cable_comp -I. -IGenerated_Source\PSoC4 -Wa,-alh=.\CortexM0\ARM_GCC_541\Debug/BUCK_BOOST_EN_C_PM.lst -g -D DEBUG -Wall -Werror -ffunction-sections -ffat-lto-objects -finline-functions -flto -Os -fno-strict-aliasing -c Generated_Source\PSoC4\BUCK_BOOST_EN_C_PM.c -o .\CortexM0\ARM_GCC_541\Debug\BUCK_BOOST_EN_C_PM.o
arm-none-eabi-gcc.exe -mcpu=cortex-m0 -mthumb -I.\src\pd_hal -I.\src\app -I.\src\pd_common -I.\src\system -I.\src\scb -I.\src\hpiss -I.\src\app\alt_mode -I.\src\ar_slave -I.\src\usb -I.\common -I.\src\cable_comp -I. -IGenerated_Source\PSoC4 -Wa,-alh=.\CortexM0\ARM_GCC_541\Debug/PDSS_PORT0_RX_CLK.lst -g -D DEBUG -Wall -Werror -ffunction-sections -ffat-lto-objects -finline-functions -flto -Os -fno-strict-aliasing -c Generated_Source\PSoC4\PDSS_PORT0_RX_CLK.c -o .\CortexM0\ARM_GCC_541\Debug\PDSS_PORT0_RX_CLK.o
arm-none-eabi-gcc.exe -mcpu=cortex-m0 -mthumb -I.\src\pd_hal -I.\src\app -I.\src\pd_common -I.\src\system -I.\src\scb -I.\src\hpiss -I.\src\app\alt_mode -I.\src\ar_slave -I.\src\usb -I.\common -I.\src\cable_comp -I. -IGenerated_Source\PSoC4 -Wa,-alh=.\CortexM0\ARM_GCC_541\Debug/PDSS_PORT0_TX_CLK.lst -g -D DEBUG -Wall -Werror -ffunction-sections -ffat-lto-objects -finline-functions -flto -Os -fno-strict-aliasing -c Generated_Source\PSoC4\PDSS_PORT0_TX_CLK.c -o .\CortexM0\ARM_GCC_541\Debug\PDSS_PORT0_TX_CLK.o
arm-none-eabi-gcc.exe -mcpu=cortex-m0 -mthumb -I.\src\pd_hal -I.\src\app -I.\src\pd_common -I.\src\system -I.\src\scb -I.\src\hpiss -I.\src\app\alt_mode -I.\src\ar_slave -I.\src\usb -I.\common -I.\src\cable_comp -I. -IGenerated_Source\PSoC4 -Wa,-alh=.\CortexM0\ARM_GCC_541\Debug/PDSS_PORT0_SAR_CLK.lst -g -D DEBUG -Wall -Werror -ffunction-sections -ffat-lto-objects -finline-functions -flto -Os -fno-strict-aliasing -c Generated_Source\PSoC4\PDSS_PORT0_SAR_CLK.c -o .\CortexM0\ARM_GCC_541\Debug\PDSS_PORT0_SAR_CLK.o
arm-none-eabi-gcc.exe -mcpu=cortex-m0 -mthumb -I.\src\pd_hal -I.\src\app -I.\src\pd_common -I.\src\system -I.\src\scb -I.\src\hpiss -I.\src\app\alt_mode -I.\src\ar_slave -I.\src\usb -I.\common -I.\src\cable_comp -I. -IGenerated_Source\PSoC4 -Wa,-alh=.\CortexM0\ARM_GCC_541\Debug/DIR_CTRL_C.lst -g -D DEBUG -Wall -Werror -ffunction-sections -ffat-lto-objects -finline-functions -flto -Os -fno-strict-aliasing -c Generated_Source\PSoC4\DIR_CTRL_C.c -o .\CortexM0\ARM_GCC_541\Debug\DIR_CTRL_C.o
arm-none-eabi-gcc.exe -mcpu=cortex-m0 -mthumb -I.\src\pd_hal -I.\src\app -I.\src\pd_common -I.\src\system -I.\src\scb -I.\src\hpiss -I.\src\app\alt_mode -I.\src\ar_slave -I.\src\usb -I.\common -I.\src\cable_comp -I. -IGenerated_Source\PSoC4 -Wa,-alh=.\CortexM0\ARM_GCC_541\Debug/DIR_CTRL_C_PM.lst -g -D DEBUG -Wall -Werror -ffunction-sections -ffat-lto-objects -finline-functions -flto -Os -fno-strict-aliasing -c Generated_Source\PSoC4\DIR_CTRL_C_PM.c -o .\CortexM0\ARM_GCC_541\Debug\DIR_CTRL_C_PM.o
arm-none-eabi-gcc.exe -mcpu=cortex-m0 -mthumb -I.\src\pd_hal -I.\src\app -I.\src\pd_common -I.\src\system -I.\src\scb -I.\src\hpiss -I.\src\app\alt_mode -I.\src\ar_slave -I.\src\usb -I.\common -I.\src\cable_comp -I. -IGenerated_Source\PSoC4 -Wa,-alh=.\CortexM0\ARM_GCC_541\Debug/PWMI_C.lst -g -D DEBUG -Wall -Werror -ffunction-sections -ffat-lto-objects -finline-functions -flto -Os -fno-strict-aliasing -c Generated_Source\PSoC4\PWMI_C.c -o .\CortexM0\ARM_GCC_541\Debug\PWMI_C.o
arm-none-eabi-gcc.exe -mcpu=cortex-m0 -mthumb -I.\src\pd_hal -I.\src\app -I.\src\pd_common -I.\src\system -I.\src\scb -I.\src\hpiss -I.\src\app\alt_mode -I.\src\ar_slave -I.\src\usb -I.\common -I.\src\cable_comp -I. -IGenerated_Source\PSoC4 -Wa,-alh=.\CortexM0\ARM_GCC_541\Debug/PWMI_C_PM.lst -g -D DEBUG -Wall -Werror -ffunction-sections -ffat-lto-objects -finline-functions -flto -Os -fno-strict-aliasing -c Generated_Source\PSoC4\PWMI_C_PM.c -o .\CortexM0\ARM_GCC_541\Debug\PWMI_C_PM.o
arm-none-eabi-gcc.exe -mcpu=cortex-m0 -mthumb -I.\src\pd_hal -I.\src\app -I.\src\pd_common -I.\src\system -I.\src\scb -I.\src\hpiss -I.\src\app\alt_mode -I.\src\ar_slave -I.\src\usb -I.\common -I.\src\cable_comp -I. -IGenerated_Source\PSoC4 -Wa,-alh=.\CortexM0\ARM_GCC_541\Debug/Clock_2.lst -g -D DEBUG -Wall -Werror -ffunction-sections -ffat-lto-objects -finline-functions -flto -Os -fno-strict-aliasing -c Generated_Source\PSoC4\Clock_2.c -o .\CortexM0\ARM_GCC_541\Debug\Clock_2.o
arm-none-eabi-gcc.exe -mcpu=cortex-m0 -mthumb -I.\src\pd_hal -I.\src\app -I.\src\pd_common -I.\src\system -I.\src\scb -I.\src\hpiss -I.\src\app\alt_mode -I.\src\ar_slave -I.\src\usb -I.\common -I.\src\cable_comp -I. -IGenerated_Source\PSoC4 -Wa,-alh=.\CortexM0\ARM_GCC_541\Debug/PWMI_OUT_C.lst -g -D DEBUG -Wall -Werror -ffunction-sections -ffat-lto-objects -finline-functions -flto -Os -fno-strict-aliasing -c Generated_Source\PSoC4\PWMI_OUT_C.c -o .\CortexM0\ARM_GCC_541\Debug\PWMI_OUT_C.o
arm-none-eabi-gcc.exe -mcpu=cortex-m0 -mthumb -I.\src\pd_hal -I.\src\app -I.\src\pd_common -I.\src\system -I.\src\scb -I.\src\hpiss -I.\src\app\alt_mode -I.\src\ar_slave -I.\src\usb -I.\common -I.\src\cable_comp -I. -IGenerated_Source\PSoC4 -Wa,-alh=.\CortexM0\ARM_GCC_541\Debug/PWMI_OUT_C_PM.lst -g -D DEBUG -Wall -Werror -ffunction-sections -ffat-lto-objects -finline-functions -flto -Os -fno-strict-aliasing -c Generated_Source\PSoC4\PWMI_OUT_C_PM.c -o .\CortexM0\ARM_GCC_541\Debug\PWMI_OUT_C_PM.o
arm-none-eabi-gcc.exe -mcpu=cortex-m0 -mthumb -I.\src\pd_hal -I.\src\app -I.\src\pd_common -I.\src\system -I.\src\scb -I.\src\hpiss -I.\src\app\alt_mode -I.\src\ar_slave -I.\src\usb -I.\common -I.\src\cable_comp -I. -IGenerated_Source\PSoC4 -Wa,-alh=.\CortexM0\ARM_GCC_541\Debug/PDSS_PORT0_BCH_CLK.lst -g -D DEBUG -Wall -Werror -ffunction-sections -ffat-lto-objects -finline-functions -flto -Os -fno-strict-aliasing -c Generated_Source\PSoC4\PDSS_PORT0_BCH_CLK.c -o .\CortexM0\ARM_GCC_541\Debug\PDSS_PORT0_BCH_CLK.o
arm-none-eabi-gcc.exe -mcpu=cortex-m0 -mthumb -I.\src\pd_hal -I.\src\app -I.\src\pd_common -I.\src\system -I.\src\scb -I.\src\hpiss -I.\src\app\alt_mode -I.\src\ar_slave -I.\src\usb -I.\common -I.\src\cable_comp -I. -IGenerated_Source\PSoC4 -Wa,-alh=.\CortexM0\ARM_GCC_541\Debug/Bootloadable_1.lst -g -D DEBUG -Wall -Werror -ffunction-sections -ffat-lto-objects -finline-functions -flto -Os -fno-strict-aliasing -c Generated_Source\PSoC4\Bootloadable_1.c -o .\CortexM0\ARM_GCC_541\Debug\Bootloadable_1.o
arm-none-eabi-gcc.exe -mcpu=cortex-m0 -mthumb -I.\src\pd_hal -I.\src\app -I.\src\pd_common -I.\src\system -I.\src\scb -I.\src\hpiss -I.\src\app\alt_mode -I.\src\ar_slave -I.\src\usb -I.\common -I.\src\cable_comp -I. -IGenerated_Source\PSoC4 -Wa,-alh=.\CortexM0\ARM_GCC_541\Debug/PDSS_PORT0_FILT_CLK_SEL.lst -g -D DEBUG -Wall -Werror -ffunction-sections -ffat-lto-objects -finline-functions -flto -Os -fno-strict-aliasing -c Generated_Source\PSoC4\PDSS_PORT0_FILT_CLK_SEL.c -o .\CortexM0\ARM_GCC_541\Debug\PDSS_PORT0_FILT_CLK_SEL.o
arm-none-eabi-gcc.exe -mcpu=cortex-m0 -mthumb -I.\src\pd_hal -I.\src\app -I.\src\pd_common -I.\src\system -I.\src\scb -I.\src\hpiss -I.\src\app\alt_mode -I.\src\ar_slave -I.\src\usb -I.\common -I.\src\cable_comp -I. -IGenerated_Source\PSoC4 -Wa,-alh=.\CortexM0\ARM_GCC_541\Debug/PDSS_PORT0_ISINK_CLK.lst -g -D DEBUG -Wall -Werror -ffunction-sections -ffat-lto-objects -finline-functions -flto -Os -fno-strict-aliasing -c Generated_Source\PSoC4\PDSS_PORT0_ISINK_CLK.c -o .\CortexM0\ARM_GCC_541\Debug\PDSS_PORT0_ISINK_CLK.o
arm-none-eabi-gcc.exe -mcpu=cortex-m0 -mthumb -I.\src\pd_hal -I.\src\app -I.\src\pd_common -I.\src\system -I.\src\scb -I.\src\hpiss -I.\src\app\alt_mode -I.\src\ar_slave -I.\src\usb -I.\common -I.\src\cable_comp -I. -IGenerated_Source\PSoC4 -Wa,-alh=.\CortexM0\ARM_GCC_541\Debug/PDSS_PORTX_REFGEN_CLK.lst -g -D DEBUG -Wall -Werror -ffunction-sections -ffat-lto-objects -finline-functions -flto -Os -fno-strict-aliasing -c Generated_Source\PSoC4\PDSS_PORTX_REFGEN_CLK.c -o .\CortexM0\ARM_GCC_541\Debug\PDSS_PORTX_REFGEN_CLK.o
arm-none-eabi-gcc.exe -mcpu=cortex-m0 -mthumb -I.\src\pd_hal -I.\src\app -I.\src\pd_common -I.\src\system -I.\src\scb -I.\src\hpiss -I.\src\app\alt_mode -I.\src\ar_slave -I.\src\usb -I.\common -I.\src\cable_comp -I. -IGenerated_Source\PSoC4 -Wa,-alh=.\CortexM0\ARM_GCC_541\Debug/cy_em_eeprom.lst -g -D DEBUG -Wall -Werror -ffunction-sections -ffat-lto-objects -finline-functions -flto -Os -fno-strict-aliasing -c Generated_Source\PSoC4\cy_em_eeprom.c -o .\CortexM0\ARM_GCC_541\Debug\cy_em_eeprom.o
arm-none-eabi-gcc.exe -mcpu=cortex-m0 -mthumb -I.\src\pd_hal -I.\src\app -I.\src\pd_common -I.\src\system -I.\src\scb -I.\src\hpiss -I.\src\app\alt_mode -I.\src\ar_slave -I.\src\usb -I.\common -I.\src\cable_comp -I. -IGenerated_Source\PSoC4 -Wa,-alh=.\CortexM0\ARM_GCC_541\Debug/Cm0Start.lst -g -D DEBUG -Wall -Werror -ffunction-sections -ffat-lto-objects -finline-functions -flto -Os -fno-strict-aliasing -c Generated_Source\PSoC4\Cm0Start.c -o .\CortexM0\ARM_GCC_541\Debug\Cm0Start.o
arm-none-eabi-gcc.exe -mcpu=cortex-m0 -mthumb -I.\src\pd_hal -I.\src\app -I.\src\pd_common -I.\src\system -I.\src\scb -I.\src\hpiss -I.\src\app\alt_mode -I.\src\ar_slave -I.\src\usb -I.\common -I.\src\cable_comp -I. -IGenerated_Source\PSoC4 -Wa,-alh=.\CortexM0\ARM_GCC_541\Debug/CyFlash.lst -g -D DEBUG -Wall -Werror -ffunction-sections -ffat-lto-objects -finline-functions -flto -Os -fno-strict-aliasing -c Generated_Source\PSoC4\CyFlash.c -o .\CortexM0\ARM_GCC_541\Debug\CyFlash.o
arm-none-eabi-gcc.exe -mcpu=cortex-m0 -mthumb -I.\src\pd_hal -I.\src\app -I.\src\pd_common -I.\src\system -I.\src\scb -I.\src\hpiss -I.\src\app\alt_mode -I.\src\ar_slave -I.\src\usb -I.\common -I.\src\cable_comp -I. -IGenerated_Source\PSoC4 -Wa,-alh=.\CortexM0\ARM_GCC_541\Debug/CyLib.lst -g -D DEBUG -Wall -Werror -ffunction-sections -ffat-lto-objects -finline-functions -flto -Os -fno-strict-aliasing -c Generated_Source\PSoC4\CyLib.c -o .\CortexM0\ARM_GCC_541\Debug\CyLib.o
arm-none-eabi-gcc.exe -mcpu=cortex-m0 -mthumb -I.\src\pd_hal -I.\src\app -I.\src\pd_common -I.\src\system -I.\src\scb -I.\src\hpiss -I.\src\app\alt_mode -I.\src\ar_slave -I.\src\usb -I.\common -I.\src\cable_comp -I. -IGenerated_Source\PSoC4 -Wa,-alh=.\CortexM0\ARM_GCC_541\Debug/cyPm.lst -g -D DEBUG -Wall -Werror -ffunction-sections -ffat-lto-objects -finline-functions -flto -Os -fno-strict-aliasing -c Generated_Source\PSoC4\cyPm.c -o .\CortexM0\ARM_GCC_541\Debug\cyPm.o
arm-none-eabi-gcc.exe -mcpu=cortex-m0 -mthumb -I.\src\pd_hal -I.\src\app -I.\src\pd_common -I.\src\system -I.\src\scb -I.\src\hpiss -I.\src\app\alt_mode -I.\src\ar_slave -I.\src\usb -I.\common -I.\src\cable_comp -I. -IGenerated_Source\PSoC4 -Wa,-alh=.\CortexM0\ARM_GCC_541\Debug/cyutils.lst -g -D DEBUG -Wall -Werror -ffunction-sections -ffat-lto-objects -finline-functions -flto -Os -fno-strict-aliasing -c Generated_Source\PSoC4\cyutils.c -o .\CortexM0\ARM_GCC_541\Debug\cyutils.o
arm-none-eabi-gcc.exe -mcpu=cortex-m0 -mthumb -I.\src\pd_hal -I.\src\app -I.\src\pd_common -I.\src\system -I.\src\scb -I.\src\hpiss -I.\src\app\alt_mode -I.\src\ar_slave -I.\src\usb -I.\common -I.\src\cable_comp -I. -IGenerated_Source\PSoC4 -Wa,-alh=.\CortexM0\ARM_GCC_541\Debug/CyLFClk.lst -g -D DEBUG -Wall -Werror -ffunction-sections -ffat-lto-objects -finline-functions -flto -Os -fno-strict-aliasing -c Generated_Source\PSoC4\CyLFClk.c -o .\CortexM0\ARM_GCC_541\Debug\CyLFClk.o
arm-none-eabi-gcc.exe -mcpu=cortex-m0 -mthumb -I.\src\pd_hal -I.\src\app -I.\src\pd_common -I.\src\system -I.\src\scb -I.\src\hpiss -I.\src\app\alt_mode -I.\src\ar_slave -I.\src\usb -I.\common -I.\src\cable_comp -I. -IGenerated_Source\PSoC4 -Wa,-alh=.\CortexM0\ARM_GCC_541\Debug/EZI2C_1.lst -g -D DEBUG -Wall -Werror -ffunction-sections -ffat-lto-objects -finline-functions -flto -Os -fno-strict-aliasing -c Generated_Source\PSoC4\EZI2C_1.c -o .\CortexM0\ARM_GCC_541\Debug\EZI2C_1.o
arm-none-eabi-gcc.exe -mcpu=cortex-m0 -mthumb -I.\src\pd_hal -I.\src\app -I.\src\pd_common -I.\src\system -I.\src\scb -I.\src\hpiss -I.\src\app\alt_mode -I.\src\ar_slave -I.\src\usb -I.\common -I.\src\cable_comp -I. -IGenerated_Source\PSoC4 -Wa,-alh=.\CortexM0\ARM_GCC_541\Debug/EZI2C_1_PM.lst -g -D DEBUG -Wall -Werror -ffunction-sections -ffat-lto-objects -finline-functions -flto -Os -fno-strict-aliasing -c Generated_Source\PSoC4\EZI2C_1_PM.c -o .\CortexM0\ARM_GCC_541\Debug\EZI2C_1_PM.o
arm-none-eabi-gcc.exe -mcpu=cortex-m0 -mthumb -I.\src\pd_hal -I.\src\app -I.\src\pd_common -I.\src\system -I.\src\scb -I.\src\hpiss -I.\src\app\alt_mode -I.\src\ar_slave -I.\src\usb -I.\common -I.\src\cable_comp -I. -IGenerated_Source\PSoC4 -Wa,-alh=.\CortexM0\ARM_GCC_541\Debug/EZI2C_1_BOOT.lst -g -D DEBUG -Wall -Werror -ffunction-sections -ffat-lto-objects -finline-functions -flto -Os -fno-strict-aliasing -c Generated_Source\PSoC4\EZI2C_1_BOOT.c -o .\CortexM0\ARM_GCC_541\Debug\EZI2C_1_BOOT.o
arm-none-eabi-gcc.exe -mcpu=cortex-m0 -mthumb -I.\src\pd_hal -I.\src\app -I.\src\pd_common -I.\src\system -I.\src\scb -I.\src\hpiss -I.\src\app\alt_mode -I.\src\ar_slave -I.\src\usb -I.\common -I.\src\cable_comp -I. -IGenerated_Source\PSoC4 -Wa,-alh=.\CortexM0\ARM_GCC_541\Debug/EZI2C_1_EZI2C.lst -g -D DEBUG -Wall -Werror -ffunction-sections -ffat-lto-objects -finline-functions -flto -Os -fno-strict-aliasing -c Generated_Source\PSoC4\EZI2C_1_EZI2C.c -o .\CortexM0\ARM_GCC_541\Debug\EZI2C_1_EZI2C.o
arm-none-eabi-gcc.exe -mcpu=cortex-m0 -mthumb -I.\src\pd_hal -I.\src\app -I.\src\pd_common -I.\src\system -I.\src\scb -I.\src\hpiss -I.\src\app\alt_mode -I.\src\ar_slave -I.\src\usb -I.\common -I.\src\cable_comp -I. -IGenerated_Source\PSoC4 -Wa,-alh=.\CortexM0\ARM_GCC_541\Debug/EZI2C_1_EZI2C_INT.lst -g -D DEBUG -Wall -Werror -ffunction-sections -ffat-lto-objects -finline-functions -flto -Os -fno-strict-aliasing -c Generated_Source\PSoC4\EZI2C_1_EZI2C_INT.c -o .\CortexM0\ARM_GCC_541\Debug\EZI2C_1_EZI2C_INT.o
arm-none-eabi-gcc.exe -mcpu=cortex-m0 -mthumb -I.\src\pd_hal -I.\src\app -I.\src\pd_common -I.\src\system -I.\src\scb -I.\src\hpiss -I.\src\app\alt_mode -I.\src\ar_slave -I.\src\usb -I.\common -I.\src\cable_comp -I. -IGenerated_Source\PSoC4 -Wa,-alh=.\CortexM0\ARM_GCC_541\Debug/EZI2C_1_EZI2C_BOOT.lst -g -D DEBUG -Wall -Werror -ffunction-sections -ffat-lto-objects -finline-functions -flto -Os -fno-strict-aliasing -c Generated_Source\PSoC4\EZI2C_1_EZI2C_BOOT.c -o .\CortexM0\ARM_GCC_541\Debug\EZI2C_1_EZI2C_BOOT.o
arm-none-eabi-gcc.exe -mcpu=cortex-m0 -mthumb -I.\src\pd_hal -I.\src\app -I.\src\pd_common -I.\src\system -I.\src\scb -I.\src\hpiss -I.\src\app\alt_mode -I.\src\ar_slave -I.\src\usb -I.\common -I.\src\cable_comp -I. -IGenerated_Source\PSoC4 -Wa,-alh=.\CortexM0\ARM_GCC_541\Debug/EZI2C_1_SCBCLK.lst -g -D DEBUG -Wall -Werror -ffunction-sections -ffat-lto-objects -finline-functions -flto -Os -fno-strict-aliasing -c Generated_Source\PSoC4\EZI2C_1_SCBCLK.c -o .\CortexM0\ARM_GCC_541\Debug\EZI2C_1_SCBCLK.o
arm-none-eabi-gcc.exe -mcpu=cortex-m0 -mthumb -I.\src\pd_hal -I.\src\app -I.\src\pd_common -I.\src\system -I.\src\scb -I.\src\hpiss -I.\src\app\alt_mode -I.\src\ar_slave -I.\src\usb -I.\common -I.\src\cable_comp -I. -IGenerated_Source\PSoC4 -Wa,-alh=.\CortexM0\ARM_GCC_541\Debug/EZI2C_1_sda.lst -g -D DEBUG -Wall -Werror -ffunction-sections -ffat-lto-objects -finline-functions -flto -Os -fno-strict-aliasing -c Generated_Source\PSoC4\EZI2C_1_sda.c -o .\CortexM0\ARM_GCC_541\Debug\EZI2C_1_sda.o
arm-none-eabi-gcc.exe -mcpu=cortex-m0 -mthumb -I.\src\pd_hal -I.\src\app -I.\src\pd_common -I.\src\system -I.\src\scb -I.\src\hpiss -I.\src\app\alt_mode -I.\src\ar_slave -I.\src\usb -I.\common -I.\src\cable_comp -I. -IGenerated_Source\PSoC4 -Wa,-alh=.\CortexM0\ARM_GCC_541\Debug/EZI2C_1_sda_PM.lst -g -D DEBUG -Wall -Werror -ffunction-sections -ffat-lto-objects -finline-functions -flto -Os -fno-strict-aliasing -c Generated_Source\PSoC4\EZI2C_1_sda_PM.c -o .\CortexM0\ARM_GCC_541\Debug\EZI2C_1_sda_PM.o
arm-none-eabi-gcc.exe -mcpu=cortex-m0 -mthumb -I.\src\pd_hal -I.\src\app -I.\src\pd_common -I.\src\system -I.\src\scb -I.\src\hpiss -I.\src\app\alt_mode -I.\src\ar_slave -I.\src\usb -I.\common -I.\src\cable_comp -I. -IGenerated_Source\PSoC4 -Wa,-alh=.\CortexM0\ARM_GCC_541\Debug/EZI2C_1_scl.lst -g -D DEBUG -Wall -Werror -ffunction-sections -ffat-lto-objects -finline-functions -flto -Os -fno-strict-aliasing -c Generated_Source\PSoC4\EZI2C_1_scl.c -o .\CortexM0\ARM_GCC_541\Debug\EZI2C_1_scl.o
arm-none-eabi-gcc.exe -mcpu=cortex-m0 -mthumb -I.\src\pd_hal -I.\src\app -I.\src\pd_common -I.\src\system -I.\src\scb -I.\src\hpiss -I.\src\app\alt_mode -I.\src\ar_slave -I.\src\usb -I.\common -I.\src\cable_comp -I. -IGenerated_Source\PSoC4 -Wa,-alh=.\CortexM0\ARM_GCC_541\Debug/EZI2C_1_scl_PM.lst -g -D DEBUG -Wall -Werror -ffunction-sections -ffat-lto-objects -finline-functions -flto -Os -fno-strict-aliasing -c Generated_Source\PSoC4\EZI2C_1_scl_PM.c -o .\CortexM0\ARM_GCC_541\Debug\EZI2C_1_scl_PM.o
arm-none-eabi-gcc.exe -mcpu=cortex-m0 -mthumb -I.\src\pd_hal -I.\src\app -I.\src\pd_common -I.\src\system -I.\src\scb -I.\src\hpiss -I.\src\app\alt_mode -I.\src\ar_slave -I.\src\usb -I.\common -I.\src\cable_comp -I. -IGenerated_Source\PSoC4 -Wa,-alh=.\CortexM0\ARM_GCC_541\Debug/EZI2C_1_SCB_IRQ.lst -g -D DEBUG -Wall -Werror -ffunction-sections -ffat-lto-objects -finline-functions -flto -Os -fno-strict-aliasing -c Generated_Source\PSoC4\EZI2C_1_SCB_IRQ.c -o .\CortexM0\ARM_GCC_541\Debug\EZI2C_1_SCB_IRQ.o
arm-none-eabi-gcc.exe -mcpu=cortex-m0 -mthumb -I.\src\pd_hal -I.\src\app -I.\src\pd_common -I.\src\system -I.\src\scb -I.\src\hpiss -I.\src\app\alt_mode -I.\src\ar_slave -I.\src\usb -I.\common -I.\src\cable_comp -I. -IGenerated_Source\PSoC4 -Wa,-alh=.\CortexM0\ARM_GCC_541\Debug/MasterInput.lst -g -D DEBUG -Wall -Werror -ffunction-sections -ffat-lto-objects -finline-functions -flto -Os -fno-strict-aliasing -c Generated_Source\PSoC4\MasterInput.c -o .\CortexM0\ARM_GCC_541\Debug\MasterInput.o
arm-none-eabi-gcc.exe -mcpu=cortex-m0 -mthumb -I.\src\pd_hal -I.\src\app -I.\src\pd_common -I.\src\system -I.\src\scb -I.\src\hpiss -I.\src\app\alt_mode -I.\src\ar_slave -I.\src\usb -I.\common -I.\src\cable_comp -I. -IGenerated_Source\PSoC4 -Wa,-alh=.\CortexM0\ARM_GCC_541\Debug/MasterInput_PM.lst -g -D DEBUG -Wall -Werror -ffunction-sections -ffat-lto-objects -finline-functions -flto -Os -fno-strict-aliasing -c Generated_Source\PSoC4\MasterInput_PM.c -o .\CortexM0\ARM_GCC_541\Debug\MasterInput_PM.o
arm-none-eabi-gcc.exe -mcpu=cortex-m0 -mthumb -I.\src\pd_hal -I.\src\app -I.\src\pd_common -I.\src\system -I.\src\scb -I.\src\hpiss -I.\src\app\alt_mode -I.\src\ar_slave -I.\src\usb -I.\common -I.\src\cable_comp -I. -IGenerated_Source\PSoC4 -Wa,-alh=.\CortexM0\ARM_GCC_541\Debug/MasterInputInt.lst -g -D DEBUG -Wall -Werror -ffunction-sections -ffat-lto-objects -finline-functions -flto -Os -fno-strict-aliasing -c Generated_Source\PSoC4\MasterInputInt.c -o .\CortexM0\ARM_GCC_541\Debug\MasterInputInt.o
arm-none-eabi-gcc.exe -mcpu=cortex-m0 -mthumb -I.\src\pd_hal -I.\src\app -I.\src\pd_common -I.\src\system -I.\src\scb -I.\src\hpiss -I.\src\app\alt_mode -I.\src\ar_slave -I.\src\usb -I.\common -I.\src\cable_comp -I. -IGenerated_Source\PSoC4 -Wa,-alh=.\CortexM0\ARM_GCC_541\Debug/Clock_1.lst -g -D DEBUG -Wall -Werror -ffunction-sections -ffat-lto-objects -finline-functions -flto -Os -fno-strict-aliasing -c Generated_Source\PSoC4\Clock_1.c -o .\CortexM0\ARM_GCC_541\Debug\Clock_1.o
arm-none-eabi-gcc.exe -mcpu=cortex-m0 -mthumb -I.\src\pd_hal -I.\src\app -I.\src\pd_common -I.\src\system -I.\src\scb -I.\src\hpiss -I.\src\app\alt_mode -I.\src\ar_slave -I.\src\usb -I.\common -I.\src\cable_comp -I. -IGenerated_Source\PSoC4 -Wa,-alh=.\CortexM0\ARM_GCC_541\Debug/AUG_TIMER.lst -g -D DEBUG -Wall -Werror -ffunction-sections -ffat-lto-objects -finline-functions -flto -Os -fno-strict-aliasing -c Generated_Source\PSoC4\AUG_TIMER.c -o .\CortexM0\ARM_GCC_541\Debug\AUG_TIMER.o
arm-none-eabi-gcc.exe -mcpu=cortex-m0 -mthumb -I.\src\pd_hal -I.\src\app -I.\src\pd_common -I.\src\system -I.\src\scb -I.\src\hpiss -I.\src\app\alt_mode -I.\src\ar_slave -I.\src\usb -I.\common -I.\src\cable_comp -I. -IGenerated_Source\PSoC4 -Wa,-alh=.\CortexM0\ARM_GCC_541\Debug/AUG_TIMER_PM.lst -g -D DEBUG -Wall -Werror -ffunction-sections -ffat-lto-objects -finline-functions -flto -Os -fno-strict-aliasing -c Generated_Source\PSoC4\AUG_TIMER_PM.c -o .\CortexM0\ARM_GCC_541\Debug\AUG_TIMER_PM.o
arm-none-eabi-gcc.exe -mcpu=cortex-m0 -mthumb -I.\src\pd_hal -I.\src\app -I.\src\pd_common -I.\src\system -I.\src\scb -I.\src\hpiss -I.\src\app\alt_mode -I.\src\ar_slave -I.\src\usb -I.\common -I.\src\cable_comp -I. -IGenerated_Source\PSoC4 -Wa,-alh=.\CortexM0\ARM_GCC_541\Debug/AUG_ISR.lst -g -D DEBUG -Wall -Werror -ffunction-sections -ffat-lto-objects -finline-functions -flto -Os -fno-strict-aliasing -c Generated_Source\PSoC4\AUG_ISR.c -o .\CortexM0\ARM_GCC_541\Debug\AUG_ISR.o
arm-none-eabi-as.exe -mcpu=cortex-m0 -mthumb -I. -IGenerated_Source\PSoC4 -alh=.\CortexM0\ARM_GCC_541\Debug/CyBootAsmGnu.lst -g -W -o .\CortexM0\ARM_GCC_541\Debug\CyBootAsmGnu.o Generated_Source\PSoC4\CyBootAsmGnu.s
arm-none-eabi-ar.exe -rs .\CortexM0\ARM_GCC_541\Debug\CYPD3171-24LQXQ_pb.a .\CortexM0\ARM_GCC_541\Debug\BUCK_BOOST_EN_C.o .\CortexM0\ARM_GCC_541\Debug\BUCK_BOOST_EN_C_PM.o .\CortexM0\ARM_GCC_541\Debug\PDSS_PORT0_RX_CLK.o .\CortexM0\ARM_GCC_541\Debug\PDSS_PORT0_TX_CLK.o .\CortexM0\ARM_GCC_541\Debug\PDSS_PORT0_SAR_CLK.o .\CortexM0\ARM_GCC_541\Debug\DIR_CTRL_C.o .\CortexM0\ARM_GCC_541\Debug\DIR_CTRL_C_PM.o .\CortexM0\ARM_GCC_541\Debug\PWMI_C.o .\CortexM0\ARM_GCC_541\Debug\PWMI_C_PM.o .\CortexM0\ARM_GCC_541\Debug\Clock_2.o .\CortexM0\ARM_GCC_541\Debug\PWMI_OUT_C.o .\CortexM0\ARM_GCC_541\Debug\PWMI_OUT_C_PM.o .\CortexM0\ARM_GCC_541\Debug\PDSS_PORT0_BCH_CLK.o .\CortexM0\ARM_GCC_541\Debug\Bootloadable_1.o .\CortexM0\ARM_GCC_541\Debug\PDSS_PORT0_FILT_CLK_SEL.o .\CortexM0\ARM_GCC_541\Debug\PDSS_PORT0_ISINK_CLK.o .\CortexM0\ARM_GCC_541\Debug\PDSS_PORTX_REFGEN_CLK.o .\CortexM0\ARM_GCC_541\Debug\cy_em_eeprom.o .\CortexM0\ARM_GCC_541\Debug\CyFlash.o .\CortexM0\ARM_GCC_541\Debug\CyLib.o .\CortexM0\ARM_GCC_541\Debug\cyPm.o .\CortexM0\ARM_GCC_541\Debug\cyutils.o .\CortexM0\ARM_GCC_541\Debug\CyLFClk.o .\CortexM0\ARM_GCC_541\Debug\EZI2C_1.o .\CortexM0\ARM_GCC_541\Debug\EZI2C_1_PM.o .\CortexM0\ARM_GCC_541\Debug\EZI2C_1_BOOT.o .\CortexM0\ARM_GCC_541\Debug\EZI2C_1_EZI2C.o .\CortexM0\ARM_GCC_541\Debug\EZI2C_1_EZI2C_INT.o .\CortexM0\ARM_GCC_541\Debug\EZI2C_1_EZI2C_BOOT.o .\CortexM0\ARM_GCC_541\Debug\EZI2C_1_SCBCLK.o .\CortexM0\ARM_GCC_541\Debug\EZI2C_1_sda.o .\CortexM0\ARM_GCC_541\Debug\EZI2C_1_sda_PM.o .\CortexM0\ARM_GCC_541\Debug\EZI2C_1_scl.o .\CortexM0\ARM_GCC_541\Debug\EZI2C_1_scl_PM.o .\CortexM0\ARM_GCC_541\Debug\EZI2C_1_SCB_IRQ.o .\CortexM0\ARM_GCC_541\Debug\MasterInput.o .\CortexM0\ARM_GCC_541\Debug\MasterInput_PM.o .\CortexM0\ARM_GCC_541\Debug\MasterInputInt.o .\CortexM0\ARM_GCC_541\Debug\Clock_1.o .\CortexM0\ARM_GCC_541\Debug\AUG_TIMER.o .\CortexM0\ARM_GCC_541\Debug\AUG_TIMER_PM.o .\CortexM0\ARM_GCC_541\Debug\AUG_ISR.o .\CortexM0\ARM_GCC_541\Debug\CyBootAsmGnu.o
arm-none-eabi-ar.exe: creating .\CortexM0\ARM_GCC_541\Debug\CYPD3171-24LQXQ_pb.a
arm-none-eabi-gcc.exe -Wl,--start-group -o D:\V-TE-PWR\PDSS_SRC_SNK\CYPD3171-24LQXQ_pb\CYPD3171-24LQXQ_pb.cydsn\CortexM0\ARM_GCC_541\Debug\CYPD3171-24LQXQ_pb.elf .\CortexM0\ARM_GCC_541\Debug\alt_mode_hw.o .\CortexM0\ARM_GCC_541\Debug\alt_modes_mngr.o .\CortexM0\ARM_GCC_541\Debug\vdm_task_mngr.o .\CortexM0\ARM_GCC_541\Debug\cy_alt_mode.o .\CortexM0\ARM_GCC_541\Debug\uvdm.o .\CortexM0\ARM_GCC_541\Debug\app.o .\CortexM0\ARM_GCC_541\Debug\pdo.o .\CortexM0\ARM_GCC_541\Debug\psink.o .\CortexM0\ARM_GCC_541\Debug\psource.o .\CortexM0\ARM_GCC_541\Debug\swap.o .\CortexM0\ARM_GCC_541\Debug\vdm.o .\CortexM0\ARM_GCC_541\Debug\battery_charging.o .\CortexM0\ARM_GCC_541\Debug\type_a.o .\CortexM0\ARM_GCC_541\Debug\power_bank.o .\CortexM0\ARM_GCC_541\Debug\vbus_ctrl.o .\CortexM0\ARM_GCC_541\Debug\boot.o .\CortexM0\ARM_GCC_541\Debug\flash.o .\CortexM0\ARM_GCC_541\Debug\gpio.o .\CortexM0\ARM_GCC_541\Debug\system.o .\CortexM0\ARM_GCC_541\Debug\timer.o .\CortexM0\ARM_GCC_541\Debug\utils.o .\CortexM0\ARM_GCC_541\Debug\config.o .\CortexM0\ARM_GCC_541\Debug\datamux_ctrl.o .\CortexM0\ARM_GCC_541\Debug\main.o .\CortexM0\ARM_GCC_541\Debug\instrumentation.o .\CortexM0\ARM_GCC_541\Debug\grlapp.o .\CortexM0\ARM_GCC_541\Debug\grlabstraction.o .\CortexM0\ARM_GCC_541\Debug\grlstruct.o .\CortexM0\ARM_GCC_541\Debug\hal_ccgx.o .\CortexM0\ARM_GCC_541\Debug\pdss_mx_hal.o .\CortexM0\ARM_GCC_541\Debug\cyfitter_cfg.o .\CortexM0\ARM_GCC_541\Debug\cybootloader.o .\CortexM0\ARM_GCC_541\Debug\cymetadata.o .\CortexM0\ARM_GCC_541\Debug\Cm0Start.o .\CortexM0\ARM_GCC_541\Debug\CYPD3171-24LQXQ_pb.a -mcpu=cortex-m0 -mthumb -l ccgx_pd3 -l ccgx_cablecomp -L Generated_Source\PSoC4 -L .\lib\ccg3pa -Wl,-Map,.\CortexM0\ARM_GCC_541\Debug/CYPD3171-24LQXQ_pb.map -T .\cm0gcc.ld -specs=nano.specs -Wl,--gc-sections -flto -Os -g -ffunction-sections -finline-functions -Os -flto -ffat-lto-objects -Wl,--end-group
cyelftool.exe -B D:\V-TE-PWR\PDSS_SRC_SNK\CYPD3171-24LQXQ_pb\CYPD3171-24LQXQ_pb.cydsn\CortexM0\ARM_GCC_541\Debug\CYPD3171-24LQXQ_pb.elf --flash_row_size 128 --flash_size 65536 --flash_offset 0x00000000 --flash_array_size 65536
No ELF section .cychecksum found, creating one
Application checksum calculated and stored in ELF section .cychecksum
Checksum calculated and stored in ELF section .cymeta
cyelftool.exe -S D:\V-TE-PWR\PDSS_SRC_SNK\CYPD3171-24LQXQ_pb\CYPD3171-24LQXQ_pb.cydsn\CortexM0\ARM_GCC_541\Debug\CYPD3171-24LQXQ_pb.elf
Flash used: 58760 of 65536 bytes (89.7%). Bootloader: 4864 bytes. Application: 53768 bytes. Metadata: 128 bytes.
SRAM used: 6216 of 8192 bytes (75.9%). Stack: 2048 bytes. Heap: 128 bytes.
--------------- Rebuild Succeeded: 12/13/2021 16:20:11 ---------------
