ARM GAS  C:\Users\prana\AppData\Local\Temp\ccWKjONo.s 			page 1


   1              		.syntax unified
   2              		.cpu cortex-m0
   3              		.fpu softvfp
   4              		.eabi_attribute 20, 1
   5              		.eabi_attribute 21, 1
   6              		.eabi_attribute 23, 3
   7              		.eabi_attribute 24, 1
   8              		.eabi_attribute 25, 1
   9              		.eabi_attribute 26, 1
  10              		.eabi_attribute 30, 4
  11              		.eabi_attribute 34, 0
  12              		.eabi_attribute 18, 4
  13              		.thumb
  14              		.syntax unified
  15              		.file	"AUG_TIMER_PM.c"
  16              		.text
  17              	.Ltext0:
  18              		.section	.gnu.lto_.profile.b36a028c,"",%progbits
  19 0000 789C6361 		.ascii	"x\234ca`d`a`\000\222\252\374\000\000\303\000?"
  19      60646061 
  19      600092AA 
  19      FC0000C3 
  19      003F
  20              		.text
  21              		.section	.gnu.lto_.icf.b36a028c,"",%progbits
  22 0000 789C6361 		.ascii	"x\234ca`d\000\001\005\006\004`eX?\363A\013\023\343\241"
  22      60640001 
  22      05060460 
  22      65583FF3 
  22      410B13E3 
  23 0015 ED3F0F31 		.ascii	"\355?\01713M\332\276\370.33X\204\245\343\362\2777l\014"
  23      334DDABE 
  23      F82E3333 
  23      5884A5E3 
  23      F2BF376C 
  24 002a 00F4860E 		.ascii	"\000\364\206\016\337"
  24      DF
  25              		.text
  26              		.section	.gnu.lto_.jmpfuncs.b36a028c,"",%progbits
  27 0000 789C6361 		.ascii	"x\234ca`d\000\001\001\006\004`\001b\220(3\204\311\000"
  27      60640001 
  27      01060460 
  27      01629028 
  27      3384C900 
  28 0014 00030E00 		.ascii	"\000\003\016\000\""
  28      22
  29              		.text
  30              		.section	.gnu.lto_.inline.b36a028c,"",%progbits
  31 0000 789C6361 		.ascii	"x\234ca`d\000\2010\006\004`a``fbd`\0022\331\026\310"
  31      60640081 
  31      30060460 
  31      61606066 
  31      62646002 
  32 0018 8328A022 		.ascii	"\203(\240\".A\240\010\317\004?\204\020\027\220`\306"
  32      2E41A008 
  32      CF043F84 
  32      10179060 
ARM GAS  C:\Users\prana\AppData\Local\Temp\ccWKjONo.s 			page 2


  32      C6
  33 0029 50C9C2C0 		.ascii	"P\311\302\300\316\011\024a\373\240\207\252\222\001\000"
  33      CE091461 
  33      FBA087AA 
  33      920100
  34 0038 04D605E9 		.ascii	"\004\326\005\351"
  35              		.text
  36              		.section	.gnu.lto_.pureconst.b36a028c,"",%progbits
  37 0000 789C6361 		.ascii	"x\234ca`d\340d```a``\224bf`\221\000\000\001\261\000"
  37      6064E064 
  37      60606061 
  37      60609462 
  37      66609100 
  38 0018 4D       		.ascii	"M"
  39              		.text
  40              		.section	.gnu.lto_AUG_TIMER_SaveConfig.b36a028c,"",%progbits
  41 0000 789C6361 		.ascii	"x\234ca`d\000\201j \326\000bi fdf`d\232p\216\201\241"
  41      60640081 
  41      6A20D600 
  41      62692066 
  41      64666064 
  42 0019 91838991 		.ascii	"\221\203\211\221\021\304h\340`d\250gb\254g\374\312\364"
  42      11C468E0 
  42      6064A867 
  42      62AC67FC 
  42      CAF4
  43 002b 9789F150 		.ascii	"\227\211\361P\373\263\235L\232\313\033\200\340\301\321"
  43      FBB39D4C 
  43      9ACB1B80 
  43      E0C1D1
  44 003a C9CC0D2B 		.ascii	"\311\314\015+\0160\266230\374g\002\233\304\300\270\234"
  44      0E30B632 
  44      3330FC67 
  44      029BC4C0 
  44      B89C
  45 004c 519301A8 		.ascii	"Q\223\001\250\354\321\306\177Sy\331Z@\312\024 \222\214"
  45      ECD1C67F 
  45      5379D95A 
  45      40CA1420 
  45      928C
  46 005e 2B18D940 		.ascii	"+\030\331@\326\255\017:\320\360\377\177s\303\201\371"
  46      D6AD0F3A 
  46      D0F0FF7F 
  46      73C381F9 
  47 006e AC4F9980 		.ascii	"\254O\231\200\022\037\200\030d\315G \007H3\277bd\002"
  47      121F8018 
  47      64CD4720 
  47      074833BF 
  47      626402
  48 0081 29059BF6 		.ascii	")\005\233\366\201\211\021$\006T\241\346\236\232\227"
  48      81891124 
  48      0654A1E6 
  48      9E9A97
  49 0090 5A945892 		.ascii	"Z\224X\222\232\022\037\234_Z\224\234\032\023\020\234"
  49      9A121F9C 
  49      5F5A949C 
  49      1A13109C 
ARM GAS  C:\Users\prana\AppData\Local\Temp\ccWKjONo.s 			page 3


  50 00a0 EF6C12E3 		.ascii	"\357l\022\343\030\352\036\037\342\351\353\032\024\037"
  50      18EA1E1F 
  50      E2E9EB1A 
  50      141F
  51 00ae E0AB97CC 		.ascii	"\340\253\227\314\000\000\264\3469\223"
  51      0000B4E6 
  51      3993
  52              		.text
  53              		.section	.gnu.lto_AUG_TIMER_Sleep.b36a028c,"",%progbits
  54 0000 789C8D51 		.ascii	"x\234\215Q\317KTQ\024>\337\275\367\275y\015\032\375"
  54      CF4B5451 
  54      143EDFBD 
  54      F7BD790D 
  54      1AFD
  55 0012 0132B88A 		.ascii	"\0012\270\212\3344\233\326ADI\013C\324v\302\020:\333"
  55      DC349BD6 
  55      4144490B 
  55      43D476C2 
  55      103ADB
  56 0025 04ABF55C 		.ascii	"\004\253\365\\}\3634[\204\233\202\210\234\215\240V6"
  56      7DF3345B 
  56      849B8288 
  56      9C8DA056 
  56      36
  57 0036 33A5D580 		.ascii	"3\245\325\200\321c\320\332H-\262\225.2b\010q\241`\210"
  57      D163D0DA 
  57      482DB295 
  57      2E326208 
  57      71A16088 
  58 004a 994EE7BC 		.ascii	"\231N\347\2747\375\200 :\360\356\217s\276\367}\337="
  58      37FD8020 
  58      3AF0EE8F 
  58      73BEF77D 
  58      DF3D
  59 005c C71048A2 		.ascii	"\307\020H\242_\021\235\340\3754\177p\011j\374-\321\220"
  59      5F119DE0 
  59      FD347F70 
  59      096AFC2D 
  59      D190
  60 006e A7945E48 		.ascii	"\247\224^H\221M\232\2254\331&\015'N\233\237\007\007"
  60      914D9A95 
  60      34D9260D 
  60      274E9B9F 
  60      0707
  61 0080 9083F540 		.ascii	"\220\203\365@9\245\215\203\034\276\252\003\205\352h"
  61      39A58D83 
  61      1CBEAA03 
  61      85EA68
  62 008f ADA2DAA6 		.ascii	"\255\242\332\246,\307\307\245\011m\247C\004\232\250"
  62      2CC7C7A5 
  62      096DA743 
  62      049AA8
  63 009e AE2231C2 		.ascii	"\256\"1\302\024\332\210a\237\312\207\267\233\335\274"
  63      14DA8861 
  63      9FCA87B7 
  63      9BDDBC
  64 00ad C05AE322 		.ascii	"\300Z\343\"\246\341\212\243bWh\353u\337\206\273\316"
ARM GAS  C:\Users\prana\AppData\Local\Temp\ccWKjONo.s 			page 4


  64      A6E18AA3 
  64      625768EB 
  64      75DF86BB 
  64      CE
  65 00be CB264F53 		.ascii	"\313&OS\240ad!\332b\230hn+%\273\256\241\372\355fmW\313"
  65      A0616421 
  65      DA629868 
  65      6E2B25BB 
  65      AEA1FAED 
  66 00d6 9FBED6CC 		.ascii	"\237\276\326\314z'\250\276K\354\250@+\210\310\344\376"
  66      7A27A8BE 
  66      4BECA840 
  66      2B88C8E4 
  66      FE
  67 00e7 DA5D1D5F 		.ascii	"\332]\035_\255\235\264\206S\237\367\337\357\035-\340"
  67      AD9DB486 
  67      539FF7DF 
  67      EF1D2DE0 
  68 00f7 FE509E6D 		.ascii	"\376P\236mi<@\013f\320\302\352\017Q\000\325\340\177"
  68      693C400B 
  68      66D0C2EA 
  68      0F5100D5 
  68      E07F
  69 0109 1F597362 		.ascii	"\037YsbB\023s\316-\276\031\361\204\004\034\217\030\273"
  69      421373CE 
  69      2DBE19F1 
  69      84041C8F 
  69      18BB
  70 011b 8EFCAA9F 		.ascii	"\216\374\252\237j`\030P\334\254\3545\307\000\302\254"
  70      6A601850 
  70      DCACEC35 
  70      C700C2AC 
  71 012b 909178D4 		.ascii	"\220\221x\324\264\220b\213\303;\245W\027\005\374\247"
  71      B490628B 
  71      C33BA557 
  71      1705FCA7 
  72 013b 3D13D9AB 		.ascii	"=\023\331\253T6W\023\271\003{\303\332c\234\033\3436"
  72      54365713 
  72      B9037BC3 
  72      DA639C1B 
  72      E336
  73 014d 497A63F9 		.ascii	"Izc\371\303bR,\332(\357\240\310\275},\274\\\274\365"
  73      C362522C 
  73      DA28EFA0 
  73      C8BD7D2C 
  73      BC5CBCF5 
  74 0161 A234E6A5 		.ascii	"\2424\346\245g\245o\366j\240]\224\330\367a\324\\\224"
  74      67A56FF6 
  74      6AA05D94 
  74      D8F761D4 
  74      5C94
  75 0173 9166C4FC 		.ascii	"\221f\304\374\350r9)\".\373}\022\331\331V\206V\322\261"
  75      E8723929 
  75      222EFB7D 
  75      12D9D956 
  75      8656D2B1 
  76 0187 99A5F523 		.ascii	"\231\245\365#\0157\377+\377\364_\362s\277\345\347#\371"
ARM GAS  C:\Users\prana\AppData\Local\Temp\ccWKjONo.s 			page 5


  76      0D37FF2B 
  76      FFF45FF2 
  76      73BFE5E7 
  76      23F9
  77 0199 5F6FE461 		.ascii	"_o\344a\342YC\336\211\346\365\005~x\357\265\022\371"
  77      E25943DE 
  77      89E6F505 
  77      7E78EFB5 
  77      12F9
  78 01ab BF9F9FA8 		.ascii	"\277\237\237\250\363\314\010\317\221\343a{\264\201\341"
  78      F3CC08CF 
  78      91E3617B 
  78      B481E1
  79 01ba B0703E82 		.ascii	"\260p>\202Jlq\221)X\350x{\366Jv\360\362\265l\177\246"
  79      4A6C7191 
  79      2958E878 
  79      7BF64A76 
  79      F0F2B56C 
  80 01d0 7BE0FA60 		.ascii	"{\340\372`_\266\267\263{\340\354\251\3363\227\3323="
  80      5FB6B7B3 
  80      7BE0ECA9 
  80      DE3397DA 
  80      333D
  81 01e2 173ACE75 		.ascii	"\027:\316ue:;N\366\321\017!\375\345\273"
  81      653A3B4E 
  81      F6D10F21 
  81      FDE5BB
  82              		.text
  83              		.section	.gnu.lto_AUG_TIMER_RestoreConfig.b36a028c,"",%progbits
  84 0000 789C6361 		.ascii	"x\234ca`d\000\201\032 \326\000bi fdf`d\232p\216\201"
  84      60640081 
  84      1A20D600 
  84      62692066 
  84      64666064 
  85 0018 A1918389 		.ascii	"\241\221\203\211\221\021\304h\340`d\250gb\254g\374\312"
  85      9111C468 
  85      E06064A8 
  85      6762AC67 
  85      FCCA
  86 002a F49789F1 		.ascii	"\364\227\211\361P\373\263\235L\232\313\033\200\340A"
  86      50FBB39D 
  86      4C9ACB1B 
  86      80E041
  87 0039 EB3B8386 		.ascii	"\353;\203\206\025\007\030[\231\031\030\3763\201Mb`\\"
  87      1507185B 
  87      991918FE 
  87      33814D62 
  87      605C
  88 004b CEA8C900 		.ascii	"\316\250\311\000T\366h\343\277\251\274l- e\012\020I"
  88      54F668E3 
  88      BFA9BC6C 
  88      2D20650A 
  88      1049
  89 005d C6158C6C 		.ascii	"\306\025\214l \353\326\007\035h\370\377\277\271\341"
  89      20EBD607 
  89      1D68F8FF 
  89      BFB9E1
ARM GAS  C:\Users\prana\AppData\Local\Temp\ccWKjONo.s 			page 6


  90 006c C067B683 		.ascii	"\300g\266\203\337\330\2002\037\200\030d\317G&&\020\315"
  90      DFD88032 
  90      1F801864 
  90      CF472626 
  90      10CD
  91 007e FC8A9109 		.ascii	"\374\212\221\011\244\026l\334\007&F\220\030P\205\232"
  91      A4166CDC 
  91      07264690 
  91      1850859A 
  92 008e 7B6A5E6A 		.ascii	"{j^jQbIjJ|p~iQrjL@p\276\263I\214c\250{|\210\247\257"
  92      5162496A 
  92      4A7C707E 
  92      6951726A 
  92      4C4070BE 
  93 00ac 6B507C80 		.ascii	"kP|\200\257^2\003\000b\350;\007"
  93      AF5E3203 
  93      0062E83B 
  93      07
  94              		.text
  95              		.section	.gnu.lto_AUG_TIMER_Wakeup.b36a028c,"",%progbits
  96 0000 789C658F 		.ascii	"x\234e\217\277KBQ\024\307\317\271\367\351\023Q\350\017"
  96      BF4B4251 
  96      14C7CFB9 
  96      F7E91351 
  96      E80F
  97 0012 08698A1C 		.ascii	"\010i\212\034\312\006\377\201\210\220\006!47A\302\336"
  97      CA06FF81 
  97      88900621 
  97      343741C2 
  97      DE
  98 0023 9A2035BF 		.ascii	"\232 5\277\253\317G\271DKm\341\250\3754\267\236-/\011"
  98      ABCF47B9 
  98      444B6DE1 
  98      A8FD34B7 
  98      9E2D2F09 
  99 0037 5AA226A3 		.ascii	"Z\242&\243p\311\006\011q00\242A\355\334\347\320\320"
  99      70C90609 
  99      713030A2 
  99      41EDDCE7 
  99      D0D0
 100 0049 81CBB97C 		.ascii	"\201\313\271|\357\367\334\357\347(\200 +Am\216z\230"
 100      EFF7DCEF 
 100      E7288020 
 100      2B416D8E 
 100      7A98
 101 005b 0EBA00D9 		.ascii	"\016\272\000\331\301#@\316\303\030\257\007@x\225\347"
 101      C12340CE 
 101      C318AF07 
 101      407895E7 
 102 006b 10081F47 		.ascii	"\020\010\037Ge\"+\210\362\"<\010:\343\012\352\370\305"
 102      65222B88 
 102      F2223C08 
 102      3AE30AEA 
 102      F8C5
 103 007d 860C1BBB 		.ascii	"\206\014\033\273\035\213\005\313\202\352\315\374^\024"
 103      1D8B05CB 
 103      82EACDFC 
ARM GAS  C:\Users\prana\AppData\Local\Temp\ccWKjONo.s 			page 7


 103      5E14
 104 008b 151B4D0E 		.ascii	"\025\033M\0160fN\004`\031\203@\266\367\332\350\320\357"
 104      30664E04 
 104      60198340 
 104      B6F7DAE8 
 104      D0EF
 105 009d 2E48DBCC 		.ascii	".H\333\314\344\021+\350\226\034\325\230-\306cC\3307"
 105      E4112BE8 
 105      961CD598 
 105      2DC66343 
 105      D837
 106 00af EAED8BEA 		.ascii	"\352\355\213\352\342`r\222\373d\221q\237\214\311\316"
 106      E2607292 
 106      FB649171 
 106      9F8CC9CE 
 107 00bf 3B98AFD7 		.ascii	";\230\257\327\006mUN\031\234\323\217Gf\343I\0350\223"
 107      066D554E 
 107      199CD38F 
 107      4766E349 
 107      1D3093
 108 00d2 33940196 		.ascii	"3\224\001\226\325k\251\372P\354\0111EZ\221\030\244\334"
 108      D56BA9FA 
 108      50EC0931 
 108      455A9118 
 108      A4DC
 109 00e4 7D68DE79 		.ascii	"}h\336yKx\234\023\216\316\361\224\300Op\332y\334\277"
 109      4B789C13 
 109      8ECEF194 
 109      C04F70DA 
 109      79DCBF
 110 00f7 BE2A7A42 		.ascii	"\276*zB\363&ms\206%\0349\314x\216!hc\241e\004\376\302"
 110      F3266D73 
 110      86251C39 
 110      CC788E21 
 110      6863A165 
 111 010e AA3DEBC7 		.ascii	"\252=\353\307/\303\020\001/\3448H6\016\365\000\377@"
 111      2FC31001 
 111      2FE43848 
 111      360EF500 
 111      FF40
 112 0120 C36EDEFB 		.ascii	"\303n\336\373\244\371?\210kLx\200\227\250\323^ngHq\026"
 112      A4F93F88 
 112      6B4C7880 
 112      97A8D35E 
 112      6E674871 
 113 0135 EA62DE7E 		.ascii	"\352b\336~\2158C\262\372d#\231\010f#\332\226\226\335"
 113      8D3843B2 
 113      FA642399 
 113      086623DA 
 113      9696DD
 114 0148 D8D63653 		.ascii	"\330\3266S\361\314N6\255%\327\342\231\345pr)\021I\255"
 114      F1CC4E36 
 114      AD25D7E2 
 114      99E57072 
 114      291149AD 
 115 015c AF465762 		.ascii	"\257FWb\251\265\350B\032~\001\013\304\206\347"
 115      A9B5E842 
ARM GAS  C:\Users\prana\AppData\Local\Temp\ccWKjONo.s 			page 8


 115      1A7E010B 
 115      C486E7
 116              		.text
 117              		.section	.gnu.lto_.symbol_nodes.b36a028c,"",%progbits
 118 0000 789C558B 		.ascii	"x\234U\213\261\015\2000\014\004\317\261\235\001\230"
 118      B10D8030 
 118      0C04CFB1 
 118      9D0198
 119 000f 0076603D 		.ascii	"\000v`=\344\214\3000T\324\324\354\200\304\034\010\213"
 119      E48CC030 
 119      54D4D4EC 
 119      80C41C08 
 119      8B
 120 0020 8A7CF3BA 		.ascii	"\212|\363\272\323\277!,d\212\004\254'd\355mJQB:\341"
 120      D3BF212C 
 120      648A04AC 
 120      2764ED6D 
 120      4A51423A 
 121 0035 D006D0A2 		.ascii	"\320\006\320\242Q\372\245\205vB<\354\023\371hcr\015"
 121      51FAA585 
 121      76423CEC 
 121      13F96863 
 121      720D
 122 0047 FFB38A73 		.ascii	"\377\263\212s\\\217\250U\356m\346\005l\361\032\247"
 122      5C8FA855 
 122      EE6DE605 
 122      6CF11AA7 
 123              		.text
 124              		.section	.gnu.lto_.refs.b36a028c,"",%progbits
 125 0000 789C6361 		.ascii	"x\234ca`d\340c```bddbadbed\0012\031\000\002O\000."
 125      6064E063 
 125      60606062 
 125      64646261 
 125      64626564 
 126              		.text
 127              		.section	.gnu.lto_.decls.b36a028c,"",%progbits
 128 0000 789C8D93 		.ascii	"x\234\215\223]LTG\024\200\347\334\273\313\317\262\210"
 128      5D4C5447 
 128      1480E7DC 
 128      BBCBCFB2 
 128      88
 129 0011 11D3F2B0 		.ascii	"\021\323\362\260\017\324J\331\227\242@\037\372XJ,6\215"
 129      0FD44AD9 
 129      97A2401F 
 129      FA584A2C 
 129      368D
 130 0023 CD866531 		.ascii	"\315\206e1iL\010\320[k$,\301\305\304\267)`\213m\323"
 130      694C08D0 
 130      5B6B242C 
 130      C1C5C4B7 
 130      29608B6D 
 131 0038 4AAD282D 		.ascii	"J\255(-F\300\244\202\300\262\374\254\260\332\302\202"
 131      46C0A482 
 131      C0B2FCAC 
 131      B0DAC282 
 132 0048 02828AB0 		.ascii	"\002\202\212\260\010\211\325\026\354\226\032[\037\260"
 132      0889D516 
ARM GAS  C:\Users\prana\AppData\Local\Temp\ccWKjONo.s 			page 9


 132      EC961A5B 
 132      1FB0
 133 0056 A1564D71 		.ascii	"\241VMq{f\346\356\336k\013\255\223{\346\316\3179\337"
 133      7B66E6EE 
 133      DE6B0BAD 
 133      937BE6CE 
 133      CF39DF
 134 0069 3933E78C 		.ascii	"93\347\214\201\000a\355\235(B^\306\341V\224\0206#\256"
 134      810061ED 
 134      9D28425E 
 134      C6E15694 
 134      103623AE 
 135 007d E513ADE1 		.ascii	"\345\023\255\3416\351@\351D\351B\351A\361\242\364\241"
 135      36E940E9 
 135      44E942E9 
 135      41F1A2F4 
 135      A1
 136 008e 30C20879 		.ascii	"0\302\010y\272u\250\353a\006\250k\377l\214\027\253\352"
 136      BA75A8EB 
 136      6106A86B 
 136      FF6C8C17 
 136      ABEA
 137 00a0 A5A24CA3 		.ascii	"\245\242L\243L\241\004P.\240\014\240\314\240\264\253"
 137      4CA10450 
 137      2EA00CA0 
 137      CCA0B4AB 
 138 00b0 8C411449 		.ascii	"\214A\024I\265\363\256\341\273k\025\337]\253\370fg\210"
 138      B5F3AEE1 
 138      BB6B15DF 
 138      5DABF866 
 138      6788
 139 00c2 56F52CCF 		.ascii	"V\365,\317\340\263\347?\316\273\"A\350\204\273%\366"
 139      E0B3E73F 
 139      CEBB2241 
 139      E884BB25 
 139      F6
 140 00d3 26DC0009 		.ascii	"&\334\000\011\324K%\000\242\007.D\010\237\342@\342="
 140      D44B2500 
 140      A2072E44 
 140      089FE240 
 140      E23D
 141 00e5 892C457E 		.ascii	"\211,E~\204\365D\350\3635\015\306\277\360?\024n\034"
 141      84F544E8 
 141      F3350DC6 
 141      BFF03F14 
 141      6E1C
 142 00f7 A2D14135 		.ascii	"\242\321A5\202H\004\302J\354K\252\032\021pI3\320\361"
 142      824804C2 
 142      4AEC4BAA 
 142      1A117049 
 142      33D0F1
 143 010a 44B8BA98 		.ascii	"D\270\272\230\340\3513A\370\320c\263u\267\342ed\342"
 143      E0E93341 
 143      F8D063B3 
 143      75B7E265 
 143      64E2
 144 011c 78FE51CB 		.ascii	"x\376Q\313\033i\355\024\333aJ\245-\332\315\214\204\376"
ARM GAS  C:\Users\prana\AppData\Local\Temp\ccWKjONo.s 			page 10


 144      1B69ED14 
 144      DB614AA5 
 144      2DDACD8C 
 144      84FE
 145 012e F4272C4B 		.ascii	"\364',K\260\301\004\022N\003KWN\304\341t\243\011\326"
 145      B0C10412 
 145      4E034B57 
 145      4EC4E174 
 145      A309D6
 146 0141 E3F4B781 		.ascii	"\343\364\267\201\372P|R\035\263\243U4Y\202\374\347\240"
 146      FA507C52 
 146      1DB3A355 
 146      345982FC 
 146      E7A0
 147 0153 0D2C7006 		.ascii	"\015,p\0060)\320\016I\330\027\031\004\351X\337\303\271"
 147      3029D00E 
 147      49D81719 
 147      04E958DF 
 147      C3B9
 148 0165 844D8D74 		.ascii	"\204M\215t\311C\027j}\031\365\324_I\351\007\022\323"
 148      C943176A 
 148      7D19F5D4 
 148      5F49E907 
 148      12D3
 149 0177 821690A1 		.ascii	"\202\026\220\241\025\322Xt8d\277\323p\023\303\356\200"
 149      15D25874 
 149      3864BFD3 
 149      7013C3EE 
 149      80
 150 0188 4D6879E7 		.ascii	"Mhy\347\011=i\220sx\240\303A\317\244\001)\215\036\352"
 150      093D6990 
 150      7378A0C3 
 150      41CFA401 
 150      298D1EEA 
 151 019c 5F56E841 		.ascii	"_V\350Atl\340\010\267\206p\353\021\235\034\361\313\342"
 151      746CE008 
 151      B78670EB 
 151      119D1CF1 
 151      CBE2
 152 01ae 913F6479 		.ascii	"\221?dy'G\334u\177Ym\020\201\370\227F\315t\212\322\306"
 152      2747DC75 
 152      7F596D10 
 152      81F89746 
 152      CD748AD2 
 153 01c3 D738C3A3 		.ascii	"\3278\303\2431<zF\027g\374:\376\323|\264\354\344\214"
 153      313C7A46 
 153      1767FC3A 
 153      FED37CB4 
 153      ECE48C
 154 01d6 07C1C79F 		.ascii	"\007\301\307\237\231\3250\372\3078\203\012F\267\306"
 154      99D530FA 
 154      C738830A 
 154      46B7C6
 155 01e5 E8D6337A 		.ascii	"\350\3263z8#\344\363\375\0052\005\016\371z\256\343\206"
 155      3823E4F3 
 155      FD053205 
 155      0EF97AAE 
ARM GAS  C:\Users\prana\AppData\Local\Temp\ccWKjONo.s 			page 11


 155      E386
 156 01f7 8490054A 		.ascii	"\204\220\005J\027\006'*\252O}\350\267\361[\203^\015"
 156      1706272A 
 156      AA4F7DE8 
 156      B7F15B83 
 156      5E0D
 157 0209 D2CB2138 		.ascii	"\322\313!8\360r@\323d\325b\214\334#\000\227\357\317"
 157      F07240D3 
 157      64D5628C 
 157      DC230097 
 157      EFCF
 158 021b 5E5701FE 		.ascii	"^W\001\376\300\214\331o\343\306g5\343\263a\343>n\334"
 158      C08CD96F 
 158      E3C66735 
 158      E3B361E3 
 158      3E6EDC
 159 022e 5D33B41C 		.ascii	"]3\264\034/_\024\306\303u\267\256\233\345Y1\351<\370"
 159      2F5F14C6 
 159      C375B7AE 
 159      9BE55931 
 159      E93CF8
 160 0241 736B0CE6 		.ascii	"sk\014\346\325b\202\020\260\371=\337\243x1g\333\365"
 160      D5628210 
 160      B0F93DDF 
 160      A3783167 
 160      DBF5
 161 0253 B5C12771 		.ascii	"\265\301'q\362m\256+\315\004\333\356\032\300j\372\206"
 161      F26DAE2B 
 161      CD04DBEE 
 161      1AC06AFA 
 161      86
 162 0264 657DE1E4 		.ascii	"e}\341\344\347\216c\037a\315\300\000\230\340[\315\265"
 162      E78E631F 
 162      61CDC000 
 162      98E05BCD 
 162      B5
 163 0275 C5847D0D 		.ascii	"\305\204}\015\245\225t\251\231F%\021\310\264\300V\013"
 163      A59574A9 
 163      99462511 
 163      C8B4C056 
 163      0B
 164 0286 81EFC0CA 		.ascii	"\201\357\300\312\250L\013\316c\251\234\303RY\221\344"
 164      A84C0BCE 
 164      63A99CC3 
 164      525991E4 
 165 0296 A6AAB912 		.ascii	"\246\252\271\022\330\234hmf\026x\033)\015n,\251(N\365"
 165      D89C686D 
 165      6616781B 
 165      290D6E2C 
 165      A9284EF5 
 166 02aa 21D50F89 		.ascii	"!\325\017\211a\302\026V[\351\354\325\327\262\010\226"
 166      61C21656 
 166      5BE9ECD5 
 166      D7B20896 
 167 02ba B08C5889 		.ascii	"\260\214X\211\213]\3025\221\016C\350h\0206\363\363\363"
 167      8B5DC235 
 167      910E43E8 
ARM GAS  C:\Users\prana\AppData\Local\Temp\ccWKjONo.s 			page 12


 167      681036F3 
 167      F3F3
 168 02cc 50FD4714 		.ascii	"P\375G\024Jc\330>Q\203Tk\274\265\367\361\\\254|\210"
 168      4A63D83E 
 168      5183546B 
 168      BCB5F7F1 
 168      5CAC7C88 
 169 02e0 BF04E9F8 		.ascii	"\277\004\351\370\250;`\200D\353*l\270\210\310\265\361"
 169      A83B6080 
 169      44EB2A6C 
 169      B888C8B5 
 169      F1
 170 02f1 F5F1780B 		.ascii	"\365\361x\013\027p{X\273\005\346\214\3738\337\353uK"
 170      17707B58 
 170      BB05E68C 
 170      FB38DFEB 
 170      754B
 171 0303 29A7B0D4 		.ascii	")\247\260\324\260\372\275Y\313\2254\211\353\366\013"
 171      B0FABD59 
 171      CB953489 
 171      EBF60B
 172 0312 DD48F4FD 		.ascii	"\335H\364\375,c0\002)h3]\355i\220\305\3333\340\364\376"
 172      2C633002 
 172      2968335D 
 172      ED6990C5 
 172      DB33E0F4 
 173 0327 D5AF82EB 		.ascii	"\325\257\202\353\304\333K\306\351\017\227Z\333\330n"
 173      C4DB4BC6 
 173      E90F975A 
 173      DBD86E
 174 0336 2AA60C5B 		.ascii	"*\246\014[\202.k\251\"k\023\363\213\277\307\312M\342"
 174      822E6BA9 
 174      226B13F3 
 174      8BBFC7CA 
 174      4DE2
 175 0348 5C81FA7B 		.ascii	"\\\201\372{\363Q`\262\362\224\034\256\242\033\266\023"
 175      F35160B2 
 175      F2941CAE 
 175      A21BB613 
 176 0358 18C3FB1F 		.ascii	"\030\303\373\037\305\373\207+x\230T5)\343\270x\011\027"
 176      C5FB872B 
 176      78985435 
 176      29E3B878 
 176      0917
 177 036a C3E9CD17 		.ascii	"\303\351\315\027\351\275\214\211\230\320\016\226j\022"
 177      E9BD8C89 
 177      98D00E96 
 177      6A12
 178 0378 E73A74FB 		.ascii	"\347:t\373\350\367FS\015{\376\317\002E\213s?\322\006"
 178      E8F74653 
 178      0D7BFECF 
 178      02458B73 
 178      3FD206
 179 038b A3DC22A2 		.ascii	"\243\334\"\242\232\375\244\357\270\034\256%\377\312"
 179      9AFDA4EF 
 179      B81CAE25 
 179      FFCA
ARM GAS  C:\Users\prana\AppData\Local\Temp\ccWKjONo.s 			page 13


 180 0399 9DEDD5EC 		.ascii	"\235\355\325\354\302\247\320\327\244\346\353*\250\265"
 180      C2A7D0D7 
 180      A4E6EB2A 
 180      A8B5
 181 03a7 F46F1FD7 		.ascii	"\364o\037\327V\367\361\340\341\370\247f\363\307\221"
 181      56F7F1E0 
 181      E1F8A766 
 181      F3C791
 182 03b6 A37262D8 		.ascii	"\243rb\330\210\3004\230\371\253\300?*\237\031j\0361"
 182      88C03498 
 182      F9ABC03F 
 182      2A9F196A 
 182      1E31
 183 03c8 E995595E 		.ascii	"\351\225Y^4\345\200\252\034\340\312_\034\255:\035\255"
 183      34E580AA 
 183      1CE0CA5F 
 183      1CAD3A1D 
 183      AD
 184 03d9 57662F4E 		.ascii	"Wf/NS\236\001s8j\034\222\215Y\216\234\202\2747wl\313"
 184      539E0173 
 184      386A1C92 
 184      8D598E9C 
 184      82BC3777 
 185 03ef 2DB017EE 		.ascii	"-\260\027\356W\262\235\245\357\355\331\035\223\363\266"
 185      57B29DA5 
 185      EFEDD91D 
 185      93F3B6
 186 03fe 23393B3D 		.ascii	"#9;=\235\274\224\243\224*\345\205.\345\335\002\273\263"
 186      9DBC94A3 
 186      942AE585 
 186      2EE5DD02 
 186      BBB3
 187 0410 A2BC58D9 		.ascii	"\242\274X\331e\263;\263_\331\245\031\331v\244\025\223"
 187      65B33BB3 
 187      5FD9A519 
 187      D976A415 
 187      93
 188 0421 041DA444 		.ascii	"\004\035\244DQ\312\236\327\346\271\312>\227\263\\\345"
 188      51CA9ED7 
 188      E6B9CA3E 
 188      97B35CE5 
 189 0431 AED7D677 		.ascii	"\256\327\326w\026\356U*\312\326\351\014]\316\262\027"
 189      16EE552A 
 189      CAD6E90C 
 189      5DCEB217 
 190 0441 FFCF5DDA 		.ascii	"\377\317]\332\373D\307\330VZXT\242\350\026\212\012\213"
 190      FB44C7D8 
 190      565A5854 
 190      A2E8168A 
 190      0A8B
 191 0453 F75694C5 		.ascii	"\367V\224\305)|\335\356B\220\261bO\251\353\325\027\326"
 191      297CDDEE 
 191      4290B162 
 191      4FA9EBD5 
 191      17D6
 192 0465 E0161F70 		.ascii	"\340\026\037p\035(S\366!U\027\361\353Y\331o9l\005\366"
 192      1D2853F6 
ARM GAS  C:\Users\prana\AppData\Local\Temp\ccWKjONo.s 			page 14


 192      215517F1 
 192      EB59D96F 
 192      396C05F6 
 193 0479 BC5C4776 		.ascii	"\274\\Gv^\024\263\317\3140\226+\27333\376\006V\037@"
 193      5E14B3CF 
 193      CC30962B 
 193      BB3333FE 
 193      06561F40 
 194 048d ED       		.ascii	"\355"
 195              		.text
 196              		.section	.gnu.lto_.symtab.b36a028c,"",%progbits
 197 0000 4155475F 		.ascii	"AUG_TIMER_SaveConfig\000"
 197      54494D45 
 197      525F5361 
 197      7665436F 
 197      6E666967 
 198 0015 00       		.ascii	"\000"
 199 0016 00       		.ascii	"\000"
 200 0017 00       		.ascii	"\000"
 201 0018 00000000 		.ascii	"\000\000\000\000\000\000\000\000"
 201      00000000 
 202 0020 AD000000 		.ascii	"\255\000\000\000"
 203 0024 4155475F 		.ascii	"AUG_TIMER_Sleep\000"
 203      54494D45 
 203      525F536C 
 203      65657000 
 204 0034 00       		.ascii	"\000"
 205 0035 00       		.ascii	"\000"
 206 0036 00       		.ascii	"\000"
 207 0037 00000000 		.ascii	"\000\000\000\000\000\000\000\000"
 207      00000000 
 208 003f AF000000 		.ascii	"\257\000\000\000"
 209 0043 4155475F 		.ascii	"AUG_TIMER_RestoreConfig\000"
 209      54494D45 
 209      525F5265 
 209      73746F72 
 209      65436F6E 
 210 005b 00       		.ascii	"\000"
 211 005c 00       		.ascii	"\000"
 212 005d 00       		.ascii	"\000"
 213 005e 00000000 		.ascii	"\000\000\000\000\000\000\000\000"
 213      00000000 
 214 0066 B1000000 		.ascii	"\261\000\000\000"
 215 006a 4155475F 		.ascii	"AUG_TIMER_Wakeup\000"
 215      54494D45 
 215      525F5761 
 215      6B657570 
 215      00
 216 007b 00       		.ascii	"\000"
 217 007c 00       		.ascii	"\000"
 218 007d 00       		.ascii	"\000"
 219 007e 00000000 		.ascii	"\000\000\000\000\000\000\000\000"
 219      00000000 
 220 0086 B3000000 		.ascii	"\263\000\000\000"
 221 008a 4155475F 		.ascii	"AUG_TIMER_Stop\000"
 221      54494D45 
 221      525F5374 
ARM GAS  C:\Users\prana\AppData\Local\Temp\ccWKjONo.s 			page 15


 221      6F7000
 222 0099 00       		.ascii	"\000"
 223 009a 02       		.ascii	"\002"
 224 009b 00       		.ascii	"\000"
 225 009c 00000000 		.ascii	"\000\000\000\000\000\000\000\000"
 225      00000000 
 226 00a4 B5000000 		.ascii	"\265\000\000\000"
 227 00a8 4155475F 		.ascii	"AUG_TIMER_Enable\000"
 227      54494D45 
 227      525F456E 
 227      61626C65 
 227      00
 228 00b9 00       		.ascii	"\000"
 229 00ba 02       		.ascii	"\002"
 230 00bb 00       		.ascii	"\000"
 231 00bc 00000000 		.ascii	"\000\000\000\000\000\000\000\000"
 231      00000000 
 232 00c4 B7000000 		.ascii	"\267\000\000\000"
 233              		.text
 234              		.section	.gnu.lto_.opts,"",%progbits
 235 0000 272D666D 		.ascii	"'-fmath-errno' '-fsigned-zeros' '-ftrapping-math' '"
 235      6174682D 
 235      6572726E 
 235      6F272027 
 235      2D667369 
 236 0033 2D666E6F 		.ascii	"-fno-trapv' '-fno-openmp' '-fno-openacc' '-mcpu=cor"
 236      2D747261 
 236      70762720 
 236      272D666E 
 236      6F2D6F70 
 237 0066 7465782D 		.ascii	"tex-m0' '-mthumb' '-g' '-Os' '-Werror' '-ffunction-"
 237      6D302720 
 237      272D6D74 
 237      68756D62 
 237      2720272D 
 238 0099 73656374 		.ascii	"sections' '-ffat-lto-objects' '-finline-functions' "
 238      696F6E73 
 238      2720272D 
 238      66666174 
 238      2D6C746F 
 239 00cc 272D666C 		.ascii	"'-flto' '-fno-strict-aliasing'\000"
 239      746F2720 
 239      272D666E 
 239      6F2D7374 
 239      72696374 
 240              		.text
 241              		.cfi_sections	.debug_frame
 242              		.section	.text.AUG_TIMER_SaveConfig,"ax",%progbits
 243              		.align	1
 244              		.global	AUG_TIMER_SaveConfig
 245              		.code	16
 246              		.thumb_func
 247              		.type	AUG_TIMER_SaveConfig, %function
 248              	AUG_TIMER_SaveConfig:
 249              	.LFB5:
 250              		.cfi_startproc
 251              		@ args = 0, pretend = 0, frame = 0
ARM GAS  C:\Users\prana\AppData\Local\Temp\ccWKjONo.s 			page 16


 252              		@ frame_needed = 0, uses_anonymous_args = 0
 253              		@ link register save eliminated.
 254              		@ sp needed
 255 0000 7047     		bx	lr
 256              		.cfi_endproc
 257              	.LFE5:
 258              		.size	AUG_TIMER_SaveConfig, .-AUG_TIMER_SaveConfig
 259              		.section	.text.AUG_TIMER_Sleep,"ax",%progbits
 260              		.align	1
 261              		.global	AUG_TIMER_Sleep
 262              		.code	16
 263              		.thumb_func
 264              		.type	AUG_TIMER_Sleep, %function
 265              	AUG_TIMER_Sleep:
 266              	.LFB1:
 267              		.file 1 "Generated_Source\\PSoC4\\AUG_TIMER_PM.c"
   1:Generated_Source\PSoC4/AUG_TIMER_PM.c **** /*******************************************************************************
   2:Generated_Source\PSoC4/AUG_TIMER_PM.c **** * File Name: AUG_TIMER_PM.c
   3:Generated_Source\PSoC4/AUG_TIMER_PM.c **** * Version 2.10
   4:Generated_Source\PSoC4/AUG_TIMER_PM.c **** *
   5:Generated_Source\PSoC4/AUG_TIMER_PM.c **** * Description:
   6:Generated_Source\PSoC4/AUG_TIMER_PM.c **** *  This file contains the setup, control, and status commands to support
   7:Generated_Source\PSoC4/AUG_TIMER_PM.c **** *  the component operations in the low power mode.
   8:Generated_Source\PSoC4/AUG_TIMER_PM.c **** *
   9:Generated_Source\PSoC4/AUG_TIMER_PM.c **** * Note:
  10:Generated_Source\PSoC4/AUG_TIMER_PM.c **** *  None
  11:Generated_Source\PSoC4/AUG_TIMER_PM.c **** *
  12:Generated_Source\PSoC4/AUG_TIMER_PM.c **** ********************************************************************************
  13:Generated_Source\PSoC4/AUG_TIMER_PM.c **** * Copyright 2013-2015, Cypress Semiconductor Corporation.  All rights reserved.
  14:Generated_Source\PSoC4/AUG_TIMER_PM.c **** * You may use this file only in accordance with the license, terms, conditions,
  15:Generated_Source\PSoC4/AUG_TIMER_PM.c **** * disclaimers, and limitations in the end user license agreement accompanying
  16:Generated_Source\PSoC4/AUG_TIMER_PM.c **** * the software package with which this file was provided.
  17:Generated_Source\PSoC4/AUG_TIMER_PM.c **** *******************************************************************************/
  18:Generated_Source\PSoC4/AUG_TIMER_PM.c **** 
  19:Generated_Source\PSoC4/AUG_TIMER_PM.c **** #include "AUG_TIMER.h"
  20:Generated_Source\PSoC4/AUG_TIMER_PM.c **** 
  21:Generated_Source\PSoC4/AUG_TIMER_PM.c **** static AUG_TIMER_BACKUP_STRUCT AUG_TIMER_backup;
  22:Generated_Source\PSoC4/AUG_TIMER_PM.c **** 
  23:Generated_Source\PSoC4/AUG_TIMER_PM.c **** 
  24:Generated_Source\PSoC4/AUG_TIMER_PM.c **** /*******************************************************************************
  25:Generated_Source\PSoC4/AUG_TIMER_PM.c **** * Function Name: AUG_TIMER_SaveConfig
  26:Generated_Source\PSoC4/AUG_TIMER_PM.c **** ********************************************************************************
  27:Generated_Source\PSoC4/AUG_TIMER_PM.c **** *
  28:Generated_Source\PSoC4/AUG_TIMER_PM.c **** * Summary:
  29:Generated_Source\PSoC4/AUG_TIMER_PM.c **** *  All configuration registers are retention. Nothing to save here.
  30:Generated_Source\PSoC4/AUG_TIMER_PM.c **** *
  31:Generated_Source\PSoC4/AUG_TIMER_PM.c **** * Parameters:
  32:Generated_Source\PSoC4/AUG_TIMER_PM.c **** *  None
  33:Generated_Source\PSoC4/AUG_TIMER_PM.c **** *
  34:Generated_Source\PSoC4/AUG_TIMER_PM.c **** * Return:
  35:Generated_Source\PSoC4/AUG_TIMER_PM.c **** *  None
  36:Generated_Source\PSoC4/AUG_TIMER_PM.c **** *
  37:Generated_Source\PSoC4/AUG_TIMER_PM.c **** *******************************************************************************/
  38:Generated_Source\PSoC4/AUG_TIMER_PM.c **** void AUG_TIMER_SaveConfig(void)
  39:Generated_Source\PSoC4/AUG_TIMER_PM.c **** {
  40:Generated_Source\PSoC4/AUG_TIMER_PM.c **** 
  41:Generated_Source\PSoC4/AUG_TIMER_PM.c **** }
ARM GAS  C:\Users\prana\AppData\Local\Temp\ccWKjONo.s 			page 17


  42:Generated_Source\PSoC4/AUG_TIMER_PM.c **** 
  43:Generated_Source\PSoC4/AUG_TIMER_PM.c **** 
  44:Generated_Source\PSoC4/AUG_TIMER_PM.c **** /*******************************************************************************
  45:Generated_Source\PSoC4/AUG_TIMER_PM.c **** * Function Name: AUG_TIMER_Sleep
  46:Generated_Source\PSoC4/AUG_TIMER_PM.c **** ********************************************************************************
  47:Generated_Source\PSoC4/AUG_TIMER_PM.c **** *
  48:Generated_Source\PSoC4/AUG_TIMER_PM.c **** * Summary:
  49:Generated_Source\PSoC4/AUG_TIMER_PM.c **** *  Stops the component operation and saves the user configuration.
  50:Generated_Source\PSoC4/AUG_TIMER_PM.c **** *
  51:Generated_Source\PSoC4/AUG_TIMER_PM.c **** * Parameters:
  52:Generated_Source\PSoC4/AUG_TIMER_PM.c **** *  None
  53:Generated_Source\PSoC4/AUG_TIMER_PM.c **** *
  54:Generated_Source\PSoC4/AUG_TIMER_PM.c **** * Return:
  55:Generated_Source\PSoC4/AUG_TIMER_PM.c **** *  None
  56:Generated_Source\PSoC4/AUG_TIMER_PM.c **** *
  57:Generated_Source\PSoC4/AUG_TIMER_PM.c **** *******************************************************************************/
  58:Generated_Source\PSoC4/AUG_TIMER_PM.c **** void AUG_TIMER_Sleep(void)
  59:Generated_Source\PSoC4/AUG_TIMER_PM.c **** {
 268              		.loc 1 59 0
 269              		.cfi_startproc
 270              		@ args = 0, pretend = 0, frame = 0
 271              		@ frame_needed = 0, uses_anonymous_args = 0
  60:Generated_Source\PSoC4/AUG_TIMER_PM.c ****     if(0u != (AUG_TIMER_BLOCK_CONTROL_REG & AUG_TIMER_MASK))
 272              		.loc 1 60 0
 273 0000 0121     		movs	r1, #1
  59:Generated_Source\PSoC4/AUG_TIMER_PM.c ****     if(0u != (AUG_TIMER_BLOCK_CONTROL_REG & AUG_TIMER_MASK))
 274              		.loc 1 59 0
 275 0002 10B5     		push	{r4, lr}
 276              		.cfi_def_cfa_offset 8
 277              		.cfi_offset 4, -8
 278              		.cfi_offset 14, -4
 279              		.loc 1 60 0
 280 0004 054B     		ldr	r3, .L6
 281 0006 064A     		ldr	r2, .L6+4
 282 0008 1B68     		ldr	r3, [r3]
 283 000a 0B40     		ands	r3, r1
 284 000c 01D0     		beq	.L3
  61:Generated_Source\PSoC4/AUG_TIMER_PM.c ****     {
  62:Generated_Source\PSoC4/AUG_TIMER_PM.c ****         AUG_TIMER_backup.enableState = 1u;
 285              		.loc 1 62 0
 286 000e 1170     		strb	r1, [r2]
 287 0010 00E0     		b	.L4
 288              	.L3:
  63:Generated_Source\PSoC4/AUG_TIMER_PM.c ****     }
  64:Generated_Source\PSoC4/AUG_TIMER_PM.c ****     else
  65:Generated_Source\PSoC4/AUG_TIMER_PM.c ****     {
  66:Generated_Source\PSoC4/AUG_TIMER_PM.c ****         AUG_TIMER_backup.enableState = 0u;
 289              		.loc 1 66 0
 290 0012 1370     		strb	r3, [r2]
 291              	.L4:
  67:Generated_Source\PSoC4/AUG_TIMER_PM.c ****     }
  68:Generated_Source\PSoC4/AUG_TIMER_PM.c **** 
  69:Generated_Source\PSoC4/AUG_TIMER_PM.c ****     AUG_TIMER_Stop();
 292              		.loc 1 69 0
 293 0014 FFF7FEFF 		bl	AUG_TIMER_Stop
 294              	.LVL0:
  70:Generated_Source\PSoC4/AUG_TIMER_PM.c ****     AUG_TIMER_SaveConfig();
ARM GAS  C:\Users\prana\AppData\Local\Temp\ccWKjONo.s 			page 18


  71:Generated_Source\PSoC4/AUG_TIMER_PM.c **** }
 295              		.loc 1 71 0
 296              		@ sp needed
 297 0018 10BD     		pop	{r4, pc}
 298              	.L7:
 299 001a C046     		.align	2
 300              	.L6:
 301 001c 00000940 		.word	1074331648
 302 0020 00000000 		.word	.LANCHOR0
 303              		.cfi_endproc
 304              	.LFE1:
 305              		.size	AUG_TIMER_Sleep, .-AUG_TIMER_Sleep
 306              		.section	.text.AUG_TIMER_RestoreConfig,"ax",%progbits
 307              		.align	1
 308              		.global	AUG_TIMER_RestoreConfig
 309              		.code	16
 310              		.thumb_func
 311              		.type	AUG_TIMER_RestoreConfig, %function
 312              	AUG_TIMER_RestoreConfig:
 313              	.LFB2:
  72:Generated_Source\PSoC4/AUG_TIMER_PM.c **** 
  73:Generated_Source\PSoC4/AUG_TIMER_PM.c **** 
  74:Generated_Source\PSoC4/AUG_TIMER_PM.c **** /*******************************************************************************
  75:Generated_Source\PSoC4/AUG_TIMER_PM.c **** * Function Name: AUG_TIMER_RestoreConfig
  76:Generated_Source\PSoC4/AUG_TIMER_PM.c **** ********************************************************************************
  77:Generated_Source\PSoC4/AUG_TIMER_PM.c **** *
  78:Generated_Source\PSoC4/AUG_TIMER_PM.c **** * Summary:
  79:Generated_Source\PSoC4/AUG_TIMER_PM.c **** *  All configuration registers are retention. Nothing to restore here.
  80:Generated_Source\PSoC4/AUG_TIMER_PM.c **** *
  81:Generated_Source\PSoC4/AUG_TIMER_PM.c **** * Parameters:
  82:Generated_Source\PSoC4/AUG_TIMER_PM.c **** *  None
  83:Generated_Source\PSoC4/AUG_TIMER_PM.c **** *
  84:Generated_Source\PSoC4/AUG_TIMER_PM.c **** * Return:
  85:Generated_Source\PSoC4/AUG_TIMER_PM.c **** *  None
  86:Generated_Source\PSoC4/AUG_TIMER_PM.c **** *
  87:Generated_Source\PSoC4/AUG_TIMER_PM.c **** *******************************************************************************/
  88:Generated_Source\PSoC4/AUG_TIMER_PM.c **** void AUG_TIMER_RestoreConfig(void)
  89:Generated_Source\PSoC4/AUG_TIMER_PM.c **** {
 314              		.loc 1 89 0
 315              		.cfi_startproc
 316              		@ args = 0, pretend = 0, frame = 0
 317              		@ frame_needed = 0, uses_anonymous_args = 0
 318              		@ link register save eliminated.
  90:Generated_Source\PSoC4/AUG_TIMER_PM.c **** 
  91:Generated_Source\PSoC4/AUG_TIMER_PM.c **** }
 319              		.loc 1 91 0
 320              		@ sp needed
 321 0000 7047     		bx	lr
 322              		.cfi_endproc
 323              	.LFE2:
 324              		.size	AUG_TIMER_RestoreConfig, .-AUG_TIMER_RestoreConfig
 325              		.section	.text.AUG_TIMER_Wakeup,"ax",%progbits
 326              		.align	1
 327              		.global	AUG_TIMER_Wakeup
 328              		.code	16
 329              		.thumb_func
 330              		.type	AUG_TIMER_Wakeup, %function
ARM GAS  C:\Users\prana\AppData\Local\Temp\ccWKjONo.s 			page 19


 331              	AUG_TIMER_Wakeup:
 332              	.LFB3:
  92:Generated_Source\PSoC4/AUG_TIMER_PM.c **** 
  93:Generated_Source\PSoC4/AUG_TIMER_PM.c **** 
  94:Generated_Source\PSoC4/AUG_TIMER_PM.c **** /*******************************************************************************
  95:Generated_Source\PSoC4/AUG_TIMER_PM.c **** * Function Name: AUG_TIMER_Wakeup
  96:Generated_Source\PSoC4/AUG_TIMER_PM.c **** ********************************************************************************
  97:Generated_Source\PSoC4/AUG_TIMER_PM.c **** *
  98:Generated_Source\PSoC4/AUG_TIMER_PM.c **** * Summary:
  99:Generated_Source\PSoC4/AUG_TIMER_PM.c **** *  Restores the user configuration and restores the enable state.
 100:Generated_Source\PSoC4/AUG_TIMER_PM.c **** *
 101:Generated_Source\PSoC4/AUG_TIMER_PM.c **** * Parameters:
 102:Generated_Source\PSoC4/AUG_TIMER_PM.c **** *  None
 103:Generated_Source\PSoC4/AUG_TIMER_PM.c **** *
 104:Generated_Source\PSoC4/AUG_TIMER_PM.c **** * Return:
 105:Generated_Source\PSoC4/AUG_TIMER_PM.c **** *  None
 106:Generated_Source\PSoC4/AUG_TIMER_PM.c **** *
 107:Generated_Source\PSoC4/AUG_TIMER_PM.c **** *******************************************************************************/
 108:Generated_Source\PSoC4/AUG_TIMER_PM.c **** void AUG_TIMER_Wakeup(void)
 109:Generated_Source\PSoC4/AUG_TIMER_PM.c **** {
 333              		.loc 1 109 0
 334              		.cfi_startproc
 335              		@ args = 0, pretend = 0, frame = 0
 336              		@ frame_needed = 0, uses_anonymous_args = 0
 337 0000 10B5     		push	{r4, lr}
 338              		.cfi_def_cfa_offset 8
 339              		.cfi_offset 4, -8
 340              		.cfi_offset 14, -4
 110:Generated_Source\PSoC4/AUG_TIMER_PM.c ****     AUG_TIMER_RestoreConfig();
 111:Generated_Source\PSoC4/AUG_TIMER_PM.c **** 
 112:Generated_Source\PSoC4/AUG_TIMER_PM.c ****     if(0u != AUG_TIMER_backup.enableState)
 341              		.loc 1 112 0
 342 0002 034B     		ldr	r3, .L14
 343 0004 1B78     		ldrb	r3, [r3]
 344 0006 002B     		cmp	r3, #0
 345 0008 01D0     		beq	.L9
 113:Generated_Source\PSoC4/AUG_TIMER_PM.c ****     {
 114:Generated_Source\PSoC4/AUG_TIMER_PM.c ****         AUG_TIMER_Enable();
 346              		.loc 1 114 0
 347 000a FFF7FEFF 		bl	AUG_TIMER_Enable
 348              	.LVL1:
 349              	.L9:
 115:Generated_Source\PSoC4/AUG_TIMER_PM.c ****     }
 116:Generated_Source\PSoC4/AUG_TIMER_PM.c **** }
 350              		.loc 1 116 0
 351              		@ sp needed
 352 000e 10BD     		pop	{r4, pc}
 353              	.L15:
 354              		.align	2
 355              	.L14:
 356 0010 00000000 		.word	.LANCHOR0
 357              		.cfi_endproc
 358              	.LFE3:
 359              		.size	AUG_TIMER_Wakeup, .-AUG_TIMER_Wakeup
 360              		.bss
 361              		.set	.LANCHOR0,. + 0
 362              		.type	AUG_TIMER_backup, %object
ARM GAS  C:\Users\prana\AppData\Local\Temp\ccWKjONo.s 			page 20


 363              		.size	AUG_TIMER_backup, 1
 364              	AUG_TIMER_backup:
 365 0000 00       		.space	1
 366              		.text
 367              	.Letext0:
 368              		.file 2 "Generated_Source\\PSoC4\\cytypes.h"
 369              		.file 3 "Generated_Source\\PSoC4\\AUG_TIMER.h"
 370              		.section	.debug_info,"",%progbits
 371              	.Ldebug_info0:
 372 0000 5A010000 		.4byte	0x15a
 373 0004 0400     		.2byte	0x4
 374 0006 00000000 		.4byte	.Ldebug_abbrev0
 375 000a 04       		.byte	0x4
 376 000b 01       		.uleb128 0x1
 377 000c 92000000 		.4byte	.LASF24
 378 0010 0C       		.byte	0xc
 379 0011 2E000000 		.4byte	.LASF25
 380 0015 0C020000 		.4byte	.LASF26
 381 0019 00000000 		.4byte	.Ldebug_ranges0+0
 382 001d 00000000 		.4byte	0
 383 0021 00000000 		.4byte	.Ldebug_line0
 384 0025 02       		.uleb128 0x2
 385 0026 01       		.byte	0x1
 386 0027 06       		.byte	0x6
 387 0028 DF010000 		.4byte	.LASF0
 388 002c 02       		.uleb128 0x2
 389 002d 01       		.byte	0x1
 390 002e 08       		.byte	0x8
 391 002f 8B010000 		.4byte	.LASF1
 392 0033 02       		.uleb128 0x2
 393 0034 02       		.byte	0x2
 394 0035 05       		.byte	0x5
 395 0036 5D020000 		.4byte	.LASF2
 396 003a 02       		.uleb128 0x2
 397 003b 02       		.byte	0x2
 398 003c 07       		.byte	0x7
 399 003d CC010000 		.4byte	.LASF3
 400 0041 02       		.uleb128 0x2
 401 0042 04       		.byte	0x4
 402 0043 05       		.byte	0x5
 403 0044 9E010000 		.4byte	.LASF4
 404 0048 02       		.uleb128 0x2
 405 0049 04       		.byte	0x4
 406 004a 07       		.byte	0x7
 407 004b 69000000 		.4byte	.LASF5
 408 004f 02       		.uleb128 0x2
 409 0050 08       		.byte	0x8
 410 0051 05       		.byte	0x5
 411 0052 00000000 		.4byte	.LASF6
 412 0056 02       		.uleb128 0x2
 413 0057 08       		.byte	0x8
 414 0058 07       		.byte	0x7
 415 0059 7B000000 		.4byte	.LASF7
 416 005d 03       		.uleb128 0x3
 417 005e 04       		.byte	0x4
 418 005f 05       		.byte	0x5
 419 0060 696E7400 		.ascii	"int\000"
ARM GAS  C:\Users\prana\AppData\Local\Temp\ccWKjONo.s 			page 21


 420 0064 02       		.uleb128 0x2
 421 0065 04       		.byte	0x4
 422 0066 07       		.byte	0x7
 423 0067 21000000 		.4byte	.LASF8
 424 006b 04       		.uleb128 0x4
 425 006c 63000000 		.4byte	.LASF9
 426 0070 02       		.byte	0x2
 427 0071 D201     		.2byte	0x1d2
 428 0073 2C000000 		.4byte	0x2c
 429 0077 04       		.uleb128 0x4
 430 0078 0E000000 		.4byte	.LASF10
 431 007c 02       		.byte	0x2
 432 007d D401     		.2byte	0x1d4
 433 007f 48000000 		.4byte	0x48
 434 0083 02       		.uleb128 0x2
 435 0084 04       		.byte	0x4
 436 0085 04       		.byte	0x4
 437 0086 4E010000 		.4byte	.LASF11
 438 008a 02       		.uleb128 0x2
 439 008b 08       		.byte	0x8
 440 008c 04       		.byte	0x4
 441 008d AD010000 		.4byte	.LASF12
 442 0091 02       		.uleb128 0x2
 443 0092 01       		.byte	0x1
 444 0093 08       		.byte	0x8
 445 0094 99010000 		.4byte	.LASF13
 446 0098 04       		.uleb128 0x4
 447 0099 A7010000 		.4byte	.LASF14
 448 009d 02       		.byte	0x2
 449 009e 7E02     		.2byte	0x27e
 450 00a0 A4000000 		.4byte	0xa4
 451 00a4 05       		.uleb128 0x5
 452 00a5 77000000 		.4byte	0x77
 453 00a9 02       		.uleb128 0x2
 454 00aa 08       		.byte	0x8
 455 00ab 04       		.byte	0x4
 456 00ac 51020000 		.4byte	.LASF15
 457 00b0 02       		.uleb128 0x2
 458 00b1 04       		.byte	0x4
 459 00b2 07       		.byte	0x7
 460 00b3 7F020000 		.4byte	.LASF16
 461 00b7 06       		.uleb128 0x6
 462 00b8 01       		.byte	0x1
 463 00b9 03       		.byte	0x3
 464 00ba 21       		.byte	0x21
 465 00bb CC000000 		.4byte	0xcc
 466 00bf 07       		.uleb128 0x7
 467 00c0 15000000 		.4byte	.LASF27
 468 00c4 03       		.byte	0x3
 469 00c5 23       		.byte	0x23
 470 00c6 6B000000 		.4byte	0x6b
 471 00ca 00       		.byte	0
 472 00cb 00       		.byte	0
 473 00cc 08       		.uleb128 0x8
 474 00cd 67020000 		.4byte	.LASF17
 475 00d1 03       		.byte	0x3
 476 00d2 24       		.byte	0x24
ARM GAS  C:\Users\prana\AppData\Local\Temp\ccWKjONo.s 			page 22


 477 00d3 B7000000 		.4byte	0xb7
 478 00d7 09       		.uleb128 0x9
 479 00d8 65010000 		.4byte	.LASF18
 480 00dc 01       		.byte	0x1
 481 00dd 26       		.byte	0x26
 482 00de 01       		.byte	0x1
 483 00df 09       		.uleb128 0x9
 484 00e0 B4010000 		.4byte	.LASF19
 485 00e4 01       		.byte	0x1
 486 00e5 58       		.byte	0x58
 487 00e6 01       		.byte	0x1
 488 00e7 0A       		.uleb128 0xa
 489 00e8 FC010000 		.4byte	.LASF20
 490 00ec 01       		.byte	0x1
 491 00ed 3A       		.byte	0x3a
 492 00ee 00000000 		.4byte	.LFB1
 493 00f2 24000000 		.4byte	.LFE1-.LFB1
 494 00f6 01       		.uleb128 0x1
 495 00f7 9C       		.byte	0x9c
 496 00f8 06010000 		.4byte	0x106
 497 00fc 0B       		.uleb128 0xb
 498 00fd 18000000 		.4byte	.LVL0
 499 0101 45010000 		.4byte	0x145
 500 0105 00       		.byte	0
 501 0106 0C       		.uleb128 0xc
 502 0107 DF000000 		.4byte	0xdf
 503 010b 00000000 		.4byte	.LFB2
 504 010f 02000000 		.4byte	.LFE2-.LFB2
 505 0113 01       		.uleb128 0x1
 506 0114 9C       		.byte	0x9c
 507 0115 0A       		.uleb128 0xa
 508 0116 7A010000 		.4byte	.LASF21
 509 011a 01       		.byte	0x1
 510 011b 6C       		.byte	0x6c
 511 011c 00000000 		.4byte	.LFB3
 512 0120 14000000 		.4byte	.LFE3-.LFB3
 513 0124 01       		.uleb128 0x1
 514 0125 9C       		.byte	0x9c
 515 0126 34010000 		.4byte	0x134
 516 012a 0B       		.uleb128 0xb
 517 012b 0E000000 		.4byte	.LVL1
 518 012f 51010000 		.4byte	0x151
 519 0133 00       		.byte	0
 520 0134 0D       		.uleb128 0xd
 521 0135 54010000 		.4byte	.LASF28
 522 0139 01       		.byte	0x1
 523 013a 15       		.byte	0x15
 524 013b CC000000 		.4byte	0xcc
 525 013f 05       		.uleb128 0x5
 526 0140 03       		.byte	0x3
 527 0141 00000000 		.4byte	AUG_TIMER_backup
 528 0145 0E       		.uleb128 0xe
 529 0146 54000000 		.4byte	.LASF22
 530 014a 54000000 		.4byte	.LASF22
 531 014e 03       		.byte	0x3
 532 014f 3301     		.2byte	0x133
 533 0151 0E       		.uleb128 0xe
ARM GAS  C:\Users\prana\AppData\Local\Temp\ccWKjONo.s 			page 23


 534 0152 EB010000 		.4byte	.LASF23
 535 0156 EB010000 		.4byte	.LASF23
 536 015a 03       		.byte	0x3
 537 015b 3101     		.2byte	0x131
 538 015d 00       		.byte	0
 539              		.section	.debug_abbrev,"",%progbits
 540              	.Ldebug_abbrev0:
 541 0000 01       		.uleb128 0x1
 542 0001 11       		.uleb128 0x11
 543 0002 01       		.byte	0x1
 544 0003 25       		.uleb128 0x25
 545 0004 0E       		.uleb128 0xe
 546 0005 13       		.uleb128 0x13
 547 0006 0B       		.uleb128 0xb
 548 0007 03       		.uleb128 0x3
 549 0008 0E       		.uleb128 0xe
 550 0009 1B       		.uleb128 0x1b
 551 000a 0E       		.uleb128 0xe
 552 000b 55       		.uleb128 0x55
 553 000c 17       		.uleb128 0x17
 554 000d 11       		.uleb128 0x11
 555 000e 01       		.uleb128 0x1
 556 000f 10       		.uleb128 0x10
 557 0010 17       		.uleb128 0x17
 558 0011 00       		.byte	0
 559 0012 00       		.byte	0
 560 0013 02       		.uleb128 0x2
 561 0014 24       		.uleb128 0x24
 562 0015 00       		.byte	0
 563 0016 0B       		.uleb128 0xb
 564 0017 0B       		.uleb128 0xb
 565 0018 3E       		.uleb128 0x3e
 566 0019 0B       		.uleb128 0xb
 567 001a 03       		.uleb128 0x3
 568 001b 0E       		.uleb128 0xe
 569 001c 00       		.byte	0
 570 001d 00       		.byte	0
 571 001e 03       		.uleb128 0x3
 572 001f 24       		.uleb128 0x24
 573 0020 00       		.byte	0
 574 0021 0B       		.uleb128 0xb
 575 0022 0B       		.uleb128 0xb
 576 0023 3E       		.uleb128 0x3e
 577 0024 0B       		.uleb128 0xb
 578 0025 03       		.uleb128 0x3
 579 0026 08       		.uleb128 0x8
 580 0027 00       		.byte	0
 581 0028 00       		.byte	0
 582 0029 04       		.uleb128 0x4
 583 002a 16       		.uleb128 0x16
 584 002b 00       		.byte	0
 585 002c 03       		.uleb128 0x3
 586 002d 0E       		.uleb128 0xe
 587 002e 3A       		.uleb128 0x3a
 588 002f 0B       		.uleb128 0xb
 589 0030 3B       		.uleb128 0x3b
 590 0031 05       		.uleb128 0x5
ARM GAS  C:\Users\prana\AppData\Local\Temp\ccWKjONo.s 			page 24


 591 0032 49       		.uleb128 0x49
 592 0033 13       		.uleb128 0x13
 593 0034 00       		.byte	0
 594 0035 00       		.byte	0
 595 0036 05       		.uleb128 0x5
 596 0037 35       		.uleb128 0x35
 597 0038 00       		.byte	0
 598 0039 49       		.uleb128 0x49
 599 003a 13       		.uleb128 0x13
 600 003b 00       		.byte	0
 601 003c 00       		.byte	0
 602 003d 06       		.uleb128 0x6
 603 003e 13       		.uleb128 0x13
 604 003f 01       		.byte	0x1
 605 0040 0B       		.uleb128 0xb
 606 0041 0B       		.uleb128 0xb
 607 0042 3A       		.uleb128 0x3a
 608 0043 0B       		.uleb128 0xb
 609 0044 3B       		.uleb128 0x3b
 610 0045 0B       		.uleb128 0xb
 611 0046 01       		.uleb128 0x1
 612 0047 13       		.uleb128 0x13
 613 0048 00       		.byte	0
 614 0049 00       		.byte	0
 615 004a 07       		.uleb128 0x7
 616 004b 0D       		.uleb128 0xd
 617 004c 00       		.byte	0
 618 004d 03       		.uleb128 0x3
 619 004e 0E       		.uleb128 0xe
 620 004f 3A       		.uleb128 0x3a
 621 0050 0B       		.uleb128 0xb
 622 0051 3B       		.uleb128 0x3b
 623 0052 0B       		.uleb128 0xb
 624 0053 49       		.uleb128 0x49
 625 0054 13       		.uleb128 0x13
 626 0055 38       		.uleb128 0x38
 627 0056 0B       		.uleb128 0xb
 628 0057 00       		.byte	0
 629 0058 00       		.byte	0
 630 0059 08       		.uleb128 0x8
 631 005a 16       		.uleb128 0x16
 632 005b 00       		.byte	0
 633 005c 03       		.uleb128 0x3
 634 005d 0E       		.uleb128 0xe
 635 005e 3A       		.uleb128 0x3a
 636 005f 0B       		.uleb128 0xb
 637 0060 3B       		.uleb128 0x3b
 638 0061 0B       		.uleb128 0xb
 639 0062 49       		.uleb128 0x49
 640 0063 13       		.uleb128 0x13
 641 0064 00       		.byte	0
 642 0065 00       		.byte	0
 643 0066 09       		.uleb128 0x9
 644 0067 2E       		.uleb128 0x2e
 645 0068 00       		.byte	0
 646 0069 3F       		.uleb128 0x3f
 647 006a 19       		.uleb128 0x19
ARM GAS  C:\Users\prana\AppData\Local\Temp\ccWKjONo.s 			page 25


 648 006b 03       		.uleb128 0x3
 649 006c 0E       		.uleb128 0xe
 650 006d 3A       		.uleb128 0x3a
 651 006e 0B       		.uleb128 0xb
 652 006f 3B       		.uleb128 0x3b
 653 0070 0B       		.uleb128 0xb
 654 0071 27       		.uleb128 0x27
 655 0072 19       		.uleb128 0x19
 656 0073 20       		.uleb128 0x20
 657 0074 0B       		.uleb128 0xb
 658 0075 00       		.byte	0
 659 0076 00       		.byte	0
 660 0077 0A       		.uleb128 0xa
 661 0078 2E       		.uleb128 0x2e
 662 0079 01       		.byte	0x1
 663 007a 3F       		.uleb128 0x3f
 664 007b 19       		.uleb128 0x19
 665 007c 03       		.uleb128 0x3
 666 007d 0E       		.uleb128 0xe
 667 007e 3A       		.uleb128 0x3a
 668 007f 0B       		.uleb128 0xb
 669 0080 3B       		.uleb128 0x3b
 670 0081 0B       		.uleb128 0xb
 671 0082 27       		.uleb128 0x27
 672 0083 19       		.uleb128 0x19
 673 0084 11       		.uleb128 0x11
 674 0085 01       		.uleb128 0x1
 675 0086 12       		.uleb128 0x12
 676 0087 06       		.uleb128 0x6
 677 0088 40       		.uleb128 0x40
 678 0089 18       		.uleb128 0x18
 679 008a 9742     		.uleb128 0x2117
 680 008c 19       		.uleb128 0x19
 681 008d 01       		.uleb128 0x1
 682 008e 13       		.uleb128 0x13
 683 008f 00       		.byte	0
 684 0090 00       		.byte	0
 685 0091 0B       		.uleb128 0xb
 686 0092 898201   		.uleb128 0x4109
 687 0095 00       		.byte	0
 688 0096 11       		.uleb128 0x11
 689 0097 01       		.uleb128 0x1
 690 0098 31       		.uleb128 0x31
 691 0099 13       		.uleb128 0x13
 692 009a 00       		.byte	0
 693 009b 00       		.byte	0
 694 009c 0C       		.uleb128 0xc
 695 009d 2E       		.uleb128 0x2e
 696 009e 00       		.byte	0
 697 009f 31       		.uleb128 0x31
 698 00a0 13       		.uleb128 0x13
 699 00a1 11       		.uleb128 0x11
 700 00a2 01       		.uleb128 0x1
 701 00a3 12       		.uleb128 0x12
 702 00a4 06       		.uleb128 0x6
 703 00a5 40       		.uleb128 0x40
 704 00a6 18       		.uleb128 0x18
ARM GAS  C:\Users\prana\AppData\Local\Temp\ccWKjONo.s 			page 26


 705 00a7 9742     		.uleb128 0x2117
 706 00a9 19       		.uleb128 0x19
 707 00aa 00       		.byte	0
 708 00ab 00       		.byte	0
 709 00ac 0D       		.uleb128 0xd
 710 00ad 34       		.uleb128 0x34
 711 00ae 00       		.byte	0
 712 00af 03       		.uleb128 0x3
 713 00b0 0E       		.uleb128 0xe
 714 00b1 3A       		.uleb128 0x3a
 715 00b2 0B       		.uleb128 0xb
 716 00b3 3B       		.uleb128 0x3b
 717 00b4 0B       		.uleb128 0xb
 718 00b5 49       		.uleb128 0x49
 719 00b6 13       		.uleb128 0x13
 720 00b7 02       		.uleb128 0x2
 721 00b8 18       		.uleb128 0x18
 722 00b9 00       		.byte	0
 723 00ba 00       		.byte	0
 724 00bb 0E       		.uleb128 0xe
 725 00bc 2E       		.uleb128 0x2e
 726 00bd 00       		.byte	0
 727 00be 3F       		.uleb128 0x3f
 728 00bf 19       		.uleb128 0x19
 729 00c0 3C       		.uleb128 0x3c
 730 00c1 19       		.uleb128 0x19
 731 00c2 6E       		.uleb128 0x6e
 732 00c3 0E       		.uleb128 0xe
 733 00c4 03       		.uleb128 0x3
 734 00c5 0E       		.uleb128 0xe
 735 00c6 3A       		.uleb128 0x3a
 736 00c7 0B       		.uleb128 0xb
 737 00c8 3B       		.uleb128 0x3b
 738 00c9 05       		.uleb128 0x5
 739 00ca 00       		.byte	0
 740 00cb 00       		.byte	0
 741 00cc 00       		.byte	0
 742              		.section	.debug_aranges,"",%progbits
 743 0000 2C000000 		.4byte	0x2c
 744 0004 0200     		.2byte	0x2
 745 0006 00000000 		.4byte	.Ldebug_info0
 746 000a 04       		.byte	0x4
 747 000b 00       		.byte	0
 748 000c 0000     		.2byte	0
 749 000e 0000     		.2byte	0
 750 0010 00000000 		.4byte	.LFB1
 751 0014 24000000 		.4byte	.LFE1-.LFB1
 752 0018 00000000 		.4byte	.LFB2
 753 001c 02000000 		.4byte	.LFE2-.LFB2
 754 0020 00000000 		.4byte	.LFB3
 755 0024 14000000 		.4byte	.LFE3-.LFB3
 756 0028 00000000 		.4byte	0
 757 002c 00000000 		.4byte	0
 758              		.section	.debug_ranges,"",%progbits
 759              	.Ldebug_ranges0:
 760 0000 00000000 		.4byte	.LFB1
 761 0004 24000000 		.4byte	.LFE1
ARM GAS  C:\Users\prana\AppData\Local\Temp\ccWKjONo.s 			page 27


 762 0008 00000000 		.4byte	.LFB2
 763 000c 02000000 		.4byte	.LFE2
 764 0010 00000000 		.4byte	.LFB3
 765 0014 14000000 		.4byte	.LFE3
 766 0018 00000000 		.4byte	0
 767 001c 00000000 		.4byte	0
 768              		.section	.debug_line,"",%progbits
 769              	.Ldebug_line0:
 770 0000 98000000 		.section	.debug_str,"MS",%progbits,1
 770      02005800 
 770      00000201 
 770      FB0E0D00 
 770      01010101 
 771              	.LASF6:
 772 0000 6C6F6E67 		.ascii	"long long int\000"
 772      206C6F6E 
 772      6720696E 
 772      7400
 773              	.LASF10:
 774 000e 75696E74 		.ascii	"uint32\000"
 774      333200
 775              	.LASF27:
 776 0015 656E6162 		.ascii	"enableState\000"
 776      6C655374 
 776      61746500 
 777              	.LASF8:
 778 0021 756E7369 		.ascii	"unsigned int\000"
 778      676E6564 
 778      20696E74 
 778      00
 779              	.LASF25:
 780 002e 47656E65 		.ascii	"Generated_Source\\PSoC4\\AUG_TIMER_PM.c\000"
 780      72617465 
 780      645F536F 
 780      75726365 
 780      5C50536F 
 781              	.LASF22:
 782 0054 4155475F 		.ascii	"AUG_TIMER_Stop\000"
 782      54494D45 
 782      525F5374 
 782      6F7000
 783              	.LASF9:
 784 0063 75696E74 		.ascii	"uint8\000"
 784      3800
 785              	.LASF5:
 786 0069 6C6F6E67 		.ascii	"long unsigned int\000"
 786      20756E73 
 786      69676E65 
 786      6420696E 
 786      7400
 787              	.LASF7:
 788 007b 6C6F6E67 		.ascii	"long long unsigned int\000"
 788      206C6F6E 
 788      6720756E 
 788      7369676E 
 788      65642069 
 789              	.LASF24:
ARM GAS  C:\Users\prana\AppData\Local\Temp\ccWKjONo.s 			page 28


 790 0092 474E5520 		.ascii	"GNU C11 5.4.1 20160609 (release) [ARM/embedded-5-br"
 790      43313120 
 790      352E342E 
 790      31203230 
 790      31363036 
 791 00c5 616E6368 		.ascii	"anch revision 237715] -mcpu=cortex-m0 -mthumb -g -O"
 791      20726576 
 791      6973696F 
 791      6E203233 
 791      37373135 
 792 00f8 73202D66 		.ascii	"s -ffunction-sections -ffat-lto-objects -finline-fu"
 792      66756E63 
 792      74696F6E 
 792      2D736563 
 792      74696F6E 
 793 012b 6E637469 		.ascii	"nctions -flto -fno-strict-aliasing\000"
 793      6F6E7320 
 793      2D666C74 
 793      6F202D66 
 793      6E6F2D73 
 794              	.LASF11:
 795 014e 666C6F61 		.ascii	"float\000"
 795      7400
 796              	.LASF28:
 797 0154 4155475F 		.ascii	"AUG_TIMER_backup\000"
 797      54494D45 
 797      525F6261 
 797      636B7570 
 797      00
 798              	.LASF18:
 799 0165 4155475F 		.ascii	"AUG_TIMER_SaveConfig\000"
 799      54494D45 
 799      525F5361 
 799      7665436F 
 799      6E666967 
 800              	.LASF21:
 801 017a 4155475F 		.ascii	"AUG_TIMER_Wakeup\000"
 801      54494D45 
 801      525F5761 
 801      6B657570 
 801      00
 802              	.LASF1:
 803 018b 756E7369 		.ascii	"unsigned char\000"
 803      676E6564 
 803      20636861 
 803      7200
 804              	.LASF13:
 805 0199 63686172 		.ascii	"char\000"
 805      00
 806              	.LASF4:
 807 019e 6C6F6E67 		.ascii	"long int\000"
 807      20696E74 
 807      00
 808              	.LASF14:
 809 01a7 72656733 		.ascii	"reg32\000"
 809      3200
 810              	.LASF12:
ARM GAS  C:\Users\prana\AppData\Local\Temp\ccWKjONo.s 			page 29


 811 01ad 646F7562 		.ascii	"double\000"
 811      6C6500
 812              	.LASF19:
 813 01b4 4155475F 		.ascii	"AUG_TIMER_RestoreConfig\000"
 813      54494D45 
 813      525F5265 
 813      73746F72 
 813      65436F6E 
 814              	.LASF3:
 815 01cc 73686F72 		.ascii	"short unsigned int\000"
 815      7420756E 
 815      7369676E 
 815      65642069 
 815      6E7400
 816              	.LASF0:
 817 01df 7369676E 		.ascii	"signed char\000"
 817      65642063 
 817      68617200 
 818              	.LASF23:
 819 01eb 4155475F 		.ascii	"AUG_TIMER_Enable\000"
 819      54494D45 
 819      525F456E 
 819      61626C65 
 819      00
 820              	.LASF20:
 821 01fc 4155475F 		.ascii	"AUG_TIMER_Sleep\000"
 821      54494D45 
 821      525F536C 
 821      65657000 
 822              	.LASF26:
 823 020c 443A5C56 		.ascii	"D:\\V-TE-PWR\\PDSS_SRC_SNK\\CYPD3171-24LQXQ_pb\\CYP"
 823      2D54452D 
 823      5057525C 
 823      50445353 
 823      5F535243 
 824 023b 44333137 		.ascii	"D3171-24LQXQ_pb.cydsn\000"
 824      312D3234 
 824      4C515851 
 824      5F70622E 
 824      63796473 
 825              	.LASF15:
 826 0251 6C6F6E67 		.ascii	"long double\000"
 826      20646F75 
 826      626C6500 
 827              	.LASF2:
 828 025d 73686F72 		.ascii	"short int\000"
 828      7420696E 
 828      7400
 829              	.LASF17:
 830 0267 4155475F 		.ascii	"AUG_TIMER_BACKUP_STRUCT\000"
 830      54494D45 
 830      525F4241 
 830      434B5550 
 830      5F535452 
 831              	.LASF16:
 832 027f 73697A65 		.ascii	"sizetype\000"
 832      74797065 
ARM GAS  C:\Users\prana\AppData\Local\Temp\ccWKjONo.s 			page 30


 832      00
 833              		.comm	__gnu_lto_v1,1,1
 834              		.ident	"GCC: (GNU Tools for ARM Embedded Processors) 5.4.1 20160609 (release) [ARM/embedded-5-bran
