ARM GAS  C:\Users\prana\AppData\Local\Temp\ccOLvP0V.s 			page 1


   1              		.syntax unified
   2              		.cpu cortex-m0
   3              		.fpu softvfp
   4              		.eabi_attribute 20, 1
   5              		.eabi_attribute 21, 1
   6              		.eabi_attribute 23, 3
   7              		.eabi_attribute 24, 1
   8              		.eabi_attribute 25, 1
   9              		.eabi_attribute 26, 1
  10              		.eabi_attribute 30, 4
  11              		.eabi_attribute 34, 0
  12              		.eabi_attribute 18, 4
  13              		.thumb
  14              		.syntax unified
  15              		.file	"battery_charging.c"
  16              		.text
  17              	.Ltext0:
  18              		.section	.gnu.lto_.profile.b36997d3,"",%progbits
  19 0000 789C6361 		.ascii	"x\234ca`\004B \000\000\0009\000\007"
  19      60044220 
  19      00000039 
  19      0007
  20              		.text
  21              		.section	.gnu.lto_.icf.b36997d3,"",%progbits
  22 0000 789C6361 		.ascii	"x\234ca`d\000\001\005\006\004`e\230\264}\361]fF0\311"
  22      60640001 
  22      05060460 
  22      6598B47D 
  22      F15D6646 
  23 0016 B4F7E1BB 		.ascii	"\264\367\341\273vV\346\326\356\337K\370Y\2665\235|\302"
  23      7656E6D6 
  23      EEDF4BF8 
  23      59B6359D 
  23      7CC2
  24 0028 C40000F1 		.ascii	"\304\000\000\361\313\016\212"
  24      CB0E8A
  25              		.text
  26              		.section	.gnu.lto_.jmpfuncs.b36997d3,"",%progbits
  27 0000 789C6361 		.ascii	"x\234ca`d\000\001&\006d\000\000\000\236\000\010"
  27      60640001 
  27      26066400 
  27      00009E00 
  27      08
  28              		.text
  29              		.section	.gnu.lto_.inline.b36997d3,"",%progbits
  30 0000 789C6361 		.ascii	"x\234ca`d\000\001&\006d\000\000\000\236\000\010"
  30      60640001 
  30      26066400 
  30      00009E00 
  30      08
  31              		.text
  32              		.section	.gnu.lto_.pureconst.b36997d3,"",%progbits
  33 0000 789C6361 		.ascii	"x\234ca`\004B \000\000\0009\000\007"
  33      60044220 
  33      00000039 
  33      0007
  34              		.text
ARM GAS  C:\Users\prana\AppData\Local\Temp\ccOLvP0V.s 			page 2


  35              		.section	.gnu.lto_.symbol_nodes.b36997d3,"",%progbits
  36 0000 789C6361 		.ascii	"x\234ca`d\320b\000\002VU\206F!\020\255\302\010\241\225"
  36      6064D062 
  36      00025655 
  36      86462110 
  36      ADC208A1 
  37 0015 9920B412 		.ascii	"\231 \264\0223\204Vd\001\323\014\000[E\003\341"
  37      33845664 
  37      01D30C00 
  37      5B4503E1 
  38              		.text
  39              		.section	.gnu.lto_.refs.b36997d3,"",%progbits
  40 0000 789C6361 		.ascii	"x\234ca`\004B \000\000\0009\000\007"
  40      60044220 
  40      00000039 
  40      0007
  41              		.text
  42              		.section	.gnu.lto_.decls.b36997d3,"",%progbits
  43 0000 789CBD19 		.ascii	"x\234\275\031iPSI:\375:$\020\002\270\2505SS\354\226"
  43      69505349 
  43      3AFD3A24 
  43      1002B8A8 
  43      355353EC 
  44 0015 5BC528FB 		.ascii	"[\305(\373c\034\035\235)k\377\354x\214\263n\355\014"
  44      631C1D9D 
  44      296BFFEC 
  44      788CB36E 
  44      ED0C
  45 0027 943AD6FE 		.ascii	"\224:\326\376\240*\223\301\230I\015G6y\270Z\265\265"
  45      A02A93C1 
  45      98490D47 
  45      3679B85A 
  45      B5B5
  46 0039 F504BC40 		.ascii	"\365\004\274@\024\004E\360B\274@P\001\345\026\211\027"
  46      140445F0 
  46      42BC4050 
  46      01E51689 
  46      17
  47 004a 8EA22078 		.ascii	"\216\242 x\200\"\012\242\250\010\014\227\"xd\277\356"
  47      80220AA2 
  47      A8080C97 
  47      227864BF 
  47      EE
  48 005b 7EC97B89 		.ascii	"~\311{\211\301\231\252\255\332\024\235\274\257\373\273"
  48      C199AAAD 
  48      DA149DBC 
  48      AFFBBB
  49 006a AFEE7E28 		.ascii	"\257\356~(\025HA>\235\037)\024O\261B1\007\236\355\360"
  49      1548413E 
  49      9D1F2914 
  49      4FB14231 
  49      079EEDF0 
  50 007e 21B3CB14 		.ascii	"!\263\313\024\256\037/\030E0\312a\374\033\020\376\003"
  50      AE1F2F18 
  50      4530CA61 
  50      FC1B10FE 
  50      03
ARM GAS  C:\Users\prana\AppData\Local\Temp\ccOLvP0V.s 			page 3


  51 008f 231EB9E2 		.ascii	"#\036\271\342\274\341\320\333\254\354'\010s\210<\337"
  51      BCE1D0DB 
  51      ACEC2708 
  51      73883CDF 
  52 009f 1FCD5D38 		.ascii	"\037\315]8\275@\200O\212 pA\022\322\361\265\017\363"
  52      BD40804F 
  52      8A207041 
  52      12D2F1B5 
  52      0FF3
  53 00b1 BC873914 		.ascii	"\274\2079\024\244AvD\340\236\212Q?\006\223\345\223\266"
  53      A4417644 
  53      E09E8A51 
  53      3F0693E5 
  53      93B6
  54 00c3 A1A34A3C 		.ascii	"\241\243J<\231<s\215'n_\360A!\232C\204M\273}xn\274 "
  54      993C738D 
  54      276E5FF0 
  54      41219A43 
  54      844DBB7D 
  55 00db 20741469 		.ascii	" t\024iP>\302(\027M\007\216@\007\337\033\004!N\350\317"
  55      503EC228 
  55      174D078E 
  55      4007DF1B 
  55      04214EE8 
  56 00f0 11541F2A 		.ascii	"\021T\037*\320\254 4#H\201\012P\010\341I\260\320\021"
  56      D0AC2034 
  56      2348810A 
  56      5008E149 
  56      B0D011
  57 0103 1484F250 		.ascii	"\024\204\362P\020\341\237\2677\367\274\037\316AT@o\372"
  57      10E19FB7 
  57      37F7BC1F 
  57      CE415440 
  57      6FFA
  58 0115 B30DD829 		.ascii	"\263\015\330)\240$)(_\020&\240B\020pL\022\000\362<K"
  58      A0242928 
  58      5F1026A0 
  58      4210704C 
  58      1200F23C 
  59 012a 38EE59C2 		.ascii	"8\356Y\3029{\327}\277\217\367\013\3319B{Z\032\277\253"
  59      397BD77D 
  59      BF8FF70B 
  59      D939427B 
  59      5A1ABFAB 
  60 013e F8AE20AC 		.ascii	"\370\256 \254c\\\0173\256\"\003\005\201\341\273\010"
  60      635C0F33 
  60      AE220305 
  60      81E1BB08 
  61 014e 7D0C64D9 		.ascii	"}\014d\331\005}\211>\270\230y\357\352\205\353;\324\370"
  61      057D893E 
  61      B89879EF 
  61      EA85EB3B 
  61      D4F8
  62 0160 3C05944F 		.ascii	"<\005\224O\217\357\333\256A>A\010d\240\220\365T\221"
  62      8FEFDBAE 
  62      413E4108 
  62      64A090F5 
ARM GAS  C:\Users\prana\AppData\Local\Temp\ccOLvP0V.s 			page 4


  62      5491
  63 0172 B8EC29C8 		.ascii	"\270\354)\310\251H\031(r\022\371\000\253\022@)\0055"
  63      A9481928 
  63      7212F900 
  63      AB124029 
  63      0535
  64 0184 B2046F3A 		.ascii	"\262\004o:\223%l \026\221\307C\216X(\010\210N\020\321"
  64      93256C20 
  64      1691C743 
  64      8E582808 
  64      884E10D1 
  65 0198 CEA0ECDE 		.ascii	"\316\240\354\336\376j\0043\235m\325C32\004\333\032%"
  65      FE6A0433 
  65      9D6DD543 
  65      333204DB 
  65      1A25
  66 01aa 452B76D3 		.ascii	"E+v\323\270\230j\\N5~\333x#A\205/3\215\033\023\012w"
  66      B8986A5C 
  66      4E357EDB 
  66      78234185 
  66      2F338D1B 
  67 01c1 610863A0 		.ascii	"a\010c\240\006)\001\034\270\232\325\351\017\340$\015"
  67      0629011C 
  67      B89AD5E9 
  67      0FE0240D 
  68 01d1 9A026053 		.ascii	"\232\002`S\377\225\335\276\014\234\000`Y\307\266\032"
  68      FF95DDBE 
  68      0C9C0060 
  68      59C7B61A 
  69 01e1 1F86DC42 		.ascii	"\037\206\334B\210_=I\277\215\030\254\0050\256\352vj"
  69      885F3D49 
  69      BF8D18AC 
  69      0530AEEA 
  69      766A
  70 01f3 00C36E27 		.ascii	"\000\303n'\313\327\273\366%h\331\3625\002?|u\264\322"
  70      CBD7BBF6 
  70      2568D9F2 
  70      35023F7C 
  70      75B4D2
  71 0206 9FC12A00 		.ascii	"\237\301*\000\253\312N\325z1\364\031\000\356i\275n\307"
  71      ABCA4ED5 
  71      7A31F419 
  71      00EE69BD 
  71      6EC7
  72 0218 B899A9B5 		.ascii	"\270\231\251\265s\250\355\251\017[\013\001\260x\350"
  72      73A8EDA9 
  72      0F5B0B01 
  72      B078E8
  73 0227 D651356E 		.ascii	"\326Q5ngk}\011\217\332E\245>\004\320\376\252r\310\013"
  73      676B7D09 
  73      8FDA45A5 
  73      3E04D0FE 
  73      AA72C80B 
  74 023b F7B1B596 		.ascii	"\367\261\265\226\327}\303\376X\300\024\270`\037\261"
  74      D77DC3FE 
  74      58C014B8 
  74      601FB1
ARM GAS  C:\Users\prana\AppData\Local\Temp\ccOLvP0V.s 			page 5


  75 024a 0530791C 		.ascii	"\0050y\034\200\311C\345\225\010ogk\007\307^\365\023"
  75      80C943E5 
  75      95086F67 
  75      6B07C75E 
  75      F513
  76 025c BBA7423A 		.ascii	"\273\247B:\333\261,\237\247\262|\256\251\273tH\213\017"
  76      DBB12C9F 
  76      A7B27CAE 
  76      A9BB7448 
  76      8B0F
  77 026e 5064AEE9 		.ascii	"Pd\256\351\354\2167\276H\023B\223I\210\0274!\012t\012"
  77      EC8E37BE 
  77      48134293 
  77      49881734 
  77      210A740A 
  78 0282 42760942 		.ascii	"Bv\011B\206\032 \212S\305t\272\002\223u0)f~\317\337"
  78      861A208A 
  78      53C574BA 
  78      02937530 
  78      29667ECF 
  79 0297 68E6D743 		.ascii	"h\346\327C\012]\225\022s\252\206\005\357tjk\227\006"
  79      0A5D9512 
  79      73AA8605 
  79      EF746A6B 
  79      9706
  80 02a9 1F67220E 		.ascii	"\037g\"\016t\012U\312\361D4\215+\242$ij\001\311\224"
  80      740A55CA 
  80      F144348D 
  80      2BA22469 
  80      6A01C994 
  81 02bd 4610714D 		.ascii	"F\020qM\022Q\217D\031}\245\373Ohq9\225\241nH\356\376"
  81      12518F44 
  81      197DA5FB 
  81      4F687139 
  81      95A16E48 
  82 02d3 1205074F 		.ascii	"\022\005\007O\014\016\016\011\316!r\332w\357Y\326\031"
  82      0C0E0E09 
  82      CE2172DA 
  82      77EF59D6 
  82      19
  83 02e4 BF4EB8F6 		.ascii	"\277N\270\366=ep\031\030\334B\023%\271\237\222\324\231"
  83      3D657019 
  83      18DC4213 
  83      25B99F92 
  83      D499
  84 02f6 499A0045 		.ascii	"I\232\000E\267\265n\366#)\206i\212\375,b\213\311Lq\201"
  84      B7B56EF6 
  84      23298669 
  84      8AFD2C62 
  84      8BC94C71 
  85 030b 129053C5 		.ascii	"\022\220S\305\224\025\020$\355Y`v\206LSd\222\223\267"
  85      94151024 
  85      ED596076 
  85      864C5364 
  85      9293B7
  86 031e C19A1B28 		.ascii	"\301\232\033(\030\335\204\321\002\243\031\306\035\024"
  86      18DD84D1 
ARM GAS  C:\Users\prana\AppData\Local\Temp\ccOLvP0V.s 			page 6


  86      02A319C6 
  86      1D14
  87 032c 4C739AC9 		.ascii	"Ls\232\311\271_\357\317\344\220\342\273\340AN\025\222"
  87      B95FEFCF 
  87      E490E2BB 
  87      E0414E15 
  87      92
  88 033d 946A932B 		.ascii	"\224j\223+u\321\003r-E\246\376\262\335\254\327\012P"
  88      75D10372 
  88      2D45A6FE 
  88      B2DDACD7 
  88      0A50
  89 034f 6380A210 		.ascii	"c\200\242\020}%I\035\2203\272\356\201\321y\312\010\274"
  89      7D25491D 
  89      9033BAEE 
  89      81D179CA 
  89      08BC
  90 0361 5A7932AF 		.ascii	"Zy2\257E\215o\261\310\355\034H\250\016@\023C<Z\215\332"
  90      458D6FB1 
  90      C8ED1C48 
  90      A80E4013 
  90      433C5A8D 
  91 0376 C0D8DF62 		.ascii	"\300\330\337b8So\250\036\021\365\356\002A\253\024M\242"
  91      38536FA8 
  91      1E11F5EE 
  91      0241AB14 
  91      4DA2
  92 0388 2D95EBA8 		.ascii	"-\225\353\250\230@V1\216b\015d\305z\354I\315.\015\253"
  92      98405631 
  92      8E620D64 
  92      C57AEC49 
  92      CD2E0DAB 
  93 039c 0B81E47B 		.ascii	"\013\201\344{Ey=\306OX\272\227W\367~\3060\203\210\376"
  93      45793DC6 
  93      4F58BA97 
  93      57F77EC6 
  93      308388FE 
  94 03b0 6D0336B1 		.ascii	"m\0036\261\202\332I/O(-\333\250\305/\030jcbmS\000\026"
  94      82DA492F 
  94      4F282DDB 
  94      A8C52F18 
  94      6A63626D 
  95 03c7 9414C86B 		.ascii	"\224\024\310k\032\315Qk6P\323\342\205\300\277\022\016"
  95      1ACD516B 
  95      3650D3E2 
  95      85C0BF12 
  95      0E
  96 03d8 E07C5449 		.ascii	"\340|TI#\332E\322\014|CM\005\354\261\007E\361Z\234\300"
  96      23DA45D2 
  96      0C7C434D 
  96      05ECB107 
  96      45F15A9C 
  97 03ed 482BE3F3 		.ascii	"H+\343\363\013\375\230\220?\000\330\366s^>)\270i\244"
  97      0BFD9890 
  97      3F00D8F6 
  97      735E3E29 
  97      B869A4
ARM GAS  C:\Users\prana\AppData\Local\Temp\ccOLvP0V.s 			page 7


  98 0400 E0ECF600 		.ascii	"\340\354\366\000Y\311Mc%\327\264e\360\200\032o\242\324"
  98      59C94D63 
  98      25D7B465 
  98      F0801A6F 
  98      A2D4
  99 0412 5C7EEAB3 		.ascii	"\\~\352\263&\331\036r@[A\322\274\027\362\341\231\344"
  99      26D91E72 
  99      405B41D2 
  99      BC17F2E1 
  99      99E4
 100 0424 9869CE0E 		.ascii	"\230i\316\016O\225S8UC=\340\352ib\305t\303\344Sq\027"
 100      4F955338 
 100      55433DE0 
 100      EA6962C5 
 100      74C3E453 
 101 043a 39909AA3 		.ascii	"9\220\232\243\302\031L\304\221c\015\265jG\311\2713\350"
 101      C2194CC4 
 101      91630DB5 
 101      6A47C9B9 
 101      33E8
 102 044c F7C0C051 		.ascii	"\367\300\300Qr\263i\311\375\002\272\364I\272\364:J\316"
 102      72B369C9 
 102      FD02BAF4 
 102      49BAF43A 
 102      4ACE
 103 045e D17526B1 		.ascii	"\321u&\261\256\223\332\223\3749\316\246\022q\374Xs\262"
 103      AE93DA93 
 103      FC39CEA6 
 103      1271FC58 
 103      73B2
 104 0470 17621B82 		.ascii	"\027b\033\202\206\366\370\031\3509\320\221\266O~\331"
 104      86F6F819 
 104      E839D091 
 104      B64F7ED9 
 105 0480 66156793 		.ascii	"f\025g\223\366\010\005\235W\240a \031b6\014\274\336"
 105      F608059D 
 105      57A06120 
 105      1962360C 
 105      BCDE
 106 0492 5D26B6C6 		.ascii	"]&\266\306I\000\276\351\277\366F\313@\015\200\255\251"
 106      4900BEE9 
 106      BFF646CB 
 106      400D80AD 
 106      A9
 107 04a3 DB1F635C 		.ascii	"\333\037c\\\300\344\331\222^\237QRa0\250\274~\273\032"
 107      C0E4D992 
 107      5E9F5152 
 107      6130A8BC 
 107      7EBB1A
 108 04b6 8D392409 		.ascii	"\2159$\011\3616\225\254\315(\350\212\002\275\002xT\334"
 108      F13695AC 
 108      CD28E88A 
 108      02BD0278 
 108      54DC
 109 04c8 8CC80C70 		.ascii	"\214\310\014p\315\335x\346\226\027.g\201\355\317\310"
 109      CDDD78E6 
 109      96172E67 
ARM GAS  C:\Users\prana\AppData\Local\Temp\ccOLvP0V.s 			page 8


 109      81EDCFC8 
 110 04d8 BBA2C2E7 		.ascii	"\273\242\302\347\031p>?\251Q\203\353)\240\036\350\331"
 110      19703E3F 
 110      A95183EB 
 110      29A01EE8 
 110      D9
 111 04e9 5BE885A0 		.ascii	"[\350\205\240\277\300G\254\007\322\000\2252\277\276"
 111      BFC047AC 
 111      07D20095 
 111      32BFBE
 112 04f8 058FD9C5 		.ascii	"\005\217\331\305zX\313\205@\246\006\24350\342a\304q"
 112      7A58CB85 
 112      40A606A3 
 112      3530E261 
 112      C471
 113 050a B226D0BE 		.ascii	"\262&\320\276\373\336\312\234\265\353lgUD\011\364F\244"
 113      FBDECA9C 
 113      B5EB6C67 
 113      554409F4 
 113      46A4
 114 051c 1B917A13 		.ascii	"\033\221z\023\215@\002\320\311:\324\335$\255\203\342"
 114      8D4002D0 
 114      C93AD4DD 
 114      24AD83E2 
 115 052c F57B2846 		.ascii	"\365{(Fd\375\243\277\316\227\220\200\237\321\240H2\200"
 115      64FDA3BF 
 115      CE979080 
 115      9FD1A048 
 115      3280
 116 053e 1C55EFA4 		.ascii	"\034U\357\244x\"\243\270'\011y\371\036!/\034$\244\260"
 116      7822A3B8 
 116      270979F9 
 116      1E212F1C 
 116      24A4B0
 117 0551 EBB84C61 		.ascii	"\353\270La\303\207(T\243\240\370N\177H-\226u\200\346"
 117      C3872854 
 117      A3A0F84E 
 117      7F482D96 
 117      7580E6
 118 0564 247FD201 		.ascii	"$\177\322\001\354\256\015\012\034}\257%i*\276\311\234"
 118      ECAE0D0A 
 118      1C7DAF25 
 118      692ABEC9 
 118      9C
 119 0575 DE5556DD 		.ascii	"\336UV\335\254\306m\014\350h<\367@\215\237\262\010l"
 119      ACC66D0C 
 119      E8683CF7 
 119      408D9FB2 
 119      086C
 120 0587 8FDF78D9 		.ascii	"\217\337x\331\217\365\370\340\020\246mM\322\344\035"
 120      8FF5F8E0 
 120      10A66D4D 
 120      D2E41D
 121 0596 42E2474E 		.ascii	"B\342GN\237$q\357\252\233\354\346\223&W\237\020\022"
 121      9F2471EF 
 121      AA9BECE6 
 121      9326579F 
ARM GAS  C:\Users\prana\AppData\Local\Temp\ccOLvP0V.s 			page 9


 121      1012
 122 05a8 379F243B 		.ascii	"7\237$;}\3429\316\0338FF\342\274\005\342\274\031\360"
 122      7DE239CE 
 122      1B384646 
 122      E2BC05E2 
 122      BC19F0
 123 05bb 37C2D804 		.ascii	"7\302\330\004#Q\036g\3335Wo\216\247\236\334\2337e\336"
 123      23511E67 
 123      DB35576F 
 123      8EA79EDC 
 123      9B3765DE 
 124 05cf 24F81EBC 		.ascii	"$\370\036\274\311xW\313l_\317\215\317\\\026\200\012"
 124      C97857CB 
 124      6C5FCF8D 
 124      CF5C1680 
 124      0A
 125 05e0 1600C074 		.ascii	"\026\000\300t\013@u\301\275\002/\334\317\234\276\277"
 125      0B4075C1 
 125      BD022FDC 
 125      CF9CBEBF 
 126 05f0 F6FE6515 		.ascii	"\366\376e\025\036c@\353\231\353\243\030\307y\021@\365"
 126      1E6340EB 
 126      99EBA318 
 126      C7791140 
 126      F5
 127 0601 28BE2A0F 		.ascii	"(\276*\017\" \013@\221L\211TP\"\335\203\022\333\235"
 127      22200B40 
 127      914C8954 
 127      5022DD83 
 127      12DB9D
 128 0614 01F0ECCE 		.ascii	"\001\360\354\316\255\"\035q\347\016pg\006\340\247\301"
 128      AD221D71 
 128      E70E7067 
 128      06E0A7C1 
 129 0624 D8E6E2CA 		.ascii	"\330\346\342\312b\327\260\245\277\033\266\355n\236,"
 129      62D7B0A5 
 129      BF1BB6ED 
 129      6E9E2C
 130 0633 917932FD 		.ascii	"\221y2\375}\236\334\353\346\311\361\214\220yr'\363d"
 130      7D9EDCEB 
 130      E6C9F18C 
 130      90797227 
 130      F364
 131 0645 FA3B9E4C 		.ascii	"\372;\236L\273\221\334\214q\022\365\027:\327t\025re"
 131      BB91DC8C 
 131      7112F517 
 131      3AD77415 
 131      7265
 132 0657 0B038632 		.ascii	"\013\003\2062\326n\364f\315\354\003\262\243\015\016"
 132      D66EF466 
 132      CDEC03B2 
 132      A30D0E
 133 0666 1F533190 		.ascii	"\037S1\220\354\027\345{\016\274T\343\014\206:\234\270"
 133      EC17E57B 
 133      0EBC54E3 
 133      0C863A9C 
 133      B8
ARM GAS  C:\Users\prana\AppData\Local\Temp\ccOLvP0V.s 			page 10


 134 0677 7604B335 		.ascii	"v\004\26355\200Icu\203J\234\315\326\016\237z\324\351"
 134      35804963 
 134      75834A9C 
 134      CDD60E9F 
 134      7AD4E9
 135 068a 8FF32880 		.ascii	"\217\363(\200S\272\322\263\264\264\003\302\237\330a"
 135      53BAD2B3 
 135      B4B403C2 
 135      9FD861
 136 0699 DBFF28EB 		.ascii	"\333\377(\353\260\3738\322\365r\270 \264\237c]\217\314"
 136      B0FB38D2 
 136      F572B820 
 136      B49F635D 
 136      8FCC
 137 06ab B076F917 		.ascii	"\260v\371\027\372\014,3\007\273G\224\270\210\262T\257"
 137      FA0C2C33 
 137      07BB4794 
 137      B888B254 
 137      AF
 138 06bc 7B644BF2 		.ascii	"{dK\362y\177\237;\000>:(\006,\037\002v\004|\223\013"
 138      797F9F3B 
 138      003E3A28 
 138      062C1F02 
 138      76047C93 
 139 06d1 E3108CC3 		.ascii	"\343\020\214\303.A{\22349\203x\026\256$\273E\242Y.1"
 139      2E417B93 
 139      34398378 
 139      16AE24BB 
 139      45A2592E 
 140 06e6 CB03925D 		.ascii	"\313\003\222]\234\024\212\267\256Q>\370n\224\011\305"
 140      9C148AB7 
 140      AE513EF8 
 140      6E9409C5 
 141 06f6 4E19C518 		.ascii	"N\031\305\030\243\000\011{\307\225\260\207\223\262\""
 141      A300097B 
 141      C795B087 
 141      93B222
 142 0705 AD5ECA8A 		.ascii	"\255^\312\212\203\357\313\212QQwp\022\312\026Y\003#"
 142      83EFCB8A 
 142      51517770 
 142      12CA1659 
 142      0323
 143 0717 77DEB2A4 		.ascii	"w\336\262\244x\316\222\342\240{R\250\237\225\344\366"
 143      78CE92E2 
 143      A07B52A8 
 143      9F95E4F6 
 144 0727 7288BA74 		.ascii	"r\210\272t\222X8\231I\001\231\202-\001S>\231\300\276"
 144      92583899 
 144      49019982 
 144      2D01533E 
 144      99C0BE
 145 073a 889B348E 		.ascii	"\210\2334\216.\264)`\206M\212|\335\257a\247m\026\261"
 145      2EB42960 
 145      864D8A7C 
 145      DDAF61A7 
 145      6D16B1
 146 074d 89CA59BF 		.ascii	"\211\312Y\277\206]\342\340M\322>\345\327\260\007\353"
ARM GAS  C:\Users\prana\AppData\Local\Temp\ccOLvP0V.s 			page 11


 146      865DE2E0 
 146      4DD23EE5 
 146      D7B007EB 
 147 075d B4428A9E 		.ascii	"\264B\212\236\366\371\307h\\\334\255\236\362FA\261I"
 147      F6F9C768 
 147      5CDCAD9E 
 147      F24641B1 
 147      49
 148 076e D21443D2 		.ascii	"\322\024C\322\024\200\357\216\3038\012\243\020\3061"
 148      1480EF8E 
 148      C3380AA3 
 148      10C631
 149 077d 4E7E58DC 		.ascii	"N~X\334VG\317\262@\340V_\035\265\225\223q9MU\256\260"
 149      5647CFB2 
 149      40E0565F 
 149      1DB59593 
 149      71394D55 
 150 0793 C2F6D81F 		.ascii	"\302\366\330\037\205Lb$\031\233\351\371\262\004d\234"
 150      854C6224 
 150      199BE9F9 
 150      B204649C 
 151 07a3 E09C4717 		.ascii	"\340\234G\027\302a\034}\320IP\343\267\250\004b\217\026"
 151      C2611C7D 
 151      D04950E3 
 151      B7A80462 
 151      8F16
 152 07b5 C7177281 		.ascii	"\307\027r\201)\3421\370K%\025\323\011\214\036P\303J"
 152      29E231F8 
 152      4B2515D3 
 152      098C1E50 
 152      C34A
 153 07c7 B940C791 		.ascii	"\271@\307\221\221\334\216[O"
 153      91DC8E5B 
 153      4F
 154 07d0 BD4E8078 		.ascii	"\275N\200x\207\004O\024\033\214\374\314\377\020\334"
 154      87044F14 
 154      1B8CFCCC 
 154      FF10DC
 155 07df 56C9B99E 		.ascii	"V\311\271\236\276\345\235\205\235\342+9\367S<\254\025"
 155      BEE59D85 
 155      9DE22B39 
 155      F7533CAC 
 155      15
 156 07f0 D54F5A43 		.ascii	"\325OZCC\005\362\320#\221\217C\013\371\355A:\257\203"
 156      4305F2D0 
 156      23918F43 
 156      0BF9ED41 
 156      3AAF83
 157 0803 BDED8070 		.ascii	"\275\355\200p\237\252Y)\026m9\030[\006\006VH\006nM<"
 157      9FAA5929 
 157      166D3918 
 157      5B060656 
 157      48066E4D 
 158 0818 B9190E3E 		.ascii	"\271\031\016>\314\261\211w\022\373\274]\216\37526\250"
 158      CCB18977 
 158      12FBBC5D 
 158      8EFD3236 
ARM GAS  C:\Users\prana\AppData\Local\Temp\ccOLvP0V.s 			page 12


 158      A8
 159 0829 1AA8C7E3 		.ascii	"\032\250\307\343\304l(a\2418E\312K\012\0051\211\312"
 159      C46C2861 
 159      A13845CA 
 159      4B0A0531 
 159      89CA
 160 083b 72DCBC03 		.ascii	"r\334\274\003\331\315\373\314\015\333%\016\337a\355"
 160      D9CDFBCC 
 160      0DDB250E 
 160      DF61ED
 161 084a CD71020C 		.ascii	"\315q\002\014\024O\200\367SR\324\254\023f\223\323|\367"
 161      144F80F7 
 161      5352D4AC 
 161      136693D3 
 161      7CF7
 162 085c E14CB848 		.ascii	"\341L\270H?c\270\271]\2736\213\307\3039\000fU\015_\026"
 162      3F63B8B9 
 162      5DBB368B 
 162      C7C33900 
 162      66550D5F 
 163 0871 6F10DE00 		.ascii	"o\020\336\000>\335r\351\242\032\333\031\2520\2322\342"
 163      3EDD72E9 
 163      A21ADB19 
 163      AA309A32 
 163      E2
 164 0882 8F135514 		.ascii	"\217\023U\024h+\371\345\250\022g2\240\241\257\350\271"
 164      682BF9E5 
 164      A8126732 
 164      A0A1AFE8 
 164      B9
 165 0893 0A1F6540 		.ascii	"\012\037e@\355\341\252*_\\\301\200\255i9\217\265\370"
 165      EDE1AA2A 
 165      5F5CC180 
 165      AD69398F 
 165      B5F8
 166 08a5 0A03AEE5 		.ascii	"\012\003\256\345$\276@\370\026\003^\327uT\372\341\016"
 166      24BE40F8 
 166      16035ED7 
 166      7554FAE1 
 166      0E
 167 08b6 060C5737 		.ascii	"\006\014W7T\253\3613\006T\264lJP\341\227\024\360\033"
 167      54ABF133 
 167      0654B46C 
 167      4A50E197 
 167      14F01B
 168 08c9 79DE51E2 		.ascii	"y\336Q\342\305\312>\230\034[B\202\331\325\324v\375\242"
 168      C5CA3E98 
 168      1C5B4282 
 168      D9D5D476 
 168      FDA2
 169 08db DB1DB059 		.ascii	"\333\035\260Y\312\207\363\244W\241s\262\016W\275^~\011"
 169      CA87F3A4 
 169      57A173B2 
 169      0E57BD5E 
 169      7E09
 170 08ed E43C60CB 		.ascii	"\344<`\313\257\214%r\336u\236\260e=\256J\316\372gO\310"
 170      AF8C2572 
ARM GAS  C:\Users\prana\AppData\Local\Temp\ccOLvP0V.s 			page 13


 170      DE759EB0 
 170      653DAE4A 
 170      CEFA674F 
 171 0902 B532D645 		.ascii	"\2652\326E\353e=\353\252\210=n\377,\223+r\331\023\357"
 171      EB653DEB 
 171      AA883D6E 
 171      FF2C932B 
 171      72D913EF 
 172 0916 5912F209 		.ascii	"Y\022\362\0119\353+\036Y\313\215\274)\347]\357\312\373"
 172      39EB2B1E 
 172      59CB8DBC 
 172      29E75DEF 
 172      CAFB
 173 0928 B464A44B 		.ascii	"\264d\244K\376\236\201\336m\243k\315b\362\336\206\344"
 173      FE9E81DE 
 173      6DA36BCD 
 173      62F2DE86 
 173      E4
 174 0939 BD0EC97B 		.ascii	"\275\016\311{\023F#\214\0330\356\300h\202q\015F+\214"
 174      1346238C 
 174      1B30EEC0 
 174      6882710D 
 174      462B8C
 175 094c 16180D30 		.ascii	"\026\030\0150n\271\236\353.\372\012\205\337\263\360"
 175      6EB99EEB 
 175      2EFA0A85 
 175      DFB3F0
 176 095b 79B2ECAC 		.ascii	"y\262\354\254\354Z\276\373\"-\350\346w\012\032\370T"
 176      EC5ABEFB 
 176      222DE8E6 
 176      770A1AF8 
 176      54
 177 096c C8EDB8E4 		.ascii	"\310\355\270\344\211\323)\231\3255\362h\325z\302v\336"
 177      89D32999 
 177      D535F268 
 177      D57AC276 
 177      DE
 178 097d E2736E66 		.ascii	"\342snfvx\341\0045-\347\315EG\326a\367rv\270\003\335"
 178      7678E104 
 178      352DE7CD 
 178      4547D661 
 178      F77276B8 
 179 0993 032FFC2F 		.ascii	"\003/\374/\036\021\317\366\353i\311\267\001\243\273"
 179      1E11CFF6 
 179      EB69C9B7 
 179      01A3BB
 180 09a2 52C9373B 		.ascii	"R\3117;J\376nN\372A%\253\315'\36404\332\273\211c\245"
 180      4AFE6E4E 
 180      FA4125AB 
 180      CD27F430 
 180      34DABB89 
 181 09b8 6B23EFCB 		.ascii	"k#\357\313\312\372\362\313\304\013\265\215\326Q\311"
 181      CAFAF2CB 
 181      C40BB58D 
 181      D651C9
 182 09c7 8D1E84B3 		.ascii	"\215\036\204\263\250\376\350\354`\341a\361]\033y\233"
 182      A8FEE8EC 
ARM GAS  C:\Users\prana\AppData\Local\Temp\ccOLvP0V.s 			page 14


 182      60E161F1 
 182      5D1B799B 
 183 09d7 9571AF74 		.ascii	"\225q\257tT;\356\275\375!'\336\333;9z\245<\324\2222"
 183      543BEEBD 
 183      FD2127DE 
 183      DB3B397A 
 183      A53CD492 
 184 09ec E6E8DC36 		.ascii	"\346\350\3346\341KD]-\241?\242\235\233\022\021\354\027"
 184      E14B445D 
 184      2DA13FA2 
 184      9D9B1211 
 184      EC17
 185 09fe 3B9F3EE4 		.ascii	";\237>\344p\276\332\345\030\026\310\216a\275\025o\213"
 185      70BEDAE5 
 185      1816C88E 
 185      61BD156F 
 185      8B
 186 0a0f 7CC795FB 		.ascii	"|\307\225\373\304!\3671\223\273{\370P\256\277\273\334"
 186      C421F731 
 186      93BB7BF8 
 186      50AEBFBB 
 186      DC
 187 0a20 0E703A8B 		.ascii	"\016p:\213\324S*\367\211(W\331\321ri\220\274h\011\016"
 187      D4532AF7 
 187      892857D9 
 187      D1726990 
 187      BC68090E 
 188 0a34 968204C7 		.ascii	"\226\202\004\307\270\032`\177\232\262\357\026#\364\014"
 188      B81A607F 
 188      9AB2EF16 
 188      23F40C
 189 0a43 22D40BDE 		.ascii	"\"\324\013\336\357q\361\276\275\226\346X\267\247Mc\333"
 189      EF71F1BE 
 189      BD96E658 
 189      B7A74D63 
 189      DB
 190 0a54 45FF3534 		.ascii	"E\37754k@$\352\202\330\020V\016E\334J\013\320\267~M"
 190      6B4024EA 
 190      82D81056 
 190      0E45DC4A 
 190      0BD0B77E 
 191 0a69 321BDC82 		.ascii	"2\033\334\202\036\210\270\036*\234D0\271tk\000.g\031"
 191      1E88B81E 
 191      2A9C4430 
 191      B9746B00 
 191      2E6719
 192 0a7c 56DAB82F 		.ascii	"V\332\270/\307\337%\303d\312\243~\320\371\375\372g\262"
 192      C7DF25C3 
 192      64CAA37E 
 192      D0F9FDFA 
 192      67B2
 193 0a8e ECF90590 		.ascii	"\354\371\005\220\372\244\354\351\026\263G\335sf\264"
 193      FAA4ECE9 
 193      16B347DD 
 193      7366B4
 194 0a9d 9BDCFC68 		.ascii	"\233\334\374h\017ej\276\252\377=\333\012I\306\235\005"
 194      0F656ABE 
ARM GAS  C:\Users\prana\AppData\Local\Temp\ccOLvP0V.s 			page 15


 194      AAFF3DDB 
 194      0A49C69D 
 194      05
 195 0aae 9A61F875 		.ascii	"\232a\370u\346\264\373\251%\263\341\003\300\216\303"
 195      E6B4FBA9 
 195      25B3E103 
 195      C08EC3
 196 0abd F4EDD339 		.ascii	"\364\355\3239\304\260\235\357\261l\310\335\011\031\015"
 196      C4B09DEF 
 196      B16CC8DD 
 196      09190D
 197 0acc 2277B285 		.ascii	"\"w\262\205u\210\370\316\015\360\236\014\337u\213\004"
 197      7588F8CE 
 197      0DF09E0C 
 197      DF758B04 
 198 0adc F9F76978 		.ascii	"\371\367ix\207Es_\200\271\003`\356s\030C0\006\311]H"
 198      8745735F 
 198      80B90360 
 198      EE731843 
 198      3006C95D 
 199 0af1 6A25202A 		.ascii	"j% *=\224\234\247\210\234\032\316M\316iYsg~\032a\207"
 199      3D949CA7 
 199      889C1ACE 
 199      4DCE6959 
 199      73677E1A 
 200 0b07 83614F71 		.ascii	"\203aOq\336\331\020\304\342L\274xA\324\331\031\203j"
 200      DED910C4 
 200      E24CBC78 
 200      41D4D919 
 200      836A
 201 0b19 247513F2 		.ascii	"$u\023\362by\355@\212\022_a\321+\256\334\261\317\377"
 201      6279ED40 
 201      8A125F61 
 201      D12BAEDC 
 201      B1CFFF
 202 0b2c 9DED5EB4 		.ascii	"\235\355^\264\005\215\201\011\277\305\034\246\341\336"
 202      058D8109 
 202      BFC51CA6 
 202      E1DE
 203 0b3a 2D3492A3 		.ascii	"-4\222\243@\360R\212\344\260\243\017\010\005\271\347"
 203      40F0528A 
 203      E4B0A30F 
 203      0805B9E7 
 204 0b4a 95DA44E7 		.ascii	"\225\332D\347[)\212(\025\321+N+\236G\356=O\214s\274"
 204      5B298A28 
 204      15D12B4E 
 204      2B9E47EE 
 204      3D4F8C73 
 205 0b5f FDAF68A0 		.ascii	"\375\257h\240\233\203\222,\243\012\361\355\277DTA\337"
 205      9B83922C 
 205      A30AF1ED 
 205      BF445441 
 205      DF
 206 0b70 FFBFE6C8 		.ascii	"\377\277\346\310\373\377s\361\245w\375\361mV\277\027"
 206      FBFF73F1 
 206      A577FDF1 
 206      6D56BF17 
ARM GAS  C:\Users\prana\AppData\Local\Temp\ccOLvP0V.s 			page 16


 207 0b80 DADBDE52 		.ascii	"\332\333\336R\036\331\260\301l\011XCy\020\201o\230f"
 207      1ED9B0C1 
 207      6C095843 
 207      7910816F 
 207      9866
 208 0b92 B278C10C 		.ascii	"\262x\301\014|\277\245<rZ\023\016q\270\223\361h\276"
 208      7CBFA53C 
 208      725A130E 
 208      71B893F1 
 208      68BE
 209 0ba4 9D5021FE 		.ascii	"\235P!\376\033\300\227\374Gd\254\271\306g\334\036\260"
 209      1BC097FC 
 209      4764ACB9 
 209      C667DC1E 
 209      B0
 210 0bb5 068B3D40 		.ascii	"\006\213=@\300\264\007\330\366\246'\372K\247F\326\003"
 210      C0B407D8 
 210      F6A627FA 
 210      4BA746D6 
 210      03
 211 0bc6 A49A8EC3 		.ascii	"\244\232\216\303\201\016\"\372R\361\320\331\015j\246"
 211      810E22FA 
 211      52F1D0D9 
 211      0D6AA6
 212 0bd5 6E7B5ADA 		.ascii	"n{Z\332\347\231\344%\2267ABvQ_\211\324N\365\215\307"
 212      E799E425 
 212      96374142 
 212      76515F89 
 212      D44EF58D 
 213 0bea 1F2B7C8C 		.ascii	"\037+|\214KMQ\006\3132\275\305\373\353o\277\2332\177"
 213      4B4D5106 
 213      CB32BDC5 
 213      FBEB6FBF 
 213      9B327F
 214 0bfd E64C858F 		.ascii	"\346L\205\217N\027k\212\346\347\350\3705(\342\317\341"
 214      4E176B8A 
 214      E6E7E8F8 
 214      3528E2CF 
 214      E1
 215 0c0e 664B8CD1 		.ascii	"fK\214\321\242\217\232\262\302\024i\260N\011Y5\347\213"
 215      A28F9AB2 
 215      C21469B0 
 215      4E095935 
 215      E78B
 216 0c20 3F8547AC 		.ascii	"?\205G\2546[\014Vk\270\331\032\0231%\302b\320\3631\226"
 216      365B0C56 
 216      6BB8D91A 
 216      133125C2 
 216      62D0F331 
 217 0c35 F0D9D367 		.ascii	"\360\331\323g\273N\230\242\3141\026>\334\030\035\033"
 217      BB4E98A2 
 217      CC31163E 
 217      DC181D1B 
 218 0c45 AEB74485 		.ascii	"\256\267D\205\177>}\366\364\231\344\351\223\350\230"
 218      7F3E7DF6 
 218      F499E4E9 
 218      93E898
ARM GAS  C:\Users\prana\AppData\Local\Temp\ccOLvP0V.s 			page 17


 219 0c54 68C32706 		.ascii	"h\303'\006\375\017\246pStDd\354rCx\224>\342GS\264!\\"
 219      FD0FA670 
 219      53744464 
 219      EC724378 
 219      943EE247 
 220 0c6c B7DCB042 		.ascii	"\267\334\260B\037\033\311\353\370\325f\203u\372\217"
 220      1F1BC9EB 
 220      F8D56683 
 220      75FA8F
 221 0c7b 0AB5A8CA 		.ascii	"\012\265\250\312\312\377\227&\326\325\326p\235\225_"
 221      CAFF9726 
 221      D6D5D670 
 221      9D955F
 222 0c8a 0E6241FC 		.ascii	"\016bA\374\204\351\341VKD\270\336l\376\024\006L\374"
 222      84E9E156 
 222      4B44B8DE 
 222      6CFE1406 
 222      4CFC
 223 0c9c CE649DCB 		.ascii	"\316d\235\313\363\240\355\242h\336`\261\304\232y/\335"
 223      F3A0EDA2 
 223      68DE60B1 
 223      C49A792F 
 223      DD
 224 0cad BC989848 		.ascii	"\274\230\230H\255Q\267\204\267\304F\360\2720\336\342"
 224      AD51B784 
 224      B7C446F0 
 224      BA30DEE2 
 225 0cbd 6DFC7B8C 		.ascii	"m\374{\214q\201\236\327\373\031\347\307Z\371\230\250"
 225      71819ED7 
 225      FB19E7C7 
 225      5AF998A8 
 226 0ccd F931D12B 		.ascii	"\3711\321+LF\240\375\332\300/\341\365|\254uQ\264\211"
 226      4C46A0FD 
 226      DAC02FE1 
 226      F57CAC75 
 226      51B489
 227 0ce0 372C9F4C 		.ascii	"7,\237Lg\346\351y\227Y?\343BKL\324\274\330\025\213\242"
 227      67E6E979 
 227      97593FE3 
 227      424B4CD4 
 227      BCD8158B 
 228 0cf5 971B5669 		.ascii	"\227\033ViX8f~\241\343\275\035\017~&k\350\374\260\320"
 228      5838667E 
 228      A1E3BD1D 
 228      0F7E266B 
 228      E8FCB0D0 
 229 0d09 8888588B 		.ascii	"\210\210X\213\305\260<`\372\247FK$(M\344\023\035\001"
 229      C5B03C60 
 229      FAA7464B 
 229      24284DE4 
 229      131D01
 230 0d1c 0205983E 		.ascii	"\002\005\230>\020Y\3007\206Y\014+uK\026\317\237\257"
 230      1059C037 
 230      86590C2B 
 230      754B16CF 
 230      9FAF
 231 0d2e 375B7D8C 		.ascii	"7[}\214\337\306\204\256\010[\020j\305\360\245\376A\317"
ARM GAS  C:\Users\prana\AppData\Local\Temp\ccOLvP0V.s 			page 18


 231      DFC684AE 
 231      085B106A 
 231      C5F0A5FE 
 231      41CF
 232 0d40 EBC04851 		.ascii	"\353\300HQ\316\254\317D9\344\301\327\032k6G\256\246"
 232      CEACCF44 
 232      39E4C1D7 
 232      1A6B3647 
 232      AEA6
 233 0d52 D1F08DD2 		.ascii	"\321\360\215\322\257\322\255\214\211\344\365Fx6E;\236"
 233      AFD2AD8C 
 233      89E4F546 
 233      7836453B 
 233      9E
 234 0d63 7DC8BC39 		.ascii	"}\310\2749\346_\006\213j\336\334\245 B\275\022D\002"
 234      E65F068B 
 234      6ADEDCA5 
 234      2042BD12 
 234      4402
 235 0d75 434A4035 		.ascii	"CJ@5\214\346U\313\346.\206%\237\025\246U\206\345dQ-"
 235      8CE655CB 
 235      E62E8625 
 235      9F15A655 
 235      86E56451 
 236 0d8a 527B2F5C 		.ascii	"R{/\\\364\217\257\026\300\022^\251\217T\233\315V\262"
 236      F48FAF16 
 236      C0125EA9 
 236      8F549BCD 
 236      56B2
 237 0d9c E8ED10E5 		.ascii	"\350\355\020\345\355\220\243\026y\251\302\302\226\000"
 237      ED90A316 
 237      79A9C2C2 
 237      9600
 238 0daa B22F58B8 		.ascii	"\262/X\270\304\022\021\266 \354'~2{&\206\311,\236@,"
 238      C41211B6 
 238      20EC277E 
 238      327B2686 
 238      C92C9E40 
 239 0dbf B6826487 		.ascii	"\266\202d\207\321\023\027\033\376\031k\260\362a\372"
 239      D113171B 
 239      FE196BB0 
 239      F261FA
 240 0dce 889F0C3C 		.ascii	"\210\237\014<\013\210\306H\2340?&6\232\3677Y\027|\267"
 240      0B88C648 
 240      9C303F26 
 240      369AF737 
 240      59177CB7 
 241 0de2 54B7501F 		.ascii	"T\267P\037\0319\0170&\002\011dE\244\211_\255\373\306"
 241      19390F30 
 241      26020964 
 241      45A4895F 
 241      ADFBC6
 242 0df5 648DD2F3 		.ascii	"d\215\322\363\021?\372\032\027\030H\344\027F\352\215"
 242      113FFA1A 
 242      171848E4 
 242      1746EA8D 
 243 0e05 814691DD 		.ascii	"\201F\221\335W\321\372\037\"\015d\312\2070\323-\005"
ARM GAS  C:\Users\prana\AppData\Local\Temp\ccOLvP0V.s 			page 19


 243      57D1FA1F 
 243      220D64CA 
 243      8730D32D 
 243      05
 244 0e16 4F51B63A 		.ascii	"OQ\266:\032<\037\3437\240x\250Y\267Hk\0145\033,z\336"
 244      1A3C1FE3 
 244      37A078A8 
 244      59B7486B 
 244      0C351B2C 
 245 0e2c 146DD42D 		.ascii	"\024m\324-\002V\337-]b6D,6\254$\372\273\350\306\364"
 245      0256DF2D 
 245      5D623644 
 245      2C36AC24 
 245      FABBE8C6 
 246 0e41 77C90BC8 		.ascii	"w\311\013\310\005\2553u\000\230h\324\261\304\322EPC"
 246      05AD3375 
 246      009868D4 
 246      B1C4D245 
 246      5043
 247 0e53 740481E4 		.ascii	"t\004\201\344\200\230\203\274\217\321\361\2442}\026"
 247      809883BC 
 247      8FD1F1A4 
 247      327D16
 248 0e62 01ABFF05 		.ascii	"\001\253\377\005H\3120\213"
 248      48CA308B 
 249              		.text
 250              		.section	.gnu.lto_.symtab.b36997d3,"",%progbits
 251 0000 6754696D 		.ascii	"gTimerVar\000"
 251      65725661 
 251      7200
 252 000a 00       		.ascii	"\000"
 253 000b 04       		.ascii	"\004"
 254 000c 00       		.ascii	"\000"
 255 000d 01000000 		.ascii	"\001\000\000\000\000\000\000\000"
 255      00000000 
 256 0015 B1000000 		.ascii	"\261\000\000\000"
 257 0019 69734174 		.ascii	"isAttachInterrupt\000"
 257      74616368 
 257      496E7465 
 257      72727570 
 257      7400
 258 002b 00       		.ascii	"\000"
 259 002c 04       		.ascii	"\004"
 260 002d 00       		.ascii	"\000"
 261 002e 01000000 		.ascii	"\001\000\000\000\000\000\000\000"
 261      00000000 
 262 0036 B8000000 		.ascii	"\270\000\000\000"
 263 003a 675F5374 		.ascii	"g_Struct_Ptr\000"
 263      72756374 
 263      5F507472 
 263      00
 264 0047 00       		.ascii	"\000"
 265 0048 04       		.ascii	"\004"
 266 0049 00       		.ascii	"\000"
 267 004a 04000000 		.ascii	"\004\000\000\000\000\000\000\000"
 267      00000000 
 268 0052 7C010000 		.ascii	"|\001\000\000"
ARM GAS  C:\Users\prana\AppData\Local\Temp\ccOLvP0V.s 			page 20


 269 0056 67537472 		.ascii	"gStruct_t\000"
 269      7563745F 
 269      7400
 270 0060 00       		.ascii	"\000"
 271 0061 04       		.ascii	"\004"
 272 0062 00       		.ascii	"\000"
 273 0063 68000000 		.ascii	"h\000\000\000\000\000\000\000"
 273      00000000 
 274 006b 7E010000 		.ascii	"~\001\000\000"
 275 006f 69326342 		.ascii	"i2cBuf\000"
 275      756600
 276 0076 00       		.ascii	"\000"
 277 0077 04       		.ascii	"\004"
 278 0078 00       		.ascii	"\000"
 279 0079 0C000000 		.ascii	"\014\000\000\000\000\000\000\000"
 279      00000000 
 280 0081 83010000 		.ascii	"\203\001\000\000"
 281              		.text
 282              		.section	.gnu.lto_.opts,"",%progbits
 283 0000 272D666D 		.ascii	"'-fmath-errno' '-fsigned-zeros' '-ftrapping-math' '"
 283      6174682D 
 283      6572726E 
 283      6F272027 
 283      2D667369 
 284 0033 2D666E6F 		.ascii	"-fno-trapv' '-fno-openmp' '-fno-openacc' '-mcpu=cor"
 284      2D747261 
 284      70762720 
 284      272D666E 
 284      6F2D6F70 
 285 0066 7465782D 		.ascii	"tex-m0' '-mthumb' '-g' '-Os' '-Werror' '-ffunction-"
 285      6D302720 
 285      272D6D74 
 285      68756D62 
 285      2720272D 
 286 0099 73656374 		.ascii	"sections' '-ffat-lto-objects' '-finline-functions' "
 286      696F6E73 
 286      2720272D 
 286      66666174 
 286      2D6C746F 
 287 00cc 272D666C 		.ascii	"'-flto' '-fno-strict-aliasing'\000"
 287      746F2720 
 287      272D666E 
 287      6F2D7374 
 287      72696374 
 288              		.text
 289              		.cfi_sections	.debug_frame
 290              		.comm	gTimerVar,1,1
 291              		.comm	isAttachInterrupt,1,1
 292              		.comm	g_Struct_Ptr,4,4
 293              		.comm	gStruct_t,104,4
 294              		.comm	i2cBuf,12,1
 295              	.Letext0:
 296              		.file 1 "c:\\program files (x86)\\cypress\\psoc creator\\4.4\\psoc creator\\import\\gnu\\arm\\5.4.
 297              		.file 2 "c:\\program files (x86)\\cypress\\psoc creator\\4.4\\psoc creator\\import\\gnu\\arm\\5.4.
 298              		.file 3 "./grl_struct.h"
 299              		.file 4 ".\\src\\app/app.h"
 300              		.section	.debug_info,"",%progbits
ARM GAS  C:\Users\prana\AppData\Local\Temp\ccOLvP0V.s 			page 21


 301              	.Ldebug_info0:
 302 0000 59040000 		.4byte	0x459
 303 0004 0400     		.2byte	0x4
 304 0006 00000000 		.4byte	.Ldebug_abbrev0
 305 000a 04       		.byte	0x4
 306 000b 01       		.uleb128 0x1
 307 000c 81020000 		.4byte	.LASF71
 308 0010 0C       		.byte	0xc
 309 0011 7B030000 		.4byte	.LASF72
 310 0015 A3030000 		.4byte	.LASF73
 311 0019 00000000 		.4byte	.Ldebug_line0
 312 001d 02       		.uleb128 0x2
 313 001e 01       		.byte	0x1
 314 001f 06       		.byte	0x6
 315 0020 BA010000 		.4byte	.LASF0
 316 0024 03       		.uleb128 0x3
 317 0025 51010000 		.4byte	.LASF3
 318 0029 01       		.byte	0x1
 319 002a 1D       		.byte	0x1d
 320 002b 2F000000 		.4byte	0x2f
 321 002f 02       		.uleb128 0x2
 322 0030 01       		.byte	0x1
 323 0031 08       		.byte	0x8
 324 0032 89010000 		.4byte	.LASF1
 325 0036 02       		.uleb128 0x2
 326 0037 02       		.byte	0x2
 327 0038 05       		.byte	0x5
 328 0039 48000000 		.4byte	.LASF2
 329 003d 03       		.uleb128 0x3
 330 003e 77000000 		.4byte	.LASF4
 331 0042 01       		.byte	0x1
 332 0043 2B       		.byte	0x2b
 333 0044 48000000 		.4byte	0x48
 334 0048 02       		.uleb128 0x2
 335 0049 02       		.byte	0x2
 336 004a 07       		.byte	0x7
 337 004b 2D020000 		.4byte	.LASF5
 338 004f 02       		.uleb128 0x2
 339 0050 04       		.byte	0x4
 340 0051 05       		.byte	0x5
 341 0052 28010000 		.4byte	.LASF6
 342 0056 03       		.uleb128 0x3
 343 0057 6C000000 		.4byte	.LASF7
 344 005b 01       		.byte	0x1
 345 005c 41       		.byte	0x41
 346 005d 61000000 		.4byte	0x61
 347 0061 02       		.uleb128 0x2
 348 0062 04       		.byte	0x4
 349 0063 07       		.byte	0x7
 350 0064 FC010000 		.4byte	.LASF8
 351 0068 02       		.uleb128 0x2
 352 0069 08       		.byte	0x8
 353 006a 05       		.byte	0x5
 354 006b 57040000 		.4byte	.LASF9
 355 006f 02       		.uleb128 0x2
 356 0070 08       		.byte	0x8
 357 0071 07       		.byte	0x7
ARM GAS  C:\Users\prana\AppData\Local\Temp\ccOLvP0V.s 			page 22


 358 0072 C6010000 		.4byte	.LASF10
 359 0076 04       		.uleb128 0x4
 360 0077 04       		.byte	0x4
 361 0078 05       		.byte	0x5
 362 0079 696E7400 		.ascii	"int\000"
 363 007d 02       		.uleb128 0x2
 364 007e 04       		.byte	0x4
 365 007f 07       		.byte	0x7
 366 0080 E6010000 		.4byte	.LASF11
 367 0084 03       		.uleb128 0x3
 368 0085 96000000 		.4byte	.LASF12
 369 0089 02       		.byte	0x2
 370 008a 18       		.byte	0x18
 371 008b 24000000 		.4byte	0x24
 372 008f 03       		.uleb128 0x3
 373 0090 F3010000 		.4byte	.LASF13
 374 0094 02       		.byte	0x2
 375 0095 24       		.byte	0x24
 376 0096 3D000000 		.4byte	0x3d
 377 009a 03       		.uleb128 0x3
 378 009b DD010000 		.4byte	.LASF14
 379 009f 02       		.byte	0x2
 380 00a0 30       		.byte	0x30
 381 00a1 56000000 		.4byte	0x56
 382 00a5 02       		.uleb128 0x2
 383 00a6 04       		.byte	0x4
 384 00a7 04       		.byte	0x4
 385 00a8 D8000000 		.4byte	.LASF15
 386 00ac 02       		.uleb128 0x2
 387 00ad 08       		.byte	0x8
 388 00ae 04       		.byte	0x4
 389 00af 6C030000 		.4byte	.LASF16
 390 00b3 02       		.uleb128 0x2
 391 00b4 01       		.byte	0x1
 392 00b5 08       		.byte	0x8
 393 00b6 40020000 		.4byte	.LASF17
 394 00ba 02       		.uleb128 0x2
 395 00bb 08       		.byte	0x8
 396 00bc 04       		.byte	0x4
 397 00bd 6C010000 		.4byte	.LASF18
 398 00c1 02       		.uleb128 0x2
 399 00c2 04       		.byte	0x4
 400 00c3 07       		.byte	0x7
 401 00c4 63000000 		.4byte	.LASF19
 402 00c8 05       		.uleb128 0x5
 403 00c9 84000000 		.4byte	0x84
 404 00cd D8000000 		.4byte	0xd8
 405 00d1 06       		.uleb128 0x6
 406 00d2 C1000000 		.4byte	0xc1
 407 00d6 03       		.byte	0x3
 408 00d7 00       		.byte	0
 409 00d8 02       		.uleb128 0x2
 410 00d9 01       		.byte	0x1
 411 00da 02       		.byte	0x2
 412 00db 53020000 		.4byte	.LASF20
 413 00df 07       		.uleb128 0x7
 414 00e0 0C       		.byte	0xc
ARM GAS  C:\Users\prana\AppData\Local\Temp\ccOLvP0V.s 			page 23


 415 00e1 03       		.byte	0x3
 416 00e2 5F       		.byte	0x5f
 417 00e3 00010000 		.4byte	0x100
 418 00e7 08       		.uleb128 0x8
 419 00e8 52000000 		.4byte	.LASF21
 420 00ec 03       		.byte	0x3
 421 00ed 61       		.byte	0x61
 422 00ee C8000000 		.4byte	0xc8
 423 00f2 00       		.byte	0
 424 00f3 08       		.uleb128 0x8
 425 00f4 A3010000 		.4byte	.LASF22
 426 00f8 03       		.byte	0x3
 427 00f9 62       		.byte	0x62
 428 00fa 00010000 		.4byte	0x100
 429 00fe 04       		.byte	0x4
 430 00ff 00       		.byte	0
 431 0100 05       		.uleb128 0x5
 432 0101 84000000 		.4byte	0x84
 433 0105 10010000 		.4byte	0x110
 434 0109 06       		.uleb128 0x6
 435 010a C1000000 		.4byte	0xc1
 436 010e 07       		.byte	0x7
 437 010f 00       		.byte	0
 438 0110 03       		.uleb128 0x3
 439 0111 35040000 		.4byte	.LASF23
 440 0115 03       		.byte	0x3
 441 0116 64       		.byte	0x64
 442 0117 DF000000 		.4byte	0xdf
 443 011b 07       		.uleb128 0x7
 444 011c 14       		.byte	0x14
 445 011d 03       		.byte	0x3
 446 011e 66       		.byte	0x66
 447 011f A8010000 		.4byte	0x1a8
 448 0123 08       		.uleb128 0x8
 449 0124 1B010000 		.4byte	.LASF24
 450 0128 03       		.byte	0x3
 451 0129 68       		.byte	0x68
 452 012a 9A000000 		.4byte	0x9a
 453 012e 00       		.byte	0
 454 012f 08       		.uleb128 0x8
 455 0130 27000000 		.4byte	.LASF25
 456 0134 03       		.byte	0x3
 457 0135 69       		.byte	0x69
 458 0136 9A000000 		.4byte	0x9a
 459 013a 04       		.byte	0x4
 460 013b 08       		.uleb128 0x8
 461 013c 00000000 		.4byte	.LASF26
 462 0140 03       		.byte	0x3
 463 0141 6A       		.byte	0x6a
 464 0142 84000000 		.4byte	0x84
 465 0146 08       		.byte	0x8
 466 0147 08       		.uleb128 0x8
 467 0148 1D000000 		.4byte	.LASF27
 468 014c 03       		.byte	0x3
 469 014d 6B       		.byte	0x6b
 470 014e 84000000 		.4byte	0x84
 471 0152 09       		.byte	0x9
ARM GAS  C:\Users\prana\AppData\Local\Temp\ccOLvP0V.s 			page 24


 472 0153 08       		.uleb128 0x8
 473 0154 0E020000 		.4byte	.LASF28
 474 0158 03       		.byte	0x3
 475 0159 6C       		.byte	0x6c
 476 015a 84000000 		.4byte	0x84
 477 015e 0A       		.byte	0xa
 478 015f 08       		.uleb128 0x8
 479 0160 39010000 		.4byte	.LASF29
 480 0164 03       		.byte	0x3
 481 0165 6D       		.byte	0x6d
 482 0166 D8000000 		.4byte	0xd8
 483 016a 0B       		.byte	0xb
 484 016b 08       		.uleb128 0x8
 485 016c F4000000 		.4byte	.LASF30
 486 0170 03       		.byte	0x3
 487 0171 6E       		.byte	0x6e
 488 0172 D8000000 		.4byte	0xd8
 489 0176 0C       		.byte	0xc
 490 0177 08       		.uleb128 0x8
 491 0178 DE000000 		.4byte	.LASF31
 492 017c 03       		.byte	0x3
 493 017d 6F       		.byte	0x6f
 494 017e D8000000 		.4byte	0xd8
 495 0182 0D       		.byte	0xd
 496 0183 08       		.uleb128 0x8
 497 0184 10010000 		.4byte	.LASF32
 498 0188 03       		.byte	0x3
 499 0189 70       		.byte	0x70
 500 018a 84000000 		.4byte	0x84
 501 018e 0E       		.byte	0xe
 502 018f 08       		.uleb128 0x8
 503 0190 FE030000 		.4byte	.LASF33
 504 0194 03       		.byte	0x3
 505 0195 71       		.byte	0x71
 506 0196 84000000 		.4byte	0x84
 507 019a 0F       		.byte	0xf
 508 019b 08       		.uleb128 0x8
 509 019c 82000000 		.4byte	.LASF34
 510 01a0 03       		.byte	0x3
 511 01a1 72       		.byte	0x72
 512 01a2 84000000 		.4byte	0x84
 513 01a6 10       		.byte	0x10
 514 01a7 00       		.byte	0
 515 01a8 03       		.uleb128 0x3
 516 01a9 0C040000 		.4byte	.LASF35
 517 01ad 03       		.byte	0x3
 518 01ae 73       		.byte	0x73
 519 01af 1B010000 		.4byte	0x11b
 520 01b3 09       		.uleb128 0x9
 521 01b4 78020000 		.4byte	.LASF39
 522 01b8 04       		.byte	0x4
 523 01b9 03       		.byte	0x3
 524 01ba A5       		.byte	0xa5
 525 01bb ED010000 		.4byte	0x1ed
 526 01bf 0A       		.uleb128 0xa
 527 01c0 21020000 		.4byte	.LASF36
 528 01c4 03       		.byte	0x3
ARM GAS  C:\Users\prana\AppData\Local\Temp\ccOLvP0V.s 			page 25


 529 01c5 A7       		.byte	0xa7
 530 01c6 9A000000 		.4byte	0x9a
 531 01ca 04       		.byte	0x4
 532 01cb 0A       		.byte	0xa
 533 01cc 16       		.byte	0x16
 534 01cd 00       		.byte	0
 535 01ce 0A       		.uleb128 0xa
 536 01cf 31010000 		.4byte	.LASF37
 537 01d3 03       		.byte	0x3
 538 01d4 A8       		.byte	0xa8
 539 01d5 9A000000 		.4byte	0x9a
 540 01d9 04       		.byte	0x4
 541 01da 0A       		.byte	0xa
 542 01db 0C       		.byte	0xc
 543 01dc 00       		.byte	0
 544 01dd 0A       		.uleb128 0xa
 545 01de 97010000 		.4byte	.LASF38
 546 01e2 03       		.byte	0x3
 547 01e3 A9       		.byte	0xa9
 548 01e4 9A000000 		.4byte	0x9a
 549 01e8 04       		.byte	0x4
 550 01e9 02       		.byte	0x2
 551 01ea 0A       		.byte	0xa
 552 01eb 00       		.byte	0
 553 01ec 00       		.byte	0
 554 01ed 09       		.uleb128 0x9
 555 01ee ED000000 		.4byte	.LASF40
 556 01f2 04       		.byte	0x4
 557 01f3 03       		.byte	0x3
 558 01f4 AC       		.byte	0xac
 559 01f5 36020000 		.4byte	0x236
 560 01f9 0A       		.uleb128 0xa
 561 01fa 21020000 		.4byte	.LASF36
 562 01fe 03       		.byte	0x3
 563 01ff AE       		.byte	0xae
 564 0200 9A000000 		.4byte	0x9a
 565 0204 04       		.byte	0x4
 566 0205 0A       		.byte	0xa
 567 0206 16       		.byte	0x16
 568 0207 00       		.byte	0
 569 0208 0A       		.uleb128 0xa
 570 0209 3D030000 		.4byte	.LASF41
 571 020d 03       		.byte	0x3
 572 020e AF       		.byte	0xaf
 573 020f 9A000000 		.4byte	0x9a
 574 0213 04       		.byte	0x4
 575 0214 0A       		.byte	0xa
 576 0215 0C       		.byte	0xc
 577 0216 00       		.byte	0
 578 0217 0A       		.uleb128 0xa
 579 0218 45010000 		.4byte	.LASF42
 580 021c 03       		.byte	0x3
 581 021d B0       		.byte	0xb0
 582 021e 9A000000 		.4byte	0x9a
 583 0222 04       		.byte	0x4
 584 0223 0A       		.byte	0xa
 585 0224 02       		.byte	0x2
ARM GAS  C:\Users\prana\AppData\Local\Temp\ccOLvP0V.s 			page 26


 586 0225 00       		.byte	0
 587 0226 0A       		.uleb128 0xa
 588 0227 97010000 		.4byte	.LASF38
 589 022b 03       		.byte	0x3
 590 022c B1       		.byte	0xb1
 591 022d 9A000000 		.4byte	0x9a
 592 0231 04       		.byte	0x4
 593 0232 02       		.byte	0x2
 594 0233 00       		.byte	0
 595 0234 00       		.byte	0
 596 0235 00       		.byte	0
 597 0236 09       		.uleb128 0x9
 598 0237 82010000 		.4byte	.LASF43
 599 023b 04       		.byte	0x4
 600 023c 03       		.byte	0x3
 601 023d B3       		.byte	0xb3
 602 023e 7F020000 		.4byte	0x27f
 603 0242 0A       		.uleb128 0xa
 604 0243 B0010000 		.4byte	.LASF44
 605 0247 03       		.byte	0x3
 606 0248 B5       		.byte	0xb5
 607 0249 9A000000 		.4byte	0x9a
 608 024d 04       		.byte	0x4
 609 024e 0A       		.byte	0xa
 610 024f 16       		.byte	0x16
 611 0250 00       		.byte	0
 612 0251 0A       		.uleb128 0xa
 613 0252 3D030000 		.4byte	.LASF41
 614 0256 03       		.byte	0x3
 615 0257 B6       		.byte	0xb6
 616 0258 9A000000 		.4byte	0x9a
 617 025c 04       		.byte	0x4
 618 025d 0A       		.byte	0xa
 619 025e 0C       		.byte	0xc
 620 025f 00       		.byte	0
 621 0260 0A       		.uleb128 0xa
 622 0261 45010000 		.4byte	.LASF42
 623 0265 03       		.byte	0x3
 624 0266 B7       		.byte	0xb7
 625 0267 9A000000 		.4byte	0x9a
 626 026b 04       		.byte	0x4
 627 026c 0A       		.byte	0xa
 628 026d 02       		.byte	0x2
 629 026e 00       		.byte	0
 630 026f 0A       		.uleb128 0xa
 631 0270 97010000 		.4byte	.LASF38
 632 0274 03       		.byte	0x3
 633 0275 B8       		.byte	0xb8
 634 0276 9A000000 		.4byte	0x9a
 635 027a 04       		.byte	0x4
 636 027b 02       		.byte	0x2
 637 027c 00       		.byte	0
 638 027d 00       		.byte	0
 639 027e 00       		.byte	0
 640 027f 09       		.uleb128 0x9
 641 0280 22040000 		.4byte	.LASF45
 642 0284 04       		.byte	0x4
ARM GAS  C:\Users\prana\AppData\Local\Temp\ccOLvP0V.s 			page 27


 643 0285 03       		.byte	0x3
 644 0286 BA       		.byte	0xba
 645 0287 C8020000 		.4byte	0x2c8
 646 028b 0A       		.uleb128 0xa
 647 028c 5B010000 		.4byte	.LASF46
 648 0290 03       		.byte	0x3
 649 0291 BC       		.byte	0xbc
 650 0292 9A000000 		.4byte	0x9a
 651 0296 04       		.byte	0x4
 652 0297 07       		.byte	0x7
 653 0298 19       		.byte	0x19
 654 0299 00       		.byte	0
 655 029a 0A       		.uleb128 0xa
 656 029b 59020000 		.4byte	.LASF47
 657 029f 03       		.byte	0x3
 658 02a0 BD       		.byte	0xbd
 659 02a1 9A000000 		.4byte	0x9a
 660 02a5 04       		.byte	0x4
 661 02a6 08       		.byte	0x8
 662 02a7 11       		.byte	0x11
 663 02a8 00       		.byte	0
 664 02a9 0A       		.uleb128 0xa
 665 02aa C8000000 		.4byte	.LASF48
 666 02ae 03       		.byte	0x3
 667 02af BE       		.byte	0xbe
 668 02b0 9A000000 		.4byte	0x9a
 669 02b4 04       		.byte	0x4
 670 02b5 08       		.byte	0x8
 671 02b6 09       		.byte	0x9
 672 02b7 00       		.byte	0
 673 02b8 0A       		.uleb128 0xa
 674 02b9 97010000 		.4byte	.LASF38
 675 02bd 03       		.byte	0x3
 676 02be BF       		.byte	0xbf
 677 02bf 9A000000 		.4byte	0x9a
 678 02c3 04       		.byte	0x4
 679 02c4 02       		.byte	0x2
 680 02c5 07       		.byte	0x7
 681 02c6 00       		.byte	0
 682 02c7 00       		.byte	0
 683 02c8 0B       		.uleb128 0xb
 684 02c9 04       		.byte	0x4
 685 02ca 03       		.byte	0x3
 686 02cb A2       		.byte	0xa2
 687 02cc 08030000 		.4byte	0x308
 688 02d0 0C       		.uleb128 0xc
 689 02d1 76616C00 		.ascii	"val\000"
 690 02d5 03       		.byte	0x3
 691 02d6 A4       		.byte	0xa4
 692 02d7 9A000000 		.4byte	0x9a
 693 02db 0D       		.uleb128 0xd
 694 02dc 65040000 		.4byte	.LASF49
 695 02e0 03       		.byte	0x3
 696 02e1 AA       		.byte	0xaa
 697 02e2 B3010000 		.4byte	0x1b3
 698 02e6 0D       		.uleb128 0xd
 699 02e7 8E000000 		.4byte	.LASF50
ARM GAS  C:\Users\prana\AppData\Local\Temp\ccOLvP0V.s 			page 28


 700 02eb 03       		.byte	0x3
 701 02ec B2       		.byte	0xb2
 702 02ed ED010000 		.4byte	0x1ed
 703 02f1 0D       		.uleb128 0xd
 704 02f2 08010000 		.4byte	.LASF51
 705 02f6 03       		.byte	0x3
 706 02f7 B9       		.byte	0xb9
 707 02f8 36020000 		.4byte	0x236
 708 02fc 0D       		.uleb128 0xd
 709 02fd 73030000 		.4byte	.LASF52
 710 0301 03       		.byte	0x3
 711 0302 C1       		.byte	0xc1
 712 0303 7F020000 		.4byte	0x27f
 713 0307 00       		.byte	0
 714 0308 03       		.uleb128 0x3
 715 0309 29040000 		.4byte	.LASF53
 716 030d 03       		.byte	0x3
 717 030e C3       		.byte	0xc3
 718 030f C8020000 		.4byte	0x2c8
 719 0313 07       		.uleb128 0x7
 720 0314 20       		.byte	0x20
 721 0315 03       		.byte	0x3
 722 0316 C5       		.byte	0xc5
 723 0317 34030000 		.4byte	0x334
 724 031b 08       		.uleb128 0x8
 725 031c 78010000 		.4byte	.LASF54
 726 0320 03       		.byte	0x3
 727 0321 C7       		.byte	0xc7
 728 0322 84000000 		.4byte	0x84
 729 0326 00       		.byte	0
 730 0327 0E       		.uleb128 0xe
 731 0328 50444F00 		.ascii	"PDO\000"
 732 032c 03       		.byte	0x3
 733 032d C8       		.byte	0xc8
 734 032e 34030000 		.4byte	0x334
 735 0332 04       		.byte	0x4
 736 0333 00       		.byte	0
 737 0334 05       		.uleb128 0x5
 738 0335 08030000 		.4byte	0x308
 739 0339 44030000 		.4byte	0x344
 740 033d 06       		.uleb128 0x6
 741 033e C1000000 		.4byte	0xc1
 742 0342 06       		.byte	0x6
 743 0343 00       		.byte	0
 744 0344 03       		.uleb128 0x3
 745 0345 E8030000 		.4byte	.LASF55
 746 0349 03       		.byte	0x3
 747 034a CA       		.byte	0xca
 748 034b 13030000 		.4byte	0x313
 749 034f 07       		.uleb128 0x7
 750 0350 06       		.byte	0x6
 751 0351 03       		.byte	0x3
 752 0352 D2       		.byte	0xd2
 753 0353 94030000 		.4byte	0x394
 754 0357 08       		.uleb128 0x8
 755 0358 49040000 		.4byte	.LASF56
 756 035c 03       		.byte	0x3
ARM GAS  C:\Users\prana\AppData\Local\Temp\ccOLvP0V.s 			page 29


 757 035d D4       		.byte	0xd4
 758 035e 8F000000 		.4byte	0x8f
 759 0362 00       		.byte	0
 760 0363 08       		.uleb128 0x8
 761 0364 62020000 		.4byte	.LASF57
 762 0368 03       		.byte	0x3
 763 0369 D5       		.byte	0xd5
 764 036a D8000000 		.4byte	0xd8
 765 036e 02       		.byte	0x2
 766 036f 08       		.uleb128 0x8
 767 0370 0B000000 		.4byte	.LASF58
 768 0374 03       		.byte	0x3
 769 0375 D6       		.byte	0xd6
 770 0376 D8000000 		.4byte	0xd8
 771 037a 03       		.byte	0x3
 772 037b 08       		.uleb128 0x8
 773 037c FE030000 		.4byte	.LASF33
 774 0380 03       		.byte	0x3
 775 0381 D7       		.byte	0xd7
 776 0382 84000000 		.4byte	0x84
 777 0386 04       		.byte	0x4
 778 0387 08       		.uleb128 0x8
 779 0388 45020000 		.4byte	.LASF59
 780 038c 03       		.byte	0x3
 781 038d D8       		.byte	0xd8
 782 038e D8000000 		.4byte	0xd8
 783 0392 05       		.byte	0x5
 784 0393 00       		.byte	0
 785 0394 03       		.uleb128 0x3
 786 0395 49030000 		.4byte	.LASF60
 787 0399 03       		.byte	0x3
 788 039a D9       		.byte	0xd9
 789 039b 4F030000 		.4byte	0x34f
 790 039f 07       		.uleb128 0x7
 791 03a0 68       		.byte	0x68
 792 03a1 03       		.byte	0x3
 793 03a2 DB       		.byte	0xdb
 794 03a3 E4030000 		.4byte	0x3e4
 795 03a7 08       		.uleb128 0x8
 796 03a8 6F040000 		.4byte	.LASF61
 797 03ac 03       		.byte	0x3
 798 03ad DD       		.byte	0xdd
 799 03ae A8010000 		.4byte	0x1a8
 800 03b2 00       		.byte	0
 801 03b3 08       		.uleb128 0x8
 802 03b4 5B030000 		.4byte	.LASF62
 803 03b8 03       		.byte	0x3
 804 03b9 E2       		.byte	0xe2
 805 03ba 44030000 		.4byte	0x344
 806 03be 14       		.byte	0x14
 807 03bf 08       		.uleb128 0x8
 808 03c0 9E000000 		.4byte	.LASF63
 809 03c4 03       		.byte	0x3
 810 03c5 E3       		.byte	0xe3
 811 03c6 44030000 		.4byte	0x344
 812 03ca 34       		.byte	0x34
 813 03cb 08       		.uleb128 0x8
ARM GAS  C:\Users\prana\AppData\Local\Temp\ccOLvP0V.s 			page 30


 814 03cc 63010000 		.4byte	.LASF64
 815 03d0 03       		.byte	0x3
 816 03d1 E4       		.byte	0xe4
 817 03d2 94030000 		.4byte	0x394
 818 03d6 54       		.byte	0x54
 819 03d7 08       		.uleb128 0x8
 820 03d8 FE030000 		.4byte	.LASF33
 821 03dc 03       		.byte	0x3
 822 03dd E5       		.byte	0xe5
 823 03de 10010000 		.4byte	0x110
 824 03e2 5A       		.byte	0x5a
 825 03e3 00       		.byte	0
 826 03e4 03       		.uleb128 0x3
 827 03e5 96030000 		.4byte	.LASF65
 828 03e9 03       		.byte	0x3
 829 03ea E7       		.byte	0xe7
 830 03eb 9F030000 		.4byte	0x39f
 831 03ef 05       		.uleb128 0x5
 832 03f0 84000000 		.4byte	0x84
 833 03f4 FF030000 		.4byte	0x3ff
 834 03f8 06       		.uleb128 0x6
 835 03f9 C1000000 		.4byte	0xc1
 836 03fd 0B       		.byte	0xb
 837 03fe 00       		.byte	0
 838 03ff 0F       		.uleb128 0xf
 839 0400 D1000000 		.4byte	.LASF66
 840 0404 04       		.byte	0x4
 841 0405 32       		.byte	0x32
 842 0406 EF030000 		.4byte	0x3ef
 843 040a 05       		.uleb128 0x5
 844 040b 03       		.byte	0x3
 845 040c 00000000 		.4byte	i2cBuf
 846 0410 0F       		.uleb128 0xf
 847 0411 3E000000 		.4byte	.LASF67
 848 0415 03       		.byte	0x3
 849 0416 E9       		.byte	0xe9
 850 0417 E4030000 		.4byte	0x3e4
 851 041b 05       		.uleb128 0x5
 852 041c 03       		.byte	0x3
 853 041d 00000000 		.4byte	gStruct_t
 854 0421 0F       		.uleb128 0xf
 855 0422 31000000 		.4byte	.LASF68
 856 0426 03       		.byte	0x3
 857 0427 EC       		.byte	0xec
 858 0428 32040000 		.4byte	0x432
 859 042c 05       		.uleb128 0x5
 860 042d 03       		.byte	0x3
 861 042e 00000000 		.4byte	g_Struct_Ptr
 862 0432 10       		.uleb128 0x10
 863 0433 04       		.byte	0x4
 864 0434 E4030000 		.4byte	0x3e4
 865 0438 11       		.uleb128 0x11
 866 0439 B6000000 		.4byte	.LASF69
 867 043d 04       		.byte	0x4
 868 043e 2E03     		.2byte	0x32e
 869 0440 D8000000 		.4byte	0xd8
 870 0444 05       		.uleb128 0x5
ARM GAS  C:\Users\prana\AppData\Local\Temp\ccOLvP0V.s 			page 31


 871 0445 03       		.byte	0x3
 872 0446 00000000 		.4byte	isAttachInterrupt
 873 044a 11       		.uleb128 0x11
 874 044b AC000000 		.4byte	.LASF70
 875 044f 04       		.byte	0x4
 876 0450 3003     		.2byte	0x330
 877 0452 84000000 		.4byte	0x84
 878 0456 05       		.uleb128 0x5
 879 0457 03       		.byte	0x3
 880 0458 00000000 		.4byte	gTimerVar
 881 045c 00       		.byte	0
 882              		.section	.debug_abbrev,"",%progbits
 883              	.Ldebug_abbrev0:
 884 0000 01       		.uleb128 0x1
 885 0001 11       		.uleb128 0x11
 886 0002 01       		.byte	0x1
 887 0003 25       		.uleb128 0x25
 888 0004 0E       		.uleb128 0xe
 889 0005 13       		.uleb128 0x13
 890 0006 0B       		.uleb128 0xb
 891 0007 03       		.uleb128 0x3
 892 0008 0E       		.uleb128 0xe
 893 0009 1B       		.uleb128 0x1b
 894 000a 0E       		.uleb128 0xe
 895 000b 10       		.uleb128 0x10
 896 000c 17       		.uleb128 0x17
 897 000d 00       		.byte	0
 898 000e 00       		.byte	0
 899 000f 02       		.uleb128 0x2
 900 0010 24       		.uleb128 0x24
 901 0011 00       		.byte	0
 902 0012 0B       		.uleb128 0xb
 903 0013 0B       		.uleb128 0xb
 904 0014 3E       		.uleb128 0x3e
 905 0015 0B       		.uleb128 0xb
 906 0016 03       		.uleb128 0x3
 907 0017 0E       		.uleb128 0xe
 908 0018 00       		.byte	0
 909 0019 00       		.byte	0
 910 001a 03       		.uleb128 0x3
 911 001b 16       		.uleb128 0x16
 912 001c 00       		.byte	0
 913 001d 03       		.uleb128 0x3
 914 001e 0E       		.uleb128 0xe
 915 001f 3A       		.uleb128 0x3a
 916 0020 0B       		.uleb128 0xb
 917 0021 3B       		.uleb128 0x3b
 918 0022 0B       		.uleb128 0xb
 919 0023 49       		.uleb128 0x49
 920 0024 13       		.uleb128 0x13
 921 0025 00       		.byte	0
 922 0026 00       		.byte	0
 923 0027 04       		.uleb128 0x4
 924 0028 24       		.uleb128 0x24
 925 0029 00       		.byte	0
 926 002a 0B       		.uleb128 0xb
 927 002b 0B       		.uleb128 0xb
ARM GAS  C:\Users\prana\AppData\Local\Temp\ccOLvP0V.s 			page 32


 928 002c 3E       		.uleb128 0x3e
 929 002d 0B       		.uleb128 0xb
 930 002e 03       		.uleb128 0x3
 931 002f 08       		.uleb128 0x8
 932 0030 00       		.byte	0
 933 0031 00       		.byte	0
 934 0032 05       		.uleb128 0x5
 935 0033 01       		.uleb128 0x1
 936 0034 01       		.byte	0x1
 937 0035 49       		.uleb128 0x49
 938 0036 13       		.uleb128 0x13
 939 0037 01       		.uleb128 0x1
 940 0038 13       		.uleb128 0x13
 941 0039 00       		.byte	0
 942 003a 00       		.byte	0
 943 003b 06       		.uleb128 0x6
 944 003c 21       		.uleb128 0x21
 945 003d 00       		.byte	0
 946 003e 49       		.uleb128 0x49
 947 003f 13       		.uleb128 0x13
 948 0040 2F       		.uleb128 0x2f
 949 0041 0B       		.uleb128 0xb
 950 0042 00       		.byte	0
 951 0043 00       		.byte	0
 952 0044 07       		.uleb128 0x7
 953 0045 13       		.uleb128 0x13
 954 0046 01       		.byte	0x1
 955 0047 0B       		.uleb128 0xb
 956 0048 0B       		.uleb128 0xb
 957 0049 3A       		.uleb128 0x3a
 958 004a 0B       		.uleb128 0xb
 959 004b 3B       		.uleb128 0x3b
 960 004c 0B       		.uleb128 0xb
 961 004d 01       		.uleb128 0x1
 962 004e 13       		.uleb128 0x13
 963 004f 00       		.byte	0
 964 0050 00       		.byte	0
 965 0051 08       		.uleb128 0x8
 966 0052 0D       		.uleb128 0xd
 967 0053 00       		.byte	0
 968 0054 03       		.uleb128 0x3
 969 0055 0E       		.uleb128 0xe
 970 0056 3A       		.uleb128 0x3a
 971 0057 0B       		.uleb128 0xb
 972 0058 3B       		.uleb128 0x3b
 973 0059 0B       		.uleb128 0xb
 974 005a 49       		.uleb128 0x49
 975 005b 13       		.uleb128 0x13
 976 005c 38       		.uleb128 0x38
 977 005d 0B       		.uleb128 0xb
 978 005e 00       		.byte	0
 979 005f 00       		.byte	0
 980 0060 09       		.uleb128 0x9
 981 0061 13       		.uleb128 0x13
 982 0062 01       		.byte	0x1
 983 0063 03       		.uleb128 0x3
 984 0064 0E       		.uleb128 0xe
ARM GAS  C:\Users\prana\AppData\Local\Temp\ccOLvP0V.s 			page 33


 985 0065 0B       		.uleb128 0xb
 986 0066 0B       		.uleb128 0xb
 987 0067 3A       		.uleb128 0x3a
 988 0068 0B       		.uleb128 0xb
 989 0069 3B       		.uleb128 0x3b
 990 006a 0B       		.uleb128 0xb
 991 006b 01       		.uleb128 0x1
 992 006c 13       		.uleb128 0x13
 993 006d 00       		.byte	0
 994 006e 00       		.byte	0
 995 006f 0A       		.uleb128 0xa
 996 0070 0D       		.uleb128 0xd
 997 0071 00       		.byte	0
 998 0072 03       		.uleb128 0x3
 999 0073 0E       		.uleb128 0xe
 1000 0074 3A       		.uleb128 0x3a
 1001 0075 0B       		.uleb128 0xb
 1002 0076 3B       		.uleb128 0x3b
 1003 0077 0B       		.uleb128 0xb
 1004 0078 49       		.uleb128 0x49
 1005 0079 13       		.uleb128 0x13
 1006 007a 0B       		.uleb128 0xb
 1007 007b 0B       		.uleb128 0xb
 1008 007c 0D       		.uleb128 0xd
 1009 007d 0B       		.uleb128 0xb
 1010 007e 0C       		.uleb128 0xc
 1011 007f 0B       		.uleb128 0xb
 1012 0080 38       		.uleb128 0x38
 1013 0081 0B       		.uleb128 0xb
 1014 0082 00       		.byte	0
 1015 0083 00       		.byte	0
 1016 0084 0B       		.uleb128 0xb
 1017 0085 17       		.uleb128 0x17
 1018 0086 01       		.byte	0x1
 1019 0087 0B       		.uleb128 0xb
 1020 0088 0B       		.uleb128 0xb
 1021 0089 3A       		.uleb128 0x3a
 1022 008a 0B       		.uleb128 0xb
 1023 008b 3B       		.uleb128 0x3b
 1024 008c 0B       		.uleb128 0xb
 1025 008d 01       		.uleb128 0x1
 1026 008e 13       		.uleb128 0x13
 1027 008f 00       		.byte	0
 1028 0090 00       		.byte	0
 1029 0091 0C       		.uleb128 0xc
 1030 0092 0D       		.uleb128 0xd
 1031 0093 00       		.byte	0
 1032 0094 03       		.uleb128 0x3
 1033 0095 08       		.uleb128 0x8
 1034 0096 3A       		.uleb128 0x3a
 1035 0097 0B       		.uleb128 0xb
 1036 0098 3B       		.uleb128 0x3b
 1037 0099 0B       		.uleb128 0xb
 1038 009a 49       		.uleb128 0x49
 1039 009b 13       		.uleb128 0x13
 1040 009c 00       		.byte	0
 1041 009d 00       		.byte	0
ARM GAS  C:\Users\prana\AppData\Local\Temp\ccOLvP0V.s 			page 34


 1042 009e 0D       		.uleb128 0xd
 1043 009f 0D       		.uleb128 0xd
 1044 00a0 00       		.byte	0
 1045 00a1 03       		.uleb128 0x3
 1046 00a2 0E       		.uleb128 0xe
 1047 00a3 3A       		.uleb128 0x3a
 1048 00a4 0B       		.uleb128 0xb
 1049 00a5 3B       		.uleb128 0x3b
 1050 00a6 0B       		.uleb128 0xb
 1051 00a7 49       		.uleb128 0x49
 1052 00a8 13       		.uleb128 0x13
 1053 00a9 00       		.byte	0
 1054 00aa 00       		.byte	0
 1055 00ab 0E       		.uleb128 0xe
 1056 00ac 0D       		.uleb128 0xd
 1057 00ad 00       		.byte	0
 1058 00ae 03       		.uleb128 0x3
 1059 00af 08       		.uleb128 0x8
 1060 00b0 3A       		.uleb128 0x3a
 1061 00b1 0B       		.uleb128 0xb
 1062 00b2 3B       		.uleb128 0x3b
 1063 00b3 0B       		.uleb128 0xb
 1064 00b4 49       		.uleb128 0x49
 1065 00b5 13       		.uleb128 0x13
 1066 00b6 38       		.uleb128 0x38
 1067 00b7 0B       		.uleb128 0xb
 1068 00b8 00       		.byte	0
 1069 00b9 00       		.byte	0
 1070 00ba 0F       		.uleb128 0xf
 1071 00bb 34       		.uleb128 0x34
 1072 00bc 00       		.byte	0
 1073 00bd 03       		.uleb128 0x3
 1074 00be 0E       		.uleb128 0xe
 1075 00bf 3A       		.uleb128 0x3a
 1076 00c0 0B       		.uleb128 0xb
 1077 00c1 3B       		.uleb128 0x3b
 1078 00c2 0B       		.uleb128 0xb
 1079 00c3 49       		.uleb128 0x49
 1080 00c4 13       		.uleb128 0x13
 1081 00c5 3F       		.uleb128 0x3f
 1082 00c6 19       		.uleb128 0x19
 1083 00c7 02       		.uleb128 0x2
 1084 00c8 18       		.uleb128 0x18
 1085 00c9 00       		.byte	0
 1086 00ca 00       		.byte	0
 1087 00cb 10       		.uleb128 0x10
 1088 00cc 0F       		.uleb128 0xf
 1089 00cd 00       		.byte	0
 1090 00ce 0B       		.uleb128 0xb
 1091 00cf 0B       		.uleb128 0xb
 1092 00d0 49       		.uleb128 0x49
 1093 00d1 13       		.uleb128 0x13
 1094 00d2 00       		.byte	0
 1095 00d3 00       		.byte	0
 1096 00d4 11       		.uleb128 0x11
 1097 00d5 34       		.uleb128 0x34
 1098 00d6 00       		.byte	0
ARM GAS  C:\Users\prana\AppData\Local\Temp\ccOLvP0V.s 			page 35


 1099 00d7 03       		.uleb128 0x3
 1100 00d8 0E       		.uleb128 0xe
 1101 00d9 3A       		.uleb128 0x3a
 1102 00da 0B       		.uleb128 0xb
 1103 00db 3B       		.uleb128 0x3b
 1104 00dc 05       		.uleb128 0x5
 1105 00dd 49       		.uleb128 0x49
 1106 00de 13       		.uleb128 0x13
 1107 00df 3F       		.uleb128 0x3f
 1108 00e0 19       		.uleb128 0x19
 1109 00e1 02       		.uleb128 0x2
 1110 00e2 18       		.uleb128 0x18
 1111 00e3 00       		.byte	0
 1112 00e4 00       		.byte	0
 1113 00e5 00       		.byte	0
 1114              		.section	.debug_aranges,"",%progbits
 1115 0000 14000000 		.4byte	0x14
 1116 0004 0200     		.2byte	0x2
 1117 0006 00000000 		.4byte	.Ldebug_info0
 1118 000a 04       		.byte	0x4
 1119 000b 00       		.byte	0
 1120 000c 0000     		.2byte	0
 1121 000e 0000     		.2byte	0
 1122 0010 00000000 		.4byte	0
 1123 0014 00000000 		.4byte	0
 1124              		.section	.debug_line,"",%progbits
 1125              	.Ldebug_line0:
 1126 0000 3B010000 		.section	.debug_str,"MS",%progbits,1
 1126      02003501 
 1126      00000201 
 1126      FB0E0D00 
 1126      01010101 
 1127              	.LASF26:
 1128 0000 6750444F 		.ascii	"gPDO_Index\000"
 1128      5F496E64 
 1128      657800
 1129              	.LASF58:
 1130 000b 69734765 		.ascii	"isGetStatusInited\000"
 1130      74537461 
 1130      74757349 
 1130      6E697465 
 1130      6400
 1131              	.LASF27:
 1132 001d 6750444F 		.ascii	"gPDO_Type\000"
 1132      5F547970 
 1132      6500
 1133              	.LASF25:
 1134 0027 674D6178 		.ascii	"gMax_Op_I\000"
 1134      5F4F705F 
 1134      4900
 1135              	.LASF68:
 1136 0031 675F5374 		.ascii	"g_Struct_Ptr\000"
 1136      72756374 
 1136      5F507472 
 1136      00
 1137              	.LASF67:
 1138 003e 67537472 		.ascii	"gStruct_t\000"
ARM GAS  C:\Users\prana\AppData\Local\Temp\ccOLvP0V.s 			page 36


 1138      7563745F 
 1138      7400
 1139              	.LASF2:
 1140 0048 73686F72 		.ascii	"short int\000"
 1140      7420696E 
 1140      7400
 1141              	.LASF21:
 1142 0052 47657442 		.ascii	"GetBattStatusBuf\000"
 1142      61747453 
 1142      74617475 
 1142      73427566 
 1142      00
 1143              	.LASF19:
 1144 0063 73697A65 		.ascii	"sizetype\000"
 1144      74797065 
 1144      00
 1145              	.LASF7:
 1146 006c 5F5F7569 		.ascii	"__uint32_t\000"
 1146      6E743332 
 1146      5F7400
 1147              	.LASF4:
 1148 0077 5F5F7569 		.ascii	"__uint16_t\000"
 1148      6E743136 
 1148      5F7400
 1149              	.LASF34:
 1150 0082 67445554 		.ascii	"gDUTSpecRev\000"
 1150      53706563 
 1150      52657600 
 1151              	.LASF50:
 1152 008e 7661725F 		.ascii	"var_src\000"
 1152      73726300 
 1153              	.LASF12:
 1154 0096 75696E74 		.ascii	"uint8_t\000"
 1154      385F7400 
 1155              	.LASF63:
 1156 009e 67507265 		.ascii	"gPrev_SRCCaps\000"
 1156      765F5352 
 1156      43436170 
 1156      7300
 1157              	.LASF70:
 1158 00ac 6754696D 		.ascii	"gTimerVar\000"
 1158      65725661 
 1158      7200
 1159              	.LASF69:
 1160 00b6 69734174 		.ascii	"isAttachInterrupt\000"
 1160      74616368 
 1160      496E7465 
 1160      72727570 
 1160      7400
 1161              	.LASF48:
 1162 00c8 6D61785F 		.ascii	"max_volt\000"
 1162      766F6C74 
 1162      00
 1163              	.LASF66:
 1164 00d1 69326342 		.ascii	"i2cBuf\000"
 1164      756600
 1165              	.LASF15:
ARM GAS  C:\Users\prana\AppData\Local\Temp\ccOLvP0V.s 			page 37


 1166 00d8 666C6F61 		.ascii	"float\000"
 1166      7400
 1167              	.LASF31:
 1168 00de 69734455 		.ascii	"isDUT_FallBack\000"
 1168      545F4661 
 1168      6C6C4261 
 1168      636B00
 1169              	.LASF40:
 1170 00ed 56415253 		.ascii	"VARSRC\000"
 1170      524300
 1171              	.LASF30:
 1172 00f4 43617061 		.ascii	"Capability_Mismatch\000"
 1172      62696C69 
 1172      74795F4D 
 1172      69736D61 
 1172      74636800 
 1173              	.LASF51:
 1174 0108 6261745F 		.ascii	"bat_src\000"
 1174      73726300 
 1175              	.LASF32:
 1176 0110 6750444F 		.ascii	"gPDOsCount\000"
 1176      73436F75 
 1176      6E7400
 1177              	.LASF24:
 1178 011b 674F7065 		.ascii	"gOperating_I\000"
 1178      72617469 
 1178      6E675F49 
 1178      00
 1179              	.LASF6:
 1180 0128 6C6F6E67 		.ascii	"long int\000"
 1180      20696E74 
 1180      00
 1181              	.LASF37:
 1182 0131 766F6C74 		.ascii	"voltage\000"
 1182      61676500 
 1183              	.LASF29:
 1184 0139 67446574 		.ascii	"gDetachFlag\000"
 1184      61636846 
 1184      6C616700 
 1185              	.LASF42:
 1186 0145 6D61785F 		.ascii	"max_voltage\000"
 1186      766F6C74 
 1186      61676500 
 1187              	.LASF3:
 1188 0151 5F5F7569 		.ascii	"__uint8_t\000"
 1188      6E74385F 
 1188      7400
 1189              	.LASF46:
 1190 015b 6D61785F 		.ascii	"max_cur\000"
 1190      63757200 
 1191              	.LASF64:
 1192 0163 674C6F67 		.ascii	"gLogData\000"
 1192      44617461 
 1192      00
 1193              	.LASF18:
 1194 016c 6C6F6E67 		.ascii	"long double\000"
 1194      20646F75 
ARM GAS  C:\Users\prana\AppData\Local\Temp\ccOLvP0V.s 			page 38


 1194      626C6500 
 1195              	.LASF54:
 1196 0178 674E6F4F 		.ascii	"gNoOfPDOs\000"
 1196      6650444F 
 1196      7300
 1197              	.LASF43:
 1198 0182 42415453 		.ascii	"BATSRC\000"
 1198      524300
 1199              	.LASF1:
 1200 0189 756E7369 		.ascii	"unsigned char\000"
 1200      676E6564 
 1200      20636861 
 1200      7200
 1201              	.LASF38:
 1202 0197 73757070 		.ascii	"supply_type\000"
 1202      6C795F74 
 1202      79706500 
 1203              	.LASF22:
 1204 01a3 47657453 		.ascii	"GetStatusBuf\000"
 1204      74617475 
 1204      73427566 
 1204      00
 1205              	.LASF44:
 1206 01b0 6D61785F 		.ascii	"max_power\000"
 1206      706F7765 
 1206      7200
 1207              	.LASF0:
 1208 01ba 7369676E 		.ascii	"signed char\000"
 1208      65642063 
 1208      68617200 
 1209              	.LASF10:
 1210 01c6 6C6F6E67 		.ascii	"long long unsigned int\000"
 1210      206C6F6E 
 1210      6720756E 
 1210      7369676E 
 1210      65642069 
 1211              	.LASF14:
 1212 01dd 75696E74 		.ascii	"uint32_t\000"
 1212      33325F74 
 1212      00
 1213              	.LASF11:
 1214 01e6 756E7369 		.ascii	"unsigned int\000"
 1214      676E6564 
 1214      20696E74 
 1214      00
 1215              	.LASF13:
 1216 01f3 75696E74 		.ascii	"uint16_t\000"
 1216      31365F74 
 1216      00
 1217              	.LASF8:
 1218 01fc 6C6F6E67 		.ascii	"long unsigned int\000"
 1218      20756E73 
 1218      69676E65 
 1218      6420696E 
 1218      7400
 1219              	.LASF28:
 1220 020e 67526571 		.ascii	"gRequestEnableFlag\000"
ARM GAS  C:\Users\prana\AppData\Local\Temp\ccOLvP0V.s 			page 39


 1220      75657374 
 1220      456E6162 
 1220      6C65466C 
 1220      616700
 1221              	.LASF36:
 1222 0221 6D61785F 		.ascii	"max_current\000"
 1222      63757272 
 1222      656E7400 
 1223              	.LASF5:
 1224 022d 73686F72 		.ascii	"short unsigned int\000"
 1224      7420756E 
 1224      7369676E 
 1224      65642069 
 1224      6E7400
 1225              	.LASF17:
 1226 0240 63686172 		.ascii	"char\000"
 1226      00
 1227              	.LASF59:
 1228 0245 69734F43 		.ascii	"isOCPOccurred\000"
 1228      504F6363 
 1228      75727265 
 1228      6400
 1229              	.LASF20:
 1230 0253 5F426F6F 		.ascii	"_Bool\000"
 1230      6C00
 1231              	.LASF47:
 1232 0259 6D696E5F 		.ascii	"min_volt\000"
 1232      766F6C74 
 1232      00
 1233              	.LASF57:
 1234 0262 69734765 		.ascii	"isGetBattStatusInited\000"
 1234      74426174 
 1234      74537461 
 1234      74757349 
 1234      6E697465 
 1235              	.LASF39:
 1236 0278 46495845 		.ascii	"FIXEDSRC\000"
 1236      44535243 
 1236      00
 1237              	.LASF71:
 1238 0281 474E5520 		.ascii	"GNU C11 5.4.1 20160609 (release) [ARM/embedded-5-br"
 1238      43313120 
 1238      352E342E 
 1238      31203230 
 1238      31363036 
 1239 02b4 616E6368 		.ascii	"anch revision 237715] -mcpu=cortex-m0 -mthumb -g -O"
 1239      20726576 
 1239      6973696F 
 1239      6E203233 
 1239      37373135 
 1240 02e7 73202D66 		.ascii	"s -ffunction-sections -ffat-lto-objects -finline-fu"
 1240      66756E63 
 1240      74696F6E 
 1240      2D736563 
 1240      74696F6E 
 1241 031a 6E637469 		.ascii	"nctions -flto -fno-strict-aliasing\000"
 1241      6F6E7320 
ARM GAS  C:\Users\prana\AppData\Local\Temp\ccOLvP0V.s 			page 40


 1241      2D666C74 
 1241      6F202D66 
 1241      6E6F2D73 
 1242              	.LASF41:
 1243 033d 6D696E5F 		.ascii	"min_voltage\000"
 1243      766F6C74 
 1243      61676500 
 1244              	.LASF60:
 1245 0349 67726C4C 		.ascii	"grlLogStructVar_t\000"
 1245      6F675374 
 1245      72756374 
 1245      5661725F 
 1245      7400
 1246              	.LASF62:
 1247 035b 67507265 		.ascii	"gPresent_SRCCaps\000"
 1247      73656E74 
 1247      5F535243 
 1247      43617073 
 1247      00
 1248              	.LASF16:
 1249 036c 646F7562 		.ascii	"double\000"
 1249      6C6500
 1250              	.LASF52:
 1251 0373 7070735F 		.ascii	"pps_src\000"
 1251      73726300 
 1252              	.LASF72:
 1253 037b 7372635C 		.ascii	"src\\app\\battery_charging.c\000"
 1253      6170705C 
 1253      62617474 
 1253      6572795F 
 1253      63686172 
 1254              	.LASF65:
 1255 0396 67726C5F 		.ascii	"grl_Struct_t\000"
 1255      53747275 
 1255      63745F74 
 1255      00
 1256              	.LASF73:
 1257 03a3 443A5C56 		.ascii	"D:\\V-TE-PWR\\PDSS_SRC_SNK\\CYPD3171-24LQXQ_pb\\CYP"
 1257      2D54452D 
 1257      5057525C 
 1257      50445353 
 1257      5F535243 
 1258 03d2 44333137 		.ascii	"D3171-24LQXQ_pb.cydsn\000"
 1258      312D3234 
 1258      4C515851 
 1258      5F70622E 
 1258      63796473 
 1259              	.LASF55:
 1260 03e8 67726C53 		.ascii	"grlSrcCapsStructVar_t\000"
 1260      72634361 
 1260      70735374 
 1260      72756374 
 1260      5661725F 
 1261              	.LASF33:
 1262 03fe 67437573 		.ascii	"gCustomConfig\000"
 1262      746F6D43 
 1262      6F6E6669 
ARM GAS  C:\Users\prana\AppData\Local\Temp\ccOLvP0V.s 			page 41


 1262      6700
 1263              	.LASF35:
 1264 040c 67726C52 		.ascii	"grlRequestPacketVar_t\000"
 1264      65717565 
 1264      73745061 
 1264      636B6574 
 1264      5661725F 
 1265              	.LASF45:
 1266 0422 50505353 		.ascii	"PPSSRC\000"
 1266      524300
 1267              	.LASF53:
 1268 0429 67726C53 		.ascii	"grlSrcPDPkt\000"
 1268      72635044 
 1268      506B7400 
 1269              	.LASF23:
 1270 0435 675F4375 		.ascii	"g_Custom_config_Buf\000"
 1270      73746F6D 
 1270      5F636F6E 
 1270      6669675F 
 1270      42756600 
 1271              	.LASF56:
 1272 0449 6746726F 		.ascii	"gFromBufIndex\000"
 1272      6D427566 
 1272      496E6465 
 1272      7800
 1273              	.LASF9:
 1274 0457 6C6F6E67 		.ascii	"long long int\000"
 1274      206C6F6E 
 1274      6720696E 
 1274      7400
 1275              	.LASF49:
 1276 0465 66697865 		.ascii	"fixed_src\000"
 1276      645F7372 
 1276      6300
 1277              	.LASF61:
 1278 046f 52657175 		.ascii	"RequestPacketConfig\000"
 1278      65737450 
 1278      61636B65 
 1278      74436F6E 
 1278      66696700 
 1279              		.comm	__gnu_lto_v1,1,1
 1280              		.ident	"GCC: (GNU Tools for ARM Embedded Processors) 5.4.1 20160609 (release) [ARM/embedded-5-bran
