ARM GAS  C:\Users\prana\AppData\Local\Temp\ccba1zyc.s 			page 1


   1              		.syntax unified
   2              		.cpu cortex-m0
   3              		.fpu softvfp
   4              		.eabi_attribute 20, 1
   5              		.eabi_attribute 21, 1
   6              		.eabi_attribute 23, 3
   7              		.eabi_attribute 24, 1
   8              		.eabi_attribute 25, 1
   9              		.eabi_attribute 26, 1
  10              		.eabi_attribute 30, 4
  11              		.eabi_attribute 34, 0
  12              		.eabi_attribute 18, 4
  13              		.thumb
  14              		.syntax unified
  15              		.file	"Bootloadable_1.c"
  16              		.text
  17              	.Ltext0:
  18              		.section	.gnu.lto_.profile.b369f360,"",%progbits
  19 0000 789C6361 		.ascii	"x\234ca`d`a`\000\222jB\000\000\310\000C"
  19      60646061 
  19      6000926A 
  19      420000C8 
  19      0043
  20              		.text
  21              		.section	.gnu.lto_.icf.b369f360,"",%progbits
  22 0000 789C6361 		.ascii	"x\234ca`d\000\001>\006\004`b\270\334\371\351+?\323\216"
  22      60640001 
  22      3E060460 
  22      62B8DCF9 
  22      E92B3FD3 
  23 0015 E37D8F98 		.ascii	"\343}\217\230\031\0001\307\006\\"
  23      190031C7 
  23      065C
  24              		.text
  25              		.section	.gnu.lto_.jmpfuncs.b369f360,"",%progbits
  26 0000 789C6361 		.ascii	"x\234ca`d\000\0011\006\004`\002\023L\214\214\314\365"
  26      60640001 
  26      31060460 
  26      02134C8C 
  26      8CCCF5
  27 0013 F52C6011 		.ascii	"\365,`\021F \005\000\0209\001."
  27      46200500 
  27      1039012E 
  28              		.text
  29              		.section	.gnu.lto_.inline.b369f360,"",%progbits
  30 0000 789C6361 		.ascii	"x\234ca`d\000\001g\006\004`b``\345ed`b\272\300\317\300"
  30      60640001 
  30      67060460 
  30      626060E5 
  30      65646062 
  31 0018 B6409E09 		.ascii	"\266@\236\011$\306\310\005\222h`\024|\316\302\310\310"
  31      24C6C805 
  31      92686014 
  31      7CCEC2C8 
  31      C8
  32 0029 A000D4C4 		.ascii	"\240\000\324\304\3147\341\203\007D\236\343\200\035\013"
  32      CC37E183 
ARM GAS  C:\Users\prana\AppData\Local\Temp\ccba1zyc.s 			page 2


  32      07449EE3 
  32      801D0B
  33 0038 509A8581 		.ascii	"P\232\205\201\231\007\250h\202\037\003\003\000\020\353"
  33      9907A868 
  33      821F0303 
  33      0010EB
  34 0047 0852     		.ascii	"\010R"
  35              		.text
  36              		.section	.gnu.lto_.pureconst.b369f360,"",%progbits
  37 0000 789C6361 		.ascii	"x\234ca`d`e```b\220b\222\004\000\000\356\000B"
  37      60646065 
  37      60606062 
  37      90629204 
  37      0000EE00 
  38              		.text
  39              		.section	.gnu.lto_Bootloadable_1_Load.b369f360,"",%progbits
  40 0000 789C654F 		.ascii	"x\234eO=K\003Q\020\334\331w\371\200 h\255\205\245\261"
  40      3D4B0351 
  40      10DCD977 
  40      F9802068 
  40      AD85A5B1 
  41 0014 10047F81 		.ascii	"\020\004\177\201\026\266b\332@\210\311u\301\203\020"
  41      16B662DA 
  41      4088C975 
  41      C18310
  42 0023 EB7BF172 		.ascii	"\353{\361r\250\205`c:\011\010\222h\374,,\016\004\217"
  42      A8856063 
  42      3A090892 
  42      68FC2C2C 
  42      0E048F
  43 0036 FB01F107 		.ascii	"\373\001\361\007\330H\212 \222\"B\264\213\347\276X\272"
  43      D8488A20 
  43      922242B4 
  43      8BE7BE58 
  43      BA
  44 0047 F0D86566 		.ascii	"\360\330ef\230\231g\021\310\314\234\254e\331\363\362"
  44      98996711 
  44      C8CC9CAC 
  44      65D9F3F2 
  45 0057 A0087CD2 		.ascii	"\240\010|\322#\252\247\0310\207N\203\\\206\213/\236"
  45      23AAA719 
  45      30874E83 
  45      5C868B2F 
  45      9E
  46 0068 30A28341 		.ascii	"0\242\203A\300\331\266\226y\273h*\335\011\341+\242\230"
  46      C0D9B696 
  46      79BB682A 
  46      DD09E12B 
  46      A298
  47 007a A74E8436 		.ascii	"\247N\2046\262$\262\376\303\317\351L\262ad\213\177$"
  47      B224B2FE 
  47      C3CFE94C 
  47      B261648B 
  47      7F24
  48 008c 3A489AB8 		.ascii	":H\232\270\273\355P\307\261\247\303\307\304\204-\242"
  48      BBED50C7 
  48      B1A7C3C7 
ARM GAS  C:\Users\prana\AppData\Local\Temp\ccba1zyc.s 			page 3


  48      C4842DA2 
  49 009c 919026E6 		.ascii	"\221\220&\346\223\331l5@4\276\277M\030\271\3704\375"
  49      93D96C35 
  49      4034BEBF 
  49      4D18B9F8 
  49      34FD
  50 00ae E8253566 		.ascii	"\350%5f_\001\3066\010\206\257)w\242\017\265\236\025"
  50      5F01C636 
  50      0886AF29 
  50      77A20FB5 
  50      9E15
  51 00c0 EC48920D 		.ascii	"\354H\222\015<l\364{\231\026\316\352\272np\306\225\324"
  51      3C6CF47B 
  51      9916CEEA 
  51      BA6E70C6 
  51      95D4
  52 00d2 BDC482A4 		.ascii	"\275\304\202\244v\321\202(\316\277\275\343\214\361a"
  52      76D18228 
  52      CEBFBDE3 
  52      8CF161
  53 00e1 84846BA1 		.ascii	"\204\204k\241\336\341\205O01\377\215U\314R\0257p\311"
  53      DEE1854F 
  53      3031FF8D 
  53      55CC5215 
  53      3770C9
  54 00f4 57167D60 		.ascii	"W\026}`?|\2366\232\376q$\2444\225\336K\233\366\256]"
  54      3F7C9E36 
  54      9AFE7124 
  54      A43495DE 
  54      4B9BF6AE 
  55 0109 2DD6EC72 		.ascii	"-\326\354r!\347\354UKv~+\347l\254\345\327\035\247Vq"
  55      21E7EC55 
  55      4B767E2B 
  55      E76CACE5 
  55      D71DA756 
  56 011e 8AE5E24E 		.ascii	"\212\345\342N\305.\254\256\224\350\0274Mpe"
  56      C52EACAE 
  56      94E81734 
  56      4D7065
  57              		.text
  58              		.section	.gnu.lto_Bootloadable_1_SetFlashByte.b369f360,"",%progbits
  59 0000 789C6D54 		.ascii	"x\234mTolSU\024\277\347\335\367^_\377\254m\014\321/"
  59      6F6C5355 
  59      14BFE7DD 
  59      F75E5FFF 
  59      AC6D0CD1 
  60 0015 FBB02FCB 		.ascii	"\373\260/\313$F\343\202\037f\374`\374\023\365\22320"
  60      2446E382 
  60      1F66FC60 
  60      FC13F593 
  60      3230
  61 0027 31312829 		.ascii	"11()\254$&\223\232n\213\022>\364\256]\267%\232\0245"
  61      AC242693 
  61      9A6E8B12 
  61      3EF4AE5D 
  61      B7259A14 
  62 003c 4E44E642 		.ascii	"ND\346B\010\014an+\203\261\012k\337\312\0300`\303i\226"
ARM GAS  C:\Users\prana\AppData\Local\Temp\ccba1zyc.s 			page 4


  62      080C616E 
  62      2B83B10A 
  62      6BDFCA18 
  62      3060C369 
  63 0051 10740EC4 		.ascii	"\020t\016\304\216\014\"\355D0\314Q\317\271\267\302L"
  63      8E0C22ED 
  63      4430CC51 
  63      CFB9B7C2 
  63      4C
  64 0062 769377DF 		.ascii	"v\223w\337=\347\235\363;\347w\316\271Og\300h\245\015"
  64      3DE79DF3 
  64      3BE777CE 
  64      B94F67C0 
  64      68A50D
  65 0075 C6DEC577 		.ascii	"\306\336\305w->`2\320vL0\326li\240\253\003W\207\021"
  65      2D3E6032 
  65      D0764C30 
  65      D66C69A0 
  65      AB035787 
  66 008a 4BD778CF 		.ascii	"K\327x\317\005\306\204\313\270\206\273\307\000 \275"
  66      05C684CB 
  66      B886BBC7 
  66      0020BD
  67 0099 B0804534 		.ascii	"\260\200E4\256\033\020\321t\006\266\016\002\324N\340"
  67      AE1B10D1 
  67      7406B60E 
  67      02D44EE0 
  68 00a9 7F694B1A 		.ascii	"\177iK\032d\333r)mu\267\3005\033\377\263Z\034\260!\316"
  68      64DB7229 
  68      6D75B7C0 
  68      351BFFB3 
  68      5A1CB021 
  69 00be 192B6A32 		.ascii	"\031+j2>\203nX\215V?\264\364\357\346\267\2658\007\320"
  69      3E836E58 
  69      8D563FB4 
  69      F4EFE6B7 
  69      B53807D0 
  70 00d2 512C5CD8 		.ascii	"Q,\\\330\365\233\227D\015*P\374)ykB\343O\000\303\363"
  70      F59B9744 
  70      0D2A50FC 
  70      29796B42 
  70      E34F00C3 
  71 00e7 A13FC67E 		.ascii	"\241?\306~\264\252\366\011\021\025b (\234q\316\341 "
  71      B4AAF609 
  71      11156220 
  71      289C71CE 
  71      E120
  72 00f9 70C4836F 		.ascii	"p\304\203o\241\034\016@9C\025\203CP\205\326\371\356"
  72      A11C0E40 
  72      39431583 
  72      435085D6 
  72      F9EE
  73 010b 9939175F 		.ascii	"\2319\027_#=\367|r\263\331,y\026\336\021<\316u\350Q"
  73      233DF77C 
  73      72B3D92C 
  73      7916DE11 
  73      3CCE75E8 
ARM GAS  C:\Users\prana\AppData\Local\Temp\ccba1zyc.s 			page 5


  74 0120 9E6BCAE1 		.ascii	"\236k\312\341i\362C\016\337A\025\031\237*\336\265}*"
  74      69F2430E 
  74      DF411519 
  74      9F2ADEB5 
  74      7D2A
  75 0132 21623195 		.ascii	"!b1\225?\337\351V\011\371Q\2745?\277\240\363\347$\354"
  75      3FDFE956 
  75      09F951BC 
  75      353FBFA0 
  75      F3E724EC 
  76 0146 E5233DD3 		.ascii	"\345#=\323z\345^\202\265/%\274;\205\035\255\210s\003"
  76      7AE55E82 
  76      B52F25BC 
  76      3B851DAD 
  76      887303
  77 0159 FA15741F 		.ascii	"\372\025t\037&\325\213I\321\242r\364\366\315q\376\274"
  77      26D58B49 
  77      D1A272F4 
  77      F6CD71FE 
  77      BC
  78 016a F4FCF497 		.ascii	"\364\374\364\227\356\031w\311sz\322#v4[\304\346\360"
  78      EE1977C9 
  78      737AD223 
  78      76345BC4 
  78      E6F0
  79 017c FFD9941C 		.ascii	"\377\331\224\034\277\354\332\377\273\233\277&\035/F"
  79      BFECDAFF 
  79      BB9BBF26 
  79      1D2F46
  80 018b B3BDFF85 		.ascii	"\263\275\377\205\034N\254z\020\362\310\212!\007sg\307"
  80      1C4EAC7A 
  80      10F2C88A 
  80      21077367 
  80      C7
  81 019c 5C8A8A00 		.ascii	"\\\212\212\000\224\227\246o\214\202\342\",\224\307\027"
  81      9497A66F 
  81      8C82E222 
  81      2C94C717 
  82 01ac FFDEEFE2 		.ascii	"\377\336\357\342oH\344\317\333\356d\014D\266\205\260"
  82      6F48E4CF 
  82      DBEE640C 
  82      44B685B0 
  83 01bc BB12DE66 		.ascii	"\273\022\336fa\267 \262\011C\012\371\030\"\017>D\236"
  83      61B720B2 
  83      09430AF9 
  83      18220F3E 
  83      449E
  84 01ce 3E79ECB0 		.ascii	">y\354\260\311\337*\345t1\355)\345\264\373!\231\357"
  84      C9DF2AE5 
  84      7431ED29 
  84      E5B4FB21 
  84      99EF
  85 01e0 57247335 		.ascii	"W$s5y\377\2132\263\205\206\242\002\216C%\244\3609\212"
  85      79FF8B32 
  85      B38586A2 
  85      028E4325 
  85      A4F0398A 
ARM GAS  C:\Users\prana\AppData\Local\Temp\ccba1zyc.s 			page 6


  86 01f4 CF003E49 		.ascii	"\317\000>I\250T\343\001'\300\304A\342\362k\351K\337"
  86      A854E301 
  86      27C0C441 
  86      E2F26BE9 
  86      4BDF
  87 0206 3A5B148B 		.ascii	":[\024\2131a\177\355\033\031zd\0250R\"3l\267\216\015"
  87      31617FED 
  87      1B197A64 
  87      15305222 
  87      336CB78E 
  88 021b 74188C2C 		.ascii	"t\030\214,M:Z\270YN:\271hs\343\346\364\340\346\362J"
  88      4D3A5AB8 
  88      594E3AB9 
  88      6873E3E6 
  88      F4E0E6F2 
  89 0230 271F29FD 		.ascii	"'\037)\375 \033\316\362\030\017\007\273\240i\370\342"
  89      201BCEF2 
  89      180F07BB 
  89      A069F8E2 
  90 0240 57216A77 		.ascii	"W!jw&\2742>f\027\303y\312A\254\277\365\316\360\020\220"
  90      26BC323E 
  90      6617C379 
  90      CA41ACBF 
  90      F5CEF010 
  91 0255 32C675D4 		.ascii	"2\306u\324-/\255\203\006\177\030\011\242\253\250\225"
  91      2D2FAD83 
  91      067F1809 
  91      A2ABA895 
  92 0265 8E48072D 		.ascii	"\216H\007-\346n\034\257\337\276\015\233\203>\244f\220"
  92      E66E1CAF 
  92      DFBE0D9B 
  92      833EA466 
  92      90
  93 0276 86ED84F6 		.ascii	"\206\355\204\366O\353L\272F\201\031\012\354\343s'\246"
  93      4FEB4CBA 
  93      4681190A 
  93      ECE37327 
  93      A6
  94 0287 8C1258B1 		.ascii	"\214\022X\261X\364AF\342i\022m\200\3220\010\336\376"
  94      58F44146 
  94      E269126D 
  94      80D23008 
  94      DEFE
  95 0299 35E193AA 		.ascii	"5\341\223\252\244\014\320\021\317N:\310\313\300Z\330"
  95      A40CD011 
  95      CF4E3AC8 
  95      CBC05AD8 
  96 02a9 B2C4058D 		.ascii	"\262\304\005\2153\274\254<\007\321\205\266\211\314Z"
  96      33BCAC3C 
  96      07D185B6 
  96      89CC5A
  97 02b8 15C58A71 		.ascii	"\025\305\212q`R5\312\225\306\2514\261\016S\311.\231"
  97      605235CA 
  97      95C6A934 
  97      B10E53C9 
  97      2E99
  98 02ca 8A531A39 		.ascii	"\212S\0329\224\312\215Z\222\357\271\224\354Y\036\321"
ARM GAS  C:\Users\prana\AppData\Local\Temp\ccba1zyc.s 			page 7


  98      94CA8D5A 
  98      92EFB994 
  98      EC591ED1 
  99 02da 291B7FF7 		.ascii	")\033\177\367\364x\273\247\013:\361ZcU\3340B9@\026\272"
  99      F478BBA7 
  99      0B3AF15A 
  99      6355DC30 
  99      42394016 
 100 02ef 64B48E3D 		.ascii	"d\264\216=\217\221'\332\035\215\026\026\314\352>\352"
 100      8F9127DA 
 100      1D8D1616 
 100      CCEA3EEA 
 101 02ff B9A8A5BB 		.ascii	"\271\250\245\273\227\"J\226\374\011\234\204j\304\226"
 101      97224A96 
 101      FC099C84 
 101      6AC496
 102 030e B9B4DE4F 		.ascii	"\271\264\336OO\225\212\354\305\374\310\261\355|\322"
 102      4F958AEC 
 102      C5FCC8B1 
 102      ED7CD2
 103 031d A518028C 		.ascii	"\245\030\002\214.\253I\222\000\274\222\260\316\360w"
 103      2EAB4992 
 103      00BC92B0 
 103      CEF077
 104 032c 447DF333 		.ascii	"D}\3633\245\006v\005Z&c\217*$\202Y<\223\313\370\024"
 104      A5067605 
 104      5A26638F 
 104      2A248259 
 104      3C93CBF8 
 105 0341 4C91C129 		.ascii	"L\221\301)5\214\013\010\211E\323\256sD\342;\313\020"
 105      358C0B08 
 105      8945D3AE 
 105      7344E23B 
 105      CB10
 106 0353 CAA00950 		.ascii	"\312\240\011P\015\312\274\255\334}\252A\007\367\316"
 106      0DCABCAD 
 106      DC7DAA41 
 106      07F7CE
 107 0362 7EE3540D 		.ascii	"~\343T\015B\2041D@\202\273\256<\271\002\301g\037\020"
 107      42843144 
 107      4082BBAE 
 107      3CB902C1 
 107      671F10
 108 0375 F44982A7 		.ascii	"\364I\202\247\211\240_\366\375\025\026\3434A\350\261"
 108      89A05FF6 
 108      FD1516E3 
 108      3441E8B1 
 109 0385 EFDE629E 		.ascii	"\357\336b\236\227\000\213\034\316 \342u\210\333K\223"
 109      97008B1C 
 109      CE20E275 
 109      88DB4B93 
 110 0395 1E392A68 		.ascii	"\0369*h\221J\335\274\354\210,\211v!\374q\356.jx\037"
 110      914ADDBC 
 110      EC882C89 
 110      7621FC71 
 110      EE2E6A78 
 111 03aa E02C4408 		.ascii	"\340,D\010\003?\367/\336\316\353\370\231\326%l\200G"
ARM GAS  C:\Users\prana\AppData\Local\Temp\ccba1zyc.s 			page 8


 111      033FF72F 
 111      DECEEBF8 
 111      99D6256C 
 111      8047
 112 03bc 5E153966 		.ascii	"^\0259f\343\020\211\3632\214\230\375\331\220\325J\311"
 112      E31089F3 
 112      328C98FD 
 112      D990D54A 
 112      C9
 113 03cd 71F96AD6 		.ascii	"q\371j\326\376\314\250\031\024\355h\215V\347\240\206"
 113      FECCA819 
 113      14ED688D 
 113      56E7A086 
 114 03dd CDE34CA5 		.ascii	"\315\343L\245\326I/Zy\214q\215\341}x\374\325\340\326"
 114      D6492F5A 
 114      798C718D 
 114      E17D78FC 
 114      D5E0D6
 115 03f0 6038D018 		.ascii	"`8\320\030\254\333\270>\324\024\336\034\334\260v}\350"
 115      ACDBB83E 
 115      D414DE1C 
 115      DCB0767D 
 115      E8
 116 0401 A56736BC 		.ascii	"\245g6\274\030\0125\326\207\002u\201M\365\301\215\325"
 116      180A35D6 
 116      87027581 
 116      4DF5C18D 
 116      D5
 117 0412 4F6D668E 		.ascii	"Omf\216@]]8\330\320\340\0107m}s\333\007A\376^\335G\326"
 117      405D5D38 
 117      D8D0E008 
 117      376D7D73 
 117      DB0741FE 
 118 042a A64043F0 		.ascii	"\246@C\360\005\324\233\341\320\207\2577\275\357\300"
 118      05D49BE1 
 118      D087AF37 
 118      BDEFC0
 119 0439 D7CB81C6 		.ascii	"\327\313\201\306\200cK}\003\251\377\005\320w\004)"
 119      80634B7D 
 119      03A9FF05 
 119      D0770429 
 120              		.text
 121              		.section	.gnu.lto_.symbol_nodes.b369f360,"",%progbits
 122 0000 789C6361 		.ascii	"x\234ca`d\310e\000\002&\306z\006\206\011\347\030\030"
 122      6064C865 
 122      000226C6 
 122      7A068609 
 122      E71818
 123 0013 80D4AE06 		.ascii	"\200\324\256\006E\006\006V\006\006\005\006\275\244\374"
 123      45060656 
 123      06060506 
 123      BDA4FC
 124 0022 FC929CFC 		.ascii	"\374\222\234\374\304\224\324\242\242\322\274\222\312"
 124      C494D4A2 
 124      A2D2BC92 
 124      CA
 125 002f 8254A04A 		.ascii	"\202T\240J\246zF\024\225\214\314\365L`\001\006\206\206"
ARM GAS  C:\Users\prana\AppData\Local\Temp\ccba1zyc.s 			page 9


 125      A67A4614 
 125      958CCCF5 
 125      4C600106 
 125      8686
 126 0041 0605209F 		.ascii	"\006\005 \237\245\236\031\231\317\014\204G\036\374c"
 126      A59E1999 
 126      CF0C8447 
 126      1EFC63
 127 0050 64666261 		.ascii	"dfbaX\322\375F\236\001\000\276O\032r"
 127      58D2FD46 
 127      9E0100BE 
 127      4F1A72
 128              		.text
 129              		.section	.gnu.lto_.refs.b369f360,"",%progbits
 130 0000 789C6361 		.ascii	"x\234ca`d`c`\000\222\214\214\214\014\000\000\235\000"
 130      60646063 
 130      6000928C 
 130      8C8C0C00 
 130      009D00
 131 0013 10       		.ascii	"\020"
 132              		.text
 133              		.section	.gnu.lto_.decls.b369f360,"",%progbits
 134 0000 789C8D55 		.ascii	"x\234\215UkLTG\024\276\347\336\005\226\013,\315j\032"
 134      6B4C5447 
 134      14BEE7DE 
 134      05960B2C 
 134      CD6A1A
 135 0013 936E2C9A 		.ascii	"\223n,\232\010\374\242E\233\246?\372\243\221T\375aZ"
 135      08FCA245 
 135      9BA63FFA 
 135      A39154FD 
 135      615A
 136 0025 0355FF98 		.ascii	"\003U\377\230\030\036\267\201\204\260\315\262\304\354"
 136      181EB781 
 136      84B0CDB2 
 136      C4EC
 137 0033 AF0E2C8A 		.ascii	"\257\016,\212\022mQ\252<Z\025\304\007\210\"\210\217"
 137      126D51AA 
 137      3C5A15C4 
 137      07882288 
 137      8F
 138 0044 42115654 		.ascii	"B\021VT\300\267h\225W\221\265\260\020\305(\265\266*"
 138      C0B76895 
 138      5791B5B0 
 138      10C528B5 
 138      B62A
 139 0056 6AB7671E 		.ascii	"j\267g\036\313\275kJ\352d\317\235\2313\347\365\235s"
 139      CBBD6B4A 
 139      EA64CF9D 
 139      9933E7F5 
 139      9D73
 140 0068 66D62481 		.ascii	"f\326$\201D\307\347fIZ\213\313~\\\373q(8\257\221\364"
 140      44C7E766 
 140      495A8BCB 
 140      7E5CFB71 
 140      2838AF91 
 141 007d 61423A8A 		.ascii	"aB:\212\324\216\344A\352F\242\232\375R\360\2402!Bw\000"
ARM GAS  C:\Users\prana\AppData\Local\Temp\ccba1zyc.s 			page 10


 141      D48EE441 
 141      EA46A29A 
 141      FD52F0A0 
 141      32214277 
 142 0092 A90F6910 		.ascii	"\251\017i\020\351\2108\227\205\214g\026}j\337\"\364"
 142      E9883897 
 142      858C6716 
 142      7D6ADF22 
 142      F4
 143 00a3 AD487391 		.ascii	"\255Hs\221Z\221\232\221\356\"\215!\305!\255B\362!\331"
 143      5A919A91 
 143      EE228D21 
 143      C521AD42 
 143      F221D9
 144 00b6 90C69126 		.ascii	"\220\306\221&\220\272\014>\332E\214o\216\3272\370w7"
 144      90BA0C3E 
 144      DA458C6F 
 144      8ED732F8 
 144      7737
 145 00c8 D4860FC1 		.ascii	"\324\206\017\301\000\310 \300K\000\374\013\214$Nl\213"
 145      00C820C0 
 145      4B00FC0B 
 145      8C244E6C 
 145      8B
 146 00d9 0B997DA5 		.ascii	"\013\231}\245\031\326\314$\321\257\304\345\031O7\306"
 146      19D6CC24 
 146      D1AFC4E5 
 146      194F37C6 
 147 00e9 7E81D91F 		.ascii	"~\201\331\037\030\314\210n\035\204\022\314D\300\265"
 147      18CC886E 
 147      1D8412CC 
 147      44C0B5
 148 00f8 F8B92CC4 		.ascii	"\370\271,\304$n\\\326\025\014\366x\270\206\230 \030"
 148      246E5CD6 
 148      150CF678 
 148      B8869820 
 148      18
 149 0109 130440E7 		.ascii	"\023\004@\347\357\331{0RA\233\270\036yQ\273,\341\010"
 149      EFD97B30 
 149      52419BB8 
 149      1E7951BB 
 149      2CE108
 150 011c C1514288 		.ascii	"\301QB\210\234\240g\346\202\377\231'\372\251\014V\025"
 150      9CA067E6 
 150      82FF9927 
 150      FAA90C56 
 150      15
 151 012d 64DCDE9C 		.ascii	"d\334\336\234\272\262;\002\267sUx\007\267\223\355\025"
 151      BAB23B02 
 151      B7735578 
 151      07B793ED 
 151      15
 152 013e FEA879BB 		.ascii	"\376\250y\273\250\036q\223\030\031\326\274\013\365`"
 152      A81E7193 
 152      1819D6BC 
 152      0BF560
 153 014d 83C38045 		.ascii	"\203\303\200E\200#0\017\277i&n\251\345x\347\366\210"
ARM GAS  C:\Users\prana\AppData\Local\Temp\ccba1zyc.s 			page 11


 153      8023300F 
 153      BF69266E 
 153      A9E578E7 
 153      F688
 154 015f 8555A4AA 		.ascii	"\205U\244\252\221x\375c\213+\210\247\000\265d*\005\265"
 154      9178FD63 
 154      8B2B88A7 
 154      00B5642A 
 154      05B5
 155 0171 A0401D50 		.ascii	"\240@\035P\267tI\247C0\204a\037\205\205\250Y\325s\251"
 155      B77449A7 
 155      43308461 
 155      1F8585A8 
 155      59D573A9 
 156 0185 3E4459C1 		.ascii	">DY\301\002=\266q\254\316\214\001\330T\360\003\335?"
 156      023DB671 
 156      ACCE8C01 
 156      D854F003 
 156      DD3F
 157 0197 6C7911C5 		.ascii	"ly\021\305\367\364\270b\373\350?\021J\006]\313\267F"
 157      F7F4B862 
 157      FBE83F11 
 157      4A065DCB 
 157      B746
 158 01a9 EBEF9B20 		.ascii	"\353\357\233 ^=H\243\363\236,Z]VD\3755\203\012M\272"
 158      5E3D48A3 
 158      F39E2C5A 
 158      5D5644FD 
 158      35830A4D 
 159 01be 3F9B8ADF 		.ascii	"?\233\212\337\315\204\024\220\251}$t\236\004Kl\360\241"
 159      CD841490 
 159      A97D2474 
 159      9E044B6C 
 159      F0A1
 160 01d0 4D82E310 		.ascii	"M\202\343\020O\215R)hDH\307\020\022:\360\225\355\235"
 160      4F8D5229 
 160      684448C7 
 160      10123AF0 
 160      95ED9D
 161 01e3 0C35613B 		.ascii	"\0145a;1;\210\015y\303=u\365\012\306\020\2071\341\210"
 161      313B880D 
 161      79C33D75 
 161      F50AC610 
 161      8731E188 
 162 01f7 368415C7 		.ascii	"6\204\025\307\303\2724\342{\022\256l\005\266\351-l\374"
 162      C3BA34E2 
 162      7B12AE6C 
 162      05B6E92D 
 162      6CFC
 163 0209 49E12935 		.ascii	"I\341)5\341\366\217\253\225\243\026\236\322\030\214"
 163      E1F68FAB 
 163      95A3169E 
 163      D2188C
 164 0218 FA66C5C3 		.ascii	"\372f\305\303\221PP\343YH%nb]!A\013\372\377\031\375"
 164      915050E3 
 164      5948256E 
 164      625D2141 
ARM GAS  C:\Users\prana\AppData\Local\Temp\ccba1zyc.s 			page 12


 164      0BFAFF19 
 165 022d C32F1854 		.ascii	"\303/\030T\234\010\352\0242O\"\223\301\363\364\317G"
 165      9C08EA14 
 165      324F2293 
 165      C1F3F4CF 
 165      47
 166 023e 68AD18D2 		.ascii	"h\255\030\322i\035Z\234\3123\177\335\267\277\320\304"
 166      691D5A9C 
 166      CA337FDD 
 166      B7BFD0C4 
 167 024e 62A60227 		.ascii	"b\246\002'\200\005]Q\335\361 |\326\322\235a\245k\003"
 167      80055D51 
 167      DDF1207C 
 167      D6D29D61 
 167      A56B03
 168 0261 51BBBECE 		.ascii	"Q\273\276\316\236\243\346@\355\032\347\357r\223ZT\213"
 168      9EA3E640 
 168      ED1AE7EF 
 168      72935A54 
 168      8B
 169 0272 A162D0A0 		.ascii	"\241b\320\240;l0\326\256\235\325\356\\\357\344h\210"
 169      3B6C30D6 
 169      AE9DD5EE 
 169      5CEFE468 
 169      88
 170 0283 52CA91BF 		.ascii	"R\312\221\277\270\276\331\037\212f\274\204T\225]V*H"
 170      B8BED91F 
 170      8A66BC84 
 170      54955D56 
 170      2A48
 171 0295 272F7F87 		.ascii	"'/\177\207n\242\203\231\300\205\207\251\277\312ooU\225"
 171      6EA28399 
 171      C08587A9 
 171      BFCA6F6F 
 171      5595
 172 02a7 735C7DAA 		.ascii	"s\\}\252\316\3774Z\025\265*\371\377Z\235\332w\377|H"
 172      CEFF345A 
 172      15B52AF9 
 172      FF5A9DDA 
 172      77FF7C48 
 173 02bb 64F14C22 		.ascii	"d\361L\"\241\023\341\007r)\3019\210\024M\376\270\250"
 173      A113E107 
 173      7229C139 
 173      88144DFE 
 173      B8A8
 174 02cd E976344B 		.ascii	"\351v4K\020\362DQ['F\206\364\244\235\347I\273[\374\344"
 174      10F24451 
 174      5B274686 
 174      F4A49DE7 
 174      49BB5BFC 
 175 02e2 70983169 		.ascii	"p\2301i\364L\317Z\027\313\332\205@\326.tl\372A\300\365"
 175      F44CCF5A 
 175      17CBDA85 
 175      40D62E74 
 175      6CFA41C0 
 176 02f7 0E7FF765 		.ascii	"\016\177\367e~\315&\317*&\004gu\300g\003\200\273\031"
 176      7ECD26CF 
ARM GAS  C:\Users\prana\AppData\Local\Temp\ccba1zyc.s 			page 13


 176      2A260467 
 176      75C06703 
 176      80BB19
 177 030a E0BF6A0E 		.ascii	"\340\277j\016\024\204*\3179\340&\357\2536\023\357\024"
 177      14842ACF 
 177      39E026EF 
 177      AB3613EF 
 177      14
 178 031b 2B6EFB27 		.ascii	"+n\373'\377,U)~\"\360X\215p.\001\226\033>\260\301E\216"
 178      FF2C5529 
 178      7E22F058 
 178      8D702E01 
 178      961B3EB0 
 179 0332 FE69CBA6 		.ascii	"\376i\313\246i\013W\236\203\333\213\005\333\016E\362"
 179      690B579E 
 179      83DB8B05 
 179      DB0E45F2 
 180 0342 362BA717 		.ascii	"6+\247\027\347\366\3633\323\221J\021\273\376\246\346"
 180      E7F6F333 
 180      D3914A11 
 180      BBFEA6E6 
 181 0352 82916A0B 		.ascii	"\202\221j\013\304\333\000\255\001\2770\364\035\220\240"
 181      C4DB00AD 
 181      01BF30F4 
 181      1D90A0
 182 0361 17F15D15 		.ascii	"\027\361]\025\021\342\250$\350}\352[\312\306\265\231"
 182      11E2A824 
 182      E87DEA5B 
 182      CAC6B599 
 183 0371 CDFF7177 		.ascii	"\315\377qw\256a=\250&+\310\015\264y\235\207tc\264\334"
 183      AE613DA8 
 183      262BC80D 
 183      B4799D87 
 183      7463B4DC 
 184 0385 17612D11 		.ascii	"\027a-\021\346?\003&t\005\317/3\0047\301\032\300\301"
 184      E63F0326 
 184      7405CF2F 
 184      330437C1 
 184      1AC0C1
 185 0398 EEC9D5D3 		.ascii	"\356\311\325\323\325\226\005[\345\275\244<\206\235!"
 185      D596055B 
 185      E5BDA43C 
 185      869D21
 186 03a7 EF44DBF4 		.ascii	"\357D\333\3640\277~\267`\001\223\362\345w\225E)U\374"
 186      30BF7EB7 
 186      600193F2 
 186      E5779545 
 186      2955FC
 187 03ba 19FBBEF0 		.ascii	"\031\373\276\360Yq8\036\303mL\360\257\264\016\310\334"
 187      5971381E 
 187      C36D4CF0 
 187      AFB40EC8 
 187      DC
 188 03cb 726FE760 		.ascii	"ro\347`\010M\233\373\255\356\023\265Y\271\355\357\210"
 188      084D9BFB 
 188      ADEE13B5 
 188      59B9EDEF 
ARM GAS  C:\Users\prana\AppData\Local\Temp\ccba1zyc.s 			page 14


 188      88
 189 03dc 453564BF 		.ascii	"E5d\277\233x\233J?m;N\012\303\241\017c\355\341u\013"
 189      9B789B4A 
 189      3F6D3B4E 
 189      0AC3A10F 
 189      63EDE175 
 190 03f1 18803BE8 		.ascii	"\030\200;\350\20221\236~X\204\232/\037\337\0320\033"
 190      8232319E 
 190      7E58849A 
 190      2F1FDF1A 
 190      301B
 191 0403 5BAE2FA8 		.ascii	"[\256/\250\345\006x\313\321\031\205w\354t\037\0123\012"
 191      E50678CB 
 191      D1198577 
 191      EC741F0A 
 191      330A
 192 0415 D3BBA00B 		.ascii	"\323\273\240\013\017b/\212&\031d\362\007\246_N\321\207"
 192      0F622F8A 
 192      261964F2 
 192      07A65F4E 
 192      D187
 193 0427 2396BE33 		.ascii	"#\226\2763\212\341\225\211\345\257LmuW\263\252\364\262"
 193      8AE19589 
 193      E5AF4C6D 
 193      7557B3AA 
 193      F4B2
 194 0439 54C88F4E 		.ascii	"T\310\217Nt\367G\005\336\021\204\256\306K3\235\012#"
 194      74F74705 
 194      DE1184AE 
 194      C64B339D 
 194      0A23
 195 044b 883B56E0 		.ascii	"\210;V\340\376\015\231C\201w\304{\262[<\223w1\360a\275"
 195      FE0D9943 
 195      8177C47B 
 195      B25B3C93 
 195      7731F061 
 196 0460 4D636951 		.ascii	"MciQ(\023\375\034\256\361\356\011\347\235\345ge\335"
 196      2813FD1C 
 196      AEF1EE09 
 196      E79DE567 
 196      65DD
 197 0472 D8704D9E 		.ascii	"\330pM\236\265/\357\005\372\322+n\345\370\305.\225k"
 197      B52FEF05 
 197      FAD22B6E 
 197      E5F8C52E 
 197      956B
 198 0484 13DA88AF 		.ascii	"\023\332\210\257\357L\236\007\336\230\304\214\373\211"
 198      EF4C9E07 
 198      DE98C48C 
 198      FB89
 199 0492 E2D39B55 		.ascii	"\342\323\233Uc\223\320\207v\024\315\375\316\314\215"
 199      6393D087 
 199      7614CDFD 
 199      CECC8D
 200 04a1 B1266146 		.ascii	"\261&aF\331\206\376\221\375X\275#\332\230\307\346\240"
 200      D986FE91 
 200      FD58BD23 
ARM GAS  C:\Users\prana\AppData\Local\Temp\ccba1zyc.s 			page 15


 200      DA98C7E6 
 200      A0
 201 04b2 A4FB44D2 		.ascii	"\244\373D\322},\211\017\372\316<\262\030\205\273\202"
 201      7D2C890F 
 201      FACE3CB2 
 201      1885BB82 
 202 04c2 923E2E84 		.ascii	"\222>.\204\307\231\360\226\033[\335A\345D\207\006\341"
 202      C799F096 
 202      1B5BDD41 
 202      E5448706 
 202      E1
 203 04d3 09214CE7 		.ascii	"\011!L\3479K\355vg\266=5#5-[[\237\270~%.\315\313\277"
 203      394BED76 
 203      67B63D35 
 203      23352D5B 
 203      5B9FB87E 
 204 04ec 581D9394 		.ascii	"X\035\223\224\230(\305/\327r4G\252S\313X\237b\317s\244"
 204      9828C52F 
 204      D7723447 
 204      AA53CB58 
 204      9F62CF73 
 205 0501 6BEB56A5 		.ascii	"k\353V\245\330\223>Z\027\254\223\220.\275\367\206\225"
 205      D8933E5A 
 205      17AC9390 
 205      2EBDF786 
 205      95
 206 0512 14CDB92C 		.ascii	"\024\315\271,;57s\251\313\251\205\344e\3458?Y0\213\251"
 206      3B353773 
 206      A9CBA985 
 206      E465E538 
 206      3F59308B 
 207 0527 7497D3F5 		.ascii	"t\227\323\365\215\226\233\220)\205R\271%\213\243\223"
 207      8D969B90 
 207      298552B9 
 207      258BA393 
 208 0537 5C29F6AF 		.ascii	"\\)\366\257\235\033R\035Z\262\226\2539\337\237E1\311"
 208      9D1B521D 
 208      5AB296AB 
 208      39DF9F45 
 208      31C9
 209 0549 B5322B0D 		.ascii	"\2652+\015\325\254(\357\312e\336\326:\262\234Z\262}"
 209      D5AC28EF 
 209      CA65DED6 
 209      3AB29C5A 
 209      B27D
 210 055b C36CBE92 		.ascii	"\303l\276\222\\L\014\225,\351\256\245\316\354\014Gr"
 210      5C4C0C95 
 210      2CE9AEA5 
 210      CEEC0C47 
 210      72
 211 056c 5ECE57E8 		.ascii	"^\316W\350\336\224\236\231\352\230\223\220&@h\016G^"
 211      DE949E99 
 211      EA989390 
 211      2640680E 
 211      475E
 212 057e 0E0D4B0A 		.ascii	"\016\015K\012\313\325\322\235Y\366\234\267L\204\000"
 212      CBD5D29D 
ARM GAS  C:\Users\prana\AppData\Local\Temp\ccba1zyc.s 			page 16


 212      59F69CB7 
 212      4C8400
 213 058d 91F8F1BF 		.ascii	"\221\370\361\277\263\177\3426"
 213      B37FE236 
 214              		.text
 215              		.section	.gnu.lto_.symtab.b369f360,"",%progbits
 216 0000 426F6F74 		.ascii	"Bootloadable_1_Load\000"
 216      6C6F6164 
 216      61626C65 
 216      5F315F4C 
 216      6F616400 
 217 0014 00       		.ascii	"\000"
 218 0015 00       		.ascii	"\000"
 219 0016 00       		.ascii	"\000"
 220 0017 00000000 		.ascii	"\000\000\000\000\000\000\000\000"
 220      00000000 
 221 001f AD000000 		.ascii	"\255\000\000\000"
 222 0023 426F6F74 		.ascii	"Bootloadable_1_SetFlashByte\000"
 222      6C6F6164 
 222      61626C65 
 222      5F315F53 
 222      6574466C 
 223 003f 00       		.ascii	"\000"
 224 0040 00       		.ascii	"\000"
 225 0041 00       		.ascii	"\000"
 226 0042 00000000 		.ascii	"\000\000\000\000\000\000\000\000"
 226      00000000 
 227 004a BE000000 		.ascii	"\276\000\000\000"
 228 004e 63794274 		.ascii	"cyBtldrRunType\000"
 228      6C647252 
 228      756E5479 
 228      706500
 229 005d 00       		.ascii	"\000"
 230 005e 02       		.ascii	"\002"
 231 005f 00       		.ascii	"\000"
 232 0060 00000000 		.ascii	"\000\000\000\000\000\000\000\000"
 232      00000000 
 233 0068 D8000000 		.ascii	"\330\000\000\000"
 234 006c 4379536F 		.ascii	"CySoftwareReset\000"
 234      66747761 
 234      72655265 
 234      73657400 
 235 007c 00       		.ascii	"\000"
 236 007d 02       		.ascii	"\002"
 237 007e 00       		.ascii	"\000"
 238 007f 00000000 		.ascii	"\000\000\000\000\000\000\000\000"
 238      00000000 
 239 0087 C0000000 		.ascii	"\300\000\000\000"
 240 008b 43795379 		.ascii	"CySysFlashWriteRow\000"
 240      73466C61 
 240      73685772 
 240      69746552 
 240      6F7700
 241 009e 00       		.ascii	"\000"
 242 009f 02       		.ascii	"\002"
 243 00a0 00       		.ascii	"\000"
 244 00a1 00000000 		.ascii	"\000\000\000\000\000\000\000\000"
ARM GAS  C:\Users\prana\AppData\Local\Temp\ccba1zyc.s 			page 17


 244      00000000 
 245 00a9 C7000000 		.ascii	"\307\000\000\000"
 246              		.text
 247              		.section	.gnu.lto_.opts,"",%progbits
 248 0000 272D666D 		.ascii	"'-fmath-errno' '-fsigned-zeros' '-ftrapping-math' '"
 248      6174682D 
 248      6572726E 
 248      6F272027 
 248      2D667369 
 249 0033 2D666E6F 		.ascii	"-fno-trapv' '-fno-openmp' '-fno-openacc' '-mcpu=cor"
 249      2D747261 
 249      70762720 
 249      272D666E 
 249      6F2D6F70 
 250 0066 7465782D 		.ascii	"tex-m0' '-mthumb' '-g' '-Os' '-Werror' '-ffunction-"
 250      6D302720 
 250      272D6D74 
 250      68756D62 
 250      2720272D 
 251 0099 73656374 		.ascii	"sections' '-ffat-lto-objects' '-finline-functions' "
 251      696F6E73 
 251      2720272D 
 251      66666174 
 251      2D6C746F 
 252 00cc 272D666C 		.ascii	"'-flto' '-fno-strict-aliasing'\000"
 252      746F2720 
 252      272D666E 
 252      6F2D7374 
 252      72696374 
 253              		.text
 254              		.cfi_sections	.debug_frame
 255              		.section	.text.Bootloadable_1_Load,"ax",%progbits
 256              		.align	1
 257              		.global	Bootloadable_1_Load
 258              		.code	16
 259              		.thumb_func
 260              		.type	Bootloadable_1_Load, %function
 261              	Bootloadable_1_Load:
 262              	.LFB0:
 263              		.file 1 "Generated_Source\\PSoC4\\Bootloadable_1.c"
   1:Generated_Source\PSoC4/Bootloadable_1.c **** /****************************************************************************//**
   2:Generated_Source\PSoC4/Bootloadable_1.c **** * \file Bootloadable_1.c
   3:Generated_Source\PSoC4/Bootloadable_1.c **** * \version 1.50
   4:Generated_Source\PSoC4/Bootloadable_1.c **** *
   5:Generated_Source\PSoC4/Bootloadable_1.c **** * \brief
   6:Generated_Source\PSoC4/Bootloadable_1.c **** *   Provides an API for the Bootloadable application.
   7:Generated_Source\PSoC4/Bootloadable_1.c **** *
   8:Generated_Source\PSoC4/Bootloadable_1.c **** ********************************************************************************
   9:Generated_Source\PSoC4/Bootloadable_1.c **** * \copyright
  10:Generated_Source\PSoC4/Bootloadable_1.c **** * Copyright 2008-2015, Cypress Semiconductor Corporation.  All rights reserved.
  11:Generated_Source\PSoC4/Bootloadable_1.c **** * You may use this file only in accordance with the license, terms, conditions,
  12:Generated_Source\PSoC4/Bootloadable_1.c **** * disclaimers, and limitations in the end user license agreement accompanying
  13:Generated_Source\PSoC4/Bootloadable_1.c **** * the software package with which this file was provided.
  14:Generated_Source\PSoC4/Bootloadable_1.c **** *******************************************************************************/
  15:Generated_Source\PSoC4/Bootloadable_1.c **** 
  16:Generated_Source\PSoC4/Bootloadable_1.c **** #include "Bootloadable_1.h"
  17:Generated_Source\PSoC4/Bootloadable_1.c **** 
ARM GAS  C:\Users\prana\AppData\Local\Temp\ccba1zyc.s 			page 18


  18:Generated_Source\PSoC4/Bootloadable_1.c **** /**
  19:Generated_Source\PSoC4/Bootloadable_1.c ****  \defgroup functions_group Functions
  20:Generated_Source\PSoC4/Bootloadable_1.c ****  @{
  21:Generated_Source\PSoC4/Bootloadable_1.c **** */
  22:Generated_Source\PSoC4/Bootloadable_1.c **** 
  23:Generated_Source\PSoC4/Bootloadable_1.c **** #if (CYDEV_PROJ_TYPE == CYDEV_PROJ_TYPE_LOADABLEANDBOOTLOADER)
  24:Generated_Source\PSoC4/Bootloadable_1.c **** static cystatus Bootloadable_1_WriteFlashByte(const uint32 address, const uint8 inputValue) CYLARGE
  25:Generated_Source\PSoC4/Bootloadable_1.c ****                                ;
  26:Generated_Source\PSoC4/Bootloadable_1.c **** #endif /*(CYDEV_PROJ_TYPE == CYDEV_PROJ_TYPE_LOADABLEANDBOOTLOADER)*/
  27:Generated_Source\PSoC4/Bootloadable_1.c **** 
  28:Generated_Source\PSoC4/Bootloadable_1.c **** /*******************************************************************************
  29:Generated_Source\PSoC4/Bootloadable_1.c **** * Function Name: Bootloadable_1_Load
  30:Generated_Source\PSoC4/Bootloadable_1.c **** ****************************************************************************//**
  31:Generated_Source\PSoC4/Bootloadable_1.c **** *
  32:Generated_Source\PSoC4/Bootloadable_1.c **** * \brief
  33:Generated_Source\PSoC4/Bootloadable_1.c **** *  Schedules the Bootloader/Launcher to be launched and then performs
  34:Generated_Source\PSoC4/Bootloadable_1.c **** *  a software reset to launch it
  35:Generated_Source\PSoC4/Bootloadable_1.c **** *
  36:Generated_Source\PSoC4/Bootloadable_1.c **** * \return
  37:Generated_Source\PSoC4/Bootloadable_1.c **** *  This method will never return. It will load a new application and reset
  38:Generated_Source\PSoC4/Bootloadable_1.c **** *  the device.
  39:Generated_Source\PSoC4/Bootloadable_1.c **** *
  40:Generated_Source\PSoC4/Bootloadable_1.c **** *******************************************************************************/
  41:Generated_Source\PSoC4/Bootloadable_1.c **** void Bootloadable_1_Load(void) 
  42:Generated_Source\PSoC4/Bootloadable_1.c **** {
 264              		.loc 1 42 0
 265              		.cfi_startproc
 266              		@ args = 0, pretend = 0, frame = 0
 267              		@ frame_needed = 0, uses_anonymous_args = 0
  43:Generated_Source\PSoC4/Bootloadable_1.c ****     /* Schedule Bootloader to start after reset */
  44:Generated_Source\PSoC4/Bootloadable_1.c ****     Bootloadable_1_SET_RUN_TYPE(Bootloadable_1_SCHEDULE_BTLDR);
 268              		.loc 1 44 0
 269 0000 4022     		movs	r2, #64
  42:Generated_Source\PSoC4/Bootloadable_1.c ****     /* Schedule Bootloader to start after reset */
 270              		.loc 1 42 0
 271 0002 10B5     		push	{r4, lr}
 272              		.cfi_def_cfa_offset 8
 273              		.cfi_offset 4, -8
 274              		.cfi_offset 14, -4
 275              		.loc 1 44 0
 276 0004 024B     		ldr	r3, .L2
  45:Generated_Source\PSoC4/Bootloadable_1.c **** 
  46:Generated_Source\PSoC4/Bootloadable_1.c ****     CySoftwareReset();
  47:Generated_Source\PSoC4/Bootloadable_1.c **** }
 277              		.loc 1 47 0
 278              		@ sp needed
  44:Generated_Source\PSoC4/Bootloadable_1.c **** 
 279              		.loc 1 44 0
 280 0006 1A60     		str	r2, [r3]
  46:Generated_Source\PSoC4/Bootloadable_1.c **** }
 281              		.loc 1 46 0
 282 0008 FFF7FEFF 		bl	CySoftwareReset
 283              	.LVL0:
 284              		.loc 1 47 0
 285 000c 10BD     		pop	{r4, pc}
 286              	.L3:
 287 000e C046     		.align	2
ARM GAS  C:\Users\prana\AppData\Local\Temp\ccba1zyc.s 			page 19


 288              	.L2:
 289 0010 00000000 		.word	cyBtldrRunType
 290              		.cfi_endproc
 291              	.LFE0:
 292              		.size	Bootloadable_1_Load, .-Bootloadable_1_Load
 293              		.section	.text.Bootloadable_1_SetFlashByte,"ax",%progbits
 294              		.align	1
 295              		.global	Bootloadable_1_SetFlashByte
 296              		.code	16
 297              		.thumb_func
 298              		.type	Bootloadable_1_SetFlashByte, %function
 299              	Bootloadable_1_SetFlashByte:
 300              	.LFB1:
  48:Generated_Source\PSoC4/Bootloadable_1.c **** 
  49:Generated_Source\PSoC4/Bootloadable_1.c **** #if (CYDEV_PROJ_TYPE == CYDEV_PROJ_TYPE_LOADABLEANDBOOTLOADER)
  50:Generated_Source\PSoC4/Bootloadable_1.c **** /*******************************************************************************
  51:Generated_Source\PSoC4/Bootloadable_1.c **** * Function Name: Bootloadable_1_GetActiveApplication
  52:Generated_Source\PSoC4/Bootloadable_1.c **** ****************************************************************************//**
  53:Generated_Source\PSoC4/Bootloadable_1.c **** *
  54:Generated_Source\PSoC4/Bootloadable_1.c **** * \brief
  55:Generated_Source\PSoC4/Bootloadable_1.c **** *   Gets the application which will be loaded after a next reset event.
  56:Generated_Source\PSoC4/Bootloadable_1.c **** *   NOTE Intended for the combination project type ONLY!
  57:Generated_Source\PSoC4/Bootloadable_1.c **** *
  58:Generated_Source\PSoC4/Bootloadable_1.c **** * \return 
  59:Generated_Source\PSoC4/Bootloadable_1.c **** *  A number of the current active application set in the metadata section.
  60:Generated_Source\PSoC4/Bootloadable_1.c **** *  \n  0 - app#0 is set as active.
  61:Generated_Source\PSoC4/Bootloadable_1.c **** *  \n  1 - app#1 is set as active.
  62:Generated_Source\PSoC4/Bootloadable_1.c **** *
  63:Generated_Source\PSoC4/Bootloadable_1.c **** * \note If neither of the applications is set active, then the API returns 0x02.
  64:Generated_Source\PSoC4/Bootloadable_1.c **** *
  65:Generated_Source\PSoC4/Bootloadable_1.c **** *******************************************************************************/
  66:Generated_Source\PSoC4/Bootloadable_1.c **** uint8 Bootloadable_1_GetActiveApplication(void) CYSMALL \
  67:Generated_Source\PSoC4/Bootloadable_1.c ****                           
  68:Generated_Source\PSoC4/Bootloadable_1.c **** {   
  69:Generated_Source\PSoC4/Bootloadable_1.c ****     uint8 result = Bootloadable_1_MD_BTLDB_ACTIVE_NONE;
  70:Generated_Source\PSoC4/Bootloadable_1.c ****     
  71:Generated_Source\PSoC4/Bootloadable_1.c ****     if (0u != Bootloadable_1_GET_CODE_DATA( \
  72:Generated_Source\PSoC4/Bootloadable_1.c ****               Bootloadable_1_MD_BTLDB_ACTIVE_OFFSET(Bootloadable_1_MD_BTLDB_ACTIVE_0))) 
  73:Generated_Source\PSoC4/Bootloadable_1.c ****     {
  74:Generated_Source\PSoC4/Bootloadable_1.c ****         result = Bootloadable_1_MD_BTLDB_ACTIVE_0;
  75:Generated_Source\PSoC4/Bootloadable_1.c ****     }
  76:Generated_Source\PSoC4/Bootloadable_1.c ****     else if (0u != Bootloadable_1_GET_CODE_DATA( \
  77:Generated_Source\PSoC4/Bootloadable_1.c ****                    Bootloadable_1_MD_BTLDB_ACTIVE_OFFSET(Bootloadable_1_MD_BTLDB_ACTIVE_1)))
  78:Generated_Source\PSoC4/Bootloadable_1.c ****     {
  79:Generated_Source\PSoC4/Bootloadable_1.c ****         result = Bootloadable_1_MD_BTLDB_ACTIVE_1;    
  80:Generated_Source\PSoC4/Bootloadable_1.c ****     }
  81:Generated_Source\PSoC4/Bootloadable_1.c ****     else
  82:Generated_Source\PSoC4/Bootloadable_1.c ****     {
  83:Generated_Source\PSoC4/Bootloadable_1.c ****         /*Do nothing, result is none*/
  84:Generated_Source\PSoC4/Bootloadable_1.c ****     }
  85:Generated_Source\PSoC4/Bootloadable_1.c ****     
  86:Generated_Source\PSoC4/Bootloadable_1.c ****     return (result);
  87:Generated_Source\PSoC4/Bootloadable_1.c **** }
  88:Generated_Source\PSoC4/Bootloadable_1.c **** 
  89:Generated_Source\PSoC4/Bootloadable_1.c **** /*******************************************************************************
  90:Generated_Source\PSoC4/Bootloadable_1.c **** * Function Name: Bootloadable_1_SetActiveApplication
  91:Generated_Source\PSoC4/Bootloadable_1.c **** ****************************************************************************//**
ARM GAS  C:\Users\prana\AppData\Local\Temp\ccba1zyc.s 			page 20


  92:Generated_Source\PSoC4/Bootloadable_1.c **** *
  93:Generated_Source\PSoC4/Bootloadable_1.c **** * \brief 
  94:Generated_Source\PSoC4/Bootloadable_1.c **** *   Sets the application which will be loaded after a next reset event.          
  95:Generated_Source\PSoC4/Bootloadable_1.c **** *   
  96:Generated_Source\PSoC4/Bootloadable_1.c **** * \details
  97:Generated_Source\PSoC4/Bootloadable_1.c **** * Theory: 
  98:Generated_Source\PSoC4/Bootloadable_1.c **** *   This API sets in the Flash (metadata section) the given active application 
  99:Generated_Source\PSoC4/Bootloadable_1.c **** *   number.
 100:Generated_Source\PSoC4/Bootloadable_1.c **** *          
 101:Generated_Source\PSoC4/Bootloadable_1.c **** *   NOTE The active application number is not set directly, but the boolean 
 102:Generated_Source\PSoC4/Bootloadable_1.c **** *   mark instead means that the application is active or not for the relative 
 103:Generated_Source\PSoC4/Bootloadable_1.c **** *   metadata. Both metadata sections are updated. For example, if the second 
 104:Generated_Source\PSoC4/Bootloadable_1.c **** *   application is to be set active, then in the metadata section for the first 
 105:Generated_Source\PSoC4/Bootloadable_1.c **** *   application there will be a "0" written, which means that it is not active, and 
 106:Generated_Source\PSoC4/Bootloadable_1.c **** *   for the second metadata section there will be a "1" written, which means that it is 
 107:Generated_Source\PSoC4/Bootloadable_1.c **** *   active. 
 108:Generated_Source\PSoC4/Bootloadable_1.c **** *
 109:Generated_Source\PSoC4/Bootloadable_1.c **** *   NOTE Intended for the combination project type ONLY!
 110:Generated_Source\PSoC4/Bootloadable_1.c **** *
 111:Generated_Source\PSoC4/Bootloadable_1.c **** * \param appId  
 112:Generated_Source\PSoC4/Bootloadable_1.c **** *   The active application number to be written to flash (metadata section) 
 113:Generated_Source\PSoC4/Bootloadable_1.c **** *   NOTE Possible values are:
 114:Generated_Source\PSoC4/Bootloadable_1.c **** *   0 - for the first application
 115:Generated_Source\PSoC4/Bootloadable_1.c **** *   1 - for the second application.
 116:Generated_Source\PSoC4/Bootloadable_1.c **** *   Any other number is considered invalid. 
 117:Generated_Source\PSoC4/Bootloadable_1.c **** *
 118:Generated_Source\PSoC4/Bootloadable_1.c **** * \return 
 119:Generated_Source\PSoC4/Bootloadable_1.c **** *   A status of writing to flash operation.
 120:Generated_Source\PSoC4/Bootloadable_1.c **** *   \n CYRET_SUCCESS - Returned if appId was successfully changed. 
 121:Generated_Source\PSoC4/Bootloadable_1.c **** *   \n CYRET_BAD_PARAM - Returned if the parameter appID passed to the function has the 
 122:Generated_Source\PSoC4/Bootloadable_1.c **** *                       same value as the active application ID. 
 123:Generated_Source\PSoC4/Bootloadable_1.c **** *   \note - The other non-zero value is considered as a failure during writing to flash.  
 124:Generated_Source\PSoC4/Bootloadable_1.c **** *
 125:Generated_Source\PSoC4/Bootloadable_1.c **** *   \note - This API does not update Bootloader_activeApp variable.
 126:Generated_Source\PSoC4/Bootloadable_1.c **** *
 127:Generated_Source\PSoC4/Bootloadable_1.c **** *******************************************************************************/
 128:Generated_Source\PSoC4/Bootloadable_1.c **** cystatus Bootloadable_1_SetActiveApplication(uint8 appId) CYSMALL \
 129:Generated_Source\PSoC4/Bootloadable_1.c ****                 
 130:Generated_Source\PSoC4/Bootloadable_1.c **** {
 131:Generated_Source\PSoC4/Bootloadable_1.c ****     cystatus result = CYRET_SUCCESS;
 132:Generated_Source\PSoC4/Bootloadable_1.c **** 
 133:Generated_Source\PSoC4/Bootloadable_1.c ****     uint8 CYDATA idx;
 134:Generated_Source\PSoC4/Bootloadable_1.c ****     
 135:Generated_Source\PSoC4/Bootloadable_1.c ****     /* If invalid application number */
 136:Generated_Source\PSoC4/Bootloadable_1.c ****     if (appId > Bootloadable_1_MD_BTLDB_ACTIVE_1)
 137:Generated_Source\PSoC4/Bootloadable_1.c ****     {
 138:Generated_Source\PSoC4/Bootloadable_1.c ****         result = CYRET_BAD_PARAM;
 139:Generated_Source\PSoC4/Bootloadable_1.c ****     }
 140:Generated_Source\PSoC4/Bootloadable_1.c ****     else
 141:Generated_Source\PSoC4/Bootloadable_1.c ****     {
 142:Generated_Source\PSoC4/Bootloadable_1.c ****         /* If appID has same value as active application ID */
 143:Generated_Source\PSoC4/Bootloadable_1.c ****         if (1u == Bootloadable_1_GET_CODE_DATA(Bootloadable_1_MD_BTLDB_ACTIVE_OFFSET(appId)))
 144:Generated_Source\PSoC4/Bootloadable_1.c ****         {
 145:Generated_Source\PSoC4/Bootloadable_1.c ****             result = CYRET_BAD_PARAM;
 146:Generated_Source\PSoC4/Bootloadable_1.c ****         }
 147:Generated_Source\PSoC4/Bootloadable_1.c ****         else
 148:Generated_Source\PSoC4/Bootloadable_1.c ****         {
ARM GAS  C:\Users\prana\AppData\Local\Temp\ccba1zyc.s 			page 21


 149:Generated_Source\PSoC4/Bootloadable_1.c ****             /* Updating metadata section */
 150:Generated_Source\PSoC4/Bootloadable_1.c ****             for(idx = 0u; idx < Bootloadable_1_MAX_NUM_OF_BTLDB; idx++)
 151:Generated_Source\PSoC4/Bootloadable_1.c ****             {
 152:Generated_Source\PSoC4/Bootloadable_1.c ****                 result |= Bootloadable_1_WriteFlashByte((uint32) Bootloadable_1_MD_BTLDB_ACTIVE_OFF
 153:Generated_Source\PSoC4/Bootloadable_1.c ****                                                                                             (uint8)
 154:Generated_Source\PSoC4/Bootloadable_1.c ****             }
 155:Generated_Source\PSoC4/Bootloadable_1.c ****         }
 156:Generated_Source\PSoC4/Bootloadable_1.c ****     }
 157:Generated_Source\PSoC4/Bootloadable_1.c ****     
 158:Generated_Source\PSoC4/Bootloadable_1.c ****     return (result);
 159:Generated_Source\PSoC4/Bootloadable_1.c **** }
 160:Generated_Source\PSoC4/Bootloadable_1.c **** 
 161:Generated_Source\PSoC4/Bootloadable_1.c **** /*******************************************************************************
 162:Generated_Source\PSoC4/Bootloadable_1.c **** * Function Name: Bootloadable_1_WriteFlashByte
 163:Generated_Source\PSoC4/Bootloadable_1.c **** ****************************************************************************//**
 164:Generated_Source\PSoC4/Bootloadable_1.c **** *
 165:Generated_Source\PSoC4/Bootloadable_1.c **** * \brief 
 166:Generated_Source\PSoC4/Bootloadable_1.c **** *   This API writes to flash the specified data.
 167:Generated_Source\PSoC4/Bootloadable_1.c **** *
 168:Generated_Source\PSoC4/Bootloadable_1.c **** * \param address 
 169:Generated_Source\PSoC4/Bootloadable_1.c **** *   The address in flash.
 170:Generated_Source\PSoC4/Bootloadable_1.c **** *
 171:Generated_Source\PSoC4/Bootloadable_1.c **** * \param inputValue 
 172:Generated_Source\PSoC4/Bootloadable_1.c **** *   One-byte data.
 173:Generated_Source\PSoC4/Bootloadable_1.c **** *
 174:Generated_Source\PSoC4/Bootloadable_1.c **** * \return 
 175:Generated_Source\PSoC4/Bootloadable_1.c **** *   A status of the writing to flash procedure.
 176:Generated_Source\PSoC4/Bootloadable_1.c **** *
 177:Generated_Source\PSoC4/Bootloadable_1.c **** *******************************************************************************/
 178:Generated_Source\PSoC4/Bootloadable_1.c **** static cystatus Bootloadable_1_WriteFlashByte(const uint32 address, const uint8 inputValue) CYLARGE
 179:Generated_Source\PSoC4/Bootloadable_1.c ****                                
 180:Generated_Source\PSoC4/Bootloadable_1.c **** {
 181:Generated_Source\PSoC4/Bootloadable_1.c ****     cystatus result = CYRET_SUCCESS;
 182:Generated_Source\PSoC4/Bootloadable_1.c ****     uint32 flsAddr = address - CYDEV_FLASH_BASE;
 183:Generated_Source\PSoC4/Bootloadable_1.c ****     uint8  rowData[CYDEV_FLS_ROW_SIZE];
 184:Generated_Source\PSoC4/Bootloadable_1.c **** 
 185:Generated_Source\PSoC4/Bootloadable_1.c ****     #if !(CY_PSOC4)
 186:Generated_Source\PSoC4/Bootloadable_1.c ****         uint8 arrayId = ( uint8 )(flsAddr / CYDEV_FLS_SECTOR_SIZE);
 187:Generated_Source\PSoC4/Bootloadable_1.c ****     #endif  /* !(CY_PSOC4) */
 188:Generated_Source\PSoC4/Bootloadable_1.c **** 
 189:Generated_Source\PSoC4/Bootloadable_1.c ****     #if (CY_PSOC4)
 190:Generated_Source\PSoC4/Bootloadable_1.c ****         uint16 rowNum = ( uint16 )(flsAddr / CYDEV_FLS_ROW_SIZE);
 191:Generated_Source\PSoC4/Bootloadable_1.c ****     #else
 192:Generated_Source\PSoC4/Bootloadable_1.c ****         uint16 rowNum = ( uint16 )((flsAddr % CYDEV_FLS_SECTOR_SIZE) / CYDEV_FLS_ROW_SIZE);
 193:Generated_Source\PSoC4/Bootloadable_1.c ****     #endif  /* (CY_PSOC4) */
 194:Generated_Source\PSoC4/Bootloadable_1.c **** 
 195:Generated_Source\PSoC4/Bootloadable_1.c ****     uint32 baseAddr = address - (address % CYDEV_FLS_ROW_SIZE);
 196:Generated_Source\PSoC4/Bootloadable_1.c ****     uint16 idx;
 197:Generated_Source\PSoC4/Bootloadable_1.c **** 
 198:Generated_Source\PSoC4/Bootloadable_1.c ****     for(idx = 0u; idx < CYDEV_FLS_ROW_SIZE; idx++)
 199:Generated_Source\PSoC4/Bootloadable_1.c ****     {
 200:Generated_Source\PSoC4/Bootloadable_1.c ****         rowData[idx] = (uint8)Bootloadable_1_GET_CODE_DATA(baseAddr + idx);
 201:Generated_Source\PSoC4/Bootloadable_1.c ****     }
 202:Generated_Source\PSoC4/Bootloadable_1.c **** 
 203:Generated_Source\PSoC4/Bootloadable_1.c ****     rowData[address % CYDEV_FLS_ROW_SIZE] = inputValue;
 204:Generated_Source\PSoC4/Bootloadable_1.c **** 
 205:Generated_Source\PSoC4/Bootloadable_1.c ****     #if(CY_PSOC4)
ARM GAS  C:\Users\prana\AppData\Local\Temp\ccba1zyc.s 			page 22


 206:Generated_Source\PSoC4/Bootloadable_1.c ****         result = CySysFlashWriteRow((uint32) rowNum, rowData);
 207:Generated_Source\PSoC4/Bootloadable_1.c ****     #else
 208:Generated_Source\PSoC4/Bootloadable_1.c ****         result = CyWriteRowData(arrayId, rowNum, rowData);
 209:Generated_Source\PSoC4/Bootloadable_1.c ****     #endif  /* (CY_PSOC4) */
 210:Generated_Source\PSoC4/Bootloadable_1.c **** 
 211:Generated_Source\PSoC4/Bootloadable_1.c ****     #if(CY_PSOC5)
 212:Generated_Source\PSoC4/Bootloadable_1.c ****         /***************************************************************************
 213:Generated_Source\PSoC4/Bootloadable_1.c ****         * When writing to flash, data in the instruction cache can become stale.
 214:Generated_Source\PSoC4/Bootloadable_1.c ****         * Therefore, the cache data does not correlate to the data just written to
 215:Generated_Source\PSoC4/Bootloadable_1.c ****         * flash. A call to CyFlushCache() is required to invalidate the data in the
 216:Generated_Source\PSoC4/Bootloadable_1.c ****         * cache and force fresh information to be loaded from flash.
 217:Generated_Source\PSoC4/Bootloadable_1.c ****         ***************************************************************************/
 218:Generated_Source\PSoC4/Bootloadable_1.c ****         CyFlushCache();
 219:Generated_Source\PSoC4/Bootloadable_1.c ****     #endif /* (CY_PSOC5) */
 220:Generated_Source\PSoC4/Bootloadable_1.c ****     return (result);
 221:Generated_Source\PSoC4/Bootloadable_1.c **** }
 222:Generated_Source\PSoC4/Bootloadable_1.c **** #endif /*(CYDEV_PROJ_TYPE == CYDEV_PROJ_TYPE_LOADABLEANDBOOTLOADER)*/
 223:Generated_Source\PSoC4/Bootloadable_1.c **** /** @} functions_group */
 224:Generated_Source\PSoC4/Bootloadable_1.c **** 
 225:Generated_Source\PSoC4/Bootloadable_1.c **** /*******************************************************************************
 226:Generated_Source\PSoC4/Bootloadable_1.c **** * The following code is OBSOLETE and must not be used.
 227:Generated_Source\PSoC4/Bootloadable_1.c **** *******************************************************************************/
 228:Generated_Source\PSoC4/Bootloadable_1.c **** void Bootloadable_1_SetFlashByte(uint32 address, uint8 runType) 
 229:Generated_Source\PSoC4/Bootloadable_1.c **** {
 301              		.loc 1 229 0
 302              		.cfi_startproc
 303              		@ args = 0, pretend = 0, frame = 128
 304              		@ frame_needed = 0, uses_anonymous_args = 0
 305              	.LVL1:
 306 0000 F0B5     		push	{r4, r5, r6, r7, lr}
 307              		.cfi_def_cfa_offset 20
 308              		.cfi_offset 4, -20
 309              		.cfi_offset 5, -16
 310              		.cfi_offset 6, -12
 311              		.cfi_offset 7, -8
 312              		.cfi_offset 14, -4
 230:Generated_Source\PSoC4/Bootloadable_1.c ****     uint32 flsAddr = address - CYDEV_FLASH_BASE;
 231:Generated_Source\PSoC4/Bootloadable_1.c ****     uint8  rowData[CYDEV_FLS_ROW_SIZE];
 232:Generated_Source\PSoC4/Bootloadable_1.c **** 
 233:Generated_Source\PSoC4/Bootloadable_1.c ****     #if !(CY_PSOC4)
 234:Generated_Source\PSoC4/Bootloadable_1.c ****         uint8 arrayId = ( uint8 )(flsAddr / CYDEV_FLS_SECTOR_SIZE);
 235:Generated_Source\PSoC4/Bootloadable_1.c ****     #endif  /* !(CY_PSOC4) */
 236:Generated_Source\PSoC4/Bootloadable_1.c **** 
 237:Generated_Source\PSoC4/Bootloadable_1.c ****     #if (CY_PSOC4)
 238:Generated_Source\PSoC4/Bootloadable_1.c ****         uint16 rowNum = ( uint16 )(flsAddr / CYDEV_FLS_ROW_SIZE);
 239:Generated_Source\PSoC4/Bootloadable_1.c ****     #else
 240:Generated_Source\PSoC4/Bootloadable_1.c ****         uint16 rowNum = ( uint16 )((flsAddr % CYDEV_FLS_SECTOR_SIZE) / CYDEV_FLS_ROW_SIZE);
 241:Generated_Source\PSoC4/Bootloadable_1.c ****     #endif  /* (CY_PSOC4) */
 242:Generated_Source\PSoC4/Bootloadable_1.c **** 
 243:Generated_Source\PSoC4/Bootloadable_1.c ****     uint32 baseAddr = address - (address % CYDEV_FLS_ROW_SIZE);
 313              		.loc 1 243 0
 314 0002 7F23     		movs	r3, #127
 229:Generated_Source\PSoC4/Bootloadable_1.c ****     uint32 flsAddr = address - CYDEV_FLASH_BASE;
 315              		.loc 1 229 0
 316 0004 0C00     		movs	r4, r1
 317              		.loc 1 243 0
 318 0006 0100     		movs	r1, r0
ARM GAS  C:\Users\prana\AppData\Local\Temp\ccba1zyc.s 			page 23


 319              	.LVL2:
 229:Generated_Source\PSoC4/Bootloadable_1.c ****     uint32 flsAddr = address - CYDEV_FLASH_BASE;
 320              		.loc 1 229 0
 321 0008 A1B0     		sub	sp, sp, #132
 322              		.cfi_def_cfa_offset 152
 323              		.loc 1 243 0
 324 000a 9943     		bics	r1, r3
 325 000c 0B00     		movs	r3, r1
 326 000e 0D00     		movs	r5, r1
 244:Generated_Source\PSoC4/Bootloadable_1.c ****     uint16 idx;
 245:Generated_Source\PSoC4/Bootloadable_1.c **** 
 246:Generated_Source\PSoC4/Bootloadable_1.c **** 
 247:Generated_Source\PSoC4/Bootloadable_1.c ****     for (idx = 0u; idx < CYDEV_FLS_ROW_SIZE; idx++)
 248:Generated_Source\PSoC4/Bootloadable_1.c ****     {
 249:Generated_Source\PSoC4/Bootloadable_1.c ****         rowData[idx] = Bootloadable_1_GET_CODE_DATA(baseAddr + idx);
 327              		.loc 1 249 0
 328 0010 6946     		mov	r1, sp
 238:Generated_Source\PSoC4/Bootloadable_1.c ****     #else
 329              		.loc 1 238 0
 330 0012 C209     		lsrs	r2, r0, #7
 331              	.LVL3:
 332 0014 8035     		adds	r5, r5, #128
 333              		.loc 1 249 0
 334 0016 CE1A     		subs	r6, r1, r3
 335              	.LVL4:
 336              	.L5:
 337              		.loc 1 249 0 is_stmt 0 discriminator 3
 338 0018 1F78     		ldrb	r7, [r3]
 339 001a F754     		strb	r7, [r6, r3]
 340 001c 0133     		adds	r3, r3, #1
 247:Generated_Source\PSoC4/Bootloadable_1.c ****     {
 341              		.loc 1 247 0 is_stmt 1 discriminator 3
 342 001e AB42     		cmp	r3, r5
 343 0020 FAD1     		bne	.L5
 250:Generated_Source\PSoC4/Bootloadable_1.c ****     }
 251:Generated_Source\PSoC4/Bootloadable_1.c ****     rowData[address % CYDEV_FLS_ROW_SIZE] = runType;
 344              		.loc 1 251 0
 345 0022 7F23     		movs	r3, #127
 346 0024 1840     		ands	r0, r3
 347              	.LVL5:
 348 0026 0C54     		strb	r4, [r1, r0]
 252:Generated_Source\PSoC4/Bootloadable_1.c **** 
 253:Generated_Source\PSoC4/Bootloadable_1.c ****     #if(CY_PSOC4)
 254:Generated_Source\PSoC4/Bootloadable_1.c ****         (void) CySysFlashWriteRow((uint32) rowNum, rowData);
 349              		.loc 1 254 0
 350 0028 90B2     		uxth	r0, r2
 351 002a FFF7FEFF 		bl	CySysFlashWriteRow
 352              	.LVL6:
 255:Generated_Source\PSoC4/Bootloadable_1.c ****     #else
 256:Generated_Source\PSoC4/Bootloadable_1.c ****         (void) CyWriteRowData(arrayId, rowNum, rowData);
 257:Generated_Source\PSoC4/Bootloadable_1.c ****     #endif  /* (CY_PSOC4) */
 258:Generated_Source\PSoC4/Bootloadable_1.c **** 
 259:Generated_Source\PSoC4/Bootloadable_1.c ****     #if(CY_PSOC5)
 260:Generated_Source\PSoC4/Bootloadable_1.c ****         /***************************************************************************
 261:Generated_Source\PSoC4/Bootloadable_1.c ****         * When writing to flash, data in the instruction cache can become obsolete.
 262:Generated_Source\PSoC4/Bootloadable_1.c ****         * Therefore, the cache data does not correlate to the data just written to
 263:Generated_Source\PSoC4/Bootloadable_1.c ****         * flash. A call to CyFlushCache() is required to invalidate the data in the
ARM GAS  C:\Users\prana\AppData\Local\Temp\ccba1zyc.s 			page 24


 264:Generated_Source\PSoC4/Bootloadable_1.c ****         * cache and force fresh information to be loaded from flash.
 265:Generated_Source\PSoC4/Bootloadable_1.c ****         ***************************************************************************/
 266:Generated_Source\PSoC4/Bootloadable_1.c ****         CyFlushCache();
 267:Generated_Source\PSoC4/Bootloadable_1.c ****     #endif /* (CY_PSOC5) */
 268:Generated_Source\PSoC4/Bootloadable_1.c **** }
 353              		.loc 1 268 0
 354 002e 21B0     		add	sp, sp, #132
 355              		@ sp needed
 356 0030 F0BD     		pop	{r4, r5, r6, r7, pc}
 357              		.cfi_endproc
 358              	.LFE1:
 359              		.size	Bootloadable_1_SetFlashByte, .-Bootloadable_1_SetFlashByte
 360              		.text
 361              	.Letext0:
 362              		.file 2 "Generated_Source\\PSoC4\\cytypes.h"
 363              		.file 3 "Generated_Source\\PSoC4\\CyLib.h"
 364              		.file 4 "Generated_Source\\PSoC4\\CyFlash.h"
 365              		.file 5 "Generated_Source\\PSoC4\\Bootloadable_1.h"
 366              		.section	.debug_info,"",%progbits
 367              	.Ldebug_info0:
 368 0000 9C010000 		.4byte	0x19c
 369 0004 0400     		.2byte	0x4
 370 0006 00000000 		.4byte	.Ldebug_abbrev0
 371 000a 04       		.byte	0x4
 372 000b 01       		.uleb128 0x1
 373 000c 0B010000 		.4byte	.LASF26
 374 0010 0C       		.byte	0xc
 375 0011 F4010000 		.4byte	.LASF27
 376 0015 4E000000 		.4byte	.LASF28
 377 0019 00000000 		.4byte	.Ldebug_ranges0+0
 378 001d 00000000 		.4byte	0
 379 0021 00000000 		.4byte	.Ldebug_line0
 380 0025 02       		.uleb128 0x2
 381 0026 01       		.byte	0x1
 382 0027 06       		.byte	0x6
 383 0028 4B020000 		.4byte	.LASF0
 384 002c 02       		.uleb128 0x2
 385 002d 01       		.byte	0x1
 386 002e 08       		.byte	0x8
 387 002f 20000000 		.4byte	.LASF1
 388 0033 02       		.uleb128 0x2
 389 0034 02       		.byte	0x2
 390 0035 05       		.byte	0x5
 391 0036 1C020000 		.4byte	.LASF2
 392 003a 02       		.uleb128 0x2
 393 003b 02       		.byte	0x2
 394 003c 07       		.byte	0x7
 395 003d 07000000 		.4byte	.LASF3
 396 0041 02       		.uleb128 0x2
 397 0042 04       		.byte	0x4
 398 0043 05       		.byte	0x5
 399 0044 36020000 		.4byte	.LASF4
 400 0048 02       		.uleb128 0x2
 401 0049 04       		.byte	0x4
 402 004a 07       		.byte	0x7
 403 004b 36000000 		.4byte	.LASF5
 404 004f 02       		.uleb128 0x2
ARM GAS  C:\Users\prana\AppData\Local\Temp\ccba1zyc.s 			page 25


 405 0050 08       		.byte	0x8
 406 0051 05       		.byte	0x5
 407 0052 E1010000 		.4byte	.LASF6
 408 0056 02       		.uleb128 0x2
 409 0057 08       		.byte	0x8
 410 0058 07       		.byte	0x7
 411 0059 F4000000 		.4byte	.LASF7
 412 005d 03       		.uleb128 0x3
 413 005e 04       		.byte	0x4
 414 005f 05       		.byte	0x5
 415 0060 696E7400 		.ascii	"int\000"
 416 0064 02       		.uleb128 0x2
 417 0065 04       		.byte	0x4
 418 0066 07       		.byte	0x7
 419 0067 C3000000 		.4byte	.LASF8
 420 006b 04       		.uleb128 0x4
 421 006c 48000000 		.4byte	.LASF9
 422 0070 02       		.byte	0x2
 423 0071 D201     		.2byte	0x1d2
 424 0073 2C000000 		.4byte	0x2c
 425 0077 04       		.uleb128 0x4
 426 0078 B5000000 		.4byte	.LASF10
 427 007c 02       		.byte	0x2
 428 007d D301     		.2byte	0x1d3
 429 007f 3A000000 		.4byte	0x3a
 430 0083 04       		.uleb128 0x4
 431 0084 BC000000 		.4byte	.LASF11
 432 0088 02       		.byte	0x2
 433 0089 D401     		.2byte	0x1d4
 434 008b 48000000 		.4byte	0x48
 435 008f 02       		.uleb128 0x2
 436 0090 04       		.byte	0x4
 437 0091 04       		.byte	0x4
 438 0092 1A000000 		.4byte	.LASF12
 439 0096 02       		.uleb128 0x2
 440 0097 08       		.byte	0x8
 441 0098 04       		.byte	0x4
 442 0099 93000000 		.4byte	.LASF13
 443 009d 02       		.uleb128 0x2
 444 009e 01       		.byte	0x1
 445 009f 08       		.byte	0x8
 446 00a0 EF010000 		.4byte	.LASF14
 447 00a4 05       		.uleb128 0x5
 448 00a5 83000000 		.4byte	0x83
 449 00a9 02       		.uleb128 0x2
 450 00aa 08       		.byte	0x8
 451 00ab 04       		.byte	0x4
 452 00ac 3F020000 		.4byte	.LASF15
 453 00b0 02       		.uleb128 0x2
 454 00b1 04       		.byte	0x4
 455 00b2 07       		.byte	0x7
 456 00b3 D8010000 		.4byte	.LASF16
 457 00b7 06       		.uleb128 0x6
 458 00b8 66020000 		.4byte	.LASF17
 459 00bc 01       		.byte	0x1
 460 00bd 29       		.byte	0x29
 461 00be 00000000 		.4byte	.LFB0
ARM GAS  C:\Users\prana\AppData\Local\Temp\ccba1zyc.s 			page 26


 462 00c2 14000000 		.4byte	.LFE0-.LFB0
 463 00c6 01       		.uleb128 0x1
 464 00c7 9C       		.byte	0x9c
 465 00c8 D6000000 		.4byte	0xd6
 466 00cc 07       		.uleb128 0x7
 467 00cd 0C000000 		.4byte	.LVL0
 468 00d1 89010000 		.4byte	0x189
 469 00d5 00       		.byte	0
 470 00d6 06       		.uleb128 0x6
 471 00d7 D0000000 		.4byte	.LASF18
 472 00db 01       		.byte	0x1
 473 00dc E4       		.byte	0xe4
 474 00dd 00000000 		.4byte	.LFB1
 475 00e1 32000000 		.4byte	.LFE1-.LFB1
 476 00e5 01       		.uleb128 0x1
 477 00e6 9C       		.byte	0x9c
 478 00e7 6E010000 		.4byte	0x16e
 479 00eb 08       		.uleb128 0x8
 480 00ec EC000000 		.4byte	.LASF19
 481 00f0 01       		.byte	0x1
 482 00f1 E4       		.byte	0xe4
 483 00f2 83000000 		.4byte	0x83
 484 00f6 00000000 		.4byte	.LLST0
 485 00fa 08       		.uleb128 0x8
 486 00fb C7010000 		.4byte	.LASF20
 487 00ff 01       		.byte	0x1
 488 0100 E4       		.byte	0xe4
 489 0101 6B000000 		.4byte	0x6b
 490 0105 21000000 		.4byte	.LLST1
 491 0109 09       		.uleb128 0x9
 492 010a AD000000 		.4byte	.LASF21
 493 010e 01       		.byte	0x1
 494 010f E6       		.byte	0xe6
 495 0110 83000000 		.4byte	0x83
 496 0114 42000000 		.4byte	.LLST2
 497 0118 0A       		.uleb128 0xa
 498 0119 2E000000 		.4byte	.LASF22
 499 011d 01       		.byte	0x1
 500 011e E7       		.byte	0xe7
 501 011f 6E010000 		.4byte	0x16e
 502 0123 03       		.uleb128 0x3
 503 0124 91       		.byte	0x91
 504 0125 E87E     		.sleb128 -152
 505 0127 09       		.uleb128 0x9
 506 0128 00000000 		.4byte	.LASF23
 507 012c 01       		.byte	0x1
 508 012d EE       		.byte	0xee
 509 012e 77000000 		.4byte	0x77
 510 0132 63000000 		.4byte	.LLST3
 511 0136 0B       		.uleb128 0xb
 512 0137 CF010000 		.4byte	.LASF29
 513 013b 01       		.byte	0x1
 514 013c F3       		.byte	0xf3
 515 013d 83000000 		.4byte	0x83
 516 0141 0C       		.uleb128 0xc
 517 0142 69647800 		.ascii	"idx\000"
 518 0146 01       		.byte	0x1
ARM GAS  C:\Users\prana\AppData\Local\Temp\ccba1zyc.s 			page 27


 519 0147 F4       		.byte	0xf4
 520 0148 77000000 		.4byte	0x77
 521 014c 86000000 		.4byte	.LLST4
 522 0150 0D       		.uleb128 0xd
 523 0151 2E000000 		.4byte	.LVL6
 524 0155 94010000 		.4byte	0x194
 525 0159 0E       		.uleb128 0xe
 526 015a 01       		.uleb128 0x1
 527 015b 50       		.byte	0x50
 528 015c 09       		.uleb128 0x9
 529 015d F3       		.byte	0xf3
 530 015e 01       		.uleb128 0x1
 531 015f 50       		.byte	0x50
 532 0160 37       		.byte	0x37
 533 0161 25       		.byte	0x25
 534 0162 0A       		.byte	0xa
 535 0163 FFFF     		.2byte	0xffff
 536 0165 1A       		.byte	0x1a
 537 0166 0E       		.uleb128 0xe
 538 0167 01       		.uleb128 0x1
 539 0168 51       		.byte	0x51
 540 0169 02       		.uleb128 0x2
 541 016a 7D       		.byte	0x7d
 542 016b 00       		.sleb128 0
 543 016c 00       		.byte	0
 544 016d 00       		.byte	0
 545 016e 0F       		.uleb128 0xf
 546 016f 6B000000 		.4byte	0x6b
 547 0173 7E010000 		.4byte	0x17e
 548 0177 10       		.uleb128 0x10
 549 0178 B0000000 		.4byte	0xb0
 550 017c 7F       		.byte	0x7f
 551 017d 00       		.byte	0
 552 017e 11       		.uleb128 0x11
 553 017f 57020000 		.4byte	.LASF30
 554 0183 05       		.byte	0x5
 555 0184 38       		.byte	0x38
 556 0185 A4000000 		.4byte	0xa4
 557 0189 12       		.uleb128 0x12
 558 018a 26020000 		.4byte	.LASF24
 559 018e 26020000 		.4byte	.LASF24
 560 0192 03       		.byte	0x3
 561 0193 E4       		.byte	0xe4
 562 0194 12       		.uleb128 0x12
 563 0195 9A000000 		.4byte	.LASF25
 564 0199 9A000000 		.4byte	.LASF25
 565 019d 04       		.byte	0x4
 566 019e 4E       		.byte	0x4e
 567 019f 00       		.byte	0
 568              		.section	.debug_abbrev,"",%progbits
 569              	.Ldebug_abbrev0:
 570 0000 01       		.uleb128 0x1
 571 0001 11       		.uleb128 0x11
 572 0002 01       		.byte	0x1
 573 0003 25       		.uleb128 0x25
 574 0004 0E       		.uleb128 0xe
 575 0005 13       		.uleb128 0x13
ARM GAS  C:\Users\prana\AppData\Local\Temp\ccba1zyc.s 			page 28


 576 0006 0B       		.uleb128 0xb
 577 0007 03       		.uleb128 0x3
 578 0008 0E       		.uleb128 0xe
 579 0009 1B       		.uleb128 0x1b
 580 000a 0E       		.uleb128 0xe
 581 000b 55       		.uleb128 0x55
 582 000c 17       		.uleb128 0x17
 583 000d 11       		.uleb128 0x11
 584 000e 01       		.uleb128 0x1
 585 000f 10       		.uleb128 0x10
 586 0010 17       		.uleb128 0x17
 587 0011 00       		.byte	0
 588 0012 00       		.byte	0
 589 0013 02       		.uleb128 0x2
 590 0014 24       		.uleb128 0x24
 591 0015 00       		.byte	0
 592 0016 0B       		.uleb128 0xb
 593 0017 0B       		.uleb128 0xb
 594 0018 3E       		.uleb128 0x3e
 595 0019 0B       		.uleb128 0xb
 596 001a 03       		.uleb128 0x3
 597 001b 0E       		.uleb128 0xe
 598 001c 00       		.byte	0
 599 001d 00       		.byte	0
 600 001e 03       		.uleb128 0x3
 601 001f 24       		.uleb128 0x24
 602 0020 00       		.byte	0
 603 0021 0B       		.uleb128 0xb
 604 0022 0B       		.uleb128 0xb
 605 0023 3E       		.uleb128 0x3e
 606 0024 0B       		.uleb128 0xb
 607 0025 03       		.uleb128 0x3
 608 0026 08       		.uleb128 0x8
 609 0027 00       		.byte	0
 610 0028 00       		.byte	0
 611 0029 04       		.uleb128 0x4
 612 002a 16       		.uleb128 0x16
 613 002b 00       		.byte	0
 614 002c 03       		.uleb128 0x3
 615 002d 0E       		.uleb128 0xe
 616 002e 3A       		.uleb128 0x3a
 617 002f 0B       		.uleb128 0xb
 618 0030 3B       		.uleb128 0x3b
 619 0031 05       		.uleb128 0x5
 620 0032 49       		.uleb128 0x49
 621 0033 13       		.uleb128 0x13
 622 0034 00       		.byte	0
 623 0035 00       		.byte	0
 624 0036 05       		.uleb128 0x5
 625 0037 35       		.uleb128 0x35
 626 0038 00       		.byte	0
 627 0039 49       		.uleb128 0x49
 628 003a 13       		.uleb128 0x13
 629 003b 00       		.byte	0
 630 003c 00       		.byte	0
 631 003d 06       		.uleb128 0x6
 632 003e 2E       		.uleb128 0x2e
ARM GAS  C:\Users\prana\AppData\Local\Temp\ccba1zyc.s 			page 29


 633 003f 01       		.byte	0x1
 634 0040 3F       		.uleb128 0x3f
 635 0041 19       		.uleb128 0x19
 636 0042 03       		.uleb128 0x3
 637 0043 0E       		.uleb128 0xe
 638 0044 3A       		.uleb128 0x3a
 639 0045 0B       		.uleb128 0xb
 640 0046 3B       		.uleb128 0x3b
 641 0047 0B       		.uleb128 0xb
 642 0048 27       		.uleb128 0x27
 643 0049 19       		.uleb128 0x19
 644 004a 11       		.uleb128 0x11
 645 004b 01       		.uleb128 0x1
 646 004c 12       		.uleb128 0x12
 647 004d 06       		.uleb128 0x6
 648 004e 40       		.uleb128 0x40
 649 004f 18       		.uleb128 0x18
 650 0050 9742     		.uleb128 0x2117
 651 0052 19       		.uleb128 0x19
 652 0053 01       		.uleb128 0x1
 653 0054 13       		.uleb128 0x13
 654 0055 00       		.byte	0
 655 0056 00       		.byte	0
 656 0057 07       		.uleb128 0x7
 657 0058 898201   		.uleb128 0x4109
 658 005b 00       		.byte	0
 659 005c 11       		.uleb128 0x11
 660 005d 01       		.uleb128 0x1
 661 005e 31       		.uleb128 0x31
 662 005f 13       		.uleb128 0x13
 663 0060 00       		.byte	0
 664 0061 00       		.byte	0
 665 0062 08       		.uleb128 0x8
 666 0063 05       		.uleb128 0x5
 667 0064 00       		.byte	0
 668 0065 03       		.uleb128 0x3
 669 0066 0E       		.uleb128 0xe
 670 0067 3A       		.uleb128 0x3a
 671 0068 0B       		.uleb128 0xb
 672 0069 3B       		.uleb128 0x3b
 673 006a 0B       		.uleb128 0xb
 674 006b 49       		.uleb128 0x49
 675 006c 13       		.uleb128 0x13
 676 006d 02       		.uleb128 0x2
 677 006e 17       		.uleb128 0x17
 678 006f 00       		.byte	0
 679 0070 00       		.byte	0
 680 0071 09       		.uleb128 0x9
 681 0072 34       		.uleb128 0x34
 682 0073 00       		.byte	0
 683 0074 03       		.uleb128 0x3
 684 0075 0E       		.uleb128 0xe
 685 0076 3A       		.uleb128 0x3a
 686 0077 0B       		.uleb128 0xb
 687 0078 3B       		.uleb128 0x3b
 688 0079 0B       		.uleb128 0xb
 689 007a 49       		.uleb128 0x49
ARM GAS  C:\Users\prana\AppData\Local\Temp\ccba1zyc.s 			page 30


 690 007b 13       		.uleb128 0x13
 691 007c 02       		.uleb128 0x2
 692 007d 17       		.uleb128 0x17
 693 007e 00       		.byte	0
 694 007f 00       		.byte	0
 695 0080 0A       		.uleb128 0xa
 696 0081 34       		.uleb128 0x34
 697 0082 00       		.byte	0
 698 0083 03       		.uleb128 0x3
 699 0084 0E       		.uleb128 0xe
 700 0085 3A       		.uleb128 0x3a
 701 0086 0B       		.uleb128 0xb
 702 0087 3B       		.uleb128 0x3b
 703 0088 0B       		.uleb128 0xb
 704 0089 49       		.uleb128 0x49
 705 008a 13       		.uleb128 0x13
 706 008b 02       		.uleb128 0x2
 707 008c 18       		.uleb128 0x18
 708 008d 00       		.byte	0
 709 008e 00       		.byte	0
 710 008f 0B       		.uleb128 0xb
 711 0090 34       		.uleb128 0x34
 712 0091 00       		.byte	0
 713 0092 03       		.uleb128 0x3
 714 0093 0E       		.uleb128 0xe
 715 0094 3A       		.uleb128 0x3a
 716 0095 0B       		.uleb128 0xb
 717 0096 3B       		.uleb128 0x3b
 718 0097 0B       		.uleb128 0xb
 719 0098 49       		.uleb128 0x49
 720 0099 13       		.uleb128 0x13
 721 009a 00       		.byte	0
 722 009b 00       		.byte	0
 723 009c 0C       		.uleb128 0xc
 724 009d 34       		.uleb128 0x34
 725 009e 00       		.byte	0
 726 009f 03       		.uleb128 0x3
 727 00a0 08       		.uleb128 0x8
 728 00a1 3A       		.uleb128 0x3a
 729 00a2 0B       		.uleb128 0xb
 730 00a3 3B       		.uleb128 0x3b
 731 00a4 0B       		.uleb128 0xb
 732 00a5 49       		.uleb128 0x49
 733 00a6 13       		.uleb128 0x13
 734 00a7 02       		.uleb128 0x2
 735 00a8 17       		.uleb128 0x17
 736 00a9 00       		.byte	0
 737 00aa 00       		.byte	0
 738 00ab 0D       		.uleb128 0xd
 739 00ac 898201   		.uleb128 0x4109
 740 00af 01       		.byte	0x1
 741 00b0 11       		.uleb128 0x11
 742 00b1 01       		.uleb128 0x1
 743 00b2 31       		.uleb128 0x31
 744 00b3 13       		.uleb128 0x13
 745 00b4 00       		.byte	0
 746 00b5 00       		.byte	0
ARM GAS  C:\Users\prana\AppData\Local\Temp\ccba1zyc.s 			page 31


 747 00b6 0E       		.uleb128 0xe
 748 00b7 8A8201   		.uleb128 0x410a
 749 00ba 00       		.byte	0
 750 00bb 02       		.uleb128 0x2
 751 00bc 18       		.uleb128 0x18
 752 00bd 9142     		.uleb128 0x2111
 753 00bf 18       		.uleb128 0x18
 754 00c0 00       		.byte	0
 755 00c1 00       		.byte	0
 756 00c2 0F       		.uleb128 0xf
 757 00c3 01       		.uleb128 0x1
 758 00c4 01       		.byte	0x1
 759 00c5 49       		.uleb128 0x49
 760 00c6 13       		.uleb128 0x13
 761 00c7 01       		.uleb128 0x1
 762 00c8 13       		.uleb128 0x13
 763 00c9 00       		.byte	0
 764 00ca 00       		.byte	0
 765 00cb 10       		.uleb128 0x10
 766 00cc 21       		.uleb128 0x21
 767 00cd 00       		.byte	0
 768 00ce 49       		.uleb128 0x49
 769 00cf 13       		.uleb128 0x13
 770 00d0 2F       		.uleb128 0x2f
 771 00d1 0B       		.uleb128 0xb
 772 00d2 00       		.byte	0
 773 00d3 00       		.byte	0
 774 00d4 11       		.uleb128 0x11
 775 00d5 34       		.uleb128 0x34
 776 00d6 00       		.byte	0
 777 00d7 03       		.uleb128 0x3
 778 00d8 0E       		.uleb128 0xe
 779 00d9 3A       		.uleb128 0x3a
 780 00da 0B       		.uleb128 0xb
 781 00db 3B       		.uleb128 0x3b
 782 00dc 0B       		.uleb128 0xb
 783 00dd 49       		.uleb128 0x49
 784 00de 13       		.uleb128 0x13
 785 00df 3F       		.uleb128 0x3f
 786 00e0 19       		.uleb128 0x19
 787 00e1 3C       		.uleb128 0x3c
 788 00e2 19       		.uleb128 0x19
 789 00e3 00       		.byte	0
 790 00e4 00       		.byte	0
 791 00e5 12       		.uleb128 0x12
 792 00e6 2E       		.uleb128 0x2e
 793 00e7 00       		.byte	0
 794 00e8 3F       		.uleb128 0x3f
 795 00e9 19       		.uleb128 0x19
 796 00ea 3C       		.uleb128 0x3c
 797 00eb 19       		.uleb128 0x19
 798 00ec 6E       		.uleb128 0x6e
 799 00ed 0E       		.uleb128 0xe
 800 00ee 03       		.uleb128 0x3
 801 00ef 0E       		.uleb128 0xe
 802 00f0 3A       		.uleb128 0x3a
 803 00f1 0B       		.uleb128 0xb
ARM GAS  C:\Users\prana\AppData\Local\Temp\ccba1zyc.s 			page 32


 804 00f2 3B       		.uleb128 0x3b
 805 00f3 0B       		.uleb128 0xb
 806 00f4 00       		.byte	0
 807 00f5 00       		.byte	0
 808 00f6 00       		.byte	0
 809              		.section	.debug_loc,"",%progbits
 810              	.Ldebug_loc0:
 811              	.LLST0:
 812 0000 00000000 		.4byte	.LVL1
 813 0004 26000000 		.4byte	.LVL5
 814 0008 0100     		.2byte	0x1
 815 000a 50       		.byte	0x50
 816 000b 26000000 		.4byte	.LVL5
 817 000f 32000000 		.4byte	.LFE1
 818 0013 0400     		.2byte	0x4
 819 0015 F3       		.byte	0xf3
 820 0016 01       		.uleb128 0x1
 821 0017 50       		.byte	0x50
 822 0018 9F       		.byte	0x9f
 823 0019 00000000 		.4byte	0
 824 001d 00000000 		.4byte	0
 825              	.LLST1:
 826 0021 00000000 		.4byte	.LVL1
 827 0025 08000000 		.4byte	.LVL2
 828 0029 0100     		.2byte	0x1
 829 002b 51       		.byte	0x51
 830 002c 08000000 		.4byte	.LVL2
 831 0030 32000000 		.4byte	.LFE1
 832 0034 0400     		.2byte	0x4
 833 0036 F3       		.byte	0xf3
 834 0037 01       		.uleb128 0x1
 835 0038 51       		.byte	0x51
 836 0039 9F       		.byte	0x9f
 837 003a 00000000 		.4byte	0
 838 003e 00000000 		.4byte	0
 839              	.LLST2:
 840 0042 00000000 		.4byte	.LVL1
 841 0046 26000000 		.4byte	.LVL5
 842 004a 0100     		.2byte	0x1
 843 004c 50       		.byte	0x50
 844 004d 26000000 		.4byte	.LVL5
 845 0051 32000000 		.4byte	.LFE1
 846 0055 0400     		.2byte	0x4
 847 0057 F3       		.byte	0xf3
 848 0058 01       		.uleb128 0x1
 849 0059 50       		.byte	0x50
 850 005a 9F       		.byte	0x9f
 851 005b 00000000 		.4byte	0
 852 005f 00000000 		.4byte	0
 853              	.LLST3:
 854 0063 14000000 		.4byte	.LVL3
 855 0067 2D000000 		.4byte	.LVL6-1
 856 006b 0100     		.2byte	0x1
 857 006d 52       		.byte	0x52
 858 006e 2D000000 		.4byte	.LVL6-1
 859 0072 32000000 		.4byte	.LFE1
 860 0076 0600     		.2byte	0x6
ARM GAS  C:\Users\prana\AppData\Local\Temp\ccba1zyc.s 			page 33


 861 0078 F3       		.byte	0xf3
 862 0079 01       		.uleb128 0x1
 863 007a 50       		.byte	0x50
 864 007b 37       		.byte	0x37
 865 007c 25       		.byte	0x25
 866 007d 9F       		.byte	0x9f
 867 007e 00000000 		.4byte	0
 868 0082 00000000 		.4byte	0
 869              	.LLST4:
 870 0086 14000000 		.4byte	.LVL3
 871 008a 18000000 		.4byte	.LVL4
 872 008e 0200     		.2byte	0x2
 873 0090 30       		.byte	0x30
 874 0091 9F       		.byte	0x9f
 875 0092 00000000 		.4byte	0
 876 0096 00000000 		.4byte	0
 877              		.section	.debug_aranges,"",%progbits
 878 0000 24000000 		.4byte	0x24
 879 0004 0200     		.2byte	0x2
 880 0006 00000000 		.4byte	.Ldebug_info0
 881 000a 04       		.byte	0x4
 882 000b 00       		.byte	0
 883 000c 0000     		.2byte	0
 884 000e 0000     		.2byte	0
 885 0010 00000000 		.4byte	.LFB0
 886 0014 14000000 		.4byte	.LFE0-.LFB0
 887 0018 00000000 		.4byte	.LFB1
 888 001c 32000000 		.4byte	.LFE1-.LFB1
 889 0020 00000000 		.4byte	0
 890 0024 00000000 		.4byte	0
 891              		.section	.debug_ranges,"",%progbits
 892              	.Ldebug_ranges0:
 893 0000 00000000 		.4byte	.LFB0
 894 0004 14000000 		.4byte	.LFE0
 895 0008 00000000 		.4byte	.LFB1
 896 000c 32000000 		.4byte	.LFE1
 897 0010 00000000 		.4byte	0
 898 0014 00000000 		.4byte	0
 899              		.section	.debug_line,"",%progbits
 900              	.Ldebug_line0:
 901 0000 CA000000 		.section	.debug_str,"MS",%progbits,1
 901      02007700 
 901      00000201 
 901      FB0E0D00 
 901      01010101 
 902              	.LASF23:
 903 0000 726F774E 		.ascii	"rowNum\000"
 903      756D00
 904              	.LASF3:
 905 0007 73686F72 		.ascii	"short unsigned int\000"
 905      7420756E 
 905      7369676E 
 905      65642069 
 905      6E7400
 906              	.LASF12:
 907 001a 666C6F61 		.ascii	"float\000"
 907      7400
ARM GAS  C:\Users\prana\AppData\Local\Temp\ccba1zyc.s 			page 34


 908              	.LASF1:
 909 0020 756E7369 		.ascii	"unsigned char\000"
 909      676E6564 
 909      20636861 
 909      7200
 910              	.LASF22:
 911 002e 726F7744 		.ascii	"rowData\000"
 911      61746100 
 912              	.LASF5:
 913 0036 6C6F6E67 		.ascii	"long unsigned int\000"
 913      20756E73 
 913      69676E65 
 913      6420696E 
 913      7400
 914              	.LASF9:
 915 0048 75696E74 		.ascii	"uint8\000"
 915      3800
 916              	.LASF28:
 917 004e 443A5C56 		.ascii	"D:\\V-TE-PWR\\PDSS_SRC_SNK\\CYPD3171-24LQXQ_pb\\CYP"
 917      2D54452D 
 917      5057525C 
 917      50445353 
 917      5F535243 
 918 007d 44333137 		.ascii	"D3171-24LQXQ_pb.cydsn\000"
 918      312D3234 
 918      4C515851 
 918      5F70622E 
 918      63796473 
 919              	.LASF13:
 920 0093 646F7562 		.ascii	"double\000"
 920      6C6500
 921              	.LASF25:
 922 009a 43795379 		.ascii	"CySysFlashWriteRow\000"
 922      73466C61 
 922      73685772 
 922      69746552 
 922      6F7700
 923              	.LASF21:
 924 00ad 666C7341 		.ascii	"flsAddr\000"
 924      64647200 
 925              	.LASF10:
 926 00b5 75696E74 		.ascii	"uint16\000"
 926      313600
 927              	.LASF11:
 928 00bc 75696E74 		.ascii	"uint32\000"
 928      333200
 929              	.LASF8:
 930 00c3 756E7369 		.ascii	"unsigned int\000"
 930      676E6564 
 930      20696E74 
 930      00
 931              	.LASF18:
 932 00d0 426F6F74 		.ascii	"Bootloadable_1_SetFlashByte\000"
 932      6C6F6164 
 932      61626C65 
 932      5F315F53 
 932      6574466C 
ARM GAS  C:\Users\prana\AppData\Local\Temp\ccba1zyc.s 			page 35


 933              	.LASF19:
 934 00ec 61646472 		.ascii	"address\000"
 934      65737300 
 935              	.LASF7:
 936 00f4 6C6F6E67 		.ascii	"long long unsigned int\000"
 936      206C6F6E 
 936      6720756E 
 936      7369676E 
 936      65642069 
 937              	.LASF26:
 938 010b 474E5520 		.ascii	"GNU C11 5.4.1 20160609 (release) [ARM/embedded-5-br"
 938      43313120 
 938      352E342E 
 938      31203230 
 938      31363036 
 939 013e 616E6368 		.ascii	"anch revision 237715] -mcpu=cortex-m0 -mthumb -g -O"
 939      20726576 
 939      6973696F 
 939      6E203233 
 939      37373135 
 940 0171 73202D66 		.ascii	"s -ffunction-sections -ffat-lto-objects -finline-fu"
 940      66756E63 
 940      74696F6E 
 940      2D736563 
 940      74696F6E 
 941 01a4 6E637469 		.ascii	"nctions -flto -fno-strict-aliasing\000"
 941      6F6E7320 
 941      2D666C74 
 941      6F202D66 
 941      6E6F2D73 
 942              	.LASF20:
 943 01c7 72756E54 		.ascii	"runType\000"
 943      79706500 
 944              	.LASF29:
 945 01cf 62617365 		.ascii	"baseAddr\000"
 945      41646472 
 945      00
 946              	.LASF16:
 947 01d8 73697A65 		.ascii	"sizetype\000"
 947      74797065 
 947      00
 948              	.LASF6:
 949 01e1 6C6F6E67 		.ascii	"long long int\000"
 949      206C6F6E 
 949      6720696E 
 949      7400
 950              	.LASF14:
 951 01ef 63686172 		.ascii	"char\000"
 951      00
 952              	.LASF27:
 953 01f4 47656E65 		.ascii	"Generated_Source\\PSoC4\\Bootloadable_1.c\000"
 953      72617465 
 953      645F536F 
 953      75726365 
 953      5C50536F 
 954              	.LASF2:
 955 021c 73686F72 		.ascii	"short int\000"
ARM GAS  C:\Users\prana\AppData\Local\Temp\ccba1zyc.s 			page 36


 955      7420696E 
 955      7400
 956              	.LASF24:
 957 0226 4379536F 		.ascii	"CySoftwareReset\000"
 957      66747761 
 957      72655265 
 957      73657400 
 958              	.LASF4:
 959 0236 6C6F6E67 		.ascii	"long int\000"
 959      20696E74 
 959      00
 960              	.LASF15:
 961 023f 6C6F6E67 		.ascii	"long double\000"
 961      20646F75 
 961      626C6500 
 962              	.LASF0:
 963 024b 7369676E 		.ascii	"signed char\000"
 963      65642063 
 963      68617200 
 964              	.LASF30:
 965 0257 63794274 		.ascii	"cyBtldrRunType\000"
 965      6C647252 
 965      756E5479 
 965      706500
 966              	.LASF17:
 967 0266 426F6F74 		.ascii	"Bootloadable_1_Load\000"
 967      6C6F6164 
 967      61626C65 
 967      5F315F4C 
 967      6F616400 
 968              		.comm	__gnu_lto_v1,1,1
 969              		.ident	"GCC: (GNU Tools for ARM Embedded Processors) 5.4.1 20160609 (release) [ARM/embedded-5-bran
