ARM GAS  C:\Users\prana\AppData\Local\Temp\ccbfJGO2.s 			page 1


   1              		.syntax unified
   2              		.cpu cortex-m0
   3              		.fpu softvfp
   4              		.eabi_attribute 20, 1
   5              		.eabi_attribute 21, 1
   6              		.eabi_attribute 23, 3
   7              		.eabi_attribute 24, 1
   8              		.eabi_attribute 25, 1
   9              		.eabi_attribute 26, 1
  10              		.eabi_attribute 30, 4
  11              		.eabi_attribute 34, 0
  12              		.eabi_attribute 18, 4
  13              		.thumb
  14              		.syntax unified
  15              		.file	"BUCK_BOOST_EN_C.c"
  16              		.text
  17              	.Ltext0:
  18              		.section	.gnu.lto_.profile.b369de0a,"",%progbits
  19 0000 789C6361 		.ascii	"x\234ca`d`a`\000\222\352\212\000\000\331\000S"
  19      60646061 
  19      600092EA 
  19      8A0000D9 
  19      0053
  20              		.text
  21              		.section	.gnu.lto_.icf.b369de0a,"",%progbits
  22 0000 789C6361 		.ascii	"x\234ca`d\000\0015\006\004`c\330\272\366\367u~\306\237"
  22      60640001 
  22      35060460 
  22      63D8BAF6 
  22      F7757EC6 
  23 0015 0B8F1EE0 		.ascii	"\013\217\036\340b\232\270\356\373\036\026\346\331\023"
  23      629AB8EE 
  23      FB1E16E6 
  23      D913
  24 0023 EEB6F3B2 		.ascii	"\356\266\363\262<\274\367\365\004\013\353\275\206\177"
  24      3CBCF7F5 
  24      040BEBBD 
  24      867F
  25 0031 33D81900 		.ascii	"3\330\031\000tD\022\272"
  25      744412BA 
  26              		.text
  27              		.section	.gnu.lto_.jmpfuncs.b369de0a,"",%progbits
  28 0000 789C45C9 		.ascii	"x\234E\311\261\001\000 \010\300\260\026\320+\374\225"
  28      B1010020 
  28      08C0B016 
  28      D02BFC95 
  29 0010 D795C90C 		.ascii	"\327\225\311\014]Z\3108|\033\265\235\004$Thv\257\367"
  29      5D5AC838 
  29      7C1BB59D 
  29      04245468 
  29      76AFF7
  30 0023 2E215502 		.ascii	".!U\002@"
  30      40
  31              		.text
  32              		.section	.gnu.lto_.inline.b369de0a,"",%progbits
  33 0000 789C658D 		.ascii	"x\234e\215\311\015\2000\014\004\327\216\343\030\011"
  33      C90D8030 
ARM GAS  C:\Users\prana\AppData\Local\Temp\ccbfJGO2.s 			page 2


  33      0C04D78E 
  33      E31809
  34 000f 093A4807 		.ascii	"\011:H\007\224@\245<R\012%P\012%`\203\004B\231\307>"
  34      9440A53C 
  34      520A2550 
  34      0A256083 
  34      044299C7 
  35 0024 767C0808 		.ascii	"v|\010\010\301\206\017\005\254\020\301\\%\333Wh\253"
  35      C1860F05 
  35      AC10C15C 
  35      25DB5768 
  35      AB
  36 0035 0C3E2609 		.ascii	"\014>&\011K\030\254\223\322\352-\031\232\011\254\347"
  36      4B18AC93 
  36      D2EA2D19 
  36      9A09ACE7 
  37 0045 F2F44EEA 		.ascii	"\362\364N\352+\211\023\214\331OP\204\374\237x\2141\226"
  37      2B89138C 
  37      D94F5084 
  37      FC9F788C 
  37      3196
  38 0057 51D4375F 		.ascii	"Q\3247_\031\\\353\300\017\342"
  38      195CEBC0 
  38      0FE2
  39              		.text
  40              		.section	.gnu.lto_.pureconst.b369de0a,"",%progbits
  41 0000 789C6361 		.ascii	"x\234ca`d\340e```c\220b\224b\222b\226b\221b\225\002"
  41      6064E065 
  41      60606063 
  41      90629462 
  41      92629662 
  42 0018 00059500 		.ascii	"\000\005\225\000\304"
  42      C4
  43              		.text
  44              		.section	.gnu.lto_BUCK_BOOST_EN_C_SetDriveMode.b369de0a,"",%progbits
  45 0000 789C7D51 		.ascii	"x\234}QMK\033Q\024\275\347\275\311L\212U\267\005\263"
  45      4D4B1B51 
  45      14BDE7BD 
  45      C94C8A55 
  45      B705B3
  46 0013 E84E0245 		.ascii	"\350N\002E\002\355/0\210\013A\245iwJ(:K\015\004\273"
  46      02ED2F30 
  46      880B41A5 
  46      69774A28 
  46      3A4B0D04 
  47 0028 F625E3A0 		.ascii	"\366%\343\240\270(\202(tQ\\\205\250\3750%`[\272\011"
  47      B8288228 
  47      74515C85 
  47      A8FD3025 
  47      605BBA09 
  48 003c 11ABAB08 		.ascii	"\021\253\253\010.\\\212\270\230\202n\242U\020Q\307{"
  48      2E5C8AB8 
  48      98826EA2 
  48      551051C7 
  48      7B
  49 004d 2759F7C1 		.ascii	"'Y\367\301\273\367\316\341\234\303yw,\002\311\331\341"
  49      BBF7CEE1 
ARM GAS  C:\Users\prana\AppData\Local\Temp\ccbfJGO2.s 			page 3


  49      9CC37977 
  49      2C02C9D9 
  49      E1
  50 005e 96E2DEC3 		.ascii	"\226\342\336\303\027\232\240\226\032D\205\270\002d0"
  50      179AA096 
  50      1A4485B8 
  50      026430
  51 006d 71D0ACC2 		.ascii	"q\320\254\302,\256\325\275B}>\370\245\222e\303\347\304"
  51      2CAED5BD 
  51      427D3EF8 
  51      A59265C3 
  51      E7C4
  52 007f 0F460BC6 		.ascii	"\017F\013\306\177\346k\242PEN\2042\222\314\372W--w\350"
  52      7FE66BA2 
  52      50454E84 
  52      3292CCFA 
  52      572D2D77 
  53 0094 17209E2F 		.ascii	"\027 \236/\032\315\343\256\336\2221Ec~\217\033\355k"
  53      1ACDE3AE 
  53      DE923145 
  53      637E8F1B 
  53      ED6B
  54 00a6 601D9A15 		.ascii	"`\035\232\025x\231@*A\014\0206\320+\344\323\357\017"
  54      7899402A 
  54      410C1036 
  54      D02BE4D3 
  54      EF0F
  55 00b8 2B9DF69C 		.ascii	"+\235\366\234\330?o\231b\023\266\304\334z]3a\350\231"
  55      D83F6F99 
  55      6213B6C4 
  55      DC7A5D33 
  55      61E899
  56 00cb 5AD5DEDD 		.ascii	"Z\325\336\335\266\237(\226)-\305\202\210c2\332R\034"
  56      B69F2896 
  56      292DC582 
  56      886332DA 
  56      521C
  57 00dd 29444DBE 		.ascii	")DM\276\022\377B)\351:@\375v\361\350\243-~\236\226\247"
  57      12FF4229 
  57      E93A40FD 
  57      76F1E8A3 
  57      2D7E9E96 
  58 00f2 ACFAF503 		.ascii	"\254\372\365\003\347J\371ZG9\253\037\016\037:Z\237\013"
  58      E74AF95A 
  58      4739AB1F 
  58      0E1F3A5A 
  58      9F0B
  59 0104 C5256331 		.ascii	"\305%c1t^j\354;k\370T\230\203\257-|A\002\237\221\340"
  59      745E6AEC 
  59      3B6BF854 
  59      9883AF2D 
  59      7C41029F 
  60 011a 4C5FB106 		.ascii	"L_\261\006\012\340\335\265\355t\313\361\357\317\315"
  60      0AE0DDB5 
  60      ED74CBF1 
  60      EFCFCD
  61 0129 F5C84261 		.ascii	"\365\310Ba/\014\303n|cv\200\342\245\323\242\305<m\211"
ARM GAS  C:\Users\prana\AppData\Local\Temp\ccbfJGO2.s 			page 4


  61      2F0CC36E 
  61      7C637680 
  61      E2A5D3A2 
  61      C53C6D89 
  62 013d ACD99609 		.ascii	"\254\331\226\011$;\275\254\224\237\212,\006\215\255"
  62      243BBDAC 
  62      949F8A2C 
  62      068DAD
  63 014c 48E2DDB4 		.ascii	"H\342\335\264)Ndn3T_\205@\377\213U\341X,\2413\024k?"
  63      294E646E 
  63      33545F85 
  63      40FF8B55 
  63      E1582CA1 
  64 0164 FE28A147 		.ascii	"\376(\241G\177\245\251 ;\340\215$\007\335i7\377n\306"
  64      7FA5A920 
  64      3BE08D24 
  64      07DD6937 
  64      FF6EC6
  65 0177 9DCC6672 		.ascii	"\235\314fr\357\363\023\356\330h&\227~5\326\3776=\224"
  65      EFF313EE 
  65      D8682697 
  65      7E35D6FF 
  65      363D94
  66 018a ED1F19C9 		.ascii	"\355\037\031\311\274\311\016\014g\323}\023dM\345&\335"
  66      BCC90E0C 
  66      67D37D13 
  66      644DE526 
  66      DD
  67 019b 47ADD5A1 		.ascii	"G\255\325\241?"
  67      3F
  68              		.text
  69              		.section	.gnu.lto_BUCK_BOOST_EN_C_Write.b369de0a,"",%progbits
  70 0000 789C5551 		.ascii	"x\234UQ\317KTQ\030\275\347\336\367\313&\351\017h\026"
  70      CF4B5451 
  70      18BDE7DE 
  70      F7CB26E9 
  70      0F6816
  71 0013 6E440622 		.ascii	"nD\006\"\244\202\366\016\341\"\310h\252\2255\014\372"
  71      A482F60E 
  71      E122C868 
  71      AA95350C 
  71      FA
  72 0024 560D0983 		.ascii	"V\015\011\203\272\365\316\2143\003V`\013u\325\014\021"
  72      BAF5CE8C 
  72      33035660 
  72      0B75D50C 
  72      11
  73 0035 A1F6CBAC 		.ascii	"\241\366\313\254(\"\027\257G0\264\310\210\"\012$Dp\244"
  73      282217AF 
  73      4730B4C8 
  73      88220A24 
  73      4470A4
  74 0048 5653284A 		.ascii	"VS(Jd\323\367\275\273i.\357\376x\347\235s\356\371\276"
  74      64D3F7BD 
  74      BB692EEF 
  74      FE78E79D 
  74      73EEF9BE 
ARM GAS  C:\Users\prana\AppData\Local\Temp\ccbfJGO2.s 			page 5


  75 005c 6709081E 		.ascii	"g\011\010\036W\244\020'i?L\023J@N\257\012\221\367$\300"
  75      57A41027 
  75      693F4C13 
  75      4A404EAF 
  75      0A91F724 
  76 0071 07ED414C 		.ascii	"\007\355ALHL`G\356K\204\225\306K\231\230\3274\3267w"
  76      484C6047 
  76      EE4B8495 
  76      C64B9998 
  76      D734D637 
  77 0086 7BF54280 		.ascii	"{\365B\200\222\022\242%#'\201y$\210\265\265R\371\004"
  77      9212A225 
  77      23278179 
  77      2488B5B5 
  77      52F904
  78 0099 750482CE 		.ascii	"u\004\202\316\345p\247\031\353\271\253uA\353\231KZ\225"
  78      E570A719 
  78      EBB9AB75 
  78      41EB994B 
  78      5A95
  79 00ab 14B00045 		.ascii	"\024\260\000E\012\034\217\2437.\010\020XD\017\223\277"
  79      0A1C8FA3 
  79      372E0810 
  79      58440F93 
  79      BF
  80 00bc 87D7B2EA 		.ascii	"\207\327\262\352X\244\253?\277\331B\367\035\326\005"
  80      58A4AB3F 
  80      BFD942F7 
  80      1DD605
  81 00cb 1FEB9D73 		.ascii	"\037\353\235s:\310w\261\366\336\377Z\036\304\335X\376"
  81      3AC877B1 
  81      F6DEFF5A 
  81      1EC4DD58 
  81      FE
  82 00dc 3BD3E94C 		.ascii	";\323\351Lr\252.\334G\267\311\203\007p\250B0\262t.\320"
  82      72AA2EDC 
  82      47B7C983 
  82      0770A842 
  82      30B2742E 
  83 00f1 AD565107 		.ascii	"\255VQ\007\037\334\327_\334\230\244[\245\242EY\202?"
  83      1FDCD75F 
  83      DC98A45B 
  83      A5A24559 
  83      823F
  84 0103 DBE0040E 		.ascii	"\333\340\004\016\003./^\204v0K\210&M\356\304O)yW\015"
  84      032E2F5E 
  84      8476304B 
  84      88264DEE 
  84      C44F2979 
  85 0119 84BFA756 		.ascii	"\204\277\247V\253\343\354_T\334\225\331R\370\336\335"
  85      ABE3EC5F 
  85      54DC95D9 
  85      52F8DEDD 
  86 0129 96256545 		.ascii	"\226%eE\321_\355\005s\266y\325\205imqG\266^\274=T\303"
  86      D15FED05 
  86      73B679D5 
  86      85696D71 
ARM GAS  C:\Users\prana\AppData\Local\Temp\ccbfJGO2.s 			page 6


  86      47B65EBC 
  87 0140 ADFC24F5 		.ascii	"\255\374$\365\313\306#\304\361\020\224\037K\250A4P\370"
  87      CBC623C4 
  87      F110941F 
  87      4BA84134 
  87      50F8
  88 0152 555993C6 		.ascii	"UY\223\306P\221'!\305?\3455\030\304\"\220<nlO\275;\310"
  88      50912721 
  88      C53FE535 
  88      18C42290 
  88      3C6E6C4F 
  89 0169 B60AFBC0 		.ascii	"\266\012\373\300c\222o \322pVb\261\250Y\376\\\275lT"
  89      63926F20 
  89      D2705662 
  89      B1A859FE 
  89      5CBD6C54 
  90 017d F4D8A47A 		.ascii	"\364\330\244z\366\246^\366X\345\000X&Q\233\265K<\"\255"
  90      F6A65EF6 
  90      58E50058 
  90      26519BB5 
  90      4B3C22AD 
  91 0191 D4AE2F1E 		.ascii	"\324\256/\036`\022\310\361\211!\3559\206\342E\001\334"
  91      6012C8F1 
  91      8921ED39 
  91      86E24501 
  91      DC
  92 01a2 F6CB3C93 		.ascii	"\366\313<\223\371[u\324\220:\014\024\316\336\2163\320"
  92      F95B75D4 
  92      903A0C14 
  92      CEDE8E33 
  92      D0
  93 01b3 56715EEB 		.ascii	"Vq^\353X{\321O\251h\322\210\037(\004_\373Y\020\375\311"
  93      587BD14F 
  93      A968D288 
  93      1F28045F 
  93      FB5910FD 
  94 01c8 A6043798 		.ascii	"\246\0047\230\332\235\350\367\257\372\271\314\250?\234"
  94      DA9DE8F7 
  94      AFFAB9CC 
  94      A83F9C
  95 01d7 4E8D8CE5 		.ascii	"N\215\214\345\206\374\301\263\251\221\344\211\301\276"
  95      86FCC1B3 
  95      A991E489 
  95      C1BE
  96 01e5 0BC9D3E9 		.ascii	"\013\311\323\351\276\201\201\324\371\364\2513\351\344"
  96      BE8181D4 
  96      F9F4A933 
  96      E9E4
  97 01f3 D121618F 		.ascii	"\321!a\217g\262c\276=\234\273\230\311\376\003\322\312"
  97      67B263BE 
  97      3D9CBB98 
  97      C9FE03D2 
  97      CA
  98 0204 D642     		.ascii	"\326B"
  99              		.text
 100              		.section	.gnu.lto_BUCK_BOOST_EN_C_Read.b369de0a,"",%progbits
 101 0000 789C4D8F 		.ascii	"x\234M\217?HBQ\024\306\317w\357\263\304p\017rh\225 "
ARM GAS  C:\Users\prana\AppData\Local\Temp\ccbfJGO2.s 			page 7


 101      3F484251 
 101      14C6CF77 
 101      EFB3C470 
 101      0F726895 
 102 0015 825A9A02 		.ascii	"\202Z\232\002\245\032\202\214\254%\004\011{k\202\324"
 102      A51A828C 
 102      AC250409 
 102      7B6B82D4 
 103 0025 ECF53D9F 		.ascii	"\354\365=\237B4\270T\020\204S\251\375!\242hh2\021\022"
 103      4234B854 
 103      108453A9 
 103      FD21A268 
 103      68321112 
 104 0039 82DA9A2B 		.ascii	"\202\332\232+\302\241\251\244\010\242\262s}\015]\270"
 104      C2A1A9A4 
 104      08A2B273 
 104      7D0D5DB8 
 105 0049 E7DC7BCE 		.ascii	"\347\334{\316\357~\337\271\006\201\364\032\3434\300"
 105      EF7EDFB9 
 105      0681F41A 
 105      E334C0
 106 0058 B98F3724 		.ascii	"\271\2177$A\024n\2102^\001\350\203\362\202\322\002i"
 106      41146E88 
 106      325E01E8 
 106      83F282D2 
 106      0269
 107 006a BC8B6F81 		.ascii	"\274\213o\201\353\217\306\272/XR\312R\367\316\336\350"
 107      EB8FC6BA 
 107      2F5852CA 
 107      52F7CEDE 
 107      E8
 108 007b 56B90A47 		.ascii	"V\271\012G\022\265\005a8\200\241\200\226(!H\214>\236"
 108      12B50561 
 108      3880A180 
 108      96282148 
 108      8C3E9E
 109 008e FC6CF8BB 		.ascii	"\374l\370\273\262\212W\277\006\270SF\227\266<\236\255"
 109      B28A57BF 
 109      06B85346 
 109      97B63C9E 
 109      AD
 110 009f AA76DB56 		.ascii	"\252v\333V\325S\337\345\271\217K\216d_\016\206\016\036"
 110      D553DFE5 
 110      B98F4B8E 
 110      645F0E86 
 110      0E1E
 111 00b1 D28AF4C2 		.ascii	"\322\212\364\302/\264\377\253\020:\313&j\237kw\225\005"
 111      2FB4FFAB 
 111      103ACB26 
 111      6A9F6B77 
 111      9505
 112 00c3 2D624BC9 		.ascii	"-bK\311\006\233N\355\266\373M8R@\373Y\205\306\203\337"
 112      069B4EED 
 112      B6FB4D38 
 112      5240FB59 
 112      85C683DF 
 113 00d7 BD66AD82 		.ascii	"\275f\255\2022\270\224\337\275\330\356)b'\223\345)%"
ARM GAS  C:\Users\prana\AppData\Local\Temp\ccbfJGO2.s 			page 8


 113      32B894DF 
 113      BDD8EE29 
 113      622793E5 
 113      2925
 114 00e9 F6114005 		.ascii	"\366\021@\005<#\016P\0045a\267&\310\226p\345\316\352"
 114      3C230E50 
 114      043561B7 
 114      26C89670 
 114      E5CEEA
 115 00fc 5739AF7E 		.ascii	"W9\257~o\0008d\214\373_\271z\257kh0\367\037b\006G\035"
 115      6F003864 
 115      8CFB5FB9 
 115      7AAF6B68 
 115      30F71F62 
 116 0113 C86AE59F 		.ascii	"\310j\345\237\340B\036\346\350\031\342\357F\235o@\217"
 116      E0421EE6 
 116      E819E2EF 
 116      469D6F40 
 116      8F
 117 0124 CF9F094E 		.ascii	"\317\237\011N\232\313fjq\305\\\212G\223\253\251\204"
 117      9ACB666A 
 117      71C55C8A 
 117      4793ABA9 
 117      84
 118 0135 199B8926 		.ascii	"\031\233\211&\303#\261\320|x*\036\212D\242s\361\361"
 118      C323B1D0 
 118      7C782A1E 
 118      8A44A273 
 118      F1F1
 119 0147 E9787830 		.ascii	"\351xx0A\277\250\000u\261"
 119      41BFA800 
 119      75B1
 120              		.text
 121              		.section	.gnu.lto_BUCK_BOOST_EN_C_ReadDataReg.b369de0a,"",%progbits
 122 0000 789C4D8F 		.ascii	"x\234M\217\315KBA\024\305\357\231y\232$\3216\310E[\011"
 122      CD4B4241 
 122      14C5EF99 
 122      799A24D1 
 122      36C8455B 
 123 0015 22A84DAB 		.ascii	"\"\250M\253@\251\026AF\326&\204G\330\333&H\255\035?"
 123      40A91641 
 123      46D62684 
 123      47D8DB26 
 123      48AD1D3F 
 124 0029 9E41B470 		.ascii	"\236A\264pS.\242\\jeD\024\264h\363\022\241\"\250\177"
 124      532EA25C 
 124      6A654414 
 124      B468F312 
 124      A122A87F 
 125 003d 2122145A 		.ascii	"!\"\024Z\225\364ETvG[40\367\316\334\373\233s\356\030"
 125      95F44554 
 125      76475B34 
 125      30F7CEDC 
 125      FB9B73EE 
 126 0052 04D26B94 		.ascii	"\004\322k\224S?\347^\336\220\004\221\273!Jz\004\240"
 126      533FE75E 
 126      DE900491 
ARM GAS  C:\Users\prana\AppData\Local\Temp\ccbfJGO2.s 			page 9


 126      BB214A7A 
 126      04A0
 127 0064 0FCA034A 		.ascii	"\017\312\003J\010$\360*\276\005\256\337/\327;\375E\245"
 127      0824F02A 
 127      BE05AEDF 
 127      2FD73BFD 
 127      45A5
 128 0076 52EACE3E 		.ascii	"R\352\316>\036\311\227\034\330\222\250)\010C>\014\372"
 128      1EC9971C 
 128      D892A829 
 128      08433E0C 
 128      FA
 129 0087 B444117E 		.ascii	"\264D\021~b\364\376\350g\243\313\235Q\274\3724\300\235"
 129      62F4FEE8 
 129      67A3CB9D 
 129      51BCFA34 
 129      C09D
 130 0099 12DCDAF2 		.ascii	"\022\334\332\362p\306Q\315fZ9[\336\363\035/\227l\311"
 130      70C651CD 
 130      665A395B 
 130      DEF31D2F 
 130      976CC9
 131 00ac BE1C0C1D 		.ascii	"\276\034\014\035\\\244\025\351\211_h\377g!t\2265T>\327"
 131      5CA415E9 
 131      895F68FF 
 131      67217496 
 131      35543ED7 
 132 00c0 DECAF35A 		.ascii	"\336\312\363Z$-%\033l\332\225\333\216\027aK\001\355"
 132      242D251B 
 132      6CDA95DB 
 132      8E17614B 
 132      01ED
 133 00d2 77F6E1E4 		.ascii	"w\366\341\344]\355\253J\345\224\301\245z\375\364\252"
 133      5DEDAB4A 
 133      E594C1A5 
 133      7AFDF4AA 
 134 00e2 BB80ED64 		.ascii	"\273\200\355d\206\247\224\330\203\017\273\340\031\261"
 134      86A794D8 
 134      830FBBE0 
 134      19B1
 135 00f0 8F02A886 		.ascii	"\217\002\250\206tc\234\322\022m\271\223\352E\326\243"
 135      74639CD2 
 135      126DB993 
 135      EA45D6A3 
 136 0100 DF1B00CA 		.ascii	"\337\033\000\312\214q\377+[\355i\033\032\314\375\207"
 136      8C71FF2B 
 136      5BED691B 
 136      1ACCFD87 
 137 0110 98C1410B 		.ascii	"\230\301A\013J5V\037\320\206\\\314\321#\304\337\215"
 137      4A35561F 
 137      D0865CCC 
 137      D123C4DF 
 137      8D
 138 0121 5ADF801E 		.ascii	"Z\337\200\036\237?\343\237\260\226\254\370\302\262\265"
 138      9F3FE39F 
 138      B096ACF8 
 138      C2B2B5
ARM GAS  C:\Users\prana\AppData\Local\Temp\ccbfJGO2.s 			page 10


 139 0130 6886632B 		.ascii	"h\206c+\361\250\025\231\016\307\202\303\221\300\\p\322"
 139      F1A81599 
 139      0EC782C3 
 139      91C05C70 
 139      D2
 140 0141 0C8442E1 		.ascii	"\014\204B\341Ysl\312\014\016D\351\027r\014v\310"
 140      59736CCA 
 140      0C0E44E9 
 140      17720C76 
 140      C8
 141              		.text
 142              		.section	.gnu.lto_BUCK_BOOST_EN_C_SetInterruptMode.b369de0a,"",%progbits
 143 0000 789C6D91 		.ascii	"x\234m\221Oh\023A\024\306\347\315l\262\233\244I\275"
 143      4F681341 
 143      14C6E7CD 
 143      6CB29BA4 
 143      49BD
 144 0012 5B249712 		.ascii	"[$\227\022\002\"\010z\361f\203x\020\332b\364V\010\245"
 144      0222087A 
 144      F1668378 
 144      10DA62F4 
 144      5608A5
 145 0025 8D928389 		.ascii	"\215\222\203\211\304x\356$\233\244PD\212b\300\322R\264"
 145      C478EE24 
 145      9BA45044 
 145      8A62C0D2 
 145      52B4
 146 0037 2C8D566D 		.ascii	",\215Vm\233V\241\005a\015x\253J\025\021\377 Rm\012U"
 146      9B56A105 
 146      610D78AB 
 146      4A1511FF 
 146      20526D0A 
 147 004c 31AD1145 		.ascii	"1\255\021E\264\361\275\235\\\012\016\354\316\274\037"
 147      B4F1BD9D 
 147      5C0A0EEC 
 147      CEBC1F
 148 005b EF7DF3BD 		.ascii	"\357}\363\2757\032\003F\253\314\031;\212\373^\374@0"
 148      371A0346 
 148      ABCC193B 
 148      8AFB5EFC 
 148      4030
 149 006d E0A34F19 		.ascii	"\340\243O\031\313\032\034\200\016\322\0006\304a\010"
 149      CB1A1C80 
 149      0ED20036 
 149      C46108
 150 007c 7EF0BF1C 		.ascii	"~\360\277\034\252\303\265%\036\236\226\270>\254o\034"
 150      AAC3B525 
 150      1E9E96B8 
 150      3EAC6F1C 
 151 008c 94651B0A 		.ascii	"\224e\033\012\202\261&w\224\030LC\030\263\0367\177\332"
 151      82B12677 
 151      94184C43 
 151      18B31E37 
 151      7FDA
 152 009e ED0D5E10 		.ascii	"\355\015^\020\000T\364\274\2762\341\243\220\303\036"
 152      0054F4BC 
 152      BE32E1A3 
ARM GAS  C:\Users\prana\AppData\Local\Temp\ccbfJGO2.s 			page 11


 152      90C31E
 153 00ad 0CC736AD 		.ascii	"\014\3076\255R@\354\007\206\347\215\305\233\257\274"
 153      5240EC07 
 153      86E78DC5 
 153      9BAFBC
 154 00bc 214BCA9C 		.ascii	"!K\312\234\224\017\373\245\253 \004\334\006\201zp\013"
 154      940FFBA5 
 154      AB2004DC 
 154      06817A70 
 154      0B
 155 00cd 3AA00C1D 		.ascii	":\240\014\035\014\021\203\031\010a\366\367\005\353\252"
 155      0C118319 
 155      0861F6F7 
 155      05EBAA
 156 00dc 4F1C762A 		.ascii	"O\034v*\267M\313lkU6[\225w\376Sy\027B\224\276\232\237"
 156      B74DCB6C 
 156      6B55365B 
 156      9577FE53 
 156      79174294 
 157 00f3 1B17CA92 		.ascii	"\033\027\312\222\206\341\326\223\261\217\001e)\210\341"
 157      86E1D693 
 157      B18F0165 
 157      2988E1
 158 0102 8CF5D2E2 		.ascii	"\214\365\322\342\342\210#<\362\372J\305\3379E\302\366"
 158      E288233C 
 158      F2FA4AC5 
 158      DF3945C2 
 158      F6
 159 0113 8BCB81EB 		.ascii	"\213\313\201\353\322\316\007\013B\2039%>\213\342\367"
 159      D2CE070B 
 159      42833925 
 159      3E8BE2F7 
 160 0123 509C1666 		.ascii	"P\234\026f\257\315\357\\\363\273\3634\220 \314C\247"
 160      AFCDEF5C 
 160      F3BBF334 
 160      9020CC43 
 160      A7
 161 0134 1A0554C0 		.ascii	"\032\005T\300\215\303\005\"\263'm\331l\232\322^\015"
 161      8DC30522 
 161      B3276DD9 
 161      6C9AD25E 
 161      0D
 162 0145 3C7A1368 		.ascii	"<z\023h\343h\313\205.\260#\215\216.\372\271\031e\352"
 162      E368CB85 
 162      2EB0238D 
 162      8E2EFAB9 
 162      1965EA
 163 0158 406E0D04 		.ascii	"@n\015\004n\017Q/\375\030\253\243\"\275\304\026\347"
 163      6E0F512F 
 163      FD18ABA3 
 163      22BDC416 
 163      E7
 164 0169 B48B1A54 		.ascii	"\264\213\032T\177\217\274_\356\245KLA\003.\025\252\317"
 164      7F8FBC5F 
 164      EEA54B4C 
 164      41032E15 
 164      AACF
ARM GAS  C:\Users\prana\AppData\Local\Temp\ccbfJGO2.s 			page 12


 165 017b 74EA4677 		.ascii	"t\352Fw:\370\372mi\334\257\302K\271QI\375V\246>\177"
 165      3AF8FA6D 
 165      69DCAFC2 
 165      4BB95149 
 165      FD56A63E 
 166 0190 6A9F8489 		.ascii	"j\237\204\211l\036\337\313\200Elb\201\232\200\3730\011"
 166      6C1EDFCB 
 166      80456C62 
 166      819A80FB 
 166      3009
 167 01a2 AC06B9ED 		.ascii	"\254\006\271\355\341wn%\250\23186$;\305\025\227\".\204"
 167      E1776E25 
 167      A8993836 
 167      243BC515 
 167      97222E84 
 168 01b6 48CC3FC5 		.ascii	"H\314?\305/\240\010\335\213\234\255\001wZE\363\010U"
 168      2FA008DD 
 168      8B9CAD01 
 168      775A45F3 
 168      0855
 169 01c8 4E6DB9D1 		.ascii	"Nm\271\321\3122P\311\024\272#\257+\344AJi\277\212\015"
 169      CA3250C9 
 169      14BA23AF 
 169      2BE4414A 
 169      69BF8A0D 
 170 01dc 4D11AFA3 		.ascii	"M\021\257\243\346AX-\335\330Gl\227\335\254\224\276\335"
 170      E641582D 
 170      DDD8476C 
 170      97DDAC94 
 170      BEDD
 171 01ee 8E1FA063 		.ascii	"\216\037\240c,c\233\220\263\337vS\201\363\026u\0164"
 171      2C639B90 
 171      B3DF7653 
 171      81F31675 
 171      0E34
 172 0200 1D9C55F8 		.ascii	"\035\234U\370x<\031O\367g\342\203\261h\352bz \336\327"
 172      783C194F 
 172      F767E283 
 172      B168EA62 
 172      7A20DED7 
 173 0214 1B4D450E 		.ascii	"\033ME\016\365u\235\216\234\210u\365\364DO\305\216u"
 173      F5759D8E 
 173      9C8875F5 
 173      F4444FC5 
 173      8E75
 174 0226 C7220706 		.ascii	"\307\"\007\006\230q>u!\221I\244\222\332\271\324`\\O"
 174      98713E75 
 174      219149A4 
 174      92DAB9D4 
 174      605C4F
 175 0239 2433E9C8 		.ascii	"$3\351\310\231\263\377\000:!\360\350"
 175      99B3FF00 
 175      3A21F0E8 
 176              		.text
 177              		.section	.gnu.lto_BUCK_BOOST_EN_C_ClearInterrupt.b369de0a,"",%progbits
 178 0000 789C5590 		.ascii	"x\234U\220\315K[A\024\305\357\231y1A\264\371\003\232"
 178      CD4B5B41 
ARM GAS  C:\Users\prana\AppData\Local\Temp\ccbfJGO2.s 			page 13


 178      14C5EF99 
 178      793141B4 
 178      F9039A
 179 0013 851B1781 		.ascii	"\205\033\027\201\"\202.\354\326P\\\024T\214\356\204"
 179      22822EEC 
 179      D6505C14 
 179      548CEE84 
 180 0023 10F4AD8A 		.ascii	"\020\364\255\212\012\032\267u\222\370R(\202\331\250"
 180      0A1AB775 
 180      92F85228 
 180      82D9A8
 181 0032 2B712118 		.ascii	"+q!\030\277\255\240\033K\344\031\374(\024\025\332mK"
 181      BFADA01B 
 181      4BE419FC 
 181      281415DA 
 181      6D4B
 182 0044 C5828B82 		.ascii	"\305\202\213\202`\245m\240Z\323{\337s\241\003\217\231"
 182      60A56DA0 
 182      5AD37BDF 
 182      73A1038F 
 182      99
 183 0055 39EF9EDF 		.ascii	"9\357\236\337\234{-\002\311\372\312[\013\357O\371\203"
 183      9C7B2D02 
 183      C9FACA5B 
 183      0BEF4FF9 
 183      83
 184 0066 26A8FC09 		.ascii	"&\250\374\011Q:\244\0009\230\020hLa\014\277\325?\205"
 184      513AA400 
 184      39981068 
 184      4C610CBF 
 184      D53F85
 185 0079 8FE50F13 		.ascii	"\217\345\017\023\325\321\2021\031s\346\224\237\317,"
 185      D5D18231 
 185      1973E694 
 185      9FCF2C
 186 0088 BA703451 		.ascii	"\272p4QE\021\232\"h\214\010\242\200(q\351\367\365\233"
 186      45119A22 
 186      688C08A2 
 186      802871E9 
 186      F7F59B
 187 009b 42AD7E06 		.ascii	"B\255~\0069\037/\\n\243~^lnq\262f\306\270\351:\366a"
 187      391F2F5C 
 187      6EA37E5E 
 187      6C6E71B2 
 187      66C6B8E9 
 188 00b2 11FAA195 		.ascii	"\021\372\241\225\244\366|\363n\252\266j\334\360\252"
 188      A4F67CF3 
 188      6EAAB66A 
 188      DCF0AA
 189 00c1 C312EA05 		.ascii	"\303\022\352\005\316\324eTqN\210\262\321\345\232J%k"
 189      CED46554 
 189      714E88B2 
 189      D1E59A4A 
 189      256B
 190 00d3 DCF7E1BD 		.ascii	"\334\367\341\275O\341\220\"GsnG+\213\344w@\356A\222"
 190      4FE19022 
 190      47736E47 
ARM GAS  C:\Users\prana\AppData\Local\Temp\ccbfJGO2.s 			page 14


 190      2B8BE477 
 190      40EE4192 
 191 00e7 5C74C55E 		.ascii	"\\t\305^\351\342\247R\262\353\013\224\376\276\375S|"
 191      E9E2A752 
 191      B2EB0B94 
 191      FEBEFD53 
 191      7C
 192 00f8 2DB8AC96 		.ascii	"-\270\254\226\216\246\235\322i\360\227r\264\366\222"
 192      8EA69DD2 
 192      69F09772 
 192      B4F692
 193 0107 9EEDEE7C 		.ascii	"\236\355\356|\013\371\327|&o,\226\276|.\257<\231\303"
 193      0BF9D77C 
 193      266F2C96 
 193      BE7C2EAF 
 193      3C99C3
 194 011a 6C7A9C7B 		.ascii	"lz\234{\265\260\212\010V\300q\261\2069\320\0052\327"
 194      B5B08A08 
 194      56C071B1 
 194      8639D005 
 194      32D7
 195 012c 6F6E950F 		.ascii	"on\225\017\324\314d%{\233\333\207\257X,2\343\240Rv\303"
 195      D4CC6425 
 195      7B9BDB87 
 195      AF582C32 
 195      E3A05276 
 196 0141 82555058 		.ascii	"\202UPXg\3679<\213\344\345\"\237rWL\371\246\200/\225"
 196      67F7393C 
 196      8BE4E522 
 196      9F72574C 
 196      F9A6802F 
 197 0156 A63DC8A3 		.ascii	"\246=\310\243\010ic\002\217Slp\012\266\310\263\327\271"
 197      08696302 
 197      8F536C70 
 197      0AB6C8B3 
 197      D7B9
 198 0168 C3DD161F 		.ascii	"\303\335\026\037\021d\004\033\267\366\217r^;\001\000"
 198      1164041B 
 198      B7F68F72 
 198      5E3B0100 
 199 0178 EFB8FE07 		.ascii	"\357\270\376\007\356\243\006\311\033\017d,<\244h\233"
 199      EEA306C9 
 199      1B0F642C 
 199      3CA4689B 
 200 0188 3D680F27 		.ascii	"=h\017'Sv\177\">4:\334g\367v\306\207b\315\275\255=\261"
 200      53767F22 
 200      3E343ADC 
 200      67F776C6 
 200      8762CDBD 
 201 019f 9789D68E 		.ascii	"\227\211\326\216\216xw\342E{\"\326\320G5\003\311\221"
 201      8E7877E2 
 201      457B22D6 
 201      D0473503 
 201      C991
 202 01b1 57767F3C 		.ascii	"Wv\177<\225L\215\216\374\007\250\251\257)"
 202      954C8D8E 
 202      FC07A8A9 
ARM GAS  C:\Users\prana\AppData\Local\Temp\ccbfJGO2.s 			page 15


 202      AF29
 203              		.text
 204              		.section	.gnu.lto_.symbol_nodes.b369de0a,"",%progbits
 205 0000 789C6361 		.ascii	"x\234ca`d\310`\000\002&\206z\006\206\011\347\030@\324"
 205      6064C860 
 205      00022686 
 205      7A068609 
 205      E71840D4 
 206 0014 AE0645A0 		.ascii	"\256\006E\240\000c=#\252\000S=\023\252\000s=3\252\000"
 206      00633D23 
 206      AA00533D 
 206      13AA0073 
 206      3D33AA00 
 207 0028 4B3D0BAA 		.ascii	"K=\013\252\000k=+\212\000\003\000\305\333\026\342"
 207      006B3D2B 
 207      8A000300 
 207      C5DB16E2 
 208              		.text
 209              		.section	.gnu.lto_.refs.b369de0a,"",%progbits
 210 0000 789C6361 		.ascii	"x\234ca`\004B \000\000\0009\000\007"
 210      60044220 
 210      00000039 
 210      0007
 211              		.text
 212              		.section	.gnu.lto_.decls.b369de0a,"",%progbits
 213 0000 789C8D54 		.ascii	"x\234\215TolSU\024\277\347\275\266c\257\235\220e\232"
 213      6F6C5355 
 213      14BFE7BD 
 213      B663AF9D 
 213      90659A
 214 0013 253666F2 		.ascii	"%6f\362\241\253_\026\307\214\361\213\321P\024\214\312"
 214      A1AB5F16 
 214      C78CF18B 
 214      D150148C 
 214      CA
 215 0024 0C13FC42 		.ascii	"\014\023\374B\322\224\355\005\227\220\215\324\316\004"
 215      D294ED05 
 215      97908DD4 
 215      CE04
 216 0032 3F5D61E0 		.ascii	"?]a\340T\314j\342\237M\231\002s\260\261\377\3536\326"
 216      54CC6AE2 
 216      9F4D9902 
 216      73B0B1FF 
 216      EB36D6
 217 0045 22AC83FD 		.ascii	"\"\254\203\375c\014X\273\2308\211\016\354\246\022\320"
 217      630C58BB 
 217      9838890E 
 217      ECA612D0 
 218 0055 4CE33F24 		.ascii	"L\343?$X\317\275\367\275\276G\351\342nz\356{\367\274"
 218      58CFBDF7 
 218      BDBE47E9 
 218      E26E7AEE 
 218      7BF7BC
 219 0068 737EE777 		.ascii	"s~\347w~\357\364Y\010\020\276l\204\344\341m\007Z\022"
 219      7EEFF459 
 219      0810BE6C 
 219      84E4E16D 
ARM GAS  C:\Users\prana\AppData\Local\Temp\ccbfJGO2.s 			page 16


 219      075A12
 220 007b 5716BAB6 		.ascii	"W\026\272\266\021c\341c\022B\033@\033B\213\240\215\242"
 220      1163E163 
 220      12421B40 
 220      1B428BA0 
 220      8DA2
 221 008d 8D937B57 		.ascii	"\215\223{WH\213g\371]h\205hq\264\030Z\251\026\003Z\\"
 221      488B67F9 
 221      5D688568 
 221      71B4185A 
 221      A916035A 
 222 00a2 FA62F859 		.ascii	"\372b\370Yi\271\316e\362\0072\3443n\326\377\251;\224"
 222      69B9CE65 
 222      F20732E4 
 222      336ED6FF 
 222      A93B94
 223 00b5 212FB282 		.ascii	"!/\262\202\274H\206<\246A\266\3067\027-\017m\030mZ\303"
 223      BC48863C 
 223      A641B6C6 
 223      37172D0F 
 223      6D186D5A 
 224 00ca 7199B074 		.ascii	"q\231\260t\234\321\0148LG\333\012z\316\244\367\035\011"
 224      9CD10C38 
 224      4C47DB0A 
 224      7ACEA4F7 
 224      1D09
 225 00dc 924D5DAD 		.ascii	"\222M]\255\331W`\016$\320_(\200\330\201\033\021\306"
 225      D957600E 
 225      24D05F28 
 225      80D8811B 
 225      11C6
 226 00ee 8F7823F1 		.ascii	"\217x#\361\235\244\\\251\013a;\021\361\334g\200\361"
 226      9DA45CA9 
 226      0B613B11 
 226      F1DC6780 
 226      F1
 227 00ff 9F7E4DEA 		.ascii	"\237~M\352\213\203\030\350\240%A\212\201\310\022\317"
 227      8B8318E8 
 227      A025418A 
 227      81C812CF 
 228 010f 252D8C08 		.ascii	"%-\214\010p\311H0\341\011\272&NpwO\2407\335\374\331"
 228      70C94830 
 228      E109BA26 
 228      4E70774F 
 228      A037DDFC 
 229 0124 C4824546 		.ascii	"\304\202EFL\274\237\277\325\372lQ\007\305\025\244Tz"
 229      4CBC9FBF 
 229      D5FA6C51 
 229      07C515A4 
 229      547A
 230 0136 CA50A67B 		.ascii	"\312P\246{\377B\333\252\337%p*\220\004v\276\031\276"
 230      FF42DBAA 
 230      DF25702A 
 230      900476BE 
 230      19BE
 231 0148 9523CEEC 		.ascii	"\225#\316\354q\343\373\211\177\355\262\233\335K\263"
 231      71E3FB89 
ARM GAS  C:\Users\prana\AppData\Local\Temp\ccbfJGO2.s 			page 17


 231      7FEDB29B 
 231      DD4BB3
 232 0157 89F6EB16 		.ascii	"\211\366\353\026p+\307\030\314\325\323mO\206)]\003]"
 232      702BC718 
 232      CCD5D36D 
 232      4F86295D 
 232      035D
 233 0169 A04007C8 		.ascii	"\240@\007\310\320\006E\254\270S\301\275\216\322\275"
 233      D00645AC 
 233      B853C1BD 
 233      8ED2BD
 234 0178 74E928B5 		.ascii	"t\351(\265\345\023(q\302\243N\002\235\340f\230,\012"
 234      E5132871 
 234      C2A34E02 
 234      9DE06698 
 234      2C0A
 235 018a DAC10927 		.ascii	"\332\301\011'\300\311\360\027?\376\374\206\315\"a\""
 235      C0C9F017 
 235      3FFEFC86 
 235      CD226122 
 236 019a C3D96161 		.ascii	"\303\331aa\276\261\344_\321\325H!W\001\011\217\361\245"
 236      BEB1E45F 
 236      D1D54821 
 236      5701098F 
 236      F1A5
 237 01ac E9263B1E 		.ascii	"\351&;\036\363\024X\203\307K\037\314\305!\377#\306\201"
 237      F3145883 
 237      C74B1FCC 
 237      C521FF23 
 237      C681
 238 01be EEA30512 		.ascii	"\356\243\005\022l{\000z\021\260\007\001\011\364A>\356"
 238      6C7B007A 
 238      11B00701 
 238      09F4413E 
 238      EE
 239 01cf DD6011DD 		.ascii	"\335`\021\335\005\023\347\372\355k\017\323\303=\364"
 239      0513E7FA 
 239      ED6B0FD3 
 239      C33DF4
 240 01de 6AECC00B 		.ascii	"j\354\300\013G\232\017\320\031\314{\232\007B\253A\033"
 240      479A0FD0 
 240      19CC7B9A 
 240      0742AB41 
 240      1B
 241 01ef 6FD9E538 		.ascii	"o\331\3458\\A1C\260\026s\347>M\3669\3447\270\014-3\355"
 241      5C413143 
 241      B01673E7 
 241      3E4DF639 
 241      E437B80C 
 242 0206 B32070A2 		.ascii	"\263 p\242\303o\311\2154\272\027a$\216\322o\240\364"
 242      C36FC98D 
 242      34BA1761 
 242      248ED26F 
 242      A0F4
 243 0218 9B510638 		.ascii	"\233Q\0068Jx\366\213\206,9\010\034\246)\330|\302n\346"
 243      4A78F68B 
 243      862C3908 
ARM GAS  C:\Users\prana\AppData\Local\Temp\ccbfJGO2.s 			page 18


 243      1CA629D8 
 243      7CC26EE6 
 244 022c CE9A36C8 		.ascii	"\316\2326\310\237\344\344wh\334\337\014-uk\334\243\275"
 244      9FE4E477 
 244      68DCDF0C 
 244      2D756BDC 
 244      A3BD
 245 023e 53464D8C 		.ascii	"SFM\214\202A\243\346\240\271\346\020\257\371\336\330"
 245      8241A3E6 
 245      A0B9E610 
 245      AFF9DED8 
 246 024e F17ABBDC 		.ascii	"\361z\273\334\"j\036;8\033\263h0\015\027\034\242\177"
 246      226A1E3B 
 246      381BB368 
 246      300D171C 
 246      A27F
 247 0260 0E123640 		.ascii	"\016\0226@\302f\220\010\007\371c*\276h\221G\004H\313"
 247      C2669008 
 247      07F9632A 
 247      BE689147 
 247      0448CB
 248 0273 3FB79764 		.ascii	"?\267\227d|\007.\234\222\244l\032\023\227\030\223\326"
 248      7C072E9C 
 248      92A46C1A 
 248      13971893 
 248      D6
 249 0284 23E32145 		.ascii	"#\343!E\376\236\007K\277\364O|\235\003\212\233O\001"
 249      FE9E074B 
 249      BFF44F7C 
 249      9D038A9B 
 249      4F01
 250 0296 F6A9B849 		.ascii	"\366\251\270I\252I\210\342\034\270\26498\215\316/\321"
 250      AA4988E2 
 250      1CB8B439 
 250      388DCE2F 
 250      D1
 251 02a7 A90D54A7 		.ascii	"\251\015T\247\030\250a\324\344\214A\315\245\0109\032"
 251      18A861D4 
 251      E48C41CD 
 251      A508391A 
 252 02b7 9AEBDD7C 		.ascii	"\232\353\335|P\206S\2032\322\371\303\264\222\362\215"
 252      50865383 
 252      32D2F9C3 
 252      B492F28D 
 253 02c7 00771EFD 		.ascii	"\000w\036\375\351\306`\316\262\363q\216K|V\237\217h"
 253      E9C660CE 
 253      B2F3718E 
 253      4B7C569F 
 253      8F68
 254 02d9 DDC23549 		.ascii	"\335\3025I\237\217\361\322D\037\245\3731\317\302\342"
 254      9F8FF1D2 
 254      441FA5FB 
 254      31CFC2E2 
 255 02e9 E09441E2 		.ascii	"\340\224A\342\224Y\237Q\256\317\310\340\355Z\207|]\350"
 255      94599F51 
 255      AECFC8E0 
 255      ED5A877C 
ARM GAS  C:\Users\prana\AppData\Local\Temp\ccbfJGO2.s 			page 19


 255      5DE8
 256 02fb D37366F2 		.ascii	"\323sf\362g}>\302\227\357~Wc\006\314\230\031f\234\303"
 256      677D3EC2 
 256      97EF7E57 
 256      6306CC98 
 256      19669CC3 
 257 030f C46A7B0E 		.ascii	"\304j{\016\311b\330-x\374\365\342'\211\373\304\260\027"
 257      C962D82D 
 257      78FCF5E2 
 257      2789FBC4 
 257      B017
 258 0321 E0F1DBC9 		.ascii	"\340\361\333\311\266v\366\264\220\351\236L\2566)_(\224"
 258      B676F6B4 
 258      90E99E4C 
 258      AE36295F 
 258      2894
 259 0333 9F9A5FFC 		.ascii	"\237\232_\374-[\256\343\377r)\336xs\336\246+\037\334"
 259      2D5BAEE3 
 259      FF7229DE 
 259      7873DEA6 
 259      2B1FDC
 260 0346 47733711 		.ascii	"Gs7\021\230\304\336'\230\362\027Q\371BM\371)t\2367\224"
 260      98C4DE27 
 260      98F21751 
 260      F9424DF9 
 260      29749E37 
 261 035b EF15CA4F 		.ascii	"\357\025\312O\243\212\027\014\266\205\232\362o_\373"
 261      A38A170C 
 261      B6859AF2 
 261      6F5FFB
 262 036a F01BAB52 		.ascii	"\360\033\253R\307\344\\\011&fD\276\243\207\254r\275"
 262      C7E45C09 
 262      266644BE 
 262      A387AC72 
 262      BD
 263 037b 20F5D5BB 		.ascii	" \365\325\273'\033d\375\263\021\275\363\343\246ZJ\001"
 263      271B64FD 
 263      B311BDF3 
 263      E3A65A4A 
 263      01
 264 038c 6258EBB2 		.ascii	"bX\353\262Q\353\022h\337\215{k\314d\256\361\347\337"
 264      51EB1268 
 264      DF8D7B6B 
 264      CC64AEF1 
 264      E7DF
 265 039e E70F3A1C 		.ascii	"\347\017:\034\357\244:\345\210z\022\20188\370\027\221"
 265      EFA43AE5 
 265      887A1281 
 265      3838F817 
 265      91
 266 03af 5D9DEBB7 		.ascii	"]\235\353\267z\236\367\256/--{\331\373\314f\257\307"
 266      7A9EF7AE 
 266      2F2D2D7B 
 266      D9FBCC66 
 266      AFC7
 267 03c1 5BA60636 		.ascii	"[\246\0066\370+_W_\254\256PWm\334\274\265\300S\\L\254"
 267      F82B5F57 
ARM GAS  C:\Users\prana\AppData\Local\Temp\ccbfJGO2.s 			page 20


 267      5FACAE50 
 267      576DDCBC 
 267      B5C0535C 
 268 03d7 35955581 		.ascii	"5\225U\201'\036\336\250V\251~_@\255\360\226U\327\370"
 268      271EDEA8 
 268      56A97E5F 
 268      40ADF096 
 268      55D7F8
 269 03ea CBD5ED2F 		.ascii	"\313\325\355/\225U{\036\333^\276'\260g\267\372Z\321"
 269      95557B1E 
 269      DB5EBE27 
 269      B067B7FA 
 269      5AD1
 270 03fc ABE49165 		.ascii	"\253\344\221e\"\322\212\024\225\223\373\323\353\276"
 270      22D28A14 
 270      9593FBD3 
 270      EBBE
 271 040a E2AF0CA8 		.ascii	"\342\257\014\250y\351\336-\252\257\342\301L\316\015"
 271      79E9DE2D 
 271      AAAFE2C1 
 271      4CCE0D
 272 0419 BE806F8B 		.ascii	"\276\200o\213\272\263 \003\375\347\252\002\252\337_"
 272      BAB32003 
 272      FDE7AA02 
 272      AADF5F
 273 0428 B33BC05A 		.ascii	"\263;\300Z\2601\346\305\217?\224\036\347\331\245\372"
 273      B031E6C5 
 273      8F3F941E 
 273      E7D9A5FA 
 274 0438 FCA9481E 		.ascii	"\374\251H\036U\262\316\352Ww\226\254\373\017\240\303"
 274      55B2CEEA 
 274      577796AC 
 274      FB0FA0C3 
 275 0448 29AC     		.ascii	")\254"
 276              		.text
 277              		.section	.gnu.lto_.symtab.b369de0a,"",%progbits
 278 0000 4255434B 		.ascii	"BUCK_BOOST_EN_C_SetDriveMode\000"
 278      5F424F4F 
 278      53545F45 
 278      4E5F435F 
 278      53657444 
 279 001d 00       		.ascii	"\000"
 280 001e 00       		.ascii	"\000"
 281 001f 00       		.ascii	"\000"
 282 0020 00000000 		.ascii	"\000\000\000\000\000\000\000\000"
 282      00000000 
 283 0028 B3000000 		.ascii	"\263\000\000\000"
 284 002c 4255434B 		.ascii	"BUCK_BOOST_EN_C_Write\000"
 284      5F424F4F 
 284      53545F45 
 284      4E5F435F 
 284      57726974 
 285 0042 00       		.ascii	"\000"
 286 0043 00       		.ascii	"\000"
 287 0044 00       		.ascii	"\000"
 288 0045 00000000 		.ascii	"\000\000\000\000\000\000\000\000"
 288      00000000 
ARM GAS  C:\Users\prana\AppData\Local\Temp\ccbfJGO2.s 			page 21


 289 004d B5000000 		.ascii	"\265\000\000\000"
 290 0051 4255434B 		.ascii	"BUCK_BOOST_EN_C_Read\000"
 290      5F424F4F 
 290      53545F45 
 290      4E5F435F 
 290      52656164 
 291 0066 00       		.ascii	"\000"
 292 0067 00       		.ascii	"\000"
 293 0068 00       		.ascii	"\000"
 294 0069 00000000 		.ascii	"\000\000\000\000\000\000\000\000"
 294      00000000 
 295 0071 B8000000 		.ascii	"\270\000\000\000"
 296 0075 4255434B 		.ascii	"BUCK_BOOST_EN_C_ReadDataReg\000"
 296      5F424F4F 
 296      53545F45 
 296      4E5F435F 
 296      52656164 
 297 0091 00       		.ascii	"\000"
 298 0092 00       		.ascii	"\000"
 299 0093 00       		.ascii	"\000"
 300 0094 00000000 		.ascii	"\000\000\000\000\000\000\000\000"
 300      00000000 
 301 009c BA000000 		.ascii	"\272\000\000\000"
 302 00a0 4255434B 		.ascii	"BUCK_BOOST_EN_C_SetInterruptMode\000"
 302      5F424F4F 
 302      53545F45 
 302      4E5F435F 
 302      53657449 
 303 00c1 00       		.ascii	"\000"
 304 00c2 00       		.ascii	"\000"
 305 00c3 00       		.ascii	"\000"
 306 00c4 00000000 		.ascii	"\000\000\000\000\000\000\000\000"
 306      00000000 
 307 00cc C4000000 		.ascii	"\304\000\000\000"
 308 00d0 4255434B 		.ascii	"BUCK_BOOST_EN_C_ClearInterrupt\000"
 308      5F424F4F 
 308      53545F45 
 308      4E5F435F 
 308      436C6561 
 309 00ef 00       		.ascii	"\000"
 310 00f0 00       		.ascii	"\000"
 311 00f1 00       		.ascii	"\000"
 312 00f2 00000000 		.ascii	"\000\000\000\000\000\000\000\000"
 312      00000000 
 313 00fa C6000000 		.ascii	"\306\000\000\000"
 314              		.text
 315              		.section	.gnu.lto_.opts,"",%progbits
 316 0000 272D666D 		.ascii	"'-fmath-errno' '-fsigned-zeros' '-ftrapping-math' '"
 316      6174682D 
 316      6572726E 
 316      6F272027 
 316      2D667369 
 317 0033 2D666E6F 		.ascii	"-fno-trapv' '-fno-openmp' '-fno-openacc' '-mcpu=cor"
 317      2D747261 
 317      70762720 
 317      272D666E 
 317      6F2D6F70 
ARM GAS  C:\Users\prana\AppData\Local\Temp\ccbfJGO2.s 			page 22


 318 0066 7465782D 		.ascii	"tex-m0' '-mthumb' '-g' '-Os' '-Werror' '-ffunction-"
 318      6D302720 
 318      272D6D74 
 318      68756D62 
 318      2720272D 
 319 0099 73656374 		.ascii	"sections' '-ffat-lto-objects' '-finline-functions' "
 319      696F6E73 
 319      2720272D 
 319      66666174 
 319      2D6C746F 
 320 00cc 272D666C 		.ascii	"'-flto' '-fno-strict-aliasing'\000"
 320      746F2720 
 320      272D666E 
 320      6F2D7374 
 320      72696374 
 321              		.text
 322              		.cfi_sections	.debug_frame
 323              		.section	.text.BUCK_BOOST_EN_C_SetDriveMode,"ax",%progbits
 324              		.align	1
 325              		.global	BUCK_BOOST_EN_C_SetDriveMode
 326              		.code	16
 327              		.thumb_func
 328              		.type	BUCK_BOOST_EN_C_SetDriveMode, %function
 329              	BUCK_BOOST_EN_C_SetDriveMode:
 330              	.LFB0:
 331              		.file 1 "Generated_Source\\PSoC4\\BUCK_BOOST_EN_C.c"
   1:Generated_Source\PSoC4/BUCK_BOOST_EN_C.c **** /*******************************************************************************
   2:Generated_Source\PSoC4/BUCK_BOOST_EN_C.c **** * File Name: BUCK_BOOST_EN_C.c  
   3:Generated_Source\PSoC4/BUCK_BOOST_EN_C.c **** * Version 2.20
   4:Generated_Source\PSoC4/BUCK_BOOST_EN_C.c **** *
   5:Generated_Source\PSoC4/BUCK_BOOST_EN_C.c **** * Description:
   6:Generated_Source\PSoC4/BUCK_BOOST_EN_C.c **** *  This file contains API to enable firmware control of a Pins component.
   7:Generated_Source\PSoC4/BUCK_BOOST_EN_C.c **** *
   8:Generated_Source\PSoC4/BUCK_BOOST_EN_C.c **** ********************************************************************************
   9:Generated_Source\PSoC4/BUCK_BOOST_EN_C.c **** * Copyright 2008-2015, Cypress Semiconductor Corporation.  All rights reserved.
  10:Generated_Source\PSoC4/BUCK_BOOST_EN_C.c **** * You may use this file only in accordance with the license, terms, conditions, 
  11:Generated_Source\PSoC4/BUCK_BOOST_EN_C.c **** * disclaimers, and limitations in the end user license agreement accompanying 
  12:Generated_Source\PSoC4/BUCK_BOOST_EN_C.c **** * the software package with which this file was provided.
  13:Generated_Source\PSoC4/BUCK_BOOST_EN_C.c **** *******************************************************************************/
  14:Generated_Source\PSoC4/BUCK_BOOST_EN_C.c **** 
  15:Generated_Source\PSoC4/BUCK_BOOST_EN_C.c **** #include "cytypes.h"
  16:Generated_Source\PSoC4/BUCK_BOOST_EN_C.c **** #include "BUCK_BOOST_EN_C.h"
  17:Generated_Source\PSoC4/BUCK_BOOST_EN_C.c **** 
  18:Generated_Source\PSoC4/BUCK_BOOST_EN_C.c **** 
  19:Generated_Source\PSoC4/BUCK_BOOST_EN_C.c **** #if defined(BUCK_BOOST_EN_C__PC)
  20:Generated_Source\PSoC4/BUCK_BOOST_EN_C.c ****     #define BUCK_BOOST_EN_C_SetP4PinDriveMode(shift, mode)  \
  21:Generated_Source\PSoC4/BUCK_BOOST_EN_C.c ****     do { \
  22:Generated_Source\PSoC4/BUCK_BOOST_EN_C.c ****         BUCK_BOOST_EN_C_PC =   (BUCK_BOOST_EN_C_PC & \
  23:Generated_Source\PSoC4/BUCK_BOOST_EN_C.c ****                                 (uint32)(~(uint32)(BUCK_BOOST_EN_C_DRIVE_MODE_IND_MASK << \
  24:Generated_Source\PSoC4/BUCK_BOOST_EN_C.c ****                                 (BUCK_BOOST_EN_C_DRIVE_MODE_BITS * (shift))))) | \
  25:Generated_Source\PSoC4/BUCK_BOOST_EN_C.c ****                                 (uint32)((uint32)(mode) << \
  26:Generated_Source\PSoC4/BUCK_BOOST_EN_C.c ****                                 (BUCK_BOOST_EN_C_DRIVE_MODE_BITS * (shift))); \
  27:Generated_Source\PSoC4/BUCK_BOOST_EN_C.c ****     } while (0)
  28:Generated_Source\PSoC4/BUCK_BOOST_EN_C.c **** #else
  29:Generated_Source\PSoC4/BUCK_BOOST_EN_C.c ****     #if (CY_PSOC4_4200L)
  30:Generated_Source\PSoC4/BUCK_BOOST_EN_C.c ****         #define BUCK_BOOST_EN_C_SetP4PinDriveMode(shift, mode)  \
  31:Generated_Source\PSoC4/BUCK_BOOST_EN_C.c ****         do { \
ARM GAS  C:\Users\prana\AppData\Local\Temp\ccbfJGO2.s 			page 23


  32:Generated_Source\PSoC4/BUCK_BOOST_EN_C.c ****             BUCK_BOOST_EN_C_USBIO_CTRL_REG = (BUCK_BOOST_EN_C_USBIO_CTRL_REG & \
  33:Generated_Source\PSoC4/BUCK_BOOST_EN_C.c ****                                     (uint32)(~(uint32)(BUCK_BOOST_EN_C_DRIVE_MODE_IND_MASK << \
  34:Generated_Source\PSoC4/BUCK_BOOST_EN_C.c ****                                     (BUCK_BOOST_EN_C_DRIVE_MODE_BITS * (shift))))) | \
  35:Generated_Source\PSoC4/BUCK_BOOST_EN_C.c ****                                     (uint32)((uint32)(mode) << \
  36:Generated_Source\PSoC4/BUCK_BOOST_EN_C.c ****                                     (BUCK_BOOST_EN_C_DRIVE_MODE_BITS * (shift))); \
  37:Generated_Source\PSoC4/BUCK_BOOST_EN_C.c ****         } while (0)
  38:Generated_Source\PSoC4/BUCK_BOOST_EN_C.c ****     #endif
  39:Generated_Source\PSoC4/BUCK_BOOST_EN_C.c **** #endif
  40:Generated_Source\PSoC4/BUCK_BOOST_EN_C.c ****   
  41:Generated_Source\PSoC4/BUCK_BOOST_EN_C.c **** 
  42:Generated_Source\PSoC4/BUCK_BOOST_EN_C.c **** #if defined(BUCK_BOOST_EN_C__PC) || (CY_PSOC4_4200L) 
  43:Generated_Source\PSoC4/BUCK_BOOST_EN_C.c ****     /*******************************************************************************
  44:Generated_Source\PSoC4/BUCK_BOOST_EN_C.c ****     * Function Name: BUCK_BOOST_EN_C_SetDriveMode
  45:Generated_Source\PSoC4/BUCK_BOOST_EN_C.c ****     ****************************************************************************//**
  46:Generated_Source\PSoC4/BUCK_BOOST_EN_C.c ****     *
  47:Generated_Source\PSoC4/BUCK_BOOST_EN_C.c ****     * \brief Sets the drive mode for each of the Pins component's pins.
  48:Generated_Source\PSoC4/BUCK_BOOST_EN_C.c ****     * 
  49:Generated_Source\PSoC4/BUCK_BOOST_EN_C.c ****     * <b>Note</b> This affects all pins in the Pins component instance. Use the
  50:Generated_Source\PSoC4/BUCK_BOOST_EN_C.c ****     * Per-Pin APIs if you wish to control individual pin's drive modes.
  51:Generated_Source\PSoC4/BUCK_BOOST_EN_C.c ****     *
  52:Generated_Source\PSoC4/BUCK_BOOST_EN_C.c ****     * <b>Note</b> USBIOs have limited drive functionality. Refer to the Drive Mode
  53:Generated_Source\PSoC4/BUCK_BOOST_EN_C.c ****     * parameter for more information.
  54:Generated_Source\PSoC4/BUCK_BOOST_EN_C.c ****     *
  55:Generated_Source\PSoC4/BUCK_BOOST_EN_C.c ****     * \param mode
  56:Generated_Source\PSoC4/BUCK_BOOST_EN_C.c ****     *  Mode for the selected signals. Valid options are documented in 
  57:Generated_Source\PSoC4/BUCK_BOOST_EN_C.c ****     *  \ref driveMode.
  58:Generated_Source\PSoC4/BUCK_BOOST_EN_C.c ****     *
  59:Generated_Source\PSoC4/BUCK_BOOST_EN_C.c ****     * \return
  60:Generated_Source\PSoC4/BUCK_BOOST_EN_C.c ****     *  None
  61:Generated_Source\PSoC4/BUCK_BOOST_EN_C.c ****     *
  62:Generated_Source\PSoC4/BUCK_BOOST_EN_C.c ****     * \sideeffect
  63:Generated_Source\PSoC4/BUCK_BOOST_EN_C.c ****     *  If you use read-modify-write operations that are not atomic, the ISR can
  64:Generated_Source\PSoC4/BUCK_BOOST_EN_C.c ****     *  cause corruption of this function. An ISR that interrupts this function 
  65:Generated_Source\PSoC4/BUCK_BOOST_EN_C.c ****     *  and performs writes to the Pins component Drive Mode registers can cause 
  66:Generated_Source\PSoC4/BUCK_BOOST_EN_C.c ****     *  corrupted port data. To avoid this issue, you should either use the Per-Pin
  67:Generated_Source\PSoC4/BUCK_BOOST_EN_C.c ****     *  APIs (primary method) or disable interrupts around this function.
  68:Generated_Source\PSoC4/BUCK_BOOST_EN_C.c ****     *
  69:Generated_Source\PSoC4/BUCK_BOOST_EN_C.c ****     * \funcusage
  70:Generated_Source\PSoC4/BUCK_BOOST_EN_C.c ****     *  \snippet BUCK_BOOST_EN_C_SUT.c usage_BUCK_BOOST_EN_C_SetDriveMode
  71:Generated_Source\PSoC4/BUCK_BOOST_EN_C.c ****     *******************************************************************************/
  72:Generated_Source\PSoC4/BUCK_BOOST_EN_C.c ****     void BUCK_BOOST_EN_C_SetDriveMode(uint8 mode)
  73:Generated_Source\PSoC4/BUCK_BOOST_EN_C.c ****     {
 332              		.loc 1 73 0
 333              		.cfi_startproc
 334              		@ args = 0, pretend = 0, frame = 0
 335              		@ frame_needed = 0, uses_anonymous_args = 0
 336              		@ link register save eliminated.
 337              	.LVL0:
  74:Generated_Source\PSoC4/BUCK_BOOST_EN_C.c **** 		BUCK_BOOST_EN_C_SetP4PinDriveMode(BUCK_BOOST_EN_C__0__SHIFT, mode);
 338              		.loc 1 74 0
 339 0000 3821     		movs	r1, #56
 340 0002 034A     		ldr	r2, .L2
 341 0004 C000     		lsls	r0, r0, #3
 342              	.LVL1:
 343 0006 1368     		ldr	r3, [r2]
  75:Generated_Source\PSoC4/BUCK_BOOST_EN_C.c ****     }
 344              		.loc 1 75 0
ARM GAS  C:\Users\prana\AppData\Local\Temp\ccbfJGO2.s 			page 24


 345              		@ sp needed
  74:Generated_Source\PSoC4/BUCK_BOOST_EN_C.c **** 		BUCK_BOOST_EN_C_SetP4PinDriveMode(BUCK_BOOST_EN_C__0__SHIFT, mode);
 346              		.loc 1 74 0
 347 0008 8B43     		bics	r3, r1
 348 000a 1843     		orrs	r0, r3
 349 000c 1060     		str	r0, [r2]
 350              		.loc 1 75 0
 351 000e 7047     		bx	lr
 352              	.L3:
 353              		.align	2
 354              	.L2:
 355 0010 08010440 		.word	1074004232
 356              		.cfi_endproc
 357              	.LFE0:
 358              		.size	BUCK_BOOST_EN_C_SetDriveMode, .-BUCK_BOOST_EN_C_SetDriveMode
 359              		.section	.text.BUCK_BOOST_EN_C_Write,"ax",%progbits
 360              		.align	1
 361              		.global	BUCK_BOOST_EN_C_Write
 362              		.code	16
 363              		.thumb_func
 364              		.type	BUCK_BOOST_EN_C_Write, %function
 365              	BUCK_BOOST_EN_C_Write:
 366              	.LFB1:
  76:Generated_Source\PSoC4/BUCK_BOOST_EN_C.c **** #endif
  77:Generated_Source\PSoC4/BUCK_BOOST_EN_C.c **** 
  78:Generated_Source\PSoC4/BUCK_BOOST_EN_C.c **** 
  79:Generated_Source\PSoC4/BUCK_BOOST_EN_C.c **** /*******************************************************************************
  80:Generated_Source\PSoC4/BUCK_BOOST_EN_C.c **** * Function Name: BUCK_BOOST_EN_C_Write
  81:Generated_Source\PSoC4/BUCK_BOOST_EN_C.c **** ****************************************************************************//**
  82:Generated_Source\PSoC4/BUCK_BOOST_EN_C.c **** *
  83:Generated_Source\PSoC4/BUCK_BOOST_EN_C.c **** * \brief Writes the value to the physical port (data output register), masking
  84:Generated_Source\PSoC4/BUCK_BOOST_EN_C.c **** *  and shifting the bits appropriately. 
  85:Generated_Source\PSoC4/BUCK_BOOST_EN_C.c **** *
  86:Generated_Source\PSoC4/BUCK_BOOST_EN_C.c **** * The data output register controls the signal applied to the physical pin in 
  87:Generated_Source\PSoC4/BUCK_BOOST_EN_C.c **** * conjunction with the drive mode parameter. This function avoids changing 
  88:Generated_Source\PSoC4/BUCK_BOOST_EN_C.c **** * other bits in the port by using the appropriate method (read-modify-write or
  89:Generated_Source\PSoC4/BUCK_BOOST_EN_C.c **** * bit banding).
  90:Generated_Source\PSoC4/BUCK_BOOST_EN_C.c **** *
  91:Generated_Source\PSoC4/BUCK_BOOST_EN_C.c **** * <b>Note</b> This function should not be used on a hardware digital output pin 
  92:Generated_Source\PSoC4/BUCK_BOOST_EN_C.c **** * as it is driven by the hardware signal attached to it.
  93:Generated_Source\PSoC4/BUCK_BOOST_EN_C.c **** *
  94:Generated_Source\PSoC4/BUCK_BOOST_EN_C.c **** * \param value
  95:Generated_Source\PSoC4/BUCK_BOOST_EN_C.c **** *  Value to write to the component instance.
  96:Generated_Source\PSoC4/BUCK_BOOST_EN_C.c **** *
  97:Generated_Source\PSoC4/BUCK_BOOST_EN_C.c **** * \return 
  98:Generated_Source\PSoC4/BUCK_BOOST_EN_C.c **** *  None 
  99:Generated_Source\PSoC4/BUCK_BOOST_EN_C.c **** *
 100:Generated_Source\PSoC4/BUCK_BOOST_EN_C.c **** * \sideeffect
 101:Generated_Source\PSoC4/BUCK_BOOST_EN_C.c **** *  If you use read-modify-write operations that are not atomic; the Interrupt 
 102:Generated_Source\PSoC4/BUCK_BOOST_EN_C.c **** *  Service Routines (ISR) can cause corruption of this function. An ISR that 
 103:Generated_Source\PSoC4/BUCK_BOOST_EN_C.c **** *  interrupts this function and performs writes to the Pins component data 
 104:Generated_Source\PSoC4/BUCK_BOOST_EN_C.c **** *  register can cause corrupted port data. To avoid this issue, you should 
 105:Generated_Source\PSoC4/BUCK_BOOST_EN_C.c **** *  either use the Per-Pin APIs (primary method) or disable interrupts around 
 106:Generated_Source\PSoC4/BUCK_BOOST_EN_C.c **** *  this function.
 107:Generated_Source\PSoC4/BUCK_BOOST_EN_C.c **** *
 108:Generated_Source\PSoC4/BUCK_BOOST_EN_C.c **** * \funcusage
 109:Generated_Source\PSoC4/BUCK_BOOST_EN_C.c **** *  \snippet BUCK_BOOST_EN_C_SUT.c usage_BUCK_BOOST_EN_C_Write
ARM GAS  C:\Users\prana\AppData\Local\Temp\ccbfJGO2.s 			page 25


 110:Generated_Source\PSoC4/BUCK_BOOST_EN_C.c **** *******************************************************************************/
 111:Generated_Source\PSoC4/BUCK_BOOST_EN_C.c **** void BUCK_BOOST_EN_C_Write(uint8 value)
 112:Generated_Source\PSoC4/BUCK_BOOST_EN_C.c **** {
 367              		.loc 1 112 0
 368              		.cfi_startproc
 369              		@ args = 0, pretend = 0, frame = 0
 370              		@ frame_needed = 0, uses_anonymous_args = 0
 371              		@ link register save eliminated.
 372              	.LVL2:
 113:Generated_Source\PSoC4/BUCK_BOOST_EN_C.c ****     uint8 drVal = (uint8)(BUCK_BOOST_EN_C_DR & (uint8)(~BUCK_BOOST_EN_C_MASK));
 373              		.loc 1 113 0
 374 0000 0223     		movs	r3, #2
 375 0002 0449     		ldr	r1, .L5
 114:Generated_Source\PSoC4/BUCK_BOOST_EN_C.c ****     drVal = (drVal | ((uint8)(value << BUCK_BOOST_EN_C_SHIFT) & BUCK_BOOST_EN_C_MASK));
 115:Generated_Source\PSoC4/BUCK_BOOST_EN_C.c ****     BUCK_BOOST_EN_C_DR = (uint32)drVal;
 376              		.loc 1 115 0
 377 0004 4000     		lsls	r0, r0, #1
 378              	.LVL3:
 113:Generated_Source\PSoC4/BUCK_BOOST_EN_C.c ****     uint8 drVal = (uint8)(BUCK_BOOST_EN_C_DR & (uint8)(~BUCK_BOOST_EN_C_MASK));
 379              		.loc 1 113 0
 380 0006 0A68     		ldr	r2, [r1]
 116:Generated_Source\PSoC4/BUCK_BOOST_EN_C.c **** }
 381              		.loc 1 116 0
 382              		@ sp needed
 113:Generated_Source\PSoC4/BUCK_BOOST_EN_C.c ****     uint8 drVal = (uint8)(BUCK_BOOST_EN_C_DR & (uint8)(~BUCK_BOOST_EN_C_MASK));
 383              		.loc 1 113 0
 384 0008 9A43     		bics	r2, r3
 385 000a D2B2     		uxtb	r2, r2
 115:Generated_Source\PSoC4/BUCK_BOOST_EN_C.c **** }
 386              		.loc 1 115 0
 387 000c 0340     		ands	r3, r0
 388 000e 1343     		orrs	r3, r2
 389 0010 0B60     		str	r3, [r1]
 390              		.loc 1 116 0
 391 0012 7047     		bx	lr
 392              	.L6:
 393              		.align	2
 394              	.L5:
 395 0014 00010440 		.word	1074004224
 396              		.cfi_endproc
 397              	.LFE1:
 398              		.size	BUCK_BOOST_EN_C_Write, .-BUCK_BOOST_EN_C_Write
 399              		.section	.text.BUCK_BOOST_EN_C_Read,"ax",%progbits
 400              		.align	1
 401              		.global	BUCK_BOOST_EN_C_Read
 402              		.code	16
 403              		.thumb_func
 404              		.type	BUCK_BOOST_EN_C_Read, %function
 405              	BUCK_BOOST_EN_C_Read:
 406              	.LFB2:
 117:Generated_Source\PSoC4/BUCK_BOOST_EN_C.c **** 
 118:Generated_Source\PSoC4/BUCK_BOOST_EN_C.c **** 
 119:Generated_Source\PSoC4/BUCK_BOOST_EN_C.c **** /*******************************************************************************
 120:Generated_Source\PSoC4/BUCK_BOOST_EN_C.c **** * Function Name: BUCK_BOOST_EN_C_Read
 121:Generated_Source\PSoC4/BUCK_BOOST_EN_C.c **** ****************************************************************************//**
 122:Generated_Source\PSoC4/BUCK_BOOST_EN_C.c **** *
 123:Generated_Source\PSoC4/BUCK_BOOST_EN_C.c **** * \brief Reads the associated physical port (pin status register) and masks 
ARM GAS  C:\Users\prana\AppData\Local\Temp\ccbfJGO2.s 			page 26


 124:Generated_Source\PSoC4/BUCK_BOOST_EN_C.c **** *  the required bits according to the width and bit position of the component
 125:Generated_Source\PSoC4/BUCK_BOOST_EN_C.c **** *  instance. 
 126:Generated_Source\PSoC4/BUCK_BOOST_EN_C.c **** *
 127:Generated_Source\PSoC4/BUCK_BOOST_EN_C.c **** * The pin's status register returns the current logic level present on the 
 128:Generated_Source\PSoC4/BUCK_BOOST_EN_C.c **** * physical pin.
 129:Generated_Source\PSoC4/BUCK_BOOST_EN_C.c **** *
 130:Generated_Source\PSoC4/BUCK_BOOST_EN_C.c **** * \return 
 131:Generated_Source\PSoC4/BUCK_BOOST_EN_C.c **** *  The current value for the pins in the component as a right justified number.
 132:Generated_Source\PSoC4/BUCK_BOOST_EN_C.c **** *
 133:Generated_Source\PSoC4/BUCK_BOOST_EN_C.c **** * \funcusage
 134:Generated_Source\PSoC4/BUCK_BOOST_EN_C.c **** *  \snippet BUCK_BOOST_EN_C_SUT.c usage_BUCK_BOOST_EN_C_Read  
 135:Generated_Source\PSoC4/BUCK_BOOST_EN_C.c **** *******************************************************************************/
 136:Generated_Source\PSoC4/BUCK_BOOST_EN_C.c **** uint8 BUCK_BOOST_EN_C_Read(void)
 137:Generated_Source\PSoC4/BUCK_BOOST_EN_C.c **** {
 407              		.loc 1 137 0
 408              		.cfi_startproc
 409              		@ args = 0, pretend = 0, frame = 0
 410              		@ frame_needed = 0, uses_anonymous_args = 0
 411              		@ link register save eliminated.
 138:Generated_Source\PSoC4/BUCK_BOOST_EN_C.c ****     return (uint8)((BUCK_BOOST_EN_C_PS & BUCK_BOOST_EN_C_MASK) >> BUCK_BOOST_EN_C_SHIFT);
 412              		.loc 1 138 0
 413 0000 024B     		ldr	r3, .L8
 139:Generated_Source\PSoC4/BUCK_BOOST_EN_C.c **** }
 414              		.loc 1 139 0
 415              		@ sp needed
 138:Generated_Source\PSoC4/BUCK_BOOST_EN_C.c ****     return (uint8)((BUCK_BOOST_EN_C_PS & BUCK_BOOST_EN_C_MASK) >> BUCK_BOOST_EN_C_SHIFT);
 416              		.loc 1 138 0
 417 0002 1868     		ldr	r0, [r3]
 418 0004 8007     		lsls	r0, r0, #30
 419 0006 C00F     		lsrs	r0, r0, #31
 420              		.loc 1 139 0
 421 0008 7047     		bx	lr
 422              	.L9:
 423 000a C046     		.align	2
 424              	.L8:
 425 000c 04010440 		.word	1074004228
 426              		.cfi_endproc
 427              	.LFE2:
 428              		.size	BUCK_BOOST_EN_C_Read, .-BUCK_BOOST_EN_C_Read
 429              		.section	.text.BUCK_BOOST_EN_C_ReadDataReg,"ax",%progbits
 430              		.align	1
 431              		.global	BUCK_BOOST_EN_C_ReadDataReg
 432              		.code	16
 433              		.thumb_func
 434              		.type	BUCK_BOOST_EN_C_ReadDataReg, %function
 435              	BUCK_BOOST_EN_C_ReadDataReg:
 436              	.LFB3:
 140:Generated_Source\PSoC4/BUCK_BOOST_EN_C.c **** 
 141:Generated_Source\PSoC4/BUCK_BOOST_EN_C.c **** 
 142:Generated_Source\PSoC4/BUCK_BOOST_EN_C.c **** /*******************************************************************************
 143:Generated_Source\PSoC4/BUCK_BOOST_EN_C.c **** * Function Name: BUCK_BOOST_EN_C_ReadDataReg
 144:Generated_Source\PSoC4/BUCK_BOOST_EN_C.c **** ****************************************************************************//**
 145:Generated_Source\PSoC4/BUCK_BOOST_EN_C.c **** *
 146:Generated_Source\PSoC4/BUCK_BOOST_EN_C.c **** * \brief Reads the associated physical port's data output register and masks 
 147:Generated_Source\PSoC4/BUCK_BOOST_EN_C.c **** *  the correct bits according to the width and bit position of the component 
 148:Generated_Source\PSoC4/BUCK_BOOST_EN_C.c **** *  instance. 
 149:Generated_Source\PSoC4/BUCK_BOOST_EN_C.c **** *
ARM GAS  C:\Users\prana\AppData\Local\Temp\ccbfJGO2.s 			page 27


 150:Generated_Source\PSoC4/BUCK_BOOST_EN_C.c **** * The data output register controls the signal applied to the physical pin in 
 151:Generated_Source\PSoC4/BUCK_BOOST_EN_C.c **** * conjunction with the drive mode parameter. This is not the same as the 
 152:Generated_Source\PSoC4/BUCK_BOOST_EN_C.c **** * preferred BUCK_BOOST_EN_C_Read() API because the 
 153:Generated_Source\PSoC4/BUCK_BOOST_EN_C.c **** * BUCK_BOOST_EN_C_ReadDataReg() reads the data register instead of the status 
 154:Generated_Source\PSoC4/BUCK_BOOST_EN_C.c **** * register. For output pins this is a useful function to determine the value 
 155:Generated_Source\PSoC4/BUCK_BOOST_EN_C.c **** * just written to the pin.
 156:Generated_Source\PSoC4/BUCK_BOOST_EN_C.c **** *
 157:Generated_Source\PSoC4/BUCK_BOOST_EN_C.c **** * \return 
 158:Generated_Source\PSoC4/BUCK_BOOST_EN_C.c **** *  The current value of the data register masked and shifted into a right 
 159:Generated_Source\PSoC4/BUCK_BOOST_EN_C.c **** *  justified number for the component instance.
 160:Generated_Source\PSoC4/BUCK_BOOST_EN_C.c **** *
 161:Generated_Source\PSoC4/BUCK_BOOST_EN_C.c **** * \funcusage
 162:Generated_Source\PSoC4/BUCK_BOOST_EN_C.c **** *  \snippet BUCK_BOOST_EN_C_SUT.c usage_BUCK_BOOST_EN_C_ReadDataReg 
 163:Generated_Source\PSoC4/BUCK_BOOST_EN_C.c **** *******************************************************************************/
 164:Generated_Source\PSoC4/BUCK_BOOST_EN_C.c **** uint8 BUCK_BOOST_EN_C_ReadDataReg(void)
 165:Generated_Source\PSoC4/BUCK_BOOST_EN_C.c **** {
 437              		.loc 1 165 0
 438              		.cfi_startproc
 439              		@ args = 0, pretend = 0, frame = 0
 440              		@ frame_needed = 0, uses_anonymous_args = 0
 441              		@ link register save eliminated.
 166:Generated_Source\PSoC4/BUCK_BOOST_EN_C.c ****     return (uint8)((BUCK_BOOST_EN_C_DR & BUCK_BOOST_EN_C_MASK) >> BUCK_BOOST_EN_C_SHIFT);
 442              		.loc 1 166 0
 443 0000 024B     		ldr	r3, .L11
 167:Generated_Source\PSoC4/BUCK_BOOST_EN_C.c **** }
 444              		.loc 1 167 0
 445              		@ sp needed
 166:Generated_Source\PSoC4/BUCK_BOOST_EN_C.c ****     return (uint8)((BUCK_BOOST_EN_C_DR & BUCK_BOOST_EN_C_MASK) >> BUCK_BOOST_EN_C_SHIFT);
 446              		.loc 1 166 0
 447 0002 1868     		ldr	r0, [r3]
 448 0004 8007     		lsls	r0, r0, #30
 449 0006 C00F     		lsrs	r0, r0, #31
 450              		.loc 1 167 0
 451 0008 7047     		bx	lr
 452              	.L12:
 453 000a C046     		.align	2
 454              	.L11:
 455 000c 00010440 		.word	1074004224
 456              		.cfi_endproc
 457              	.LFE3:
 458              		.size	BUCK_BOOST_EN_C_ReadDataReg, .-BUCK_BOOST_EN_C_ReadDataReg
 459              		.section	.text.BUCK_BOOST_EN_C_SetInterruptMode,"ax",%progbits
 460              		.align	1
 461              		.global	BUCK_BOOST_EN_C_SetInterruptMode
 462              		.code	16
 463              		.thumb_func
 464              		.type	BUCK_BOOST_EN_C_SetInterruptMode, %function
 465              	BUCK_BOOST_EN_C_SetInterruptMode:
 466              	.LFB4:
 168:Generated_Source\PSoC4/BUCK_BOOST_EN_C.c **** 
 169:Generated_Source\PSoC4/BUCK_BOOST_EN_C.c **** 
 170:Generated_Source\PSoC4/BUCK_BOOST_EN_C.c **** /*******************************************************************************
 171:Generated_Source\PSoC4/BUCK_BOOST_EN_C.c **** * Function Name: BUCK_BOOST_EN_C_SetInterruptMode
 172:Generated_Source\PSoC4/BUCK_BOOST_EN_C.c **** ****************************************************************************//**
 173:Generated_Source\PSoC4/BUCK_BOOST_EN_C.c **** *
 174:Generated_Source\PSoC4/BUCK_BOOST_EN_C.c **** * \brief Configures the interrupt mode for each of the Pins component's
 175:Generated_Source\PSoC4/BUCK_BOOST_EN_C.c **** *  pins. Alternatively you may set the interrupt mode for all the pins
ARM GAS  C:\Users\prana\AppData\Local\Temp\ccbfJGO2.s 			page 28


 176:Generated_Source\PSoC4/BUCK_BOOST_EN_C.c **** *  specified in the Pins component.
 177:Generated_Source\PSoC4/BUCK_BOOST_EN_C.c **** *
 178:Generated_Source\PSoC4/BUCK_BOOST_EN_C.c **** *  <b>Note</b> The interrupt is port-wide and therefore any enabled pin
 179:Generated_Source\PSoC4/BUCK_BOOST_EN_C.c **** *  interrupt may trigger it.
 180:Generated_Source\PSoC4/BUCK_BOOST_EN_C.c **** *
 181:Generated_Source\PSoC4/BUCK_BOOST_EN_C.c **** * \param position
 182:Generated_Source\PSoC4/BUCK_BOOST_EN_C.c **** *  The pin position as listed in the Pins component. You may OR these to be 
 183:Generated_Source\PSoC4/BUCK_BOOST_EN_C.c **** *  able to configure the interrupt mode of multiple pins within a Pins 
 184:Generated_Source\PSoC4/BUCK_BOOST_EN_C.c **** *  component. Or you may use BUCK_BOOST_EN_C_INTR_ALL to configure the
 185:Generated_Source\PSoC4/BUCK_BOOST_EN_C.c **** *  interrupt mode of all the pins in the Pins component.       
 186:Generated_Source\PSoC4/BUCK_BOOST_EN_C.c **** *  - BUCK_BOOST_EN_C_0_INTR       (First pin in the list)
 187:Generated_Source\PSoC4/BUCK_BOOST_EN_C.c **** *  - BUCK_BOOST_EN_C_1_INTR       (Second pin in the list)
 188:Generated_Source\PSoC4/BUCK_BOOST_EN_C.c **** *  - ...
 189:Generated_Source\PSoC4/BUCK_BOOST_EN_C.c **** *  - BUCK_BOOST_EN_C_INTR_ALL     (All pins in Pins component)
 190:Generated_Source\PSoC4/BUCK_BOOST_EN_C.c **** *
 191:Generated_Source\PSoC4/BUCK_BOOST_EN_C.c **** * \param mode
 192:Generated_Source\PSoC4/BUCK_BOOST_EN_C.c **** *  Interrupt mode for the selected pins. Valid options are documented in
 193:Generated_Source\PSoC4/BUCK_BOOST_EN_C.c **** *  \ref intrMode.
 194:Generated_Source\PSoC4/BUCK_BOOST_EN_C.c **** *
 195:Generated_Source\PSoC4/BUCK_BOOST_EN_C.c **** * \return 
 196:Generated_Source\PSoC4/BUCK_BOOST_EN_C.c **** *  None
 197:Generated_Source\PSoC4/BUCK_BOOST_EN_C.c **** *  
 198:Generated_Source\PSoC4/BUCK_BOOST_EN_C.c **** * \sideeffect
 199:Generated_Source\PSoC4/BUCK_BOOST_EN_C.c **** *  It is recommended that the interrupt be disabled before calling this 
 200:Generated_Source\PSoC4/BUCK_BOOST_EN_C.c **** *  function to avoid unintended interrupt requests. Note that the interrupt
 201:Generated_Source\PSoC4/BUCK_BOOST_EN_C.c **** *  type is port wide, and therefore will trigger for any enabled pin on the 
 202:Generated_Source\PSoC4/BUCK_BOOST_EN_C.c **** *  port.
 203:Generated_Source\PSoC4/BUCK_BOOST_EN_C.c **** *
 204:Generated_Source\PSoC4/BUCK_BOOST_EN_C.c **** * \funcusage
 205:Generated_Source\PSoC4/BUCK_BOOST_EN_C.c **** *  \snippet BUCK_BOOST_EN_C_SUT.c usage_BUCK_BOOST_EN_C_SetInterruptMode
 206:Generated_Source\PSoC4/BUCK_BOOST_EN_C.c **** *******************************************************************************/
 207:Generated_Source\PSoC4/BUCK_BOOST_EN_C.c **** void BUCK_BOOST_EN_C_SetInterruptMode(uint16 position, uint16 mode)
 208:Generated_Source\PSoC4/BUCK_BOOST_EN_C.c **** {
 467              		.loc 1 208 0
 468              		.cfi_startproc
 469              		@ args = 0, pretend = 0, frame = 0
 470              		@ frame_needed = 0, uses_anonymous_args = 0
 471              		@ link register save eliminated.
 472              	.LVL4:
 209:Generated_Source\PSoC4/BUCK_BOOST_EN_C.c ****     uint32 intrCfg;
 210:Generated_Source\PSoC4/BUCK_BOOST_EN_C.c ****     
 211:Generated_Source\PSoC4/BUCK_BOOST_EN_C.c ****     intrCfg =  BUCK_BOOST_EN_C_INTCFG & (uint32)(~(uint32)position);
 473              		.loc 1 211 0
 474 0000 034A     		ldr	r2, .L14
 212:Generated_Source\PSoC4/BUCK_BOOST_EN_C.c ****     BUCK_BOOST_EN_C_INTCFG = intrCfg | ((uint32)position & (uint32)mode);
 213:Generated_Source\PSoC4/BUCK_BOOST_EN_C.c **** }
 475              		.loc 1 213 0
 476              		@ sp needed
 211:Generated_Source\PSoC4/BUCK_BOOST_EN_C.c ****     BUCK_BOOST_EN_C_INTCFG = intrCfg | ((uint32)position & (uint32)mode);
 477              		.loc 1 211 0
 478 0002 1368     		ldr	r3, [r2]
 479              	.LVL5:
 212:Generated_Source\PSoC4/BUCK_BOOST_EN_C.c ****     BUCK_BOOST_EN_C_INTCFG = intrCfg | ((uint32)position & (uint32)mode);
 480              		.loc 1 212 0
 481 0004 8343     		bics	r3, r0
 482              	.LVL6:
 483 0006 0840     		ands	r0, r1
ARM GAS  C:\Users\prana\AppData\Local\Temp\ccbfJGO2.s 			page 29


 484              	.LVL7:
 485 0008 1843     		orrs	r0, r3
 486 000a 1060     		str	r0, [r2]
 487              		.loc 1 213 0
 488 000c 7047     		bx	lr
 489              	.L15:
 490 000e C046     		.align	2
 491              	.L14:
 492 0010 0C010440 		.word	1074004236
 493              		.cfi_endproc
 494              	.LFE4:
 495              		.size	BUCK_BOOST_EN_C_SetInterruptMode, .-BUCK_BOOST_EN_C_SetInterruptMode
 496              		.section	.text.BUCK_BOOST_EN_C_ClearInterrupt,"ax",%progbits
 497              		.align	1
 498              		.global	BUCK_BOOST_EN_C_ClearInterrupt
 499              		.code	16
 500              		.thumb_func
 501              		.type	BUCK_BOOST_EN_C_ClearInterrupt, %function
 502              	BUCK_BOOST_EN_C_ClearInterrupt:
 503              	.LFB5:
 214:Generated_Source\PSoC4/BUCK_BOOST_EN_C.c **** 
 215:Generated_Source\PSoC4/BUCK_BOOST_EN_C.c **** 
 216:Generated_Source\PSoC4/BUCK_BOOST_EN_C.c **** /*******************************************************************************
 217:Generated_Source\PSoC4/BUCK_BOOST_EN_C.c **** * Function Name: BUCK_BOOST_EN_C_ClearInterrupt
 218:Generated_Source\PSoC4/BUCK_BOOST_EN_C.c **** ****************************************************************************//**
 219:Generated_Source\PSoC4/BUCK_BOOST_EN_C.c **** *
 220:Generated_Source\PSoC4/BUCK_BOOST_EN_C.c **** * \brief Clears any active interrupts attached with the component and returns 
 221:Generated_Source\PSoC4/BUCK_BOOST_EN_C.c **** *  the value of the interrupt status register allowing determination of which
 222:Generated_Source\PSoC4/BUCK_BOOST_EN_C.c **** *  pins generated an interrupt event.
 223:Generated_Source\PSoC4/BUCK_BOOST_EN_C.c **** *
 224:Generated_Source\PSoC4/BUCK_BOOST_EN_C.c **** * \return 
 225:Generated_Source\PSoC4/BUCK_BOOST_EN_C.c **** *  The right-shifted current value of the interrupt status register. Each pin 
 226:Generated_Source\PSoC4/BUCK_BOOST_EN_C.c **** *  has one bit set if it generated an interrupt event. For example, bit 0 is 
 227:Generated_Source\PSoC4/BUCK_BOOST_EN_C.c **** *  for pin 0 and bit 1 is for pin 1 of the Pins component.
 228:Generated_Source\PSoC4/BUCK_BOOST_EN_C.c **** *  
 229:Generated_Source\PSoC4/BUCK_BOOST_EN_C.c **** * \sideeffect
 230:Generated_Source\PSoC4/BUCK_BOOST_EN_C.c **** *  Clears all bits of the physical port's interrupt status register, not just
 231:Generated_Source\PSoC4/BUCK_BOOST_EN_C.c **** *  those associated with the Pins component.
 232:Generated_Source\PSoC4/BUCK_BOOST_EN_C.c **** *
 233:Generated_Source\PSoC4/BUCK_BOOST_EN_C.c **** * \funcusage
 234:Generated_Source\PSoC4/BUCK_BOOST_EN_C.c **** *  \snippet BUCK_BOOST_EN_C_SUT.c usage_BUCK_BOOST_EN_C_ClearInterrupt
 235:Generated_Source\PSoC4/BUCK_BOOST_EN_C.c **** *******************************************************************************/
 236:Generated_Source\PSoC4/BUCK_BOOST_EN_C.c **** uint8 BUCK_BOOST_EN_C_ClearInterrupt(void)
 237:Generated_Source\PSoC4/BUCK_BOOST_EN_C.c **** {
 504              		.loc 1 237 0
 505              		.cfi_startproc
 506              		@ args = 0, pretend = 0, frame = 0
 507              		@ frame_needed = 0, uses_anonymous_args = 0
 508              		@ link register save eliminated.
 238:Generated_Source\PSoC4/BUCK_BOOST_EN_C.c **** 	uint8 maskedStatus = (uint8)(BUCK_BOOST_EN_C_INTSTAT & BUCK_BOOST_EN_C_MASK);
 509              		.loc 1 238 0
 510 0000 0223     		movs	r3, #2
 511 0002 034A     		ldr	r2, .L17
 239:Generated_Source\PSoC4/BUCK_BOOST_EN_C.c **** 	BUCK_BOOST_EN_C_INTSTAT = maskedStatus;
 240:Generated_Source\PSoC4/BUCK_BOOST_EN_C.c ****     return maskedStatus >> BUCK_BOOST_EN_C_SHIFT;
 241:Generated_Source\PSoC4/BUCK_BOOST_EN_C.c **** }
 512              		.loc 1 241 0
ARM GAS  C:\Users\prana\AppData\Local\Temp\ccbfJGO2.s 			page 30


 513              		@ sp needed
 238:Generated_Source\PSoC4/BUCK_BOOST_EN_C.c **** 	uint8 maskedStatus = (uint8)(BUCK_BOOST_EN_C_INTSTAT & BUCK_BOOST_EN_C_MASK);
 514              		.loc 1 238 0
 515 0004 1068     		ldr	r0, [r2]
 516 0006 1840     		ands	r0, r3
 517              	.LVL8:
 239:Generated_Source\PSoC4/BUCK_BOOST_EN_C.c **** 	BUCK_BOOST_EN_C_INTSTAT = maskedStatus;
 518              		.loc 1 239 0
 519 0008 1060     		str	r0, [r2]
 240:Generated_Source\PSoC4/BUCK_BOOST_EN_C.c **** }
 520              		.loc 1 240 0
 521 000a 4008     		lsrs	r0, r0, #1
 522              	.LVL9:
 523 000c C0B2     		uxtb	r0, r0
 524              		.loc 1 241 0
 525 000e 7047     		bx	lr
 526              	.L18:
 527              		.align	2
 528              	.L17:
 529 0010 10010440 		.word	1074004240
 530              		.cfi_endproc
 531              	.LFE5:
 532              		.size	BUCK_BOOST_EN_C_ClearInterrupt, .-BUCK_BOOST_EN_C_ClearInterrupt
 533              		.text
 534              	.Letext0:
 535              		.file 2 "Generated_Source\\PSoC4\\cytypes.h"
 536              		.section	.debug_info,"",%progbits
 537              	.Ldebug_info0:
 538 0000 97010000 		.4byte	0x197
 539 0004 0400     		.2byte	0x4
 540 0006 00000000 		.4byte	.Ldebug_abbrev0
 541 000a 04       		.byte	0x4
 542 000b 01       		.uleb128 0x1
 543 000c 1B010000 		.4byte	.LASF27
 544 0010 0C       		.byte	0xc
 545 0011 06000000 		.4byte	.LASF28
 546 0015 47020000 		.4byte	.LASF29
 547 0019 00000000 		.4byte	.Ldebug_ranges0+0
 548 001d 00000000 		.4byte	0
 549 0021 00000000 		.4byte	.Ldebug_line0
 550 0025 02       		.uleb128 0x2
 551 0026 01       		.byte	0x1
 552 0027 06       		.byte	0x6
 553 0028 3B020000 		.4byte	.LASF0
 554 002c 02       		.uleb128 0x2
 555 002d 01       		.byte	0x1
 556 002e 08       		.byte	0x8
 557 002f 76000000 		.4byte	.LASF1
 558 0033 02       		.uleb128 0x2
 559 0034 02       		.byte	0x2
 560 0035 05       		.byte	0x5
 561 0036 19020000 		.4byte	.LASF2
 562 003a 02       		.uleb128 0x2
 563 003b 02       		.byte	0x2
 564 003c 07       		.byte	0x7
 565 003d 9C000000 		.4byte	.LASF3
 566 0041 02       		.uleb128 0x2
ARM GAS  C:\Users\prana\AppData\Local\Temp\ccbfJGO2.s 			page 31


 567 0042 04       		.byte	0x4
 568 0043 05       		.byte	0x5
 569 0044 32020000 		.4byte	.LASF4
 570 0048 02       		.uleb128 0x2
 571 0049 04       		.byte	0x4
 572 004a 07       		.byte	0x7
 573 004b 8A000000 		.4byte	.LASF5
 574 004f 02       		.uleb128 0x2
 575 0050 08       		.byte	0x8
 576 0051 05       		.byte	0x5
 577 0052 F9010000 		.4byte	.LASF6
 578 0056 02       		.uleb128 0x2
 579 0057 08       		.byte	0x8
 580 0058 07       		.byte	0x7
 581 0059 EE000000 		.4byte	.LASF7
 582 005d 03       		.uleb128 0x3
 583 005e 04       		.byte	0x4
 584 005f 05       		.byte	0x5
 585 0060 696E7400 		.ascii	"int\000"
 586 0064 02       		.uleb128 0x2
 587 0065 04       		.byte	0x4
 588 0066 07       		.byte	0x7
 589 0067 E1000000 		.4byte	.LASF8
 590 006b 04       		.uleb128 0x4
 591 006c 23020000 		.4byte	.LASF9
 592 0070 02       		.byte	0x2
 593 0071 D201     		.2byte	0x1d2
 594 0073 2C000000 		.4byte	0x2c
 595 0077 04       		.uleb128 0x4
 596 0078 B6000000 		.4byte	.LASF10
 597 007c 02       		.byte	0x2
 598 007d D301     		.2byte	0x1d3
 599 007f 3A000000 		.4byte	0x3a
 600 0083 04       		.uleb128 0x4
 601 0084 D2000000 		.4byte	.LASF11
 602 0088 02       		.byte	0x2
 603 0089 D401     		.2byte	0x1d4
 604 008b 48000000 		.4byte	0x48
 605 008f 02       		.uleb128 0x2
 606 0090 04       		.byte	0x4
 607 0091 04       		.byte	0x4
 608 0092 70000000 		.4byte	.LASF12
 609 0096 02       		.uleb128 0x2
 610 0097 08       		.byte	0x8
 611 0098 04       		.byte	0x4
 612 0099 AF000000 		.4byte	.LASF13
 613 009d 02       		.uleb128 0x2
 614 009e 01       		.byte	0x1
 615 009f 08       		.byte	0x8
 616 00a0 14020000 		.4byte	.LASF14
 617 00a4 04       		.uleb128 0x4
 618 00a5 00000000 		.4byte	.LASF15
 619 00a9 02       		.byte	0x2
 620 00aa 7E02     		.2byte	0x27e
 621 00ac B0000000 		.4byte	0xb0
 622 00b0 05       		.uleb128 0x5
 623 00b1 83000000 		.4byte	0x83
ARM GAS  C:\Users\prana\AppData\Local\Temp\ccbfJGO2.s 			page 32


 624 00b5 06       		.uleb128 0x6
 625 00b6 D7010000 		.4byte	.LASF16
 626 00ba 01       		.byte	0x1
 627 00bb 48       		.byte	0x48
 628 00bc 00000000 		.4byte	.LFB0
 629 00c0 14000000 		.4byte	.LFE0-.LFB0
 630 00c4 01       		.uleb128 0x1
 631 00c5 9C       		.byte	0x9c
 632 00c6 DA000000 		.4byte	0xda
 633 00ca 07       		.uleb128 0x7
 634 00cb F4010000 		.4byte	.LASF18
 635 00cf 01       		.byte	0x1
 636 00d0 48       		.byte	0x48
 637 00d1 6B000000 		.4byte	0x6b
 638 00d5 00000000 		.4byte	.LLST0
 639 00d9 00       		.byte	0
 640 00da 06       		.uleb128 0x6
 641 00db 05010000 		.4byte	.LASF17
 642 00df 01       		.byte	0x1
 643 00e0 6F       		.byte	0x6f
 644 00e1 00000000 		.4byte	.LFB1
 645 00e5 18000000 		.4byte	.LFE1-.LFB1
 646 00e9 01       		.uleb128 0x1
 647 00ea 9C       		.byte	0x9c
 648 00eb 0A010000 		.4byte	0x10a
 649 00ef 07       		.uleb128 0x7
 650 00f0 2F000000 		.4byte	.LASF19
 651 00f4 01       		.byte	0x1
 652 00f5 6F       		.byte	0x6f
 653 00f6 6B000000 		.4byte	0x6b
 654 00fa 21000000 		.4byte	.LLST1
 655 00fe 08       		.uleb128 0x8
 656 00ff 84000000 		.4byte	.LASF30
 657 0103 01       		.byte	0x1
 658 0104 71       		.byte	0x71
 659 0105 6B000000 		.4byte	0x6b
 660 0109 00       		.byte	0
 661 010a 09       		.uleb128 0x9
 662 010b BD000000 		.4byte	.LASF20
 663 010f 01       		.byte	0x1
 664 0110 88       		.byte	0x88
 665 0111 6B000000 		.4byte	0x6b
 666 0115 00000000 		.4byte	.LFB2
 667 0119 10000000 		.4byte	.LFE2-.LFB2
 668 011d 01       		.uleb128 0x1
 669 011e 9C       		.byte	0x9c
 670 011f 09       		.uleb128 0x9
 671 0120 35000000 		.4byte	.LASF21
 672 0124 01       		.byte	0x1
 673 0125 A4       		.byte	0xa4
 674 0126 6B000000 		.4byte	0x6b
 675 012a 00000000 		.4byte	.LFB3
 676 012e 10000000 		.4byte	.LFE3-.LFB3
 677 0132 01       		.uleb128 0x1
 678 0133 9C       		.byte	0x9c
 679 0134 06       		.uleb128 0x6
 680 0135 8C020000 		.4byte	.LASF22
ARM GAS  C:\Users\prana\AppData\Local\Temp\ccbfJGO2.s 			page 33


 681 0139 01       		.byte	0x1
 682 013a CF       		.byte	0xcf
 683 013b 00000000 		.4byte	.LFB4
 684 013f 14000000 		.4byte	.LFE4-.LFB4
 685 0143 01       		.uleb128 0x1
 686 0144 9C       		.byte	0x9c
 687 0145 75010000 		.4byte	0x175
 688 0149 07       		.uleb128 0x7
 689 014a 29020000 		.4byte	.LASF23
 690 014e 01       		.byte	0x1
 691 014f CF       		.byte	0xcf
 692 0150 77000000 		.4byte	0x77
 693 0154 42000000 		.4byte	.LLST2
 694 0158 0A       		.uleb128 0xa
 695 0159 F4010000 		.4byte	.LASF18
 696 015d 01       		.byte	0x1
 697 015e CF       		.byte	0xcf
 698 015f 77000000 		.4byte	0x77
 699 0163 01       		.uleb128 0x1
 700 0164 51       		.byte	0x51
 701 0165 0B       		.uleb128 0xb
 702 0166 D9000000 		.4byte	.LASF25
 703 016a 01       		.byte	0x1
 704 016b D1       		.byte	0xd1
 705 016c 83000000 		.4byte	0x83
 706 0170 63000000 		.4byte	.LLST3
 707 0174 00       		.byte	0
 708 0175 0C       		.uleb128 0xc
 709 0176 51000000 		.4byte	.LASF24
 710 017a 01       		.byte	0x1
 711 017b EC       		.byte	0xec
 712 017c 6B000000 		.4byte	0x6b
 713 0180 00000000 		.4byte	.LFB5
 714 0184 14000000 		.4byte	.LFE5-.LFB5
 715 0188 01       		.uleb128 0x1
 716 0189 9C       		.byte	0x9c
 717 018a 0B       		.uleb128 0xb
 718 018b 07020000 		.4byte	.LASF26
 719 018f 01       		.byte	0x1
 720 0190 EE       		.byte	0xee
 721 0191 6B000000 		.4byte	0x6b
 722 0195 80000000 		.4byte	.LLST4
 723 0199 00       		.byte	0
 724 019a 00       		.byte	0
 725              		.section	.debug_abbrev,"",%progbits
 726              	.Ldebug_abbrev0:
 727 0000 01       		.uleb128 0x1
 728 0001 11       		.uleb128 0x11
 729 0002 01       		.byte	0x1
 730 0003 25       		.uleb128 0x25
 731 0004 0E       		.uleb128 0xe
 732 0005 13       		.uleb128 0x13
 733 0006 0B       		.uleb128 0xb
 734 0007 03       		.uleb128 0x3
 735 0008 0E       		.uleb128 0xe
 736 0009 1B       		.uleb128 0x1b
 737 000a 0E       		.uleb128 0xe
ARM GAS  C:\Users\prana\AppData\Local\Temp\ccbfJGO2.s 			page 34


 738 000b 55       		.uleb128 0x55
 739 000c 17       		.uleb128 0x17
 740 000d 11       		.uleb128 0x11
 741 000e 01       		.uleb128 0x1
 742 000f 10       		.uleb128 0x10
 743 0010 17       		.uleb128 0x17
 744 0011 00       		.byte	0
 745 0012 00       		.byte	0
 746 0013 02       		.uleb128 0x2
 747 0014 24       		.uleb128 0x24
 748 0015 00       		.byte	0
 749 0016 0B       		.uleb128 0xb
 750 0017 0B       		.uleb128 0xb
 751 0018 3E       		.uleb128 0x3e
 752 0019 0B       		.uleb128 0xb
 753 001a 03       		.uleb128 0x3
 754 001b 0E       		.uleb128 0xe
 755 001c 00       		.byte	0
 756 001d 00       		.byte	0
 757 001e 03       		.uleb128 0x3
 758 001f 24       		.uleb128 0x24
 759 0020 00       		.byte	0
 760 0021 0B       		.uleb128 0xb
 761 0022 0B       		.uleb128 0xb
 762 0023 3E       		.uleb128 0x3e
 763 0024 0B       		.uleb128 0xb
 764 0025 03       		.uleb128 0x3
 765 0026 08       		.uleb128 0x8
 766 0027 00       		.byte	0
 767 0028 00       		.byte	0
 768 0029 04       		.uleb128 0x4
 769 002a 16       		.uleb128 0x16
 770 002b 00       		.byte	0
 771 002c 03       		.uleb128 0x3
 772 002d 0E       		.uleb128 0xe
 773 002e 3A       		.uleb128 0x3a
 774 002f 0B       		.uleb128 0xb
 775 0030 3B       		.uleb128 0x3b
 776 0031 05       		.uleb128 0x5
 777 0032 49       		.uleb128 0x49
 778 0033 13       		.uleb128 0x13
 779 0034 00       		.byte	0
 780 0035 00       		.byte	0
 781 0036 05       		.uleb128 0x5
 782 0037 35       		.uleb128 0x35
 783 0038 00       		.byte	0
 784 0039 49       		.uleb128 0x49
 785 003a 13       		.uleb128 0x13
 786 003b 00       		.byte	0
 787 003c 00       		.byte	0
 788 003d 06       		.uleb128 0x6
 789 003e 2E       		.uleb128 0x2e
 790 003f 01       		.byte	0x1
 791 0040 3F       		.uleb128 0x3f
 792 0041 19       		.uleb128 0x19
 793 0042 03       		.uleb128 0x3
 794 0043 0E       		.uleb128 0xe
ARM GAS  C:\Users\prana\AppData\Local\Temp\ccbfJGO2.s 			page 35


 795 0044 3A       		.uleb128 0x3a
 796 0045 0B       		.uleb128 0xb
 797 0046 3B       		.uleb128 0x3b
 798 0047 0B       		.uleb128 0xb
 799 0048 27       		.uleb128 0x27
 800 0049 19       		.uleb128 0x19
 801 004a 11       		.uleb128 0x11
 802 004b 01       		.uleb128 0x1
 803 004c 12       		.uleb128 0x12
 804 004d 06       		.uleb128 0x6
 805 004e 40       		.uleb128 0x40
 806 004f 18       		.uleb128 0x18
 807 0050 9742     		.uleb128 0x2117
 808 0052 19       		.uleb128 0x19
 809 0053 01       		.uleb128 0x1
 810 0054 13       		.uleb128 0x13
 811 0055 00       		.byte	0
 812 0056 00       		.byte	0
 813 0057 07       		.uleb128 0x7
 814 0058 05       		.uleb128 0x5
 815 0059 00       		.byte	0
 816 005a 03       		.uleb128 0x3
 817 005b 0E       		.uleb128 0xe
 818 005c 3A       		.uleb128 0x3a
 819 005d 0B       		.uleb128 0xb
 820 005e 3B       		.uleb128 0x3b
 821 005f 0B       		.uleb128 0xb
 822 0060 49       		.uleb128 0x49
 823 0061 13       		.uleb128 0x13
 824 0062 02       		.uleb128 0x2
 825 0063 17       		.uleb128 0x17
 826 0064 00       		.byte	0
 827 0065 00       		.byte	0
 828 0066 08       		.uleb128 0x8
 829 0067 34       		.uleb128 0x34
 830 0068 00       		.byte	0
 831 0069 03       		.uleb128 0x3
 832 006a 0E       		.uleb128 0xe
 833 006b 3A       		.uleb128 0x3a
 834 006c 0B       		.uleb128 0xb
 835 006d 3B       		.uleb128 0x3b
 836 006e 0B       		.uleb128 0xb
 837 006f 49       		.uleb128 0x49
 838 0070 13       		.uleb128 0x13
 839 0071 00       		.byte	0
 840 0072 00       		.byte	0
 841 0073 09       		.uleb128 0x9
 842 0074 2E       		.uleb128 0x2e
 843 0075 00       		.byte	0
 844 0076 3F       		.uleb128 0x3f
 845 0077 19       		.uleb128 0x19
 846 0078 03       		.uleb128 0x3
 847 0079 0E       		.uleb128 0xe
 848 007a 3A       		.uleb128 0x3a
 849 007b 0B       		.uleb128 0xb
 850 007c 3B       		.uleb128 0x3b
 851 007d 0B       		.uleb128 0xb
ARM GAS  C:\Users\prana\AppData\Local\Temp\ccbfJGO2.s 			page 36


 852 007e 27       		.uleb128 0x27
 853 007f 19       		.uleb128 0x19
 854 0080 49       		.uleb128 0x49
 855 0081 13       		.uleb128 0x13
 856 0082 11       		.uleb128 0x11
 857 0083 01       		.uleb128 0x1
 858 0084 12       		.uleb128 0x12
 859 0085 06       		.uleb128 0x6
 860 0086 40       		.uleb128 0x40
 861 0087 18       		.uleb128 0x18
 862 0088 9742     		.uleb128 0x2117
 863 008a 19       		.uleb128 0x19
 864 008b 00       		.byte	0
 865 008c 00       		.byte	0
 866 008d 0A       		.uleb128 0xa
 867 008e 05       		.uleb128 0x5
 868 008f 00       		.byte	0
 869 0090 03       		.uleb128 0x3
 870 0091 0E       		.uleb128 0xe
 871 0092 3A       		.uleb128 0x3a
 872 0093 0B       		.uleb128 0xb
 873 0094 3B       		.uleb128 0x3b
 874 0095 0B       		.uleb128 0xb
 875 0096 49       		.uleb128 0x49
 876 0097 13       		.uleb128 0x13
 877 0098 02       		.uleb128 0x2
 878 0099 18       		.uleb128 0x18
 879 009a 00       		.byte	0
 880 009b 00       		.byte	0
 881 009c 0B       		.uleb128 0xb
 882 009d 34       		.uleb128 0x34
 883 009e 00       		.byte	0
 884 009f 03       		.uleb128 0x3
 885 00a0 0E       		.uleb128 0xe
 886 00a1 3A       		.uleb128 0x3a
 887 00a2 0B       		.uleb128 0xb
 888 00a3 3B       		.uleb128 0x3b
 889 00a4 0B       		.uleb128 0xb
 890 00a5 49       		.uleb128 0x49
 891 00a6 13       		.uleb128 0x13
 892 00a7 02       		.uleb128 0x2
 893 00a8 17       		.uleb128 0x17
 894 00a9 00       		.byte	0
 895 00aa 00       		.byte	0
 896 00ab 0C       		.uleb128 0xc
 897 00ac 2E       		.uleb128 0x2e
 898 00ad 01       		.byte	0x1
 899 00ae 3F       		.uleb128 0x3f
 900 00af 19       		.uleb128 0x19
 901 00b0 03       		.uleb128 0x3
 902 00b1 0E       		.uleb128 0xe
 903 00b2 3A       		.uleb128 0x3a
 904 00b3 0B       		.uleb128 0xb
 905 00b4 3B       		.uleb128 0x3b
 906 00b5 0B       		.uleb128 0xb
 907 00b6 27       		.uleb128 0x27
 908 00b7 19       		.uleb128 0x19
ARM GAS  C:\Users\prana\AppData\Local\Temp\ccbfJGO2.s 			page 37


 909 00b8 49       		.uleb128 0x49
 910 00b9 13       		.uleb128 0x13
 911 00ba 11       		.uleb128 0x11
 912 00bb 01       		.uleb128 0x1
 913 00bc 12       		.uleb128 0x12
 914 00bd 06       		.uleb128 0x6
 915 00be 40       		.uleb128 0x40
 916 00bf 18       		.uleb128 0x18
 917 00c0 9742     		.uleb128 0x2117
 918 00c2 19       		.uleb128 0x19
 919 00c3 00       		.byte	0
 920 00c4 00       		.byte	0
 921 00c5 00       		.byte	0
 922              		.section	.debug_loc,"",%progbits
 923              	.Ldebug_loc0:
 924              	.LLST0:
 925 0000 00000000 		.4byte	.LVL0
 926 0004 06000000 		.4byte	.LVL1
 927 0008 0100     		.2byte	0x1
 928 000a 50       		.byte	0x50
 929 000b 06000000 		.4byte	.LVL1
 930 000f 14000000 		.4byte	.LFE0
 931 0013 0400     		.2byte	0x4
 932 0015 F3       		.byte	0xf3
 933 0016 01       		.uleb128 0x1
 934 0017 50       		.byte	0x50
 935 0018 9F       		.byte	0x9f
 936 0019 00000000 		.4byte	0
 937 001d 00000000 		.4byte	0
 938              	.LLST1:
 939 0021 00000000 		.4byte	.LVL2
 940 0025 06000000 		.4byte	.LVL3
 941 0029 0100     		.2byte	0x1
 942 002b 50       		.byte	0x50
 943 002c 06000000 		.4byte	.LVL3
 944 0030 18000000 		.4byte	.LFE1
 945 0034 0400     		.2byte	0x4
 946 0036 F3       		.byte	0xf3
 947 0037 01       		.uleb128 0x1
 948 0038 50       		.byte	0x50
 949 0039 9F       		.byte	0x9f
 950 003a 00000000 		.4byte	0
 951 003e 00000000 		.4byte	0
 952              	.LLST2:
 953 0042 00000000 		.4byte	.LVL4
 954 0046 08000000 		.4byte	.LVL7
 955 004a 0100     		.2byte	0x1
 956 004c 50       		.byte	0x50
 957 004d 08000000 		.4byte	.LVL7
 958 0051 14000000 		.4byte	.LFE4
 959 0055 0400     		.2byte	0x4
 960 0057 F3       		.byte	0xf3
 961 0058 01       		.uleb128 0x1
 962 0059 50       		.byte	0x50
 963 005a 9F       		.byte	0x9f
 964 005b 00000000 		.4byte	0
 965 005f 00000000 		.4byte	0
ARM GAS  C:\Users\prana\AppData\Local\Temp\ccbfJGO2.s 			page 38


 966              	.LLST3:
 967 0063 04000000 		.4byte	.LVL5
 968 0067 06000000 		.4byte	.LVL6
 969 006b 0B00     		.2byte	0xb
 970 006d 70       		.byte	0x70
 971 006e 00       		.sleb128 0
 972 006f 0A       		.byte	0xa
 973 0070 FFFF     		.2byte	0xffff
 974 0072 1A       		.byte	0x1a
 975 0073 20       		.byte	0x20
 976 0074 73       		.byte	0x73
 977 0075 00       		.sleb128 0
 978 0076 1A       		.byte	0x1a
 979 0077 9F       		.byte	0x9f
 980 0078 00000000 		.4byte	0
 981 007c 00000000 		.4byte	0
 982              	.LLST4:
 983 0080 08000000 		.4byte	.LVL8
 984 0084 0C000000 		.4byte	.LVL9
 985 0088 0100     		.2byte	0x1
 986 008a 50       		.byte	0x50
 987 008b 0C000000 		.4byte	.LVL9
 988 008f 14000000 		.4byte	.LFE5
 989 0093 0400     		.2byte	0x4
 990 0095 72       		.byte	0x72
 991 0096 00       		.sleb128 0
 992 0097 06       		.byte	0x6
 993 0098 9F       		.byte	0x9f
 994 0099 00000000 		.4byte	0
 995 009d 00000000 		.4byte	0
 996              		.section	.debug_aranges,"",%progbits
 997 0000 44000000 		.4byte	0x44
 998 0004 0200     		.2byte	0x2
 999 0006 00000000 		.4byte	.Ldebug_info0
 1000 000a 04       		.byte	0x4
 1001 000b 00       		.byte	0
 1002 000c 0000     		.2byte	0
 1003 000e 0000     		.2byte	0
 1004 0010 00000000 		.4byte	.LFB0
 1005 0014 14000000 		.4byte	.LFE0-.LFB0
 1006 0018 00000000 		.4byte	.LFB1
 1007 001c 18000000 		.4byte	.LFE1-.LFB1
 1008 0020 00000000 		.4byte	.LFB2
 1009 0024 10000000 		.4byte	.LFE2-.LFB2
 1010 0028 00000000 		.4byte	.LFB3
 1011 002c 10000000 		.4byte	.LFE3-.LFB3
 1012 0030 00000000 		.4byte	.LFB4
 1013 0034 14000000 		.4byte	.LFE4-.LFB4
 1014 0038 00000000 		.4byte	.LFB5
 1015 003c 14000000 		.4byte	.LFE5-.LFB5
 1016 0040 00000000 		.4byte	0
 1017 0044 00000000 		.4byte	0
 1018              		.section	.debug_ranges,"",%progbits
 1019              	.Ldebug_ranges0:
 1020 0000 00000000 		.4byte	.LFB0
 1021 0004 14000000 		.4byte	.LFE0
 1022 0008 00000000 		.4byte	.LFB1
ARM GAS  C:\Users\prana\AppData\Local\Temp\ccbfJGO2.s 			page 39


 1023 000c 18000000 		.4byte	.LFE1
 1024 0010 00000000 		.4byte	.LFB2
 1025 0014 10000000 		.4byte	.LFE2
 1026 0018 00000000 		.4byte	.LFB3
 1027 001c 10000000 		.4byte	.LFE3
 1028 0020 00000000 		.4byte	.LFB4
 1029 0024 14000000 		.4byte	.LFE4
 1030 0028 00000000 		.4byte	.LFB5
 1031 002c 14000000 		.4byte	.LFE5
 1032 0030 00000000 		.4byte	0
 1033 0034 00000000 		.4byte	0
 1034              		.section	.debug_line,"",%progbits
 1035              	.Ldebug_line0:
 1036 0000 D0000000 		.section	.debug_str,"MS",%progbits,1
 1036      02004C00 
 1036      00000201 
 1036      FB0E0D00 
 1036      01010101 
 1037              	.LASF15:
 1038 0000 72656733 		.ascii	"reg32\000"
 1038      3200
 1039              	.LASF28:
 1040 0006 47656E65 		.ascii	"Generated_Source\\PSoC4\\BUCK_BOOST_EN_C.c\000"
 1040      72617465 
 1040      645F536F 
 1040      75726365 
 1040      5C50536F 
 1041              	.LASF19:
 1042 002f 76616C75 		.ascii	"value\000"
 1042      6500
 1043              	.LASF21:
 1044 0035 4255434B 		.ascii	"BUCK_BOOST_EN_C_ReadDataReg\000"
 1044      5F424F4F 
 1044      53545F45 
 1044      4E5F435F 
 1044      52656164 
 1045              	.LASF24:
 1046 0051 4255434B 		.ascii	"BUCK_BOOST_EN_C_ClearInterrupt\000"
 1046      5F424F4F 
 1046      53545F45 
 1046      4E5F435F 
 1046      436C6561 
 1047              	.LASF12:
 1048 0070 666C6F61 		.ascii	"float\000"
 1048      7400
 1049              	.LASF1:
 1050 0076 756E7369 		.ascii	"unsigned char\000"
 1050      676E6564 
 1050      20636861 
 1050      7200
 1051              	.LASF30:
 1052 0084 64725661 		.ascii	"drVal\000"
 1052      6C00
 1053              	.LASF5:
 1054 008a 6C6F6E67 		.ascii	"long unsigned int\000"
 1054      20756E73 
 1054      69676E65 
ARM GAS  C:\Users\prana\AppData\Local\Temp\ccbfJGO2.s 			page 40


 1054      6420696E 
 1054      7400
 1055              	.LASF3:
 1056 009c 73686F72 		.ascii	"short unsigned int\000"
 1056      7420756E 
 1056      7369676E 
 1056      65642069 
 1056      6E7400
 1057              	.LASF13:
 1058 00af 646F7562 		.ascii	"double\000"
 1058      6C6500
 1059              	.LASF10:
 1060 00b6 75696E74 		.ascii	"uint16\000"
 1060      313600
 1061              	.LASF20:
 1062 00bd 4255434B 		.ascii	"BUCK_BOOST_EN_C_Read\000"
 1062      5F424F4F 
 1062      53545F45 
 1062      4E5F435F 
 1062      52656164 
 1063              	.LASF11:
 1064 00d2 75696E74 		.ascii	"uint32\000"
 1064      333200
 1065              	.LASF25:
 1066 00d9 696E7472 		.ascii	"intrCfg\000"
 1066      43666700 
 1067              	.LASF8:
 1068 00e1 756E7369 		.ascii	"unsigned int\000"
 1068      676E6564 
 1068      20696E74 
 1068      00
 1069              	.LASF7:
 1070 00ee 6C6F6E67 		.ascii	"long long unsigned int\000"
 1070      206C6F6E 
 1070      6720756E 
 1070      7369676E 
 1070      65642069 
 1071              	.LASF17:
 1072 0105 4255434B 		.ascii	"BUCK_BOOST_EN_C_Write\000"
 1072      5F424F4F 
 1072      53545F45 
 1072      4E5F435F 
 1072      57726974 
 1073              	.LASF27:
 1074 011b 474E5520 		.ascii	"GNU C11 5.4.1 20160609 (release) [ARM/embedded-5-br"
 1074      43313120 
 1074      352E342E 
 1074      31203230 
 1074      31363036 
 1075 014e 616E6368 		.ascii	"anch revision 237715] -mcpu=cortex-m0 -mthumb -g -O"
 1075      20726576 
 1075      6973696F 
 1075      6E203233 
 1075      37373135 
 1076 0181 73202D66 		.ascii	"s -ffunction-sections -ffat-lto-objects -finline-fu"
 1076      66756E63 
 1076      74696F6E 
ARM GAS  C:\Users\prana\AppData\Local\Temp\ccbfJGO2.s 			page 41


 1076      2D736563 
 1076      74696F6E 
 1077 01b4 6E637469 		.ascii	"nctions -flto -fno-strict-aliasing\000"
 1077      6F6E7320 
 1077      2D666C74 
 1077      6F202D66 
 1077      6E6F2D73 
 1078              	.LASF16:
 1079 01d7 4255434B 		.ascii	"BUCK_BOOST_EN_C_SetDriveMode\000"
 1079      5F424F4F 
 1079      53545F45 
 1079      4E5F435F 
 1079      53657444 
 1080              	.LASF18:
 1081 01f4 6D6F6465 		.ascii	"mode\000"
 1081      00
 1082              	.LASF6:
 1083 01f9 6C6F6E67 		.ascii	"long long int\000"
 1083      206C6F6E 
 1083      6720696E 
 1083      7400
 1084              	.LASF26:
 1085 0207 6D61736B 		.ascii	"maskedStatus\000"
 1085      65645374 
 1085      61747573 
 1085      00
 1086              	.LASF14:
 1087 0214 63686172 		.ascii	"char\000"
 1087      00
 1088              	.LASF2:
 1089 0219 73686F72 		.ascii	"short int\000"
 1089      7420696E 
 1089      7400
 1090              	.LASF9:
 1091 0223 75696E74 		.ascii	"uint8\000"
 1091      3800
 1092              	.LASF23:
 1093 0229 706F7369 		.ascii	"position\000"
 1093      74696F6E 
 1093      00
 1094              	.LASF4:
 1095 0232 6C6F6E67 		.ascii	"long int\000"
 1095      20696E74 
 1095      00
 1096              	.LASF0:
 1097 023b 7369676E 		.ascii	"signed char\000"
 1097      65642063 
 1097      68617200 
 1098              	.LASF29:
 1099 0247 443A5C56 		.ascii	"D:\\V-TE-PWR\\PDSS_SRC_SNK\\CYPD3171-24LQXQ_pb\\CYP"
 1099      2D54452D 
 1099      5057525C 
 1099      50445353 
 1099      5F535243 
 1100 0276 44333137 		.ascii	"D3171-24LQXQ_pb.cydsn\000"
 1100      312D3234 
 1100      4C515851 
ARM GAS  C:\Users\prana\AppData\Local\Temp\ccbfJGO2.s 			page 42


 1100      5F70622E 
 1100      63796473 
 1101              	.LASF22:
 1102 028c 4255434B 		.ascii	"BUCK_BOOST_EN_C_SetInterruptMode\000"
 1102      5F424F4F 
 1102      53545F45 
 1102      4E5F435F 
 1102      53657449 
 1103              		.comm	__gnu_lto_v1,1,1
 1104              		.ident	"GCC: (GNU Tools for ARM Embedded Processors) 5.4.1 20160609 (release) [ARM/embedded-5-bran
