ARM GAS  C:\Users\GRL\AppData\Local\Temp\ccXsl0nq.s 			page 1


   1              		.syntax unified
   2              		.cpu cortex-m0
   3              		.fpu softvfp
   4              		.eabi_attribute 20, 1
   5              		.eabi_attribute 21, 1
   6              		.eabi_attribute 23, 3
   7              		.eabi_attribute 24, 1
   8              		.eabi_attribute 25, 1
   9              		.eabi_attribute 26, 1
  10              		.eabi_attribute 30, 4
  11              		.eabi_attribute 34, 0
  12              		.eabi_attribute 18, 4
  13              		.thumb
  14              		.syntax unified
  15              		.file	"BUCK_BOOST_EN_A.c"
  16              		.text
  17              	.Ltext0:
  18              		.section	.gnu.lto_.profile.f4147038,"",%progbits
  19 0000 789C6361 		.ascii	"x\234ca`d`a`\000\222\352\212\000\000\331\000S"
  19      60646061 
  19      600092EA 
  19      8A0000D9 
  19      0053
  20              		.text
  21              		.section	.gnu.lto_.icf.f4147038,"",%progbits
  22 0000 789C6361 		.ascii	"x\234ca`d\000\0015\006\004`ch\330\273f/\013\343\335"
  22      60640001 
  22      35060460 
  22      6368D8BB 
  22      662F0BE3 
  23 0015 D62F0759 		.ascii	"\326/\007Y\230\036\367\035\336\313\315\274\254o\322"
  23      981EF71D 
  23      DECBCDBC 
  23      AC6FD2
  24 0024 0B0E96E7 		.ascii	"\013\016\226\347MK7\363\260\266w\277\375\314\307\000"
  24      4D4B37F3 
  24      B0B677BF 
  24      FDCCC700 
  25 0034 00580C11 		.ascii	"\000X\014\021\205"
  25      85
  26              		.text
  27              		.section	.gnu.lto_.jmpfuncs.f4147038,"",%progbits
  28 0000 789C45C9 		.ascii	"x\234E\311\261\001\000 \010\300\260\026\320+\374\225"
  28      B1010020 
  28      08C0B016 
  28      D02BFC95 
  29 0010 D795C90C 		.ascii	"\327\225\311\014]Z\3108|\033\265\235\004$Thv\257\367"
  29      5D5AC838 
  29      7C1BB59D 
  29      04245468 
  29      76AFF7
  30 0023 2E215502 		.ascii	".!U\002@"
  30      40
  31              		.text
  32              		.section	.gnu.lto_.inline.f4147038,"",%progbits
  33 0000 789C658D 		.ascii	"x\234e\215\311\015\2000\014\004\327\216\343\030\011"
  33      C90D8030 
ARM GAS  C:\Users\GRL\AppData\Local\Temp\ccXsl0nq.s 			page 2


  33      0C04D78E 
  33      E31809
  34 000f 093A4807 		.ascii	"\011:H\007\224@\245<R\012%P\012%`\203\004B\231\307>"
  34      9440A53C 
  34      520A2550 
  34      0A256083 
  34      044299C7 
  35 0024 767C0808 		.ascii	"v|\010\010\301\206\017\005\254\020\301\\%\333Wh\253"
  35      C1860F05 
  35      AC10C15C 
  35      25DB5768 
  35      AB
  36 0035 0C3E2609 		.ascii	"\014>&\011K\030\254\223\322\352-\031\232\011\254\347"
  36      4B18AC93 
  36      D2EA2D19 
  36      9A09ACE7 
  37 0045 F2F44EEA 		.ascii	"\362\364N\352+\211\023\214\331OP\204\374\237x\2141\226"
  37      2B89138C 
  37      D94F5084 
  37      FC9F788C 
  37      3196
  38 0057 51D4375F 		.ascii	"Q\3247_\031\\\353\300\017\342"
  38      195CEBC0 
  38      0FE2
  39              		.text
  40              		.section	.gnu.lto_.pureconst.f4147038,"",%progbits
  41 0000 789C6361 		.ascii	"x\234ca`d\340e```c\220b\224b\222b\226b\221b\225\002"
  41      6064E065 
  41      60606063 
  41      90629462 
  41      92629662 
  42 0018 00059500 		.ascii	"\000\005\225\000\304"
  42      C4
  43              		.text
  44              		.section	.gnu.lto_BUCK_BOOST_EN_A_SetDriveMode.f4147038,"",%progbits
  45 0000 789C7D51 		.ascii	"x\234}Q=K#Q\024\275\347\275\311DQ\327V0\205\235\004"
  45      3D4B2351 
  45      14BDE7BD 
  45      C94451D7 
  45      5630859D 
  46 0015 4404FD03 		.ascii	"D\004\375\003*\213\205\240b\264S\202\350\224n@\264\366"
  46      2A8B85A0 
  46      62B45382 
  46      E8946E40 
  46      B4F6
  47 0027 25936117 		.ascii	"%\223a\027\253\200\030\260\020+\211\337\037\010~`\023"
  47      AB8018B0 
  47      102B89DF 
  47      1F087E60 
  47      13
  48 0038 226AA79D 		.ascii	"\"j\247\235\345\"\026#X\305/\020\321\235\275w\222\332"
  48      E5221623 
  48      58C52F10 
  48      D19DBD77 
  48      92DA
  49 004a 07EFDE3B 		.ascii	"\007\357\336;\207s\016\347\335\261\010$\347\234[\007"
  49      87730EE7 
ARM GAS  C:\Users\GRL\AppData\Local\Temp\ccXsl0nq.s 			page 3


  49      DDB10824 
  49      E79C5B07 
  50 005a F766BED0 		.ascii	"\367f\276\320\004\225\273&J\327(@\006S\003\232W\230"
  50      0495BB26 
  50      4AD72840 
  50      0653039A 
  50      5798
  51 006c C79BFA52 		.ascii	"\307\233\372R(\375\366OU\274`\370\334y\376P\332xM\236"
  51      28FDF64F 
  51      55BC60F8 
  51      DC79FE50 
  51      DA784D9E 
  52 0080 260A54E8 		.ascii	"&\012T\350D( \316\254\227\303\265\305:\335\006\342\371"
  52      442820CE 
  52      AC97C3B5 
  52      C53ADD06 
  52      E2F9
  53 0092 E9BAFCF7 		.ascii	"\351\272\374\367G\353\2321\031c\316\306\215\3664\260"
  53      47EB9A31 
  53      1963CEC6 
  53      8DF634B0 
  54 00a2 0ECD0A74 		.ascii	"\016\315\012t\306\320\021#\006\010\033h\025\362\375"
  54      C6D01123 
  54      06081B68 
  54      15F2FD
  55 00b1 C1BFA506 		.ascii	"\301\277\245\006;+\366-\025Sl\302\226\230{\303E\023"
  55      3B2BF62D 
  55      15536CC2 
  55      96987BC3 
  55      4513
  56 00c3 04AE291E 		.ascii	"\004\256)\036\332\027Gv\255b\231\322R,\2108\"\243-%"
  56      DA174776 
  56      AD6299D2 
  56      522C8838 
  56      22A32D25 
  57 00d7 2A85A8CC 		.ascii	"*\205\250\314W\342?)%]\373(},\334.\333\342\347jyJ\336"
  57      57E23F29 
  57      255DFB28 
  57      7D2CDC2E 
  57      DBE2E76A 
  58 00ee 2BDD445F 		.ascii	"+\335D_\225\247u\230\363\370<\375\240*\237\177\2629"
  58      95A77598 
  58      F3F83CFD 
  58      A02A9F7F 
  58      B239
  59 0100 6331947B 		.ascii	"c1\224{?0\326*V\322Yx\332\3026b\330B\2143\355`\025\344"
  59      3F30D62A 
  59      56D25978 
  59      DAC23662 
  59      D8428C33 
  60 0118 C3FDACDA 		.ascii	"\303\375\254\332\351\212\343\303\311\346z\235X(\\\005"
  60      E98AE3C3 
  60      C9E67A9D 
  60      58285C05 
  61 0128 41D0885D 		.ascii	"A\320\210]f\373\310<G+\264\210\253-\221\225\2532\201"
  61      66FBC83C 
  61      472BB488 
ARM GAS  C:\Users\GRL\AppData\Local\Temp\ccXsl0nq.s 			page 4


  61      AB2D9195 
  61      AB3281
  62 013b 64A7CFFB 		.ascii	"d\247\317\373\205z\221E\240\261\027J\334\367*%\032\232"
  62      857A9145 
  62      A0B1174A 
  62      DCF72A25 
  62      1A9A
  63 014d DB0C95F2 		.ascii	"\333\014\225\362\020\350\273X\373\034\213%\364\210L"
  63      10E8BB58 
  63      FB1C8B25 
  63      F4884C
  64 015c F1F85209 		.ascii	"\361\370R\011=\374+e\005\331\001o$\336\347\374rf&f\235"
  64      3DFC2B65 
  64      05D9016F 
  64      24DEE7FC 
  64      72662666 
  65 0171 A9642235 		.ascii	"\251d\"573\351\214\015%R\275]c=\243\275\375\311\236"
  65      3733E98C 
  65      0D2552BD 
  65      5D633DA3 
  65      BDFDC99E 
  66 0185 C1C1C448 		.ascii	"\301\301\304H\362\347@\262\273}\222\254\351\324\224"
  66      F2E740B2 
  66      BB7D92AC 
  66      E9D494
  67 0194 F31FD700 		.ascii	"\363\037\327\000\240'"
  67      A027
  68              		.text
  69              		.section	.gnu.lto_BUCK_BOOST_EN_A_Write.f4147038,"",%progbits
  70 0000 789C5551 		.ascii	"x\234UQKk\023Q\030\275\347\336\311\314\324\230_`\026"
  70      4B6B1351 
  70      18BDE7DE 
  70      C9CCD498 
  70      5F6016
  71 0013 DD941210 		.ascii	"\335\224\022\020)*\270\266E\272\020\254\030uU\015\241"
  71      292AB8B6 
  71      45BA10AC 
  71      1875550D 
  71      A1
  72 0024 9D95C142 		.ascii	"\235\225\301Bh\273\355\315\033\252B]\264.\304\004\021"
  72      68BBEDCD 
  72      1BAA425D 
  72      B42EC404 
  72      11
  73 0035 69EBABD6 		.ascii	"i\353\253\326GA\350b\034\204\254\214\210\"\012U\244"
  73      4741E862 
  73      1C84AC8C 
  73      88220A55 
  73      A4
  74 0046 604437C6 		.ascii	"`D7\306\222\242\2505~\337\334\215\271\314}\314\231s"
  74      92A2A835 
  74      7EDFDC8D 
  74      B9CC7DCC 
  74      9973
  75 0058 CE3DDF37 		.ascii	"\316=\3377\226\200\340qN\012q\210\366=4\241\004\344"
  75      9680E071 
  75      4E0A7188 
ARM GAS  C:\Users\GRL\AppData\Local\Temp\ccXsl0nq.s 			page 5


  75      F63D34A1 
  75      04E4
  76 006a 5C43889C 		.ascii	"\\C\210\234+\001>h\027bFb\006\333rG\"\2504\237\310\304"
  76      2B013E68 
  76      17624662 
  76      06DB7247 
  76      22A8349F 
  77 0080 A2A6F1F1 		.ascii	"\242\246\361\361\323\217\001\275\344\243\244\204\350"
  77      D38F01BD 
  77      E4A3A484 
  77      E8
  78 008d C8D04960 		.ascii	"\310\320I`\021\011b}^\257\274\206\332\013A\347r\260"
  78      1109627D 
  78      5EAFBC86 
  78      DA0B41E7 
  78      72B0
  79 009f DD8AF6DF 		.ascii	"\335\212\366\337\324:\257\365\374\031\255J\012X\202"
  79      D43AAFF5 
  79      FC19AD4A 
  79      0A5882
  80 00ae 22050EC4 		.ascii	"\"\005\016\3041\020\027\004\010,\243\237\311_\202\013"
  80      31101704 
  80      082CA39F 
  80      C95F820B 
  81 00be 19B53FD4 		.ascii	"\031\265?\324\325\327.w\320w\203u\376\253z\354\212\366"
  81      D5D72E77 
  81      D0778375 
  81      FEAB7AEC 
  81      8AF6
  82 00d0 73BDACBD 		.ascii	"s\275\254\275\365\277\226\007q7W\377\316\307\354\"\247"
  82      F5BF9607 
  82      713757FF 
  82      CEC7EC22 
  82      A7
  83 00e1 EAC56DF4 		.ascii	"\352\305m\364\231<\270\003\233*\004#+'|\335\351\024"
  83      993CB803 
  83      9B2A0423 
  83      2B277CDD 
  83      E914
  84 00f3 B4FFD279 		.ascii	"\264\377\322y\372\326\211J\272U*Z\224%\370s\004\234"
  84      FAD6894A 
  84      BA552A5A 
  84      9425F873 
  84      049C
  85 0105 C066C0E1 		.ascii	"\300f\300\341\305\015\321\036f\011\321\242\311\235\370"
  85      C50DD11E 
  85      6609D1A2 
  85      C99DF8
  86 0114 2E25EFAA 		.ascii	".%\357\252\211\340\327l\243:\315\376\005\305]Y(\005"
  86      89E0D76C 
  86      A33ACDFE 
  86      05C55D59 
  86      2805
  87 0126 2F9CB62C 		.ascii	"/\234\266,)+\214\376\273\321\376\0265\257\2728\247-"
  87      292B8CFE 
  87      BBD1FE16 
  87      35AFBA38 
ARM GAS  C:\Users\GRL\AppData\Local\Temp\ccXsl0nq.s 			page 6


  87      A72D
  88 0138 82AE3E5E 		.ascii	"\202\256>^{\037\253\341Z\256H\375\212\340\036\342\270"
  88      7B1FABE1 
  88      5AAE48FD 
  88      8AE01EE2 
  88      B8
  89 0149 0BCA8F15 		.ascii	"\013\312\217\025\324 \232\310oU6\2441T\344IH\341Oy\003"
  89      D4209AC8 
  89      6F5536A4 
  89      3154E449 
  89      48E14F79 
  90 015e 06B10824 		.ascii	"\006\261\010$\217K\355\331\347\273\331Va\007\270O\362"
  90      8F4BEDD9 
  90      E7BBD956 
  90      6107B84F 
  90      F2
  91 016f 4D841ACE 		.ascii	"M\204\032\316J,\026\265\312o\252g\215\212\236\010\251"
  91      4A2C16B5 
  91      CA6FAA67 
  91      8D8A9E08 
  91      A9
  92 0180 1E3DAB97 		.ascii	"\036=\253\227]V\331\000VI\324e\355\020\217H\353\265"
  92      5D56D900 
  92      5649D465 
  92      ED108F48 
  92      EBB5
  93 0192 8BCBBB98 		.ascii	"\213\313\273\230\004r|`H?mCq\303\000N\367e\256\311\374"
  93      04727C60 
  93      483F6D43 
  93      71C3004E 
  93      F765AEC9 
  94 01a7 A13A6948 		.ascii	"\241:iH=\006\012\026\256\307\031\350\2528\247u\264\273"
  94      3D060A16 
  94      AEC719E8 
  94      AA38A775 
  94      B4BB
  95 01b9 E8875434 		.ascii	"\350\207T4i\304W\344\375w\303,\010\377dK\202\033L\355"
  95      69C457E4 
  95      FD77C32C 
  95      08FF644B 
  95      821B4CED 
  96 01cd 4E0C7BE7 		.ascii	"N\014{\347\275lz\322\033O%'\246\262c\336\350\361\344"
  96      BD6C7AD2 
  96      1B4F2527 
  96      A6B263DE 
  96      E8F1E4
  97 01e0 C4D0C1D1 		.ascii	"\304\320\301\321\301SCGS\203##\311\223\251#\307R\207"
  97      C1534347 
  97      53832323 
  97      C993A923 
  97      C75287
  98 01f3 F78D89C8 		.ascii	"\367\215\211\310t:3\345E\306\263\247\323\231\177\001"
  98      743A33E5 
  98      45C6B3A7 
  98      D3997F01 
  99 0203 FBD610   		.ascii	"\373\326\020"
 100              		.text
ARM GAS  C:\Users\GRL\AppData\Local\Temp\ccXsl0nq.s 			page 7


 101              		.section	.gnu.lto_BUCK_BOOST_EN_A_Read.f4147038,"",%progbits
 102 0000 789C4D8F 		.ascii	"x\234M\217?HBQ\024\306\317w\357\323\344A{\220C\253\004"
 102      3F484251 
 102      14C6CF77 
 102      EFD3E441 
 102      7B9043AB 
 103 0015 11D4D214 		.ascii	"\021\324\322\024)\325\020dd-!<\302\\\023\244f\237\276"
 103      29D51064 
 103      642D213C 
 103      C25C13A4 
 103      669FBE
 104 0028 F70CA2C1 		.ascii	"\367\014\242\301\245\244!\334R\373CD\341\320\020&BA"
 104      A5A421DC 
 104      52FB4344 
 104      E1D01026 
 104      4241
 105 003a 905B5B10 		.ascii	"\220[[\020\021\016M&E\020\225\235\353k\350\302=\347"
 105      110E4D26 
 105      4510959D 
 105      EB6BE8C2 
 105      3DE7
 106 004c DE737EF7 		.ascii	"\336s~\367\373\316\325\010\244\3268\247A\316\375\274"
 106      FBCED508 
 106      A4D638A7 
 106      41CEFDBC 
 107 005c 21092277 		.ascii	"!\011\"wG\224\366\011@\035L\037(%\220\302\273\370\026"
 107      4794F609 
 107      401D4C1F 
 107      282590C2 
 107      BBF816
 108 006f B8FDB8D9 		.ascii	"\270\375\270\331\322\003E\323\314\230\217\316\376X\276"
 108      D20345D3 
 108      CC988FCE 
 108      FE58BE
 109 007e 54852389 		.ascii	"T\205#\211:\2020\342\307\260_I\024\021 F\237N\177\266"
 109      3A8230E2 
 109      C7B05F49 
 109      14112046 
 109      9F4E7FB6 
 110 0092 7BBDB6C9 		.ascii	"{\275\266\311k@\001\334)\301\253,O\346\253f\247c\231"
 110      6B4001DC 
 110      29C1AB2C 
 110      4FE6AB66 
 110      A76399
 111 00a5 D533FDAA 		.ascii	"\3253\375\252\242s\311\221\354\313AS\301CJ\221Z\374"
 111      A273C991 
 111      ECCB4153 
 111      C1434A91 
 111      5AFC
 112 00b7 42F9BF0A 		.ascii	"B\371\277\012\241\262l\242\366\271y_^R\"\226\224l\260"
 112      A1B26CA2 
 112      F6B9795F 
 112      5E522296 
 112      946CB0
 113 00ca E3D41A3D 		.ascii	"\343\324\032=o\302\221\002\312\357\"_\271\224\356\325"
 113      6FC29102 
 113      CAEF225F 
ARM GAS  C:\Users\GRL\AppData\Local\Temp\ccXsl0nq.s 			page 8


 113      B994EED5 
 114 00da B673A6C6 		.ascii	"\266s\246\306\245\306\303nK/`/m\363\224\022\007\360"
 114      A5C6C36E 
 114      4B2F602F 
 114      6DF39412 
 114      07F0
 115 00ec A30C9E11 		.ascii	"\243\014\236\021\207(\200\232\260\332SdI\270r\347\365"
 115      8728809A 
 115      B0DA5364 
 115      49B872E7 
 115      F5
 116 00fd EBAC4FBD 		.ascii	"\353\254O\275\327\000\0341\306\375\257l\275\3175\324"
 116      D7001C31 
 116      C6FDAF6C 
 116      BDCF35D4 
 117 010d 98FB0F31 		.ascii	"\230\373\0171\203\343.\224io<\303\205<\314\321\013\304"
 117      83E32E94 
 117      696F3CC3 
 117      853CCCD1 
 117      0BC4
 118 011f DF8DBADF 		.ascii	"\337\215\272\337\200\032\237?\023\230\216\257\306\223"
 118      801A9F3F 
 118      13988EAF 
 118      C693
 119 012d CB6BF115 		.ascii	"\313k\361\025#\222XO\306\342\321\271H\"4\032\015.\206"
 119      2392584F 
 119      C6E2D1B9 
 119      4822341A 
 119      0D2E86
 120 0140 668C6038 		.ascii	"f\214`8\034Y0&g\215\211\241\030\375\002)\351ve"
 120      1C593026 
 120      678D89A1 
 120      18FD0229 
 120      E97665
 121              		.text
 122              		.section	.gnu.lto_BUCK_BOOST_EN_A_ReadDataReg.f4147038,"",%progbits
 123 0000 789C4D8F 		.ascii	"x\234M\217\315KBA\024\305\357\231y\232$\356\203\\\264"
 123      CD4B4241 
 123      14C5EF99 
 123      799A24EE 
 123      835CB4
 124 0013 952082DA 		.ascii	"\225 \202\332\264\212\224j\021ddmB\220\260\267M\220"
 124      B48A946A 
 124      1164646D 
 124      4290B0B7 
 124      4D90
 125 0025 5A3BFA7C 		.ascii	"Z;\372|\006\321\302M\265\220r\251\225\021\321\307\332"
 125      06D1C24D 
 125      B59072A9 
 125      9511D1C7 
 125      DA
 126 0036 442808EC 		.ascii	"D(\010\354/\010\"\302E\233J\254\240/\273\243-\032\230"
 126      2F0822C2 
 126      459B4AAC 
 126      A02FBBA3 
 126      2D1A98
 127 0049 7B67EEFD 		.ascii	"{g\356\375\3159w\014\002\3515\312\251\237s/oH\202\310"
ARM GAS  C:\Users\GRL\AppData\Local\Temp\ccXsl0nq.s 			page 9


 127      CD39770C 
 127      02E935CA 
 127      A99F732F 
 127      6F4882C8 
 128 005d D688922E 		.ascii	"\326\210\222.\001\350\203r\201\022\002\011\274\212o"
 128      01E88372 
 128      81120209 
 128      BC8A6F
 129 006c 81EBF7AB 		.ascii	"\201\353\367\253\215n_A\251\224\272\263OF\266\213e\330"
 129      8D6E5F41 
 129      A994BAB3 
 129      4F46B68B 
 129      65D8
 130 007e 92A82508 		.ascii	"\222\250%\010C^\014z\265D\001>b\364\376\370g\323\343"
 130      435E0C7A 
 130      B544013E 
 130      62F4FEF8 
 130      67D3E3
 131 0091 4C2B5E7D 		.ascii	"L+^}\032\340N\021Nmy4[V\255\226\245\3129\367\305\256"
 131      1AE04E11 
 131      4E6D7934 
 131      5B56AD96 
 131      A5CA39F7 
 132 00a7 9B4BB664 		.ascii	"\233K\266d_\016\206\016\016\322\212\364\314/\264\377"
 132      5F0E860E 
 132      0ED28AF4 
 132      CC2FB4FF 
 133 00b7 8B103ACB 		.ascii	"\213\020:\313:*\037\353o\245\005-bI\311\006[v\345\246"
 133      3A2A1FEB 
 133      6FA5052D 
 133      6249C906 
 133      5B76E5A6 
 134 00cb AB296C29 		.ascii	"\253)l)\240\375>k\315'w\347\252\322Yep)wv~\353\311c"
 134      A0FD3E6B 
 134      CD2777E7 
 134      AAD25965 
 134      70297776 
 135 00e3 2799E629 		.ascii	"'\231\346)%\366\341\305\036xF\034 \017\252\303jL\220"
 135      25F6E1C5 
 135      1E78461C 
 135      200FAAC3 
 135      6A4C90
 136 00f6 25D1913B 		.ascii	"%\321\221;\255^f\\\372\275\001\240\304\030\367\2772"
 136      AD5E665C 
 136      FABD01A0 
 136      C418F7BF 
 136      32
 137 0107 D59E8EA1 		.ascii	"\325\236\216\241\301\334\177\210\031\034\266\241Tc\355"
 137      C1DC7F88 
 137      191CB6A1 
 137      5463ED
 138 0116 011DC8C1 		.ascii	"\001\035\310\301\034=B\374\335\250\375\015\350\361\371"
 138      1C3D42FC 
 138      DDA8FD0D 
 138      E8F1F9
 139 0125 33BE4973 		.ascii	"3\276Is\331\214/\256\230K\221Pl5\0365\3033\241X`8\354"
 139      D98C2FAE 
ARM GAS  C:\Users\GRL\AppData\Local\Temp\ccXsl0nq.s 			page 10


 139      984B9150 
 139      6C351E35 
 139      C333A158 
 140 013c 9F0F4C45 		.ascii	"\237\017LE\374\301`h.2>\035\031\033\210\322/\250\307"
 140      FCC16068 
 140      2E323E1D 
 140      191B88D2 
 140      2FA8C7
 141 014f 7703     		.ascii	"w\003"
 142              		.text
 143              		.section	.gnu.lto_BUCK_BOOST_EN_A_SetInterruptMode.f4147038,"",%progbits
 144 0000 789C6D91 		.ascii	"x\234m\221Mh\023A\024\307\347\315l\262\233\244]\275"
 144      4D681341 
 144      14C7E7CD 
 144      6CB29BA4 
 144      5DBD
 145 0012 5B249712 		.ascii	"[$\227\022\002\"\010z\361\326\204\342Ah\213\321[!\224"
 145      0222087A 
 145      F1D684E2 
 145      41688BD1 
 145      5B2194
 146 0025 364A0E26 		.ascii	"6J\016&\022\343\271\223\354&\205\"R\024\003\026CQYR"
 146      12E3B993 
 146      EC268522 
 146      52140316 
 146      43515952 
 147 0039 ADDA4F0B 		.ascii	"\255\332O\013\026\2045 \036\254J\375@\374@\244\305\024"
 147      16843520 
 147      1EAC4AFD 
 147      40FC40A4 
 147      C514
 148 004b 8A87B446 		.ascii	"\212\207\264F*E\033\337\333\315\245\340\300\356\314"
 148      2A451BDF 
 148      DBCDA5E0 
 148      C0EECC
 149 005a FBF1DE7F 		.ascii	"\373\361\336\177\376\357\215\302\200\321\252p\306\272"
 149      FEEF8DC2 
 149      80D1AA70 
 149      C6BA
 150 0068 703F801F 		.ascii	"p?\200\037\010\006|\354\025c9\215\003\320Aj\300\206"
 150      08067CEC 
 150      1563398D 
 150      03D0416A 
 150      C086
 151 007a 390CC32F 		.ascii	"9\014\303/\376\227Cu\244\366\230\207+\022\327\267\357"
 151      FE974375 
 151      A4F69887 
 151      2B12D7B7 
 151      EF
 152 008b EB47E4A4 		.ascii	"\353G\344\244\015\005\301X\223;J\014*\020\306\254g\315"
 152      0D05C158 
 152      933B4A0C 
 152      2A10C6AC 
 152      67CD
 153 009d 6D7B5F83 		.ascii	"m{_\203\027\004\000\025\275\251/\227\003\024r\330\217"
 153      17040015 
 153      BDA92F97 
ARM GAS  C:\Users\GRL\AppData\Local\Temp\ccXsl0nq.s 			page 11


 153      031472D8 
 153      8F
 154 00ae E1F88655 		.ascii	"\341\370\206U\322\305!`x^_\270\375\301\037\262\244\314"
 154      D2C52160 
 154      785E5FB8 
 154      FDC11FB2 
 154      A4CC
 155 00c0 4BF96440 		.ascii	"K\371d@z\012B\300=\020\250\007w\241\003&\241\203!b0"
 155      7A0A42C0 
 155      3D10A807 
 155      77A10326 
 155      A1832162 
 156 00d5 0521CCFE 		.ascii	"\005!\314\3769o]\013\210cN\345\226a\031m\255\312f\253"
 156      396F5D0B 
 156      88634EE5 
 156      9661196D 
 156      ADCA66AB 
 157 00e9 F2FE7F2A 		.ascii	"\362\376\177*\037@\210\322W\314\231\233\302\265\244"
 157      1F4088D2 
 157      57CC999B 
 157      C2B5A4
 158 00f8 60B8F972 		.ascii	"`\270\371r|Mw-\0051\234\262\336[\\\034w\204G?^\235k"
 158      7C4D772D 
 158      05319CB2 
 158      DE5B5C1C 
 158      7784473F 
 159 010f EFBC43C2 		.ascii	"\357\274C\302\366\333+\372\015i\233\301\202P`\306\025"
 159      F6DB2BFA 
 159      0D699BC1 
 159      825060C6 
 159      15
 160 0120 9F46F187 		.ascii	"\237F\361\207(N\013\263Wgw\257\267{M\032H\020f\241\323"
 160      284E0BB3 
 160      576777AF 
 160      B77B4D1A 
 160      481066A1 
 161 0135 1D05CC81 		.ascii	"\035\005\314\201\027\207\013D\246O\331\262\3314\244"
 161      17870B44 
 161      A64FD9B2 
 161      D934A4
 162 0144 BDA23FFD 		.ascii	"\275\242?\375\244\267q\264\345A\027\330\221BG\017\375"
 162      A4B771B4 
 162      E54117D8 
 162      9142470F 
 162      FD
 163 0155 BC8C3255 		.ascii	"\274\2142U \267\032\002\257\217\250\237~\214\325Q\221"
 163      20B71A02 
 163      AF8FA89F 
 163      7E8CD551 
 163      91
 164 0166 5E629373 		.ascii	"^b\223s\332E\015\252;\243_\227\372\350\022C\320\200"
 164      DA450DAA 
 164      3BA35F97 
 164      FAE81243 
 164      D080
 165 0178 4B85EA6B 		.ascii	"K\205\352k\225\272Q\235\016\312\346\363\210\033]6\307"
 165      95BA519D 
ARM GAS  C:\Users\GRL\AppData\Local\Temp\ccXsl0nq.s 			page 12


 165      0ECAE6F3 
 165      881B5D36 
 165      C7
 166 0189 24B5FBE2 		.ascii	"$\265\373\342\335\342\216>\001\345\234\211\317\245\301"
 166      DDE28E3E 
 166      01E59C89 
 166      CFA5C1
 167 0198 02F6304F 		.ascii	"\002\3660O=\300#\230\000V\203\374\326\310\027\257\253"
 167      3DC02398 
 167      005683FC 
 167      D6C817AF 
 167      AB
 168 01a9 A7183835 		.ascii	"\247\03085$\273\305e\217K<\010\221\030\177\212?\300"
 168      24BBC565 
 168      8F4B3C08 
 168      91187F8A 
 168      3FC0
 169 01bb 25742D72 		.ascii	"%t-r\266\012\334\351\024\275#tsjK\215V\226\206J\206"
 169      B60ADCE9 
 169      14BD2374 
 169      736A4B8D 
 169      5696864A 
 170 01d0 501D79D5 		.ascii	"P\035y\325E>\244\224\366\273\330P\\\342w\324|\010\253"
 170      453EA494 
 170      F6BBD850 
 170      5CE277D4 
 170      7C08AB
 171 01e3 A55B0789 		.ascii	"\245[\007\211\355\261\233\2232\260\327\361\":\3062\266"
 171      EDB19B93 
 171      32B0D7F1 
 171      223AC632 
 171      B6
 172 01f4 0179FB73 		.ascii	"\001y\373s\017\0258OQ\347@\303\301Q\205O$R\211\314@"
 172      0F15384F 
 172      51E740C3 
 172      C151854F 
 172      245289CC 
 173 0209 3631148F 		.ascii	"61\024\217\245/e\006\023\375}\261t\364h\177\344L\364"
 173      A52F6506 
 173      13FD7DB1 
 173      74F4687F 
 173      E44CF4
 174 021c 643CD2DB 		.ascii	"d<\322\333\033;\035\357\356\211w\035\036d\332\205\364"
 174      1B3B1DEF 
 174      EE89771D 
 174      1E64DA85 
 174      F4
 175 022d C5643699 		.ascii	"\305d6\231N)\347\323C\0115\231\312f\242g\317\375\003"
 175      4E29E7D3 
 175      43093599 
 175      CA66A267 
 175      CFFD03
 176 0240 9929F027 		.ascii	"\231)\360'"
 177              		.text
 178              		.section	.gnu.lto_BUCK_BOOST_EN_A_ClearInterrupt.f4147038,"",%progbits
 179 0000 789C5590 		.ascii	"x\234U\220\315K[A\024\305\357\231y1Q\224\374\001\315"
 179      CD4B5B41 
ARM GAS  C:\Users\GRL\AppData\Local\Temp\ccXsl0nq.s 			page 13


 179      14C5EF99 
 179      79315194 
 179      FC01CD
 180 0013 C28D8B40 		.ascii	"\302\215\213@\221\202.\354R\245t!\250\030\335\011!\350"
 180      91822EEC 
 180      52A57421 
 180      A818DD09 
 180      21E8
 181 0025 5B891534 		.ascii	"[\211\0254n\353\304\344E\021\301lT(\024\005\301\330"
 181      6EEBC4E4 
 181      4511C16C 
 181      54281405 
 181      C1D8
 182 0037 6AFD005D 		.ascii	"j\375\000]\225\3103X\225J[\350^\020\013.\012\005\025"
 182      95C83358 
 182      954A5BE8 
 182      5E100B2E 
 182      0A0515
 183 004a 35E057BC 		.ascii	"5\340W\2747\257\013\035x\314\314y\367\374\346\334k\021"
 183      37AF0B1D 
 183      78CCCC79 
 183      F7FCE6DC 
 183      6B11
 184 005c 48D6116F 		.ascii	"H\326\021o\015\274\277\340\017\232\2402?\211\022\001"
 184      0DBCBFE0 
 184      0F9AA032 
 184      3F891201 
 185 006c 05C8C104 		.ascii	"\005\310\301\004@#\012#\270R\367\012\207\205\203\311"
 185      40230A23 
 185      B852F70A 
 185      878583C9 
 186 007c 8A70D698 		.ascii	"\212p\326\230Qs\354\024^\317.\271p4QQ\021\352Bx\025"
 186      5173EC14 
 186      5ECF2EB9 
 186      70345151 
 186      11EA4278 
 187 0091 12441661 		.ascii	"\022D\026a\342\322?\253\267\331*\375\022r\376\261\370"
 187      E2D23FAB 
 187      B7D92AFD 
 187      1272FEB1 
 187      F8
 188 00a2 6F0B350B 		.ascii	"o\0135\013bssS\225\263\306MT\263\017K\320O\255$\265"
 188      62737353 
 188      95B3C64D 
 188      54B30F4B 
 188      D04FAD24 
 189 00b7 271B0FD3 		.ascii	"'\033\017\323Ue)\303\253\032\237P#p\246~F\031\347\204"
 189      556529C3 
 189      AB1A9F50 
 189      2370A67E 
 189      4619E784 
 190 00cb 286B1DAE 		.ascii	"(k\035\256)\026\223\306\375\032\334\371\035\014(r4\347"
 190      291693C6 
 190      FD1ADCF9 
 190      1D0C2872 
 190      34E7
 191 00dd 76B4B248 		.ascii	"v\264\262H~\373\344\356'\311Eg\354\225.\316\225\222"
ARM GAS  C:\Users\GRL\AppData\Local\Temp\ccXsl0nq.s 			page 14


 191      7EFBE4EE 
 191      27C94567 
 191      EC952ECE 
 191      9592
 192 00ef 5D9F227F 		.ascii	"]\237\"\1773q\235{/\270\244\226\216f\234\374/\377\245"
 192      33719D7B 
 192      2FB8A496 
 192      8E669CFC 
 192      2FFFA5
 193 0102 72B42E25 		.ascii	"r\264.%\375p;?\016\357\232Ie\214\305\222\363={X>\207"
 193      FD703B3F 
 193      0EEF9A49 
 193      658CC592 
 193      F33D7B58 
 194 0118 8F8914F7 		.ascii	"\217\211\024\367ja\005!,\203\343\342\013\346@\247\030"
 194      6A610521 
 194      2C83E3E2 
 194      0BE640A7 
 194      18
 195 0129 BD18BB53 		.ascii	"\275\030\273S\036P3\223\225\344]z\027\236b\261\310\214"
 195      1E503393 
 195      95E45D7A 
 195      179E62B1 
 195      C88C
 196 013b 6FC5821B 		.ascii	"o\305\202\033\024\254\202\302*\273OP\262H^.\362(\017"
 196      14AC82C2 
 196      2ABB4F50 
 196      B2485E2E 
 196      F2280F
 197 014e B9B867F2 		.ascii	"\271\270g\362yR~\246\004y\026!a\214\357y\2125N\301\026"
 197      79527EA6 
 197      04791621 
 197      618CEF79 
 197      8A354EC1 
 198 0163 79F622BD 		.ascii	"y\366\"\275\267\335\340!\374\214`\343\346\356~: \357"
 198      B7DDE021 
 198      FC8C60E3 
 198      E6EE7E3A 
 198      20EF
 199 0175 FA00AC73 		.ascii	"\372\000\254s\375_\374\217\352\247\322x c\341!\205\337"
 199      FD5FFC8F 
 199      EAA7D278 
 199      2063E121 
 199      85DF
 200 0187 DAEFECC1 		.ascii	"\332\357\354\301X\334\356\215F\006\206\007{\354\356"
 200      58DCEE8D 
 200      46068607 
 200      7BECEE
 201 0196 F6C84073 		.ascii	"\366\310@s}wSWsK\264\251\255-\322\031}\323\032m\254"
 201      7D775357 
 201      734BB4A9 
 201      AD2DD219 
 201      7DD31A6D 
 202 01ab EDA1CAFE 		.ascii	"\355\241\312\376\330P\237\335\033\211\307\342\303C\217"
 202      D8509FDD 
 202      1B89C7E2 
 202      C3438F
ARM GAS  C:\Users\GRL\AppData\Local\Temp\ccXsl0nq.s 			page 15


 203 01ba 1588AD7E 		.ascii	"\025\210\255~"
 204              		.text
 205              		.section	.gnu.lto_.symbol_nodes.f4147038,"",%progbits
 206 0000 789C6361 		.ascii	"x\234ca`d\310`\000\002&\206z\006\206\011\347\030@\324"
 206      6064C860 
 206      00022686 
 206      7A068609 
 206      E71840D4 
 207 0014 AE0645A0 		.ascii	"\256\006E\240\000c=#\252\000S=\023\252\000s=3\252\000"
 207      00633D23 
 207      AA00533D 
 207      13AA0073 
 207      3D33AA00 
 208 0028 4B3D0BAA 		.ascii	"K=\013\252\000k=+\212\000\003\000\305\333\026\342"
 208      006B3D2B 
 208      8A000300 
 208      C5DB16E2 
 209              		.text
 210              		.section	.gnu.lto_.refs.f4147038,"",%progbits
 211 0000 789C6361 		.ascii	"x\234ca`\004B \000\000\0009\000\007"
 211      60044220 
 211      00000039 
 211      0007
 212              		.text
 213              		.section	.gnu.lto_.decls.f4147038,"",%progbits
 214 0000 789C8D54 		.ascii	"x\234\215TolSU\024\277\347\275\266\333\3366!\3134Kl"
 214      6F6C5355 
 214      14BFE7BD 
 214      B6DBDE36 
 214      21CB344B 
 215 0015 CCE4435B 		.ascii	"\314\344C[\277,\216\031\343\027\2432\024\214\312\014"
 215      BF2C8E19 
 215      E317A332 
 215      148CCA0C 
 216 0025 13F842D2 		.ascii	"\023\370B\322\224\355\005\227\230\215\324\316\004?\335"
 216      94ED0597 
 216      988DD4CE 
 216      043FDD
 217 0034 B031A768 		.ascii	"\2601\247h\350\020uS\246\203\005\351\330\0376\272\177"
 217      E8107553 
 217      A68305E9 
 217      D81F36BA 
 217      7F
 218 0045 EDC475B2 		.ascii	"\355\304u\262\025\030\345\317JLD\324M\006*\214\220\371"
 218      1518E5CF 
 218      4A4C44D4 
 218      4D062A8C 
 218      90F9
 219 0057 2722E8AC 		.ascii	"'\"\350\254\347\336\373^\337\243tq7=\367\275{\3369\277"
 219      E7DEFB5E 
 219      DFA37471 
 219      373DF7BD 
 219      7BDE39BF 
 220 006b F33BBF77 		.ascii	"\363;\277w\372,\004\010_6B\362\361\266\013-\201+\003"
 220      FA2C0408 
 220      5F3642F2 
 220      F1B60B2D 
ARM GAS  C:\Users\GRL\AppData\Local\Temp\ccXsl0nq.s 			page 16


 220      812B03
 221 007e 5D1B89B1 		.ascii	"]\033\211\261\3601\011\242\015\240\015\243\205\321\306"
 221      F03109A2 
 221      0DA00DA3 
 221      85D1C6
 222 008d D1A2E4DE 		.ascii	"\321\242\344\336\025\324\342Y~\017\232\023-\2166\205"
 222      15D4E259 
 222      7E0F9A13 
 222      2D8E3685 
 223 009d 56A6C580 		.ascii	"V\246\305\200\026\227\272\030~FJ\256}\221\374\2014\371"
 223      1697BA18 
 223      7E464AAE 
 223      7D91FC81 
 223      34F9
 224 00af 8C9BF57F 		.ascii	"\214\233\365\177\352\016\247\311\013/!/\234&\217i\220"
 224      EA0EA7C9 
 224      0B2F212F 
 224      9C268F69 
 224      90
 225 00c0 A5F1CD43 		.ascii	"\245\361\315C\313G\033E\213i8\016\023\226\2163\236\006"
 225      CB471B45 
 225      8B69380E 
 225      13968E33 
 225      9E06
 226 00d2 87E9685B 		.ascii	"\207\351h[B\317\351\364^\220 \321\332\023\310\272\004"
 226      42CFE9F4 
 226      5E9020D1 
 226      DA13C8BA 
 226      04
 227 00e3 174102FD 		.ascii	"\027A\002\375\205\002\210\035\270\021a\374\2107\022"
 227      8502881D 
 227      B81161FC 
 227      883712
 228 00f2 DF49D295 		.ascii	"\337I\322\225\274\020\266\023\021\317}\006\030\377\351"
 228      BC10B613 
 228      11CF7D06 
 228      18FFE9
 229 0101 D784BE38 		.ascii	"\327\204\2768\210\201\016Z\022$\031\210,\361\\\322\302"
 229      88810E5A 
 229      12241988 
 229      2CF15CD2 
 229      C2
 230 0112 8800978C 		.ascii	"\210\000\227\214\004\023\236\240k\342\004w\367\004z"
 230      04139EA0 
 230      6BE20477 
 230      F7047A
 231 0121 D37B2FF4 		.ascii	"\323{/\364.d\310\210\211\367\323\267\003\317\025uQ\\"
 231      2E64C888 
 231      89F7D3B7 
 231      03CF1575 
 231      515C
 232 0133 7E4AA5A7 		.ascii	"~J\245\247\014e\216\354\274\322\221\371\207\004v\005"
 232      0C658EEC 
 232      BCD291F9 
 232      87047605 
 233 0143 12C0CE37 		.ascii	"\022\300\3167B\267s\305\231=ni\232\3757[v\261{\351\302"
 233      42B773C5 
ARM GAS  C:\Users\GRL\AppData\Local\Temp\ccXsl0nq.s 			page 17


 233      993D6E69 
 233      9AFD375B 
 233      76B17BE9 
 234 0158 6CE7350B 		.ascii	"l\3475\013\270\224\317\031\314\314\261\216'C\224.\207"
 234      B894CF19 
 234      CCCCB18E 
 234      2743942E 
 234      87
 235 0169 1E50A00B 		.ascii	"\036P\240\013d\350\200\"V\334\256\340\336H\351\016:"
 235      64E88022 
 235      56DCAEE0 
 235      DE48E90E 
 235      3A
 236 017a 7F80DA0A 		.ascii	"\177\200\332\012\010\224\330\341Q;\201np1L\026\005\235"
 236      0894D8E1 
 236      513B816E 
 236      70314C16 
 236      059D
 237 018c 6087C360 		.ascii	"`\207\303`g\370W?\372l\316f\2210\221\341l\2610\337D"
 237      67F8573F 
 237      FA6CCE66 
 237      913091E1 
 237      6CB130DF 
 238 01a1 E2566419 		.ascii	"\342Vd\031R\310S@\302c|>\326\232\215\307|\005\226\343"
 238      52C85340 
 238      C2637C3E 
 238      D69A8DC7 
 238      7C0596E3 
 239 01b5 F1ECDE8B 		.ascii	"\361\354\336\213q(\370\220q\240u\264P\202\215\017@\037"
 239      7128F890 
 239      71A075B4 
 239      50828D0F 
 239      401F
 240 01c7 02F62220 		.ascii	"\002\366\" \201\243P\200\373\021\260\210\356\376\031"
 240      81A35080 
 240      FB11B088 
 240      EEFE19
 241 01d6 1B0966AD 		.ascii	"\033\011f\255h\243m\275tf\252\341\305\375\355\015\364"
 241      68A36DBD 
 241      7466AAE1 
 241      C5FDED0D 
 241      F4
 242 01e7 3CE63DCD 		.ascii	"<\346=\315\003!`\320\306[v9\004\227P\314 \254\300\334"
 242      032160D0 
 242      C65B7639 
 242      049750CC 
 242      20ACC0DC 
 243 01fb F7DA8662 		.ascii	"\367\332\206b\262\374&\227a\356\362\256+\222\300\211"
 243      B2FC2697 
 243      61EEF2AE 
 243      2B92C089 
 244 020b 8CBE25B7 		.ascii	"\214\276%\267\320\310\016\204\2218J\277\201\322oF\031"
 244      D0C80E84 
 244      91384ABF 
 244      81D26F46 
 244      19
 245 021c E028771A 		.ascii	"\340(w\032>\355\266\312~\3400\255\376\366\303\331f\356"
ARM GAS  C:\Users\GRL\AppData\Local\Temp\ccXsl0nq.s 			page 18


 245      3EEDB6CA 
 245      7EE030AD 
 245      FEF6C3D9 
 245      66EE
 246 022e AC6983FC 		.ascii	"\254i\203\374\020'\277E\343\376k\240\376\220\242\325"
 246      1027BF45 
 246      E3FE6BA0 
 246      FE90A2D5 
 247 023e EC9B346A 		.ascii	"\354\2334jb\024\014\0325\007\3155\207y\315\367\177?"
 247      62140C1A 
 247      3507CD35 
 247      8779CDF7 
 247      7F3F
 248 0250 DE97211F 		.ascii	"\336\227!\037\0245[:\367\324Y5\230\346\3239\242\177"
 248      14355B3A 
 248      F7D45935 
 248      98E6D339 
 248      A27F
 249 0262 0E123240 		.ascii	"\016\0222@Bf\2200\007i\372.\020\260\312c\002\344\340"
 249      42669030 
 249      0769FA2E 
 249      10B0CA63 
 249      02E4E0
 250 0275 9DBFE765 		.ascii	"\235\277\347e|\007\016\234\222\204l\032\023\207\030"
 250      7C070E9C 
 250      92846C1A 
 250      138718
 251 0284 93C0FE68 		.ascii	"\223\300\376hP\221/\363`\351f\377\211orAq\361)\300>"
 251      50912FF3 
 251      60E966FF 
 251      896F7241 
 251      71F129C0 
 252 0299 15174936 		.ascii	"\025\027I6\011\021\234\003\2076\007\307\320\371\005"
 252      09119C03 
 252      873607C7 
 252      D0F905
 253 02a8 3AB581EA 		.ascii	":\265\201\352\026\0035\212\232|iPs(B\216\346\366\335"
 253      1603358A 
 253      9A7C6950 
 253      7328428E 
 253      E6F6DD
 254 02bb 2E3E28A3 		.ascii	".>(\243\311A\031\353\376)\246$}c\300\235\007~\231\033"
 254      C94119EB 
 254      FE29A624 
 254      7D63C09D 
 254      077E991B 
 255 02cf CC5D743E 		.ascii	"\314]t>\216s\211\277\322\347\303?\263\247I\322\347#"
 255      8E7389BF 
 255      D2E7C33F 
 255      B3A749D2 
 255      E723
 256 02e1 5A367B94 		.ascii	"Z6{\224\322\235\230gaq0b\220\0301\3533\316\365\251\373"
 256      D29D9867 
 256      61713062 
 256      901831EB 
 256      33CEF5A9 
 257 02f6 E4FAF54C 		.ascii	"\344\372\365L\371\232\320\347V\264\376\246M\0239t\356"
ARM GAS  C:\Users\GRL\AppData\Local\Temp\ccXsl0nq.s 			page 19


 257      F99AD0E7 
 257      56B4FEA6 
 257      4D133974 
 257      EE
 258 0307 EE773561 		.ascii	"\356w5a\300L\230a\242\034f\252\276w\237,\206\335\302"
 258      C04C9861 
 258      A21C66AA 
 258      BE779F2C 
 258      86DDC2
 259 031a 5EFA998F 		.ascii	"^\372\231\217g\357\023\303^\210\307\357Ovt\262\247N"
 259      67EF13C3 
 259      5E88C7EF 
 259      4F7674B2 
 259      A74E
 260 032c A67B22B1 		.ascii	"\246{\"\261\314\244\274S(?9}\365\267,\271\221\377\313"
 260      CCA4BC53 
 260      283F397D 
 260      F5B72CB9 
 260      91FFCB
 261 033f A578CB8D 		.ascii	"\245x\313\215i\233\256\274\277\216\346\255%p\022{?\301"
 261      699BAEBC 
 261      BF8EE6AD 
 261      2570127B 
 261      3FC1
 262 0351 943F83CA 		.ascii	"\224?\203\312;5\345'\321y\312P\276O(\037C\025O\033l"
 262      3B35E527 
 262      D179CA50 
 262      BE4F281F 
 262      43154F1B 
 263 0366 9D9AF26F 		.ascii	"\235\232\362o\377\370\301\267V\245\221\311\271\024L"
 263      FFF8C1B7 
 263      56A591C9 
 263      B9144C
 264 0375 CC08FF40 		.ascii	"\314\010\377@\367Y\345\335\202\324\327\273\206\232e"
 264      F759E5DD 
 264      82D4D7BB 
 264      869A65
 265 0384 FDB31159 		.ascii	"\375\263\021Y\370ym=\245\000SX\353\234Q\353,h\337\215"
 265      F8796D3D 
 265      A5005358 
 265      EB9C51EB 
 265      2C68DF8D 
 266 0398 7B6B9C4F 		.ascii	"{k\234O_\343\317\277N\275\233\223\363N\262S\216\250"
 266      5FE3CFBF 
 266      4EBD9B93 
 266      F34EB253 
 266      8EA8
 267 03aa 27118843 		.ascii	"'\021\210C\016\377\"\262\253}\325\206\322\027\334\253"
 267      0EFF22B2 
 267      AB7DD586 
 267      D217DCAB 
 268 03ba CACACA5F 		.ascii	"\312\312\312_q?\273\316\375\214\273\\\365\255\366V\275"
 268      713FBBCE 
 268      FD8CBB5C 
 268      F5ADF656 
 268      BD
 269 03cb A1BE5453 		.ascii	"\241\276TS\251f\256Y\267\241\260\264\270\230Xk\253\252"
ARM GAS  C:\Users\GRL\AppData\Local\Temp\ccXsl0nq.s 			page 20


 269      A966AE59 
 269      B7A1B0B4 
 269      B898586B 
 269      ABAA
 270 03dd 7D4F3CBC 		.ascii	"}O<\274F\255V\275\036\237Z\351.\257\251\365V\250\233"
 270      46AD56BD 
 270      1E9F5AE9 
 270      2EAFA9F5 
 270      56A89B
 271 03f0 5F2EAF29 		.ascii	"_.\257)}ls\305v\337\366m\352\353E\257\222G\026\211H"
 271      7D6C73C5 
 271      76DFF66D 
 271      EAEB45AF 
 271      92471689 
 272 0405 29525441 		.ascii	")RTA\356O\255\273\311[\345S\363S\275\353UO\345\203\351"
 272      EE4FADBB 
 272      C95BE553 
 272      F353BDEB 
 272      554FE583 
 273 041a 9CAB3D3E 		.ascii	"\234\253=>\317zuka\032\372\317W\373T\257\267v\233\217"
 273      CF7A756B 
 273      611AFACF 
 273      57FB54AF 
 273      B7769B8F 
 274 042e B56063CC 		.ascii	"\265`c\314\213\037\177(5\256\3645\325\343MF\362\250"
 274      8B1F7F28 
 274      35AEF435 
 274      D5E34D46 
 274      F2A8
 275 0440 929556AF 		.ascii	"\222\225V\257\272\265d\345\177U\237(\216"
 275      BAB564E5 
 275      7F559F28 
 275      8E
 276              		.text
 277              		.section	.gnu.lto_.symtab.f4147038,"",%progbits
 278 0000 4255434B 		.ascii	"BUCK_BOOST_EN_A_SetDriveMode\000"
 278      5F424F4F 
 278      53545F45 
 278      4E5F415F 
 278      53657444 
 279 001d 00       		.ascii	"\000"
 280 001e 00       		.ascii	"\000"
 281 001f 00       		.ascii	"\000"
 282 0020 00000000 		.ascii	"\000\000\000\000\000\000\000\000"
 282      00000000 
 283 0028 B3000000 		.ascii	"\263\000\000\000"
 284 002c 4255434B 		.ascii	"BUCK_BOOST_EN_A_Write\000"
 284      5F424F4F 
 284      53545F45 
 284      4E5F415F 
 284      57726974 
 285 0042 00       		.ascii	"\000"
 286 0043 00       		.ascii	"\000"
 287 0044 00       		.ascii	"\000"
 288 0045 00000000 		.ascii	"\000\000\000\000\000\000\000\000"
 288      00000000 
 289 004d B5000000 		.ascii	"\265\000\000\000"
ARM GAS  C:\Users\GRL\AppData\Local\Temp\ccXsl0nq.s 			page 21


 290 0051 4255434B 		.ascii	"BUCK_BOOST_EN_A_Read\000"
 290      5F424F4F 
 290      53545F45 
 290      4E5F415F 
 290      52656164 
 291 0066 00       		.ascii	"\000"
 292 0067 00       		.ascii	"\000"
 293 0068 00       		.ascii	"\000"
 294 0069 00000000 		.ascii	"\000\000\000\000\000\000\000\000"
 294      00000000 
 295 0071 B8000000 		.ascii	"\270\000\000\000"
 296 0075 4255434B 		.ascii	"BUCK_BOOST_EN_A_ReadDataReg\000"
 296      5F424F4F 
 296      53545F45 
 296      4E5F415F 
 296      52656164 
 297 0091 00       		.ascii	"\000"
 298 0092 00       		.ascii	"\000"
 299 0093 00       		.ascii	"\000"
 300 0094 00000000 		.ascii	"\000\000\000\000\000\000\000\000"
 300      00000000 
 301 009c BA000000 		.ascii	"\272\000\000\000"
 302 00a0 4255434B 		.ascii	"BUCK_BOOST_EN_A_SetInterruptMode\000"
 302      5F424F4F 
 302      53545F45 
 302      4E5F415F 
 302      53657449 
 303 00c1 00       		.ascii	"\000"
 304 00c2 00       		.ascii	"\000"
 305 00c3 00       		.ascii	"\000"
 306 00c4 00000000 		.ascii	"\000\000\000\000\000\000\000\000"
 306      00000000 
 307 00cc C4000000 		.ascii	"\304\000\000\000"
 308 00d0 4255434B 		.ascii	"BUCK_BOOST_EN_A_ClearInterrupt\000"
 308      5F424F4F 
 308      53545F45 
 308      4E5F415F 
 308      436C6561 
 309 00ef 00       		.ascii	"\000"
 310 00f0 00       		.ascii	"\000"
 311 00f1 00       		.ascii	"\000"
 312 00f2 00000000 		.ascii	"\000\000\000\000\000\000\000\000"
 312      00000000 
 313 00fa C6000000 		.ascii	"\306\000\000\000"
 314              		.text
 315              		.section	.gnu.lto_.opts,"",%progbits
 316 0000 272D666D 		.ascii	"'-fmath-errno' '-fsigned-zeros' '-ftrapping-math' '"
 316      6174682D 
 316      6572726E 
 316      6F272027 
 316      2D667369 
 317 0033 2D666E6F 		.ascii	"-fno-trapv' '-fno-openmp' '-fno-openacc' '-mcpu=cor"
 317      2D747261 
 317      70762720 
 317      272D666E 
 317      6F2D6F70 
 318 0066 7465782D 		.ascii	"tex-m0' '-mthumb' '-g' '-Os' '-Werror' '-ffunction-"
ARM GAS  C:\Users\GRL\AppData\Local\Temp\ccXsl0nq.s 			page 22


 318      6D302720 
 318      272D6D74 
 318      68756D62 
 318      2720272D 
 319 0099 73656374 		.ascii	"sections' '-ffat-lto-objects' '-finline-functions' "
 319      696F6E73 
 319      2720272D 
 319      66666174 
 319      2D6C746F 
 320 00cc 272D666C 		.ascii	"'-flto' '-fno-strict-aliasing'\000"
 320      746F2720 
 320      272D666E 
 320      6F2D7374 
 320      72696374 
 321              		.text
 322              		.cfi_sections	.debug_frame
 323              		.section	.text.BUCK_BOOST_EN_A_SetDriveMode,"ax",%progbits
 324              		.align	1
 325              		.global	BUCK_BOOST_EN_A_SetDriveMode
 326              		.code	16
 327              		.thumb_func
 328              		.type	BUCK_BOOST_EN_A_SetDriveMode, %function
 329              	BUCK_BOOST_EN_A_SetDriveMode:
 330              	.LFB0:
 331              		.file 1 "Generated_Source\\PSoC4\\BUCK_BOOST_EN_A.c"
   1:Generated_Source\PSoC4/BUCK_BOOST_EN_A.c **** /*******************************************************************************
   2:Generated_Source\PSoC4/BUCK_BOOST_EN_A.c **** * File Name: BUCK_BOOST_EN_A.c  
   3:Generated_Source\PSoC4/BUCK_BOOST_EN_A.c **** * Version 2.20
   4:Generated_Source\PSoC4/BUCK_BOOST_EN_A.c **** *
   5:Generated_Source\PSoC4/BUCK_BOOST_EN_A.c **** * Description:
   6:Generated_Source\PSoC4/BUCK_BOOST_EN_A.c **** *  This file contains API to enable firmware control of a Pins component.
   7:Generated_Source\PSoC4/BUCK_BOOST_EN_A.c **** *
   8:Generated_Source\PSoC4/BUCK_BOOST_EN_A.c **** ********************************************************************************
   9:Generated_Source\PSoC4/BUCK_BOOST_EN_A.c **** * Copyright 2008-2015, Cypress Semiconductor Corporation.  All rights reserved.
  10:Generated_Source\PSoC4/BUCK_BOOST_EN_A.c **** * You may use this file only in accordance with the license, terms, conditions, 
  11:Generated_Source\PSoC4/BUCK_BOOST_EN_A.c **** * disclaimers, and limitations in the end user license agreement accompanying 
  12:Generated_Source\PSoC4/BUCK_BOOST_EN_A.c **** * the software package with which this file was provided.
  13:Generated_Source\PSoC4/BUCK_BOOST_EN_A.c **** *******************************************************************************/
  14:Generated_Source\PSoC4/BUCK_BOOST_EN_A.c **** 
  15:Generated_Source\PSoC4/BUCK_BOOST_EN_A.c **** #include "cytypes.h"
  16:Generated_Source\PSoC4/BUCK_BOOST_EN_A.c **** #include "BUCK_BOOST_EN_A.h"
  17:Generated_Source\PSoC4/BUCK_BOOST_EN_A.c **** 
  18:Generated_Source\PSoC4/BUCK_BOOST_EN_A.c **** 
  19:Generated_Source\PSoC4/BUCK_BOOST_EN_A.c **** #if defined(BUCK_BOOST_EN_A__PC)
  20:Generated_Source\PSoC4/BUCK_BOOST_EN_A.c ****     #define BUCK_BOOST_EN_A_SetP4PinDriveMode(shift, mode)  \
  21:Generated_Source\PSoC4/BUCK_BOOST_EN_A.c ****     do { \
  22:Generated_Source\PSoC4/BUCK_BOOST_EN_A.c ****         BUCK_BOOST_EN_A_PC =   (BUCK_BOOST_EN_A_PC & \
  23:Generated_Source\PSoC4/BUCK_BOOST_EN_A.c ****                                 (uint32)(~(uint32)(BUCK_BOOST_EN_A_DRIVE_MODE_IND_MASK << \
  24:Generated_Source\PSoC4/BUCK_BOOST_EN_A.c ****                                 (BUCK_BOOST_EN_A_DRIVE_MODE_BITS * (shift))))) | \
  25:Generated_Source\PSoC4/BUCK_BOOST_EN_A.c ****                                 (uint32)((uint32)(mode) << \
  26:Generated_Source\PSoC4/BUCK_BOOST_EN_A.c ****                                 (BUCK_BOOST_EN_A_DRIVE_MODE_BITS * (shift))); \
  27:Generated_Source\PSoC4/BUCK_BOOST_EN_A.c ****     } while (0)
  28:Generated_Source\PSoC4/BUCK_BOOST_EN_A.c **** #else
  29:Generated_Source\PSoC4/BUCK_BOOST_EN_A.c ****     #if (CY_PSOC4_4200L)
  30:Generated_Source\PSoC4/BUCK_BOOST_EN_A.c ****         #define BUCK_BOOST_EN_A_SetP4PinDriveMode(shift, mode)  \
  31:Generated_Source\PSoC4/BUCK_BOOST_EN_A.c ****         do { \
  32:Generated_Source\PSoC4/BUCK_BOOST_EN_A.c ****             BUCK_BOOST_EN_A_USBIO_CTRL_REG = (BUCK_BOOST_EN_A_USBIO_CTRL_REG & \
ARM GAS  C:\Users\GRL\AppData\Local\Temp\ccXsl0nq.s 			page 23


  33:Generated_Source\PSoC4/BUCK_BOOST_EN_A.c ****                                     (uint32)(~(uint32)(BUCK_BOOST_EN_A_DRIVE_MODE_IND_MASK << \
  34:Generated_Source\PSoC4/BUCK_BOOST_EN_A.c ****                                     (BUCK_BOOST_EN_A_DRIVE_MODE_BITS * (shift))))) | \
  35:Generated_Source\PSoC4/BUCK_BOOST_EN_A.c ****                                     (uint32)((uint32)(mode) << \
  36:Generated_Source\PSoC4/BUCK_BOOST_EN_A.c ****                                     (BUCK_BOOST_EN_A_DRIVE_MODE_BITS * (shift))); \
  37:Generated_Source\PSoC4/BUCK_BOOST_EN_A.c ****         } while (0)
  38:Generated_Source\PSoC4/BUCK_BOOST_EN_A.c ****     #endif
  39:Generated_Source\PSoC4/BUCK_BOOST_EN_A.c **** #endif
  40:Generated_Source\PSoC4/BUCK_BOOST_EN_A.c ****   
  41:Generated_Source\PSoC4/BUCK_BOOST_EN_A.c **** 
  42:Generated_Source\PSoC4/BUCK_BOOST_EN_A.c **** #if defined(BUCK_BOOST_EN_A__PC) || (CY_PSOC4_4200L) 
  43:Generated_Source\PSoC4/BUCK_BOOST_EN_A.c ****     /*******************************************************************************
  44:Generated_Source\PSoC4/BUCK_BOOST_EN_A.c ****     * Function Name: BUCK_BOOST_EN_A_SetDriveMode
  45:Generated_Source\PSoC4/BUCK_BOOST_EN_A.c ****     ****************************************************************************//**
  46:Generated_Source\PSoC4/BUCK_BOOST_EN_A.c ****     *
  47:Generated_Source\PSoC4/BUCK_BOOST_EN_A.c ****     * \brief Sets the drive mode for each of the Pins component's pins.
  48:Generated_Source\PSoC4/BUCK_BOOST_EN_A.c ****     * 
  49:Generated_Source\PSoC4/BUCK_BOOST_EN_A.c ****     * <b>Note</b> This affects all pins in the Pins component instance. Use the
  50:Generated_Source\PSoC4/BUCK_BOOST_EN_A.c ****     * Per-Pin APIs if you wish to control individual pin's drive modes.
  51:Generated_Source\PSoC4/BUCK_BOOST_EN_A.c ****     *
  52:Generated_Source\PSoC4/BUCK_BOOST_EN_A.c ****     * <b>Note</b> USBIOs have limited drive functionality. Refer to the Drive Mode
  53:Generated_Source\PSoC4/BUCK_BOOST_EN_A.c ****     * parameter for more information.
  54:Generated_Source\PSoC4/BUCK_BOOST_EN_A.c ****     *
  55:Generated_Source\PSoC4/BUCK_BOOST_EN_A.c ****     * \param mode
  56:Generated_Source\PSoC4/BUCK_BOOST_EN_A.c ****     *  Mode for the selected signals. Valid options are documented in 
  57:Generated_Source\PSoC4/BUCK_BOOST_EN_A.c ****     *  \ref driveMode.
  58:Generated_Source\PSoC4/BUCK_BOOST_EN_A.c ****     *
  59:Generated_Source\PSoC4/BUCK_BOOST_EN_A.c ****     * \return
  60:Generated_Source\PSoC4/BUCK_BOOST_EN_A.c ****     *  None
  61:Generated_Source\PSoC4/BUCK_BOOST_EN_A.c ****     *
  62:Generated_Source\PSoC4/BUCK_BOOST_EN_A.c ****     * \sideeffect
  63:Generated_Source\PSoC4/BUCK_BOOST_EN_A.c ****     *  If you use read-modify-write operations that are not atomic, the ISR can
  64:Generated_Source\PSoC4/BUCK_BOOST_EN_A.c ****     *  cause corruption of this function. An ISR that interrupts this function 
  65:Generated_Source\PSoC4/BUCK_BOOST_EN_A.c ****     *  and performs writes to the Pins component Drive Mode registers can cause 
  66:Generated_Source\PSoC4/BUCK_BOOST_EN_A.c ****     *  corrupted port data. To avoid this issue, you should either use the Per-Pin
  67:Generated_Source\PSoC4/BUCK_BOOST_EN_A.c ****     *  APIs (primary method) or disable interrupts around this function.
  68:Generated_Source\PSoC4/BUCK_BOOST_EN_A.c ****     *
  69:Generated_Source\PSoC4/BUCK_BOOST_EN_A.c ****     * \funcusage
  70:Generated_Source\PSoC4/BUCK_BOOST_EN_A.c ****     *  \snippet BUCK_BOOST_EN_A_SUT.c usage_BUCK_BOOST_EN_A_SetDriveMode
  71:Generated_Source\PSoC4/BUCK_BOOST_EN_A.c ****     *******************************************************************************/
  72:Generated_Source\PSoC4/BUCK_BOOST_EN_A.c ****     void BUCK_BOOST_EN_A_SetDriveMode(uint8 mode)
  73:Generated_Source\PSoC4/BUCK_BOOST_EN_A.c ****     {
 332              		.loc 1 73 0
 333              		.cfi_startproc
 334              		@ args = 0, pretend = 0, frame = 0
 335              		@ frame_needed = 0, uses_anonymous_args = 0
 336              		@ link register save eliminated.
 337              	.LVL0:
  74:Generated_Source\PSoC4/BUCK_BOOST_EN_A.c **** 		BUCK_BOOST_EN_A_SetP4PinDriveMode(BUCK_BOOST_EN_A__0__SHIFT, mode);
 338              		.loc 1 74 0
 339 0000 3821     		movs	r1, #56
 340 0002 034A     		ldr	r2, .L2
 341 0004 C000     		lsls	r0, r0, #3
 342              	.LVL1:
 343 0006 1368     		ldr	r3, [r2]
  75:Generated_Source\PSoC4/BUCK_BOOST_EN_A.c ****     }
 344              		.loc 1 75 0
 345              		@ sp needed
ARM GAS  C:\Users\GRL\AppData\Local\Temp\ccXsl0nq.s 			page 24


  74:Generated_Source\PSoC4/BUCK_BOOST_EN_A.c **** 		BUCK_BOOST_EN_A_SetP4PinDriveMode(BUCK_BOOST_EN_A__0__SHIFT, mode);
 346              		.loc 1 74 0
 347 0008 8B43     		bics	r3, r1
 348 000a 1843     		orrs	r0, r3
 349 000c 1060     		str	r0, [r2]
 350              		.loc 1 75 0
 351 000e 7047     		bx	lr
 352              	.L3:
 353              		.align	2
 354              	.L2:
 355 0010 08020440 		.word	1074004488
 356              		.cfi_endproc
 357              	.LFE0:
 358              		.size	BUCK_BOOST_EN_A_SetDriveMode, .-BUCK_BOOST_EN_A_SetDriveMode
 359              		.section	.text.BUCK_BOOST_EN_A_Write,"ax",%progbits
 360              		.align	1
 361              		.global	BUCK_BOOST_EN_A_Write
 362              		.code	16
 363              		.thumb_func
 364              		.type	BUCK_BOOST_EN_A_Write, %function
 365              	BUCK_BOOST_EN_A_Write:
 366              	.LFB1:
  76:Generated_Source\PSoC4/BUCK_BOOST_EN_A.c **** #endif
  77:Generated_Source\PSoC4/BUCK_BOOST_EN_A.c **** 
  78:Generated_Source\PSoC4/BUCK_BOOST_EN_A.c **** 
  79:Generated_Source\PSoC4/BUCK_BOOST_EN_A.c **** /*******************************************************************************
  80:Generated_Source\PSoC4/BUCK_BOOST_EN_A.c **** * Function Name: BUCK_BOOST_EN_A_Write
  81:Generated_Source\PSoC4/BUCK_BOOST_EN_A.c **** ****************************************************************************//**
  82:Generated_Source\PSoC4/BUCK_BOOST_EN_A.c **** *
  83:Generated_Source\PSoC4/BUCK_BOOST_EN_A.c **** * \brief Writes the value to the physical port (data output register), masking
  84:Generated_Source\PSoC4/BUCK_BOOST_EN_A.c **** *  and shifting the bits appropriately. 
  85:Generated_Source\PSoC4/BUCK_BOOST_EN_A.c **** *
  86:Generated_Source\PSoC4/BUCK_BOOST_EN_A.c **** * The data output register controls the signal applied to the physical pin in 
  87:Generated_Source\PSoC4/BUCK_BOOST_EN_A.c **** * conjunction with the drive mode parameter. This function avoids changing 
  88:Generated_Source\PSoC4/BUCK_BOOST_EN_A.c **** * other bits in the port by using the appropriate method (read-modify-write or
  89:Generated_Source\PSoC4/BUCK_BOOST_EN_A.c **** * bit banding).
  90:Generated_Source\PSoC4/BUCK_BOOST_EN_A.c **** *
  91:Generated_Source\PSoC4/BUCK_BOOST_EN_A.c **** * <b>Note</b> This function should not be used on a hardware digital output pin 
  92:Generated_Source\PSoC4/BUCK_BOOST_EN_A.c **** * as it is driven by the hardware signal attached to it.
  93:Generated_Source\PSoC4/BUCK_BOOST_EN_A.c **** *
  94:Generated_Source\PSoC4/BUCK_BOOST_EN_A.c **** * \param value
  95:Generated_Source\PSoC4/BUCK_BOOST_EN_A.c **** *  Value to write to the component instance.
  96:Generated_Source\PSoC4/BUCK_BOOST_EN_A.c **** *
  97:Generated_Source\PSoC4/BUCK_BOOST_EN_A.c **** * \return 
  98:Generated_Source\PSoC4/BUCK_BOOST_EN_A.c **** *  None 
  99:Generated_Source\PSoC4/BUCK_BOOST_EN_A.c **** *
 100:Generated_Source\PSoC4/BUCK_BOOST_EN_A.c **** * \sideeffect
 101:Generated_Source\PSoC4/BUCK_BOOST_EN_A.c **** *  If you use read-modify-write operations that are not atomic; the Interrupt 
 102:Generated_Source\PSoC4/BUCK_BOOST_EN_A.c **** *  Service Routines (ISR) can cause corruption of this function. An ISR that 
 103:Generated_Source\PSoC4/BUCK_BOOST_EN_A.c **** *  interrupts this function and performs writes to the Pins component data 
 104:Generated_Source\PSoC4/BUCK_BOOST_EN_A.c **** *  register can cause corrupted port data. To avoid this issue, you should 
 105:Generated_Source\PSoC4/BUCK_BOOST_EN_A.c **** *  either use the Per-Pin APIs (primary method) or disable interrupts around 
 106:Generated_Source\PSoC4/BUCK_BOOST_EN_A.c **** *  this function.
 107:Generated_Source\PSoC4/BUCK_BOOST_EN_A.c **** *
 108:Generated_Source\PSoC4/BUCK_BOOST_EN_A.c **** * \funcusage
 109:Generated_Source\PSoC4/BUCK_BOOST_EN_A.c **** *  \snippet BUCK_BOOST_EN_A_SUT.c usage_BUCK_BOOST_EN_A_Write
 110:Generated_Source\PSoC4/BUCK_BOOST_EN_A.c **** *******************************************************************************/
ARM GAS  C:\Users\GRL\AppData\Local\Temp\ccXsl0nq.s 			page 25


 111:Generated_Source\PSoC4/BUCK_BOOST_EN_A.c **** void BUCK_BOOST_EN_A_Write(uint8 value)
 112:Generated_Source\PSoC4/BUCK_BOOST_EN_A.c **** {
 367              		.loc 1 112 0
 368              		.cfi_startproc
 369              		@ args = 0, pretend = 0, frame = 0
 370              		@ frame_needed = 0, uses_anonymous_args = 0
 371              		@ link register save eliminated.
 372              	.LVL2:
 113:Generated_Source\PSoC4/BUCK_BOOST_EN_A.c ****     uint8 drVal = (uint8)(BUCK_BOOST_EN_A_DR & (uint8)(~BUCK_BOOST_EN_A_MASK));
 373              		.loc 1 113 0
 374 0000 0223     		movs	r3, #2
 375 0002 0449     		ldr	r1, .L5
 114:Generated_Source\PSoC4/BUCK_BOOST_EN_A.c ****     drVal = (drVal | ((uint8)(value << BUCK_BOOST_EN_A_SHIFT) & BUCK_BOOST_EN_A_MASK));
 115:Generated_Source\PSoC4/BUCK_BOOST_EN_A.c ****     BUCK_BOOST_EN_A_DR = (uint32)drVal;
 376              		.loc 1 115 0
 377 0004 4000     		lsls	r0, r0, #1
 378              	.LVL3:
 113:Generated_Source\PSoC4/BUCK_BOOST_EN_A.c ****     uint8 drVal = (uint8)(BUCK_BOOST_EN_A_DR & (uint8)(~BUCK_BOOST_EN_A_MASK));
 379              		.loc 1 113 0
 380 0006 0A68     		ldr	r2, [r1]
 116:Generated_Source\PSoC4/BUCK_BOOST_EN_A.c **** }
 381              		.loc 1 116 0
 382              		@ sp needed
 113:Generated_Source\PSoC4/BUCK_BOOST_EN_A.c ****     uint8 drVal = (uint8)(BUCK_BOOST_EN_A_DR & (uint8)(~BUCK_BOOST_EN_A_MASK));
 383              		.loc 1 113 0
 384 0008 9A43     		bics	r2, r3
 385 000a D2B2     		uxtb	r2, r2
 115:Generated_Source\PSoC4/BUCK_BOOST_EN_A.c **** }
 386              		.loc 1 115 0
 387 000c 0340     		ands	r3, r0
 388 000e 1343     		orrs	r3, r2
 389 0010 0B60     		str	r3, [r1]
 390              		.loc 1 116 0
 391 0012 7047     		bx	lr
 392              	.L6:
 393              		.align	2
 394              	.L5:
 395 0014 00020440 		.word	1074004480
 396              		.cfi_endproc
 397              	.LFE1:
 398              		.size	BUCK_BOOST_EN_A_Write, .-BUCK_BOOST_EN_A_Write
 399              		.section	.text.BUCK_BOOST_EN_A_Read,"ax",%progbits
 400              		.align	1
 401              		.global	BUCK_BOOST_EN_A_Read
 402              		.code	16
 403              		.thumb_func
 404              		.type	BUCK_BOOST_EN_A_Read, %function
 405              	BUCK_BOOST_EN_A_Read:
 406              	.LFB2:
 117:Generated_Source\PSoC4/BUCK_BOOST_EN_A.c **** 
 118:Generated_Source\PSoC4/BUCK_BOOST_EN_A.c **** 
 119:Generated_Source\PSoC4/BUCK_BOOST_EN_A.c **** /*******************************************************************************
 120:Generated_Source\PSoC4/BUCK_BOOST_EN_A.c **** * Function Name: BUCK_BOOST_EN_A_Read
 121:Generated_Source\PSoC4/BUCK_BOOST_EN_A.c **** ****************************************************************************//**
 122:Generated_Source\PSoC4/BUCK_BOOST_EN_A.c **** *
 123:Generated_Source\PSoC4/BUCK_BOOST_EN_A.c **** * \brief Reads the associated physical port (pin status register) and masks 
 124:Generated_Source\PSoC4/BUCK_BOOST_EN_A.c **** *  the required bits according to the width and bit position of the component
ARM GAS  C:\Users\GRL\AppData\Local\Temp\ccXsl0nq.s 			page 26


 125:Generated_Source\PSoC4/BUCK_BOOST_EN_A.c **** *  instance. 
 126:Generated_Source\PSoC4/BUCK_BOOST_EN_A.c **** *
 127:Generated_Source\PSoC4/BUCK_BOOST_EN_A.c **** * The pin's status register returns the current logic level present on the 
 128:Generated_Source\PSoC4/BUCK_BOOST_EN_A.c **** * physical pin.
 129:Generated_Source\PSoC4/BUCK_BOOST_EN_A.c **** *
 130:Generated_Source\PSoC4/BUCK_BOOST_EN_A.c **** * \return 
 131:Generated_Source\PSoC4/BUCK_BOOST_EN_A.c **** *  The current value for the pins in the component as a right justified number.
 132:Generated_Source\PSoC4/BUCK_BOOST_EN_A.c **** *
 133:Generated_Source\PSoC4/BUCK_BOOST_EN_A.c **** * \funcusage
 134:Generated_Source\PSoC4/BUCK_BOOST_EN_A.c **** *  \snippet BUCK_BOOST_EN_A_SUT.c usage_BUCK_BOOST_EN_A_Read  
 135:Generated_Source\PSoC4/BUCK_BOOST_EN_A.c **** *******************************************************************************/
 136:Generated_Source\PSoC4/BUCK_BOOST_EN_A.c **** uint8 BUCK_BOOST_EN_A_Read(void)
 137:Generated_Source\PSoC4/BUCK_BOOST_EN_A.c **** {
 407              		.loc 1 137 0
 408              		.cfi_startproc
 409              		@ args = 0, pretend = 0, frame = 0
 410              		@ frame_needed = 0, uses_anonymous_args = 0
 411              		@ link register save eliminated.
 138:Generated_Source\PSoC4/BUCK_BOOST_EN_A.c ****     return (uint8)((BUCK_BOOST_EN_A_PS & BUCK_BOOST_EN_A_MASK) >> BUCK_BOOST_EN_A_SHIFT);
 412              		.loc 1 138 0
 413 0000 024B     		ldr	r3, .L8
 139:Generated_Source\PSoC4/BUCK_BOOST_EN_A.c **** }
 414              		.loc 1 139 0
 415              		@ sp needed
 138:Generated_Source\PSoC4/BUCK_BOOST_EN_A.c ****     return (uint8)((BUCK_BOOST_EN_A_PS & BUCK_BOOST_EN_A_MASK) >> BUCK_BOOST_EN_A_SHIFT);
 416              		.loc 1 138 0
 417 0002 1868     		ldr	r0, [r3]
 418 0004 8007     		lsls	r0, r0, #30
 419 0006 C00F     		lsrs	r0, r0, #31
 420              		.loc 1 139 0
 421 0008 7047     		bx	lr
 422              	.L9:
 423 000a C046     		.align	2
 424              	.L8:
 425 000c 04020440 		.word	1074004484
 426              		.cfi_endproc
 427              	.LFE2:
 428              		.size	BUCK_BOOST_EN_A_Read, .-BUCK_BOOST_EN_A_Read
 429              		.section	.text.BUCK_BOOST_EN_A_ReadDataReg,"ax",%progbits
 430              		.align	1
 431              		.global	BUCK_BOOST_EN_A_ReadDataReg
 432              		.code	16
 433              		.thumb_func
 434              		.type	BUCK_BOOST_EN_A_ReadDataReg, %function
 435              	BUCK_BOOST_EN_A_ReadDataReg:
 436              	.LFB3:
 140:Generated_Source\PSoC4/BUCK_BOOST_EN_A.c **** 
 141:Generated_Source\PSoC4/BUCK_BOOST_EN_A.c **** 
 142:Generated_Source\PSoC4/BUCK_BOOST_EN_A.c **** /*******************************************************************************
 143:Generated_Source\PSoC4/BUCK_BOOST_EN_A.c **** * Function Name: BUCK_BOOST_EN_A_ReadDataReg
 144:Generated_Source\PSoC4/BUCK_BOOST_EN_A.c **** ****************************************************************************//**
 145:Generated_Source\PSoC4/BUCK_BOOST_EN_A.c **** *
 146:Generated_Source\PSoC4/BUCK_BOOST_EN_A.c **** * \brief Reads the associated physical port's data output register and masks 
 147:Generated_Source\PSoC4/BUCK_BOOST_EN_A.c **** *  the correct bits according to the width and bit position of the component 
 148:Generated_Source\PSoC4/BUCK_BOOST_EN_A.c **** *  instance. 
 149:Generated_Source\PSoC4/BUCK_BOOST_EN_A.c **** *
 150:Generated_Source\PSoC4/BUCK_BOOST_EN_A.c **** * The data output register controls the signal applied to the physical pin in 
ARM GAS  C:\Users\GRL\AppData\Local\Temp\ccXsl0nq.s 			page 27


 151:Generated_Source\PSoC4/BUCK_BOOST_EN_A.c **** * conjunction with the drive mode parameter. This is not the same as the 
 152:Generated_Source\PSoC4/BUCK_BOOST_EN_A.c **** * preferred BUCK_BOOST_EN_A_Read() API because the 
 153:Generated_Source\PSoC4/BUCK_BOOST_EN_A.c **** * BUCK_BOOST_EN_A_ReadDataReg() reads the data register instead of the status 
 154:Generated_Source\PSoC4/BUCK_BOOST_EN_A.c **** * register. For output pins this is a useful function to determine the value 
 155:Generated_Source\PSoC4/BUCK_BOOST_EN_A.c **** * just written to the pin.
 156:Generated_Source\PSoC4/BUCK_BOOST_EN_A.c **** *
 157:Generated_Source\PSoC4/BUCK_BOOST_EN_A.c **** * \return 
 158:Generated_Source\PSoC4/BUCK_BOOST_EN_A.c **** *  The current value of the data register masked and shifted into a right 
 159:Generated_Source\PSoC4/BUCK_BOOST_EN_A.c **** *  justified number for the component instance.
 160:Generated_Source\PSoC4/BUCK_BOOST_EN_A.c **** *
 161:Generated_Source\PSoC4/BUCK_BOOST_EN_A.c **** * \funcusage
 162:Generated_Source\PSoC4/BUCK_BOOST_EN_A.c **** *  \snippet BUCK_BOOST_EN_A_SUT.c usage_BUCK_BOOST_EN_A_ReadDataReg 
 163:Generated_Source\PSoC4/BUCK_BOOST_EN_A.c **** *******************************************************************************/
 164:Generated_Source\PSoC4/BUCK_BOOST_EN_A.c **** uint8 BUCK_BOOST_EN_A_ReadDataReg(void)
 165:Generated_Source\PSoC4/BUCK_BOOST_EN_A.c **** {
 437              		.loc 1 165 0
 438              		.cfi_startproc
 439              		@ args = 0, pretend = 0, frame = 0
 440              		@ frame_needed = 0, uses_anonymous_args = 0
 441              		@ link register save eliminated.
 166:Generated_Source\PSoC4/BUCK_BOOST_EN_A.c ****     return (uint8)((BUCK_BOOST_EN_A_DR & BUCK_BOOST_EN_A_MASK) >> BUCK_BOOST_EN_A_SHIFT);
 442              		.loc 1 166 0
 443 0000 024B     		ldr	r3, .L11
 167:Generated_Source\PSoC4/BUCK_BOOST_EN_A.c **** }
 444              		.loc 1 167 0
 445              		@ sp needed
 166:Generated_Source\PSoC4/BUCK_BOOST_EN_A.c ****     return (uint8)((BUCK_BOOST_EN_A_DR & BUCK_BOOST_EN_A_MASK) >> BUCK_BOOST_EN_A_SHIFT);
 446              		.loc 1 166 0
 447 0002 1868     		ldr	r0, [r3]
 448 0004 8007     		lsls	r0, r0, #30
 449 0006 C00F     		lsrs	r0, r0, #31
 450              		.loc 1 167 0
 451 0008 7047     		bx	lr
 452              	.L12:
 453 000a C046     		.align	2
 454              	.L11:
 455 000c 00020440 		.word	1074004480
 456              		.cfi_endproc
 457              	.LFE3:
 458              		.size	BUCK_BOOST_EN_A_ReadDataReg, .-BUCK_BOOST_EN_A_ReadDataReg
 459              		.section	.text.BUCK_BOOST_EN_A_SetInterruptMode,"ax",%progbits
 460              		.align	1
 461              		.global	BUCK_BOOST_EN_A_SetInterruptMode
 462              		.code	16
 463              		.thumb_func
 464              		.type	BUCK_BOOST_EN_A_SetInterruptMode, %function
 465              	BUCK_BOOST_EN_A_SetInterruptMode:
 466              	.LFB4:
 168:Generated_Source\PSoC4/BUCK_BOOST_EN_A.c **** 
 169:Generated_Source\PSoC4/BUCK_BOOST_EN_A.c **** 
 170:Generated_Source\PSoC4/BUCK_BOOST_EN_A.c **** /*******************************************************************************
 171:Generated_Source\PSoC4/BUCK_BOOST_EN_A.c **** * Function Name: BUCK_BOOST_EN_A_SetInterruptMode
 172:Generated_Source\PSoC4/BUCK_BOOST_EN_A.c **** ****************************************************************************//**
 173:Generated_Source\PSoC4/BUCK_BOOST_EN_A.c **** *
 174:Generated_Source\PSoC4/BUCK_BOOST_EN_A.c **** * \brief Configures the interrupt mode for each of the Pins component's
 175:Generated_Source\PSoC4/BUCK_BOOST_EN_A.c **** *  pins. Alternatively you may set the interrupt mode for all the pins
 176:Generated_Source\PSoC4/BUCK_BOOST_EN_A.c **** *  specified in the Pins component.
ARM GAS  C:\Users\GRL\AppData\Local\Temp\ccXsl0nq.s 			page 28


 177:Generated_Source\PSoC4/BUCK_BOOST_EN_A.c **** *
 178:Generated_Source\PSoC4/BUCK_BOOST_EN_A.c **** *  <b>Note</b> The interrupt is port-wide and therefore any enabled pin
 179:Generated_Source\PSoC4/BUCK_BOOST_EN_A.c **** *  interrupt may trigger it.
 180:Generated_Source\PSoC4/BUCK_BOOST_EN_A.c **** *
 181:Generated_Source\PSoC4/BUCK_BOOST_EN_A.c **** * \param position
 182:Generated_Source\PSoC4/BUCK_BOOST_EN_A.c **** *  The pin position as listed in the Pins component. You may OR these to be 
 183:Generated_Source\PSoC4/BUCK_BOOST_EN_A.c **** *  able to configure the interrupt mode of multiple pins within a Pins 
 184:Generated_Source\PSoC4/BUCK_BOOST_EN_A.c **** *  component. Or you may use BUCK_BOOST_EN_A_INTR_ALL to configure the
 185:Generated_Source\PSoC4/BUCK_BOOST_EN_A.c **** *  interrupt mode of all the pins in the Pins component.       
 186:Generated_Source\PSoC4/BUCK_BOOST_EN_A.c **** *  - BUCK_BOOST_EN_A_0_INTR       (First pin in the list)
 187:Generated_Source\PSoC4/BUCK_BOOST_EN_A.c **** *  - BUCK_BOOST_EN_A_1_INTR       (Second pin in the list)
 188:Generated_Source\PSoC4/BUCK_BOOST_EN_A.c **** *  - ...
 189:Generated_Source\PSoC4/BUCK_BOOST_EN_A.c **** *  - BUCK_BOOST_EN_A_INTR_ALL     (All pins in Pins component)
 190:Generated_Source\PSoC4/BUCK_BOOST_EN_A.c **** *
 191:Generated_Source\PSoC4/BUCK_BOOST_EN_A.c **** * \param mode
 192:Generated_Source\PSoC4/BUCK_BOOST_EN_A.c **** *  Interrupt mode for the selected pins. Valid options are documented in
 193:Generated_Source\PSoC4/BUCK_BOOST_EN_A.c **** *  \ref intrMode.
 194:Generated_Source\PSoC4/BUCK_BOOST_EN_A.c **** *
 195:Generated_Source\PSoC4/BUCK_BOOST_EN_A.c **** * \return 
 196:Generated_Source\PSoC4/BUCK_BOOST_EN_A.c **** *  None
 197:Generated_Source\PSoC4/BUCK_BOOST_EN_A.c **** *  
 198:Generated_Source\PSoC4/BUCK_BOOST_EN_A.c **** * \sideeffect
 199:Generated_Source\PSoC4/BUCK_BOOST_EN_A.c **** *  It is recommended that the interrupt be disabled before calling this 
 200:Generated_Source\PSoC4/BUCK_BOOST_EN_A.c **** *  function to avoid unintended interrupt requests. Note that the interrupt
 201:Generated_Source\PSoC4/BUCK_BOOST_EN_A.c **** *  type is port wide, and therefore will trigger for any enabled pin on the 
 202:Generated_Source\PSoC4/BUCK_BOOST_EN_A.c **** *  port.
 203:Generated_Source\PSoC4/BUCK_BOOST_EN_A.c **** *
 204:Generated_Source\PSoC4/BUCK_BOOST_EN_A.c **** * \funcusage
 205:Generated_Source\PSoC4/BUCK_BOOST_EN_A.c **** *  \snippet BUCK_BOOST_EN_A_SUT.c usage_BUCK_BOOST_EN_A_SetInterruptMode
 206:Generated_Source\PSoC4/BUCK_BOOST_EN_A.c **** *******************************************************************************/
 207:Generated_Source\PSoC4/BUCK_BOOST_EN_A.c **** void BUCK_BOOST_EN_A_SetInterruptMode(uint16 position, uint16 mode)
 208:Generated_Source\PSoC4/BUCK_BOOST_EN_A.c **** {
 467              		.loc 1 208 0
 468              		.cfi_startproc
 469              		@ args = 0, pretend = 0, frame = 0
 470              		@ frame_needed = 0, uses_anonymous_args = 0
 471              		@ link register save eliminated.
 472              	.LVL4:
 209:Generated_Source\PSoC4/BUCK_BOOST_EN_A.c ****     uint32 intrCfg;
 210:Generated_Source\PSoC4/BUCK_BOOST_EN_A.c ****     
 211:Generated_Source\PSoC4/BUCK_BOOST_EN_A.c ****     intrCfg =  BUCK_BOOST_EN_A_INTCFG & (uint32)(~(uint32)position);
 473              		.loc 1 211 0
 474 0000 034A     		ldr	r2, .L14
 212:Generated_Source\PSoC4/BUCK_BOOST_EN_A.c ****     BUCK_BOOST_EN_A_INTCFG = intrCfg | ((uint32)position & (uint32)mode);
 213:Generated_Source\PSoC4/BUCK_BOOST_EN_A.c **** }
 475              		.loc 1 213 0
 476              		@ sp needed
 211:Generated_Source\PSoC4/BUCK_BOOST_EN_A.c ****     BUCK_BOOST_EN_A_INTCFG = intrCfg | ((uint32)position & (uint32)mode);
 477              		.loc 1 211 0
 478 0002 1368     		ldr	r3, [r2]
 479              	.LVL5:
 212:Generated_Source\PSoC4/BUCK_BOOST_EN_A.c ****     BUCK_BOOST_EN_A_INTCFG = intrCfg | ((uint32)position & (uint32)mode);
 480              		.loc 1 212 0
 481 0004 8343     		bics	r3, r0
 482              	.LVL6:
 483 0006 0840     		ands	r0, r1
 484              	.LVL7:
ARM GAS  C:\Users\GRL\AppData\Local\Temp\ccXsl0nq.s 			page 29


 485 0008 1843     		orrs	r0, r3
 486 000a 1060     		str	r0, [r2]
 487              		.loc 1 213 0
 488 000c 7047     		bx	lr
 489              	.L15:
 490 000e C046     		.align	2
 491              	.L14:
 492 0010 0C020440 		.word	1074004492
 493              		.cfi_endproc
 494              	.LFE4:
 495              		.size	BUCK_BOOST_EN_A_SetInterruptMode, .-BUCK_BOOST_EN_A_SetInterruptMode
 496              		.section	.text.BUCK_BOOST_EN_A_ClearInterrupt,"ax",%progbits
 497              		.align	1
 498              		.global	BUCK_BOOST_EN_A_ClearInterrupt
 499              		.code	16
 500              		.thumb_func
 501              		.type	BUCK_BOOST_EN_A_ClearInterrupt, %function
 502              	BUCK_BOOST_EN_A_ClearInterrupt:
 503              	.LFB5:
 214:Generated_Source\PSoC4/BUCK_BOOST_EN_A.c **** 
 215:Generated_Source\PSoC4/BUCK_BOOST_EN_A.c **** 
 216:Generated_Source\PSoC4/BUCK_BOOST_EN_A.c **** /*******************************************************************************
 217:Generated_Source\PSoC4/BUCK_BOOST_EN_A.c **** * Function Name: BUCK_BOOST_EN_A_ClearInterrupt
 218:Generated_Source\PSoC4/BUCK_BOOST_EN_A.c **** ****************************************************************************//**
 219:Generated_Source\PSoC4/BUCK_BOOST_EN_A.c **** *
 220:Generated_Source\PSoC4/BUCK_BOOST_EN_A.c **** * \brief Clears any active interrupts attached with the component and returns 
 221:Generated_Source\PSoC4/BUCK_BOOST_EN_A.c **** *  the value of the interrupt status register allowing determination of which
 222:Generated_Source\PSoC4/BUCK_BOOST_EN_A.c **** *  pins generated an interrupt event.
 223:Generated_Source\PSoC4/BUCK_BOOST_EN_A.c **** *
 224:Generated_Source\PSoC4/BUCK_BOOST_EN_A.c **** * \return 
 225:Generated_Source\PSoC4/BUCK_BOOST_EN_A.c **** *  The right-shifted current value of the interrupt status register. Each pin 
 226:Generated_Source\PSoC4/BUCK_BOOST_EN_A.c **** *  has one bit set if it generated an interrupt event. For example, bit 0 is 
 227:Generated_Source\PSoC4/BUCK_BOOST_EN_A.c **** *  for pin 0 and bit 1 is for pin 1 of the Pins component.
 228:Generated_Source\PSoC4/BUCK_BOOST_EN_A.c **** *  
 229:Generated_Source\PSoC4/BUCK_BOOST_EN_A.c **** * \sideeffect
 230:Generated_Source\PSoC4/BUCK_BOOST_EN_A.c **** *  Clears all bits of the physical port's interrupt status register, not just
 231:Generated_Source\PSoC4/BUCK_BOOST_EN_A.c **** *  those associated with the Pins component.
 232:Generated_Source\PSoC4/BUCK_BOOST_EN_A.c **** *
 233:Generated_Source\PSoC4/BUCK_BOOST_EN_A.c **** * \funcusage
 234:Generated_Source\PSoC4/BUCK_BOOST_EN_A.c **** *  \snippet BUCK_BOOST_EN_A_SUT.c usage_BUCK_BOOST_EN_A_ClearInterrupt
 235:Generated_Source\PSoC4/BUCK_BOOST_EN_A.c **** *******************************************************************************/
 236:Generated_Source\PSoC4/BUCK_BOOST_EN_A.c **** uint8 BUCK_BOOST_EN_A_ClearInterrupt(void)
 237:Generated_Source\PSoC4/BUCK_BOOST_EN_A.c **** {
 504              		.loc 1 237 0
 505              		.cfi_startproc
 506              		@ args = 0, pretend = 0, frame = 0
 507              		@ frame_needed = 0, uses_anonymous_args = 0
 508              		@ link register save eliminated.
 238:Generated_Source\PSoC4/BUCK_BOOST_EN_A.c **** 	uint8 maskedStatus = (uint8)(BUCK_BOOST_EN_A_INTSTAT & BUCK_BOOST_EN_A_MASK);
 509              		.loc 1 238 0
 510 0000 0223     		movs	r3, #2
 511 0002 034A     		ldr	r2, .L17
 239:Generated_Source\PSoC4/BUCK_BOOST_EN_A.c **** 	BUCK_BOOST_EN_A_INTSTAT = maskedStatus;
 240:Generated_Source\PSoC4/BUCK_BOOST_EN_A.c ****     return maskedStatus >> BUCK_BOOST_EN_A_SHIFT;
 241:Generated_Source\PSoC4/BUCK_BOOST_EN_A.c **** }
 512              		.loc 1 241 0
 513              		@ sp needed
ARM GAS  C:\Users\GRL\AppData\Local\Temp\ccXsl0nq.s 			page 30


 238:Generated_Source\PSoC4/BUCK_BOOST_EN_A.c **** 	uint8 maskedStatus = (uint8)(BUCK_BOOST_EN_A_INTSTAT & BUCK_BOOST_EN_A_MASK);
 514              		.loc 1 238 0
 515 0004 1068     		ldr	r0, [r2]
 516 0006 1840     		ands	r0, r3
 517              	.LVL8:
 239:Generated_Source\PSoC4/BUCK_BOOST_EN_A.c **** 	BUCK_BOOST_EN_A_INTSTAT = maskedStatus;
 518              		.loc 1 239 0
 519 0008 1060     		str	r0, [r2]
 240:Generated_Source\PSoC4/BUCK_BOOST_EN_A.c **** }
 520              		.loc 1 240 0
 521 000a 4008     		lsrs	r0, r0, #1
 522              	.LVL9:
 523 000c C0B2     		uxtb	r0, r0
 524              		.loc 1 241 0
 525 000e 7047     		bx	lr
 526              	.L18:
 527              		.align	2
 528              	.L17:
 529 0010 10020440 		.word	1074004496
 530              		.cfi_endproc
 531              	.LFE5:
 532              		.size	BUCK_BOOST_EN_A_ClearInterrupt, .-BUCK_BOOST_EN_A_ClearInterrupt
 533              		.text
 534              	.Letext0:
 535              		.file 2 "Generated_Source\\PSoC4\\cytypes.h"
 536              		.section	.debug_info,"",%progbits
 537              	.Ldebug_info0:
 538 0000 97010000 		.4byte	0x197
 539 0004 0400     		.2byte	0x4
 540 0006 00000000 		.4byte	.Ldebug_abbrev0
 541 000a 04       		.byte	0x4
 542 000b 01       		.uleb128 0x1
 543 000c E9000000 		.4byte	.LASF27
 544 0010 0C       		.byte	0xc
 545 0011 60000000 		.4byte	.LASF28
 546 0015 47020000 		.4byte	.LASF29
 547 0019 00000000 		.4byte	.Ldebug_ranges0+0
 548 001d 00000000 		.4byte	0
 549 0021 00000000 		.4byte	.Ldebug_line0
 550 0025 02       		.uleb128 0x2
 551 0026 01       		.byte	0x1
 552 0027 06       		.byte	0x6
 553 0028 3B020000 		.4byte	.LASF0
 554 002c 02       		.uleb128 0x2
 555 002d 01       		.byte	0x1
 556 002e 08       		.byte	0x8
 557 002f 27000000 		.4byte	.LASF1
 558 0033 02       		.uleb128 0x2
 559 0034 02       		.byte	0x2
 560 0035 05       		.byte	0x5
 561 0036 06020000 		.4byte	.LASF2
 562 003a 02       		.uleb128 0x2
 563 003b 02       		.byte	0x2
 564 003c 07       		.byte	0x7
 565 003d 4D000000 		.4byte	.LASF3
 566 0041 02       		.uleb128 0x2
 567 0042 04       		.byte	0x4
ARM GAS  C:\Users\GRL\AppData\Local\Temp\ccXsl0nq.s 			page 31


 568 0043 05       		.byte	0x5
 569 0044 32020000 		.4byte	.LASF4
 570 0048 02       		.uleb128 0x2
 571 0049 04       		.byte	0x4
 572 004a 07       		.byte	0x7
 573 004b 3B000000 		.4byte	.LASF5
 574 004f 02       		.uleb128 0x2
 575 0050 08       		.byte	0x8
 576 0051 05       		.byte	0x5
 577 0052 C7010000 		.4byte	.LASF6
 578 0056 02       		.uleb128 0x2
 579 0057 08       		.byte	0x8
 580 0058 07       		.byte	0x7
 581 0059 D2000000 		.4byte	.LASF7
 582 005d 03       		.uleb128 0x3
 583 005e 04       		.byte	0x4
 584 005f 05       		.byte	0x5
 585 0060 696E7400 		.ascii	"int\000"
 586 0064 02       		.uleb128 0x2
 587 0065 04       		.byte	0x4
 588 0066 07       		.byte	0x7
 589 0067 C5000000 		.4byte	.LASF8
 590 006b 04       		.uleb128 0x4
 591 006c 10020000 		.4byte	.LASF9
 592 0070 02       		.byte	0x2
 593 0071 D201     		.2byte	0x1d2
 594 0073 2C000000 		.4byte	0x2c
 595 0077 04       		.uleb128 0x4
 596 0078 A6000000 		.4byte	.LASF10
 597 007c 02       		.byte	0x2
 598 007d D301     		.2byte	0x1d3
 599 007f 3A000000 		.4byte	0x3a
 600 0083 04       		.uleb128 0x4
 601 0084 B6000000 		.4byte	.LASF11
 602 0088 02       		.byte	0x2
 603 0089 D401     		.2byte	0x1d4
 604 008b 48000000 		.4byte	0x48
 605 008f 02       		.uleb128 0x2
 606 0090 04       		.byte	0x4
 607 0091 04       		.byte	0x4
 608 0092 21000000 		.4byte	.LASF12
 609 0096 02       		.uleb128 0x2
 610 0097 08       		.byte	0x8
 611 0098 04       		.byte	0x4
 612 0099 9F000000 		.4byte	.LASF13
 613 009d 02       		.uleb128 0x2
 614 009e 01       		.byte	0x1
 615 009f 08       		.byte	0x8
 616 00a0 E2010000 		.4byte	.LASF14
 617 00a4 04       		.uleb128 0x4
 618 00a5 00000000 		.4byte	.LASF15
 619 00a9 02       		.byte	0x2
 620 00aa 7E02     		.2byte	0x27e
 621 00ac B0000000 		.4byte	0xb0
 622 00b0 05       		.uleb128 0x5
 623 00b1 83000000 		.4byte	0x83
 624 00b5 06       		.uleb128 0x6
ARM GAS  C:\Users\GRL\AppData\Local\Temp\ccXsl0nq.s 			page 32


 625 00b6 A5010000 		.4byte	.LASF16
 626 00ba 01       		.byte	0x1
 627 00bb 48       		.byte	0x48
 628 00bc 00000000 		.4byte	.LFB0
 629 00c0 14000000 		.4byte	.LFE0-.LFB0
 630 00c4 01       		.uleb128 0x1
 631 00c5 9C       		.byte	0x9c
 632 00c6 DA000000 		.4byte	0xda
 633 00ca 07       		.uleb128 0x7
 634 00cb C2010000 		.4byte	.LASF18
 635 00cf 01       		.byte	0x1
 636 00d0 48       		.byte	0x48
 637 00d1 6B000000 		.4byte	0x6b
 638 00d5 00000000 		.4byte	.LLST0
 639 00d9 00       		.byte	0
 640 00da 06       		.uleb128 0x6
 641 00db 89000000 		.4byte	.LASF17
 642 00df 01       		.byte	0x1
 643 00e0 6F       		.byte	0x6f
 644 00e1 00000000 		.4byte	.LFB1
 645 00e5 18000000 		.4byte	.LFE1-.LFB1
 646 00e9 01       		.uleb128 0x1
 647 00ea 9C       		.byte	0x9c
 648 00eb 0A010000 		.4byte	0x10a
 649 00ef 07       		.uleb128 0x7
 650 00f0 06000000 		.4byte	.LASF19
 651 00f4 01       		.byte	0x1
 652 00f5 6F       		.byte	0x6f
 653 00f6 6B000000 		.4byte	0x6b
 654 00fa 21000000 		.4byte	.LLST1
 655 00fe 08       		.uleb128 0x8
 656 00ff 35000000 		.4byte	.LASF30
 657 0103 01       		.byte	0x1
 658 0104 71       		.byte	0x71
 659 0105 6B000000 		.4byte	0x6b
 660 0109 00       		.byte	0
 661 010a 09       		.uleb128 0x9
 662 010b 0C000000 		.4byte	.LASF20
 663 010f 01       		.byte	0x1
 664 0110 88       		.byte	0x88
 665 0111 6B000000 		.4byte	0x6b
 666 0115 00000000 		.4byte	.LFB2
 667 0119 10000000 		.4byte	.LFE2-.LFB2
 668 011d 01       		.uleb128 0x1
 669 011e 9C       		.byte	0x9c
 670 011f 09       		.uleb128 0x9
 671 0120 16020000 		.4byte	.LASF21
 672 0124 01       		.byte	0x1
 673 0125 A4       		.byte	0xa4
 674 0126 6B000000 		.4byte	0x6b
 675 012a 00000000 		.4byte	.LFB3
 676 012e 10000000 		.4byte	.LFE3-.LFB3
 677 0132 01       		.uleb128 0x1
 678 0133 9C       		.byte	0x9c
 679 0134 06       		.uleb128 0x6
 680 0135 8C020000 		.4byte	.LASF22
 681 0139 01       		.byte	0x1
ARM GAS  C:\Users\GRL\AppData\Local\Temp\ccXsl0nq.s 			page 33


 682 013a CF       		.byte	0xcf
 683 013b 00000000 		.4byte	.LFB4
 684 013f 14000000 		.4byte	.LFE4-.LFB4
 685 0143 01       		.uleb128 0x1
 686 0144 9C       		.byte	0x9c
 687 0145 75010000 		.4byte	0x175
 688 0149 07       		.uleb128 0x7
 689 014a AD000000 		.4byte	.LASF23
 690 014e 01       		.byte	0x1
 691 014f CF       		.byte	0xcf
 692 0150 77000000 		.4byte	0x77
 693 0154 42000000 		.4byte	.LLST2
 694 0158 0A       		.uleb128 0xa
 695 0159 C2010000 		.4byte	.LASF18
 696 015d 01       		.byte	0x1
 697 015e CF       		.byte	0xcf
 698 015f 77000000 		.4byte	0x77
 699 0163 01       		.uleb128 0x1
 700 0164 51       		.byte	0x51
 701 0165 0B       		.uleb128 0xb
 702 0166 BD000000 		.4byte	.LASF25
 703 016a 01       		.byte	0x1
 704 016b D1       		.byte	0xd1
 705 016c 83000000 		.4byte	0x83
 706 0170 63000000 		.4byte	.LLST3
 707 0174 00       		.byte	0
 708 0175 0C       		.uleb128 0xc
 709 0176 E7010000 		.4byte	.LASF24
 710 017a 01       		.byte	0x1
 711 017b EC       		.byte	0xec
 712 017c 6B000000 		.4byte	0x6b
 713 0180 00000000 		.4byte	.LFB5
 714 0184 14000000 		.4byte	.LFE5-.LFB5
 715 0188 01       		.uleb128 0x1
 716 0189 9C       		.byte	0x9c
 717 018a 0B       		.uleb128 0xb
 718 018b D5010000 		.4byte	.LASF26
 719 018f 01       		.byte	0x1
 720 0190 EE       		.byte	0xee
 721 0191 6B000000 		.4byte	0x6b
 722 0195 80000000 		.4byte	.LLST4
 723 0199 00       		.byte	0
 724 019a 00       		.byte	0
 725              		.section	.debug_abbrev,"",%progbits
 726              	.Ldebug_abbrev0:
 727 0000 01       		.uleb128 0x1
 728 0001 11       		.uleb128 0x11
 729 0002 01       		.byte	0x1
 730 0003 25       		.uleb128 0x25
 731 0004 0E       		.uleb128 0xe
 732 0005 13       		.uleb128 0x13
 733 0006 0B       		.uleb128 0xb
 734 0007 03       		.uleb128 0x3
 735 0008 0E       		.uleb128 0xe
 736 0009 1B       		.uleb128 0x1b
 737 000a 0E       		.uleb128 0xe
 738 000b 55       		.uleb128 0x55
ARM GAS  C:\Users\GRL\AppData\Local\Temp\ccXsl0nq.s 			page 34


 739 000c 17       		.uleb128 0x17
 740 000d 11       		.uleb128 0x11
 741 000e 01       		.uleb128 0x1
 742 000f 10       		.uleb128 0x10
 743 0010 17       		.uleb128 0x17
 744 0011 00       		.byte	0
 745 0012 00       		.byte	0
 746 0013 02       		.uleb128 0x2
 747 0014 24       		.uleb128 0x24
 748 0015 00       		.byte	0
 749 0016 0B       		.uleb128 0xb
 750 0017 0B       		.uleb128 0xb
 751 0018 3E       		.uleb128 0x3e
 752 0019 0B       		.uleb128 0xb
 753 001a 03       		.uleb128 0x3
 754 001b 0E       		.uleb128 0xe
 755 001c 00       		.byte	0
 756 001d 00       		.byte	0
 757 001e 03       		.uleb128 0x3
 758 001f 24       		.uleb128 0x24
 759 0020 00       		.byte	0
 760 0021 0B       		.uleb128 0xb
 761 0022 0B       		.uleb128 0xb
 762 0023 3E       		.uleb128 0x3e
 763 0024 0B       		.uleb128 0xb
 764 0025 03       		.uleb128 0x3
 765 0026 08       		.uleb128 0x8
 766 0027 00       		.byte	0
 767 0028 00       		.byte	0
 768 0029 04       		.uleb128 0x4
 769 002a 16       		.uleb128 0x16
 770 002b 00       		.byte	0
 771 002c 03       		.uleb128 0x3
 772 002d 0E       		.uleb128 0xe
 773 002e 3A       		.uleb128 0x3a
 774 002f 0B       		.uleb128 0xb
 775 0030 3B       		.uleb128 0x3b
 776 0031 05       		.uleb128 0x5
 777 0032 49       		.uleb128 0x49
 778 0033 13       		.uleb128 0x13
 779 0034 00       		.byte	0
 780 0035 00       		.byte	0
 781 0036 05       		.uleb128 0x5
 782 0037 35       		.uleb128 0x35
 783 0038 00       		.byte	0
 784 0039 49       		.uleb128 0x49
 785 003a 13       		.uleb128 0x13
 786 003b 00       		.byte	0
 787 003c 00       		.byte	0
 788 003d 06       		.uleb128 0x6
 789 003e 2E       		.uleb128 0x2e
 790 003f 01       		.byte	0x1
 791 0040 3F       		.uleb128 0x3f
 792 0041 19       		.uleb128 0x19
 793 0042 03       		.uleb128 0x3
 794 0043 0E       		.uleb128 0xe
 795 0044 3A       		.uleb128 0x3a
ARM GAS  C:\Users\GRL\AppData\Local\Temp\ccXsl0nq.s 			page 35


 796 0045 0B       		.uleb128 0xb
 797 0046 3B       		.uleb128 0x3b
 798 0047 0B       		.uleb128 0xb
 799 0048 27       		.uleb128 0x27
 800 0049 19       		.uleb128 0x19
 801 004a 11       		.uleb128 0x11
 802 004b 01       		.uleb128 0x1
 803 004c 12       		.uleb128 0x12
 804 004d 06       		.uleb128 0x6
 805 004e 40       		.uleb128 0x40
 806 004f 18       		.uleb128 0x18
 807 0050 9742     		.uleb128 0x2117
 808 0052 19       		.uleb128 0x19
 809 0053 01       		.uleb128 0x1
 810 0054 13       		.uleb128 0x13
 811 0055 00       		.byte	0
 812 0056 00       		.byte	0
 813 0057 07       		.uleb128 0x7
 814 0058 05       		.uleb128 0x5
 815 0059 00       		.byte	0
 816 005a 03       		.uleb128 0x3
 817 005b 0E       		.uleb128 0xe
 818 005c 3A       		.uleb128 0x3a
 819 005d 0B       		.uleb128 0xb
 820 005e 3B       		.uleb128 0x3b
 821 005f 0B       		.uleb128 0xb
 822 0060 49       		.uleb128 0x49
 823 0061 13       		.uleb128 0x13
 824 0062 02       		.uleb128 0x2
 825 0063 17       		.uleb128 0x17
 826 0064 00       		.byte	0
 827 0065 00       		.byte	0
 828 0066 08       		.uleb128 0x8
 829 0067 34       		.uleb128 0x34
 830 0068 00       		.byte	0
 831 0069 03       		.uleb128 0x3
 832 006a 0E       		.uleb128 0xe
 833 006b 3A       		.uleb128 0x3a
 834 006c 0B       		.uleb128 0xb
 835 006d 3B       		.uleb128 0x3b
 836 006e 0B       		.uleb128 0xb
 837 006f 49       		.uleb128 0x49
 838 0070 13       		.uleb128 0x13
 839 0071 00       		.byte	0
 840 0072 00       		.byte	0
 841 0073 09       		.uleb128 0x9
 842 0074 2E       		.uleb128 0x2e
 843 0075 00       		.byte	0
 844 0076 3F       		.uleb128 0x3f
 845 0077 19       		.uleb128 0x19
 846 0078 03       		.uleb128 0x3
 847 0079 0E       		.uleb128 0xe
 848 007a 3A       		.uleb128 0x3a
 849 007b 0B       		.uleb128 0xb
 850 007c 3B       		.uleb128 0x3b
 851 007d 0B       		.uleb128 0xb
 852 007e 27       		.uleb128 0x27
ARM GAS  C:\Users\GRL\AppData\Local\Temp\ccXsl0nq.s 			page 36


 853 007f 19       		.uleb128 0x19
 854 0080 49       		.uleb128 0x49
 855 0081 13       		.uleb128 0x13
 856 0082 11       		.uleb128 0x11
 857 0083 01       		.uleb128 0x1
 858 0084 12       		.uleb128 0x12
 859 0085 06       		.uleb128 0x6
 860 0086 40       		.uleb128 0x40
 861 0087 18       		.uleb128 0x18
 862 0088 9742     		.uleb128 0x2117
 863 008a 19       		.uleb128 0x19
 864 008b 00       		.byte	0
 865 008c 00       		.byte	0
 866 008d 0A       		.uleb128 0xa
 867 008e 05       		.uleb128 0x5
 868 008f 00       		.byte	0
 869 0090 03       		.uleb128 0x3
 870 0091 0E       		.uleb128 0xe
 871 0092 3A       		.uleb128 0x3a
 872 0093 0B       		.uleb128 0xb
 873 0094 3B       		.uleb128 0x3b
 874 0095 0B       		.uleb128 0xb
 875 0096 49       		.uleb128 0x49
 876 0097 13       		.uleb128 0x13
 877 0098 02       		.uleb128 0x2
 878 0099 18       		.uleb128 0x18
 879 009a 00       		.byte	0
 880 009b 00       		.byte	0
 881 009c 0B       		.uleb128 0xb
 882 009d 34       		.uleb128 0x34
 883 009e 00       		.byte	0
 884 009f 03       		.uleb128 0x3
 885 00a0 0E       		.uleb128 0xe
 886 00a1 3A       		.uleb128 0x3a
 887 00a2 0B       		.uleb128 0xb
 888 00a3 3B       		.uleb128 0x3b
 889 00a4 0B       		.uleb128 0xb
 890 00a5 49       		.uleb128 0x49
 891 00a6 13       		.uleb128 0x13
 892 00a7 02       		.uleb128 0x2
 893 00a8 17       		.uleb128 0x17
 894 00a9 00       		.byte	0
 895 00aa 00       		.byte	0
 896 00ab 0C       		.uleb128 0xc
 897 00ac 2E       		.uleb128 0x2e
 898 00ad 01       		.byte	0x1
 899 00ae 3F       		.uleb128 0x3f
 900 00af 19       		.uleb128 0x19
 901 00b0 03       		.uleb128 0x3
 902 00b1 0E       		.uleb128 0xe
 903 00b2 3A       		.uleb128 0x3a
 904 00b3 0B       		.uleb128 0xb
 905 00b4 3B       		.uleb128 0x3b
 906 00b5 0B       		.uleb128 0xb
 907 00b6 27       		.uleb128 0x27
 908 00b7 19       		.uleb128 0x19
 909 00b8 49       		.uleb128 0x49
ARM GAS  C:\Users\GRL\AppData\Local\Temp\ccXsl0nq.s 			page 37


 910 00b9 13       		.uleb128 0x13
 911 00ba 11       		.uleb128 0x11
 912 00bb 01       		.uleb128 0x1
 913 00bc 12       		.uleb128 0x12
 914 00bd 06       		.uleb128 0x6
 915 00be 40       		.uleb128 0x40
 916 00bf 18       		.uleb128 0x18
 917 00c0 9742     		.uleb128 0x2117
 918 00c2 19       		.uleb128 0x19
 919 00c3 00       		.byte	0
 920 00c4 00       		.byte	0
 921 00c5 00       		.byte	0
 922              		.section	.debug_loc,"",%progbits
 923              	.Ldebug_loc0:
 924              	.LLST0:
 925 0000 00000000 		.4byte	.LVL0
 926 0004 06000000 		.4byte	.LVL1
 927 0008 0100     		.2byte	0x1
 928 000a 50       		.byte	0x50
 929 000b 06000000 		.4byte	.LVL1
 930 000f 14000000 		.4byte	.LFE0
 931 0013 0400     		.2byte	0x4
 932 0015 F3       		.byte	0xf3
 933 0016 01       		.uleb128 0x1
 934 0017 50       		.byte	0x50
 935 0018 9F       		.byte	0x9f
 936 0019 00000000 		.4byte	0
 937 001d 00000000 		.4byte	0
 938              	.LLST1:
 939 0021 00000000 		.4byte	.LVL2
 940 0025 06000000 		.4byte	.LVL3
 941 0029 0100     		.2byte	0x1
 942 002b 50       		.byte	0x50
 943 002c 06000000 		.4byte	.LVL3
 944 0030 18000000 		.4byte	.LFE1
 945 0034 0400     		.2byte	0x4
 946 0036 F3       		.byte	0xf3
 947 0037 01       		.uleb128 0x1
 948 0038 50       		.byte	0x50
 949 0039 9F       		.byte	0x9f
 950 003a 00000000 		.4byte	0
 951 003e 00000000 		.4byte	0
 952              	.LLST2:
 953 0042 00000000 		.4byte	.LVL4
 954 0046 08000000 		.4byte	.LVL7
 955 004a 0100     		.2byte	0x1
 956 004c 50       		.byte	0x50
 957 004d 08000000 		.4byte	.LVL7
 958 0051 14000000 		.4byte	.LFE4
 959 0055 0400     		.2byte	0x4
 960 0057 F3       		.byte	0xf3
 961 0058 01       		.uleb128 0x1
 962 0059 50       		.byte	0x50
 963 005a 9F       		.byte	0x9f
 964 005b 00000000 		.4byte	0
 965 005f 00000000 		.4byte	0
 966              	.LLST3:
ARM GAS  C:\Users\GRL\AppData\Local\Temp\ccXsl0nq.s 			page 38


 967 0063 04000000 		.4byte	.LVL5
 968 0067 06000000 		.4byte	.LVL6
 969 006b 0B00     		.2byte	0xb
 970 006d 70       		.byte	0x70
 971 006e 00       		.sleb128 0
 972 006f 0A       		.byte	0xa
 973 0070 FFFF     		.2byte	0xffff
 974 0072 1A       		.byte	0x1a
 975 0073 20       		.byte	0x20
 976 0074 73       		.byte	0x73
 977 0075 00       		.sleb128 0
 978 0076 1A       		.byte	0x1a
 979 0077 9F       		.byte	0x9f
 980 0078 00000000 		.4byte	0
 981 007c 00000000 		.4byte	0
 982              	.LLST4:
 983 0080 08000000 		.4byte	.LVL8
 984 0084 0C000000 		.4byte	.LVL9
 985 0088 0100     		.2byte	0x1
 986 008a 50       		.byte	0x50
 987 008b 0C000000 		.4byte	.LVL9
 988 008f 14000000 		.4byte	.LFE5
 989 0093 0400     		.2byte	0x4
 990 0095 72       		.byte	0x72
 991 0096 00       		.sleb128 0
 992 0097 06       		.byte	0x6
 993 0098 9F       		.byte	0x9f
 994 0099 00000000 		.4byte	0
 995 009d 00000000 		.4byte	0
 996              		.section	.debug_aranges,"",%progbits
 997 0000 44000000 		.4byte	0x44
 998 0004 0200     		.2byte	0x2
 999 0006 00000000 		.4byte	.Ldebug_info0
 1000 000a 04       		.byte	0x4
 1001 000b 00       		.byte	0
 1002 000c 0000     		.2byte	0
 1003 000e 0000     		.2byte	0
 1004 0010 00000000 		.4byte	.LFB0
 1005 0014 14000000 		.4byte	.LFE0-.LFB0
 1006 0018 00000000 		.4byte	.LFB1
 1007 001c 18000000 		.4byte	.LFE1-.LFB1
 1008 0020 00000000 		.4byte	.LFB2
 1009 0024 10000000 		.4byte	.LFE2-.LFB2
 1010 0028 00000000 		.4byte	.LFB3
 1011 002c 10000000 		.4byte	.LFE3-.LFB3
 1012 0030 00000000 		.4byte	.LFB4
 1013 0034 14000000 		.4byte	.LFE4-.LFB4
 1014 0038 00000000 		.4byte	.LFB5
 1015 003c 14000000 		.4byte	.LFE5-.LFB5
 1016 0040 00000000 		.4byte	0
 1017 0044 00000000 		.4byte	0
 1018              		.section	.debug_ranges,"",%progbits
 1019              	.Ldebug_ranges0:
 1020 0000 00000000 		.4byte	.LFB0
 1021 0004 14000000 		.4byte	.LFE0
 1022 0008 00000000 		.4byte	.LFB1
 1023 000c 18000000 		.4byte	.LFE1
ARM GAS  C:\Users\GRL\AppData\Local\Temp\ccXsl0nq.s 			page 39


 1024 0010 00000000 		.4byte	.LFB2
 1025 0014 10000000 		.4byte	.LFE2
 1026 0018 00000000 		.4byte	.LFB3
 1027 001c 10000000 		.4byte	.LFE3
 1028 0020 00000000 		.4byte	.LFB4
 1029 0024 14000000 		.4byte	.LFE4
 1030 0028 00000000 		.4byte	.LFB5
 1031 002c 14000000 		.4byte	.LFE5
 1032 0030 00000000 		.4byte	0
 1033 0034 00000000 		.4byte	0
 1034              		.section	.debug_line,"",%progbits
 1035              	.Ldebug_line0:
 1036 0000 D0000000 		.section	.debug_str,"MS",%progbits,1
 1036      02004C00 
 1036      00000201 
 1036      FB0E0D00 
 1036      01010101 
 1037              	.LASF15:
 1038 0000 72656733 		.ascii	"reg32\000"
 1038      3200
 1039              	.LASF19:
 1040 0006 76616C75 		.ascii	"value\000"
 1040      6500
 1041              	.LASF20:
 1042 000c 4255434B 		.ascii	"BUCK_BOOST_EN_A_Read\000"
 1042      5F424F4F 
 1042      53545F45 
 1042      4E5F415F 
 1042      52656164 
 1043              	.LASF12:
 1044 0021 666C6F61 		.ascii	"float\000"
 1044      7400
 1045              	.LASF1:
 1046 0027 756E7369 		.ascii	"unsigned char\000"
 1046      676E6564 
 1046      20636861 
 1046      7200
 1047              	.LASF30:
 1048 0035 64725661 		.ascii	"drVal\000"
 1048      6C00
 1049              	.LASF5:
 1050 003b 6C6F6E67 		.ascii	"long unsigned int\000"
 1050      20756E73 
 1050      69676E65 
 1050      6420696E 
 1050      7400
 1051              	.LASF3:
 1052 004d 73686F72 		.ascii	"short unsigned int\000"
 1052      7420756E 
 1052      7369676E 
 1052      65642069 
 1052      6E7400
 1053              	.LASF28:
 1054 0060 47656E65 		.ascii	"Generated_Source\\PSoC4\\BUCK_BOOST_EN_A.c\000"
 1054      72617465 
 1054      645F536F 
 1054      75726365 
ARM GAS  C:\Users\GRL\AppData\Local\Temp\ccXsl0nq.s 			page 40


 1054      5C50536F 
 1055              	.LASF17:
 1056 0089 4255434B 		.ascii	"BUCK_BOOST_EN_A_Write\000"
 1056      5F424F4F 
 1056      53545F45 
 1056      4E5F415F 
 1056      57726974 
 1057              	.LASF13:
 1058 009f 646F7562 		.ascii	"double\000"
 1058      6C6500
 1059              	.LASF10:
 1060 00a6 75696E74 		.ascii	"uint16\000"
 1060      313600
 1061              	.LASF23:
 1062 00ad 706F7369 		.ascii	"position\000"
 1062      74696F6E 
 1062      00
 1063              	.LASF11:
 1064 00b6 75696E74 		.ascii	"uint32\000"
 1064      333200
 1065              	.LASF25:
 1066 00bd 696E7472 		.ascii	"intrCfg\000"
 1066      43666700 
 1067              	.LASF8:
 1068 00c5 756E7369 		.ascii	"unsigned int\000"
 1068      676E6564 
 1068      20696E74 
 1068      00
 1069              	.LASF7:
 1070 00d2 6C6F6E67 		.ascii	"long long unsigned int\000"
 1070      206C6F6E 
 1070      6720756E 
 1070      7369676E 
 1070      65642069 
 1071              	.LASF27:
 1072 00e9 474E5520 		.ascii	"GNU C11 5.4.1 20160609 (release) [ARM/embedded-5-br"
 1072      43313120 
 1072      352E342E 
 1072      31203230 
 1072      31363036 
 1073 011c 616E6368 		.ascii	"anch revision 237715] -mcpu=cortex-m0 -mthumb -g -O"
 1073      20726576 
 1073      6973696F 
 1073      6E203233 
 1073      37373135 
 1074 014f 73202D66 		.ascii	"s -ffunction-sections -ffat-lto-objects -finline-fu"
 1074      66756E63 
 1074      74696F6E 
 1074      2D736563 
 1074      74696F6E 
 1075 0182 6E637469 		.ascii	"nctions -flto -fno-strict-aliasing\000"
 1075      6F6E7320 
 1075      2D666C74 
 1075      6F202D66 
 1075      6E6F2D73 
 1076              	.LASF16:
 1077 01a5 4255434B 		.ascii	"BUCK_BOOST_EN_A_SetDriveMode\000"
ARM GAS  C:\Users\GRL\AppData\Local\Temp\ccXsl0nq.s 			page 41


 1077      5F424F4F 
 1077      53545F45 
 1077      4E5F415F 
 1077      53657444 
 1078              	.LASF18:
 1079 01c2 6D6F6465 		.ascii	"mode\000"
 1079      00
 1080              	.LASF6:
 1081 01c7 6C6F6E67 		.ascii	"long long int\000"
 1081      206C6F6E 
 1081      6720696E 
 1081      7400
 1082              	.LASF26:
 1083 01d5 6D61736B 		.ascii	"maskedStatus\000"
 1083      65645374 
 1083      61747573 
 1083      00
 1084              	.LASF14:
 1085 01e2 63686172 		.ascii	"char\000"
 1085      00
 1086              	.LASF24:
 1087 01e7 4255434B 		.ascii	"BUCK_BOOST_EN_A_ClearInterrupt\000"
 1087      5F424F4F 
 1087      53545F45 
 1087      4E5F415F 
 1087      436C6561 
 1088              	.LASF2:
 1089 0206 73686F72 		.ascii	"short int\000"
 1089      7420696E 
 1089      7400
 1090              	.LASF9:
 1091 0210 75696E74 		.ascii	"uint8\000"
 1091      3800
 1092              	.LASF21:
 1093 0216 4255434B 		.ascii	"BUCK_BOOST_EN_A_ReadDataReg\000"
 1093      5F424F4F 
 1093      53545F45 
 1093      4E5F415F 
 1093      52656164 
 1094              	.LASF4:
 1095 0232 6C6F6E67 		.ascii	"long int\000"
 1095      20696E74 
 1095      00
 1096              	.LASF0:
 1097 023b 7369676E 		.ascii	"signed char\000"
 1097      65642063 
 1097      68617200 
 1098              	.LASF29:
 1099 0247 443A5C56 		.ascii	"D:\\V-TE-PWR\\PDSS_SRC_SNK\\CYPD3171-24LQXQ_pb\\CYP"
 1099      2D54452D 
 1099      5057525C 
 1099      50445353 
 1099      5F535243 
 1100 0276 44333137 		.ascii	"D3171-24LQXQ_pb.cydsn\000"
 1100      312D3234 
 1100      4C515851 
 1100      5F70622E 
ARM GAS  C:\Users\GRL\AppData\Local\Temp\ccXsl0nq.s 			page 42


 1100      63796473 
 1101              	.LASF22:
 1102 028c 4255434B 		.ascii	"BUCK_BOOST_EN_A_SetInterruptMode\000"
 1102      5F424F4F 
 1102      53545F45 
 1102      4E5F415F 
 1102      53657449 
 1103              		.comm	__gnu_lto_v1,1,1
 1104              		.ident	"GCC: (GNU Tools for ARM Embedded Processors) 5.4.1 20160609 (release) [ARM/embedded-5-bran
