ARM GAS  C:\Users\prana\AppData\Local\Temp\ccgLZ1BZ.s 			page 1


   1              		.syntax unified
   2              		.cpu cortex-m0
   3              		.fpu softvfp
   4              		.eabi_attribute 20, 1
   5              		.eabi_attribute 21, 1
   6              		.eabi_attribute 23, 3
   7              		.eabi_attribute 24, 1
   8              		.eabi_attribute 25, 1
   9              		.eabi_attribute 26, 1
  10              		.eabi_attribute 30, 4
  11              		.eabi_attribute 34, 0
  12              		.eabi_attribute 18, 4
  13              		.thumb
  14              		.syntax unified
  15              		.file	"Clock_2.c"
  16              		.text
  17              	.Ltext0:
  18              		.section	.gnu.lto_.profile.b369bb6d,"",%progbits
  19 0000 789C6361 		.ascii	"x\234ca`d`a`\000\222r\222\000\000\277\000B"
  19      60646061 
  19      60009272 
  19      920000BF 
  19      0042
  20              		.text
  21              		.section	.gnu.lto_.icf.b369bb6d,"",%progbits
  22 0000 789C6361 		.ascii	"x\234ca`d\000\001\005\006\004`e\270~\365\303|n\306\206"
  22      60640001 
  22      05060460 
  22      65B87EF5 
  22      C37C6EC6 
  23 0015 B7334FF0 		.ascii	"\2673O\3603=\232\276\366\0067\363\207\023\267\017s\263"
  23      333D9ABE 
  23      F60637F3 
  23      8713B70F 
  23      73B3
  24 0027 CC6E9A37 		.ascii	"\314n\2327\205\207\001\000\005p\017\035"
  24      85870100 
  24      05700F1D 
  25              		.text
  26              		.section	.gnu.lto_.jmpfuncs.b369bb6d,"",%progbits
  27 0000 789C6361 		.ascii	"x\234ca`d\000\001q\006\004`e`dd\254\007\21231122\327"
  27      60640001 
  27      71060460 
  27      65606464 
  27      AC078A33 
  28 0019 D7333330 		.ascii	"\327330\260\000\205\001\026\322\001\263"
  28      B0008501 
  28      16D201B3 
  29              		.text
  30              		.section	.gnu.lto_.inline.b369bb6d,"",%progbits
  31 0000 789C458B 		.ascii	"x\234E\213\261\015\2000\014\004\337\316\007B(`\003("
  31      B10D8030 
  31      0C04DFCE 
  31      07422860 
  31      0328
  32 0012 10E33013 		.ascii	"\020\3430\023#PRf\016\246`$l!\310\027\226\375\347#\004"
  32      23505266 
ARM GAS  C:\Users\prana\AppData\Local\Temp\ccgLZ1BZ.s 			page 2


  32      0EA66024 
  32      6C21C817 
  32      96FDE723 
  33 0027 9E1D3511 		.ascii	"\236\0355\021\350V\021\314\206B\272N\242)\223\202e\242"
  33      E85611CC 
  33      8642BA4E 
  33      A2299382 
  33      65A2
  34 0039 6341BB08 		.ascii	"cA\273\010\264\002\213\242\317\242\030\315\220d\203"
  34      B4028BA2 
  34      CFA218CD 
  34      906483
  35 0048 F9D85EA8 		.ascii	"\371\330^\250\367@W\223\277\005D\232j\347o\022A\255"
  35      F7405793 
  35      BF05449A 
  35      6AE76F12 
  35      41AD
  36 005a B2ED6BF0 		.ascii	"\262\355k\360\000t\\\014$"
  36      00745C0C 
  36      24
  37              		.text
  38              		.section	.gnu.lto_.pureconst.b369bb6d,"",%progbits
  39 0000 789C6361 		.ascii	"x\234ca`d\340f```e\220b\224b\222b\226ba\000\000\003"
  39      6064E066 
  39      60606065 
  39      90629462 
  39      92629662 
  40 0018 E40088   		.ascii	"\344\000\210"
  41              		.text
  42              		.section	.gnu.lto_Clock_2_StartEx.b369bb6d,"",%progbits
  43 0000 789C5551 		.ascii	"x\234UQMk\023a\020\236\347\375\330l\355\307/\350\241"
  43      4D6B1361 
  43      109EE7FD 
  43      D86CEDC7 
  43      2FE8A1
  44 0013 82507A50 		.ascii	"\202PzPA\374\003\022\321k\261\327B)i\220\332\320@Q\257"
  44      41FC0312 
  44      D16BB1D7 
  44      42296990 
  44      DAD04051 
  45 0028 BEC9EE36 		.ascii	"\276\311\3566*\036\204b\017\241%(H[\265\246\261'\361"
  45      2A1E8462 
  45      0FA12528 
  45      485BB5A6 
  45      B127F1
  46 003b 12232208 		.ascii	"\022#\"\010Fz\261\027\017~\340\036<%ZE\2546\316ds\260"
  46      467AB117 
  46      0F7EE01E 
  46      3C255A45 
  46      AC36CE64 
  47 0051 033BF3CE 		.ascii	"\003;\363\316\360\314\314\363\314\032\002\211\015)\242"
  47      F0CCCCF3 
  47      CC1A0289 
  47      0D29A2
  48 0060 931CCFF1 		.ascii	"\223\034\317\361\007\217\240n7\211\012\276\202N\036"
  48      078FA06E 
  48      37890ABE 
ARM GAS  C:\Users\prana\AppData\Local\Temp\ccgLZ1BZ.s 			page 3


  48      824E1E
  49 006f 5AD95BAF 		.ascii	"Z\331[\257\210\334\021\023\246\310\015\330\244~\306"
  49      88DC1113 
  49      A6C80DD8 
  49      A47EC6
  50 007e 00129D0F 		.ascii	"\000\022\235\017\272\246\2645`O\211\375P\177\025\032"
  50      BAA6B435 
  50      604F89FD 
  50      507F151A 
  51 008e A5F8A91A 		.ascii	"\245\370\251\032[sl\037\276,i\267^G\304\200\216J0X\303"
  51      5B736C1F 
  51      BE2C69B7 
  51      5E47C480 
  51      8E4A3058 
  52 00a3 18A376C2 		.ascii	"\030\243v\302\255\025\275\247\"\015\030N\333o\312\237"
  52      AD15BDA7 
  52      220D184E 
  52      DB6FCA9F 
  53 00b3 87245518 		.ascii	"\207$U\030\341\364\306\213\237\317\215>\006\342w\355"
  53      E1F4C68B 
  53      9FCF8D3E 
  53      06E277ED 
  54 00c3 7B251E1C 		.ascii	"{%\036\034\275\357\\\321\271\375\031\327\027i\215\007"
  54      BDEF5CD1 
  54      B9FD19D7 
  54      17698D07 
  55 00d3 D03C0F1B 		.ascii	"\320<\017\033\030\306:\206\211K\204\207\030\025\370"
  55      18C63A86 
  55      894B8487 
  55      1815F8
  56 00e2 A7DAC19D 		.ascii	"\247\332\301\235A/\224\365#\311R<\202'\212\253\027\352"
  56      412F94F5 
  56      23C9523C 
  56      82278AAB 
  56      17EA
  57 00f4 AED3095C 		.ascii	"\256\323\011\\\275f7\265\257\270\313hv\254@z\255\344"
  57      BD6637B5 
  57      AFB8CB68 
  57      76AC407A 
  57      ADE4
  58 0106 9E38A216 		.ascii	"\2368\242\026\267\261\346\226R\034t\233\365\261b\035"
  58      B7B1E696 
  58      521C749B 
  58      F5B1621D 
  59 0116 A3F1FBE6 		.ascii	"\243\361\373\346\273\227Z\346\005Z\244.G\215\267)a\355"
  59      BB975AE6 
  59      055AA42E 
  59      478DB729 
  59      61ED
  60 0128 7599DEBB 		.ascii	"u\231\336\273\273\277k\223\324\271\320\211\256R\264"
  60      BBBF6B93 
  60      D4B9D089 
  60      AE52B4
  61 0137 B33150C1 		.ascii	"\2631P\301j!\344#\244\360\230\011o2aB\025\025P\214\342"
  61      6A21E423 
  61      A4F09809 
  61      6F326142 
ARM GAS  C:\Users\prana\AppData\Local\Temp\ccgLZ1BZ.s 			page 4


  61      1515508C 
  62 014c B7D21F2F 		.ascii	"\267\322\037/\031\250y&}D\330\014.\365\012\377o\260"
  62      19A87926 
  62      7D44D80C 
  62      2EF50AFF 
  62      6FB0
  63 015e 206C4927 		.ascii	" lI'\011=K\374g\320VF\370\305\010Z\213\315\330&]6\320"
  63      093D4BFC 
  63      67D05646 
  63      F8C5085A 
  63      8BCDD826 
  64 0175 B2B8FC6C 		.ascii	"\262\270\374l\357u\227\213\017\0375nd\324\257\305\367"
  64      EF75978B 
  64      0F1F356E 
  64      64D4AFC5 
  64      F7
  65 0186 BD5D8293 		.ascii	"\275]\202\223\351\007\327\313J@\006r/\037O\272\300\306"
  65      E907D7CB 
  65      4A400672 
  65      2F1F4FBA 
  65      C0C6
  66 0198 72BB7A5C 		.ascii	"r\273z\\\200\207\004\024\234\353?\254a\2335\360,\372"
  66      80870414 
  66      9CEB3FAC 
  66      619B35F0 
  66      2CFA
  67 01aa 8A627DB7 		.ascii	"\212b}\267\273\276G\017L\213Ox\364|v>\2730}9;35\221"
  67      BBBE470F 
  67      4C8B4F78 
  67      F47C763E 
  67      BB307D39 
  68 01c2 BFB290C9 		.ascii	"\277\262\220\311N\216O\344\323\247'\323\271|fn\352\324"
  68      4E8E4FE4 
  68      D3A727D3 
  68      B97C666E 
  68      EAD4
  69 01d4 890CF54F 		.ascii	"\211\014\365O\347f/\316\247ssgg\257\376\003\031b\300"
  69      E7662FCE 
  69      A7737367 
  69      67AFFE03 
  69      1962C0
  70 01e7 BD       		.ascii	"\275"
  71              		.text
  72              		.section	.gnu.lto_Clock_2_Stop.b369bb6d,"",%progbits
  73 0000 789C5550 		.ascii	"x\234UP\277K\202Q\024\275\347\275\367\251\224\375\007"
  73      BF4B8251 
  73      14BDE7BD 
  73      F7A994FD 
  73      07
  74 0011 0E45934B 		.ascii	"\016E\223KD4\264\206\220k\344*H\330\267\364K\220\232"
  74      4434B486 
  74      906BE42A 
  74      48D8B7F4 
  74      4B909A
  75 0024 7BEAF721 		.ascii	"{\352\367!DC\0155\025R\213\332O\032\203\006si3$\310"
  75      44430D35 
  75      15528BDA 
ARM GAS  C:\Users\prana\AppData\Local\Temp\ccgLZ1BZ.s 			page 5


  75      4F1A8306 
  75      73693324 
  76 0039 B5821C22 		.ascii	"\265\202\034\"H\303\226~\331}|\016u\341\336\373\336"
  76      48C3967E 
  76      D97D7C0E 
  76      75E1DEFB 
  76      DE
  77 004a 7DE79D73 		.ascii	"}\347\235s\270\212@&\226\270\015s\237\342\204\217 6"
  77      B88A4026 
  77      96B80D73 
  77      9FE2848F 
  77      2036
  78 005c 6B449980 		.ascii	"kD\231\200\200\364\016RX\033\327D\272O9~\322A\313\233"
  78      80F40E52 
  78      581BD744 
  78      BA4F397E 
  78      D241CB9B 
  79 0070 4F2AC074 		.ascii	"O*\300t\035\000\255\011i)p%/\336\305\267@5\337\274\020"
  79      1D00AD09 
  79      69297025 
  79      2FDEC5B7 
  79      4035DFBC 
  80 0085 E1A2E6B8 		.ascii	"\341\242\346\270\177z\035\325\245\012\\\006t\205\207"
  80      7F7A1DD5 
  80      A50A5C06 
  80      748587
  81 0094 41116162 		.ascii	"A\021ab\330\343\371\317\366\200\3171\260A\357\021%\370"
  81      D8E3F9CF 
  81      F680CF31 
  81      B041EF11 
  81      25F8
  82 00a6 8CB3B399 		.ascii	"\214\263\263\231\212\356vs\272\262\345\277\272\363["
  82      8AEE7673 
  82      BAB2E5BF 
  82      BAF35B
  83 00b5 825C09C9 		.ascii	"\202\\\011\311\2051-N6\323\022\202\233l\2630[\221MT"
  83      85312D4E 
  83      36D31282 
  83      9B6CB330 
  83      5B914D54 
  84 00c9 3FD69BBB 		.ascii	"?\326\233\273\023\206 '\215\207\035\267z\343\357\010"
  84      13862027 
  84      8D871DB7 
  84      7AE3EF08 
  85 00d9 574A18AD 		.ascii	"WJ\030\255\203\375\317\206\345]\265v\264\342Q\336\255"
  85      83FDCF86 
  85      E55DB576 
  85      B4E251DE 
  85      AD
  86 00ea 978305EC 		.ascii	"\227\203\005\354e\034v\247p\210\020\312\010\261\211"
  86      651C76A7 
  86      708810CA 
  86      08B189
  87 00f9 2314404D 		.ascii	"#\024@Md\337\362_>\217P2'=\300\251\345\346{\203\277"
  87      64DFF25F 
  87      3E8F5032 
  87      273DC0A9 
ARM GAS  C:\Users\prana\AppData\Local\Temp\ccgLZ1BZ.s 			page 6


  87      E5E67B83 
  88 010e 0A028463 		.ascii	"\012\002\204c\363\223\214=\213xeh\013e\374\261\257N"
  88      F3938C3D 
  88      8B786568 
  88      0B65FCB1 
  88      AF4E
  89 0120 EBA56E99 		.ascii	"\353\245n\231_\377$3Z\367\377W=aU\206\334f\363\227\312"
  89      5FFF2433 
  89      5AF7FF57 
  89      3D615586 
  89      DC66F397 
  90 0135 B0026631 		.ascii	"\260\002f1\012\247\374\372\214l\245\0215$=\02109/b("
  90      0AA7FCFA 
  90      8C6CA511 
  90      35243D11 
  90      30392F62 
  91 014a 6A2FDBE9 		.ascii	"j/\333\351\331\025{.\021K\255\246\223v|:\226\212\214"
  91      D9157B2E 
  91      114BADA6 
  91      93767C3A 
  91      968A8C
  92 015d C7238BA9 		.ascii	"\307#\213\251\344Bbl$I\277\034\367\214x"
  92      E442626C 
  92      2449BF1C 
  92      F78C78
  93              		.text
  94              		.section	.gnu.lto_Clock_2_SetFractionalDividerRegister.b369bb6d,"",%progbits
  95 0000 789C6D52 		.ascii	"x\234mRMHTQ\024\276\347\336\2317\317\231qt\031\344\302"
  95      4D485451 
  95      14BEE7DE 
  95      9937CF99 
  95      717419E4 
  96 0015 20113765 		.ascii	" \0217e?\2136\265Q\012j\023\011\256\004\031\306!\304"
  96      3F8B36B5 
  96      510A6A13 
  96      09AE0419 
  96      C621C4
  97 0028 C981D1DA 		.ascii	"\311\201\321\332z\307\2317\326P$A\222\222\270\020\363"
  97      7AC79937 
  97      D6502441 
  97      9292B810 
  97      F3
  98 0039 379DC97E 		.ascii	"7\235\311~4\205^\003\266\0203\022\255\235\205\311\004"
  98      34855E03 
  98      B6103312 
  98      AD9D85C9 
  98      04
  99 004a 12358A65 		.ascii	"\0225\212e\210:\235\363\356\330\017t\341\335{\317y\337"
  99      883A9DF3 
  99      EED80F74 
  99      E1DD7BCF 
  99      79DF
 100 005c F79DBF6B 		.ascii	"\367\235\277kc\300h5\011\306.\340y\020?\020\014x\373"
 100      63C06835 
 100      09C62EE0 
 100      79103F10 
 100      0C78FB
ARM GAS  C:\Users\prana\AppData\Local\Temp\ccgLZ1BZ.s 			page 7


 101 006f 3C63619D 		.ascii	"<ca\235\003\320E\352\300Z8\264\300w\276\313!\325\226"
 101      03D045EA 
 101      C05A38B4 
 101      C077BECB 
 101      21D596
 102 0082 9EE465FD 		.ascii	"\236\344e\375\022\327\307\231\336cr\300\004\003\351"
 102      12D7C799 
 102      DE6372C0 
 102      0403E9
 103 0091 596E2931 		.ascii	"Yn)1\350\2072D\315d\267\314\202Mn\010\000\"-d\346\272"
 103      E8873244 
 103      CD64B7CC 
 103      824D6E08 
 103      00222D64 
 104 00a7 5D647228 		.ascii	"]dr(D3\266\361~\325-\016\003\303\373p\342E\274\240\264"
 104      4433B6F1 
 104      7ED52D0E 
 104      03C3FB70 
 104      E245BCA0 
 105 00bc 4FCA5629 		.ascii	"O\312V)\227\274\322n\010\001C P\017\006\241\010\006"
 105      97BCD26E 
 105      08014320 
 105      500F06A1 
 105      0806
 106 00ce A088A18B 		.ascii	"\240\210\241\213\3010\224\"\272-\371\340\216G\034\265"
 106      C1309422 
 106      BA2DF9E0 
 106      8E471CB5 
 107 00de 987DD7B7 		.ascii	"\230}\327\267G \307\354|\345\222\345\206\260\301\210"
 107      4720C7EC 
 107      7CE592E5 
 107      86B0C188 
 108 00ee A29E2882 		.ascii	"\242\236(\202r\"\332\030<\204RB\277\215&\356\013\225"
 108      7222DA18 
 108      3C845242 
 108      BF8D26EE 
 108      0B95
 109 0100 910DCDF5 		.ascii	"\221\015\315\365\327]\237<*\243b4\277~^\276\235/N[\272"
 109      D75D9F3C 
 109      2AA36234 
 109      BF7E5EBE 
 109      9D2F4E5B 
 110 0115 DFEEC9C2 		.ascii	"\337\356\311\302\222^\2225\307\343\236NiF\213\015a\207"
 110      925E9235 
 110      C7E39E4E 
 110      69468B0D 
 110      6187
 111 0127 84521EC3 		.ascii	"\204R\036\303\244F1)Z\010\036\233N,qQi\021Go%G\265\034"
 111      A4463129 
 111      5A081E9B 
 111      4E2C7151 
 111      6911476F 
 112 013f 3331EB96 		.ascii	"31\353\226\355a\235\210\217\376K\\I\356\335\315\327"
 112      ED619D88 
 112      8FFE4B5C 
 112      49EEDDCD 
 112      D7
ARM GAS  C:\Users\prana\AppData\Local\Temp\ccgLZ1BZ.s 			page 8


 113 0150 A2D4C762 		.ascii	"\242\324\307b\030\207\022HB\211\352\"<\006\015\347\302"
 113      18871248 
 113      4289EA22 
 113      3C060DE7 
 113      C2
 114 0161 F7BD6397 		.ascii	"\367\275c\227L\231\315F\244\331\343|\271\343\364p,K"
 114      4C99CD46 
 114      A4D9E37C 
 114      B9E3F470 
 114      2C4B
 115 0173 C386E05F 		.ascii	"\303\206\340_\033P[\354\344\320hs\320\246\003\225\234"
 115      1B505BEC 
 115      E4D06873 
 115      D0A60395 
 115      9C
 116 0184 4757276D 		.ascii	"GW'm.\332\334\314\322g\031\014@3]\347\234N\221\206\324"
 116      2EDADCCC 
 116      D267190C 
 116      40335DE7 
 116      9C4E9186 
 117 0199 76FCC7E0 		.ascii	"v\374\307\340\031\212\031\0214\252\016#\365\306A\215"
 117      198A1911 
 117      34AA0E23 
 117      F5C6418D 
 118 01a9 715835DD 		.ascii	"qX5\335\230\330\273)\224)\243QI\255\233_\373\320\334"
 118      98D8BB29 
 118      9429A351 
 118      49AD9B5F 
 118      FBD0DC
 119 01bc 03DDE128 		.ascii	"\003\335\341(\016^\207\247X\326\023*\013\236A\017\260"
 119      0E5E87A7 
 119      58D6132A 
 119      0B9E410F 
 119      B0
 120 01cd 34447662 		.ascii	"4Dvb_@\351\011%\271\0317\266,\015\015\0340\201\330\025"
 120      5F40E909 
 120      25B91937 
 120      B62C0D0D 
 120      1C3081D8 
 121 01e2 E0569158 		.ascii	"\340V\221X\002\202\220\323\272\321\366n\250Z\221\354"
 121      028290D3 
 121      BAD1F66E 
 121      A85A91EC 
 122 01f2 119C1ACA 		.ascii	"\021\234\032\312dbs\007\224\207\234(\3235\2659k'\231"
 122      64627307 
 122      94879C28 
 122      D335B539 
 122      6B2799
 123 0205 3CD06112 		.ascii	"<\320a\022e\020\36436?T\243P\016+\236\246\324\226\367"
 123      6510F433 
 123      363F54A3 
 123      500E2B9E 
 123      A6D496F7 
 124 0219 D5F22242 		.ascii	"\325\362\"BWj\213\271\244\234\350\244w\274\221\350w"
 124      576A8BB9 
 124      A49CE8A4 
 124      77BC91E8 
ARM GAS  C:\Users\prana\AppData\Local\Temp\ccgLZ1BZ.s 			page 9


 124      77
 125 022a 2B3501CF 		.ascii	"+5\001\317\225\332Nl5\027\322\2058\232\256\261:\250"
 125      95DA4E6C 
 125      3517D285 
 125      389AAEB1 
 125      3AA8
 126 023c ABCCB300 		.ascii	"\253\314\263\000S\177b\236R0\267\025\326\365\273\240"
 126      537F629E 
 126      5230B715 
 126      D6F5BBA0 
 127 024c 2415E446 		.ascii	"$\025\344FP\252c}y\301N\276\277\033\026\226\322\365"
 127      50AA637D 
 127      79C14EBE 
 127      BF1B1696 
 127      D2F5
 128 025e 6FCFA6B1 		.ascii	"o\317\246\261g\304X\203Vs\367<\341\255\367\221\341@"
 128      67C45883 
 128      5673F73C 
 128      E1ADF791 
 128      E140
 129 0270 E3C1611D 		.ascii	"\343\301a\035:\347o\364\207\274\315\376\272\332\252"
 129      3AE76FF4 
 129      87BCCDFE 
 129      BADAAA
 130 027f E0D590CF 		.ascii	"\340\325\220\317_s\261*Xq\262\246\"\020\3645\324\036"
 130      5F73B12A 
 130      5871B2A6 
 130      2210F435 
 130      D41E
 131 0291 3FE2634E 		.ascii	"?\342cN_\240\241\262\376Z}\235?\224\217\327\263!\257"
 131      5FA0A1B2 
 131      FE5A7D9D 
 131      3F948FD7 
 131      B321AF
 132 02a4 AFB93ED8 		.ascii	"\257\271>\330\350\015h!\377\345jo\300q\305\333\324\200"
 132      E80D6821 
 132      FFE56A6F 
 132      C071C5DB 
 132      D480
 133 02b6 E72FC5B9 		.ascii	"\347/\305\2716'"
 133      3627
 134              		.text
 135              		.section	.gnu.lto_Clock_2_GetDividerRegister.b369bb6d,"",%progbits
 136 0000 789C2D90 		.ascii	"x\234-\220\261KBQ\024\306\317w\357\323\004\211\332s"
 136      B14B4251 
 136      14C6CF77 
 136      EFD30489 
 136      DA73
 137 0012 285A7269 		.ascii	"(Zri\010\377\201\020j\215\\\005\011{S\221 6{\365\275"
 137      08FF8110 
 137      6A8D5C05 
 137      097B5391 
 137      20367BF5 
 138 0027 47140D2D 		.ascii	"G\024\015-5\004\342\022XVJ[\324bBK\204AA\264\025\021"
 138      3504E212 
 138      58564A5B 
 138      D462424B 
ARM GAS  C:\Users\prana\AppData\Local\Temp\ccgLZ1BZ.s 			page 10


 138      844141B4 
 139 003d 0E4E2646 		.ascii	"\016N&F\020\344\353\034\354\302\271\347~\367~\347\234"
 139      10E4EB1C 
 139      ECC2B9E7 
 139      7EF77EE7 
 139      9C
 140 004e 1FD72290 		.ascii	"\037\327\"\220\254\030\247i\316\023\034\320\004\265"
 140      AC18A769 
 140      CE131CD0 
 140      04B5
 141 005c D7222A84 		.ascii	"\327\"*\204\024 \007\023\002\345\025\362\370R\277\012"
 141      14200713 
 141      02E515F2 
 141      F852BF0A 
 142 006c B7FE7763 		.ascii	"\267\376wc\254\257<\261\261|\354\336\227\302\"\201q"
 142      ACAF3CB1 
 142      B17CECDE 
 142      97C22281 
 142      71
 143 007d 96D5A37A 		.ascii	"\226\325\243z/\024\255\030S4o\336\325|\301\361f<\255"
 143      2F14AD18 
 143      53346FDE 
 143      D57CC1F1 
 143      663CAD
 144 0090 C8578463 		.ascii	"\310W\204cDPADF\234 Jl~\277\030\354\217\006]\303kR,"
 144      44504144 
 144      469C204A 
 144      6C7EBF18 
 144      EC8F065D 
 145 00a8 FC524550 		.ascii	"\374REP\220\352\313\015\343\373\216i<\205o^\302\001"
 145      90EACB0D 
 145      E3FB8E69 
 145      3C856F5E 
 145      C201
 146 00ba 90A7B596 		.ascii	"\220\247\265\226\315\"iG]\016A\373TJ\262n\243\371\263"
 146      CD226947 
 146      5D0E41FB 
 146      544AB26E 
 146      A3F9B3
 147 00cd F35C4B4A 		.ascii	"\363\\KJ\275\2435\367>\360\232\017#\302eAFm_\016v\365"
 147      BDA335F7 
 147      3EF09A0F 
 147      23C26541 
 147      466D5F0E 
 148 00e3 501AD735 		.ascii	"P\032\3275\026_\265:\257\2712J\005\027\236\016\340\214"
 148      165FB53A 
 148      AFB9324A 
 148      05179E0E 
 148      E08C
 149 00f5 E94E850E 		.ascii	"\351N\205\016\347(\203\332pz\013\344h\014\273\035^\367"
 149      E72883DA 
 149      707A0BE4 
 149      680CBB1D 
 149      5EF7
 150 0107 EF02521E 		.ascii	"\357\002R\036D\0105\266\265Q\354m}`8\317b\037u\240\376"
 150      440835B6 
 150      B551EC6D 
ARM GAS  C:\Users\prana\AppData\Local\Temp\ccgLZ1BZ.s 			page 11


 150      7D6038CF 
 150      621F75A0 
 151 011c 95FC6857 		.ascii	"\225\374hWA\300\030sj\321\336\260\263+9{5\225\310lf"
 151      41C01873 
 151      6AD1DEB0 
 151      B32B397B 
 151      3595C86C 
 152 0131 D3767229 		.ascii	"\323vr)\221\211\307\222\361\365Lz-57\233\246?t\325t"
 152      9189C792 
 152      F1F54C7A 
 152      2D35379B 
 152      A63F74D5 
 153 0146 D8       		.ascii	"\330"
 154              		.text
 155              		.section	.gnu.lto_Clock_2_GetFractionalDividerRegister.b369bb6d,"",%progbits
 156 0000 789C6361 		.ascii	"x\234ca`d\000\201i@\254\014\304\322@\314\310\314\300"
 156      60640081 
 156      6940AC0C 
 156      C4D240CC 
 156      C8CCC0
 157 0013 C834E11C 		.ascii	"\3104\341\034\003C#\007\023##\210\321\300\301\310P\317"
 157      03432307 
 157      13232388 
 157      D1C0C1C8 
 157      50CF
 158 0025 C458CFF8 		.ascii	"\304X\317\370\225\351/\023\343\351\357'z\2704\22774"
 158      95E92F13 
 158      E3E9EF27 
 158      7AB83497 
 158      3734
 159 0037 34353C38 		.ascii	"45<8\372\330r\372\212\003\214\255\314\014\014\377\231"
 159      FAD872FA 
 159      8A038CAD 
 159      CC0C0CFF 
 159      99
 160 0048 18188D65 		.ascii	"\030\030\215e\030\015d@F,g\324d\000*}\264\361\337T^"
 160      180D6440 
 160      462C67D4 
 160      64002A7D 
 160      B4F1DF54 
 161 005d B6960620 		.ascii	"\266\226\006 P\000)\000\312\254`d\003Y\271>\350@\303"
 161      50002900 
 161      CAAC6064 
 161      0359B93E 
 161      E840C3
 162 0070 FFFFCD0D 		.ascii	"\377\377\315\015\007\346\363\035\334\307\007\224\371"
 162      07E6F31D 
 162      DCC70794 
 162      F9
 163 007d 00C420BB 		.ascii	"\000\304 \273>21\201h\346W\214M\007v\367\361\201\324"
 163      3E323181 
 163      68E6578C 
 163      4D0776F7 
 163      F181D4
 164 0090 030D9AD6 		.ascii	"\003\015\232\326z\350<\373\027&\240=\214\014\214+\031"
 164      7AE83CFB 
 164      1726A03D 
ARM GAS  C:\Users\prana\AppData\Local\Temp\ccgLZ1BZ.s 			page 12


 164      8C0C8C2B 
 164      19
 165 00a1 41760075 		.ascii	"Av\000u0\202T\002\365)\272\247\346\245\026%\226\244"
 165      30825402 
 165      F529BAA7 
 165      E6A51625 
 165      96A4
 166 00b3 A6C407E7 		.ascii	"\246\304\007\347\227\026%\247\306\004\004\347;\233\304"
 166      971625A7 
 166      C60404E7 
 166      3B9BC4
 167 00c2 38E7E427 		.ascii	"8\347\344'g\307\033\351%3\000\000\021\277C\031"
 167      67C71BE9 
 167      25330000 
 167      11BF4319 
 168              		.text
 169              		.section	.gnu.lto_.symbol_nodes.b369bb6d,"",%progbits
 170 0000 789C6361 		.ascii	"x\234ca`d\010g\000\002&\206z\006\206\011\347\030@\324"
 170      60640867 
 170      00022686 
 170      7A068609 
 170      E71840D4 
 171 0014 AE0645A0 		.ascii	"\256\006E\240\000c=#\252\000S=\023\252\000s=3\252\000"
 171      00633D23 
 171      AA00533D 
 171      13AA0073 
 171      3D33AA00 
 172 0028 4B3D0B8A 		.ascii	"K=\013\212\000\003\000U/\023\016"
 172      00030055 
 172      2F130E
 173              		.text
 174              		.section	.gnu.lto_.refs.b369bb6d,"",%progbits
 175 0000 789C6361 		.ascii	"x\234ca`\004B \000\000\0009\000\007"
 175      60044220 
 175      00000039 
 175      0007
 176              		.text
 177              		.section	.gnu.lto_.decls.b369bb6d,"",%progbits
 178 0000 789C8D54 		.ascii	"x\234\215ToLSW\024\277\347\275\266\322G\021C\314B\\"
 178      6F4C5357 
 178      14BFE7BD 
 178      B6D24711 
 178      43CC425C 
 179 0014 B3306380 		.ascii	"\2630c\200\354\003\016X\226}Y\262\004'\3734\227\221"
 179      EC030E58 
 179      967D59B2 
 179      0427FB34 
 179      9791
 180 0026 F1C98460 		.ascii	"\361\311\204`}\272f\204\232R\227\371i72\027\234n\201"
 180      7DBA6684 
 180      9A5297F9 
 180      69373217 
 180      9C6E81
 181 0039 0F74D680 		.ascii	"\017t\326\200s\022]+((TAg\355P\001\201:\376\310\262"
 181      73125D2B 
 181      28285441 
 181      67ED5001 
ARM GAS  C:\Users\prana\AppData\Local\Temp\ccgLZ1BZ.s 			page 13


 181      813AFEC8 
 182 004e CD4C3A19 		.ascii	"\315L:\031\3116\235\353\324\351\300\311\333\271\367"
 182      C9369DEB 
 182      D4E9C0C9 
 182      DBB9F7
 183 005d BDD7F78A 		.ascii	"\275\327\367\212m\262\233w\336}\367\274s\316\357w\376"
 183      6DB29B77 
 183      DE7DF7BC 
 183      73CEEF77 
 183      FE
 184 006e E45A0810 		.ascii	"\344Z\010\020\266\266\331\010\371\035\367:<*\270\360"
 184      B6B6D908 
 184      F91DF73A 
 184      3C2AB8F0 
 185 007e 48AA89B1 		.ascii	"H\252\211\261\254(a\224~\224a\224Q\224\030yz1\033\273"
 185      AC286194 
 185      7E946194 
 185      51941879 
 185      7A311BBB 
 186 0092 E69B87B2 		.ascii	"\346\233\207\262\032\245\033\245\010e\002e\006\345:"
 186      1AA51BA5 
 186      08650265 
 186      06E53A
 187 00a1 CA26CD1E 		.ascii	"\312&\315\0364\237\345\253_\303\254N\343\253\373\365"
 187      349FE5AB 
 187      5FC3AC4E 
 187      E3ABFBF5 
 188 00b1 A7F163DC 		.ascii	"\247\361c\334\244e\370\227P\"&\036\3518\014\247\211"
 188      A465F897 
 188      5022261E 
 188      E9380CA7 
 188      89
 189 00c2 C5725CB1 		.ascii	"\305r\\\261,N&\377\3214\3761\355_\304d\227\256fO\004"
 189      2C4E26FF 
 189      D134FE31 
 189      ED5FC464 
 189      97AE664F 
 190 00d7 50DA4F06 		.ascii	"P\332O\006\3557\340\007\020@k\010\001P\337\300\205\250"
 190      ED37E007 
 190      10406B08 
 190      0150DFC0 
 190      85A8
 191 00e9 C28FF821 		.ascii	"\302\217\370!\3607I\252\222\033ao\242\332s\235\021\214"
 191      F03749AA 
 191      921B616F 
 191      A2DA739D 
 191      118C
 192 00fb 3FFAAEE8 		.ascii	"?\372\256\350\213\0071\242\203\346\004I\006\252\227"
 192      8B0731A2 
 192      83E60449 
 192      06AA97
 193 010a FA5FD0CC 		.ascii	"\372_\320\314\210\032\\0\034L\361T\272&N\220\232\023"
 193      881A5C30 
 193      1C4CF154 
 193      BA264E90 
 193      9A13
 194 011c E849FFB5 		.ascii	"\350I\377\265\177\356\357,\021c\342\367\354BpcI\027"
ARM GAS  C:\Users\prana\AppData\Local\Temp\ccgLZ1BZ.s 			page 14


 194      7FEEEF2C 
 194      1163E2F7 
 194      EC427063 
 194      4917
 195 012e C5D54CA9 		.ascii	"\305\325L\251\360\202Q\231\237FB\235\342\003\001\212"
 195      F0825199 
 195      9F46429D 
 195      E203018A 
 196 013e 2460E173 		.ascii	"$`\341sQ\325}g`!GU1\213\321\331\371{v\361Y\376=\371"
 196      51D57D67 
 196      60214755 
 196      318BD1D9 
 196      F97B76F1 
 197 0156 514F1BB3 		.ascii	"QO\033\263\316\223\300\302\020b\007\347V\342q\265\004"
 197      CE93C0C2 
 197      106207E7 
 197      56E271B5 
 197      04
 198 0167 054F0461 		.ascii	"\005O\004a*pg\326\006Rq\023\245\273is#\315{\203\300"
 198      2A7067D6 
 198      06527113 
 198      A5BB6973 
 198      23CD7B83 
 199 017c 4970C209 		.ascii	"Ip\302\011p\022\350\201b\0261\004%\004:Qy\034\225\307"
 199      7012E881 
 199      62163104 
 199      25043A51 
 199      791C95C7 
 200 0190 18A178EB 		.ascii	"\030\241x\353\251W\007(]\005\335 A\027\210\334\004\323"
 200      A9570728 
 200      5D05DD20 
 200      411788DC 
 200      04D3
 201 01a2 2892B4DE 		.ascii	"(\222\264\336\305\373\232\005\213\200\032f\260\305\302"
 201      C5FB9A05 
 201      8B801A66 
 201      B0C5C2
 202 01b1 74579447 		.ascii	"tW\224G\321\\\225\207\200\307\251\304x{\266\312c\025"
 202      D15C9587 
 202      80C7A9C4 
 202      787BB6CA 
 202      6315
 203 01c3 1E67DA12 		.ascii	"\036g\332\022\323\331\371~\026\2346\322\002\001\252"
 203      D3D9F97E 
 203      169C36D2 
 203      0201AA
 204 01d2 9F815E84 		.ascii	"\237\201^\204<\215\220\004\372 \037\337\247\300\242"
 204      3C8D9004 
 204      FA201FDF 
 204      A7C0A2
 205 01e1 86FFF48F 		.ascii	"\206\377\364\217G\237Y\327\036\246\207{h<0T\344o\244"
 205      479F59D7 
 205      1EA6877B 
 205      683C3054 
 205      E46FA4
 206 01f4 41742B60 		.ascii	"At+`f\0204\330\340'\333\276\202\033X\3550\254E\317?"
 206      661034D8 
ARM GAS  C:\Users\prana\AppData\Local\Temp\ccgLZ1BZ.s 			page 15


 206      E027DBBE 
 206      821B58ED 
 206      30AC45CF 
 207 0209 FDE18776 		.ascii	"\375\341\207vq\033/\314\355H@\311\311\010y\226Cn\321"
 207      711B2FCC 
 207      ED4840C9 
 207      C9087996 
 207      436ED1
 208 021c 10FDBD31 		.ascii	"\020\375\2751\277\250\"F\227\206\034t\002}^c6p\306\300"
 208      BFA82246 
 208      97861C74 
 208      027D5E63 
 208      3670C6C0 
 209 0230 3B63C6EB 		.ascii	";c\306\353\347xc\035\255\341\\\261\201\343u\357\371"
 209      E778631D 
 209      ADE15CB1 
 209      81E375EF 
 209      F9
 210 0241 25948519 		.ascii	"%\224\205\031;\261m`\352\231S\355Y\240en)[<\000\354"
 210      3BB16D60 
 210      EA9953ED 
 210      59A0656E 
 210      295B3C00 
 211 0256 204CCF75 		.ascii	" L\317u\376f\201bI\253vH\255v\004\213\371\265\201\347"
 211      FE668162 
 211      49AB7648 
 211      AD76048B 
 211      F9B581E7 
 212 026a 64D5E68D 		.ascii	"d\325\346\215K\034\241\266|\002\345Nx\021\333v\001\333"
 212      4B1CA1B6 
 212      7C02E54E 
 212      7811DB76 
 212      01DB
 213 027c E6D4DA76 		.ascii	"\346\324\332v\036\023:\207\011!\300\374\347_\334\266"
 213      1E133A87 
 213      0921C0FC 
 213      E75FDCB6 
 214 028c F1A64492 		.ascii	"\361\246D\222M9\272\3708\301\206\243\220\215\222h\""
 214      4D39BAF8 
 214      38C186A3 
 214      908D9268 
 214      22
 215 029d 55A8920A 		.ascii	"U\250\222\012~9\324+\211\207TRw\373\206\277\317\321"
 215      7E39D42B 
 215      89875452 
 215      77FB86BF 
 215      CFD1
 216 02af 67054B26 		.ascii	"g\005K&\025\223d\301\3402\202\026j\240\337\2402\252"
 216      159364C1 
 216      E0328216 
 216      6AA0DFA0 
 216      32AA
 217 02c1 CF4AF4BB 		.ascii	"\317J\364\273\347\250\000\227\020r\320\240^\250\015"
 217      E7A80097 
 217      1072D0A0 
 217      5EA80D
 218 02d0 CAF88412 		.ascii	"\312\370\204\022tpN\314\340\"pR\277..Z2\366e\210\367"
ARM GAS  C:\Users\prana\AppData\Local\Temp\ccgLZ1BZ.s 			page 16


 218      74704ECC 
 218      E0227052 
 218      BF2E2E5A 
 218      32F66588 
 219 02e5 E58A3E0A 		.ascii	"\345\212>\012\207n\015v\201>\012\037W\336:M\351\036"
 219      876E0D76 
 219      813E0A1F 
 219      57DE3A4D 
 219      E91E
 220 02f7 F4B3303B 		.ascii	"\364\2630;\0300\000\007\314\275\031\346\275\211\337"
 220      18300007 
 220      CCBD19E6 
 220      BD89DF
 221 0306 9FFCD72E 		.ascii	"\237\374\327.\036\345\271\301\203\301\256\373)\240\214"
 221      1EE5B9C1 
 221      83C1AEFB 
 221      29A08C
 222 0315 8F817A35 		.ascii	"\217\201z5e\032\332\356]X\257\015\303\344>G\200F\261"
 222      651ADAEE 
 222      5D58AF0D 
 222      C3E43E47 
 222      8046B1
 223 0328 1C98231A 		.ascii	"\034\230#\032\301\210\0019b\206\034\345\220\241\245"
 223      C1880139 
 223      62861CE5 
 223      90A1A5
 224 0337 CBE12C31 		.ascii	"\313\341,1\252B\2667w\034O\031\371H\012\344x\012d\274"
 224      AA42B637 
 224      771C4F19 
 224      F9480AE4 
 224      780A64BC 
 225 034b F7E2DD6C 		.ascii	"\367\342\335l\304\354A\314\366kb\022\023\255`\314\300"
 225      C4EC41CC 
 225      F66B6212 
 225      13AD60CC 
 225      C0
 226 035c 1C3363C6 		.ascii	"\0343c\306\030\246\330q\342\361\261\225\030\225=\322"
 226      18A6D871 
 226      E2F1B195 
 226      18953DD2 
 227 036c 418ACD4B 		.ascii	"A\212\315K(\312\207\212\262\002&@\"\\A[\216lhjY\303"
 227      28CA878A 
 227      B2022640 
 227      225C415B 
 227      8E6C686A 
 228 0382 154DFCC2 		.ascii	"\025M\374\302I\275\010\010\377C\340[<_c\315\306#r\332"
 228      49BD0808 
 228      FF43E05B 
 228      3C5F63CD 
 228      C62372DA 
 229 0396 FB73EB8F 		.ascii	"\373s\353\217V\251\211\261\377?7\007z\234\273I\333\254"
 229      56A989B1 
 229      FF3F3707 
 229      7A9CBB49 
 229      DBAC
 230 03a8 E2BC3A4E 		.ascii	"\342\274:N3\373\316\036\020\215\031_\330\324\262\227"
 230      33FBCE1E 
ARM GAS  C:\Users\prana\AppData\Local\Temp\ccgLZ1BZ.s 			page 17


 230      108D195F 
 230      D8D4B297 
 231 03b8 65741DAB 		.ascii	"et\035\2530ed4\011\332\224?\0152\235\036\344\341?W\367"
 231      30656434 
 231      09DA943F 
 231      0D329D1E 
 231      E4E13F57 
 232 03cd 3B1C9F24 		.ascii	";\034\237$/4\036\321He\006\034\374\336e{nE\235\307\365"
 232      2F341ED1 
 232      4865061C 
 232      FCDE657B 
 232      6E459DC7 
 233 03e2 5E4D594D 		.ascii	"^MYM\225\257\326\353{\375\203\254\3127\337)\250(-%\266"
 233      95AFD6EB 
 233      7BFD83AC 
 233      CA37DF29 
 233      A8282D25 
 234 03f7 9DEE7A5F 		.ascii	"\235\356z_y\331\363\225r\275\354\255\365\311[k\252<"
 234      79D9F395 
 234      72BDECAD 
 234      F5C95B6B 
 234      AA3C
 235 0409 3BBD2E79 		.ascii	";\275.y\363[U\236\212\227\326\273v\371v\355\220\033"
 235      F35B559E 
 235      8A97D6BB 
 235      76F976ED 
 235      901B
 236 041b 4ADE2519 		.ascii	"J\336%\031,6k\201K\\\304a`xv\254K\036d\337Fo\255\313"
 236      2C366B81 
 236      4B5CC461 
 236      607876AC 
 236      4B1E64DF 
 237 0433 E7F6D4D7 		.ascii	"\347\366\324\327\326mp\277\357\336*{\337\226\267\273"
 237      D66D70BF 
 237      EFDE2A7B 
 237      DF96B7BB 
 238 0443 1B7CB2D7 		.ascii	"\033|\262\327\312\300_\341\024J_^\243{T\312\276ev\353"
 238      CAC05FE1 
 238      144A5F5E 
 238      A37B54CA 
 238      BE6576EB 
 239 0457 4CBF3207 		.ascii	"L\2772\007\363\312\333\313\313\376\003T\0119\037"
 239      F3CADBCB 
 239      CBFE0354 
 239      09391F
 240              		.text
 241              		.section	.gnu.lto_.symtab.b369bb6d,"",%progbits
 242 0000 436C6F63 		.ascii	"Clock_2_StartEx\000"
 242      6B5F325F 
 242      53746172 
 242      74457800 
 243 0010 00       		.ascii	"\000"
 244 0011 00       		.ascii	"\000"
 245 0012 00       		.ascii	"\000"
 246 0013 00000000 		.ascii	"\000\000\000\000\000\000\000\000"
 246      00000000 
 247 001b B5000000 		.ascii	"\265\000\000\000"
ARM GAS  C:\Users\prana\AppData\Local\Temp\ccgLZ1BZ.s 			page 18


 248 001f 436C6F63 		.ascii	"Clock_2_Stop\000"
 248      6B5F325F 
 248      53746F70 
 248      00
 249 002c 00       		.ascii	"\000"
 250 002d 00       		.ascii	"\000"
 251 002e 00       		.ascii	"\000"
 252 002f 00000000 		.ascii	"\000\000\000\000\000\000\000\000"
 252      00000000 
 253 0037 B8000000 		.ascii	"\270\000\000\000"
 254 003b 436C6F63 		.ascii	"Clock_2_SetFractionalDividerRegister\000"
 254      6B5F325F 
 254      53657446 
 254      72616374 
 254      696F6E61 
 255 0060 00       		.ascii	"\000"
 256 0061 00       		.ascii	"\000"
 257 0062 00       		.ascii	"\000"
 258 0063 00000000 		.ascii	"\000\000\000\000\000\000\000\000"
 258      00000000 
 259 006b C7000000 		.ascii	"\307\000\000\000"
 260 006f 436C6F63 		.ascii	"Clock_2_GetDividerRegister\000"
 260      6B5F325F 
 260      47657444 
 260      69766964 
 260      65725265 
 261 008a 00       		.ascii	"\000"
 262 008b 00       		.ascii	"\000"
 263 008c 00       		.ascii	"\000"
 264 008d 00000000 		.ascii	"\000\000\000\000\000\000\000\000"
 264      00000000 
 265 0095 CA000000 		.ascii	"\312\000\000\000"
 266 0099 436C6F63 		.ascii	"Clock_2_GetFractionalDividerRegister\000"
 266      6B5F325F 
 266      47657446 
 266      72616374 
 266      696F6E61 
 267 00be 00       		.ascii	"\000"
 268 00bf 00       		.ascii	"\000"
 269 00c0 00       		.ascii	"\000"
 270 00c1 00000000 		.ascii	"\000\000\000\000\000\000\000\000"
 270      00000000 
 271 00c9 CD000000 		.ascii	"\315\000\000\000"
 272              		.text
 273              		.section	.gnu.lto_.opts,"",%progbits
 274 0000 272D666D 		.ascii	"'-fmath-errno' '-fsigned-zeros' '-ftrapping-math' '"
 274      6174682D 
 274      6572726E 
 274      6F272027 
 274      2D667369 
 275 0033 2D666E6F 		.ascii	"-fno-trapv' '-fno-openmp' '-fno-openacc' '-mcpu=cor"
 275      2D747261 
 275      70762720 
 275      272D666E 
 275      6F2D6F70 
 276 0066 7465782D 		.ascii	"tex-m0' '-mthumb' '-g' '-Os' '-Werror' '-ffunction-"
 276      6D302720 
ARM GAS  C:\Users\prana\AppData\Local\Temp\ccgLZ1BZ.s 			page 19


 276      272D6D74 
 276      68756D62 
 276      2720272D 
 277 0099 73656374 		.ascii	"sections' '-ffat-lto-objects' '-finline-functions' "
 277      696F6E73 
 277      2720272D 
 277      66666174 
 277      2D6C746F 
 278 00cc 272D666C 		.ascii	"'-flto' '-fno-strict-aliasing'\000"
 278      746F2720 
 278      272D666E 
 278      6F2D7374 
 278      72696374 
 279              		.text
 280              		.cfi_sections	.debug_frame
 281              		.section	.text.Clock_2_StartEx,"ax",%progbits
 282              		.align	1
 283              		.global	Clock_2_StartEx
 284              		.code	16
 285              		.thumb_func
 286              		.type	Clock_2_StartEx, %function
 287              	Clock_2_StartEx:
 288              	.LFB0:
 289              		.file 1 "Generated_Source\\PSoC4\\Clock_2.c"
   1:Generated_Source\PSoC4/Clock_2.c **** /*******************************************************************************
   2:Generated_Source\PSoC4/Clock_2.c **** * File Name: Clock_2.c
   3:Generated_Source\PSoC4/Clock_2.c **** * Version 2.20
   4:Generated_Source\PSoC4/Clock_2.c **** *
   5:Generated_Source\PSoC4/Clock_2.c **** *  Description:
   6:Generated_Source\PSoC4/Clock_2.c **** *   Provides system API for the clocking, interrupts and watchdog timer.
   7:Generated_Source\PSoC4/Clock_2.c **** *
   8:Generated_Source\PSoC4/Clock_2.c **** *  Note:
   9:Generated_Source\PSoC4/Clock_2.c **** *   Documentation of the API's in this file is located in the
  10:Generated_Source\PSoC4/Clock_2.c **** *   System Reference Guide provided with PSoC Creator.
  11:Generated_Source\PSoC4/Clock_2.c **** *
  12:Generated_Source\PSoC4/Clock_2.c **** ********************************************************************************
  13:Generated_Source\PSoC4/Clock_2.c **** * Copyright 2008-2012, Cypress Semiconductor Corporation.  All rights reserved.
  14:Generated_Source\PSoC4/Clock_2.c **** * You may use this file only in accordance with the license, terms, conditions,
  15:Generated_Source\PSoC4/Clock_2.c **** * disclaimers, and limitations in the end user license agreement accompanying
  16:Generated_Source\PSoC4/Clock_2.c **** * the software package with which this file was provided.
  17:Generated_Source\PSoC4/Clock_2.c **** *******************************************************************************/
  18:Generated_Source\PSoC4/Clock_2.c **** 
  19:Generated_Source\PSoC4/Clock_2.c **** #include <cydevice_trm.h>
  20:Generated_Source\PSoC4/Clock_2.c **** #include "Clock_2.h"
  21:Generated_Source\PSoC4/Clock_2.c **** 
  22:Generated_Source\PSoC4/Clock_2.c **** #if defined CYREG_PERI_DIV_CMD
  23:Generated_Source\PSoC4/Clock_2.c **** 
  24:Generated_Source\PSoC4/Clock_2.c **** /*******************************************************************************
  25:Generated_Source\PSoC4/Clock_2.c **** * Function Name: Clock_2_StartEx
  26:Generated_Source\PSoC4/Clock_2.c **** ********************************************************************************
  27:Generated_Source\PSoC4/Clock_2.c **** *
  28:Generated_Source\PSoC4/Clock_2.c **** * Summary:
  29:Generated_Source\PSoC4/Clock_2.c **** *  Starts the clock, aligned to the specified running clock.
  30:Generated_Source\PSoC4/Clock_2.c **** *
  31:Generated_Source\PSoC4/Clock_2.c **** * Parameters:
  32:Generated_Source\PSoC4/Clock_2.c **** *  alignClkDiv:  The divider to which phase alignment is performed when the
  33:Generated_Source\PSoC4/Clock_2.c **** *    clock is started.
ARM GAS  C:\Users\prana\AppData\Local\Temp\ccgLZ1BZ.s 			page 20


  34:Generated_Source\PSoC4/Clock_2.c **** *
  35:Generated_Source\PSoC4/Clock_2.c **** * Returns:
  36:Generated_Source\PSoC4/Clock_2.c **** *  None
  37:Generated_Source\PSoC4/Clock_2.c **** *
  38:Generated_Source\PSoC4/Clock_2.c **** *******************************************************************************/
  39:Generated_Source\PSoC4/Clock_2.c **** void Clock_2_StartEx(uint32 alignClkDiv)
  40:Generated_Source\PSoC4/Clock_2.c **** {
 290              		.loc 1 40 0
 291              		.cfi_startproc
 292              		@ args = 0, pretend = 0, frame = 0
 293              		@ frame_needed = 0, uses_anonymous_args = 0
 294              		@ link register save eliminated.
 295              	.LVL0:
  41:Generated_Source\PSoC4/Clock_2.c ****     /* Make sure any previous start command has finished. */
  42:Generated_Source\PSoC4/Clock_2.c ****     while((Clock_2_CMD_REG & Clock_2_CMD_ENABLE_MASK) != 0u)
 296              		.loc 1 42 0
 297 0000 054A     		ldr	r2, .L5
 298              	.L2:
 299              		.loc 1 42 0 is_stmt 0 discriminator 1
 300 0002 1368     		ldr	r3, [r2]
 301 0004 002B     		cmp	r3, #0
 302 0006 FCDB     		blt	.L2
  43:Generated_Source\PSoC4/Clock_2.c ****     {
  44:Generated_Source\PSoC4/Clock_2.c ****     }
  45:Generated_Source\PSoC4/Clock_2.c ****     
  46:Generated_Source\PSoC4/Clock_2.c ****     /* Specify the target divider and it's alignment divider, and enable. */
  47:Generated_Source\PSoC4/Clock_2.c ****     Clock_2_CMD_REG =
  48:Generated_Source\PSoC4/Clock_2.c ****         ((uint32)Clock_2__DIV_ID << Clock_2_CMD_DIV_SHIFT)|
  49:Generated_Source\PSoC4/Clock_2.c ****         (alignClkDiv << Clock_2_CMD_PA_DIV_SHIFT) |
 303              		.loc 1 49 0 is_stmt 1
 304 0008 8023     		movs	r3, #128
 305 000a 0002     		lsls	r0, r0, #8
 306              	.LVL1:
 307 000c 1B06     		lsls	r3, r3, #24
 308 000e 1843     		orrs	r0, r3
  47:Generated_Source\PSoC4/Clock_2.c ****         ((uint32)Clock_2__DIV_ID << Clock_2_CMD_DIV_SHIFT)|
 309              		.loc 1 47 0
 310 0010 014B     		ldr	r3, .L5
  50:Generated_Source\PSoC4/Clock_2.c ****         (uint32)Clock_2_CMD_ENABLE_MASK;
  51:Generated_Source\PSoC4/Clock_2.c **** }
 311              		.loc 1 51 0
 312              		@ sp needed
  47:Generated_Source\PSoC4/Clock_2.c ****         ((uint32)Clock_2__DIV_ID << Clock_2_CMD_DIV_SHIFT)|
 313              		.loc 1 47 0
 314 0012 1860     		str	r0, [r3]
 315              		.loc 1 51 0
 316 0014 7047     		bx	lr
 317              	.L6:
 318 0016 C046     		.align	2
 319              	.L5:
 320 0018 00000140 		.word	1073807360
 321              		.cfi_endproc
 322              	.LFE0:
 323              		.size	Clock_2_StartEx, .-Clock_2_StartEx
 324              		.section	.text.Clock_2_Stop,"ax",%progbits
 325              		.align	1
 326              		.global	Clock_2_Stop
ARM GAS  C:\Users\prana\AppData\Local\Temp\ccgLZ1BZ.s 			page 21


 327              		.code	16
 328              		.thumb_func
 329              		.type	Clock_2_Stop, %function
 330              	Clock_2_Stop:
 331              	.LFB1:
  52:Generated_Source\PSoC4/Clock_2.c **** 
  53:Generated_Source\PSoC4/Clock_2.c **** #else
  54:Generated_Source\PSoC4/Clock_2.c **** 
  55:Generated_Source\PSoC4/Clock_2.c **** /*******************************************************************************
  56:Generated_Source\PSoC4/Clock_2.c **** * Function Name: Clock_2_Start
  57:Generated_Source\PSoC4/Clock_2.c **** ********************************************************************************
  58:Generated_Source\PSoC4/Clock_2.c **** *
  59:Generated_Source\PSoC4/Clock_2.c **** * Summary:
  60:Generated_Source\PSoC4/Clock_2.c **** *  Starts the clock.
  61:Generated_Source\PSoC4/Clock_2.c **** *
  62:Generated_Source\PSoC4/Clock_2.c **** * Parameters:
  63:Generated_Source\PSoC4/Clock_2.c **** *  None
  64:Generated_Source\PSoC4/Clock_2.c **** *
  65:Generated_Source\PSoC4/Clock_2.c **** * Returns:
  66:Generated_Source\PSoC4/Clock_2.c **** *  None
  67:Generated_Source\PSoC4/Clock_2.c **** *
  68:Generated_Source\PSoC4/Clock_2.c **** *******************************************************************************/
  69:Generated_Source\PSoC4/Clock_2.c **** 
  70:Generated_Source\PSoC4/Clock_2.c **** void Clock_2_Start(void)
  71:Generated_Source\PSoC4/Clock_2.c **** {
  72:Generated_Source\PSoC4/Clock_2.c ****     /* Set the bit to enable the clock. */
  73:Generated_Source\PSoC4/Clock_2.c ****     Clock_2_ENABLE_REG |= Clock_2__ENABLE_MASK;
  74:Generated_Source\PSoC4/Clock_2.c **** }
  75:Generated_Source\PSoC4/Clock_2.c **** 
  76:Generated_Source\PSoC4/Clock_2.c **** #endif /* CYREG_PERI_DIV_CMD */
  77:Generated_Source\PSoC4/Clock_2.c **** 
  78:Generated_Source\PSoC4/Clock_2.c **** 
  79:Generated_Source\PSoC4/Clock_2.c **** /*******************************************************************************
  80:Generated_Source\PSoC4/Clock_2.c **** * Function Name: Clock_2_Stop
  81:Generated_Source\PSoC4/Clock_2.c **** ********************************************************************************
  82:Generated_Source\PSoC4/Clock_2.c **** *
  83:Generated_Source\PSoC4/Clock_2.c **** * Summary:
  84:Generated_Source\PSoC4/Clock_2.c **** *  Stops the clock and returns immediately. This API does not require the
  85:Generated_Source\PSoC4/Clock_2.c **** *  source clock to be running but may return before the hardware is actually
  86:Generated_Source\PSoC4/Clock_2.c **** *  disabled.
  87:Generated_Source\PSoC4/Clock_2.c **** *
  88:Generated_Source\PSoC4/Clock_2.c **** * Parameters:
  89:Generated_Source\PSoC4/Clock_2.c **** *  None
  90:Generated_Source\PSoC4/Clock_2.c **** *
  91:Generated_Source\PSoC4/Clock_2.c **** * Returns:
  92:Generated_Source\PSoC4/Clock_2.c **** *  None
  93:Generated_Source\PSoC4/Clock_2.c **** *
  94:Generated_Source\PSoC4/Clock_2.c **** *******************************************************************************/
  95:Generated_Source\PSoC4/Clock_2.c **** void Clock_2_Stop(void)
  96:Generated_Source\PSoC4/Clock_2.c **** {
 332              		.loc 1 96 0
 333              		.cfi_startproc
 334              		@ args = 0, pretend = 0, frame = 0
 335              		@ frame_needed = 0, uses_anonymous_args = 0
 336              		@ link register save eliminated.
  97:Generated_Source\PSoC4/Clock_2.c **** #if defined CYREG_PERI_DIV_CMD
  98:Generated_Source\PSoC4/Clock_2.c **** 
ARM GAS  C:\Users\prana\AppData\Local\Temp\ccgLZ1BZ.s 			page 22


  99:Generated_Source\PSoC4/Clock_2.c ****     /* Make sure any previous start command has finished. */
 100:Generated_Source\PSoC4/Clock_2.c ****     while((Clock_2_CMD_REG & Clock_2_CMD_ENABLE_MASK) != 0u)
 337              		.loc 1 100 0
 338 0000 044A     		ldr	r2, .L10
 339              	.L8:
 340              		.loc 1 100 0 is_stmt 0 discriminator 1
 341 0002 1368     		ldr	r3, [r2]
 342 0004 002B     		cmp	r3, #0
 343 0006 FCDB     		blt	.L8
 101:Generated_Source\PSoC4/Clock_2.c ****     {
 102:Generated_Source\PSoC4/Clock_2.c ****     }
 103:Generated_Source\PSoC4/Clock_2.c ****     
 104:Generated_Source\PSoC4/Clock_2.c ****     /* Specify the target divider and it's alignment divider, and disable. */
 105:Generated_Source\PSoC4/Clock_2.c ****     Clock_2_CMD_REG =
 344              		.loc 1 105 0 is_stmt 1
 345 0008 8022     		movs	r2, #128
 346 000a 024B     		ldr	r3, .L10
 347 000c D205     		lsls	r2, r2, #23
 348 000e 1A60     		str	r2, [r3]
 106:Generated_Source\PSoC4/Clock_2.c ****         ((uint32)Clock_2__DIV_ID << Clock_2_CMD_DIV_SHIFT)|
 107:Generated_Source\PSoC4/Clock_2.c ****         ((uint32)Clock_2_CMD_DISABLE_MASK);
 108:Generated_Source\PSoC4/Clock_2.c **** 
 109:Generated_Source\PSoC4/Clock_2.c **** #else
 110:Generated_Source\PSoC4/Clock_2.c **** 
 111:Generated_Source\PSoC4/Clock_2.c ****     /* Clear the bit to disable the clock. */
 112:Generated_Source\PSoC4/Clock_2.c ****     Clock_2_ENABLE_REG &= (uint32)(~Clock_2__ENABLE_MASK);
 113:Generated_Source\PSoC4/Clock_2.c ****     
 114:Generated_Source\PSoC4/Clock_2.c **** #endif /* CYREG_PERI_DIV_CMD */
 115:Generated_Source\PSoC4/Clock_2.c **** }
 349              		.loc 1 115 0
 350              		@ sp needed
 351 0010 7047     		bx	lr
 352              	.L11:
 353 0012 C046     		.align	2
 354              	.L10:
 355 0014 00000140 		.word	1073807360
 356              		.cfi_endproc
 357              	.LFE1:
 358              		.size	Clock_2_Stop, .-Clock_2_Stop
 359              		.section	.text.Clock_2_SetFractionalDividerRegister,"ax",%progbits
 360              		.align	1
 361              		.global	Clock_2_SetFractionalDividerRegister
 362              		.code	16
 363              		.thumb_func
 364              		.type	Clock_2_SetFractionalDividerRegister, %function
 365              	Clock_2_SetFractionalDividerRegister:
 366              	.LFB2:
 116:Generated_Source\PSoC4/Clock_2.c **** 
 117:Generated_Source\PSoC4/Clock_2.c **** 
 118:Generated_Source\PSoC4/Clock_2.c **** /*******************************************************************************
 119:Generated_Source\PSoC4/Clock_2.c **** * Function Name: Clock_2_SetFractionalDividerRegister
 120:Generated_Source\PSoC4/Clock_2.c **** ********************************************************************************
 121:Generated_Source\PSoC4/Clock_2.c **** *
 122:Generated_Source\PSoC4/Clock_2.c **** * Summary:
 123:Generated_Source\PSoC4/Clock_2.c **** *  Modifies the clock divider and the fractional divider.
 124:Generated_Source\PSoC4/Clock_2.c **** *
 125:Generated_Source\PSoC4/Clock_2.c **** * Parameters:
ARM GAS  C:\Users\prana\AppData\Local\Temp\ccgLZ1BZ.s 			page 23


 126:Generated_Source\PSoC4/Clock_2.c **** *  clkDivider:  Divider register value (0-65535). This value is NOT the
 127:Generated_Source\PSoC4/Clock_2.c **** *    divider; the clock hardware divides by clkDivider plus one. For example,
 128:Generated_Source\PSoC4/Clock_2.c **** *    to divide the clock by 2, this parameter should be set to 1.
 129:Generated_Source\PSoC4/Clock_2.c **** *  fracDivider:  Fractional Divider register value (0-31).
 130:Generated_Source\PSoC4/Clock_2.c **** * Returns:
 131:Generated_Source\PSoC4/Clock_2.c **** *  None
 132:Generated_Source\PSoC4/Clock_2.c **** *
 133:Generated_Source\PSoC4/Clock_2.c **** *******************************************************************************/
 134:Generated_Source\PSoC4/Clock_2.c **** void Clock_2_SetFractionalDividerRegister(uint16 clkDivider, uint8 clkFractional)
 135:Generated_Source\PSoC4/Clock_2.c **** {
 367              		.loc 1 135 0
 368              		.cfi_startproc
 369              		@ args = 0, pretend = 0, frame = 0
 370              		@ frame_needed = 0, uses_anonymous_args = 0
 371              	.LVL2:
 136:Generated_Source\PSoC4/Clock_2.c ****     uint32 maskVal;
 137:Generated_Source\PSoC4/Clock_2.c ****     uint32 regVal;
 138:Generated_Source\PSoC4/Clock_2.c ****     
 139:Generated_Source\PSoC4/Clock_2.c **** #if defined (Clock_2__FRAC_MASK) || defined (CYREG_PERI_DIV_CMD)
 140:Generated_Source\PSoC4/Clock_2.c ****     
 141:Generated_Source\PSoC4/Clock_2.c **** 	/* get all but divider bits */
 142:Generated_Source\PSoC4/Clock_2.c ****     maskVal = Clock_2_DIV_REG & 
 143:Generated_Source\PSoC4/Clock_2.c ****                     (uint32)(~(uint32)(Clock_2_DIV_INT_MASK | Clock_2_DIV_FRAC_MASK)); 
 144:Generated_Source\PSoC4/Clock_2.c **** 	/* combine mask and new divider vals into 32-bit value */
 145:Generated_Source\PSoC4/Clock_2.c ****     regVal = maskVal |
 372              		.loc 1 145 0
 373 0000 FF22     		movs	r2, #255
 374 0002 C900     		lsls	r1, r1, #3
 375              	.LVL3:
 376 0004 1140     		ands	r1, r2
 377 0006 0202     		lsls	r2, r0, #8
 378 0008 1143     		orrs	r1, r2
 379 000a 0723     		movs	r3, #7
 380 000c 0800     		movs	r0, r1
 381              	.LVL4:
 135:Generated_Source\PSoC4/Clock_2.c ****     uint32 maskVal;
 382              		.loc 1 135 0
 383 000e 30B5     		push	{r4, r5, lr}
 384              		.cfi_def_cfa_offset 12
 385              		.cfi_offset 4, -12
 386              		.cfi_offset 5, -8
 387              		.cfi_offset 14, -4
 142:Generated_Source\PSoC4/Clock_2.c ****                     (uint32)(~(uint32)(Clock_2_DIV_INT_MASK | Clock_2_DIV_FRAC_MASK)); 
 388              		.loc 1 142 0
 389 0010 024C     		ldr	r4, .L13
 146:Generated_Source\PSoC4/Clock_2.c ****         ((uint32)((uint32)clkDivider <<  Clock_2_DIV_INT_SHIFT) & Clock_2_DIV_INT_MASK) |
 147:Generated_Source\PSoC4/Clock_2.c ****         ((uint32)((uint32)clkFractional << Clock_2_DIV_FRAC_SHIFT) & Clock_2_DIV_FRAC_MASK);
 148:Generated_Source\PSoC4/Clock_2.c ****     
 149:Generated_Source\PSoC4/Clock_2.c **** #else
 150:Generated_Source\PSoC4/Clock_2.c ****     /* get all but integer divider bits */
 151:Generated_Source\PSoC4/Clock_2.c ****     maskVal = Clock_2_DIV_REG & (uint32)(~(uint32)Clock_2__DIVIDER_MASK);
 152:Generated_Source\PSoC4/Clock_2.c ****     /* combine mask and new divider val into 32-bit value */
 153:Generated_Source\PSoC4/Clock_2.c ****     regVal = clkDivider | maskVal;
 154:Generated_Source\PSoC4/Clock_2.c ****     
 155:Generated_Source\PSoC4/Clock_2.c **** #endif /* Clock_2__FRAC_MASK || CYREG_PERI_DIV_CMD */
 156:Generated_Source\PSoC4/Clock_2.c **** 
 157:Generated_Source\PSoC4/Clock_2.c ****     Clock_2_DIV_REG = regVal;
ARM GAS  C:\Users\prana\AppData\Local\Temp\ccgLZ1BZ.s 			page 24


 158:Generated_Source\PSoC4/Clock_2.c **** }
 390              		.loc 1 158 0
 391              		@ sp needed
 142:Generated_Source\PSoC4/Clock_2.c ****                     (uint32)(~(uint32)(Clock_2_DIV_INT_MASK | Clock_2_DIV_FRAC_MASK)); 
 392              		.loc 1 142 0
 393 0012 2568     		ldr	r5, [r4]
 394              	.LVL5:
 145:Generated_Source\PSoC4/Clock_2.c ****         ((uint32)((uint32)clkDivider <<  Clock_2_DIV_INT_SHIFT) & Clock_2_DIV_INT_MASK) |
 395              		.loc 1 145 0
 396 0014 2B40     		ands	r3, r5
 397              	.LVL6:
 398 0016 1843     		orrs	r0, r3
 399              	.LVL7:
 157:Generated_Source\PSoC4/Clock_2.c **** }
 400              		.loc 1 157 0
 401 0018 2060     		str	r0, [r4]
 402              		.loc 1 158 0
 403 001a 30BD     		pop	{r4, r5, pc}
 404              	.L14:
 405              		.align	2
 406              	.L13:
 407 001c 00020140 		.word	1073807872
 408              		.cfi_endproc
 409              	.LFE2:
 410              		.size	Clock_2_SetFractionalDividerRegister, .-Clock_2_SetFractionalDividerRegister
 411              		.section	.text.Clock_2_GetDividerRegister,"ax",%progbits
 412              		.align	1
 413              		.global	Clock_2_GetDividerRegister
 414              		.code	16
 415              		.thumb_func
 416              		.type	Clock_2_GetDividerRegister, %function
 417              	Clock_2_GetDividerRegister:
 418              	.LFB3:
 159:Generated_Source\PSoC4/Clock_2.c **** 
 160:Generated_Source\PSoC4/Clock_2.c **** 
 161:Generated_Source\PSoC4/Clock_2.c **** /*******************************************************************************
 162:Generated_Source\PSoC4/Clock_2.c **** * Function Name: Clock_2_GetDividerRegister
 163:Generated_Source\PSoC4/Clock_2.c **** ********************************************************************************
 164:Generated_Source\PSoC4/Clock_2.c **** *
 165:Generated_Source\PSoC4/Clock_2.c **** * Summary:
 166:Generated_Source\PSoC4/Clock_2.c **** *  Gets the clock divider register value.
 167:Generated_Source\PSoC4/Clock_2.c **** *
 168:Generated_Source\PSoC4/Clock_2.c **** * Parameters:
 169:Generated_Source\PSoC4/Clock_2.c **** *  None
 170:Generated_Source\PSoC4/Clock_2.c **** *
 171:Generated_Source\PSoC4/Clock_2.c **** * Returns:
 172:Generated_Source\PSoC4/Clock_2.c **** *  Divide value of the clock minus 1. For example, if the clock is set to
 173:Generated_Source\PSoC4/Clock_2.c **** *  divide by 2, the return value will be 1.
 174:Generated_Source\PSoC4/Clock_2.c **** *
 175:Generated_Source\PSoC4/Clock_2.c **** *******************************************************************************/
 176:Generated_Source\PSoC4/Clock_2.c **** uint16 Clock_2_GetDividerRegister(void)
 177:Generated_Source\PSoC4/Clock_2.c **** {
 419              		.loc 1 177 0
 420              		.cfi_startproc
 421              		@ args = 0, pretend = 0, frame = 0
 422              		@ frame_needed = 0, uses_anonymous_args = 0
 423              		@ link register save eliminated.
ARM GAS  C:\Users\prana\AppData\Local\Temp\ccgLZ1BZ.s 			page 25


 178:Generated_Source\PSoC4/Clock_2.c ****     return (uint16)((Clock_2_DIV_REG & Clock_2_DIV_INT_MASK)
 424              		.loc 1 178 0
 425 0000 024B     		ldr	r3, .L16
 179:Generated_Source\PSoC4/Clock_2.c ****         >> Clock_2_DIV_INT_SHIFT);
 180:Generated_Source\PSoC4/Clock_2.c **** }
 426              		.loc 1 180 0
 427              		@ sp needed
 178:Generated_Source\PSoC4/Clock_2.c ****     return (uint16)((Clock_2_DIV_REG & Clock_2_DIV_INT_MASK)
 428              		.loc 1 178 0
 429 0002 1868     		ldr	r0, [r3]
 430 0004 000A     		lsrs	r0, r0, #8
 431 0006 80B2     		uxth	r0, r0
 432              		.loc 1 180 0
 433 0008 7047     		bx	lr
 434              	.L17:
 435 000a C046     		.align	2
 436              	.L16:
 437 000c 00020140 		.word	1073807872
 438              		.cfi_endproc
 439              	.LFE3:
 440              		.size	Clock_2_GetDividerRegister, .-Clock_2_GetDividerRegister
 441              		.section	.text.Clock_2_GetFractionalDividerRegister,"ax",%progbits
 442              		.align	1
 443              		.global	Clock_2_GetFractionalDividerRegister
 444              		.code	16
 445              		.thumb_func
 446              		.type	Clock_2_GetFractionalDividerRegister, %function
 447              	Clock_2_GetFractionalDividerRegister:
 448              	.LFB4:
 181:Generated_Source\PSoC4/Clock_2.c **** 
 182:Generated_Source\PSoC4/Clock_2.c **** 
 183:Generated_Source\PSoC4/Clock_2.c **** /*******************************************************************************
 184:Generated_Source\PSoC4/Clock_2.c **** * Function Name: Clock_2_GetFractionalDividerRegister
 185:Generated_Source\PSoC4/Clock_2.c **** ********************************************************************************
 186:Generated_Source\PSoC4/Clock_2.c **** *
 187:Generated_Source\PSoC4/Clock_2.c **** * Summary:
 188:Generated_Source\PSoC4/Clock_2.c **** *  Gets the clock fractional divider register value.
 189:Generated_Source\PSoC4/Clock_2.c **** *
 190:Generated_Source\PSoC4/Clock_2.c **** * Parameters:
 191:Generated_Source\PSoC4/Clock_2.c **** *  None
 192:Generated_Source\PSoC4/Clock_2.c **** *
 193:Generated_Source\PSoC4/Clock_2.c **** * Returns:
 194:Generated_Source\PSoC4/Clock_2.c **** *  Fractional Divide value of the clock
 195:Generated_Source\PSoC4/Clock_2.c **** *  0 if the fractional divider is not in use.
 196:Generated_Source\PSoC4/Clock_2.c **** *
 197:Generated_Source\PSoC4/Clock_2.c **** *******************************************************************************/
 198:Generated_Source\PSoC4/Clock_2.c **** uint8 Clock_2_GetFractionalDividerRegister(void)
 199:Generated_Source\PSoC4/Clock_2.c **** {
 449              		.loc 1 199 0
 450              		.cfi_startproc
 451              		@ args = 0, pretend = 0, frame = 0
 452              		@ frame_needed = 0, uses_anonymous_args = 0
 453              		@ link register save eliminated.
 200:Generated_Source\PSoC4/Clock_2.c **** #if defined (Clock_2__FRAC_MASK)
 201:Generated_Source\PSoC4/Clock_2.c ****     /* return fractional divider bits */
 202:Generated_Source\PSoC4/Clock_2.c ****     return (uint8)((Clock_2_DIV_REG & Clock_2_DIV_FRAC_MASK)
 203:Generated_Source\PSoC4/Clock_2.c ****         >> Clock_2_DIV_FRAC_SHIFT);
ARM GAS  C:\Users\prana\AppData\Local\Temp\ccgLZ1BZ.s 			page 26


 204:Generated_Source\PSoC4/Clock_2.c **** #else
 205:Generated_Source\PSoC4/Clock_2.c ****     return 0u;
 206:Generated_Source\PSoC4/Clock_2.c **** #endif /* Clock_2__FRAC_MASK */
 207:Generated_Source\PSoC4/Clock_2.c **** }
 454              		.loc 1 207 0
 455 0000 0020     		movs	r0, #0
 456              		@ sp needed
 457 0002 7047     		bx	lr
 458              		.cfi_endproc
 459              	.LFE4:
 460              		.size	Clock_2_GetFractionalDividerRegister, .-Clock_2_GetFractionalDividerRegister
 461              		.text
 462              	.Letext0:
 463              		.file 2 "Generated_Source\\PSoC4/cytypes.h"
 464              		.section	.debug_info,"",%progbits
 465              	.Ldebug_info0:
 466 0000 62010000 		.4byte	0x162
 467 0004 0400     		.2byte	0x4
 468 0006 00000000 		.4byte	.Ldebug_abbrev0
 469 000a 04       		.byte	0x4
 470 000b 01       		.uleb128 0x1
 471 000c 3F010000 		.4byte	.LASF25
 472 0010 0C       		.byte	0xc
 473 0011 36000000 		.4byte	.LASF26
 474 0015 43020000 		.4byte	.LASF27
 475 0019 00000000 		.4byte	.Ldebug_ranges0+0
 476 001d 00000000 		.4byte	0
 477 0021 00000000 		.4byte	.Ldebug_line0
 478 0025 02       		.uleb128 0x2
 479 0026 01       		.byte	0x1
 480 0027 06       		.byte	0x6
 481 0028 37020000 		.4byte	.LASF0
 482 002c 02       		.uleb128 0x2
 483 002d 01       		.byte	0x1
 484 002e 08       		.byte	0x8
 485 002f 82000000 		.4byte	.LASF1
 486 0033 02       		.uleb128 0x2
 487 0034 02       		.byte	0x2
 488 0035 05       		.byte	0x5
 489 0036 1E020000 		.4byte	.LASF2
 490 003a 02       		.uleb128 0x2
 491 003b 02       		.byte	0x2
 492 003c 07       		.byte	0x7
 493 003d A2000000 		.4byte	.LASF3
 494 0041 02       		.uleb128 0x2
 495 0042 04       		.byte	0x4
 496 0043 05       		.byte	0x5
 497 0044 2E020000 		.4byte	.LASF4
 498 0048 02       		.uleb128 0x2
 499 0049 04       		.byte	0x4
 500 004a 07       		.byte	0x7
 501 004b 90000000 		.4byte	.LASF5
 502 004f 02       		.uleb128 0x2
 503 0050 08       		.byte	0x8
 504 0051 05       		.byte	0x5
 505 0052 0B020000 		.4byte	.LASF6
 506 0056 02       		.uleb128 0x2
ARM GAS  C:\Users\prana\AppData\Local\Temp\ccgLZ1BZ.s 			page 27


 507 0057 08       		.byte	0x8
 508 0058 07       		.byte	0x7
 509 0059 28010000 		.4byte	.LASF7
 510 005d 03       		.uleb128 0x3
 511 005e 04       		.byte	0x4
 512 005f 05       		.byte	0x5
 513 0060 696E7400 		.ascii	"int\000"
 514 0064 02       		.uleb128 0x2
 515 0065 04       		.byte	0x4
 516 0066 07       		.byte	0x7
 517 0067 F6000000 		.4byte	.LASF8
 518 006b 04       		.uleb128 0x4
 519 006c 28020000 		.4byte	.LASF9
 520 0070 02       		.byte	0x2
 521 0071 D201     		.2byte	0x1d2
 522 0073 2C000000 		.4byte	0x2c
 523 0077 04       		.uleb128 0x4
 524 0078 E8000000 		.4byte	.LASF10
 525 007c 02       		.byte	0x2
 526 007d D301     		.2byte	0x1d3
 527 007f 3A000000 		.4byte	0x3a
 528 0083 04       		.uleb128 0x4
 529 0084 EF000000 		.4byte	.LASF11
 530 0088 02       		.byte	0x2
 531 0089 D401     		.2byte	0x1d4
 532 008b 48000000 		.4byte	0x48
 533 008f 02       		.uleb128 0x2
 534 0090 04       		.byte	0x4
 535 0091 04       		.byte	0x4
 536 0092 57000000 		.4byte	.LASF12
 537 0096 02       		.uleb128 0x2
 538 0097 08       		.byte	0x8
 539 0098 04       		.byte	0x4
 540 0099 C0000000 		.4byte	.LASF13
 541 009d 02       		.uleb128 0x2
 542 009e 01       		.byte	0x1
 543 009f 08       		.byte	0x8
 544 00a0 19020000 		.4byte	.LASF14
 545 00a4 04       		.uleb128 0x4
 546 00a5 0D000000 		.4byte	.LASF15
 547 00a9 02       		.byte	0x2
 548 00aa 7E02     		.2byte	0x27e
 549 00ac B0000000 		.4byte	0xb0
 550 00b0 05       		.uleb128 0x5
 551 00b1 83000000 		.4byte	0x83
 552 00b5 06       		.uleb128 0x6
 553 00b6 FB010000 		.4byte	.LASF16
 554 00ba 01       		.byte	0x1
 555 00bb 27       		.byte	0x27
 556 00bc 00000000 		.4byte	.LFB0
 557 00c0 1C000000 		.4byte	.LFE0-.LFB0
 558 00c4 01       		.uleb128 0x1
 559 00c5 9C       		.byte	0x9c
 560 00c6 DA000000 		.4byte	0xda
 561 00ca 07       		.uleb128 0x7
 562 00cb CE000000 		.4byte	.LASF18
 563 00cf 01       		.byte	0x1
ARM GAS  C:\Users\prana\AppData\Local\Temp\ccgLZ1BZ.s 			page 28


 564 00d0 27       		.byte	0x27
 565 00d1 83000000 		.4byte	0x83
 566 00d5 00000000 		.4byte	.LLST0
 567 00d9 00       		.byte	0
 568 00da 08       		.uleb128 0x8
 569 00db 00000000 		.4byte	.LASF28
 570 00df 01       		.byte	0x1
 571 00e0 5F       		.byte	0x5f
 572 00e1 00000000 		.4byte	.LFB1
 573 00e5 18000000 		.4byte	.LFE1-.LFB1
 574 00e9 01       		.uleb128 0x1
 575 00ea 9C       		.byte	0x9c
 576 00eb 06       		.uleb128 0x6
 577 00ec 03010000 		.4byte	.LASF17
 578 00f0 01       		.byte	0x1
 579 00f1 86       		.byte	0x86
 580 00f2 00000000 		.4byte	.LFB2
 581 00f6 20000000 		.4byte	.LFE2-.LFB2
 582 00fa 01       		.uleb128 0x1
 583 00fb 9C       		.byte	0x9c
 584 00fc 3B010000 		.4byte	0x13b
 585 0100 07       		.uleb128 0x7
 586 0101 B5000000 		.4byte	.LASF19
 587 0105 01       		.byte	0x1
 588 0106 86       		.byte	0x86
 589 0107 77000000 		.4byte	0x77
 590 010b 21000000 		.4byte	.LLST1
 591 010f 07       		.uleb128 0x7
 592 0110 DA000000 		.4byte	.LASF20
 593 0114 01       		.byte	0x1
 594 0115 86       		.byte	0x86
 595 0116 6B000000 		.4byte	0x6b
 596 011a 42000000 		.4byte	.LLST2
 597 011e 09       		.uleb128 0x9
 598 011f 13000000 		.4byte	.LASF21
 599 0123 01       		.byte	0x1
 600 0124 88       		.byte	0x88
 601 0125 83000000 		.4byte	0x83
 602 0129 63000000 		.4byte	.LLST3
 603 012d 0A       		.uleb128 0xa
 604 012e C7000000 		.4byte	.LASF22
 605 0132 01       		.byte	0x1
 606 0133 89       		.byte	0x89
 607 0134 83000000 		.4byte	0x83
 608 0138 01       		.uleb128 0x1
 609 0139 50       		.byte	0x50
 610 013a 00       		.byte	0
 611 013b 0B       		.uleb128 0xb
 612 013c 1B000000 		.4byte	.LASF23
 613 0140 01       		.byte	0x1
 614 0141 B0       		.byte	0xb0
 615 0142 77000000 		.4byte	0x77
 616 0146 00000000 		.4byte	.LFB3
 617 014a 10000000 		.4byte	.LFE3-.LFB3
 618 014e 01       		.uleb128 0x1
 619 014f 9C       		.byte	0x9c
 620 0150 0B       		.uleb128 0xb
ARM GAS  C:\Users\prana\AppData\Local\Temp\ccgLZ1BZ.s 			page 29


 621 0151 5D000000 		.4byte	.LASF24
 622 0155 01       		.byte	0x1
 623 0156 C6       		.byte	0xc6
 624 0157 6B000000 		.4byte	0x6b
 625 015b 00000000 		.4byte	.LFB4
 626 015f 04000000 		.4byte	.LFE4-.LFB4
 627 0163 01       		.uleb128 0x1
 628 0164 9C       		.byte	0x9c
 629 0165 00       		.byte	0
 630              		.section	.debug_abbrev,"",%progbits
 631              	.Ldebug_abbrev0:
 632 0000 01       		.uleb128 0x1
 633 0001 11       		.uleb128 0x11
 634 0002 01       		.byte	0x1
 635 0003 25       		.uleb128 0x25
 636 0004 0E       		.uleb128 0xe
 637 0005 13       		.uleb128 0x13
 638 0006 0B       		.uleb128 0xb
 639 0007 03       		.uleb128 0x3
 640 0008 0E       		.uleb128 0xe
 641 0009 1B       		.uleb128 0x1b
 642 000a 0E       		.uleb128 0xe
 643 000b 55       		.uleb128 0x55
 644 000c 17       		.uleb128 0x17
 645 000d 11       		.uleb128 0x11
 646 000e 01       		.uleb128 0x1
 647 000f 10       		.uleb128 0x10
 648 0010 17       		.uleb128 0x17
 649 0011 00       		.byte	0
 650 0012 00       		.byte	0
 651 0013 02       		.uleb128 0x2
 652 0014 24       		.uleb128 0x24
 653 0015 00       		.byte	0
 654 0016 0B       		.uleb128 0xb
 655 0017 0B       		.uleb128 0xb
 656 0018 3E       		.uleb128 0x3e
 657 0019 0B       		.uleb128 0xb
 658 001a 03       		.uleb128 0x3
 659 001b 0E       		.uleb128 0xe
 660 001c 00       		.byte	0
 661 001d 00       		.byte	0
 662 001e 03       		.uleb128 0x3
 663 001f 24       		.uleb128 0x24
 664 0020 00       		.byte	0
 665 0021 0B       		.uleb128 0xb
 666 0022 0B       		.uleb128 0xb
 667 0023 3E       		.uleb128 0x3e
 668 0024 0B       		.uleb128 0xb
 669 0025 03       		.uleb128 0x3
 670 0026 08       		.uleb128 0x8
 671 0027 00       		.byte	0
 672 0028 00       		.byte	0
 673 0029 04       		.uleb128 0x4
 674 002a 16       		.uleb128 0x16
 675 002b 00       		.byte	0
 676 002c 03       		.uleb128 0x3
 677 002d 0E       		.uleb128 0xe
ARM GAS  C:\Users\prana\AppData\Local\Temp\ccgLZ1BZ.s 			page 30


 678 002e 3A       		.uleb128 0x3a
 679 002f 0B       		.uleb128 0xb
 680 0030 3B       		.uleb128 0x3b
 681 0031 05       		.uleb128 0x5
 682 0032 49       		.uleb128 0x49
 683 0033 13       		.uleb128 0x13
 684 0034 00       		.byte	0
 685 0035 00       		.byte	0
 686 0036 05       		.uleb128 0x5
 687 0037 35       		.uleb128 0x35
 688 0038 00       		.byte	0
 689 0039 49       		.uleb128 0x49
 690 003a 13       		.uleb128 0x13
 691 003b 00       		.byte	0
 692 003c 00       		.byte	0
 693 003d 06       		.uleb128 0x6
 694 003e 2E       		.uleb128 0x2e
 695 003f 01       		.byte	0x1
 696 0040 3F       		.uleb128 0x3f
 697 0041 19       		.uleb128 0x19
 698 0042 03       		.uleb128 0x3
 699 0043 0E       		.uleb128 0xe
 700 0044 3A       		.uleb128 0x3a
 701 0045 0B       		.uleb128 0xb
 702 0046 3B       		.uleb128 0x3b
 703 0047 0B       		.uleb128 0xb
 704 0048 27       		.uleb128 0x27
 705 0049 19       		.uleb128 0x19
 706 004a 11       		.uleb128 0x11
 707 004b 01       		.uleb128 0x1
 708 004c 12       		.uleb128 0x12
 709 004d 06       		.uleb128 0x6
 710 004e 40       		.uleb128 0x40
 711 004f 18       		.uleb128 0x18
 712 0050 9742     		.uleb128 0x2117
 713 0052 19       		.uleb128 0x19
 714 0053 01       		.uleb128 0x1
 715 0054 13       		.uleb128 0x13
 716 0055 00       		.byte	0
 717 0056 00       		.byte	0
 718 0057 07       		.uleb128 0x7
 719 0058 05       		.uleb128 0x5
 720 0059 00       		.byte	0
 721 005a 03       		.uleb128 0x3
 722 005b 0E       		.uleb128 0xe
 723 005c 3A       		.uleb128 0x3a
 724 005d 0B       		.uleb128 0xb
 725 005e 3B       		.uleb128 0x3b
 726 005f 0B       		.uleb128 0xb
 727 0060 49       		.uleb128 0x49
 728 0061 13       		.uleb128 0x13
 729 0062 02       		.uleb128 0x2
 730 0063 17       		.uleb128 0x17
 731 0064 00       		.byte	0
 732 0065 00       		.byte	0
 733 0066 08       		.uleb128 0x8
 734 0067 2E       		.uleb128 0x2e
ARM GAS  C:\Users\prana\AppData\Local\Temp\ccgLZ1BZ.s 			page 31


 735 0068 00       		.byte	0
 736 0069 3F       		.uleb128 0x3f
 737 006a 19       		.uleb128 0x19
 738 006b 03       		.uleb128 0x3
 739 006c 0E       		.uleb128 0xe
 740 006d 3A       		.uleb128 0x3a
 741 006e 0B       		.uleb128 0xb
 742 006f 3B       		.uleb128 0x3b
 743 0070 0B       		.uleb128 0xb
 744 0071 27       		.uleb128 0x27
 745 0072 19       		.uleb128 0x19
 746 0073 11       		.uleb128 0x11
 747 0074 01       		.uleb128 0x1
 748 0075 12       		.uleb128 0x12
 749 0076 06       		.uleb128 0x6
 750 0077 40       		.uleb128 0x40
 751 0078 18       		.uleb128 0x18
 752 0079 9742     		.uleb128 0x2117
 753 007b 19       		.uleb128 0x19
 754 007c 00       		.byte	0
 755 007d 00       		.byte	0
 756 007e 09       		.uleb128 0x9
 757 007f 34       		.uleb128 0x34
 758 0080 00       		.byte	0
 759 0081 03       		.uleb128 0x3
 760 0082 0E       		.uleb128 0xe
 761 0083 3A       		.uleb128 0x3a
 762 0084 0B       		.uleb128 0xb
 763 0085 3B       		.uleb128 0x3b
 764 0086 0B       		.uleb128 0xb
 765 0087 49       		.uleb128 0x49
 766 0088 13       		.uleb128 0x13
 767 0089 02       		.uleb128 0x2
 768 008a 17       		.uleb128 0x17
 769 008b 00       		.byte	0
 770 008c 00       		.byte	0
 771 008d 0A       		.uleb128 0xa
 772 008e 34       		.uleb128 0x34
 773 008f 00       		.byte	0
 774 0090 03       		.uleb128 0x3
 775 0091 0E       		.uleb128 0xe
 776 0092 3A       		.uleb128 0x3a
 777 0093 0B       		.uleb128 0xb
 778 0094 3B       		.uleb128 0x3b
 779 0095 0B       		.uleb128 0xb
 780 0096 49       		.uleb128 0x49
 781 0097 13       		.uleb128 0x13
 782 0098 02       		.uleb128 0x2
 783 0099 18       		.uleb128 0x18
 784 009a 00       		.byte	0
 785 009b 00       		.byte	0
 786 009c 0B       		.uleb128 0xb
 787 009d 2E       		.uleb128 0x2e
 788 009e 00       		.byte	0
 789 009f 3F       		.uleb128 0x3f
 790 00a0 19       		.uleb128 0x19
 791 00a1 03       		.uleb128 0x3
ARM GAS  C:\Users\prana\AppData\Local\Temp\ccgLZ1BZ.s 			page 32


 792 00a2 0E       		.uleb128 0xe
 793 00a3 3A       		.uleb128 0x3a
 794 00a4 0B       		.uleb128 0xb
 795 00a5 3B       		.uleb128 0x3b
 796 00a6 0B       		.uleb128 0xb
 797 00a7 27       		.uleb128 0x27
 798 00a8 19       		.uleb128 0x19
 799 00a9 49       		.uleb128 0x49
 800 00aa 13       		.uleb128 0x13
 801 00ab 11       		.uleb128 0x11
 802 00ac 01       		.uleb128 0x1
 803 00ad 12       		.uleb128 0x12
 804 00ae 06       		.uleb128 0x6
 805 00af 40       		.uleb128 0x40
 806 00b0 18       		.uleb128 0x18
 807 00b1 9742     		.uleb128 0x2117
 808 00b3 19       		.uleb128 0x19
 809 00b4 00       		.byte	0
 810 00b5 00       		.byte	0
 811 00b6 00       		.byte	0
 812              		.section	.debug_loc,"",%progbits
 813              	.Ldebug_loc0:
 814              	.LLST0:
 815 0000 00000000 		.4byte	.LVL0
 816 0004 0C000000 		.4byte	.LVL1
 817 0008 0100     		.2byte	0x1
 818 000a 50       		.byte	0x50
 819 000b 0C000000 		.4byte	.LVL1
 820 000f 1C000000 		.4byte	.LFE0
 821 0013 0400     		.2byte	0x4
 822 0015 F3       		.byte	0xf3
 823 0016 01       		.uleb128 0x1
 824 0017 50       		.byte	0x50
 825 0018 9F       		.byte	0x9f
 826 0019 00000000 		.4byte	0
 827 001d 00000000 		.4byte	0
 828              	.LLST1:
 829 0021 00000000 		.4byte	.LVL2
 830 0025 0E000000 		.4byte	.LVL4
 831 0029 0100     		.2byte	0x1
 832 002b 50       		.byte	0x50
 833 002c 0E000000 		.4byte	.LVL4
 834 0030 20000000 		.4byte	.LFE2
 835 0034 0400     		.2byte	0x4
 836 0036 F3       		.byte	0xf3
 837 0037 01       		.uleb128 0x1
 838 0038 50       		.byte	0x50
 839 0039 9F       		.byte	0x9f
 840 003a 00000000 		.4byte	0
 841 003e 00000000 		.4byte	0
 842              	.LLST2:
 843 0042 00000000 		.4byte	.LVL2
 844 0046 04000000 		.4byte	.LVL3
 845 004a 0100     		.2byte	0x1
 846 004c 51       		.byte	0x51
 847 004d 04000000 		.4byte	.LVL3
 848 0051 20000000 		.4byte	.LFE2
ARM GAS  C:\Users\prana\AppData\Local\Temp\ccgLZ1BZ.s 			page 33


 849 0055 0400     		.2byte	0x4
 850 0057 F3       		.byte	0xf3
 851 0058 01       		.uleb128 0x1
 852 0059 51       		.byte	0x51
 853 005a 9F       		.byte	0x9f
 854 005b 00000000 		.4byte	0
 855 005f 00000000 		.4byte	0
 856              	.LLST3:
 857 0063 14000000 		.4byte	.LVL5
 858 0067 16000000 		.4byte	.LVL6
 859 006b 0500     		.2byte	0x5
 860 006d 75       		.byte	0x75
 861 006e 00       		.sleb128 0
 862 006f 37       		.byte	0x37
 863 0070 1A       		.byte	0x1a
 864 0071 9F       		.byte	0x9f
 865 0072 16000000 		.4byte	.LVL6
 866 0076 20000000 		.4byte	.LFE2
 867 007a 0100     		.2byte	0x1
 868 007c 53       		.byte	0x53
 869 007d 00000000 		.4byte	0
 870 0081 00000000 		.4byte	0
 871              		.section	.debug_aranges,"",%progbits
 872 0000 3C000000 		.4byte	0x3c
 873 0004 0200     		.2byte	0x2
 874 0006 00000000 		.4byte	.Ldebug_info0
 875 000a 04       		.byte	0x4
 876 000b 00       		.byte	0
 877 000c 0000     		.2byte	0
 878 000e 0000     		.2byte	0
 879 0010 00000000 		.4byte	.LFB0
 880 0014 1C000000 		.4byte	.LFE0-.LFB0
 881 0018 00000000 		.4byte	.LFB1
 882 001c 18000000 		.4byte	.LFE1-.LFB1
 883 0020 00000000 		.4byte	.LFB2
 884 0024 20000000 		.4byte	.LFE2-.LFB2
 885 0028 00000000 		.4byte	.LFB3
 886 002c 10000000 		.4byte	.LFE3-.LFB3
 887 0030 00000000 		.4byte	.LFB4
 888 0034 04000000 		.4byte	.LFE4-.LFB4
 889 0038 00000000 		.4byte	0
 890 003c 00000000 		.4byte	0
 891              		.section	.debug_ranges,"",%progbits
 892              	.Ldebug_ranges0:
 893 0000 00000000 		.4byte	.LFB0
 894 0004 1C000000 		.4byte	.LFE0
 895 0008 00000000 		.4byte	.LFB1
 896 000c 18000000 		.4byte	.LFE1
 897 0010 00000000 		.4byte	.LFB2
 898 0014 20000000 		.4byte	.LFE2
 899 0018 00000000 		.4byte	.LFB3
 900 001c 10000000 		.4byte	.LFE3
 901 0020 00000000 		.4byte	.LFB4
 902 0024 04000000 		.4byte	.LFE4
 903 0028 00000000 		.4byte	0
 904 002c 00000000 		.4byte	0
 905              		.section	.debug_line,"",%progbits
ARM GAS  C:\Users\prana\AppData\Local\Temp\ccgLZ1BZ.s 			page 34


 906              	.Ldebug_line0:
 907 0000 C9000000 		.section	.debug_str,"MS",%progbits,1
 907      02004400 
 907      00000201 
 907      FB0E0D00 
 907      01010101 
 908              	.LASF28:
 909 0000 436C6F63 		.ascii	"Clock_2_Stop\000"
 909      6B5F325F 
 909      53746F70 
 909      00
 910              	.LASF15:
 911 000d 72656733 		.ascii	"reg32\000"
 911      3200
 912              	.LASF21:
 913 0013 6D61736B 		.ascii	"maskVal\000"
 913      56616C00 
 914              	.LASF23:
 915 001b 436C6F63 		.ascii	"Clock_2_GetDividerRegister\000"
 915      6B5F325F 
 915      47657444 
 915      69766964 
 915      65725265 
 916              	.LASF26:
 917 0036 47656E65 		.ascii	"Generated_Source\\PSoC4\\Clock_2.c\000"
 917      72617465 
 917      645F536F 
 917      75726365 
 917      5C50536F 
 918              	.LASF12:
 919 0057 666C6F61 		.ascii	"float\000"
 919      7400
 920              	.LASF24:
 921 005d 436C6F63 		.ascii	"Clock_2_GetFractionalDividerRegister\000"
 921      6B5F325F 
 921      47657446 
 921      72616374 
 921      696F6E61 
 922              	.LASF1:
 923 0082 756E7369 		.ascii	"unsigned char\000"
 923      676E6564 
 923      20636861 
 923      7200
 924              	.LASF5:
 925 0090 6C6F6E67 		.ascii	"long unsigned int\000"
 925      20756E73 
 925      69676E65 
 925      6420696E 
 925      7400
 926              	.LASF3:
 927 00a2 73686F72 		.ascii	"short unsigned int\000"
 927      7420756E 
 927      7369676E 
 927      65642069 
 927      6E7400
 928              	.LASF19:
 929 00b5 636C6B44 		.ascii	"clkDivider\000"
ARM GAS  C:\Users\prana\AppData\Local\Temp\ccgLZ1BZ.s 			page 35


 929      69766964 
 929      657200
 930              	.LASF13:
 931 00c0 646F7562 		.ascii	"double\000"
 931      6C6500
 932              	.LASF22:
 933 00c7 72656756 		.ascii	"regVal\000"
 933      616C00
 934              	.LASF18:
 935 00ce 616C6967 		.ascii	"alignClkDiv\000"
 935      6E436C6B 
 935      44697600 
 936              	.LASF20:
 937 00da 636C6B46 		.ascii	"clkFractional\000"
 937      72616374 
 937      696F6E61 
 937      6C00
 938              	.LASF10:
 939 00e8 75696E74 		.ascii	"uint16\000"
 939      313600
 940              	.LASF11:
 941 00ef 75696E74 		.ascii	"uint32\000"
 941      333200
 942              	.LASF8:
 943 00f6 756E7369 		.ascii	"unsigned int\000"
 943      676E6564 
 943      20696E74 
 943      00
 944              	.LASF17:
 945 0103 436C6F63 		.ascii	"Clock_2_SetFractionalDividerRegister\000"
 945      6B5F325F 
 945      53657446 
 945      72616374 
 945      696F6E61 
 946              	.LASF7:
 947 0128 6C6F6E67 		.ascii	"long long unsigned int\000"
 947      206C6F6E 
 947      6720756E 
 947      7369676E 
 947      65642069 
 948              	.LASF25:
 949 013f 474E5520 		.ascii	"GNU C11 5.4.1 20160609 (release) [ARM/embedded-5-br"
 949      43313120 
 949      352E342E 
 949      31203230 
 949      31363036 
 950 0172 616E6368 		.ascii	"anch revision 237715] -mcpu=cortex-m0 -mthumb -g -O"
 950      20726576 
 950      6973696F 
 950      6E203233 
 950      37373135 
 951 01a5 73202D66 		.ascii	"s -ffunction-sections -ffat-lto-objects -finline-fu"
 951      66756E63 
 951      74696F6E 
 951      2D736563 
 951      74696F6E 
 952 01d8 6E637469 		.ascii	"nctions -flto -fno-strict-aliasing\000"
ARM GAS  C:\Users\prana\AppData\Local\Temp\ccgLZ1BZ.s 			page 36


 952      6F6E7320 
 952      2D666C74 
 952      6F202D66 
 952      6E6F2D73 
 953              	.LASF16:
 954 01fb 436C6F63 		.ascii	"Clock_2_StartEx\000"
 954      6B5F325F 
 954      53746172 
 954      74457800 
 955              	.LASF6:
 956 020b 6C6F6E67 		.ascii	"long long int\000"
 956      206C6F6E 
 956      6720696E 
 956      7400
 957              	.LASF14:
 958 0219 63686172 		.ascii	"char\000"
 958      00
 959              	.LASF2:
 960 021e 73686F72 		.ascii	"short int\000"
 960      7420696E 
 960      7400
 961              	.LASF9:
 962 0228 75696E74 		.ascii	"uint8\000"
 962      3800
 963              	.LASF4:
 964 022e 6C6F6E67 		.ascii	"long int\000"
 964      20696E74 
 964      00
 965              	.LASF0:
 966 0237 7369676E 		.ascii	"signed char\000"
 966      65642063 
 966      68617200 
 967              	.LASF27:
 968 0243 443A5C56 		.ascii	"D:\\V-TE-PWR\\PDSS_SRC_SNK\\CYPD3171-24LQXQ_pb\\CYP"
 968      2D54452D 
 968      5057525C 
 968      50445353 
 968      5F535243 
 969 0272 44333137 		.ascii	"D3171-24LQXQ_pb.cydsn\000"
 969      312D3234 
 969      4C515851 
 969      5F70622E 
 969      63796473 
 970              		.comm	__gnu_lto_v1,1,1
 971              		.ident	"GCC: (GNU Tools for ARM Embedded Processors) 5.4.1 20160609 (release) [ARM/embedded-5-bran
