ARM GAS  C:\Users\prana\AppData\Local\Temp\cczz8trP.s 			page 1


   1              		.syntax unified
   2              		.cpu cortex-m0
   3              		.fpu softvfp
   4              		.eabi_attribute 20, 1
   5              		.eabi_attribute 21, 1
   6              		.eabi_attribute 23, 3
   7              		.eabi_attribute 24, 1
   8              		.eabi_attribute 25, 1
   9              		.eabi_attribute 26, 1
  10              		.eabi_attribute 30, 4
  11              		.eabi_attribute 34, 0
  12              		.eabi_attribute 18, 4
  13              		.thumb
  14              		.syntax unified
  15              		.file	"Clock_3.c"
  16              		.text
  17              	.Ltext0:
  18              		.section	.gnu.lto_.profile.95e21bd4,"",%progbits
  19 0000 789C6361 		.ascii	"x\234ca`d`a`\000\222r\222\000\000\277\000B"
  19      60646061 
  19      60009272 
  19      920000BF 
  19      0042
  20              		.text
  21              		.section	.gnu.lto_.icf.95e21bd4,"",%progbits
  22 0000 789C6361 		.ascii	"x\234ca`d\000\001\005\006\004`e\270~\365\303|n\306\206"
  22      60640001 
  22      05060460 
  22      65B87EF5 
  22      C37C6EC6 
  23 0015 B7334FF0 		.ascii	"\2673O\3603=\232\276\366\0067\363\207\023\267\017s\263"
  23      333D9ABE 
  23      F60637F3 
  23      8713B70F 
  23      73B3
  24 0027 CC6E9A37 		.ascii	"\314n\2327\205\207\001\000\005p\017\035"
  24      85870100 
  24      05700F1D 
  25              		.text
  26              		.section	.gnu.lto_.jmpfuncs.95e21bd4,"",%progbits
  27 0000 789C6361 		.ascii	"x\234ca`d\000\001q\006\004`e`dd\254\007\21231122\327"
  27      60640001 
  27      71060460 
  27      65606464 
  27      AC078A33 
  28 0019 D7333330 		.ascii	"\327330\260\000\205\001\026\322\001\263"
  28      B0008501 
  28      16D201B3 
  29              		.text
  30              		.section	.gnu.lto_.inline.95e21bd4,"",%progbits
  31 0000 789C458B 		.ascii	"x\234E\213\261\015\2000\014\004\337\316\007B(`\003("
  31      B10D8030 
  31      0C04DFCE 
  31      07422860 
  31      0328
  32 0012 10E33013 		.ascii	"\020\3430\023#PRf\016\246`$l!\310\027\226\375\347#\004"
  32      23505266 
ARM GAS  C:\Users\prana\AppData\Local\Temp\cczz8trP.s 			page 2


  32      0EA66024 
  32      6C21C817 
  32      96FDE723 
  33 0027 9E1D3511 		.ascii	"\236\0355\021\350V\021\314\206B\272N\242)\223\202e\242"
  33      E85611CC 
  33      8642BA4E 
  33      A2299382 
  33      65A2
  34 0039 6341BB08 		.ascii	"cA\273\010\264\002\213\242\317\242\030\315\220d\203"
  34      B4028BA2 
  34      CFA218CD 
  34      906483
  35 0048 F9D85EA8 		.ascii	"\371\330^\250\367@W\223\277\005D\232j\347o\022A\255"
  35      F7405793 
  35      BF05449A 
  35      6AE76F12 
  35      41AD
  36 005a B2ED6BF0 		.ascii	"\262\355k\360\000t\\\014$"
  36      00745C0C 
  36      24
  37              		.text
  38              		.section	.gnu.lto_.pureconst.95e21bd4,"",%progbits
  39 0000 789C6361 		.ascii	"x\234ca`d\340f```e\220b\224b\222b\226ba\000\000\003"
  39      6064E066 
  39      60606065 
  39      90629462 
  39      92629662 
  40 0018 E40088   		.ascii	"\344\000\210"
  41              		.text
  42              		.section	.gnu.lto_Clock_3_StartEx.95e21bd4,"",%progbits
  43 0000 789C5551 		.ascii	"x\234UQMk\023a\020\236\347\375\330l\355\307/\350\241"
  43      4D6B1361 
  43      109EE7FD 
  43      D86CEDC7 
  43      2FE8A1
  44 0013 82507A50 		.ascii	"\202PzP\017\372\007$\242\327b\257\205R\322 \265\241"
  44      0FFA0724 
  44      A2D762AF 
  44      8552D220 
  44      B5A1
  45 0025 81A25E7D 		.ascii	"\201\242^}\223\335mT<\010\305\036BKP\220\266jMcO\342"
  45      93DD6D54 
  45      3C08C51E 
  45      424B5090 
  45      B66A4D63 
  46 003b 25464410 		.ascii	"%FD\020\214\364b/\036\374\300=xJ\264\212Xm\234\311\346"
  46      8CF4622F 
  46      1EFCC03D 
  46      784AB48A 
  46      586D9CC9 
  47 0050 600776E6 		.ascii	"`\007v\346\235\341\231\231\347\2315\004\022\033RD'9"
  47      9DE19999 
  47      E7993504 
  47      121B5244 
  47      2739
  48 0062 9EE30F1E 		.ascii	"\236\343\017\036A\335n\022\025|\005\235<\264\262\267"
  48      41DD6E12 
ARM GAS  C:\Users\prana\AppData\Local\Temp\cczz8trP.s 			page 3


  48      157C059D 
  48      3CB4B2B7 
  49 0072 5E11B923 		.ascii	"^\021\271#&L\221\033\260I\375\214\001$:\037tMik\300"
  49      264C911B 
  49      B049FD8C 
  49      01243A1F 
  49      744D696B 
  50 0087 9E12FBA1 		.ascii	"\236\022\373\241\376*4J\361S5\266\346\330>|Y\322n\275"
  50      FE2A344A 
  50      F15335B6 
  50      E6D83E7C 
  50      59D26EBD 
  51 009b 8E88011D 		.ascii	"\216\210\001\035\225`\260\2061F\355\204[+zOE\0320\234"
  51      9560B086 
  51      3146ED84 
  51      5B2B7A4F 
  51      451A309C 
  52 00af B6DF943F 		.ascii	"\266\337\224?\017I\2520\302\351\215\027?\237\033}\014"
  52      0F49AA30 
  52      C2E98D17 
  52      3F9F1B7D 
  52      0C
  53 00c0 C4EFDAF7 		.ascii	"\304\357\332\367J<8z\337\271\242s\3733\256/\322\032"
  53      4A3C387A 
  53      DFB9A273 
  53      FB33AE2F 
  53      D21A
  54 00d2 0FA0791E 		.ascii	"\017\240y\03660\214u\014\023\227\010\0171*\360O\265"
  54      36308C75 
  54      0C139708 
  54      0F312AF0 
  54      4FB5
  55 00e4 833B835E 		.ascii	"\203;\203^(\353G\222\245x\004O\024W/\324]\247\023\270"
  55      28EB4792 
  55      A578044F 
  55      14572FD4 
  55      5DA713B8 
  56 00f8 7ACD6E6A 		.ascii	"z\315nj_q\227\321\354X\201\364Z\311=qD-nc\315-\2458"
  56      5F7197D1 
  56      EC5881F4 
  56      5AC93D71 
  56      442D6E63 
  57 0110 E836EB63 		.ascii	"\3506\353c\305:F\343\367\315w/\265\314\013\264H]\216"
  57      C53A46E3 
  57      F7CD772F 
  57      B5CC0BB4 
  57      485D8E
  58 0123 1A6F53C2 		.ascii	"\032oS\302\332\3532\275ww\177\327&\251s\241\023]\245"
  58      DAEB32BD 
  58      77777FD7 
  58      26A973A1 
  58      135DA5
  59 0136 686763A0 		.ascii	"hgc\240\202\325B\310GH\3411\023\336d\302\204**\240\030"
  59      82D542C8 
  59      4748E131 
  59      13DE64C2 
  59      842A2AA0 
ARM GAS  C:\Users\prana\AppData\Local\Temp\cczz8trP.s 			page 4


  60 014b C56FA53F 		.ascii	"\305o\245?^2P\363L\372\210\260\031\\\352\025\376\337"
  60      5E3250F3 
  60      4CFA88B0 
  60      195CEA15 
  60      FEDF
  61 015d 6041D892 		.ascii	"`A\330\222N\022z\226\370\317\240\255\214\360\213\021"
  61      4E127A96 
  61      F8CFA0AD 
  61      8CF08B11 
  62 016d B4169BB1 		.ascii	"\264\026\233\261M\272l\240eq\371\331\336\353.\027\037"
  62      4DBA6CA0 
  62      6571F9D9 
  62      DEEB2E17 
  62      1F
  63 017e 3E6ADCC8 		.ascii	">j\334\310\250_\213\357{\273\004'\323\017\256\227\225"
  63      A85F8BEF 
  63      7BBB0427 
  63      D30FAE97 
  63      95
  64 018f 800CE45E 		.ascii	"\200\014\344^>\236t\201\215\345v\365\270\000\017\011"
  64      3E9E7481 
  64      8DE576F5 
  64      B8000F09 
  65 019f 2838D77F 		.ascii	"(8\327\177X\3036k\340Y\364\025\305\372nw}\217\036\230"
  65      58C3366B 
  65      E059F415 
  65      C5FA6E77 
  65      7D8F1E98 
  66 01b3 169FF0E8 		.ascii	"\026\237\360\350\371\354|va\372rvfj\"\177e!\223\235"
  66      F9EC7C76 
  66      61FA7276 
  66      666A227F 
  66      6521939D 
  67 01c7 1C9FC8A7 		.ascii	"\034\237\310\247OO\246s\371\314\334\324\251\023\031"
  67      4F4FA673 
  67      F9CCDCD4 
  67      A91319
  68 01d6 EA9FCECD 		.ascii	"\352\237\316\315^\234O\347\346\316\316^\375\007\031"
  68      5E9C4FE7 
  68      E6CECE5E 
  68      FD0719
  69 01e5 72C0BE   		.ascii	"r\300\276"
  70              		.text
  71              		.section	.gnu.lto_Clock_3_Stop.95e21bd4,"",%progbits
  72 0000 789C5550 		.ascii	"x\234UP\277K\202Q\024\275\347\275\367\251\224\375\007"
  72      BF4B8251 
  72      14BDE7BD 
  72      F7A994FD 
  72      07
  73 0011 0E45934B 		.ascii	"\016E\223K\0045\264\206\220k\344*H\330\267\364K\220"
  73      0435B486 
  73      906BE42A 
  73      48D8B7F4 
  73      4B90
  74 0023 9A7BEAF7 		.ascii	"\232{\352\367!DC\0155\025R\213\332O\032\203\006si3$"
  74      2144430D 
  74      3515528B 
ARM GAS  C:\Users\prana\AppData\Local\Temp\cczz8trP.s 			page 5


  74      DA4F1A83 
  74      06736933 
  75 0038 C8B5821C 		.ascii	"\310\265\202\034\"H\303\226~\331}|\016u\341\336\373"
  75      2248C396 
  75      7ED97D7C 
  75      0E75E1DE 
  75      FB
  76 0049 DE7DE79D 		.ascii	"\336}\347\235s\270\212@&\226\270\015s\237\342\204\217"
  76      73B88A40 
  76      2696B80D 
  76      739FE284 
  76      8F
  77 005a 20366B44 		.ascii	" 6kD\231\200\200\364\016RX\033\327D\272O9~\322A\313"
  77      998080F4 
  77      0E52581B 
  77      D744BA4F 
  77      397ED241 
  78 006f 9B4F2AC0 		.ascii	"\233O*\300t\035\000\255\011i)p%/\336\305\267@5\337\274"
  78      741D00AD 
  78      09692970 
  78      252FDEC5 
  78      B74035DF 
  79 0084 10E1A2E6 		.ascii	"\020\341\242\346\270\177z\035\325\245\012\\\006t\205"
  79      B87F7A1D 
  79      D5A50A5C 
  79      067485
  80 0093 87411161 		.ascii	"\207A\021ab\330\343\371\317\366\200\3171\260A\357\021"
  80      62D8E3F9 
  80      CFF680CF 
  80      31B041EF 
  80      11
  81 00a4 25F88CB3 		.ascii	"%\370\214\263\263\231\212\356vs\272\262\345\277\272"
  81      B3998AEE 
  81      7673BAB2 
  81      E5BFBA
  82 00b3 F35B825C 		.ascii	"\363[\202\\\011\311\2051-N6\323\022\202\233l\2630[\221"
  82      09C98531 
  82      2D4E36D3 
  82      12829B6C 
  82      B3305B91 
  83 00c7 4D543FD6 		.ascii	"MT?\326\233\273\023\206 '\215\207\035\267z\343\357\010"
  83      9BBB1386 
  83      20278D87 
  83      1DB77AE3 
  83      EF08
  84 00d9 574A18AD 		.ascii	"WJ\030\255\203\375\317\206\345]\265v\264\342Q\336\255"
  84      83FDCF86 
  84      E55DB576 
  84      B4E251DE 
  84      AD
  85 00ea 978305EC 		.ascii	"\227\203\005\354e\034v\247p\210\020\312\010\261\211"
  85      651C76A7 
  85      708810CA 
  85      08B189
  86 00f9 2314404D 		.ascii	"#\024@Md\337\362_>\217P2'=\300\251\345\346{\203\277"
  86      64DFF25F 
  86      3E8F5032 
ARM GAS  C:\Users\prana\AppData\Local\Temp\cczz8trP.s 			page 6


  86      273DC0A9 
  86      E5E67B83 
  87 010e 0A028463 		.ascii	"\012\002\204c\363\223\214=\213xeh\013e\374\261\257N"
  87      F3938C3D 
  87      8B786568 
  87      0B65FCB1 
  87      AF4E
  88 0120 EBA56E99 		.ascii	"\353\245n\231_\377$3Z\367\377W=aU\206\334f\363\227\312"
  88      5FFF2433 
  88      5AF7FF57 
  88      3D615586 
  88      DC66F397 
  89 0135 B0026631 		.ascii	"\260\002f1\012\247\374\372\214l\245\0215$=\02109/b("
  89      0AA7FCFA 
  89      8C6CA511 
  89      35243D11 
  89      30392F62 
  90 014a 6A2FDBE9 		.ascii	"j/\333\351\331\025{.\021K\255\246\223v|:\226\212\214"
  90      D9157B2E 
  90      114BADA6 
  90      93767C3A 
  90      968A8C
  91 015d C7238BA9 		.ascii	"\307#\213\251\344Bbl$I\277\034\373\214y"
  91      E442626C 
  91      2449BF1C 
  91      FB8C79
  92              		.text
  93              		.section	.gnu.lto_Clock_3_SetFractionalDividerRegister.95e21bd4,"",%progbits
  94 0000 789C6D52 		.ascii	"x\234mRMHTQ\024\276\347\336\2317\317\231qt\031\344\302"
  94      4D485451 
  94      14BEE7DE 
  94      9937CF99 
  94      717419E4 
  95 0015 20113765 		.ascii	" \0217e\330\242Mm\224\202\332D\202+A\206q\010qr`\264"
  95      D8A24D6D 
  95      9482DA44 
  95      822B4186 
  95      71087172 
  96 002b B6DEF979 		.ascii	"\266\336\371yc\015E\022$)\211\0131\177\323\231\354G"
  96      630D4512 
  96      2429890B 
  96      317FD399 
  96      EC47
  97 003d 53E83560 		.ascii	"S\3505`\0131#I\333Y\230\030H\324(\226!\352t\316\273"
  97      0B312349 
  97      DB599818 
  97      48D42896 
  97      21EA74CE 
  98 0052 633FD085 		.ascii	"c?\320\205w\357=\347}\337w\376\256\215\001\243\325,"
  98      77EF3DE7 
  98      7DDF77FE 
  98      AE8D01A3 
  98      D52C
  99 0064 18BB80E7 		.ascii	"\030\273\200\347a\374@0\340\355\363\214\205u\016@\027"
  99      61FC4030 
  99      E0EDF38C 
  99      85750E40 
ARM GAS  C:\Users\prana\AppData\Local\Temp\cczz8trP.s 			page 7


  99      17
 100 0075 A9036BE5 		.ascii	"\251\003k\345\320\012\337\371\036\207t\333\332$/\353"
 100      D00ADFF9 
 100      1E8774DB 
 100      DA242FEB 
 101 0085 97B83ECE 		.ascii	"\227\270>\316\364\236\220\003&\030H\317rK\211A?\224"
 101      F49E9003 
 101      261848CF 
 101      724B8941 
 101      3F94
 102 0097 216A26BB 		.ascii	"!j&\273m\026lqC\000\020i!3\327\355\"\223C!\232\361\315"
 102      6D166C71 
 102      43001069 
 102      2133D7ED 
 102      22934321 
 103 00ae F7AB6E71 		.ascii	"\367\253nq\024\030\336\207\223/\022\005\245}RF\244\\"
 103      1418DE87 
 103      932F1205 
 103      A57D5246 
 103      A45C
 104 00c0 F44ABB21 		.ascii	"\364J\273!\004\014\201@=\030\204\"\030\200\"\206.\006"
 104      040C8140 
 104      3D188422 
 104      18802286 
 104      2E06
 105 00d2 C3508AE8 		.ascii	"\303P\212\350\266\324\203;\036q\334b\366]\337\031\201"
 105      B6D4833B 
 105      1E71DC62 
 105      F65DDF19 
 105      81
 106 00e3 1CB3F395 		.ascii	"\034\263\363\225K\226\033\302\006#\212ZQ\004\345D\264"
 106      4B961BC2 
 106      06238A5A 
 106      5104E544 
 106      B4
 107 00f4 317808A5 		.ascii	"1x\010\245\204~\033K\336\027*#\033\232\033\257\273>"
 107      847E1B4B 
 107      DE172A23 
 107      1B9A1BAF 
 107      BB3E
 108 0106 795446C5 		.ascii	"yTF\305h~\375\274|;_\234\266t\277\335\223\205%\275$"
 108      687EFDBC 
 108      7C3B5F9C 
 108      B674BFDD 
 108      938525BD 
 109 011b 6B8E273C 		.ascii	"k\216'<\235\322\214\025\033\302\016I\245<\206I\215b"
 109      9DD28C15 
 109      1BC20E49 
 109      A53C8649 
 109      8D62
 110 012d 52B4103C 		.ascii	"R\264\020<6\235\\\344\242\312\"\216\336J\215j9fr\326"
 110      369D5CE4 
 110      A2CA228E 
 110      DE4A8D6A 
 110      396672D6 
 111 0141 2DDBC33A 		.ascii	"-\333\303:\021\037\375\227\270\222\332\277\233\257\305"
 111      111FFD97 
ARM GAS  C:\Users\prana\AppData\Local\Temp\cczz8trP.s 			page 8


 111      B892DABF 
 111      9BAFC5
 112 0150 A88FC530 		.ascii	"\250\217\3050\016%\220\202\022\325Ex\014\032\316\205"
 112      0E259082 
 112      12D54578 
 112      0C1ACE85 
 113 0160 1F78C72E 		.ascii	"\037x\307.\2312\233\215J\263\307\371r\327\351\341X\226"
 113      99329B8D 
 113      4AB3C7F9 
 113      72D7E9E1 
 113      5896
 114 0172 860DC1BF 		.ascii	"\206\015\301\2776\240\266\330\311\241\321\346\240M\007"
 114      36A0B6D8 
 114      C9A1D1E6 
 114      A04D07
 115 0181 2A398FAE 		.ascii	"*9\217\256N\332\\\264\271\231\245\3172\030\200f\272"
 115      4EDA5CB4 
 115      B999A5CF 
 115      32188066 
 115      BA
 116 0192 C1399D62 		.ascii	"\3019\235b\015\322;\211\037\203g(fT\320\250:\214\364"
 116      0DD23B89 
 116      1F836728 
 116      6654D0A8 
 116      3A8CF4
 117 01a5 1B0735C6 		.ascii	"\033\0075\306a\325tcb\377\246P\246\214\305$\265n~\375"
 117      61D57463 
 117      62FFA650 
 117      A68CC524 
 117      B56E7EFD 
 118 01b9 434B0F74 		.ascii	"CK\017t\207c8x\035\236bYO\250,x\006=\300\326 \272\033"
 118      87633878 
 118      1D9E6259 
 118      4FA82C78 
 118      063DC0D6 
 119 01d0 FF024A4F 		.ascii	"\377\002JO(\311\255\204\261mih\340\200\011\304\256\000"
 119      28C9AD84 
 119      B16D6968 
 119      E08009C4 
 119      AE00
 120 01e2 B78AC412 		.ascii	"\267\212\304\022\020\204\234\310f\333\322P\215\"\331"
 120      10849CC8 
 120      66DBD250 
 120      8D22D9
 121 01f1 A3383594 		.ascii	"\24385\224\311\304\347\016)\0179Q\246kjk\326N2y\240"
 121      C9C4E70E 
 121      290F3951 
 121      A66B6A6B 
 121      D64E3279 
 122 0206 C324CA20 		.ascii	"\303$\312 \350g|~\250V\241\034V<M\251-\037\250\345E"
 122      E8677C7E 
 122      A856A11C 
 122      563C4DA9 
 122      2D1FA8E5 
 123 021b 85AED4DE 		.ascii	"\205\256\324\336\345\222r\242\223\336\361f\262\337\255"
 123      E59272A2 
 123      93DEF166 
ARM GAS  C:\Users\prana\AppData\Local\Temp\cczz8trP.s 			page 9


 123      B2DFAD
 124 022a D4043C57 		.ascii	"\324\004<Wj\273\361\325\\H\027\342h\272\306\352\240"
 124      6ABBF1D5 
 124      5C4817E2 
 124      68BAC6EA 
 124      A0
 125 023b AE32CF02 		.ascii	"\2562\317\002L\375\211yJ\301\334VX\327\357\202RT\220"
 125      4CFD8979 
 125      4AC1DC56 
 125      58D7EF82 
 125      525490
 126 024e 1B41E98E 		.ascii	"\033A\351\216\215\345\005;\371\376nXXJ\327\277=\233"
 126      8DE5053B 
 126      F9FE6E58 
 126      584AD7BF 
 126      3D9B
 127 0260 C69E1163 		.ascii	"\306\236\021c\035\"\346\336y\302[\357#\303\201\306\203"
 127      1D22E6DE 
 127      79C25BEF 
 127      23C381C6 
 127      83
 128 0271 C33A72CE 		.ascii	"\303:r\316\337\344\017y[\374\365u\325\301\253!\237\277"
 128      DFE40F79 
 128      5BFCF575 
 128      D5C1AB21 
 128      9FBF
 129 0283 F66275B0 		.ascii	"\366bu\260\362dme \350k\254\2538\346cN_\240\261\252"
 129      F2646D65 
 129      20E86BAC 
 129      AB38E663 
 129      4E5FA0B1 
 130 0298 E15A43BD 		.ascii	"\341ZC\275?\224\217\327\263!\257\257\245!\330\344\015"
 130      3F948FD7 
 130      B321AFAF 
 130      A521D8E4 
 130      0D
 131 02a9 6821FFE5 		.ascii	"h!\377\345\032o\300q\305\333\334\210\347/\305\3456("
 131      1A6FC071 
 131      C5DBDC88 
 131      E72FC5E5 
 131      3628
 132              		.text
 133              		.section	.gnu.lto_Clock_3_GetDividerRegister.95e21bd4,"",%progbits
 134 0000 789C2D90 		.ascii	"x\234-\220\261KBQ\024\306\317w\357\323\004\211\332s"
 134      B14B4251 
 134      14C6CF77 
 134      EFD30489 
 134      DA73
 135 0012 285A7269 		.ascii	"(Zri\311\177 \204Z#WA\302\336T$\210\315^}\357\021EC"
 135      C97F2084 
 135      5A235741 
 135      C2DE5424 
 135      88CD5E7D 
 136 002a 4B0D81B8 		.ascii	"K\015\201\270\004\226\225\322\026\265\230\320\022aP"
 136      049695D2 
 136      16B598D0 
 136      126150
ARM GAS  C:\Users\prana\AppData\Local\Temp\cczz8trP.s 			page 10


 137 0039 106D4584 		.ascii	"\020mE\204\203\223\211\021\004\371:\007\273p\356\271"
 137      83938911 
 137      04F93A07 
 137      BB70EEB9 
 138 0049 DFBDDF39 		.ascii	"\337\275\3379\347\307\265\010$+\306i\232\363\004\007"
 138      E7C7B508 
 138      242BC669 
 138      9AF30407 
 139 0059 3441EDB5 		.ascii	"4A\355\265\210\012!\005\310\301\204@y\205<\276\324\257"
 139      880A2105 
 139      C8C18440 
 139      79853CBE 
 139      D4AF
 140 006b C2ADFFDD 		.ascii	"\302\255\377\335\030\353+Ol,\037\273\367\245\260H`\234"
 140      18EB2B4F 
 140      6C2C1FBB 
 140      F7A5B048 
 140      609C
 141 007d 65F5A8DE 		.ascii	"e\365\250\336\013E+\306\024\315\233w5_p\274\031O+\362"
 141      0B452BC6 
 141      14CD9B77 
 141      355F70BC 
 141      194F2BF2 
 142 0091 15E11811 		.ascii	"\025\341\030\021T\020\221\021'\210\022\233\337/\006"
 142      54109111 
 142      2788129B 
 142      DF2F06
 143 00a0 FBA341D7 		.ascii	"\373\243A\327\360\232\024\013\277T\021\024\244\372r"
 143      F09A140B 
 143      BF541114 
 143      A4FA72
 144 00af C3F8BE63 		.ascii	"\303\370\276c\032O\341\233\227p\000\344i\255e\263H\332"
 144      1A4FE19B 
 144      977000E4 
 144      69AD65B3 
 144      48DA
 145 00c1 519743D0 		.ascii	"Q\227C\320>\225\222\254\333h\376\354<\327\222R\357h"
 145      3E9592AC 
 145      DB68FEEC 
 145      3CD79252 
 145      EF68
 146 00d3 CDBD0FBC 		.ascii	"\315\275\017\274\346\303\210pY\220Q\333\227\203]=\224"
 146      E6C38870 
 146      599051DB 
 146      97835D3D 
 146      94
 147 00e4 C6758DC5 		.ascii	"\306u\215\305W\255\316k\256\214R\301\205\247\0038c\272"
 147      57ADCE6B 
 147      AE8C52C1 
 147      85A70338 
 147      63BA
 148 00f6 53A1C339 		.ascii	"S\241\3039\312\2406\234\336\0029\032\303n\207\327\375"
 148      CAA0369C 
 148      DE02391A 
 148      C36E87D7 
 148      FD
 149 0107 BB809407 		.ascii	"\273\200\224\007\021B\215mm\024{[\037\030\316\263\330"
ARM GAS  C:\Users\prana\AppData\Local\Temp\cczz8trP.s 			page 11


 149      11428D6D 
 149      6D147B5B 
 149      1F18CEB3 
 149      D8
 150 0118 471DA87F 		.ascii	"G\035\250\177%?\332U\0200\306\234Z\2647\354\354J\316"
 150      253FDA55 
 150      1030C69C 
 150      5AB437EC 
 150      EC4ACE
 151 012b 5E4D2532 		.ascii	"^M%2\233\331\264\235\\Jd\342\261d|=\223^K\315\315\246"
 151      9BD9B49D 
 151      5C4A64E2 
 151      B1647C3D 
 151      935E4BCD 
 152 0141 E90F74D9 		.ascii	"\351\017t\331t\331"
 152      74D9
 153              		.text
 154              		.section	.gnu.lto_Clock_3_GetFractionalDividerRegister.95e21bd4,"",%progbits
 155 0000 789C6361 		.ascii	"x\234ca`d\000\201i@\254\014\304\322@\314\310\314\300"
 155      60640081 
 155      6940AC0C 
 155      C4D240CC 
 155      C8CCC0
 156 0013 C834E11C 		.ascii	"\3104\341\034\003C#\007\023##\210\321\300\301\310P\317"
 156      03432307 
 156      13232388 
 156      D1C0C1C8 
 156      50CF
 157 0025 C458CFF8 		.ascii	"\304X\317\370\225\351/\023\343\351\357'z\2704\22774"
 157      95E92F13 
 157      E3E9EF27 
 157      7AB83497 
 157      3734
 158 0037 34353C38 		.ascii	"45<8\372\330r\372\212\003\214\255\314\014\014\377\231"
 158      FAD872FA 
 158      8A038CAD 
 158      CC0C0CFF 
 158      99
 159 0048 18188D65 		.ascii	"\030\030\215e\030\015d@F,g\324d\000*}\264\361\337T^"
 159      180D6440 
 159      462C67D4 
 159      64002A7D 
 159      B4F1DF54 
 160 005d B6960620 		.ascii	"\266\226\006 P\000)\000\312\254`d\003Y\271>\350@\303"
 160      50002900 
 160      CAAC6064 
 160      0359B93E 
 160      E840C3
 161 0070 FFFFCD0D 		.ascii	"\377\377\315\015\007\346\363\035\334\307\007\224\371"
 161      07E6F31D 
 161      DCC70794 
 161      F9
 162 007d 00C420BB 		.ascii	"\000\304 \273>21\201h\346W\214M\007v\367\361\201\324"
 162      3E323181 
 162      68E6578C 
 162      4D0776F7 
 162      F181D4
ARM GAS  C:\Users\prana\AppData\Local\Temp\cczz8trP.s 			page 12


 163 0090 030D9AD6 		.ascii	"\003\015\232\326z\350<\373\027&\240=\214\014\214+\031"
 163      7AE83CFB 
 163      1726A03D 
 163      8C0C8C2B 
 163      19
 164 00a1 41760075 		.ascii	"Av\000u0\202T\002\365)\272\247\346\245\026%\226\244"
 164      30825402 
 164      F529BAA7 
 164      E6A51625 
 164      96A4
 165 00b3 A6C407E7 		.ascii	"\246\304\007\347\227\026%\247\306\004\004\347;\233\304"
 165      971625A7 
 165      C60404E7 
 165      3B9BC4
 166 00c2 38E7E427 		.ascii	"8\347\344'g\307\033\353%3\000\000\021\303C\032"
 166      67C71BEB 
 166      25330000 
 166      11C3431A 
 167              		.text
 168              		.section	.gnu.lto_.symbol_nodes.95e21bd4,"",%progbits
 169 0000 789C6361 		.ascii	"x\234ca`d\010g\000\002&\206z\006\206\011\347\030@\324"
 169      60640867 
 169      00022686 
 169      7A068609 
 169      E71840D4 
 170 0014 AE0645A0 		.ascii	"\256\006E\240\000c=#\252\000S=\023\252\000s=3\252\000"
 170      00633D23 
 170      AA00533D 
 170      13AA0073 
 170      3D33AA00 
 171 0028 4B3D0B8A 		.ascii	"K=\013\212\000\003\000U/\023\016"
 171      00030055 
 171      2F130E
 172              		.text
 173              		.section	.gnu.lto_.refs.95e21bd4,"",%progbits
 174 0000 789C6361 		.ascii	"x\234ca`\004B \000\000\0009\000\007"
 174      60044220 
 174      00000039 
 174      0007
 175              		.text
 176              		.section	.gnu.lto_.decls.95e21bd4,"",%progbits
 177 0000 789C8D54 		.ascii	"x\234\215T]L\034U\024\276gfw\201a\2674\2441\244\335"
 177      5D4C1C55 
 177      14BE6766 
 177      778161B7 
 177      34A431A4 
 178 0015 186C1A20 		.ascii	"\030l\032 >\240\024c|11\241->Y#\221\247&\204nG\334H"
 178      3EA01463 
 178      7C3131A1 
 178      2D3E5923 
 178      91A72684 
 179 002d D866D91A 		.ascii	"\330f\331\032\373\344\325\025\335Z\037\330\207b\267"
 179      FBE4D515 
 179      DD5A1FD8 
 179      8762B7
 180 003c 01ADC5D2 		.ascii	"\001\255\305\322\245P\330RZ\226\252\353\332Z~\226\037"
 180      A550D852 
ARM GAS  C:\Users\prana\AppData\Local\Temp\cczz8trP.s 			page 13


 180      5A96AAEB 
 180      DA5A7E96 
 180      1F
 181 004d F9E9D69F 		.ascii	"\371\351\326\237\252P)\361\247\215\331jS\205\246\214"
 181      AA5029F1 
 181      A78DD96A 
 181      5385A68C 
 182 005d E7DE99DD 		.ascii	"\347\336\231\335\231\245\273\2117s\346\316\271s\316"
 182      99A5BB89 
 182      3773E6CE 
 182      B973CE
 183 006c F9BEF393 		.ascii	"\371\276\363\223k\"@\330j\260\020\362\007\356\215\250"
 183      6B2240D8 
 183      6AB010F2 
 183      07EE8DA8 
 184 007c 2AB85025 		.ascii	"*\270P%\265D_f\224\363(a\224Q\224\030\312\024yx1\233"
 184      B5445F66 
 184      94F32861 
 184      94519418 
 184      CA147978 
 185 0092 3CCDB710 		.ascii	"<\315\267\020e\023J?J)\312\014J\034\345*\312n\315\036"
 185      65134A3F 
 185      4A29CA0C 
 185      4A1CE52A 
 185      CA6ECD1E 
 186 00a6 349FF52B 		.ascii	"4\237\365+\254a\326f\360M\372\2053\3701n\322:\374\313"
 186      AC61D666 
 186      F04DFA85 
 186      33F8316E 
 186      D23AFCCB 
 187 00ba 2811038F 		.ascii	"(\021\003\217L\034F3\304b9\346\254\213\223\315?\226"
 187      4C1C4633 
 187      C46239E6 
 187      AC8B93CD 
 187      3F96
 188 00cc C17F4AFB 		.ascii	"\301\177J\373\0271\330e\252\331\003\001\224\216\276"
 188      1731D865 
 188      AAD90301 
 188      948EBE
 189 00db 60DE75F8 		.ascii	"`\336u\370\036\004\320\032B\000\3247p!\252p\025?\004"
 189      1E04D01A 
 189      4200D437 
 189      7021AA70 
 189      153F04
 190 00ee FE26A9A3 		.ascii	"\376&\251\243\324F\330\233\250\366\374L\017\306\237"
 190      D446D89B 
 190      A8F6FC4C 
 190      0FC69F
 191 00fd E4AE2417 		.ascii	"\344\256$\027\017\242G\007\315\011R\014T/\365\277\240"
 191      0FA24707 
 191      CD09520C 
 191      542FF5BF 
 191      A0
 192 010e 991135B8 		.ascii	"\231\0215\270\240;\030\342\251t\015\234 ='H&}\305\273"
 192      A03B18E2 
 192      A9740D9C 
 192      203D2748 
ARM GAS  C:\Users\prana\AppData\Local\Temp\cczz8trP.s 			page 14


 192      267DC5BB 
 193 0122 34661331 		.ascii	"4f\0231&~/\254\004w\225\367R\\\255\224\012\217\353\225"
 193      267E2FAC 
 193      047795F7 
 193      525CAD94 
 193      0A8FEB95 
 194 0136 F969ACBB 		.ascii	"\371i\254\273G\274+@\251\004,|\001\036\365\337\036^"
 194      47BC2B40 
 194      A9042C7C 
 194      011EF5DF 
 194      1E5E
 195 0148 B1A947CC 		.ascii	"\261\251G\314\"\266\260\374W\236\270\205\177\317\276"
 195      22B6B0FC 
 195      579EB885 
 195      7FCFBE
 196 0157 136A67D6 		.ascii	"\023jg\326\205\022\230P\2753uli\003\252\233$(~ \010"
 196      85129850 
 196      BD33756C 
 196      6903AA9B 
 196      24287E20 
 197 016c 7381DB0B 		.ascii	"s\201\333\013\026\220\312|\224\276M[\275\264\360y\002"
 197      1690CA7C 
 197      94BE4D5B 
 197      BDB4F079 
 197      02
 198 017d 7D608733 		.ascii	"}`\2073`'\020\2022\026\261\033\312\011\364\340\341i"
 198      60271082 
 198      3216B11B 
 198      CA09F4E0 
 198      E169
 199 018f 3CEC6284 		.ascii	"<\354b\204\026\217\234}v\230\322\215\320\017\022\364"
 199      168F9C7D 
 199      7698D28D 
 199      D00F12F4 
 200 019f 82C84D30 		.ascii	"\202\310M0\215RI\353\335\342`\253`\022\360\204\031\354"
 200      8D5249EB 
 200      DDE260AB 
 200      6012F084 
 200      19EC
 201 01b1 35F1D494 		.ascii	"5\361\324\224\177\242\005*\017\001\325\271\304dG\276"
 201      7FA2052A 
 201      0F01D5B9 
 201      C46447BE 
 202 01c1 CA6323AA 		.ascii	"\312c#\252\361\366\304|~Q\033\013N\275\264X\200\332"
 202      F1F6C47C 
 202      7E511B0B 
 202      4EBDB458 
 202      80DA
 203 01d3 47E01C42 		.ascii	"G\340\034B\016 $\201A(\302\367Y0\251\341\351\334PO\316"
 203      0E202481 
 203      4128C2F7 
 203      5930A9E1 
 203      E9DC504F 
 204 01e8 D6E3F478 		.ascii	"\326\343\364x\210.\006FJ\333\2744\210n\305\314\014\202"
 204      882E0646 
 204      4ADBBC34 
 204      886EC5CC 
ARM GAS  C:\Users\prana\AppData\Local\Temp\cczz8trP.s 			page 15


 204      0C82
 205 01fa 3A1BFC64 		.ascii	":\033\374d\333)\270\216\325>\017[\321s\274\305\037\313"
 205      DB29B88E 
 205      D53E0F5B 
 205      D173BCC5 
 205      1FCB
 206 020c 115FE185 		.ascii	"\021_\341\205\271\025\011(\266\254\220C\034r\257\206"
 206      B9150928 
 206      B6AC9043 
 206      1C72AF86 
 207 021c F8E9AFDE 		.ascii	"\370\351\257\336\011\263\212\030]\033\261\322\031\364"
 207      09B38A18 
 207      5D1BB1D2 
 207      19F4
 208 022a 798ED9C0 		.ascii	"y\216\331\300\005\035\357\202\021/\314\361\006\332\272"
 208      051DEF82 
 208      112FCCF1 
 208      06DABA
 209 0239 3AF3C466 		.ascii	":\363\304f\216\327\337r\263;\0273\266c\333\300\3203"
 209      8ED7DF72 
 209      B33B1733 
 209      B663DBC0 
 209      D033
 210 024b BBDAB380 		.ascii	"\273\332\263\200\177i-_<\012L\021\346\227z~7A\231\244"
 210      7F692D5F 
 210      3C0A4C11 
 210      E6977A7E 
 210      374199A4 
 211 025f 55BB5BAD 		.ascii	"U\273[\255v\004\213\371\271\216gg\325\346\215K\234\240"
 211      76048BF9 
 211      B98E6767 
 211      D5E68D4B 
 211      9CA0
 212 0271 96220295 		.ascii	"\226\"\002\225vx\022\333\366\005\266\315\256\265\355"
 212      767812DB 
 212      F605B6CD 
 212      AEB5ED
 213 0280 334CE822 		.ascii	"3L\350\"&\204\000\313\037~|\313\302\233\022I5\345\344"
 213      268400CB 
 213      1F7E7CCB 
 213      C29B1249 
 213      35E5E4
 214 0293 EAFD041B 		.ascii	"\352\375\004\033\216\0226J\242\201T\211J*\370\311\310"
 214      8E12364A 
 214      A2815489 
 214      4A2AF8C9 
 214      C8
 215 02a4 3949FC48 		.ascii	"9I\374H%\365\347\340\350w\266\344\254`\311\2442\222"
 215      25F5E7E0 
 215      E877B6E4 
 215      AC60C9A4 
 215      3292
 216 02b6 2A187C8D 		.ascii	"*\030|\215\240%\032\350Wx\030M\316J\364\332\243T\200"
 216      A0251AE8 
 216      5778184D 
 216      CE4AF4DA 
 216      A35480
ARM GAS  C:\Users\prana\AppData\Local\Temp\cczz8trP.s 			page 16


 217 02c9 CB087949 		.ascii	"\313\010yI\247^\242\015\312\344\214\022\264rN\314\340"
 217      A75EA20D 
 217      CAE48C12 
 217      B4724ECC 
 217      E0
 218 02da 4BE0A47E 		.ascii	"K\340\244~[]5e\355\313\010\357\313\225\344(\274w\355"
 218      5B5D3565 
 218      EDCB08EF 
 218      CB95E428 
 218      BC77ED
 219 02ed AD795B72 		.ascii	"\255y[r\024\336\255\376e\200\322\026\36431;\030\326"
 219      14DEADFE 
 219      6580D216 
 219      F433313B 
 219      18D6
 220 02ff 01878DBD 		.ascii	"\001\207\215\275\031\345\275\271\331G\247-\342I\236"
 220      19E5BDB9 
 220      D947A72D 
 220      E2499E
 221 030e 1BDCBDD4 		.ascii	"\033\334\275\324\373w\032(\343\243\243\216\247M\303"
 221      FB771A28 
 221      E3A3A38E 
 221      A74DC3
 222 031d 9DF88F37 		.ascii	"\235\370\2177r\265i\230=l\015\320(\326\003\223D+\030"
 222      72B56998 
 222      3D6C0DD0 
 222      28D60393 
 222      442B18
 223 0330 D331C78C 		.ascii	"\3231\307\214\2301\216\271v/\364\255$FU\314\216\326"
 223      98318EB9 
 223      762FF4AD 
 223      244655CC 
 223      8ED6
 224 0342 CED36933 		.ascii	"\316\323i3\037I\303\234L\303\014\267\234\362I\210\031"
 224      1F49C39C 
 224      4CC30CB7 
 224      9CF24988 
 224      19
 225 0353 42CC8E69 		.ascii	"B\314\216i1\205\211V0\241cN\0301\247\030\246\330y\346"
 225      31858956 
 225      30A1634E 
 225      1831A718 
 225      A6D879E6 
 226 0367 7ED7068C 		.ascii	"~\327\006\214\312\036\351\030\305\356%\024\345ME\311"
 226      CA1EE918 
 226      C5EE2514 
 226      E54D45C9 
 227 0377 81199008 		.ascii	"\201\031\220\010?\240\376\023;|\376\315\374\300\307"
 227      3FA0FE13 
 227      3B7CFECD 
 227      FCC0C7
 228 0386 6F9CF49B 		.ascii	"o\234\364\233\200\360?\004\276A}\232u\033U\344t\350"
 228      80F03F04 
 228      BE417D9A 
 228      751B55E4 
 228      74E8
 229 0398 C6911FCC 		.ascii	"\306\221\037\314\222\217\261\377?W\007z\\\374\231\266"
ARM GAS  C:\Users\prana\AppData\Local\Temp\cczz8trP.s 			page 17


 229      928FB1FF 
 229      3F57077A 
 229      5CFC99B6 
 230 03a8 9BC56575 		.ascii	"\233\305eu\236\342\207\207\216\212\372\220\257\354\366"
 230      9EE28787 
 230      8E8AFA90 
 230      AFECF6
 231 03b7 1F62195D 		.ascii	"\037b\031]\305*\314\351\031\315\2026\346\017\203\314"
 231      C52ACCE9 
 231      19CD8236 
 231      E60F83CC 
 232 03c7 6706B9F7 		.ascii	"g\006\271\367\357\370\007V\353\373\251\033\215G\324"
 232      EFF80756 
 232      EBFBA91B 
 232      8D47D4
 233 03d6 53898395 		.ascii	"S\211\203\225_\274l/\250jt9^\253\253\254\253\361\324"
 233      5FBC6C2F 
 233      A86A7439 
 233      5EABABAC 
 233      ABF1D4
 234 03e9 BB3D3BDF 		.ascii	"\273=;\337\310\255~\341\345\342\252\212\012b9\340l\362"
 234      C8AD7EE1 
 234      E5E2AA8A 
 234      0A6239E0 
 234      6CF2
 235 03fb 546E7FAC 		.ascii	"Tn\177\254Zn\222\335\365\036y_]\215\353\200\333!\357"
 235      5A6E92DD 
 235      F51E795F 
 235      5D8DEB80 
 235      DB21EF
 236 040e 79B1C655 		.ascii	"y\261\306U\365\324\023\216\203\236\203\373\345\346\362"
 236      F5D4138E 
 236      839E83FB 
 236      E5E6F2
 237 041d 5749168B 		.ascii	"WI\026\213=Z\340r\007\261\352\030\256\375\333R\212\354"
 237      3D5AE072 
 237      07B1EA18 
 237      AEFDDB52 
 237      8AEC
 238 042f D9E5AE77 		.ascii	"\331\345\256wx\234\256\246\372\306\035\316\327\235\373"
 238      789CAEA6 
 238      FAC61DCE 
 238      D79DFB
 239 043e 64F74B72 		.ascii	"d\367Kr\203\263\331#\273\315\014\374\031N\241\342\351"
 239      83B3D923 
 239      BBCD0CFC 
 239      194EA1E2 
 239      E9
 240 044f CD498F6A 		.ascii	"\315I\217j\331\263\316n\233\341W\366`n\271\241r\373"
 240      D9B3CE6E 
 240      9BE157F6 
 240      606EB9A1 
 240      72FB
 241 0461 7F735537 		.ascii	"\177sU7\236"
 241      9E
 242              		.text
 243              		.section	.gnu.lto_.symtab.95e21bd4,"",%progbits
ARM GAS  C:\Users\prana\AppData\Local\Temp\cczz8trP.s 			page 18


 244 0000 436C6F63 		.ascii	"Clock_3_StartEx\000"
 244      6B5F335F 
 244      53746172 
 244      74457800 
 245 0010 00       		.ascii	"\000"
 246 0011 00       		.ascii	"\000"
 247 0012 00       		.ascii	"\000"
 248 0013 00000000 		.ascii	"\000\000\000\000\000\000\000\000"
 248      00000000 
 249 001b B5000000 		.ascii	"\265\000\000\000"
 250 001f 436C6F63 		.ascii	"Clock_3_Stop\000"
 250      6B5F335F 
 250      53746F70 
 250      00
 251 002c 00       		.ascii	"\000"
 252 002d 00       		.ascii	"\000"
 253 002e 00       		.ascii	"\000"
 254 002f 00000000 		.ascii	"\000\000\000\000\000\000\000\000"
 254      00000000 
 255 0037 B8000000 		.ascii	"\270\000\000\000"
 256 003b 436C6F63 		.ascii	"Clock_3_SetFractionalDividerRegister\000"
 256      6B5F335F 
 256      53657446 
 256      72616374 
 256      696F6E61 
 257 0060 00       		.ascii	"\000"
 258 0061 00       		.ascii	"\000"
 259 0062 00       		.ascii	"\000"
 260 0063 00000000 		.ascii	"\000\000\000\000\000\000\000\000"
 260      00000000 
 261 006b C7000000 		.ascii	"\307\000\000\000"
 262 006f 436C6F63 		.ascii	"Clock_3_GetDividerRegister\000"
 262      6B5F335F 
 262      47657444 
 262      69766964 
 262      65725265 
 263 008a 00       		.ascii	"\000"
 264 008b 00       		.ascii	"\000"
 265 008c 00       		.ascii	"\000"
 266 008d 00000000 		.ascii	"\000\000\000\000\000\000\000\000"
 266      00000000 
 267 0095 CA000000 		.ascii	"\312\000\000\000"
 268 0099 436C6F63 		.ascii	"Clock_3_GetFractionalDividerRegister\000"
 268      6B5F335F 
 268      47657446 
 268      72616374 
 268      696F6E61 
 269 00be 00       		.ascii	"\000"
 270 00bf 00       		.ascii	"\000"
 271 00c0 00       		.ascii	"\000"
 272 00c1 00000000 		.ascii	"\000\000\000\000\000\000\000\000"
 272      00000000 
 273 00c9 CD000000 		.ascii	"\315\000\000\000"
 274              		.text
 275              		.section	.gnu.lto_.opts,"",%progbits
 276 0000 272D666D 		.ascii	"'-fmath-errno' '-fsigned-zeros' '-ftrapping-math' '"
 276      6174682D 
ARM GAS  C:\Users\prana\AppData\Local\Temp\cczz8trP.s 			page 19


 276      6572726E 
 276      6F272027 
 276      2D667369 
 277 0033 2D666E6F 		.ascii	"-fno-trapv' '-fno-openmp' '-fno-openacc' '-mcpu=cor"
 277      2D747261 
 277      70762720 
 277      272D666E 
 277      6F2D6F70 
 278 0066 7465782D 		.ascii	"tex-m0' '-mthumb' '-g' '-Os' '-Werror' '-ffunction-"
 278      6D302720 
 278      272D6D74 
 278      68756D62 
 278      2720272D 
 279 0099 73656374 		.ascii	"sections' '-ffat-lto-objects' '-finline-functions' "
 279      696F6E73 
 279      2720272D 
 279      66666174 
 279      2D6C746F 
 280 00cc 272D666C 		.ascii	"'-flto' '-fno-strict-aliasing'\000"
 280      746F2720 
 280      272D666E 
 280      6F2D7374 
 280      72696374 
 281              		.text
 282              		.cfi_sections	.debug_frame
 283              		.section	.text.Clock_3_StartEx,"ax",%progbits
 284              		.align	1
 285              		.global	Clock_3_StartEx
 286              		.code	16
 287              		.thumb_func
 288              		.type	Clock_3_StartEx, %function
 289              	Clock_3_StartEx:
 290              	.LFB0:
 291              		.file 1 "Generated_Source\\PSoC4\\Clock_3.c"
   1:Generated_Source\PSoC4/Clock_3.c **** /*******************************************************************************
   2:Generated_Source\PSoC4/Clock_3.c **** * File Name: Clock_3.c
   3:Generated_Source\PSoC4/Clock_3.c **** * Version 2.20
   4:Generated_Source\PSoC4/Clock_3.c **** *
   5:Generated_Source\PSoC4/Clock_3.c **** *  Description:
   6:Generated_Source\PSoC4/Clock_3.c **** *   Provides system API for the clocking, interrupts and watchdog timer.
   7:Generated_Source\PSoC4/Clock_3.c **** *
   8:Generated_Source\PSoC4/Clock_3.c **** *  Note:
   9:Generated_Source\PSoC4/Clock_3.c **** *   Documentation of the API's in this file is located in the
  10:Generated_Source\PSoC4/Clock_3.c **** *   System Reference Guide provided with PSoC Creator.
  11:Generated_Source\PSoC4/Clock_3.c **** *
  12:Generated_Source\PSoC4/Clock_3.c **** ********************************************************************************
  13:Generated_Source\PSoC4/Clock_3.c **** * Copyright 2008-2012, Cypress Semiconductor Corporation.  All rights reserved.
  14:Generated_Source\PSoC4/Clock_3.c **** * You may use this file only in accordance with the license, terms, conditions,
  15:Generated_Source\PSoC4/Clock_3.c **** * disclaimers, and limitations in the end user license agreement accompanying
  16:Generated_Source\PSoC4/Clock_3.c **** * the software package with which this file was provided.
  17:Generated_Source\PSoC4/Clock_3.c **** *******************************************************************************/
  18:Generated_Source\PSoC4/Clock_3.c **** 
  19:Generated_Source\PSoC4/Clock_3.c **** #include <cydevice_trm.h>
  20:Generated_Source\PSoC4/Clock_3.c **** #include "Clock_3.h"
  21:Generated_Source\PSoC4/Clock_3.c **** 
  22:Generated_Source\PSoC4/Clock_3.c **** #if defined CYREG_PERI_DIV_CMD
  23:Generated_Source\PSoC4/Clock_3.c **** 
ARM GAS  C:\Users\prana\AppData\Local\Temp\cczz8trP.s 			page 20


  24:Generated_Source\PSoC4/Clock_3.c **** /*******************************************************************************
  25:Generated_Source\PSoC4/Clock_3.c **** * Function Name: Clock_3_StartEx
  26:Generated_Source\PSoC4/Clock_3.c **** ********************************************************************************
  27:Generated_Source\PSoC4/Clock_3.c **** *
  28:Generated_Source\PSoC4/Clock_3.c **** * Summary:
  29:Generated_Source\PSoC4/Clock_3.c **** *  Starts the clock, aligned to the specified running clock.
  30:Generated_Source\PSoC4/Clock_3.c **** *
  31:Generated_Source\PSoC4/Clock_3.c **** * Parameters:
  32:Generated_Source\PSoC4/Clock_3.c **** *  alignClkDiv:  The divider to which phase alignment is performed when the
  33:Generated_Source\PSoC4/Clock_3.c **** *    clock is started.
  34:Generated_Source\PSoC4/Clock_3.c **** *
  35:Generated_Source\PSoC4/Clock_3.c **** * Returns:
  36:Generated_Source\PSoC4/Clock_3.c **** *  None
  37:Generated_Source\PSoC4/Clock_3.c **** *
  38:Generated_Source\PSoC4/Clock_3.c **** *******************************************************************************/
  39:Generated_Source\PSoC4/Clock_3.c **** void Clock_3_StartEx(uint32 alignClkDiv)
  40:Generated_Source\PSoC4/Clock_3.c **** {
 292              		.loc 1 40 0
 293              		.cfi_startproc
 294              		@ args = 0, pretend = 0, frame = 0
 295              		@ frame_needed = 0, uses_anonymous_args = 0
 296              		@ link register save eliminated.
 297              	.LVL0:
  41:Generated_Source\PSoC4/Clock_3.c ****     /* Make sure any previous start command has finished. */
  42:Generated_Source\PSoC4/Clock_3.c ****     while((Clock_3_CMD_REG & Clock_3_CMD_ENABLE_MASK) != 0u)
 298              		.loc 1 42 0
 299 0000 054A     		ldr	r2, .L5
 300              	.L2:
 301              		.loc 1 42 0 is_stmt 0 discriminator 1
 302 0002 1368     		ldr	r3, [r2]
 303 0004 002B     		cmp	r3, #0
 304 0006 FCDB     		blt	.L2
  43:Generated_Source\PSoC4/Clock_3.c ****     {
  44:Generated_Source\PSoC4/Clock_3.c ****     }
  45:Generated_Source\PSoC4/Clock_3.c ****     
  46:Generated_Source\PSoC4/Clock_3.c ****     /* Specify the target divider and it's alignment divider, and enable. */
  47:Generated_Source\PSoC4/Clock_3.c ****     Clock_3_CMD_REG =
  48:Generated_Source\PSoC4/Clock_3.c ****         ((uint32)Clock_3__DIV_ID << Clock_3_CMD_DIV_SHIFT)|
  49:Generated_Source\PSoC4/Clock_3.c ****         (alignClkDiv << Clock_3_CMD_PA_DIV_SHIFT) |
 305              		.loc 1 49 0 is_stmt 1
 306 0008 8023     		movs	r3, #128
 307 000a 0002     		lsls	r0, r0, #8
 308              	.LVL1:
 309 000c 1B06     		lsls	r3, r3, #24
 310 000e 1843     		orrs	r0, r3
  47:Generated_Source\PSoC4/Clock_3.c ****         ((uint32)Clock_3__DIV_ID << Clock_3_CMD_DIV_SHIFT)|
 311              		.loc 1 47 0
 312 0010 014B     		ldr	r3, .L5
  50:Generated_Source\PSoC4/Clock_3.c ****         (uint32)Clock_3_CMD_ENABLE_MASK;
  51:Generated_Source\PSoC4/Clock_3.c **** }
 313              		.loc 1 51 0
 314              		@ sp needed
  47:Generated_Source\PSoC4/Clock_3.c ****         ((uint32)Clock_3__DIV_ID << Clock_3_CMD_DIV_SHIFT)|
 315              		.loc 1 47 0
 316 0012 1860     		str	r0, [r3]
 317              		.loc 1 51 0
 318 0014 7047     		bx	lr
ARM GAS  C:\Users\prana\AppData\Local\Temp\cczz8trP.s 			page 21


 319              	.L6:
 320 0016 C046     		.align	2
 321              	.L5:
 322 0018 00000140 		.word	1073807360
 323              		.cfi_endproc
 324              	.LFE0:
 325              		.size	Clock_3_StartEx, .-Clock_3_StartEx
 326              		.section	.text.Clock_3_Stop,"ax",%progbits
 327              		.align	1
 328              		.global	Clock_3_Stop
 329              		.code	16
 330              		.thumb_func
 331              		.type	Clock_3_Stop, %function
 332              	Clock_3_Stop:
 333              	.LFB1:
  52:Generated_Source\PSoC4/Clock_3.c **** 
  53:Generated_Source\PSoC4/Clock_3.c **** #else
  54:Generated_Source\PSoC4/Clock_3.c **** 
  55:Generated_Source\PSoC4/Clock_3.c **** /*******************************************************************************
  56:Generated_Source\PSoC4/Clock_3.c **** * Function Name: Clock_3_Start
  57:Generated_Source\PSoC4/Clock_3.c **** ********************************************************************************
  58:Generated_Source\PSoC4/Clock_3.c **** *
  59:Generated_Source\PSoC4/Clock_3.c **** * Summary:
  60:Generated_Source\PSoC4/Clock_3.c **** *  Starts the clock.
  61:Generated_Source\PSoC4/Clock_3.c **** *
  62:Generated_Source\PSoC4/Clock_3.c **** * Parameters:
  63:Generated_Source\PSoC4/Clock_3.c **** *  None
  64:Generated_Source\PSoC4/Clock_3.c **** *
  65:Generated_Source\PSoC4/Clock_3.c **** * Returns:
  66:Generated_Source\PSoC4/Clock_3.c **** *  None
  67:Generated_Source\PSoC4/Clock_3.c **** *
  68:Generated_Source\PSoC4/Clock_3.c **** *******************************************************************************/
  69:Generated_Source\PSoC4/Clock_3.c **** 
  70:Generated_Source\PSoC4/Clock_3.c **** void Clock_3_Start(void)
  71:Generated_Source\PSoC4/Clock_3.c **** {
  72:Generated_Source\PSoC4/Clock_3.c ****     /* Set the bit to enable the clock. */
  73:Generated_Source\PSoC4/Clock_3.c ****     Clock_3_ENABLE_REG |= Clock_3__ENABLE_MASK;
  74:Generated_Source\PSoC4/Clock_3.c **** }
  75:Generated_Source\PSoC4/Clock_3.c **** 
  76:Generated_Source\PSoC4/Clock_3.c **** #endif /* CYREG_PERI_DIV_CMD */
  77:Generated_Source\PSoC4/Clock_3.c **** 
  78:Generated_Source\PSoC4/Clock_3.c **** 
  79:Generated_Source\PSoC4/Clock_3.c **** /*******************************************************************************
  80:Generated_Source\PSoC4/Clock_3.c **** * Function Name: Clock_3_Stop
  81:Generated_Source\PSoC4/Clock_3.c **** ********************************************************************************
  82:Generated_Source\PSoC4/Clock_3.c **** *
  83:Generated_Source\PSoC4/Clock_3.c **** * Summary:
  84:Generated_Source\PSoC4/Clock_3.c **** *  Stops the clock and returns immediately. This API does not require the
  85:Generated_Source\PSoC4/Clock_3.c **** *  source clock to be running but may return before the hardware is actually
  86:Generated_Source\PSoC4/Clock_3.c **** *  disabled.
  87:Generated_Source\PSoC4/Clock_3.c **** *
  88:Generated_Source\PSoC4/Clock_3.c **** * Parameters:
  89:Generated_Source\PSoC4/Clock_3.c **** *  None
  90:Generated_Source\PSoC4/Clock_3.c **** *
  91:Generated_Source\PSoC4/Clock_3.c **** * Returns:
  92:Generated_Source\PSoC4/Clock_3.c **** *  None
  93:Generated_Source\PSoC4/Clock_3.c **** *
ARM GAS  C:\Users\prana\AppData\Local\Temp\cczz8trP.s 			page 22


  94:Generated_Source\PSoC4/Clock_3.c **** *******************************************************************************/
  95:Generated_Source\PSoC4/Clock_3.c **** void Clock_3_Stop(void)
  96:Generated_Source\PSoC4/Clock_3.c **** {
 334              		.loc 1 96 0
 335              		.cfi_startproc
 336              		@ args = 0, pretend = 0, frame = 0
 337              		@ frame_needed = 0, uses_anonymous_args = 0
 338              		@ link register save eliminated.
  97:Generated_Source\PSoC4/Clock_3.c **** #if defined CYREG_PERI_DIV_CMD
  98:Generated_Source\PSoC4/Clock_3.c **** 
  99:Generated_Source\PSoC4/Clock_3.c ****     /* Make sure any previous start command has finished. */
 100:Generated_Source\PSoC4/Clock_3.c ****     while((Clock_3_CMD_REG & Clock_3_CMD_ENABLE_MASK) != 0u)
 339              		.loc 1 100 0
 340 0000 044A     		ldr	r2, .L10
 341              	.L8:
 342              		.loc 1 100 0 is_stmt 0 discriminator 1
 343 0002 1368     		ldr	r3, [r2]
 344 0004 002B     		cmp	r3, #0
 345 0006 FCDB     		blt	.L8
 101:Generated_Source\PSoC4/Clock_3.c ****     {
 102:Generated_Source\PSoC4/Clock_3.c ****     }
 103:Generated_Source\PSoC4/Clock_3.c ****     
 104:Generated_Source\PSoC4/Clock_3.c ****     /* Specify the target divider and it's alignment divider, and disable. */
 105:Generated_Source\PSoC4/Clock_3.c ****     Clock_3_CMD_REG =
 346              		.loc 1 105 0 is_stmt 1
 347 0008 8022     		movs	r2, #128
 348 000a 024B     		ldr	r3, .L10
 349 000c D205     		lsls	r2, r2, #23
 350 000e 1A60     		str	r2, [r3]
 106:Generated_Source\PSoC4/Clock_3.c ****         ((uint32)Clock_3__DIV_ID << Clock_3_CMD_DIV_SHIFT)|
 107:Generated_Source\PSoC4/Clock_3.c ****         ((uint32)Clock_3_CMD_DISABLE_MASK);
 108:Generated_Source\PSoC4/Clock_3.c **** 
 109:Generated_Source\PSoC4/Clock_3.c **** #else
 110:Generated_Source\PSoC4/Clock_3.c **** 
 111:Generated_Source\PSoC4/Clock_3.c ****     /* Clear the bit to disable the clock. */
 112:Generated_Source\PSoC4/Clock_3.c ****     Clock_3_ENABLE_REG &= (uint32)(~Clock_3__ENABLE_MASK);
 113:Generated_Source\PSoC4/Clock_3.c ****     
 114:Generated_Source\PSoC4/Clock_3.c **** #endif /* CYREG_PERI_DIV_CMD */
 115:Generated_Source\PSoC4/Clock_3.c **** }
 351              		.loc 1 115 0
 352              		@ sp needed
 353 0010 7047     		bx	lr
 354              	.L11:
 355 0012 C046     		.align	2
 356              	.L10:
 357 0014 00000140 		.word	1073807360
 358              		.cfi_endproc
 359              	.LFE1:
 360              		.size	Clock_3_Stop, .-Clock_3_Stop
 361              		.section	.text.Clock_3_SetFractionalDividerRegister,"ax",%progbits
 362              		.align	1
 363              		.global	Clock_3_SetFractionalDividerRegister
 364              		.code	16
 365              		.thumb_func
 366              		.type	Clock_3_SetFractionalDividerRegister, %function
 367              	Clock_3_SetFractionalDividerRegister:
 368              	.LFB2:
ARM GAS  C:\Users\prana\AppData\Local\Temp\cczz8trP.s 			page 23


 116:Generated_Source\PSoC4/Clock_3.c **** 
 117:Generated_Source\PSoC4/Clock_3.c **** 
 118:Generated_Source\PSoC4/Clock_3.c **** /*******************************************************************************
 119:Generated_Source\PSoC4/Clock_3.c **** * Function Name: Clock_3_SetFractionalDividerRegister
 120:Generated_Source\PSoC4/Clock_3.c **** ********************************************************************************
 121:Generated_Source\PSoC4/Clock_3.c **** *
 122:Generated_Source\PSoC4/Clock_3.c **** * Summary:
 123:Generated_Source\PSoC4/Clock_3.c **** *  Modifies the clock divider and the fractional divider.
 124:Generated_Source\PSoC4/Clock_3.c **** *
 125:Generated_Source\PSoC4/Clock_3.c **** * Parameters:
 126:Generated_Source\PSoC4/Clock_3.c **** *  clkDivider:  Divider register value (0-65535). This value is NOT the
 127:Generated_Source\PSoC4/Clock_3.c **** *    divider; the clock hardware divides by clkDivider plus one. For example,
 128:Generated_Source\PSoC4/Clock_3.c **** *    to divide the clock by 2, this parameter should be set to 1.
 129:Generated_Source\PSoC4/Clock_3.c **** *  fracDivider:  Fractional Divider register value (0-31).
 130:Generated_Source\PSoC4/Clock_3.c **** * Returns:
 131:Generated_Source\PSoC4/Clock_3.c **** *  None
 132:Generated_Source\PSoC4/Clock_3.c **** *
 133:Generated_Source\PSoC4/Clock_3.c **** *******************************************************************************/
 134:Generated_Source\PSoC4/Clock_3.c **** void Clock_3_SetFractionalDividerRegister(uint16 clkDivider, uint8 clkFractional)
 135:Generated_Source\PSoC4/Clock_3.c **** {
 369              		.loc 1 135 0
 370              		.cfi_startproc
 371              		@ args = 0, pretend = 0, frame = 0
 372              		@ frame_needed = 0, uses_anonymous_args = 0
 373              	.LVL2:
 136:Generated_Source\PSoC4/Clock_3.c ****     uint32 maskVal;
 137:Generated_Source\PSoC4/Clock_3.c ****     uint32 regVal;
 138:Generated_Source\PSoC4/Clock_3.c ****     
 139:Generated_Source\PSoC4/Clock_3.c **** #if defined (Clock_3__FRAC_MASK) || defined (CYREG_PERI_DIV_CMD)
 140:Generated_Source\PSoC4/Clock_3.c ****     
 141:Generated_Source\PSoC4/Clock_3.c **** 	/* get all but divider bits */
 142:Generated_Source\PSoC4/Clock_3.c ****     maskVal = Clock_3_DIV_REG & 
 143:Generated_Source\PSoC4/Clock_3.c ****                     (uint32)(~(uint32)(Clock_3_DIV_INT_MASK | Clock_3_DIV_FRAC_MASK)); 
 144:Generated_Source\PSoC4/Clock_3.c **** 	/* combine mask and new divider vals into 32-bit value */
 145:Generated_Source\PSoC4/Clock_3.c ****     regVal = maskVal |
 374              		.loc 1 145 0
 375 0000 FF22     		movs	r2, #255
 376 0002 C900     		lsls	r1, r1, #3
 377              	.LVL3:
 378 0004 1140     		ands	r1, r2
 379 0006 0202     		lsls	r2, r0, #8
 380 0008 1143     		orrs	r1, r2
 381 000a 0723     		movs	r3, #7
 382 000c 0800     		movs	r0, r1
 383              	.LVL4:
 135:Generated_Source\PSoC4/Clock_3.c ****     uint32 maskVal;
 384              		.loc 1 135 0
 385 000e 30B5     		push	{r4, r5, lr}
 386              		.cfi_def_cfa_offset 12
 387              		.cfi_offset 4, -12
 388              		.cfi_offset 5, -8
 389              		.cfi_offset 14, -4
 142:Generated_Source\PSoC4/Clock_3.c ****                     (uint32)(~(uint32)(Clock_3_DIV_INT_MASK | Clock_3_DIV_FRAC_MASK)); 
 390              		.loc 1 142 0
 391 0010 024C     		ldr	r4, .L13
 146:Generated_Source\PSoC4/Clock_3.c ****         ((uint32)((uint32)clkDivider <<  Clock_3_DIV_INT_SHIFT) & Clock_3_DIV_INT_MASK) |
 147:Generated_Source\PSoC4/Clock_3.c ****         ((uint32)((uint32)clkFractional << Clock_3_DIV_FRAC_SHIFT) & Clock_3_DIV_FRAC_MASK);
ARM GAS  C:\Users\prana\AppData\Local\Temp\cczz8trP.s 			page 24


 148:Generated_Source\PSoC4/Clock_3.c ****     
 149:Generated_Source\PSoC4/Clock_3.c **** #else
 150:Generated_Source\PSoC4/Clock_3.c ****     /* get all but integer divider bits */
 151:Generated_Source\PSoC4/Clock_3.c ****     maskVal = Clock_3_DIV_REG & (uint32)(~(uint32)Clock_3__DIVIDER_MASK);
 152:Generated_Source\PSoC4/Clock_3.c ****     /* combine mask and new divider val into 32-bit value */
 153:Generated_Source\PSoC4/Clock_3.c ****     regVal = clkDivider | maskVal;
 154:Generated_Source\PSoC4/Clock_3.c ****     
 155:Generated_Source\PSoC4/Clock_3.c **** #endif /* Clock_3__FRAC_MASK || CYREG_PERI_DIV_CMD */
 156:Generated_Source\PSoC4/Clock_3.c **** 
 157:Generated_Source\PSoC4/Clock_3.c ****     Clock_3_DIV_REG = regVal;
 158:Generated_Source\PSoC4/Clock_3.c **** }
 392              		.loc 1 158 0
 393              		@ sp needed
 142:Generated_Source\PSoC4/Clock_3.c ****                     (uint32)(~(uint32)(Clock_3_DIV_INT_MASK | Clock_3_DIV_FRAC_MASK)); 
 394              		.loc 1 142 0
 395 0012 2568     		ldr	r5, [r4]
 396              	.LVL5:
 145:Generated_Source\PSoC4/Clock_3.c ****         ((uint32)((uint32)clkDivider <<  Clock_3_DIV_INT_SHIFT) & Clock_3_DIV_INT_MASK) |
 397              		.loc 1 145 0
 398 0014 2B40     		ands	r3, r5
 399              	.LVL6:
 400 0016 1843     		orrs	r0, r3
 401              	.LVL7:
 157:Generated_Source\PSoC4/Clock_3.c **** }
 402              		.loc 1 157 0
 403 0018 2060     		str	r0, [r4]
 404              		.loc 1 158 0
 405 001a 30BD     		pop	{r4, r5, pc}
 406              	.L14:
 407              		.align	2
 408              	.L13:
 409 001c 00020140 		.word	1073807872
 410              		.cfi_endproc
 411              	.LFE2:
 412              		.size	Clock_3_SetFractionalDividerRegister, .-Clock_3_SetFractionalDividerRegister
 413              		.section	.text.Clock_3_GetDividerRegister,"ax",%progbits
 414              		.align	1
 415              		.global	Clock_3_GetDividerRegister
 416              		.code	16
 417              		.thumb_func
 418              		.type	Clock_3_GetDividerRegister, %function
 419              	Clock_3_GetDividerRegister:
 420              	.LFB3:
 159:Generated_Source\PSoC4/Clock_3.c **** 
 160:Generated_Source\PSoC4/Clock_3.c **** 
 161:Generated_Source\PSoC4/Clock_3.c **** /*******************************************************************************
 162:Generated_Source\PSoC4/Clock_3.c **** * Function Name: Clock_3_GetDividerRegister
 163:Generated_Source\PSoC4/Clock_3.c **** ********************************************************************************
 164:Generated_Source\PSoC4/Clock_3.c **** *
 165:Generated_Source\PSoC4/Clock_3.c **** * Summary:
 166:Generated_Source\PSoC4/Clock_3.c **** *  Gets the clock divider register value.
 167:Generated_Source\PSoC4/Clock_3.c **** *
 168:Generated_Source\PSoC4/Clock_3.c **** * Parameters:
 169:Generated_Source\PSoC4/Clock_3.c **** *  None
 170:Generated_Source\PSoC4/Clock_3.c **** *
 171:Generated_Source\PSoC4/Clock_3.c **** * Returns:
 172:Generated_Source\PSoC4/Clock_3.c **** *  Divide value of the clock minus 1. For example, if the clock is set to
ARM GAS  C:\Users\prana\AppData\Local\Temp\cczz8trP.s 			page 25


 173:Generated_Source\PSoC4/Clock_3.c **** *  divide by 2, the return value will be 1.
 174:Generated_Source\PSoC4/Clock_3.c **** *
 175:Generated_Source\PSoC4/Clock_3.c **** *******************************************************************************/
 176:Generated_Source\PSoC4/Clock_3.c **** uint16 Clock_3_GetDividerRegister(void)
 177:Generated_Source\PSoC4/Clock_3.c **** {
 421              		.loc 1 177 0
 422              		.cfi_startproc
 423              		@ args = 0, pretend = 0, frame = 0
 424              		@ frame_needed = 0, uses_anonymous_args = 0
 425              		@ link register save eliminated.
 178:Generated_Source\PSoC4/Clock_3.c ****     return (uint16)((Clock_3_DIV_REG & Clock_3_DIV_INT_MASK)
 426              		.loc 1 178 0
 427 0000 024B     		ldr	r3, .L16
 179:Generated_Source\PSoC4/Clock_3.c ****         >> Clock_3_DIV_INT_SHIFT);
 180:Generated_Source\PSoC4/Clock_3.c **** }
 428              		.loc 1 180 0
 429              		@ sp needed
 178:Generated_Source\PSoC4/Clock_3.c ****     return (uint16)((Clock_3_DIV_REG & Clock_3_DIV_INT_MASK)
 430              		.loc 1 178 0
 431 0002 1868     		ldr	r0, [r3]
 432 0004 000A     		lsrs	r0, r0, #8
 433 0006 80B2     		uxth	r0, r0
 434              		.loc 1 180 0
 435 0008 7047     		bx	lr
 436              	.L17:
 437 000a C046     		.align	2
 438              	.L16:
 439 000c 00020140 		.word	1073807872
 440              		.cfi_endproc
 441              	.LFE3:
 442              		.size	Clock_3_GetDividerRegister, .-Clock_3_GetDividerRegister
 443              		.section	.text.Clock_3_GetFractionalDividerRegister,"ax",%progbits
 444              		.align	1
 445              		.global	Clock_3_GetFractionalDividerRegister
 446              		.code	16
 447              		.thumb_func
 448              		.type	Clock_3_GetFractionalDividerRegister, %function
 449              	Clock_3_GetFractionalDividerRegister:
 450              	.LFB4:
 181:Generated_Source\PSoC4/Clock_3.c **** 
 182:Generated_Source\PSoC4/Clock_3.c **** 
 183:Generated_Source\PSoC4/Clock_3.c **** /*******************************************************************************
 184:Generated_Source\PSoC4/Clock_3.c **** * Function Name: Clock_3_GetFractionalDividerRegister
 185:Generated_Source\PSoC4/Clock_3.c **** ********************************************************************************
 186:Generated_Source\PSoC4/Clock_3.c **** *
 187:Generated_Source\PSoC4/Clock_3.c **** * Summary:
 188:Generated_Source\PSoC4/Clock_3.c **** *  Gets the clock fractional divider register value.
 189:Generated_Source\PSoC4/Clock_3.c **** *
 190:Generated_Source\PSoC4/Clock_3.c **** * Parameters:
 191:Generated_Source\PSoC4/Clock_3.c **** *  None
 192:Generated_Source\PSoC4/Clock_3.c **** *
 193:Generated_Source\PSoC4/Clock_3.c **** * Returns:
 194:Generated_Source\PSoC4/Clock_3.c **** *  Fractional Divide value of the clock
 195:Generated_Source\PSoC4/Clock_3.c **** *  0 if the fractional divider is not in use.
 196:Generated_Source\PSoC4/Clock_3.c **** *
 197:Generated_Source\PSoC4/Clock_3.c **** *******************************************************************************/
 198:Generated_Source\PSoC4/Clock_3.c **** uint8 Clock_3_GetFractionalDividerRegister(void)
ARM GAS  C:\Users\prana\AppData\Local\Temp\cczz8trP.s 			page 26


 199:Generated_Source\PSoC4/Clock_3.c **** {
 451              		.loc 1 199 0
 452              		.cfi_startproc
 453              		@ args = 0, pretend = 0, frame = 0
 454              		@ frame_needed = 0, uses_anonymous_args = 0
 455              		@ link register save eliminated.
 200:Generated_Source\PSoC4/Clock_3.c **** #if defined (Clock_3__FRAC_MASK)
 201:Generated_Source\PSoC4/Clock_3.c ****     /* return fractional divider bits */
 202:Generated_Source\PSoC4/Clock_3.c ****     return (uint8)((Clock_3_DIV_REG & Clock_3_DIV_FRAC_MASK)
 203:Generated_Source\PSoC4/Clock_3.c ****         >> Clock_3_DIV_FRAC_SHIFT);
 204:Generated_Source\PSoC4/Clock_3.c **** #else
 205:Generated_Source\PSoC4/Clock_3.c ****     return 0u;
 206:Generated_Source\PSoC4/Clock_3.c **** #endif /* Clock_3__FRAC_MASK */
 207:Generated_Source\PSoC4/Clock_3.c **** }
 456              		.loc 1 207 0
 457 0000 0020     		movs	r0, #0
 458              		@ sp needed
 459 0002 7047     		bx	lr
 460              		.cfi_endproc
 461              	.LFE4:
 462              		.size	Clock_3_GetFractionalDividerRegister, .-Clock_3_GetFractionalDividerRegister
 463              		.text
 464              	.Letext0:
 465              		.file 2 "Generated_Source\\PSoC4/cytypes.h"
 466              		.section	.debug_info,"",%progbits
 467              	.Ldebug_info0:
 468 0000 62010000 		.4byte	0x162
 469 0004 0400     		.2byte	0x4
 470 0006 00000000 		.4byte	.Ldebug_abbrev0
 471 000a 04       		.byte	0x4
 472 000b 01       		.uleb128 0x1
 473 000c 7B010000 		.4byte	.LASF25
 474 0010 0C       		.byte	0xc
 475 0011 43010000 		.4byte	.LASF26
 476 0015 B9000000 		.4byte	.LASF27
 477 0019 00000000 		.4byte	.Ldebug_ranges0+0
 478 001d 00000000 		.4byte	0
 479 0021 00000000 		.4byte	.Ldebug_line0
 480 0025 02       		.uleb128 0x2
 481 0026 01       		.byte	0x1
 482 0027 06       		.byte	0x6
 483 0028 7E020000 		.4byte	.LASF0
 484 002c 02       		.uleb128 0x2
 485 002d 01       		.byte	0x1
 486 002e 08       		.byte	0x8
 487 002f 49000000 		.4byte	.LASF1
 488 0033 02       		.uleb128 0x2
 489 0034 02       		.byte	0x2
 490 0035 05       		.byte	0x5
 491 0036 4A020000 		.4byte	.LASF2
 492 003a 02       		.uleb128 0x2
 493 003b 02       		.byte	0x2
 494 003c 07       		.byte	0x7
 495 003d 8E000000 		.4byte	.LASF3
 496 0041 02       		.uleb128 0x2
 497 0042 04       		.byte	0x4
 498 0043 05       		.byte	0x5
ARM GAS  C:\Users\prana\AppData\Local\Temp\cczz8trP.s 			page 27


 499 0044 75020000 		.4byte	.LASF4
 500 0048 02       		.uleb128 0x2
 501 0049 04       		.byte	0x4
 502 004a 07       		.byte	0x7
 503 004b 7C000000 		.4byte	.LASF5
 504 004f 02       		.uleb128 0x2
 505 0050 08       		.byte	0x8
 506 0051 05       		.byte	0x5
 507 0052 37020000 		.4byte	.LASF6
 508 0056 02       		.uleb128 0x2
 509 0057 08       		.byte	0x8
 510 0058 07       		.byte	0x7
 511 0059 64010000 		.4byte	.LASF7
 512 005d 03       		.uleb128 0x3
 513 005e 04       		.byte	0x4
 514 005f 05       		.byte	0x5
 515 0060 696E7400 		.ascii	"int\000"
 516 0064 02       		.uleb128 0x2
 517 0065 04       		.byte	0x4
 518 0066 07       		.byte	0x7
 519 0067 36010000 		.4byte	.LASF8
 520 006b 04       		.uleb128 0x4
 521 006c 54020000 		.4byte	.LASF9
 522 0070 02       		.byte	0x2
 523 0071 D201     		.2byte	0x1d2
 524 0073 2C000000 		.4byte	0x2c
 525 0077 04       		.uleb128 0x4
 526 0078 28010000 		.4byte	.LASF10
 527 007c 02       		.byte	0x2
 528 007d D301     		.2byte	0x1d3
 529 007f 3A000000 		.4byte	0x3a
 530 0083 04       		.uleb128 0x4
 531 0084 2F010000 		.4byte	.LASF11
 532 0088 02       		.byte	0x2
 533 0089 D401     		.2byte	0x1d4
 534 008b 48000000 		.4byte	0x48
 535 008f 02       		.uleb128 0x2
 536 0090 04       		.byte	0x4
 537 0091 04       		.byte	0x4
 538 0092 43000000 		.4byte	.LASF12
 539 0096 02       		.uleb128 0x2
 540 0097 08       		.byte	0x8
 541 0098 04       		.byte	0x4
 542 0099 00010000 		.4byte	.LASF13
 543 009d 02       		.uleb128 0x2
 544 009e 01       		.byte	0x1
 545 009f 08       		.byte	0x8
 546 00a0 45020000 		.4byte	.LASF14
 547 00a4 04       		.uleb128 0x4
 548 00a5 00000000 		.4byte	.LASF15
 549 00a9 02       		.byte	0x2
 550 00aa 7E02     		.2byte	0x27e
 551 00ac B0000000 		.4byte	0xb0
 552 00b0 05       		.uleb128 0x5
 553 00b1 83000000 		.4byte	0x83
 554 00b5 06       		.uleb128 0x6
 555 00b6 2B000000 		.4byte	.LASF16
ARM GAS  C:\Users\prana\AppData\Local\Temp\cczz8trP.s 			page 28


 556 00ba 01       		.byte	0x1
 557 00bb 27       		.byte	0x27
 558 00bc 00000000 		.4byte	.LFB0
 559 00c0 1C000000 		.4byte	.LFE0-.LFB0
 560 00c4 01       		.uleb128 0x1
 561 00c5 9C       		.byte	0x9c
 562 00c6 DA000000 		.4byte	0xda
 563 00ca 07       		.uleb128 0x7
 564 00cb 0E010000 		.4byte	.LASF18
 565 00cf 01       		.byte	0x1
 566 00d0 27       		.byte	0x27
 567 00d1 83000000 		.4byte	0x83
 568 00d5 00000000 		.4byte	.LLST0
 569 00d9 00       		.byte	0
 570 00da 08       		.uleb128 0x8
 571 00db A1000000 		.4byte	.LASF28
 572 00df 01       		.byte	0x1
 573 00e0 5F       		.byte	0x5f
 574 00e1 00000000 		.4byte	.LFB1
 575 00e5 18000000 		.4byte	.LFE1-.LFB1
 576 00e9 01       		.uleb128 0x1
 577 00ea 9C       		.byte	0x9c
 578 00eb 06       		.uleb128 0x6
 579 00ec 57000000 		.4byte	.LASF17
 580 00f0 01       		.byte	0x1
 581 00f1 86       		.byte	0x86
 582 00f2 00000000 		.4byte	.LFB2
 583 00f6 20000000 		.4byte	.LFE2-.LFB2
 584 00fa 01       		.uleb128 0x1
 585 00fb 9C       		.byte	0x9c
 586 00fc 3B010000 		.4byte	0x13b
 587 0100 07       		.uleb128 0x7
 588 0101 AE000000 		.4byte	.LASF19
 589 0105 01       		.byte	0x1
 590 0106 86       		.byte	0x86
 591 0107 77000000 		.4byte	0x77
 592 010b 21000000 		.4byte	.LLST1
 593 010f 07       		.uleb128 0x7
 594 0110 1A010000 		.4byte	.LASF20
 595 0114 01       		.byte	0x1
 596 0115 86       		.byte	0x86
 597 0116 6B000000 		.4byte	0x6b
 598 011a 42000000 		.4byte	.LLST2
 599 011e 09       		.uleb128 0x9
 600 011f 3B000000 		.4byte	.LASF21
 601 0123 01       		.byte	0x1
 602 0124 88       		.byte	0x88
 603 0125 83000000 		.4byte	0x83
 604 0129 63000000 		.4byte	.LLST3
 605 012d 0A       		.uleb128 0xa
 606 012e 07010000 		.4byte	.LASF22
 607 0132 01       		.byte	0x1
 608 0133 89       		.byte	0x89
 609 0134 83000000 		.4byte	0x83
 610 0138 01       		.uleb128 0x1
 611 0139 50       		.byte	0x50
 612 013a 00       		.byte	0
ARM GAS  C:\Users\prana\AppData\Local\Temp\cczz8trP.s 			page 29


 613 013b 0B       		.uleb128 0xb
 614 013c 5A020000 		.4byte	.LASF23
 615 0140 01       		.byte	0x1
 616 0141 B0       		.byte	0xb0
 617 0142 77000000 		.4byte	0x77
 618 0146 00000000 		.4byte	.LFB3
 619 014a 10000000 		.4byte	.LFE3-.LFB3
 620 014e 01       		.uleb128 0x1
 621 014f 9C       		.byte	0x9c
 622 0150 0B       		.uleb128 0xb
 623 0151 06000000 		.4byte	.LASF24
 624 0155 01       		.byte	0x1
 625 0156 C6       		.byte	0xc6
 626 0157 6B000000 		.4byte	0x6b
 627 015b 00000000 		.4byte	.LFB4
 628 015f 04000000 		.4byte	.LFE4-.LFB4
 629 0163 01       		.uleb128 0x1
 630 0164 9C       		.byte	0x9c
 631 0165 00       		.byte	0
 632              		.section	.debug_abbrev,"",%progbits
 633              	.Ldebug_abbrev0:
 634 0000 01       		.uleb128 0x1
 635 0001 11       		.uleb128 0x11
 636 0002 01       		.byte	0x1
 637 0003 25       		.uleb128 0x25
 638 0004 0E       		.uleb128 0xe
 639 0005 13       		.uleb128 0x13
 640 0006 0B       		.uleb128 0xb
 641 0007 03       		.uleb128 0x3
 642 0008 0E       		.uleb128 0xe
 643 0009 1B       		.uleb128 0x1b
 644 000a 0E       		.uleb128 0xe
 645 000b 55       		.uleb128 0x55
 646 000c 17       		.uleb128 0x17
 647 000d 11       		.uleb128 0x11
 648 000e 01       		.uleb128 0x1
 649 000f 10       		.uleb128 0x10
 650 0010 17       		.uleb128 0x17
 651 0011 00       		.byte	0
 652 0012 00       		.byte	0
 653 0013 02       		.uleb128 0x2
 654 0014 24       		.uleb128 0x24
 655 0015 00       		.byte	0
 656 0016 0B       		.uleb128 0xb
 657 0017 0B       		.uleb128 0xb
 658 0018 3E       		.uleb128 0x3e
 659 0019 0B       		.uleb128 0xb
 660 001a 03       		.uleb128 0x3
 661 001b 0E       		.uleb128 0xe
 662 001c 00       		.byte	0
 663 001d 00       		.byte	0
 664 001e 03       		.uleb128 0x3
 665 001f 24       		.uleb128 0x24
 666 0020 00       		.byte	0
 667 0021 0B       		.uleb128 0xb
 668 0022 0B       		.uleb128 0xb
 669 0023 3E       		.uleb128 0x3e
ARM GAS  C:\Users\prana\AppData\Local\Temp\cczz8trP.s 			page 30


 670 0024 0B       		.uleb128 0xb
 671 0025 03       		.uleb128 0x3
 672 0026 08       		.uleb128 0x8
 673 0027 00       		.byte	0
 674 0028 00       		.byte	0
 675 0029 04       		.uleb128 0x4
 676 002a 16       		.uleb128 0x16
 677 002b 00       		.byte	0
 678 002c 03       		.uleb128 0x3
 679 002d 0E       		.uleb128 0xe
 680 002e 3A       		.uleb128 0x3a
 681 002f 0B       		.uleb128 0xb
 682 0030 3B       		.uleb128 0x3b
 683 0031 05       		.uleb128 0x5
 684 0032 49       		.uleb128 0x49
 685 0033 13       		.uleb128 0x13
 686 0034 00       		.byte	0
 687 0035 00       		.byte	0
 688 0036 05       		.uleb128 0x5
 689 0037 35       		.uleb128 0x35
 690 0038 00       		.byte	0
 691 0039 49       		.uleb128 0x49
 692 003a 13       		.uleb128 0x13
 693 003b 00       		.byte	0
 694 003c 00       		.byte	0
 695 003d 06       		.uleb128 0x6
 696 003e 2E       		.uleb128 0x2e
 697 003f 01       		.byte	0x1
 698 0040 3F       		.uleb128 0x3f
 699 0041 19       		.uleb128 0x19
 700 0042 03       		.uleb128 0x3
 701 0043 0E       		.uleb128 0xe
 702 0044 3A       		.uleb128 0x3a
 703 0045 0B       		.uleb128 0xb
 704 0046 3B       		.uleb128 0x3b
 705 0047 0B       		.uleb128 0xb
 706 0048 27       		.uleb128 0x27
 707 0049 19       		.uleb128 0x19
 708 004a 11       		.uleb128 0x11
 709 004b 01       		.uleb128 0x1
 710 004c 12       		.uleb128 0x12
 711 004d 06       		.uleb128 0x6
 712 004e 40       		.uleb128 0x40
 713 004f 18       		.uleb128 0x18
 714 0050 9742     		.uleb128 0x2117
 715 0052 19       		.uleb128 0x19
 716 0053 01       		.uleb128 0x1
 717 0054 13       		.uleb128 0x13
 718 0055 00       		.byte	0
 719 0056 00       		.byte	0
 720 0057 07       		.uleb128 0x7
 721 0058 05       		.uleb128 0x5
 722 0059 00       		.byte	0
 723 005a 03       		.uleb128 0x3
 724 005b 0E       		.uleb128 0xe
 725 005c 3A       		.uleb128 0x3a
 726 005d 0B       		.uleb128 0xb
ARM GAS  C:\Users\prana\AppData\Local\Temp\cczz8trP.s 			page 31


 727 005e 3B       		.uleb128 0x3b
 728 005f 0B       		.uleb128 0xb
 729 0060 49       		.uleb128 0x49
 730 0061 13       		.uleb128 0x13
 731 0062 02       		.uleb128 0x2
 732 0063 17       		.uleb128 0x17
 733 0064 00       		.byte	0
 734 0065 00       		.byte	0
 735 0066 08       		.uleb128 0x8
 736 0067 2E       		.uleb128 0x2e
 737 0068 00       		.byte	0
 738 0069 3F       		.uleb128 0x3f
 739 006a 19       		.uleb128 0x19
 740 006b 03       		.uleb128 0x3
 741 006c 0E       		.uleb128 0xe
 742 006d 3A       		.uleb128 0x3a
 743 006e 0B       		.uleb128 0xb
 744 006f 3B       		.uleb128 0x3b
 745 0070 0B       		.uleb128 0xb
 746 0071 27       		.uleb128 0x27
 747 0072 19       		.uleb128 0x19
 748 0073 11       		.uleb128 0x11
 749 0074 01       		.uleb128 0x1
 750 0075 12       		.uleb128 0x12
 751 0076 06       		.uleb128 0x6
 752 0077 40       		.uleb128 0x40
 753 0078 18       		.uleb128 0x18
 754 0079 9742     		.uleb128 0x2117
 755 007b 19       		.uleb128 0x19
 756 007c 00       		.byte	0
 757 007d 00       		.byte	0
 758 007e 09       		.uleb128 0x9
 759 007f 34       		.uleb128 0x34
 760 0080 00       		.byte	0
 761 0081 03       		.uleb128 0x3
 762 0082 0E       		.uleb128 0xe
 763 0083 3A       		.uleb128 0x3a
 764 0084 0B       		.uleb128 0xb
 765 0085 3B       		.uleb128 0x3b
 766 0086 0B       		.uleb128 0xb
 767 0087 49       		.uleb128 0x49
 768 0088 13       		.uleb128 0x13
 769 0089 02       		.uleb128 0x2
 770 008a 17       		.uleb128 0x17
 771 008b 00       		.byte	0
 772 008c 00       		.byte	0
 773 008d 0A       		.uleb128 0xa
 774 008e 34       		.uleb128 0x34
 775 008f 00       		.byte	0
 776 0090 03       		.uleb128 0x3
 777 0091 0E       		.uleb128 0xe
 778 0092 3A       		.uleb128 0x3a
 779 0093 0B       		.uleb128 0xb
 780 0094 3B       		.uleb128 0x3b
 781 0095 0B       		.uleb128 0xb
 782 0096 49       		.uleb128 0x49
 783 0097 13       		.uleb128 0x13
ARM GAS  C:\Users\prana\AppData\Local\Temp\cczz8trP.s 			page 32


 784 0098 02       		.uleb128 0x2
 785 0099 18       		.uleb128 0x18
 786 009a 00       		.byte	0
 787 009b 00       		.byte	0
 788 009c 0B       		.uleb128 0xb
 789 009d 2E       		.uleb128 0x2e
 790 009e 00       		.byte	0
 791 009f 3F       		.uleb128 0x3f
 792 00a0 19       		.uleb128 0x19
 793 00a1 03       		.uleb128 0x3
 794 00a2 0E       		.uleb128 0xe
 795 00a3 3A       		.uleb128 0x3a
 796 00a4 0B       		.uleb128 0xb
 797 00a5 3B       		.uleb128 0x3b
 798 00a6 0B       		.uleb128 0xb
 799 00a7 27       		.uleb128 0x27
 800 00a8 19       		.uleb128 0x19
 801 00a9 49       		.uleb128 0x49
 802 00aa 13       		.uleb128 0x13
 803 00ab 11       		.uleb128 0x11
 804 00ac 01       		.uleb128 0x1
 805 00ad 12       		.uleb128 0x12
 806 00ae 06       		.uleb128 0x6
 807 00af 40       		.uleb128 0x40
 808 00b0 18       		.uleb128 0x18
 809 00b1 9742     		.uleb128 0x2117
 810 00b3 19       		.uleb128 0x19
 811 00b4 00       		.byte	0
 812 00b5 00       		.byte	0
 813 00b6 00       		.byte	0
 814              		.section	.debug_loc,"",%progbits
 815              	.Ldebug_loc0:
 816              	.LLST0:
 817 0000 00000000 		.4byte	.LVL0
 818 0004 0C000000 		.4byte	.LVL1
 819 0008 0100     		.2byte	0x1
 820 000a 50       		.byte	0x50
 821 000b 0C000000 		.4byte	.LVL1
 822 000f 1C000000 		.4byte	.LFE0
 823 0013 0400     		.2byte	0x4
 824 0015 F3       		.byte	0xf3
 825 0016 01       		.uleb128 0x1
 826 0017 50       		.byte	0x50
 827 0018 9F       		.byte	0x9f
 828 0019 00000000 		.4byte	0
 829 001d 00000000 		.4byte	0
 830              	.LLST1:
 831 0021 00000000 		.4byte	.LVL2
 832 0025 0E000000 		.4byte	.LVL4
 833 0029 0100     		.2byte	0x1
 834 002b 50       		.byte	0x50
 835 002c 0E000000 		.4byte	.LVL4
 836 0030 20000000 		.4byte	.LFE2
 837 0034 0400     		.2byte	0x4
 838 0036 F3       		.byte	0xf3
 839 0037 01       		.uleb128 0x1
 840 0038 50       		.byte	0x50
ARM GAS  C:\Users\prana\AppData\Local\Temp\cczz8trP.s 			page 33


 841 0039 9F       		.byte	0x9f
 842 003a 00000000 		.4byte	0
 843 003e 00000000 		.4byte	0
 844              	.LLST2:
 845 0042 00000000 		.4byte	.LVL2
 846 0046 04000000 		.4byte	.LVL3
 847 004a 0100     		.2byte	0x1
 848 004c 51       		.byte	0x51
 849 004d 04000000 		.4byte	.LVL3
 850 0051 20000000 		.4byte	.LFE2
 851 0055 0400     		.2byte	0x4
 852 0057 F3       		.byte	0xf3
 853 0058 01       		.uleb128 0x1
 854 0059 51       		.byte	0x51
 855 005a 9F       		.byte	0x9f
 856 005b 00000000 		.4byte	0
 857 005f 00000000 		.4byte	0
 858              	.LLST3:
 859 0063 14000000 		.4byte	.LVL5
 860 0067 16000000 		.4byte	.LVL6
 861 006b 0500     		.2byte	0x5
 862 006d 75       		.byte	0x75
 863 006e 00       		.sleb128 0
 864 006f 37       		.byte	0x37
 865 0070 1A       		.byte	0x1a
 866 0071 9F       		.byte	0x9f
 867 0072 16000000 		.4byte	.LVL6
 868 0076 20000000 		.4byte	.LFE2
 869 007a 0100     		.2byte	0x1
 870 007c 53       		.byte	0x53
 871 007d 00000000 		.4byte	0
 872 0081 00000000 		.4byte	0
 873              		.section	.debug_aranges,"",%progbits
 874 0000 3C000000 		.4byte	0x3c
 875 0004 0200     		.2byte	0x2
 876 0006 00000000 		.4byte	.Ldebug_info0
 877 000a 04       		.byte	0x4
 878 000b 00       		.byte	0
 879 000c 0000     		.2byte	0
 880 000e 0000     		.2byte	0
 881 0010 00000000 		.4byte	.LFB0
 882 0014 1C000000 		.4byte	.LFE0-.LFB0
 883 0018 00000000 		.4byte	.LFB1
 884 001c 18000000 		.4byte	.LFE1-.LFB1
 885 0020 00000000 		.4byte	.LFB2
 886 0024 20000000 		.4byte	.LFE2-.LFB2
 887 0028 00000000 		.4byte	.LFB3
 888 002c 10000000 		.4byte	.LFE3-.LFB3
 889 0030 00000000 		.4byte	.LFB4
 890 0034 04000000 		.4byte	.LFE4-.LFB4
 891 0038 00000000 		.4byte	0
 892 003c 00000000 		.4byte	0
 893              		.section	.debug_ranges,"",%progbits
 894              	.Ldebug_ranges0:
 895 0000 00000000 		.4byte	.LFB0
 896 0004 1C000000 		.4byte	.LFE0
 897 0008 00000000 		.4byte	.LFB1
ARM GAS  C:\Users\prana\AppData\Local\Temp\cczz8trP.s 			page 34


 898 000c 18000000 		.4byte	.LFE1
 899 0010 00000000 		.4byte	.LFB2
 900 0014 20000000 		.4byte	.LFE2
 901 0018 00000000 		.4byte	.LFB3
 902 001c 10000000 		.4byte	.LFE3
 903 0020 00000000 		.4byte	.LFB4
 904 0024 04000000 		.4byte	.LFE4
 905 0028 00000000 		.4byte	0
 906 002c 00000000 		.4byte	0
 907              		.section	.debug_line,"",%progbits
 908              	.Ldebug_line0:
 909 0000 C9000000 		.section	.debug_str,"MS",%progbits,1
 909      02004400 
 909      00000201 
 909      FB0E0D00 
 909      01010101 
 910              	.LASF15:
 911 0000 72656733 		.ascii	"reg32\000"
 911      3200
 912              	.LASF24:
 913 0006 436C6F63 		.ascii	"Clock_3_GetFractionalDividerRegister\000"
 913      6B5F335F 
 913      47657446 
 913      72616374 
 913      696F6E61 
 914              	.LASF16:
 915 002b 436C6F63 		.ascii	"Clock_3_StartEx\000"
 915      6B5F335F 
 915      53746172 
 915      74457800 
 916              	.LASF21:
 917 003b 6D61736B 		.ascii	"maskVal\000"
 917      56616C00 
 918              	.LASF12:
 919 0043 666C6F61 		.ascii	"float\000"
 919      7400
 920              	.LASF1:
 921 0049 756E7369 		.ascii	"unsigned char\000"
 921      676E6564 
 921      20636861 
 921      7200
 922              	.LASF17:
 923 0057 436C6F63 		.ascii	"Clock_3_SetFractionalDividerRegister\000"
 923      6B5F335F 
 923      53657446 
 923      72616374 
 923      696F6E61 
 924              	.LASF5:
 925 007c 6C6F6E67 		.ascii	"long unsigned int\000"
 925      20756E73 
 925      69676E65 
 925      6420696E 
 925      7400
 926              	.LASF3:
 927 008e 73686F72 		.ascii	"short unsigned int\000"
 927      7420756E 
 927      7369676E 
ARM GAS  C:\Users\prana\AppData\Local\Temp\cczz8trP.s 			page 35


 927      65642069 
 927      6E7400
 928              	.LASF28:
 929 00a1 436C6F63 		.ascii	"Clock_3_Stop\000"
 929      6B5F335F 
 929      53746F70 
 929      00
 930              	.LASF19:
 931 00ae 636C6B44 		.ascii	"clkDivider\000"
 931      69766964 
 931      657200
 932              	.LASF27:
 933 00b9 453A5C56 		.ascii	"E:\\VSeries\\FW\\PDSS_SRC_SNK\\CYPD3171-24LQXQ_pb\\"
 933      53657269 
 933      65735C46 
 933      575C5044 
 933      53535F53 
 934 00e7 43595044 		.ascii	"CYPD3171-24LQXQ_pb.cydsn\000"
 934      33313731 
 934      2D32344C 
 934      5158515F 
 934      70622E63 
 935              	.LASF13:
 936 0100 646F7562 		.ascii	"double\000"
 936      6C6500
 937              	.LASF22:
 938 0107 72656756 		.ascii	"regVal\000"
 938      616C00
 939              	.LASF18:
 940 010e 616C6967 		.ascii	"alignClkDiv\000"
 940      6E436C6B 
 940      44697600 
 941              	.LASF20:
 942 011a 636C6B46 		.ascii	"clkFractional\000"
 942      72616374 
 942      696F6E61 
 942      6C00
 943              	.LASF10:
 944 0128 75696E74 		.ascii	"uint16\000"
 944      313600
 945              	.LASF11:
 946 012f 75696E74 		.ascii	"uint32\000"
 946      333200
 947              	.LASF8:
 948 0136 756E7369 		.ascii	"unsigned int\000"
 948      676E6564 
 948      20696E74 
 948      00
 949              	.LASF26:
 950 0143 47656E65 		.ascii	"Generated_Source\\PSoC4\\Clock_3.c\000"
 950      72617465 
 950      645F536F 
 950      75726365 
 950      5C50536F 
 951              	.LASF7:
 952 0164 6C6F6E67 		.ascii	"long long unsigned int\000"
 952      206C6F6E 
ARM GAS  C:\Users\prana\AppData\Local\Temp\cczz8trP.s 			page 36


 952      6720756E 
 952      7369676E 
 952      65642069 
 953              	.LASF25:
 954 017b 474E5520 		.ascii	"GNU C11 5.4.1 20160609 (release) [ARM/embedded-5-br"
 954      43313120 
 954      352E342E 
 954      31203230 
 954      31363036 
 955 01ae 616E6368 		.ascii	"anch revision 237715] -mcpu=cortex-m0 -mthumb -g -O"
 955      20726576 
 955      6973696F 
 955      6E203233 
 955      37373135 
 956 01e1 73202D66 		.ascii	"s -ffunction-sections -ffat-lto-objects -finline-fu"
 956      66756E63 
 956      74696F6E 
 956      2D736563 
 956      74696F6E 
 957 0214 6E637469 		.ascii	"nctions -flto -fno-strict-aliasing\000"
 957      6F6E7320 
 957      2D666C74 
 957      6F202D66 
 957      6E6F2D73 
 958              	.LASF6:
 959 0237 6C6F6E67 		.ascii	"long long int\000"
 959      206C6F6E 
 959      6720696E 
 959      7400
 960              	.LASF14:
 961 0245 63686172 		.ascii	"char\000"
 961      00
 962              	.LASF2:
 963 024a 73686F72 		.ascii	"short int\000"
 963      7420696E 
 963      7400
 964              	.LASF9:
 965 0254 75696E74 		.ascii	"uint8\000"
 965      3800
 966              	.LASF23:
 967 025a 436C6F63 		.ascii	"Clock_3_GetDividerRegister\000"
 967      6B5F335F 
 967      47657444 
 967      69766964 
 967      65725265 
 968              	.LASF4:
 969 0275 6C6F6E67 		.ascii	"long int\000"
 969      20696E74 
 969      00
 970              	.LASF0:
 971 027e 7369676E 		.ascii	"signed char\000"
 971      65642063 
 971      68617200 
 972              		.comm	__gnu_lto_v1,1,1
 973              		.ident	"GCC: (GNU Tools for ARM Embedded Processors) 5.4.1 20160609 (release) [ARM/embedded-5-bran
