ARM GAS  C:\Users\prana\AppData\Local\Temp\ccdEUCXb.s 			page 1


   1              		.syntax unified
   2              		.cpu cortex-m0
   3              		.fpu softvfp
   4              		.eabi_attribute 20, 1
   5              		.eabi_attribute 21, 1
   6              		.eabi_attribute 23, 3
   7              		.eabi_attribute 24, 1
   8              		.eabi_attribute 25, 1
   9              		.eabi_attribute 26, 1
  10              		.eabi_attribute 30, 4
  11              		.eabi_attribute 34, 0
  12              		.eabi_attribute 18, 4
  13              		.thumb
  14              		.syntax unified
  15              		.file	"Clock_1.c"
  16              		.text
  17              	.Ltext0:
  18              		.section	.gnu.lto_.profile.b369bc26,"",%progbits
  19 0000 789C6361 		.ascii	"x\234ca`d`a`\000\222r\222\000\000\277\000B"
  19      60646061 
  19      60009272 
  19      920000BF 
  19      0042
  20              		.text
  21              		.section	.gnu.lto_.icf.b369bc26,"",%progbits
  22 0000 789C6361 		.ascii	"x\234ca`d\000\001\005\006\004`ex\271g\372\016\016\306"
  22      60640001 
  22      05060460 
  22      6578B967 
  22      FA0E0EC6 
  23 0014 AD57F6EC 		.ascii	"\255W\366\354\341`z;\257\371\026+sg\377\302\223\354"
  23      E1607A3B 
  23      AFF9162B 
  23      7367FFC2 
  23      93EC
  24 0026 2CB39BE6 		.ascii	",\263\233\346M\341a\000\000\366f\016\013"
  24      4DE16100 
  24      00F6660E 
  24      0B
  25              		.text
  26              		.section	.gnu.lto_.jmpfuncs.b369bc26,"",%progbits
  27 0000 789C6361 		.ascii	"x\234ca`d\000\001q\006\004`e`dd\254\007\21231122\327"
  27      60640001 
  27      71060460 
  27      65606464 
  27      AC078A33 
  28 0019 D7333330 		.ascii	"\327330\260\000\205\001\026\322\001\263"
  28      B0008501 
  28      16D201B3 
  29              		.text
  30              		.section	.gnu.lto_.inline.b369bc26,"",%progbits
  31 0000 789C458B 		.ascii	"x\234E\213\261\015\2000\014\004\337\316\007B(`\003("
  31      B10D8030 
  31      0C04DFCE 
  31      07422860 
  31      0328
  32 0012 10E33013 		.ascii	"\020\3430\023#PRf\016\246`$l!\310\027\226\375\347#\004"
ARM GAS  C:\Users\prana\AppData\Local\Temp\ccdEUCXb.s 			page 2


  32      23505266 
  32      0EA66024 
  32      6C21C817 
  32      96FDE723 
  33 0027 9E1D3511 		.ascii	"\236\0355\021\350V\021\314\206B\272N\242)\223\202e\242"
  33      E85611CC 
  33      8642BA4E 
  33      A2299382 
  33      65A2
  34 0039 6341BB08 		.ascii	"cA\273\010\264\002\213\242\317\242\030\315\220d\203"
  34      B4028BA2 
  34      CFA218CD 
  34      906483
  35 0048 F9D85EA8 		.ascii	"\371\330^\250\367@W\223\277\005D\232j\347o\022A\255"
  35      F7405793 
  35      BF05449A 
  35      6AE76F12 
  35      41AD
  36 005a B2ED6BF0 		.ascii	"\262\355k\360\000t\\\014$"
  36      00745C0C 
  36      24
  37              		.text
  38              		.section	.gnu.lto_.pureconst.b369bc26,"",%progbits
  39 0000 789C6361 		.ascii	"x\234ca`d\340f```e\220b\224b\222b\226ba\000\000\003"
  39      6064E066 
  39      60606065 
  39      90629462 
  39      92629662 
  40 0018 E40088   		.ascii	"\344\000\210"
  41              		.text
  42              		.section	.gnu.lto_Clock_1_StartEx.b369bc26,"",%progbits
  43 0000 789C5551 		.ascii	"x\234UQMk\023a\020\236\347\375\330\254\266\361\027\364"
  43      4D6B1361 
  43      109EE7FD 
  43      D8ACB6F1 
  43      17F4
  44 0012 50A1507A 		.ascii	"P\241Pz\320R\360\017HD\257b\257\205R\322 \265\241\201"
  44      D052F00F 
  44      4844AF62 
  44      AF8552D2 
  44      20B5A181 
  45 0026 52BDFA26 		.ascii	"R\275\372&\273\333\240x\020\304\036JKP\220\266\332\232"
  45      BBDBA078 
  45      10C41E4A 
  45      4B5090B6 
  45      DA9A
  46 0038 462F8A97 		.ascii	"F/\212\227\030\021A0\322\213\275x\360\003\367\320S\242"
  46      18114130 
  46      D28BBD78 
  46      F003F7D0 
  46      53A2
  47 004a 55C4AA71 		.ascii	"U\304\252q&\233\203\035\330\231w\206gf\236g\326\020"
  47      269B831D 
  47      D8997786 
  47      67669E67 
  47      D610
  48 005c 482CAD88 		.ascii	"H,\255\210F9\236\345\017\036A\335l\022\025}\005\235"
ARM GAS  C:\Users\prana\AppData\Local\Temp\ccdEUCXb.s 			page 3


  48      46399EE5 
  48      0F1E41DD 
  48      6C12157D 
  48      059D
  49 006e 3CB4B237 		.ascii	"<\264\2627^\021\271\243&L\221\353\267I\375\264\001$"
  49      5E11B9A3 
  49      264C91EB 
  49      B749FDB4 
  49      0124
  50 0080 3A1F7455 		.ascii	":\037tUik\300\236\022\373\256\376(4\312\361S5\262\346"
  50      696BC09E 
  50      12FBAEFE 
  50      2834CAF1 
  50      5335B2E6 
  51 0094 D83E7CB9 		.ascii	"\330>|\271\245\335z\035\021\003:*\301`\015#\214\332"
  51      A5DD7A1D 
  51      11033A2A 
  51      C1600D23 
  51      8CDA
  52 00a6 09B757F4 		.ascii	"\011\267W\364\276\2124`8m\277Y\376|LR\205AN\257\275"
  52      BE8A3460 
  52      386DBF59 
  52      FE7C4C52 
  52      85414EAF 
  53 00bb F8F1DCE8 		.ascii	"\370\361\334\350!\020\277k\337*qz\370\236s%\347\016"
  53      2110BF6B 
  53      DF2A717A 
  53      F89E7325 
  53      E70E
  54 00cd A6DD9148 		.ascii	"\246\335\221Hk\334\207\346y\330\300\000\3261@\\\"<\300"
  54      6BDC87E6 
  54      79D8C000 
  54      D631405C 
  54      223CC0
  55 00e0 B0C03FD5 		.ascii	"\260\300?\325\376\336N{\241\254\037L\226b\023\236(\256"
  55      FEDE4E7B 
  55      A1AC1F4C 
  55      9662139E 
  55      28AE
  56 00f2 5EA8BB4E 		.ascii	"^\250\273N'p\365\232\335\322\276\342.\243\331\261\002"
  56      2770F59A 
  56      DDD2BEE2 
  56      2EA3D9B1 
  56      02
  57 0103 E9B5927B 		.ascii	"\351\265\222{\342\210Z\334\306\232[Jq\320m\326\307\212"
  57      E2885ADC 
  57      C69A5B4A 
  57      71D06DD6 
  57      C78A
  58 0115 758CC6AF 		.ascii	"u\214\306\257\353\357^j\231\027h\221\272\0245\336\246"
  58      EBEF5E6A 
  58      99176891 
  58      BA1435DE 
  58      A6
  59 0126 84B5D765 		.ascii	"\204\265\327ez\367\316\301\256MR\347B'\272\312\321\316"
  59      7AF7CEC1 
  59      AE4D52E7 
ARM GAS  C:\Users\prana\AppData\Local\Temp\ccdEUCXb.s 			page 4


  59      4227BACA 
  59      D1CE
  60 0138 467F05AB 		.ascii	"F\177\005\253\305\220\217\220\302C&\274\305\204\011"
  60      C5908F90 
  60      C24326BC 
  60      C58409
  61 0147 55544031 		.ascii	"UT@1J_\313\277\275d\240\346\231\364\021a3\270\324+\374"
  61      4A5FCBBF 
  61      BD64A0E6 
  61      99F41161 
  61      33B8D42B 
  62 015c BFC182B0 		.ascii	"\277\301\202\260-\235$\364,\361\237A[\031\341\027#h"
  62      2D9D24F4 
  62      2CF19F41 
  62      5B19E117 
  62      2368
  63 016e 2D36639B 		.ascii	"-6c\233t\331@\313\342\345g\373\257\273\\|\370\250q#"
  63      74D940CB 
  63      E2E567FB 
  63      AFBB5C7C 
  63      F8A87123 
  64 0182 A37E2EBE 		.ascii	"\243~.\276\357\355\022\034\203\366\236T\307\004cP\344"
  64      EFED121C 
  64      83F69E54 
  64      C7046350 
  64      E4
  65 0193 73F978D4 		.ascii	"s\371x\324\3055\226\332\325\023\202;\304\237\021}\207"
  65      C53596DA 
  65      D513823B 
  65      C49F117D 
  65      87
  66 01a4 253C6609 		.ascii	"%<f\011<\212\366P\252\357v\267\367\330\201Y\361\005"
  66      3C8AF650 
  66      AAEF76B7 
  66      F7D88159 
  66      F105
  67 01b6 8F9FCBCD 		.ascii	"\217\237\313\315\345\346\247\026r\323\223\343\205\313"
  67      E5E6A716 
  67      72D393E3 
  67      85CB
  68 01c4 F3D9DCC4 		.ascii	"\363\331\334\304\371\361B\346\324D&_\310\316N\216\235"
  68      F9F142E6 
  68      D444265F 
  68      C8CE4E8E 
  68      9D
  69 01d5 CC52DF54 		.ascii	"\314R\337T~\346\342\\&?{f\346\312?d\016\300\206"
  69      7EE6E25C 
  69      263F7B66 
  69      E6CA3F64 
  69      0EC086
  70              		.text
  71              		.section	.gnu.lto_Clock_1_Stop.b369bc26,"",%progbits
  72 0000 789C5590 		.ascii	"x\234U\220\275KBQ\030\306\337\347\234{UJ\377\003\207"
  72      BD4B4251 
  72      18C6DFE7 
  72      9C7B554A 
  72      FF0387
ARM GAS  C:\Users\prana\AppData\Local\Temp\ccdEUCXb.s 			page 5


  73 0013 A2C9250A 		.ascii	"\242\311%\012\032ZC\3105r\025$\354.}\011RsG\275\027"
  73      1A5A43C8 
  73      35721524 
  73      EC2E7D09 
  73      527347BD 
  74 0028 211A6AA8 		.ascii	"!\032j\250\251\220Z\324>it3\227\206\300p\311\265\204"
  74      A9905AD4 
  74      3E697433 
  74      9786C070 
  74      C9B584
  75 003b 1C2248C3 		.ascii	"\034\"H\303\226>\264\367p\035\362\205s\336{\337\363"
  75      963EB4F7 
  75      701DF285 
  75      73DE7BDF 
  75      F3
  76 004c 9CE7F971 		.ascii	"\234\347\371q\014\002\351Z\3476\301}\236\027<\004\261"
  76      0C02E95A 
  76      E736C17D 
  76      9E173C04 
  76      B1
  77 005d 57234AFB 		.ascii	"W#J\373\004\244\373!\205\271{G\244F\014\333K\312o\272"
  77      04A4FB21 
  77      85B97B47 
  77      A4460CDB 
  77      4BCA6FBA 
  78 0071 F33903D0 		.ascii	"\3639\003\320]\371@\333B\232\006x'\267>\305\257@5\327"
  78      5DF940DB 
  78      429A0678 
  78      27B73EC5 
  78      AF4035D7 
  79 0085 2A8B5041 		.ascii	"*\213PAq=\275\274O\251b\005\016\013\372\302\325\240"
  79      713DBDBC 
  79      4FA96205 
  79      0E0BFAC2 
  79      D5A0
  80 0097 8010B1AC 		.ascii	"\200\020\261\254y\323;\010xl-\033s\017Q\204G\223]/V"
  80      79D33B08 
  80      786C2D1B 
  80      730F5184 
  80      47935D2F 
  81 00ac 54BF9F55 		.ascii	"T\277\237U\225}\357\355\243\327\024\344HH\336X\323\346"
  81      957DEFED 
  81      A3D714E4 
  81      4848DE58 
  81      D3E6
  82 00be C5306D21 		.ascii	"\3050m!\270\311\016\0073\212l\241\372\265\323:\232\325"
  82      B8C90E07 
  82      338A6CA1 
  82      FAB5D33A 
  82      9AD5
  83 00d0 0659A919 		.ascii	"\006Y\251\031\016\235\352\203\267+\034)\241\263NO\276"
  83      0E9DEA83 
  83      B72B1C29 
  83      A1B34E4F 
  83      BE
  84 00e1 1BA6FBAB 		.ascii	"\033\246\373\253\224\255\014\036\345\234z\311\237\307"
  84      94AD0C1E 
ARM GAS  C:\Users\prana\AppData\Local\Temp\ccdEUCXb.s 			page 6


  84      E59C7AC9 
  84      9FC7
  85 00ef 71DA663A 		.ascii	"q\332f:\003g\010\242\204 C\234#\017j!\363\221\373\361"
  85      036708A2 
  85      8420439C 
  85      230F6A21 
  85      F391FBF1 
  86 0103 B886923D 		.ascii	"\270\206\222=\351\031v-\2732\030\374O\020 \\\350\233"
  86      E919762D 
  86      BB3218FC 
  86      4F10205C 
  86      E89B
  87 0115 A4F14CE2 		.ascii	"\244\361L\342'CG\030\232\217\271\272\355\267\272\251"
  87      27434718 
  87      9A8FB9BA 
  87      EDB7BAA9 
  88 0125 6F0D45A6 		.ascii	"o\015E\246\225\032\035N\275\344T\226\364\232\345\373"
  88      951A1D4E 
  88      BDE45496 
  88      F49AE5FB 
  89 0135 80760558 		.ascii	"\200v\005X\243\014\\\361\351+2\225FD\233\014B\300\346"
  89      A30C5CF1 
  89      E92B3295 
  89      46449B0C 
  89      42C0E6
  90 0148 FC10E311 		.ascii	"\374\020\343\021k\303J-mZ\313\361hr+\225\260b\013\321"
  90      6BC34A2D 
  90      6D5ACBF1 
  90      68722B95 
  90      B0620BD1 
  91 015c 64782616 		.ascii	"dx&\026^K&V\343\323\223\011\372\003]\335\215M"
  91      5E4B2656 
  91      E3D39309 
  91      FA035DDD 
  91      8D4D
  92              		.text
  93              		.section	.gnu.lto_Clock_1_SetFractionalDividerRegister.b369bc26,"",%progbits
  94 0000 789C6D52 		.ascii	"x\234mR]H\223a\024~\317\373n\337>\2679\275\014\362\302"
  94      5D489361 
  94      147ECFFB 
  94      6EDF3EB7 
  94      39BD0CF2 
  95 0015 20116F4A 		.ascii	" \021oJ\251\213n\352F)\250\233H\360J\2201G\210\313\301"
  95      A98B6EEA 
  95      4629A89B 
  95      48F04A90 
  95      314788CB 
  96 002a D26E7DF7 		.ascii	"\322n}\367\363M\031D\022$)\211\027b\3766\267\354\317"
  96      F34D1944 
  96      12242989 
  96      1762FE36 
  96      B7ECCF
  97 003d 345A03BB 		.ascii	"4Z\003\273\0203\222\314\273\021&\006\0215\307\312\020"
  97      103392CC 
  97      BB112606 
  97      1135C7CA 
  97      10
ARM GAS  C:\Users\prana\AppData\Local\Temp\ccdEUCXb.s 			page 7


  98 004e 6D9DF3BD 		.ascii	"m\235\363\275\263\020za\357\317\331\363<\347\234\347"
  98      B3107A61 
  98      EFCFD9F3 
  98      3CE79CE7 
  99 005e 7C16068C 		.ascii	"|\026\006\214V\227`\354\022\236G\361\007\202\001\357"
  99      569760EC 
  99      129E47F1 
  99      078201EF 
 100 006e 5B612CA8 		.ascii	"[a,\250s\000\272H\035X7\207n\370\301\3679\244{\266\346"
 100      7300BA48 
 100      1D583787 
 100      6EF8C1F7 
 100      39A47BB6 
 101 0083 78CD98C4 		.ascii	"x\315\230\304\365qq\244N\216\247\300@z\201\233J\014"
 101      F57171A4 
 101      4E8EA7C0 
 101      407A819B 
 101      4A0C
 102 0095 C6A00651 		.ascii	"\306\240\006Q\213\205\235TY\236\033\002\200H\253\331"
 102      8B859D54 
 102      599E1B02 
 102      8048ABD9 
 103 00a5 E521073D 		.ascii	"\345!\007=9\224\3433\232[\337t\212\343\300\360>\225"
 103      3994E333 
 103      9A5BDF74 
 103      8AE3C0F0 
 103      3E95
 104 00b7 78192BAB 		.ascii	"x\031+\253\036\2252$\345\232[Z\015!`\022\004\352\301"
 104      1E953224 
 104      E59A5B5A 
 104      0D216012 
 104      04EAC1
 105 00ca 0454C038 		.ascii	"\004T\3008T0\0141\230\202jD\367$\357\337v\211\223&s"
 105      54300C31 
 105      98826A44 
 105      F724EFDF 
 105      76899326 
 106 00df B477771A 		.ascii	"\264ww\032\212\314\201\327\016Yk\010\013L+\352\251\012"
 106      8ACC81D7 
 106      0E596B08 
 106      0B4C2BEA 
 106      A90A
 107 00f1 A825A285 		.ascii	"\250%\242\205\301\003\250&\364\273H\342\236P\025Y\360"
 107      C103A826 
 107      F4BB48E2 
 107      9E501559 
 107      F0
 108 0102 B9FD66F0 		.ascii	"\271\375f\360\223KUT\211\317o\2373\267J\305YS\367\373"
 108      934B5554 
 108      89CF6F9F 
 108      33B74AC5 
 108      5953F7FB 
 109 0116 5D595E35 		.ascii	"]Y^5B\262\251\331\230k@\246\"\225\206\260BB)\317`Qq"
 109      42B2A9D9 
 109      986B40A6 
 109      229586B0 
 109      424229CF 
ARM GAS  C:\Users\prana\AppData\Local\Temp\ccdEUCXb.s 			page 8


 110 012d 2C8A1682 		.ascii	",\212\026\202g\026\022k\\4\230\304\370\315d\\+2\023"
 110      6716126B 
 110      5C3498C4 
 110      F8CD645C 
 110      2B3213
 111 0140 4B4ED917 		.ascii	"KN\331\027\324\211\370\360\277\304\215\344\357;\245"
 111      D489F8F0 
 111      BFC48DE4 
 111      EF3BA5
 112 014f 5A847CAC 		.ascii	"Z\204|\254\204Y\250\202$T)\027\341\021h8\027~\020\235"
 112      8459A882 
 112      24542917 
 112      E1116838 
 112      177E109D 
 113 0163 B9929285 		.ascii	"\271\222\222\205BX\246\206\355\257\366\354.\216mih\010"
 113      4258A686 
 113      EDAFF6EC 
 113      2E8E6D69 
 113      6808
 114 0175 FE6B01B2 		.ascii	"\376k\001\262\305J\001\2156\033m:P\313%t\265\323\346"
 114      C54A018D 
 114      361B6D3A 
 114      50CB2574 
 114      B5D3E6
 115 0188 A0CDC94C 		.ascii	"\240\315\311L}\226\305\0044\323m\316\351\024[\220\336"
 115      7D96C504 
 115      34D36DCE 
 115      E9145B90 
 115      DE
 116 0199 8DFD9C38 		.ascii	"\215\375\2348G9\303\202F\325o\244\337\332\310\030\233"
 116      4739C382 
 116      46D56FA4 
 116      DFDAC818 
 116      9B
 117 01aa D9D37A2E 		.ascii	"\331\323z.\377\302\241\236\221HD\222u\331x\246W\037"
 117      FFC2A19E 
 117      91484492 
 117      75D978A6 
 117      571F
 118 01bc 86A16004 		.ascii	"\206\241`\004'\257\303\023\354\3531\365\005Oa\030\330"
 118      27AFC313 
 118      ECEB31F5 
 118      054F6118 
 118      D8
 119 01cd 1684F7A2 		.ascii	"\026\204\367\242_A\011\012\245\231\217\031;\246\367"
 119      5F41090A 
 119      A5998F19 
 119      3BA6F7
 120 01dc 1AD8E019 		.ascii	"\032\330\340\031b7\200\233]b\017\010BN(\327\363a\262"
 120      6237809B 
 120      5D620F08 
 120      424E28D7 
 120      F361B2
 121 01ef 4991AC61 		.ascii	"I\221\254a\034\033\312d\243\313GT\204\202(38\237_\262"
 121      1C1BCA64 
 121      A3CB4754 
 121      84822833 
ARM GAS  C:\Users\prana\AppData\Local\Temp\ccdEUCXb.s 			page 9


 121      389F5FB2 
 122 0203 924C09E8 		.ascii	"\222L\011\3500\2072\010\372\025]\231lV(\233\231OSj\231"
 122      30873208 
 122      FA155D99 
 122      6C56289B 
 122      994F536A 
 123 0218 03B592B0 		.ascii	"\003\265\222\260\320\225\332\373bQv\014\322\207\234"
 123      D095DAFB 
 123      6251760C 
 123      D2879C
 124 0227 4B8C3995 		.ascii	"K\2149\225\232\200\347Jm/\272YL\351@\034\215\327\330"
 124      9A80E74A 
 124      6D2FBA59 
 124      4CE9401C 
 124      8DD7D8
 125 023a 9CD055E5 		.ascii	"\234\320U\345\005\200\371\1779\317(\230\323L\353\370"
 125      0580F97F 
 125      39CF2898 
 125      D34CEBF8 
 126 024a DB50921A 		.ascii	"\333P\222\032r\"(\335\277\235Y\265R\354\220cA)\035\207"
 126      722228DD 
 126      BF9D59B5 
 126      52EC9063 
 126      41291D87 
 127 025e 4D5B40D3 		.ascii	"M[@\323\210\362\005B\251\375\213D0\277\220,\007\032"
 127      88F20542 
 127      A9FD8B44 
 127      30BF902C 
 127      071A
 128 0270 108EEBD8 		.ascii	"\020\216\353\330\005o\2077\340\356\364\266\2664\372"
 128      056F8737 
 128      E0EEF4B6 
 128      B634FA
 129 027f BB021E6F 		.ascii	"\273\002\036o\363\345F\177\375\351\346z\237\337\323"
 129      F3E5467F 
 129      FDE9E67A 
 129      9FDFD3
 130 028e DE5277C2 		.ascii	"\336Rw\302\303\354\036_{C\333\215\266Vo\240\024\257"
 130      C3EC1E5F 
 130      7B43DB8D 
 130      B6566FA0 
 130      14AF
 131 02a0 E7036E4F 		.ascii	"\347\003nOg\233\277\303\355\323\002\336\253Mn\237\355"
 131      679BBFC3 
 131      EDD302DE 
 131      AB4D6E9F 
 131      ED
 132 02b1 9AFB7A3B 		.ascii	"\232\373z;\236\177\000\327*6\345"
 132      9E7F00D7 
 132      2A36E5
 133              		.text
 134              		.section	.gnu.lto_Clock_1_GetDividerRegister.b369bc26,"",%progbits
 135 0000 789C2D90 		.ascii	"x\234-\2201K\003A\020\205\347\355^\342\301!\332\233"
 135      314B0341 
 135      1085E7ED 
 135      5EE2C121 
 135      DA9B
ARM GAS  C:\Users\prana\AppData\Local\Temp\ccdEUCXb.s 			page 10


 136 0012 42B1318D 		.ascii	"B\2611\215 \350\017\220\200\266b\332@\220x\225b h\235"
 136      20E80F90 
 136      80B662DA 
 136      40907895 
 136      6220689D 
 137 0026 4DEE16C5 		.ascii	"M\356\026\305\312F\013!\244\021\242Q\023l\025!\006l"
 137      CA460B21 
 137      A411A251 
 137      136C1521 
 137      066C
 138 0038 441414D4 		.ascii	"D\024\024\324JD$\205\325yD\004A\317\035\342\302\354"
 138      4A442485 
 138      D5794404 
 138      41CF1DE2 
 138      C2EC
 139 004a ECDB7D33 		.ascii	"\354\333}3\363\261\026\201xM\2314j\362\220\011H\202"
 139      F3B11681 
 139      784D9934 
 139      6AF29009 
 139      4882
 140 005c D8BA212A 		.ascii	"\330\272!*\331\002\340\203\262AE\201\">\305\217\300"
 140      D902E083 
 140      B2414581 
 140      223EC58F 
 140      C0
 141 006d 65F4D51A 		.ascii	"e\364\325\032\350\012\3156#\357\202\353\212\303\022"
 141      E80ACD36 
 141      23EF82EB 
 141      8AC312
 142 007c 1834B2BE 		.ascii	"\0304\262\276\327\014\355dM\251\262z\321\247\323%O\217"
 142      D70CED64 
 142      4DA9B27A 
 142      D1A7D325 
 142      4F8F
 143 008e 69292812 		.ascii	"i)(\022\204}$PC\202G\034 I\306\374z\362\273\335\037"
 143      847D2450 
 143      4382471C 
 143      2049C6FC 
 143      7AF2BBDD 
 144 00a3 F79559C3 		.ascii	"\367\225Y\303l1/u\304\031\2519\337RQ\344\251\326\275"
 144      6C312F75 
 144      C419A939 
 144      DF5251E4 
 144      A9D6BD
 145 00b6 73F1E4C4 		.ascii	"s\361\344\304@ZJ\311\233E\334\216\002\023\214\366!\004"
 145      405A4AC9 
 145      9B45DC8E 
 145      02138CF6 
 145      2104
 146 00c8 67D941FB 		.ascii	"g\331A\373{\363\241\221\341zOJ\323{G\267o\373\230\313"
 146      7BF3A191 
 146      E17A4F4A 
 146      D37B47B7 
 146      6FFB98CB 
 147 00dc 028F7A0C 		.ascii	"\002\217z\014\273\347NO\372\276\257,s\0254\2367\354"
 147      BBE74E4F 
 147      FABEAF2C 
ARM GAS  C:\Users\prana\AppData\Local\Temp\ccdEUCXb.s 			page 11


 147      7315349E 
 147      37EC
 148 00ee 2A2A251F 		.ascii	"**%\037Z\306pd\360\016\031\017\307\250\202:\360\302"
 148      5AC67064 
 148      F00E190F 
 148      C7A8823A 
 148      F0C2
 149 0100 19F2247A 		.ascii	"\031\362$z\355v\317\272W1\256\217\303F\303\330:(\207"
 149      ED76CFBA 
 149      5731AE8F 
 149      C346C3D8 
 149      3A2887
 150 0113 EB6FE80D 		.ascii	"\353o\350\015\264\214\217\336!\376\025\177i \300d\206"
 150      B48C8FDE 
 150      21FE157F 
 150      6920C064 
 150      86
 151 0124 7364D65D 		.ascii	"sd\326]q\013\013\253\356b6\235_+\344\334\314\\:\237"
 151      710B0BAB 
 151      EE62369D 
 151      5F2BE4DC 
 151      CC5C3A9F 
 152 0138 9ACCA496 		.ascii	"\232\314\244\226\363\271\245\354\304x\216\376\0007\243"
 152      F3B9A5EC 
 152      C4788EFE 
 152      0037A3
 153 0147 7594     		.ascii	"u\224"
 154              		.text
 155              		.section	.gnu.lto_Clock_1_GetFractionalDividerRegister.b369bc26,"",%progbits
 156 0000 789C6361 		.ascii	"x\234ca`d\000\201i@\254\014\304\322@\314\310\314\300"
 156      60640081 
 156      6940AC0C 
 156      C4D240CC 
 156      C8CCC0
 157 0013 C834E11C 		.ascii	"\3104\341\034\003C#\007\023##\210\321\300\301\310P\317"
 157      03432307 
 157      13232388 
 157      D1C0C1C8 
 157      50CF
 158 0025 C458CFF8 		.ascii	"\304X\317\370\225\351/\023\343\351\357'z\2704\22774"
 158      95E92F13 
 158      E3E9EF27 
 158      7AB83497 
 158      3734
 159 0037 34353C38 		.ascii	"45<8\372\330r\372\212\003\214\255\314\014\014\377\231"
 159      FAD872FA 
 159      8A038CAD 
 159      CC0C0CFF 
 159      99
 160 0048 18188D65 		.ascii	"\030\030\215e\030\015d@F,g\324d\000*}\264\361\337T^"
 160      180D6440 
 160      462C67D4 
 160      64002A7D 
 160      B4F1DF54 
 161 005d B6960620 		.ascii	"\266\226\006 P\000)\000\312\254`d\003Y\271>\350@\303"
 161      50002900 
 161      CAAC6064 
ARM GAS  C:\Users\prana\AppData\Local\Temp\ccdEUCXb.s 			page 12


 161      0359B93E 
 161      E840C3
 162 0070 FFFFCD0D 		.ascii	"\377\377\315\015\007\346\363\035\334\307\007\224\371"
 162      07E6F31D 
 162      DCC70794 
 162      F9
 163 007d 00C420BB 		.ascii	"\000\304 \273>21\201h\346W\214M\007v\367\361\201\324"
 163      3E323181 
 163      68E6578C 
 163      4D0776F7 
 163      F181D4
 164 0090 030D9AD6 		.ascii	"\003\015\232\326z\350<\373\027&\240=\214\014\214+\031"
 164      7AE83CFB 
 164      1726A03D 
 164      8C0C8C2B 
 164      19
 165 00a1 41760075 		.ascii	"Av\000u0\202T\002\365)\272\247\346\245\026%\226\244"
 165      30825402 
 165      F529BAA7 
 165      E6A51625 
 165      96A4
 166 00b3 A6C407E7 		.ascii	"\246\304\007\347\227\026%\247\306\004\004\347;\233\304"
 166      971625A7 
 166      C60404E7 
 166      3B9BC4
 167 00c2 38E7E427 		.ascii	"8\347\344'g\307\033\352%3\000\000\021\273C\030"
 167      67C71BEA 
 167      25330000 
 167      11BB4318 
 168              		.text
 169              		.section	.gnu.lto_.symbol_nodes.b369bc26,"",%progbits
 170 0000 789C6361 		.ascii	"x\234ca`d\010g\000\002&\206z\006\206\011\347\030@\324"
 170      60640867 
 170      00022686 
 170      7A068609 
 170      E71840D4 
 171 0014 AE0645A0 		.ascii	"\256\006E\240\000c=#\252\000S=\023\252\000s=3\252\000"
 171      00633D23 
 171      AA00533D 
 171      13AA0073 
 171      3D33AA00 
 172 0028 4B3D0B8A 		.ascii	"K=\013\212\000\003\000U/\023\016"
 172      00030055 
 172      2F130E
 173              		.text
 174              		.section	.gnu.lto_.refs.b369bc26,"",%progbits
 175 0000 789C6361 		.ascii	"x\234ca`\004B \000\000\0009\000\007"
 175      60044220 
 175      00000039 
 175      0007
 176              		.text
 177              		.section	.gnu.lto_.decls.b369bc26,"",%progbits
 178 0000 789C8D54 		.ascii	"x\234\215T\177L\023w\024\377\276\273\243\310Q\304\020"
 178      7F4C1377 
 178      14FFBEBB 
 178      A3C851C4 
 178      10
ARM GAS  C:\Users\prana\AppData\Local\Temp\ccdEUCXb.s 			page 13


 179 0011 B310D72C 		.ascii	"\263\020\327,\314\030h\374\203\015Y\226\375\263d\011"
 179      CC1868FC 
 179      830D5996 
 179      FDB36409 
 180 0021 4EF6D75C 		.ascii	"N\366\327\\F\306\3761!Xo\256\221PS\352\242\177\355\233"
 180      46C6FE31 
 180      21586FAE 
 180      915053EA 
 180      A27FED9B 
 181 0035 31179C4B 		.ascii	"1\027\234K\006\177\350,\203\215I\300VPP\021\012s\265"
 181      067FE82C 
 181      838D49C0 
 181      56505011 
 181      0A73B5
 182 0048 E2A088D4 		.ascii	"\342\240\210\324\025\220\271\315 8F\346\246Y:G6\301"
 182      1590B9CD 
 182      203846E6 
 182      A6593A47 
 182      36C1
 183 005a E9ED7DBF 		.ascii	"\351\355}\277w\355]\261M\366\315\275\273{\357\336{\237"
 183      77ED5DB1 
 183      4DF6CDBD 
 183      BB7BEFDE 
 183      7B9F
 184 006c CFFB9193 		.ascii	"\317\373\221\223\010\020v\024\013!\277\343\263\006U"
 184      08107614 
 184      0B21BFE3 
 184      B30655
 185 007b 150FAAA4 		.ascii	"\025\017\252\244\222\030'\003\345<J\000%\2142\216\022"
 185      92182703 
 185      E53C4A00 
 185      258C328E 
 185      12
 186 008c 214F1EE6 		.ascii	"!O\036\346\223\245\307\346\241\254G\351A)B\211\242\314"
 186      93A5C7E6 
 186      A1AC47E9 
 186      41294289 
 186      A2CC
 187 009e A05C47D9 		.ascii	"\240\\G\331\256\373\203\036\263\372\004t\314\312\024"
 187      AEFB831E 
 187      B3FA0474 
 187      CCCA14
 188 00ad B1F1B840 		.ascii	"\261\361\270@\2128\306M^\205\177\031%h\342\221\212C"
 188      8A38C64D 
 188      5E857F19 
 188      2568E291 
 188      8A43
 189 00bf 38452E56 		.ascii	"8E.Vc\346\252<\351\342\307S\304G\364oA\223_\252\236"
 189      63E6AA3C 
 189      E9E2C753 
 189      C447F46F 
 189      41935FAA 
 190 00d4 3D12406D 		.ascii	"=\022@m=\355\313\272\011?\202\000\372@\010\200v\007"
 190      3DEDCBBA 
 190      093F8200 
 190      FA400880 
 190      7607
ARM GAS  C:\Users\prana\AppData\Local\Temp\ccdEUCXb.s 			page 14


 191 00e6 2E4413AE 		.ascii	".D\023\256\342\213\300\357$aJ<\010\273\023\315\237\333"
 191      E28BC0EF 
 191      24614A3C 
 191      08BB13CD 
 191      9FDB
 192 00f8 8C64FC8A 		.ascii	"\214d\374\212?\325\370\341I\214\354\240\007A\202\201"
 192      3FD5F8E1 
 192      498CECA0 
 192      07418281 
 193 0108 16A57D17 		.ascii	"\026\245}\027t7\242%\027\214\000S>\215\256\211\023$"
 193      7437A225 
 193      178C0053 
 193      3E8DAE89 
 193      1324
 194 011a D704F1A2 		.ascii	"\327\004\361\242\037\254,\335\261\212\230\023\337\347"
 194      1FAC2CDD 
 194      B18A9813 
 194      DFE7
 195 0128 967DDB8A 		.ascii	"\226}\333\212\273)\236FJ\205\315Fgf\307\374]\342\222"
 195      BB299E46 
 195      4A85CD46 
 195      6766C7FC 
 195      5DE292
 196 013b 004532B0 		.ascii	"\000E2\260\364\271h\352\2717\270\234\243\231\230\307"
 196      F4B968EA 
 196      B937B89C 
 196      A39998C7 
 197 014b F8DCE2FD 		.ascii	"\370\334\342\375,\361i\376>\371ao\013\363\316\223AB"
 197      2CF169FE 
 197      3EF9616F 
 197      0BF3CE93 
 197      4142
 198 015d F5CF48F3 		.ascii	"\365\317H\363\302ZT\327\313P\360H\020\246\274\367\346"
 198      C25A54D7 
 198      CB50F048 
 198      10A6BCF7 
 198      E6
 199 016e 2C20DB1B 		.ascii	", \333\033(\375\2006\326\323\274\327\010\234\006\033"
 199      28FD8036 
 199      D6D3BCD7 
 199      089C061B 
 200 017e 9C021B81 		.ascii	"\234\002\033\201^\260\263\214~(&\320\205\306\223h\354"
 200      5EB0B38C 
 200      7E2826D0 
 200      85C69368 
 200      EC
 201 018f 6484E68F 		.ascii	"d\204\346\217\234yy\220\322u\320\0032t\203\310]\260"
 201      9C797990 
 201      D275D003 
 201      327483C8 
 201      5DB0
 202 01a1 8C22599F 		.ascii	"\214\"Y\237\335|_\243 \011ha\016;%f\033Q\377\011\345"
 202      DD7C5FA3 
 202      20096861 
 202      0E3B2566 
 202      1B51FF09 
 203 01b6 6A3C0454 		.ascii	"j<\004T\247b\023\255\331\032\217u\250\316\264\304\246"
ARM GAS  C:\Users\prana\AppData\Local\Temp\ccdEUCXb.s 			page 15


 203      A76213AD 
 203      D91A8F75 
 203      A8CEB4C4 
 203      A6
 204 01c7 B3F38FB2 		.ascii	"\263\363\217\262\344\264\236\026\010P\371\024\234C\310"
 204      E4B49E16 
 204      0850F914 
 204      9C43C8
 205 01d6 B30849A0 		.ascii	"\263\010I\240\017\362\361~\006$-\375R\244\363Wic\033"
 205      0FF2F17E 
 205      06242DFD 
 205      52A4F357 
 205      69631B
 206 01e9 6DEBA5F3 		.ascii	"m\353\245\363\336\321\242\243\365\324\207a\005\314\015"
 206      DED1A2A3 
 206      F5D48761 
 206      05CC0D
 207 01f8 7C061B7C 		.ascii	"|\006\033|e\217\023p\023\273}\0366bd\363\360\320\305"
 207      658F1370 
 207      13BB7D1E 
 207      366264F3 
 207      F0D0C5
 208 020b 2CF11DDE 		.ascii	",\361\035\336\230\273A\257\232\223\026r\200C\356\324"
 208      98BB41AF 
 208      9A931672 
 208      8043EED4 
 209 021b 11A39FAA 		.ascii	"\021\243\237\252\035\231\032b\350\361\250\225F1\346"
 209      1D991A62 
 209      E8F1A895 
 209      4631E6
 210 022a 15E603FD 		.ascii	"\025\346\003\375\006^\277\031/\300\361N\004>\237\225"
 210      065EBF19 
 210      2FC0F14E 
 210      043E9F95 
 211 023a C43A8ED7 		.ascii	"\304:\216\327s\360\027\377\032\254\330\206c\003\323"
 211      73F017FF 
 211      1AACD886 
 211      6303D3
 212 0249 CC6CDACC 		.ascii	"\314l\332\314\274M\013\217\263\305c\300\024az\241\353"
 212      BC4D0B8F 
 212      B3C563C0 
 212      14617AA1 
 212      EB
 213 025a 3709ECB2 		.ascii	"7\011\354\262\336m\277\326\355 6\363\202\201gc\335\346"
 213      DE6DBFD6 
 213      ED2036F3 
 213      82816763 
 213      DDE6
 214 026c 838B1DA7 		.ascii	"\203\213\035\247\226|\002\2456x\036\307\366\015\216"
 214      967C02A5 
 214      36781EC7 
 214      F60D8E
 215 027b CDA68FED 		.ascii	"\315\246\217\355k,h\010\013B\200\305\317\276\274k\341"
 215      6B2C6808 
 215      0B4280C5 
 215      CFBEBC6B 
 215      E1
ARM GAS  C:\Users\prana\AppData\Local\Temp\ccdEUCXb.s 			page 16


 216 028c 43092686 		.ascii	"C\011&\206\322\261\3620\306\226\243\220\255\222h\"U"
 216      D2B1F230 
 216      C696A390 
 216      AD926822 
 216      55
 217 029d A891F27D 		.ascii	"\250\221\362}5zN\026\277\320H\375\321\027\376!'\276"
 217      357A4E16 
 217      BFD048FD 
 217      D117FE21 
 217      27BE
 218 02af 2BD832D9 		.ascii	"+\3302\331N\022\015\203o\021\264P\007\275\204\306P|"
 218      4E120D83 
 218      6F11B450 
 218      07BD84C6 
 218      507C
 219 02c1 5742DF3F 		.ascii	"WB\337?C\005\270\214\220\303\006\365B}Q&\242\252\317"
 219      4305B88C 
 219      90C306F5 
 219      427D5126 
 219      A2AACF
 220 02d4 CA393187 		.ascii	"\31291\207\213\300I\335YY\221\322\316e\224\317e$\276"
 220      8BC049DD 
 220      595991D2 
 220      CE6594CF 
 220      6524BE
 221 02e7 0AED61DF 		.ascii	"\012\355a\337\333\361M\370\250\374\347\263\224\036\304"
 221      DBF14DF8 
 221      A8FCE7B3 
 221      941EC4
 222 02f6 3089B9C1 		.ascii	"0\211\271\301\240\2017h\036M\230\217F\235\276a\027;"
 222      A0813768 
 222      1E4D988F 
 222      469DBE61 
 222      173B
 223 0308 7865B034 		.ascii	"xe\2604\334\375W\022$cc`^I\332\205\201\373\263#\026"
 223      DCFD5712 
 223      24636360 
 223      5E49DA85 
 223      81FBB323 
 224 031d 7D17260F 		.ascii	"}\027&\017[\2754\204\335\300\022\321\013\306\014\310"
 224      5BBD3484 
 224      DDC012D1 
 224      0BC60CC8 
 225 032d 3133E438 		.ascii	"13\3448\207\354\237\270u[\022C\032fkc\373\311\244\215"
 225      87EC9FB8 
 225      755B1243 
 225      1A666B63 
 225      FBC9A48D 
 226 0341 0F26614E 		.ascii	"\017&aN$a\266\375\353\257\027\021\263\0271[\257\211"
 226      2461B6FD 
 226      EBAF1711 
 226      B317315B 
 226      AF89
 227 0353 094CF482 		.ascii	"\011L\364\202\253\006\346U3f\204a\212\355\247\036v\256"
 227      AB06E655 
 227      33668461 
 227      8AEDA71E 
ARM GAS  C:\Users\prana\AppData\Local\Temp\ccdEUCXb.s 			page 17


 227      76AE
 228 0365 C5ACEC92 		.ascii	"\305\254\354\222\233)\316.\246\252\357\253j&DA&\334"
 228      9B29CE2E 
 228      A6AAEFAB 
 228      6A264441 
 228      26DC
 229 0377 409B8E6F 		.ascii	"@\233\216omh\332\300\015\015\374\177\223\374\037 \374"
 229      6D68DAC0 
 229      0D0DFC7F 
 229      93FC1F20 
 229      FC
 230 0388 0B81EF50 		.ascii	"\013\201\357P\277\306f\215*r:t\373\310O\031r\003c\377"
 230      BFC6668D 
 230      2A723A74 
 230      FBC84F19 
 230      720363FF 
 231 039c 7F7E1C18 		.ascii	"\177~\034\0301t\213\266d\210\213\3326\315\034\0368&"
 231      31748BB6 
 231      64888BDA 
 231      36CD1C1E 
 231      3826
 232 03ae 1A2BBEBC 		.ascii	"\032+\276\274\275\351\020\253\350:va\312\250h\022\364"
 232      BDE910AB 
 232      E83A7661 
 232      CAA86812 
 232      F4
 233 03bf 257F1264 		.ascii	"%\177\022d:5\310\337\017\256|b\265~\234\370\237\361"
 233      3A35C8DF 
 233      0FAE7C62 
 233      B57E9CF8 
 233      9FF1
 234 03d1 8C462933 		.ascii	"\214F)3`\345\277]\366\314-\253q9\366T\225TUx\252\335"
 234      60E5BF5D 
 234      F6CC2DAB 
 234      7139F654 
 234      95545578 
 235 03e7 9E57F7AF 		.ascii	"\236W\367\257)\177\375\255\202\262\222\022b\331\347"
 235      297FFDAD 
 235      82B29212 
 235      62D9E7
 236 03f6 ACF5946E 		.ascii	"\254\365\224ny\266\\\251U\334\325\036eWU\205k\237\333"
 236      79B65CA9 
 236      55DCD51E 
 236      65575585 
 236      6B9FDB
 237 0409 A1EC78A3 		.ascii	"\241\354x\243\302U\366\302s\216\003\236\003{\225\272"
 237      C255F6C2 
 237      738E039E 
 237      037B95BA 
 238 0419 E277491A 		.ascii	"\342wI\032\217\035z\342b\007\261\032\030\256\275\233"
 238      8F1D7AE2 
 238      6207B11A 
 238      18AEBD9B 
 239 0429 128AE2D9 		.ascii	"\022\212\342\331\346\256vx\234\256\332\352\232\255\316"
 239      E6AE7678 
 239      9CAEDAEA 
 239      9AADCE
ARM GAS  C:\Users\prana\AppData\Local\Temp\ccdEUCXb.s 			page 18


 240 0438 F79CBB14 		.ascii	"\367\234\273\024\367\233\312ng\235Gqg0\360\2278\205"
 240      F79BCA6E 
 240      679D4771 
 240      6730F097 
 240      3885
 241 044a 921737C4 		.ascii	"\222\0277\304#\312\025\317*\277M\246O\351\223\271\225"
 241      23CA15CF 
 241      2ABF4DA6 
 241      4FE993B9 
 241      95
 242 045b DDA55BFE 		.ascii	"\335\245[\376\003dJ9\015"
 242      03644A39 
 242      0D
 243              		.text
 244              		.section	.gnu.lto_.symtab.b369bc26,"",%progbits
 245 0000 436C6F63 		.ascii	"Clock_1_StartEx\000"
 245      6B5F315F 
 245      53746172 
 245      74457800 
 246 0010 00       		.ascii	"\000"
 247 0011 00       		.ascii	"\000"
 248 0012 00       		.ascii	"\000"
 249 0013 00000000 		.ascii	"\000\000\000\000\000\000\000\000"
 249      00000000 
 250 001b B5000000 		.ascii	"\265\000\000\000"
 251 001f 436C6F63 		.ascii	"Clock_1_Stop\000"
 251      6B5F315F 
 251      53746F70 
 251      00
 252 002c 00       		.ascii	"\000"
 253 002d 00       		.ascii	"\000"
 254 002e 00       		.ascii	"\000"
 255 002f 00000000 		.ascii	"\000\000\000\000\000\000\000\000"
 255      00000000 
 256 0037 B8000000 		.ascii	"\270\000\000\000"
 257 003b 436C6F63 		.ascii	"Clock_1_SetFractionalDividerRegister\000"
 257      6B5F315F 
 257      53657446 
 257      72616374 
 257      696F6E61 
 258 0060 00       		.ascii	"\000"
 259 0061 00       		.ascii	"\000"
 260 0062 00       		.ascii	"\000"
 261 0063 00000000 		.ascii	"\000\000\000\000\000\000\000\000"
 261      00000000 
 262 006b C7000000 		.ascii	"\307\000\000\000"
 263 006f 436C6F63 		.ascii	"Clock_1_GetDividerRegister\000"
 263      6B5F315F 
 263      47657444 
 263      69766964 
 263      65725265 
 264 008a 00       		.ascii	"\000"
 265 008b 00       		.ascii	"\000"
 266 008c 00       		.ascii	"\000"
 267 008d 00000000 		.ascii	"\000\000\000\000\000\000\000\000"
 267      00000000 
 268 0095 CA000000 		.ascii	"\312\000\000\000"
ARM GAS  C:\Users\prana\AppData\Local\Temp\ccdEUCXb.s 			page 19


 269 0099 436C6F63 		.ascii	"Clock_1_GetFractionalDividerRegister\000"
 269      6B5F315F 
 269      47657446 
 269      72616374 
 269      696F6E61 
 270 00be 00       		.ascii	"\000"
 271 00bf 00       		.ascii	"\000"
 272 00c0 00       		.ascii	"\000"
 273 00c1 00000000 		.ascii	"\000\000\000\000\000\000\000\000"
 273      00000000 
 274 00c9 CD000000 		.ascii	"\315\000\000\000"
 275              		.text
 276              		.section	.gnu.lto_.opts,"",%progbits
 277 0000 272D666D 		.ascii	"'-fmath-errno' '-fsigned-zeros' '-ftrapping-math' '"
 277      6174682D 
 277      6572726E 
 277      6F272027 
 277      2D667369 
 278 0033 2D666E6F 		.ascii	"-fno-trapv' '-fno-openmp' '-fno-openacc' '-mcpu=cor"
 278      2D747261 
 278      70762720 
 278      272D666E 
 278      6F2D6F70 
 279 0066 7465782D 		.ascii	"tex-m0' '-mthumb' '-g' '-Os' '-Werror' '-ffunction-"
 279      6D302720 
 279      272D6D74 
 279      68756D62 
 279      2720272D 
 280 0099 73656374 		.ascii	"sections' '-ffat-lto-objects' '-finline-functions' "
 280      696F6E73 
 280      2720272D 
 280      66666174 
 280      2D6C746F 
 281 00cc 272D666C 		.ascii	"'-flto' '-fno-strict-aliasing'\000"
 281      746F2720 
 281      272D666E 
 281      6F2D7374 
 281      72696374 
 282              		.text
 283              		.cfi_sections	.debug_frame
 284              		.section	.text.Clock_1_StartEx,"ax",%progbits
 285              		.align	1
 286              		.global	Clock_1_StartEx
 287              		.code	16
 288              		.thumb_func
 289              		.type	Clock_1_StartEx, %function
 290              	Clock_1_StartEx:
 291              	.LFB0:
 292              		.file 1 "Generated_Source\\PSoC4\\Clock_1.c"
   1:Generated_Source\PSoC4/Clock_1.c **** /*******************************************************************************
   2:Generated_Source\PSoC4/Clock_1.c **** * File Name: Clock_1.c
   3:Generated_Source\PSoC4/Clock_1.c **** * Version 2.20
   4:Generated_Source\PSoC4/Clock_1.c **** *
   5:Generated_Source\PSoC4/Clock_1.c **** *  Description:
   6:Generated_Source\PSoC4/Clock_1.c **** *   Provides system API for the clocking, interrupts and watchdog timer.
   7:Generated_Source\PSoC4/Clock_1.c **** *
   8:Generated_Source\PSoC4/Clock_1.c **** *  Note:
ARM GAS  C:\Users\prana\AppData\Local\Temp\ccdEUCXb.s 			page 20


   9:Generated_Source\PSoC4/Clock_1.c **** *   Documentation of the API's in this file is located in the
  10:Generated_Source\PSoC4/Clock_1.c **** *   System Reference Guide provided with PSoC Creator.
  11:Generated_Source\PSoC4/Clock_1.c **** *
  12:Generated_Source\PSoC4/Clock_1.c **** ********************************************************************************
  13:Generated_Source\PSoC4/Clock_1.c **** * Copyright 2008-2012, Cypress Semiconductor Corporation.  All rights reserved.
  14:Generated_Source\PSoC4/Clock_1.c **** * You may use this file only in accordance with the license, terms, conditions,
  15:Generated_Source\PSoC4/Clock_1.c **** * disclaimers, and limitations in the end user license agreement accompanying
  16:Generated_Source\PSoC4/Clock_1.c **** * the software package with which this file was provided.
  17:Generated_Source\PSoC4/Clock_1.c **** *******************************************************************************/
  18:Generated_Source\PSoC4/Clock_1.c **** 
  19:Generated_Source\PSoC4/Clock_1.c **** #include <cydevice_trm.h>
  20:Generated_Source\PSoC4/Clock_1.c **** #include "Clock_1.h"
  21:Generated_Source\PSoC4/Clock_1.c **** 
  22:Generated_Source\PSoC4/Clock_1.c **** #if defined CYREG_PERI_DIV_CMD
  23:Generated_Source\PSoC4/Clock_1.c **** 
  24:Generated_Source\PSoC4/Clock_1.c **** /*******************************************************************************
  25:Generated_Source\PSoC4/Clock_1.c **** * Function Name: Clock_1_StartEx
  26:Generated_Source\PSoC4/Clock_1.c **** ********************************************************************************
  27:Generated_Source\PSoC4/Clock_1.c **** *
  28:Generated_Source\PSoC4/Clock_1.c **** * Summary:
  29:Generated_Source\PSoC4/Clock_1.c **** *  Starts the clock, aligned to the specified running clock.
  30:Generated_Source\PSoC4/Clock_1.c **** *
  31:Generated_Source\PSoC4/Clock_1.c **** * Parameters:
  32:Generated_Source\PSoC4/Clock_1.c **** *  alignClkDiv:  The divider to which phase alignment is performed when the
  33:Generated_Source\PSoC4/Clock_1.c **** *    clock is started.
  34:Generated_Source\PSoC4/Clock_1.c **** *
  35:Generated_Source\PSoC4/Clock_1.c **** * Returns:
  36:Generated_Source\PSoC4/Clock_1.c **** *  None
  37:Generated_Source\PSoC4/Clock_1.c **** *
  38:Generated_Source\PSoC4/Clock_1.c **** *******************************************************************************/
  39:Generated_Source\PSoC4/Clock_1.c **** void Clock_1_StartEx(uint32 alignClkDiv)
  40:Generated_Source\PSoC4/Clock_1.c **** {
 293              		.loc 1 40 0
 294              		.cfi_startproc
 295              		@ args = 0, pretend = 0, frame = 0
 296              		@ frame_needed = 0, uses_anonymous_args = 0
 297              		@ link register save eliminated.
 298              	.LVL0:
  41:Generated_Source\PSoC4/Clock_1.c ****     /* Make sure any previous start command has finished. */
  42:Generated_Source\PSoC4/Clock_1.c ****     while((Clock_1_CMD_REG & Clock_1_CMD_ENABLE_MASK) != 0u)
 299              		.loc 1 42 0
 300 0000 044A     		ldr	r2, .L5
 301              	.L2:
 302              		.loc 1 42 0 is_stmt 0 discriminator 1
 303 0002 1368     		ldr	r3, [r2]
 304 0004 002B     		cmp	r3, #0
 305 0006 FCDB     		blt	.L2
  43:Generated_Source\PSoC4/Clock_1.c ****     {
  44:Generated_Source\PSoC4/Clock_1.c ****     }
  45:Generated_Source\PSoC4/Clock_1.c ****     
  46:Generated_Source\PSoC4/Clock_1.c ****     /* Specify the target divider and it's alignment divider, and enable. */
  47:Generated_Source\PSoC4/Clock_1.c ****     Clock_1_CMD_REG =
  48:Generated_Source\PSoC4/Clock_1.c ****         ((uint32)Clock_1__DIV_ID << Clock_1_CMD_DIV_SHIFT)|
  49:Generated_Source\PSoC4/Clock_1.c ****         (alignClkDiv << Clock_1_CMD_PA_DIV_SHIFT) |
 306              		.loc 1 49 0 is_stmt 1
 307 0008 034B     		ldr	r3, .L5+4
 308 000a 0002     		lsls	r0, r0, #8
ARM GAS  C:\Users\prana\AppData\Local\Temp\ccdEUCXb.s 			page 21


 309              	.LVL1:
 310 000c 1843     		orrs	r0, r3
  47:Generated_Source\PSoC4/Clock_1.c ****         ((uint32)Clock_1__DIV_ID << Clock_1_CMD_DIV_SHIFT)|
 311              		.loc 1 47 0
 312 000e 014B     		ldr	r3, .L5
  50:Generated_Source\PSoC4/Clock_1.c ****         (uint32)Clock_1_CMD_ENABLE_MASK;
  51:Generated_Source\PSoC4/Clock_1.c **** }
 313              		.loc 1 51 0
 314              		@ sp needed
  47:Generated_Source\PSoC4/Clock_1.c ****         ((uint32)Clock_1__DIV_ID << Clock_1_CMD_DIV_SHIFT)|
 315              		.loc 1 47 0
 316 0010 1860     		str	r0, [r3]
 317              		.loc 1 51 0
 318 0012 7047     		bx	lr
 319              	.L6:
 320              		.align	2
 321              	.L5:
 322 0014 00000140 		.word	1073807360
 323 0018 01000080 		.word	-2147483647
 324              		.cfi_endproc
 325              	.LFE0:
 326              		.size	Clock_1_StartEx, .-Clock_1_StartEx
 327              		.section	.text.Clock_1_Stop,"ax",%progbits
 328              		.align	1
 329              		.global	Clock_1_Stop
 330              		.code	16
 331              		.thumb_func
 332              		.type	Clock_1_Stop, %function
 333              	Clock_1_Stop:
 334              	.LFB1:
  52:Generated_Source\PSoC4/Clock_1.c **** 
  53:Generated_Source\PSoC4/Clock_1.c **** #else
  54:Generated_Source\PSoC4/Clock_1.c **** 
  55:Generated_Source\PSoC4/Clock_1.c **** /*******************************************************************************
  56:Generated_Source\PSoC4/Clock_1.c **** * Function Name: Clock_1_Start
  57:Generated_Source\PSoC4/Clock_1.c **** ********************************************************************************
  58:Generated_Source\PSoC4/Clock_1.c **** *
  59:Generated_Source\PSoC4/Clock_1.c **** * Summary:
  60:Generated_Source\PSoC4/Clock_1.c **** *  Starts the clock.
  61:Generated_Source\PSoC4/Clock_1.c **** *
  62:Generated_Source\PSoC4/Clock_1.c **** * Parameters:
  63:Generated_Source\PSoC4/Clock_1.c **** *  None
  64:Generated_Source\PSoC4/Clock_1.c **** *
  65:Generated_Source\PSoC4/Clock_1.c **** * Returns:
  66:Generated_Source\PSoC4/Clock_1.c **** *  None
  67:Generated_Source\PSoC4/Clock_1.c **** *
  68:Generated_Source\PSoC4/Clock_1.c **** *******************************************************************************/
  69:Generated_Source\PSoC4/Clock_1.c **** 
  70:Generated_Source\PSoC4/Clock_1.c **** void Clock_1_Start(void)
  71:Generated_Source\PSoC4/Clock_1.c **** {
  72:Generated_Source\PSoC4/Clock_1.c ****     /* Set the bit to enable the clock. */
  73:Generated_Source\PSoC4/Clock_1.c ****     Clock_1_ENABLE_REG |= Clock_1__ENABLE_MASK;
  74:Generated_Source\PSoC4/Clock_1.c **** }
  75:Generated_Source\PSoC4/Clock_1.c **** 
  76:Generated_Source\PSoC4/Clock_1.c **** #endif /* CYREG_PERI_DIV_CMD */
  77:Generated_Source\PSoC4/Clock_1.c **** 
  78:Generated_Source\PSoC4/Clock_1.c **** 
ARM GAS  C:\Users\prana\AppData\Local\Temp\ccdEUCXb.s 			page 22


  79:Generated_Source\PSoC4/Clock_1.c **** /*******************************************************************************
  80:Generated_Source\PSoC4/Clock_1.c **** * Function Name: Clock_1_Stop
  81:Generated_Source\PSoC4/Clock_1.c **** ********************************************************************************
  82:Generated_Source\PSoC4/Clock_1.c **** *
  83:Generated_Source\PSoC4/Clock_1.c **** * Summary:
  84:Generated_Source\PSoC4/Clock_1.c **** *  Stops the clock and returns immediately. This API does not require the
  85:Generated_Source\PSoC4/Clock_1.c **** *  source clock to be running but may return before the hardware is actually
  86:Generated_Source\PSoC4/Clock_1.c **** *  disabled.
  87:Generated_Source\PSoC4/Clock_1.c **** *
  88:Generated_Source\PSoC4/Clock_1.c **** * Parameters:
  89:Generated_Source\PSoC4/Clock_1.c **** *  None
  90:Generated_Source\PSoC4/Clock_1.c **** *
  91:Generated_Source\PSoC4/Clock_1.c **** * Returns:
  92:Generated_Source\PSoC4/Clock_1.c **** *  None
  93:Generated_Source\PSoC4/Clock_1.c **** *
  94:Generated_Source\PSoC4/Clock_1.c **** *******************************************************************************/
  95:Generated_Source\PSoC4/Clock_1.c **** void Clock_1_Stop(void)
  96:Generated_Source\PSoC4/Clock_1.c **** {
 335              		.loc 1 96 0
 336              		.cfi_startproc
 337              		@ args = 0, pretend = 0, frame = 0
 338              		@ frame_needed = 0, uses_anonymous_args = 0
 339              		@ link register save eliminated.
  97:Generated_Source\PSoC4/Clock_1.c **** #if defined CYREG_PERI_DIV_CMD
  98:Generated_Source\PSoC4/Clock_1.c **** 
  99:Generated_Source\PSoC4/Clock_1.c ****     /* Make sure any previous start command has finished. */
 100:Generated_Source\PSoC4/Clock_1.c ****     while((Clock_1_CMD_REG & Clock_1_CMD_ENABLE_MASK) != 0u)
 340              		.loc 1 100 0
 341 0000 034A     		ldr	r2, .L10
 342              	.L8:
 343              		.loc 1 100 0 is_stmt 0 discriminator 1
 344 0002 1368     		ldr	r3, [r2]
 345 0004 002B     		cmp	r3, #0
 346 0006 FCDB     		blt	.L8
 101:Generated_Source\PSoC4/Clock_1.c ****     {
 102:Generated_Source\PSoC4/Clock_1.c ****     }
 103:Generated_Source\PSoC4/Clock_1.c ****     
 104:Generated_Source\PSoC4/Clock_1.c ****     /* Specify the target divider and it's alignment divider, and disable. */
 105:Generated_Source\PSoC4/Clock_1.c ****     Clock_1_CMD_REG =
 347              		.loc 1 105 0 is_stmt 1
 348 0008 024A     		ldr	r2, .L10+4
 349 000a 014B     		ldr	r3, .L10
 106:Generated_Source\PSoC4/Clock_1.c ****         ((uint32)Clock_1__DIV_ID << Clock_1_CMD_DIV_SHIFT)|
 107:Generated_Source\PSoC4/Clock_1.c ****         ((uint32)Clock_1_CMD_DISABLE_MASK);
 108:Generated_Source\PSoC4/Clock_1.c **** 
 109:Generated_Source\PSoC4/Clock_1.c **** #else
 110:Generated_Source\PSoC4/Clock_1.c **** 
 111:Generated_Source\PSoC4/Clock_1.c ****     /* Clear the bit to disable the clock. */
 112:Generated_Source\PSoC4/Clock_1.c ****     Clock_1_ENABLE_REG &= (uint32)(~Clock_1__ENABLE_MASK);
 113:Generated_Source\PSoC4/Clock_1.c ****     
 114:Generated_Source\PSoC4/Clock_1.c **** #endif /* CYREG_PERI_DIV_CMD */
 115:Generated_Source\PSoC4/Clock_1.c **** }
 350              		.loc 1 115 0
 351              		@ sp needed
 105:Generated_Source\PSoC4/Clock_1.c ****         ((uint32)Clock_1__DIV_ID << Clock_1_CMD_DIV_SHIFT)|
 352              		.loc 1 105 0
 353 000c 1A60     		str	r2, [r3]
ARM GAS  C:\Users\prana\AppData\Local\Temp\ccdEUCXb.s 			page 23


 354              		.loc 1 115 0
 355 000e 7047     		bx	lr
 356              	.L11:
 357              		.align	2
 358              	.L10:
 359 0010 00000140 		.word	1073807360
 360 0014 01000040 		.word	1073741825
 361              		.cfi_endproc
 362              	.LFE1:
 363              		.size	Clock_1_Stop, .-Clock_1_Stop
 364              		.section	.text.Clock_1_SetFractionalDividerRegister,"ax",%progbits
 365              		.align	1
 366              		.global	Clock_1_SetFractionalDividerRegister
 367              		.code	16
 368              		.thumb_func
 369              		.type	Clock_1_SetFractionalDividerRegister, %function
 370              	Clock_1_SetFractionalDividerRegister:
 371              	.LFB2:
 116:Generated_Source\PSoC4/Clock_1.c **** 
 117:Generated_Source\PSoC4/Clock_1.c **** 
 118:Generated_Source\PSoC4/Clock_1.c **** /*******************************************************************************
 119:Generated_Source\PSoC4/Clock_1.c **** * Function Name: Clock_1_SetFractionalDividerRegister
 120:Generated_Source\PSoC4/Clock_1.c **** ********************************************************************************
 121:Generated_Source\PSoC4/Clock_1.c **** *
 122:Generated_Source\PSoC4/Clock_1.c **** * Summary:
 123:Generated_Source\PSoC4/Clock_1.c **** *  Modifies the clock divider and the fractional divider.
 124:Generated_Source\PSoC4/Clock_1.c **** *
 125:Generated_Source\PSoC4/Clock_1.c **** * Parameters:
 126:Generated_Source\PSoC4/Clock_1.c **** *  clkDivider:  Divider register value (0-65535). This value is NOT the
 127:Generated_Source\PSoC4/Clock_1.c **** *    divider; the clock hardware divides by clkDivider plus one. For example,
 128:Generated_Source\PSoC4/Clock_1.c **** *    to divide the clock by 2, this parameter should be set to 1.
 129:Generated_Source\PSoC4/Clock_1.c **** *  fracDivider:  Fractional Divider register value (0-31).
 130:Generated_Source\PSoC4/Clock_1.c **** * Returns:
 131:Generated_Source\PSoC4/Clock_1.c **** *  None
 132:Generated_Source\PSoC4/Clock_1.c **** *
 133:Generated_Source\PSoC4/Clock_1.c **** *******************************************************************************/
 134:Generated_Source\PSoC4/Clock_1.c **** void Clock_1_SetFractionalDividerRegister(uint16 clkDivider, uint8 clkFractional)
 135:Generated_Source\PSoC4/Clock_1.c **** {
 372              		.loc 1 135 0
 373              		.cfi_startproc
 374              		@ args = 0, pretend = 0, frame = 0
 375              		@ frame_needed = 0, uses_anonymous_args = 0
 376              	.LVL2:
 136:Generated_Source\PSoC4/Clock_1.c ****     uint32 maskVal;
 137:Generated_Source\PSoC4/Clock_1.c ****     uint32 regVal;
 138:Generated_Source\PSoC4/Clock_1.c ****     
 139:Generated_Source\PSoC4/Clock_1.c **** #if defined (Clock_1__FRAC_MASK) || defined (CYREG_PERI_DIV_CMD)
 140:Generated_Source\PSoC4/Clock_1.c ****     
 141:Generated_Source\PSoC4/Clock_1.c **** 	/* get all but divider bits */
 142:Generated_Source\PSoC4/Clock_1.c ****     maskVal = Clock_1_DIV_REG & 
 143:Generated_Source\PSoC4/Clock_1.c ****                     (uint32)(~(uint32)(Clock_1_DIV_INT_MASK | Clock_1_DIV_FRAC_MASK)); 
 144:Generated_Source\PSoC4/Clock_1.c **** 	/* combine mask and new divider vals into 32-bit value */
 145:Generated_Source\PSoC4/Clock_1.c ****     regVal = maskVal |
 377              		.loc 1 145 0
 378 0000 FF22     		movs	r2, #255
 379 0002 C900     		lsls	r1, r1, #3
 380              	.LVL3:
ARM GAS  C:\Users\prana\AppData\Local\Temp\ccdEUCXb.s 			page 24


 381 0004 1140     		ands	r1, r2
 382 0006 0202     		lsls	r2, r0, #8
 383 0008 1143     		orrs	r1, r2
 384 000a 0723     		movs	r3, #7
 385 000c 0800     		movs	r0, r1
 386              	.LVL4:
 135:Generated_Source\PSoC4/Clock_1.c ****     uint32 maskVal;
 387              		.loc 1 135 0
 388 000e 30B5     		push	{r4, r5, lr}
 389              		.cfi_def_cfa_offset 12
 390              		.cfi_offset 4, -12
 391              		.cfi_offset 5, -8
 392              		.cfi_offset 14, -4
 142:Generated_Source\PSoC4/Clock_1.c ****                     (uint32)(~(uint32)(Clock_1_DIV_INT_MASK | Clock_1_DIV_FRAC_MASK)); 
 393              		.loc 1 142 0
 394 0010 024C     		ldr	r4, .L13
 146:Generated_Source\PSoC4/Clock_1.c ****         ((uint32)((uint32)clkDivider <<  Clock_1_DIV_INT_SHIFT) & Clock_1_DIV_INT_MASK) |
 147:Generated_Source\PSoC4/Clock_1.c ****         ((uint32)((uint32)clkFractional << Clock_1_DIV_FRAC_SHIFT) & Clock_1_DIV_FRAC_MASK);
 148:Generated_Source\PSoC4/Clock_1.c ****     
 149:Generated_Source\PSoC4/Clock_1.c **** #else
 150:Generated_Source\PSoC4/Clock_1.c ****     /* get all but integer divider bits */
 151:Generated_Source\PSoC4/Clock_1.c ****     maskVal = Clock_1_DIV_REG & (uint32)(~(uint32)Clock_1__DIVIDER_MASK);
 152:Generated_Source\PSoC4/Clock_1.c ****     /* combine mask and new divider val into 32-bit value */
 153:Generated_Source\PSoC4/Clock_1.c ****     regVal = clkDivider | maskVal;
 154:Generated_Source\PSoC4/Clock_1.c ****     
 155:Generated_Source\PSoC4/Clock_1.c **** #endif /* Clock_1__FRAC_MASK || CYREG_PERI_DIV_CMD */
 156:Generated_Source\PSoC4/Clock_1.c **** 
 157:Generated_Source\PSoC4/Clock_1.c ****     Clock_1_DIV_REG = regVal;
 158:Generated_Source\PSoC4/Clock_1.c **** }
 395              		.loc 1 158 0
 396              		@ sp needed
 142:Generated_Source\PSoC4/Clock_1.c ****                     (uint32)(~(uint32)(Clock_1_DIV_INT_MASK | Clock_1_DIV_FRAC_MASK)); 
 397              		.loc 1 142 0
 398 0012 2568     		ldr	r5, [r4]
 399              	.LVL5:
 145:Generated_Source\PSoC4/Clock_1.c ****         ((uint32)((uint32)clkDivider <<  Clock_1_DIV_INT_SHIFT) & Clock_1_DIV_INT_MASK) |
 400              		.loc 1 145 0
 401 0014 2B40     		ands	r3, r5
 402              	.LVL6:
 403 0016 1843     		orrs	r0, r3
 404              	.LVL7:
 157:Generated_Source\PSoC4/Clock_1.c **** }
 405              		.loc 1 157 0
 406 0018 2060     		str	r0, [r4]
 407              		.loc 1 158 0
 408 001a 30BD     		pop	{r4, r5, pc}
 409              	.L14:
 410              		.align	2
 411              	.L13:
 412 001c 04020140 		.word	1073807876
 413              		.cfi_endproc
 414              	.LFE2:
 415              		.size	Clock_1_SetFractionalDividerRegister, .-Clock_1_SetFractionalDividerRegister
 416              		.section	.text.Clock_1_GetDividerRegister,"ax",%progbits
 417              		.align	1
 418              		.global	Clock_1_GetDividerRegister
 419              		.code	16
ARM GAS  C:\Users\prana\AppData\Local\Temp\ccdEUCXb.s 			page 25


 420              		.thumb_func
 421              		.type	Clock_1_GetDividerRegister, %function
 422              	Clock_1_GetDividerRegister:
 423              	.LFB3:
 159:Generated_Source\PSoC4/Clock_1.c **** 
 160:Generated_Source\PSoC4/Clock_1.c **** 
 161:Generated_Source\PSoC4/Clock_1.c **** /*******************************************************************************
 162:Generated_Source\PSoC4/Clock_1.c **** * Function Name: Clock_1_GetDividerRegister
 163:Generated_Source\PSoC4/Clock_1.c **** ********************************************************************************
 164:Generated_Source\PSoC4/Clock_1.c **** *
 165:Generated_Source\PSoC4/Clock_1.c **** * Summary:
 166:Generated_Source\PSoC4/Clock_1.c **** *  Gets the clock divider register value.
 167:Generated_Source\PSoC4/Clock_1.c **** *
 168:Generated_Source\PSoC4/Clock_1.c **** * Parameters:
 169:Generated_Source\PSoC4/Clock_1.c **** *  None
 170:Generated_Source\PSoC4/Clock_1.c **** *
 171:Generated_Source\PSoC4/Clock_1.c **** * Returns:
 172:Generated_Source\PSoC4/Clock_1.c **** *  Divide value of the clock minus 1. For example, if the clock is set to
 173:Generated_Source\PSoC4/Clock_1.c **** *  divide by 2, the return value will be 1.
 174:Generated_Source\PSoC4/Clock_1.c **** *
 175:Generated_Source\PSoC4/Clock_1.c **** *******************************************************************************/
 176:Generated_Source\PSoC4/Clock_1.c **** uint16 Clock_1_GetDividerRegister(void)
 177:Generated_Source\PSoC4/Clock_1.c **** {
 424              		.loc 1 177 0
 425              		.cfi_startproc
 426              		@ args = 0, pretend = 0, frame = 0
 427              		@ frame_needed = 0, uses_anonymous_args = 0
 428              		@ link register save eliminated.
 178:Generated_Source\PSoC4/Clock_1.c ****     return (uint16)((Clock_1_DIV_REG & Clock_1_DIV_INT_MASK)
 429              		.loc 1 178 0
 430 0000 024B     		ldr	r3, .L16
 179:Generated_Source\PSoC4/Clock_1.c ****         >> Clock_1_DIV_INT_SHIFT);
 180:Generated_Source\PSoC4/Clock_1.c **** }
 431              		.loc 1 180 0
 432              		@ sp needed
 178:Generated_Source\PSoC4/Clock_1.c ****     return (uint16)((Clock_1_DIV_REG & Clock_1_DIV_INT_MASK)
 433              		.loc 1 178 0
 434 0002 1868     		ldr	r0, [r3]
 435 0004 000A     		lsrs	r0, r0, #8
 436 0006 80B2     		uxth	r0, r0
 437              		.loc 1 180 0
 438 0008 7047     		bx	lr
 439              	.L17:
 440 000a C046     		.align	2
 441              	.L16:
 442 000c 04020140 		.word	1073807876
 443              		.cfi_endproc
 444              	.LFE3:
 445              		.size	Clock_1_GetDividerRegister, .-Clock_1_GetDividerRegister
 446              		.section	.text.Clock_1_GetFractionalDividerRegister,"ax",%progbits
 447              		.align	1
 448              		.global	Clock_1_GetFractionalDividerRegister
 449              		.code	16
 450              		.thumb_func
 451              		.type	Clock_1_GetFractionalDividerRegister, %function
 452              	Clock_1_GetFractionalDividerRegister:
 453              	.LFB4:
ARM GAS  C:\Users\prana\AppData\Local\Temp\ccdEUCXb.s 			page 26


 181:Generated_Source\PSoC4/Clock_1.c **** 
 182:Generated_Source\PSoC4/Clock_1.c **** 
 183:Generated_Source\PSoC4/Clock_1.c **** /*******************************************************************************
 184:Generated_Source\PSoC4/Clock_1.c **** * Function Name: Clock_1_GetFractionalDividerRegister
 185:Generated_Source\PSoC4/Clock_1.c **** ********************************************************************************
 186:Generated_Source\PSoC4/Clock_1.c **** *
 187:Generated_Source\PSoC4/Clock_1.c **** * Summary:
 188:Generated_Source\PSoC4/Clock_1.c **** *  Gets the clock fractional divider register value.
 189:Generated_Source\PSoC4/Clock_1.c **** *
 190:Generated_Source\PSoC4/Clock_1.c **** * Parameters:
 191:Generated_Source\PSoC4/Clock_1.c **** *  None
 192:Generated_Source\PSoC4/Clock_1.c **** *
 193:Generated_Source\PSoC4/Clock_1.c **** * Returns:
 194:Generated_Source\PSoC4/Clock_1.c **** *  Fractional Divide value of the clock
 195:Generated_Source\PSoC4/Clock_1.c **** *  0 if the fractional divider is not in use.
 196:Generated_Source\PSoC4/Clock_1.c **** *
 197:Generated_Source\PSoC4/Clock_1.c **** *******************************************************************************/
 198:Generated_Source\PSoC4/Clock_1.c **** uint8 Clock_1_GetFractionalDividerRegister(void)
 199:Generated_Source\PSoC4/Clock_1.c **** {
 454              		.loc 1 199 0
 455              		.cfi_startproc
 456              		@ args = 0, pretend = 0, frame = 0
 457              		@ frame_needed = 0, uses_anonymous_args = 0
 458              		@ link register save eliminated.
 200:Generated_Source\PSoC4/Clock_1.c **** #if defined (Clock_1__FRAC_MASK)
 201:Generated_Source\PSoC4/Clock_1.c ****     /* return fractional divider bits */
 202:Generated_Source\PSoC4/Clock_1.c ****     return (uint8)((Clock_1_DIV_REG & Clock_1_DIV_FRAC_MASK)
 203:Generated_Source\PSoC4/Clock_1.c ****         >> Clock_1_DIV_FRAC_SHIFT);
 204:Generated_Source\PSoC4/Clock_1.c **** #else
 205:Generated_Source\PSoC4/Clock_1.c ****     return 0u;
 206:Generated_Source\PSoC4/Clock_1.c **** #endif /* Clock_1__FRAC_MASK */
 207:Generated_Source\PSoC4/Clock_1.c **** }
 459              		.loc 1 207 0
 460 0000 0020     		movs	r0, #0
 461              		@ sp needed
 462 0002 7047     		bx	lr
 463              		.cfi_endproc
 464              	.LFE4:
 465              		.size	Clock_1_GetFractionalDividerRegister, .-Clock_1_GetFractionalDividerRegister
 466              		.text
 467              	.Letext0:
 468              		.file 2 "Generated_Source\\PSoC4/cytypes.h"
 469              		.section	.debug_info,"",%progbits
 470              	.Ldebug_info0:
 471 0000 62010000 		.4byte	0x162
 472 0004 0400     		.2byte	0x4
 473 0006 00000000 		.4byte	.Ldebug_abbrev0
 474 000a 04       		.byte	0x4
 475 000b 01       		.uleb128 0x1
 476 000c C9000000 		.4byte	.LASF25
 477 0010 0C       		.byte	0xc
 478 0011 16020000 		.4byte	.LASF26
 479 0015 43020000 		.4byte	.LASF27
 480 0019 00000000 		.4byte	.Ldebug_ranges0+0
 481 001d 00000000 		.4byte	0
 482 0021 00000000 		.4byte	.Ldebug_line0
 483 0025 02       		.uleb128 0x2
ARM GAS  C:\Users\prana\AppData\Local\Temp\ccdEUCXb.s 			page 27


 484 0026 01       		.byte	0x1
 485 0027 06       		.byte	0x6
 486 0028 37020000 		.4byte	.LASF0
 487 002c 02       		.uleb128 0x2
 488 002d 01       		.byte	0x1
 489 002e 08       		.byte	0x8
 490 002f 31000000 		.4byte	.LASF1
 491 0033 02       		.uleb128 0x2
 492 0034 02       		.byte	0x2
 493 0035 05       		.byte	0x5
 494 0036 BD010000 		.4byte	.LASF2
 495 003a 02       		.uleb128 0x2
 496 003b 02       		.byte	0x2
 497 003c 07       		.byte	0x7
 498 003d 51000000 		.4byte	.LASF3
 499 0041 02       		.uleb128 0x2
 500 0042 04       		.byte	0x4
 501 0043 05       		.byte	0x5
 502 0044 0D020000 		.4byte	.LASF4
 503 0048 02       		.uleb128 0x2
 504 0049 04       		.byte	0x4
 505 004a 07       		.byte	0x7
 506 004b 3F000000 		.4byte	.LASF5
 507 004f 02       		.uleb128 0x2
 508 0050 08       		.byte	0x8
 509 0051 05       		.byte	0x5
 510 0052 AA010000 		.4byte	.LASF6
 511 0056 02       		.uleb128 0x2
 512 0057 08       		.byte	0x8
 513 0058 07       		.byte	0x7
 514 0059 B2000000 		.4byte	.LASF7
 515 005d 03       		.uleb128 0x3
 516 005e 04       		.byte	0x4
 517 005f 05       		.byte	0x5
 518 0060 696E7400 		.ascii	"int\000"
 519 0064 02       		.uleb128 0x2
 520 0065 04       		.byte	0x4
 521 0066 07       		.byte	0x7
 522 0067 A5000000 		.4byte	.LASF8
 523 006b 04       		.uleb128 0x4
 524 006c C7010000 		.4byte	.LASF9
 525 0070 02       		.byte	0x2
 526 0071 D201     		.2byte	0x1d2
 527 0073 2C000000 		.4byte	0x2c
 528 0077 04       		.uleb128 0x4
 529 0078 97000000 		.4byte	.LASF10
 530 007c 02       		.byte	0x2
 531 007d D301     		.2byte	0x1d3
 532 007f 3A000000 		.4byte	0x3a
 533 0083 04       		.uleb128 0x4
 534 0084 9E000000 		.4byte	.LASF11
 535 0088 02       		.byte	0x2
 536 0089 D401     		.2byte	0x1d4
 537 008b 48000000 		.4byte	0x48
 538 008f 02       		.uleb128 0x2
 539 0090 04       		.byte	0x4
 540 0091 04       		.byte	0x4
ARM GAS  C:\Users\prana\AppData\Local\Temp\ccdEUCXb.s 			page 28


 541 0092 0E000000 		.4byte	.LASF12
 542 0096 02       		.uleb128 0x2
 543 0097 08       		.byte	0x8
 544 0098 04       		.byte	0x4
 545 0099 6F000000 		.4byte	.LASF13
 546 009d 02       		.uleb128 0x2
 547 009e 01       		.byte	0x1
 548 009f 08       		.byte	0x8
 549 00a0 B8010000 		.4byte	.LASF14
 550 00a4 04       		.uleb128 0x4
 551 00a5 00000000 		.4byte	.LASF15
 552 00a9 02       		.byte	0x2
 553 00aa 7E02     		.2byte	0x27e
 554 00ac B0000000 		.4byte	0xb0
 555 00b0 05       		.uleb128 0x5
 556 00b1 83000000 		.4byte	0x83
 557 00b5 06       		.uleb128 0x6
 558 00b6 14000000 		.4byte	.LASF16
 559 00ba 01       		.byte	0x1
 560 00bb 27       		.byte	0x27
 561 00bc 00000000 		.4byte	.LFB0
 562 00c0 1C000000 		.4byte	.LFE0-.LFB0
 563 00c4 01       		.uleb128 0x1
 564 00c5 9C       		.byte	0x9c
 565 00c6 DA000000 		.4byte	0xda
 566 00ca 07       		.uleb128 0x7
 567 00cb 7D000000 		.4byte	.LASF18
 568 00cf 01       		.byte	0x1
 569 00d0 27       		.byte	0x27
 570 00d1 83000000 		.4byte	0x83
 571 00d5 00000000 		.4byte	.LLST0
 572 00d9 00       		.byte	0
 573 00da 08       		.uleb128 0x8
 574 00db 24000000 		.4byte	.LASF28
 575 00df 01       		.byte	0x1
 576 00e0 5F       		.byte	0x5f
 577 00e1 00000000 		.4byte	.LFB1
 578 00e5 18000000 		.4byte	.LFE1-.LFB1
 579 00e9 01       		.uleb128 0x1
 580 00ea 9C       		.byte	0x9c
 581 00eb 06       		.uleb128 0x6
 582 00ec E8010000 		.4byte	.LASF17
 583 00f0 01       		.byte	0x1
 584 00f1 86       		.byte	0x86
 585 00f2 00000000 		.4byte	.LFB2
 586 00f6 20000000 		.4byte	.LFE2-.LFB2
 587 00fa 01       		.uleb128 0x1
 588 00fb 9C       		.byte	0x9c
 589 00fc 3B010000 		.4byte	0x13b
 590 0100 07       		.uleb128 0x7
 591 0101 64000000 		.4byte	.LASF19
 592 0105 01       		.byte	0x1
 593 0106 86       		.byte	0x86
 594 0107 77000000 		.4byte	0x77
 595 010b 21000000 		.4byte	.LLST1
 596 010f 07       		.uleb128 0x7
 597 0110 89000000 		.4byte	.LASF20
ARM GAS  C:\Users\prana\AppData\Local\Temp\ccdEUCXb.s 			page 29


 598 0114 01       		.byte	0x1
 599 0115 86       		.byte	0x86
 600 0116 6B000000 		.4byte	0x6b
 601 011a 42000000 		.4byte	.LLST2
 602 011e 09       		.uleb128 0x9
 603 011f 06000000 		.4byte	.LASF21
 604 0123 01       		.byte	0x1
 605 0124 88       		.byte	0x88
 606 0125 83000000 		.4byte	0x83
 607 0129 63000000 		.4byte	.LLST3
 608 012d 0A       		.uleb128 0xa
 609 012e 76000000 		.4byte	.LASF22
 610 0132 01       		.byte	0x1
 611 0133 89       		.byte	0x89
 612 0134 83000000 		.4byte	0x83
 613 0138 01       		.uleb128 0x1
 614 0139 50       		.byte	0x50
 615 013a 00       		.byte	0
 616 013b 0B       		.uleb128 0xb
 617 013c CD010000 		.4byte	.LASF23
 618 0140 01       		.byte	0x1
 619 0141 B0       		.byte	0xb0
 620 0142 77000000 		.4byte	0x77
 621 0146 00000000 		.4byte	.LFB3
 622 014a 10000000 		.4byte	.LFE3-.LFB3
 623 014e 01       		.uleb128 0x1
 624 014f 9C       		.byte	0x9c
 625 0150 0B       		.uleb128 0xb
 626 0151 85010000 		.4byte	.LASF24
 627 0155 01       		.byte	0x1
 628 0156 C6       		.byte	0xc6
 629 0157 6B000000 		.4byte	0x6b
 630 015b 00000000 		.4byte	.LFB4
 631 015f 04000000 		.4byte	.LFE4-.LFB4
 632 0163 01       		.uleb128 0x1
 633 0164 9C       		.byte	0x9c
 634 0165 00       		.byte	0
 635              		.section	.debug_abbrev,"",%progbits
 636              	.Ldebug_abbrev0:
 637 0000 01       		.uleb128 0x1
 638 0001 11       		.uleb128 0x11
 639 0002 01       		.byte	0x1
 640 0003 25       		.uleb128 0x25
 641 0004 0E       		.uleb128 0xe
 642 0005 13       		.uleb128 0x13
 643 0006 0B       		.uleb128 0xb
 644 0007 03       		.uleb128 0x3
 645 0008 0E       		.uleb128 0xe
 646 0009 1B       		.uleb128 0x1b
 647 000a 0E       		.uleb128 0xe
 648 000b 55       		.uleb128 0x55
 649 000c 17       		.uleb128 0x17
 650 000d 11       		.uleb128 0x11
 651 000e 01       		.uleb128 0x1
 652 000f 10       		.uleb128 0x10
 653 0010 17       		.uleb128 0x17
 654 0011 00       		.byte	0
ARM GAS  C:\Users\prana\AppData\Local\Temp\ccdEUCXb.s 			page 30


 655 0012 00       		.byte	0
 656 0013 02       		.uleb128 0x2
 657 0014 24       		.uleb128 0x24
 658 0015 00       		.byte	0
 659 0016 0B       		.uleb128 0xb
 660 0017 0B       		.uleb128 0xb
 661 0018 3E       		.uleb128 0x3e
 662 0019 0B       		.uleb128 0xb
 663 001a 03       		.uleb128 0x3
 664 001b 0E       		.uleb128 0xe
 665 001c 00       		.byte	0
 666 001d 00       		.byte	0
 667 001e 03       		.uleb128 0x3
 668 001f 24       		.uleb128 0x24
 669 0020 00       		.byte	0
 670 0021 0B       		.uleb128 0xb
 671 0022 0B       		.uleb128 0xb
 672 0023 3E       		.uleb128 0x3e
 673 0024 0B       		.uleb128 0xb
 674 0025 03       		.uleb128 0x3
 675 0026 08       		.uleb128 0x8
 676 0027 00       		.byte	0
 677 0028 00       		.byte	0
 678 0029 04       		.uleb128 0x4
 679 002a 16       		.uleb128 0x16
 680 002b 00       		.byte	0
 681 002c 03       		.uleb128 0x3
 682 002d 0E       		.uleb128 0xe
 683 002e 3A       		.uleb128 0x3a
 684 002f 0B       		.uleb128 0xb
 685 0030 3B       		.uleb128 0x3b
 686 0031 05       		.uleb128 0x5
 687 0032 49       		.uleb128 0x49
 688 0033 13       		.uleb128 0x13
 689 0034 00       		.byte	0
 690 0035 00       		.byte	0
 691 0036 05       		.uleb128 0x5
 692 0037 35       		.uleb128 0x35
 693 0038 00       		.byte	0
 694 0039 49       		.uleb128 0x49
 695 003a 13       		.uleb128 0x13
 696 003b 00       		.byte	0
 697 003c 00       		.byte	0
 698 003d 06       		.uleb128 0x6
 699 003e 2E       		.uleb128 0x2e
 700 003f 01       		.byte	0x1
 701 0040 3F       		.uleb128 0x3f
 702 0041 19       		.uleb128 0x19
 703 0042 03       		.uleb128 0x3
 704 0043 0E       		.uleb128 0xe
 705 0044 3A       		.uleb128 0x3a
 706 0045 0B       		.uleb128 0xb
 707 0046 3B       		.uleb128 0x3b
 708 0047 0B       		.uleb128 0xb
 709 0048 27       		.uleb128 0x27
 710 0049 19       		.uleb128 0x19
 711 004a 11       		.uleb128 0x11
ARM GAS  C:\Users\prana\AppData\Local\Temp\ccdEUCXb.s 			page 31


 712 004b 01       		.uleb128 0x1
 713 004c 12       		.uleb128 0x12
 714 004d 06       		.uleb128 0x6
 715 004e 40       		.uleb128 0x40
 716 004f 18       		.uleb128 0x18
 717 0050 9742     		.uleb128 0x2117
 718 0052 19       		.uleb128 0x19
 719 0053 01       		.uleb128 0x1
 720 0054 13       		.uleb128 0x13
 721 0055 00       		.byte	0
 722 0056 00       		.byte	0
 723 0057 07       		.uleb128 0x7
 724 0058 05       		.uleb128 0x5
 725 0059 00       		.byte	0
 726 005a 03       		.uleb128 0x3
 727 005b 0E       		.uleb128 0xe
 728 005c 3A       		.uleb128 0x3a
 729 005d 0B       		.uleb128 0xb
 730 005e 3B       		.uleb128 0x3b
 731 005f 0B       		.uleb128 0xb
 732 0060 49       		.uleb128 0x49
 733 0061 13       		.uleb128 0x13
 734 0062 02       		.uleb128 0x2
 735 0063 17       		.uleb128 0x17
 736 0064 00       		.byte	0
 737 0065 00       		.byte	0
 738 0066 08       		.uleb128 0x8
 739 0067 2E       		.uleb128 0x2e
 740 0068 00       		.byte	0
 741 0069 3F       		.uleb128 0x3f
 742 006a 19       		.uleb128 0x19
 743 006b 03       		.uleb128 0x3
 744 006c 0E       		.uleb128 0xe
 745 006d 3A       		.uleb128 0x3a
 746 006e 0B       		.uleb128 0xb
 747 006f 3B       		.uleb128 0x3b
 748 0070 0B       		.uleb128 0xb
 749 0071 27       		.uleb128 0x27
 750 0072 19       		.uleb128 0x19
 751 0073 11       		.uleb128 0x11
 752 0074 01       		.uleb128 0x1
 753 0075 12       		.uleb128 0x12
 754 0076 06       		.uleb128 0x6
 755 0077 40       		.uleb128 0x40
 756 0078 18       		.uleb128 0x18
 757 0079 9742     		.uleb128 0x2117
 758 007b 19       		.uleb128 0x19
 759 007c 00       		.byte	0
 760 007d 00       		.byte	0
 761 007e 09       		.uleb128 0x9
 762 007f 34       		.uleb128 0x34
 763 0080 00       		.byte	0
 764 0081 03       		.uleb128 0x3
 765 0082 0E       		.uleb128 0xe
 766 0083 3A       		.uleb128 0x3a
 767 0084 0B       		.uleb128 0xb
 768 0085 3B       		.uleb128 0x3b
ARM GAS  C:\Users\prana\AppData\Local\Temp\ccdEUCXb.s 			page 32


 769 0086 0B       		.uleb128 0xb
 770 0087 49       		.uleb128 0x49
 771 0088 13       		.uleb128 0x13
 772 0089 02       		.uleb128 0x2
 773 008a 17       		.uleb128 0x17
 774 008b 00       		.byte	0
 775 008c 00       		.byte	0
 776 008d 0A       		.uleb128 0xa
 777 008e 34       		.uleb128 0x34
 778 008f 00       		.byte	0
 779 0090 03       		.uleb128 0x3
 780 0091 0E       		.uleb128 0xe
 781 0092 3A       		.uleb128 0x3a
 782 0093 0B       		.uleb128 0xb
 783 0094 3B       		.uleb128 0x3b
 784 0095 0B       		.uleb128 0xb
 785 0096 49       		.uleb128 0x49
 786 0097 13       		.uleb128 0x13
 787 0098 02       		.uleb128 0x2
 788 0099 18       		.uleb128 0x18
 789 009a 00       		.byte	0
 790 009b 00       		.byte	0
 791 009c 0B       		.uleb128 0xb
 792 009d 2E       		.uleb128 0x2e
 793 009e 00       		.byte	0
 794 009f 3F       		.uleb128 0x3f
 795 00a0 19       		.uleb128 0x19
 796 00a1 03       		.uleb128 0x3
 797 00a2 0E       		.uleb128 0xe
 798 00a3 3A       		.uleb128 0x3a
 799 00a4 0B       		.uleb128 0xb
 800 00a5 3B       		.uleb128 0x3b
 801 00a6 0B       		.uleb128 0xb
 802 00a7 27       		.uleb128 0x27
 803 00a8 19       		.uleb128 0x19
 804 00a9 49       		.uleb128 0x49
 805 00aa 13       		.uleb128 0x13
 806 00ab 11       		.uleb128 0x11
 807 00ac 01       		.uleb128 0x1
 808 00ad 12       		.uleb128 0x12
 809 00ae 06       		.uleb128 0x6
 810 00af 40       		.uleb128 0x40
 811 00b0 18       		.uleb128 0x18
 812 00b1 9742     		.uleb128 0x2117
 813 00b3 19       		.uleb128 0x19
 814 00b4 00       		.byte	0
 815 00b5 00       		.byte	0
 816 00b6 00       		.byte	0
 817              		.section	.debug_loc,"",%progbits
 818              	.Ldebug_loc0:
 819              	.LLST0:
 820 0000 00000000 		.4byte	.LVL0
 821 0004 0C000000 		.4byte	.LVL1
 822 0008 0100     		.2byte	0x1
 823 000a 50       		.byte	0x50
 824 000b 0C000000 		.4byte	.LVL1
 825 000f 1C000000 		.4byte	.LFE0
ARM GAS  C:\Users\prana\AppData\Local\Temp\ccdEUCXb.s 			page 33


 826 0013 0400     		.2byte	0x4
 827 0015 F3       		.byte	0xf3
 828 0016 01       		.uleb128 0x1
 829 0017 50       		.byte	0x50
 830 0018 9F       		.byte	0x9f
 831 0019 00000000 		.4byte	0
 832 001d 00000000 		.4byte	0
 833              	.LLST1:
 834 0021 00000000 		.4byte	.LVL2
 835 0025 0E000000 		.4byte	.LVL4
 836 0029 0100     		.2byte	0x1
 837 002b 50       		.byte	0x50
 838 002c 0E000000 		.4byte	.LVL4
 839 0030 20000000 		.4byte	.LFE2
 840 0034 0400     		.2byte	0x4
 841 0036 F3       		.byte	0xf3
 842 0037 01       		.uleb128 0x1
 843 0038 50       		.byte	0x50
 844 0039 9F       		.byte	0x9f
 845 003a 00000000 		.4byte	0
 846 003e 00000000 		.4byte	0
 847              	.LLST2:
 848 0042 00000000 		.4byte	.LVL2
 849 0046 04000000 		.4byte	.LVL3
 850 004a 0100     		.2byte	0x1
 851 004c 51       		.byte	0x51
 852 004d 04000000 		.4byte	.LVL3
 853 0051 20000000 		.4byte	.LFE2
 854 0055 0400     		.2byte	0x4
 855 0057 F3       		.byte	0xf3
 856 0058 01       		.uleb128 0x1
 857 0059 51       		.byte	0x51
 858 005a 9F       		.byte	0x9f
 859 005b 00000000 		.4byte	0
 860 005f 00000000 		.4byte	0
 861              	.LLST3:
 862 0063 14000000 		.4byte	.LVL5
 863 0067 16000000 		.4byte	.LVL6
 864 006b 0500     		.2byte	0x5
 865 006d 75       		.byte	0x75
 866 006e 00       		.sleb128 0
 867 006f 37       		.byte	0x37
 868 0070 1A       		.byte	0x1a
 869 0071 9F       		.byte	0x9f
 870 0072 16000000 		.4byte	.LVL6
 871 0076 20000000 		.4byte	.LFE2
 872 007a 0100     		.2byte	0x1
 873 007c 53       		.byte	0x53
 874 007d 00000000 		.4byte	0
 875 0081 00000000 		.4byte	0
 876              		.section	.debug_aranges,"",%progbits
 877 0000 3C000000 		.4byte	0x3c
 878 0004 0200     		.2byte	0x2
 879 0006 00000000 		.4byte	.Ldebug_info0
 880 000a 04       		.byte	0x4
 881 000b 00       		.byte	0
 882 000c 0000     		.2byte	0
ARM GAS  C:\Users\prana\AppData\Local\Temp\ccdEUCXb.s 			page 34


 883 000e 0000     		.2byte	0
 884 0010 00000000 		.4byte	.LFB0
 885 0014 1C000000 		.4byte	.LFE0-.LFB0
 886 0018 00000000 		.4byte	.LFB1
 887 001c 18000000 		.4byte	.LFE1-.LFB1
 888 0020 00000000 		.4byte	.LFB2
 889 0024 20000000 		.4byte	.LFE2-.LFB2
 890 0028 00000000 		.4byte	.LFB3
 891 002c 10000000 		.4byte	.LFE3-.LFB3
 892 0030 00000000 		.4byte	.LFB4
 893 0034 04000000 		.4byte	.LFE4-.LFB4
 894 0038 00000000 		.4byte	0
 895 003c 00000000 		.4byte	0
 896              		.section	.debug_ranges,"",%progbits
 897              	.Ldebug_ranges0:
 898 0000 00000000 		.4byte	.LFB0
 899 0004 1C000000 		.4byte	.LFE0
 900 0008 00000000 		.4byte	.LFB1
 901 000c 18000000 		.4byte	.LFE1
 902 0010 00000000 		.4byte	.LFB2
 903 0014 20000000 		.4byte	.LFE2
 904 0018 00000000 		.4byte	.LFB3
 905 001c 10000000 		.4byte	.LFE3
 906 0020 00000000 		.4byte	.LFB4
 907 0024 04000000 		.4byte	.LFE4
 908 0028 00000000 		.4byte	0
 909 002c 00000000 		.4byte	0
 910              		.section	.debug_line,"",%progbits
 911              	.Ldebug_line0:
 912 0000 CF000000 		.section	.debug_str,"MS",%progbits,1
 912      02004400 
 912      00000201 
 912      FB0E0D00 
 912      01010101 
 913              	.LASF15:
 914 0000 72656733 		.ascii	"reg32\000"
 914      3200
 915              	.LASF21:
 916 0006 6D61736B 		.ascii	"maskVal\000"
 916      56616C00 
 917              	.LASF12:
 918 000e 666C6F61 		.ascii	"float\000"
 918      7400
 919              	.LASF16:
 920 0014 436C6F63 		.ascii	"Clock_1_StartEx\000"
 920      6B5F315F 
 920      53746172 
 920      74457800 
 921              	.LASF28:
 922 0024 436C6F63 		.ascii	"Clock_1_Stop\000"
 922      6B5F315F 
 922      53746F70 
 922      00
 923              	.LASF1:
 924 0031 756E7369 		.ascii	"unsigned char\000"
 924      676E6564 
 924      20636861 
ARM GAS  C:\Users\prana\AppData\Local\Temp\ccdEUCXb.s 			page 35


 924      7200
 925              	.LASF5:
 926 003f 6C6F6E67 		.ascii	"long unsigned int\000"
 926      20756E73 
 926      69676E65 
 926      6420696E 
 926      7400
 927              	.LASF3:
 928 0051 73686F72 		.ascii	"short unsigned int\000"
 928      7420756E 
 928      7369676E 
 928      65642069 
 928      6E7400
 929              	.LASF19:
 930 0064 636C6B44 		.ascii	"clkDivider\000"
 930      69766964 
 930      657200
 931              	.LASF13:
 932 006f 646F7562 		.ascii	"double\000"
 932      6C6500
 933              	.LASF22:
 934 0076 72656756 		.ascii	"regVal\000"
 934      616C00
 935              	.LASF18:
 936 007d 616C6967 		.ascii	"alignClkDiv\000"
 936      6E436C6B 
 936      44697600 
 937              	.LASF20:
 938 0089 636C6B46 		.ascii	"clkFractional\000"
 938      72616374 
 938      696F6E61 
 938      6C00
 939              	.LASF10:
 940 0097 75696E74 		.ascii	"uint16\000"
 940      313600
 941              	.LASF11:
 942 009e 75696E74 		.ascii	"uint32\000"
 942      333200
 943              	.LASF8:
 944 00a5 756E7369 		.ascii	"unsigned int\000"
 944      676E6564 
 944      20696E74 
 944      00
 945              	.LASF7:
 946 00b2 6C6F6E67 		.ascii	"long long unsigned int\000"
 946      206C6F6E 
 946      6720756E 
 946      7369676E 
 946      65642069 
 947              	.LASF25:
 948 00c9 474E5520 		.ascii	"GNU C11 5.4.1 20160609 (release) [ARM/embedded-5-br"
 948      43313120 
 948      352E342E 
 948      31203230 
 948      31363036 
 949 00fc 616E6368 		.ascii	"anch revision 237715] -mcpu=cortex-m0 -mthumb -g -O"
 949      20726576 
ARM GAS  C:\Users\prana\AppData\Local\Temp\ccdEUCXb.s 			page 36


 949      6973696F 
 949      6E203233 
 949      37373135 
 950 012f 73202D66 		.ascii	"s -ffunction-sections -ffat-lto-objects -finline-fu"
 950      66756E63 
 950      74696F6E 
 950      2D736563 
 950      74696F6E 
 951 0162 6E637469 		.ascii	"nctions -flto -fno-strict-aliasing\000"
 951      6F6E7320 
 951      2D666C74 
 951      6F202D66 
 951      6E6F2D73 
 952              	.LASF24:
 953 0185 436C6F63 		.ascii	"Clock_1_GetFractionalDividerRegister\000"
 953      6B5F315F 
 953      47657446 
 953      72616374 
 953      696F6E61 
 954              	.LASF6:
 955 01aa 6C6F6E67 		.ascii	"long long int\000"
 955      206C6F6E 
 955      6720696E 
 955      7400
 956              	.LASF14:
 957 01b8 63686172 		.ascii	"char\000"
 957      00
 958              	.LASF2:
 959 01bd 73686F72 		.ascii	"short int\000"
 959      7420696E 
 959      7400
 960              	.LASF9:
 961 01c7 75696E74 		.ascii	"uint8\000"
 961      3800
 962              	.LASF23:
 963 01cd 436C6F63 		.ascii	"Clock_1_GetDividerRegister\000"
 963      6B5F315F 
 963      47657444 
 963      69766964 
 963      65725265 
 964              	.LASF17:
 965 01e8 436C6F63 		.ascii	"Clock_1_SetFractionalDividerRegister\000"
 965      6B5F315F 
 965      53657446 
 965      72616374 
 965      696F6E61 
 966              	.LASF4:
 967 020d 6C6F6E67 		.ascii	"long int\000"
 967      20696E74 
 967      00
 968              	.LASF26:
 969 0216 47656E65 		.ascii	"Generated_Source\\PSoC4\\Clock_1.c\000"
 969      72617465 
 969      645F536F 
 969      75726365 
 969      5C50536F 
 970              	.LASF0:
ARM GAS  C:\Users\prana\AppData\Local\Temp\ccdEUCXb.s 			page 37


 971 0237 7369676E 		.ascii	"signed char\000"
 971      65642063 
 971      68617200 
 972              	.LASF27:
 973 0243 443A5C56 		.ascii	"D:\\V-TE-PWR\\PDSS_SRC_SNK\\CYPD3171-24LQXQ_pb\\CYP"
 973      2D54452D 
 973      5057525C 
 973      50445353 
 973      5F535243 
 974 0272 44333137 		.ascii	"D3171-24LQXQ_pb.cydsn\000"
 974      312D3234 
 974      4C515851 
 974      5F70622E 
 974      63796473 
 975              		.comm	__gnu_lto_v1,1,1
 976              		.ident	"GCC: (GNU Tools for ARM Embedded Processors) 5.4.1 20160609 (release) [ARM/embedded-5-bran
