ARM GAS  C:\Users\prana\AppData\Local\Temp\cche1QLC.s 			page 1


   1              		.syntax unified
   2              		.cpu cortex-m0
   3              		.fpu softvfp
   4              		.eabi_attribute 20, 1
   5              		.eabi_attribute 21, 1
   6              		.eabi_attribute 23, 3
   7              		.eabi_attribute 24, 1
   8              		.eabi_attribute 25, 1
   9              		.eabi_attribute 26, 1
  10              		.eabi_attribute 30, 4
  11              		.eabi_attribute 34, 0
  12              		.eabi_attribute 18, 4
  13              		.thumb
  14              		.syntax unified
  15              		.file	"cyfitter_cfg.c"
  16              		.text
  17              	.Ltext0:
  18              		.section	.gnu.lto_.profile.b369abe6,"",%progbits
  19 0000 789C6361 		.ascii	"x\234ca`d`a`\000\2226\032\000\001\012\000o"
  19      60646061 
  19      60009236 
  19      1A00010A 
  19      006F
  20              		.text
  21              		.section	.gnu.lto_.icf.b369abe6,"",%progbits
  22 0000 789C6361 		.ascii	"x\234ca`d\000\001>\006\004`b\3700\375}#\007\343\375"
  22      60640001 
  22      3E060460 
  22      62F830FD 
  22      7D2307E3 
  23 0015 EF2B37B3 		.ascii	"\357+7\2632\000\0001\011\006M"
  23      32000031 
  23      09064D
  24              		.text
  25              		.section	.gnu.lto_.jmpfuncs.b369abe6,"",%progbits
  26 0000 789C6361 		.ascii	"x\234ca`d\000\001\005\006\004`\002a\306\277L\214\213"
  26      60640001 
  26      05060460 
  26      0261C6BF 
  26      4C8C8B
  27 0013 37AC6863 		.ascii	"7\254hc\376\302\324\312\314\300h\300\270\234Q\206\001"
  27      FEC2D4CA 
  27      CCC068C0 
  27      B89C5186 
  27      01
  28 0024 A218007B 		.ascii	"\242\030\000{\026\006$"
  28      160624
  29              		.text
  30              		.section	.gnu.lto_.inline.b369abe6,"",%progbits
  31 0000 789C6361 		.ascii	"x\234ca`d\000\001S\006\004`b`\220Scd`2\272\320\306\314"
  31      60640001 
  31      53060460 
  31      62609053 
  31      63646032 
  32 0018 C0B6409E 		.ascii	"\300\266@\236\011,\310\315\000T\312\310\300'\006\224"
  32      092CC8CD 
  32      0054CAC8 
ARM GAS  C:\Users\prana\AppData\Local\Temp\cche1QLC.s 			page 2


  32      C0270694 
  33 0028 11593087 		.ascii	"\021Y0\207\021.\303\310\005\"\001\245\260\005/"
  33      112EC3C8 
  33      052201A5 
  33      B0052F
  34              		.text
  35              		.section	.gnu.lto_.pureconst.b369abe6,"",%progbits
  36 0000 789C6361 		.ascii	"x\234ca`d`c```b\220b\334\305\010\000\002z\000\344"
  36      60646063 
  36      60606062 
  36      9062DCC5 
  36      0800027A 
  37              		.text
  38              		.section	.gnu.lto_ClockSetup.b369abe6,"",%progbits
  39 0000 789C85D5 		.ascii	"x\234\205\325_L[U\034\300\361\363\273\267\243u04{2\031"
  39      5F4C5B55 
  39      1CC0F1F3 
  39      BBB7A375 
  39      30347B32 
  40 0015 0FC698C5 		.ascii	"\017\306\230\305\275\030\037|\362\325\007\337\214q\211"
  40      BD181F7C 
  40      F2D507DF 
  40      8C7189
  41 0024 4F4B1683 		.ascii	"OK\026\203\235\331\213K\010>\370\304)\355\355\252\226"
  41      9DD98B4B 
  41      083EF8C4 
  41      29EDEDAA 
  41      96
  42 0035 AC0FDBCC 		.ascii	"\254\017\333\314\346\2209\006\205!\245\225R(c\264\264"
  42      E6903906 
  42      8521A595 
  42      522863B4 
  42      B4
  43 0046 854E06E5 		.ascii	"\205N\006\345\357`sX:\206X*a\225?v\"m=\347\236?\355"
  43      EF607358 
  43      3A86582A 
  43      61953F76 
  43      226D3DE7 
  44 005d CBD29B90 		.ascii	"\313\322\233\220\002\247\347\323\357=\367\334^\003\002"
  44      02A7E7D3 
  44      EF3DF7DC 
  44      5E0302
  45 006c 448F9326 		.ascii	"D\217\223&\204\336&\257'\310\017\250\010\024W\002!\213"
  45      84DE26AF 
  45      27C80FA8 
  45      08145702 
  45      218B
  46 007e 4901A0BF 		.ascii	"I\001\240\277`\023\240&\005\232`_\311+\020\271\270\021"
  46      6013A026 
  46      059A605F 
  46      C92B10B9 
  46      B811
  47 0090 544EB931 		.ascii	"TN\27119R\035\201\363\026\254\275\256\251\010\025\025"
  47      39521D81 
  47      F316ACBD 
  47      AEA90815 
  47      15
ARM GAS  C:\Users\prana\AppData\Local\Temp\cche1QLC.s 			page 3


  48 00a1 5D42E086 		.ascii	"]B\340\206S\210\274m\315W\270r\254\312F\337\366\006"
  48      5388BC6D 
  48      CD57B872 
  48      ACCA46DF 
  48      F606
  49 00b3 1B842EA8 		.ascii	"\033\204.\250\242\037\327\367I\030\027\213V\034\036"
  49      A21FD7F7 
  49      4918178B 
  49      561C1E
  50 00c2 A81E5BAA 		.ascii	"\250\036[\252\255C(KF\351\347\374\255(\364U\335\200"
  50      AD43284B 
  50      46E9E7FC 
  50      AD28F455 
  50      DD80
  51 00d4 C85E76FB 		.ascii	"\310^v\373M\372~\002]\325\"3\306=ES\001\250\373\342"
  51      4DFA7E02 
  51      5DD52233 
  51      C63D4553 
  51      01A8FBE2 
  52 00e8 9967CBC4 		.ascii	"\231g\313\304\376\364\34206\220\177Y\007\206\332\217"
  52      FEF4E230 
  52      36907F59 
  52      0786DA8F 
  53 00f8 B641ABC5 		.ascii	"\266A\253\305\006\232\252\300\035\250\203n .\364@\033"
  53      069AAAC0 
  53      1DA8836E 
  53      202EF440 
  53      1B
  54 0109 90715FEA 		.ascii	"\220q_\352p\304@\247\250p\034~&#i\260\205G\253\251O"
  54      70C440A7 
  54      A8701C7E 
  54      262369B0 
  54      8547ABA9 
  55 011e C56070EB 		.ascii	"\305`p\353\211\261)\217\035\030\277\246\251\206\242"
  55      89B1298F 
  55      1D18BFA6 
  55      A986A2
  56 012d 4222A117 		.ascii	"B\"\241\027\232\350X\273\267\313\256\322\251G\340]\360"
  56      9AE858BB 
  56      B7CBAED2 
  56      A947E05D 
  56      F0
  57 013e 409DA656 		.ascii	"@\235\246V!\232\347\332Wx\336\336Ao\250\206\365\330"
  57      219AE7DA 
  57      5778DEDE 
  57      416FA886 
  57      F5D8
  58 0150 1C36BDE7 		.ascii	"\0346\275\347;l_5\226z\372d\217\227\365\334]H\273_a"
  58      3B6C5F35 
  58      967AFA64 
  58      8F97F5DC 
  58      5D48BB5F 
  59 0165 3D78D408 		.ascii	"=x\324\010>2F\315Yi\336\372\351\277\345#\314\304\230"
  59      3E3246CD 
  59      5969DEFA 
  59      E9BFE523 
  59      CCC498
ARM GAS  C:\Users\prana\AppData\Local\Temp\cche1QLC.s 			page 4


  60 0178 9917B5B9 		.ascii	"\231\027\265\271\356\232\222\371\2134\373\231y\315\027"
  60      EE9A92F9 
  60      8B34FB99 
  60      79CD17
  61 0187 BB54CB4C 		.ascii	"\273T\313L\013Y[\023\370\271\352\372G\250-\013\236\207"
  61      0B595B13 
  61      F8B9EAFA 
  61      47A82D0B 
  61      9E87
  62 0199 7C21312F 		.ascii	"|!1/\035\361'V\313Vn@\252\001\2466\373\0270\210R\200"
  62      1DF12756 
  62      CB566E40 
  62      AA01A636 
  62      FB173088 
  63 01af 41512ACD 		.ascii	"AQ*\315\227f\0151 \367h\243\263\206\003zVPd\345\004"
  63      97660D31 
  63      20F768A3 
  63      B386037A 
  63      565064E5 
  64 01c4 D16D8FDF 		.ascii	"\321m\217\337TX\226\323\316\262\236\377\345\011\030"
  64      545896D3 
  64      CEB29EFF 
  64      E50918
  65 01d3 4AEAB054 		.ascii	"J\352\260T\35725\024J\266\213\005\374\021`Dd\345*f\335"
  65      EF323514 
  65      4AB68B05 
  65      FC116044 
  65      64E52A66 
  66 01e8 63C08D4C 		.ascii	"c\300\215Lt\342(\003\242\005\2325*\262\016\005\261f"
  66      74E22803 
  66      A2059A35 
  66      2AB20E05 
  66      B166
  67 01fa CD2F02CB 		.ascii	"\315/\002\313r\360\254\203\216\335\313\246\222\032\222"
  67      72F0AC83 
  67      8EDDCBA6 
  67      921A92
  68 0209 6A98A8A5 		.ascii	"j\230\250\245\212\303\212\025c\254\"z}w\236\257nD\257"
  68      8AC38A15 
  68      63AC227A 
  68      7D779EAF 
  68      6E44AF
  69 021c 88888ABC 		.ascii	"\210\210\212\274 n\307.\365\325\362\335\305+Z7/ke\327"
  69      206EC72E 
  69      F5D5F2DD 
  69      C52B5A37 
  69      2F6B65D7 
  70 0230 2C2AD518 		.ascii	",*\325\030_\362\255\221\250X\234$\202q\221\225\257\230"
  70      5FF2AD91 
  70      A8589C24 
  70      82719195 
  70      AF98
  71 0242 35C180CE 		.ascii	"5\301\200\316\253\233\333|+\215\351Yq\221U\020\304\344"
  71      AB9BDB7C 
  71      2B8DE959 
  71      71915510 
  71      C4E4
ARM GAS  C:\Users\prana\AppData\Local\Temp\cche1QLC.s 			page 5


  72 0254 CAD8AD57 		.ascii	"\312\330\255W\371V\342Y\333-\275\361\332\222z_\252\277"
  72      F956E259 
  72      DB2DBDF1 
  72      DA927A5F 
  72      AABF
  73 0266 D2C59115 		.ascii	"\322\305\221\025\205\212\025\223\254\342\201\353\272"
  73      858A1593 
  73      ACE281EB 
  73      BA
  74 0273 855FA2B0 		.ascii	"\205_\242\260^\361@T\024\005a\315\015{y\205\303\306"
  74      5EF14054 
  74      140561CD 
  74      0D7B7985 
  74      C3C6
  75 0285 2A765B6C 		.ascii	"*v[l\311\262[oJ\252\323L]\357X\277)\026\247\012\022"
  75      C9B25B6F 
  75      4AAAD34C 
  75      5DEF58BF 
  75      2916A70A 
  76 029a A2AA58B1 		.ascii	"\242\252X\261j\206\315\017\034\314\314\362\252f\275"
  76      6A86CD0F 
  76      1CCCCCF2 
  76      AA66BD
  77 02a9 6A5654C5 		.ascii	"jVT\305TN|3Tp\252|mxU\"\263\332XB\347$:\317PO:t\203"
  77      544E7C33 
  77      5470AA7C 
  77      6D785522 
  77      B3DA5842 
  78 02c6 A3588105 		.ascii	"\243X\201\005\021%\305\227F-\262\371\337\367\256|\312"
  78      1125C597 
  78      462DB2F9 
  78      DFF7AE7C 
  78      CA
  79 02d7 A7EB4D0F 		.ascii	"\247\353M\017E\323\270\020\226w\366\356U\363m\304\233"
  79      45D3B810 
  79      9677F6EE 
  79      55F36DC4 
  79      9B
  80 02e8 B29EA4A3 		.ascii	"\262\236\244\243l3/It\231^/\0311^1\342\021\213\030\316"
  80      6C332F49 
  80      74995E2F 
  80      19315E31 
  80      E2118B18 
  81 02fd CEB71AF9 		.ascii	"\316\267\032\371\027\220^\361XTL\010\242+zg\216\337"
  81      17905EF1 
  81      58544C08 
  81      A22B7A67 
  81      8EDF
  82 030f 524E5ED1 		.ascii	"RN^\321\266\350\177\\v\247\377&\325'L\215\247z\336\342"
  82      B6E87F5C 
  82      76A7FF26 
  82      D5274C8D 
  82      A77ADEE2 
  83 0323 A7F63EAC 		.ascii	"\247\366>\254\210\250\211\212Q\277\263\351?$\236\372"
  83      88A8898A 
  83      51BFB3E9 
  83      3F249EFA 
ARM GAS  C:\Users\prana\AppData\Local\Temp\cche1QLC.s 			page 6


  84 0333 5436DFAA 		.ascii	"T6\337\252G%E\324\224 2;\261(\277\303\272\260S\217J"
  84      472545D4 
  84      9420323B 
  84      B128BFC3 
  84      BAB0538F 
  85 0348 DF9E4C41 		.ascii	"\337\236LAI]\225j\212\251\203\333=\203\307\370\326D"
  85      495D956A 
  85      8AA983DB 
  85      3D83C7F8 
  85      D644
  86 035a F054544D 		.ascii	"\360TTM\013\322\326\237\375\226\257\266\253\231\235"
  86      0BD2D69F 
  86      FD96AFB6 
  86      AB999D
  87 0369 E752CED9 		.ascii	"\347R\316\331Vv\236k\222|\306\310\276\255\340\277\234"
  87      56769E6B 
  87      927CC6C8 
  87      BEADE0BF 
  87      9C
  88 037a 44B02E22 		.ascii	"D\260.\"g\344y\016%\373\371W\267\203\213\356\347QO\331"
  88      67E4790E 
  88      25FBF957 
  88      B7838BEE 
  88      E7514FD9 
  89 038e 4EFF438A 		.ascii	"N\377C\212\033L\364\307\342v\023\023\001\376\024\215"
  89      1B4CF4C7 
  89      E2761313 
  89      01FE148D 
  90 039e 8B429C9A 		.ascii	"\213B\234\232\356\344\267\216\215\203W\356\007\366\313"
  90      EEE4B78E 
  90      8D8357EE 
  90      07F6CB
  91 03ad 6EE0B404 		.ascii	"n\340\264\0047\031\030\331\361\272\371W\271\012\031"
  91      371918D9 
  91      F1BAF957 
  91      B90A19
  92 03bc 329281E6 		.ascii	"2\222\201\346\360\362G\372S\224\036Y\362\334$Oo\362"
  92      F0F247FA 
  92      53941E59 
  92      F2DC244F 
  92      6FF2
  93 03ce 2C3FF9A1 		.ascii	",?\371\241\371Ks\303g\215\346\317\317\236\276\360UC"
  93      F94B73C3 
  93      678DE6CF 
  93      CF9EBEF0 
  93      5543
  94 03e0 BDF9CCC7 		.ascii	"\275\371\314\307\247/|\360\336\231\372\257\317\235o"
  94      A72F7CF0 
  94      DE99FAAF 
  94      CF9D6F
  95 03ef 6C34379C 		.ascii	"l47\234\255?\367\305;\365\350\177\244s\360\344"
  95      AD3FF7C5 
  95      3BF5E87F 
  95      A473F0E4 
  96              		.text
  97              		.section	.gnu.lto_cyfitter_cfg.b369abe6,"",%progbits
  98 0000 789C4DD3 		.ascii	"x\234M\323\337KSQ\034\000\360\363=w\272\345\\\306^\363"
ARM GAS  C:\Users\prana\AppData\Local\Temp\cche1QLC.s 			page 7


  98      DF4B5351 
  98      1C00F0F3 
  98      3D77BAE5 
  98      5CC65EF3 
  99 0014 611004BE 		.ascii	"a\020\004\276\004a\377\201A\364&\356U\220X3|I\030\366"
  99      0461FF81 
  99      41F426EE 
  99      55905833 
  99      7C4918F6 
 100 0028 D0D3CEE6 		.ascii	"\320\323\316\346fB?\034DET\014\032\242f\265Ms\363\272"
 100      66423F1C 
 100      4445540C 
 100      1AA266B5 
 100      4D73F3BA 
 101 003c 56779B13 		.ascii	"Vw\233\023}Y\341\213\204X!\261\231\0323\330\374An\353"
 101      7D59E18B 
 101      845821B1 
 101      991A33D8 
 101      FC416EEB 
 102 0050 1CCF39F7 		.ascii	"\034\3179\367z\341r\177|\317\371|\277\347\336\3635!"
 102      7AE1727F 
 102      7CCFF97C 
 102      BFE7DEF3 
 102      3521
 103 0062 40EC78AD 		.ascii	"@\354x\255 \324I\257\347\351\011\012\002\034* \344\263"
 103      20D449AF 
 103      E7E9090A 
 103      021C2A20 
 103      E4B3
 104 0074 60007643 		.ascii	"`\000vC,\200\274\030\274P\3055\014\331{E\025wL\020z"
 104      2C80BC18 
 104      BC50C535 
 104      0CD97B45 
 104      15774C10 
 105 0089 FCCCEF5F 		.ascii	"\374\314\357_&\223\032\004\351\364\006>\221\020L@\007"
 105      26931A04 
 105      E9F4063E 
 105      91104C40 
 105      07
 106 009a A2C336E3 		.ascii	"\242\3036\343\365'\266\346\000\033\346\340A\230\204"
 106      F527B6E6 
 106      001BE6E0 
 106      419884
 107 00a9 66962EDA 		.ascii	"f\226.\332\243\221Fc\230h\311\266L\302\336\212\320\036"
 107      A3914663 
 107      9868C9B6 
 107      4CC2DE8A 
 107      D01E
 108 00bb 8DB23C7F 		.ascii	"\215\262<\1771fW\245\004$\227\032\0036\236\211\035\250"
 108      316657A5 
 108      0424971A 
 108      03369E89 
 108      1DA8
 109 00cd 08D9CA5E 		.ascii	"\010\331\312^\245\223\275\240\362\323`\366\213\271\202"
 109      A593BDA0 
 109      F2D360F6 
 109      8BB982
ARM GAS  C:\Users\prana\AppData\Local\Temp\cche1QLC.s 			page 8


 110 00dc 830A004B 		.ascii	"\203\012\000KT\3358:h\345\217\304?JL\354U\342x\336\024"
 110      54DD383A 
 110      68E58FC4 
 110      3F4A4CEC 
 110      55E278DE 
 111 00f1 8657BE00 		.ascii	"\206W\276\000-\015\303\033h\207)h\247\025LC\030h|:1"
 111      2D0DC31B 
 111      68872968 
 111      A7154C43 
 111      18687C3A 
 112 0106 BE006C8A 		.ascii	"\276\000l\212\002g\340-\215\260\004\241\252\"\022\304"
 112      0267E02D 
 112      8DB004A1 
 112      AA2212C4 
 113 0116 6763638A 		.ascii	"gcc\212\020\003\\\254eR#\026C|\247\213\357\271\3708"
 113      10035CAC 
 113      65522316 
 113      437CA78B 
 113      EFB9F838 
 114 012a 5D5E3ECB 		.ascii	"]^>\313ERW *\314\257\373\322\254\254o\026@\230\204\233"
 114      45525720 
 114      2ACCAFFB 
 114      D2ACAC6F 
 114      16409884 
 115 013f 91859D87 		.ascii	"\221\205\235\207-\206\031\323\31587\243\273\352\221"
 115      2D8619D3 
 115      CD3837A3 
 115      BBEA91
 116 014e 8D9B0866 		.ascii	"\215\233\010fd\225\307R\234\372\275\226\266qq\224\204"
 116      6495C752 
 116      9CFABD96 
 116      B6717194 
 116      84
 117 015f 4EC4D5EF 		.ascii	"N\304\325\357\251\037\212!\316\352\342\007*\352D\254"
 117      A91F8A21 
 117      CEEAE207 
 117      2AEA44AC 
 118 016f 714110A9 		.ascii	"qA\020\251C\355Y\223\374t\234(\225\222+m\0061\247\023"
 118      43ED5993 
 118      FC749C28 
 118      95922B6D 
 118      0631A713 
 119 0183 095ED4DA 		.ascii	"\011^\324\332\267\200*>\235\025\222r\231\015Y\324\354"
 119      B7802A3E 
 119      9D159272 
 119      990D59D4 
 119      EC
 120 0194 A3D5BA55 		.ascii	"\243\325\272U\024%\304\235\361\302\262\331\020\347u"
 120      1425C49D 
 120      F1C2B2D9 
 120      10E775
 121 01a3 51E5E281 		.ascii	"Q\345\342\201\377\276\277\231\2131\013,\310u.\232\004"
 121      FFBEBF99 
 121      8B310B2C 
 121      C8752E9A 
 121      04
 122 01b4 F9A7ACBE 		.ascii	"\371\247\254\276\024\353| \310\231\310\316\257SE\246"
ARM GAS  C:\Users\prana\AppData\Local\Temp\cche1QLC.s 			page 9


 122      14EB7C20 
 122      C899C8CE 
 122      AF5345A6 
 123 01c4 74F22327 		.ascii	"t\362#'\023\305\225\245\026\3617\000\322\262\312\274"
 123      13C595A5 
 123      16F13700 
 123      D2B2CABC 
 124 01d4 24FF152A 		.ascii	"$\377\025*e\253\374\301\234|1\227\330\260\031\344'\235"
 124      65ABFCC1 
 124      9C7C3197 
 124      D8B019E4 
 124      279D
 125 01e6 FCCCC9C8 		.ascii	"\374\314\311\310\266\232k\342\244\0154Y\344\222\024"
 125      B69A6BE2 
 125      A40D3459 
 125      E49214
 126 01f5 93395F09 		.ascii	"\2239_\011\213u\0131t\030'\2476aF\027\263\\|^\012\347"
 126      8B750B31 
 126      741827A7 
 126      36614617 
 126      B35C7C5E 
 127 020b 152E8ED8 		.ascii	"\025.\216\330!GC[0\254\305\354'\333\236\306Uuw\335\354"
 127      2147435B 
 127      30ACC5EC 
 127      27DB9EC6 
 127      557577DD 
 128 0220 ADD1CD42 		.ascii	"\255\321\315B\316\005\025S\003\323\336\201E\360\242"
 128      CE051553 
 128      03D3DE81 
 128      45F0A2
 129 022f A0D284B6 		.ascii	"\240\322\204\266\301\257%{d\207\320\016\002\3269\264"
 129      C1AF257B 
 129      6487D00E 
 129      02D639B4 
 130 023f 8F2E5E73 		.ascii	"\217.^s\337v{n\014\271o\3669\007\357x\\\356\336n\347"
 130      DF767B6E 
 130      0CB96FF6 
 130      3907EF78 
 130      5CEEDE6E 
 131 0254 60D7955E 		.ascii	"`\327\225^\327\335\376\201\241!\267\247\317\325\177"
 131      D7DDFE81 
 131      A121B7A7 
 131      CFD57F
 132 0263 EB920BB5 		.ascii	"\353\222\013\265tu;\257_u8\034\003\350?z\314\\\007"
 132      74753BAF 
 132      5F75381C 
 132      03E83F7A 
 132      CC5C07
 133              		.text
 134              		.section	.gnu.lto_.symbol_nodes.b369abe6,"",%progbits
 135 0000 789C6361 		.ascii	"x\234ca`d\210`\000\002&\226z\006\206\011\347\030\030"
 135      60648860 
 135      00022696 
 135      7A068609 
 135      E71818
 136 0013 80D4CE86 		.ascii	"\200\324\316\206\205\015\314z\005\305\371\311\231y\231"
 136      850DCC7A 
ARM GAS  C:\Users\prana\AppData\Local\Temp\cche1QLC.s 			page 10


 136      05C5F9C9 
 136      997999
 137 0022 254039B6 		.ascii	"%@9\266zF\230\334\256\006E$\031F\366z&\260\014\003C"
 137      7A4698DC 
 137      AE064524 
 137      1946F67A 
 137      26B00C03 
 138 0037 43830203 		.ascii	"C\203\002\003\0033\003\023\303\221\007\377\030\231\031"
 138      03330313 
 138      C39107FF 
 138      189919
 139 0046 19181EB5 		.ascii	"\031\030\036\265\275\221g\000\000Cl\0301"
 139      BD916700 
 139      00436C18 
 139      31
 140              		.text
 141              		.section	.gnu.lto_.refs.b369abe6,"",%progbits
 142 0000 789C6361 		.ascii	"x\234ca`\004B \000\000\0009\000\007"
 142      60044220 
 142      00000039 
 142      0007
 143              		.text
 144              		.section	.gnu.lto_.decls.b369abe6,"",%progbits
 145 0000 789C8D54 		.ascii	"x\234\215T]L\024W\024\276gfX`X\324\020cx\330\244\340"
 145      5D4C1457 
 145      14BE6766 
 145      586058D4 
 145      106378D8 
 146 0016 43D9BEAC 		.ascii	"C\331\276\254?\370j4Y\243m\322T\023R\373bbt;\352F\334"
 146      3FF86A34 
 146      59A36DD2 
 146      541352FB 
 146      6262743B 
 147 002d C56578D8 		.ascii	"\305ex\330\027\275e\215J!\2724\261\025\212\021\333\024"
 147      17BD658D 
 147      4A21BA34 
 147      B1158A11 
 147      DB14
 148 003f 5054B6F5 		.ascii	"PT\266\365\207\037\001\027\225\037\301\237\335U\022"
 148      871F0117 
 148      951FC19F 
 148      DD5512
 149 004e 9594458D 		.ascii	"\225\224E\215&F\223\256M\323b\003\331\236{\357\314\356"
 149      264693AE 
 149      4DD36203 
 149      D99E7BEF 
 149      CCEE
 150 0060 D242ECCD 		.ascii	"\322B\354\315\234{\347\236\373\235s\276s\316\235Q\010"
 150      9C7BE79E 
 150      FB9D73BE 
 150      73CE9D51 
 150      08
 151 0071 10363AB2 		.ascii	"\0206:\262\010\031\304\265\013%\211C\306u+\012;\275"
 151      0819C4B5 
 151      0B258943 
 151      C6752B0A 
 151      3BBD
ARM GAS  C:\Users\prana\AppData\Local\Temp\cche1QLC.s 			page 11


 152 0083 40C460BA 		.ascii	"@\304`\272\033(\303(c\344\277\203\235e\033v\021\224"
 152      1B28C328 
 152      63E4BF83 
 152      9D651B76 
 152      1194
 153 0095 FB282528 		.ascii	"\373(%(Q\303\307\250\201\223\014\354|>\230o\313<>b("
 153      51C3C7A8 
 153      81930CEC 
 153      7C3E986F 
 153      CB3C3E62 
 154 00aa 0319F6C3 		.ascii	"\003\031\366\303\206\217\177\217Y\011~\0359\333.\377"
 154      868F7F8F 
 154      59097E1D 
 154      39DB2EFF 
 155 00ba 2141890A 		.ascii	"!A\211\012,\223\305\250\352x\323\375._\250\030\"\376"
 155      2C93C5A8 
 155      EA78D3FD 
 155      2E5FA818 
 155      22FE
 156 00cc AE6DA3E3 		.ascii	"\256m\243\343<\305\021\244T\222\322\246\243\361\027"
 156      3CC511A4 
 156      5492D2A6 
 156      A3F117
 157 00db BFE7CA79 		.ascii	"\277\347\312y\034\024=\024jbn\012TPp\373\366n\343\363"
 157      1C143D14 
 157      6A626E0A 
 157      545070FB 
 157      F66EE3F3 
 158 00ef 45B85DAA 		.ascii	"E\270]\252B\321\254$\305\032\336\304-\240\332\217RZ"
 158      42D1AC24 
 158      C51ADEC4 
 158      2DA0DA8F 
 158      525A
 159 0101 4D83015A 		.ascii	"M\203\001Z\3601\201\363`\203v\260\021\270\010v\026\352"
 159      F03181F3 
 159      608376B0 
 159      11B80876 
 159      16EA
 160 0113 2C3808B4 		.ascii	",8\010\264\241\262\025\225-,\334\324xhm7\245K\340\002"
 160      A1B21595 
 160      2D2CDCD4 
 160      78686D37 
 160      A54BE002 
 161 0127 A8700E64 		.ascii	"\250p\016d\016\301\"\227\250lF%\006J\236\272\330\226"
 161      0EC12297 
 161      A86C4625 
 161      064A9EBA 
 161      D896
 162 0139 3B018F41 		.ascii	";\001\217A\002\2437\004@\314\300\205\010\341[|\221\370"
 162      02A33704 
 162      40CCC085 
 162      08E15B7C 
 162      91F8
 163 014b 4C52AAD4 		.ascii	"LR\252\324B\330L\004\236\353\322\316\370c\256Isp'i\357"
 163      42D84C04 
 163      9EEBD2CE 
 163      F863AE49 
ARM GAS  C:\Users\prana\AppData\Local\Temp\cche1QLC.s 			page 12


 163      73702769 
 164 0160 6018418A 		.ascii	"`\030A\212\201\260\022\347\222\001#\302\271\2246\310"
 164      81B012E7 
 164      920123C2 
 164      B99436C8 
 165 0170 F027E866 		.ascii	"\360'\350fp\202\2719\201Y\370\256\350\304G\362\032^"
 165      7082B939 
 165      8159F8AE 
 165      E8C447F2 
 165      1A5E
 166 0182 F7F6AB3F 		.ascii	"\367\366\253?\365\200\250{.k\335\333@K\216z\2247\213"
 166      F580A87B 
 166      2E6BDDDB 
 166      404B8E7A 
 166      94378B
 167 0195 9599E9CD 		.ascii	"\225\231\351\315B\023\370\005\260r\260\302\006?\343"
 167      4213F805 
 167      B072B0C2 
 167      063FE3
 168 01a4 16D1B389 		.ascii	"\026\321\263\211\310\254U\030\263Z>xy\346\220U4-\302"
 168      C8AC5518 
 168      B35A3E78 
 168      79E69055 
 168      342DC2
 169 01b7 8EC7A7FB 		.ascii	"\216\307\247\373\376\266\312\353X\034\345Ru\374\314"
 169      FEB6CAEB 
 169      581CE552 
 169      75FCCC
 170 01c6 22B0DB00 		.ascii	"\"\260\333\000\235\201\332b\336\006\002\335\330\233"
 170      9D81DA62 
 170      DE0602DD 
 170      D89B
 171 01d4 2B209B37 		.ascii	"+ \2337\252\221b\360\304A\246\306\367\034\276\362\256"
 171      AA9162F0 
 171      C441A6C6 
 171      F71CBEF2 
 171      AE
 172 01e5 277EA096 		.ascii	"'~\240\226B\002\2456X\211=\277\212=g\226\274\351]\350"
 172      4202A536 
 172      58893DBF 
 172      8A3D6796 
 172      BCE95DE8 
 173 01f9 B353303A 		.ascii	"\263S0:<TW\227_\0204\334\257\007\016\272\214\347\227"
 173      3C545797 
 173      5F1034DC 
 173      AF070EBA 
 173      8CE797
 174 020c 78023D50 		.ascii	"x\002=P`\246\301\3203\257:kr\2137\234\246'\213\370\021"
 174      60A6C1D0 
 174      33AF3A6B 
 174      728B379C 
 174      A6278BF8 
 175 0221 AA4247FA 		.ascii	"\252BG\372\342\222\202\227\024\256A1\007\275\370j\350"
 175      E2928297 
 175      14AE4131 
 175      07BDF86A 
 175      E8
ARM GAS  C:\Users\prana\AppData\Local\Temp\cche1QLC.s 			page 13


 176 0232 BB7C7933 		.ascii	"\273|y3\257Vk\360\371\260\202\247\320\207\267\251\027"
 176      AF566BF0 
 176      F9B082A7 
 176      D087B7A9 
 176      17
 177 0243 140E184C 		.ascii	"\024\016\030L\376\025^,\252 \3416\226\270s*OTa\011n"
 177      FE155E2C 
 177      AA20E136 
 177      96B8732A 
 177      4F546109 
 178 0258 5FF73724 		.ascii	"_\3677$\363\013\277e\214h\200\026I\260u\031\204\221"
 178      F30BBF65 
 178      8C688016 
 178      49B07519 
 178      8491
 179 026a D0754E68 		.ascii	"\320uNh\000\012q\336\251\010>\215\247\037\215\345,o"
 179      000A71DE 
 179      A9083E8D 
 179      A71F8DE5 
 179      2C6F
 180 027c A6E1109D 		.ascii	"\246\341\020\235\212\017\225\307~<L#h\266\236\343 d"
 180      8A0F95C7 
 180      7E3C4C23 
 180      68B69EE3 
 180      2064
 181 028e DE60E807 		.ascii	"\336`\350\007\205\355XK;`\002\233|\003\226\243\371\223"
 181      85ED584B 
 181      3B60029B 
 181      7C0396A3 
 181      F993
 182 02a0 23C71E82 		.ascii	"#\307\036\202|\000\336\233\332-#\2659\351\014\032\351"
 182      7C00DE9B 
 182      DA2D23B5 
 182      39E90C1A 
 182      E9
 183 02b1 7C5FDFFB 		.ascii	"|_\337\373\233\005I4\207h\370\312q\271\201\206\253\221"
 183      9B054934 
 183      8768F8CA 
 183      71B98186 
 183      AB91
 184 02c3 83C429DC 		.ascii	"\203\304)\334LQ\030B\01273)\014s\012\3753\257\216\203"
 184      4C511842 
 184      0A373329 
 184      0C730AFD 
 184      33AF8E83 
 185 02d7 5C0B9C43 		.ascii	"\\\013\234Cr\352rP\004d\037 &\311\356DS\342A\336\202"
 185      72EA7250 
 185      04641F20 
 185      26C9EE44 
 185      53E241DE 
 186 02ec E518E5E5 		.ascii	"\345\030\345\345\270\015F=\306g\216Mf#\225)\374\226"
 186      B80D463D 
 186      C6678E4D 
 186      66239529 
 186      FC96
 187 02fe 83B59EFA 		.ascii	"\203\265\236\372@\263\235A`$\375-\217\030W\007\306x"
 187      40B39D41 
ARM GAS  C:\Users\prana\AppData\Local\Temp\cche1QLC.s 			page 14


 187      6024FD2D 
 187      8F185707 
 187      C678
 188 0310 FC9AA727 		.ascii	"\374\232\247'\236d\261\373\033\370_\277\011\264\350"
 188      9E64B1FB 
 188      1BF85FBF 
 188      09B4E8
 189 031f 99A44D59 		.ascii	"\231\244MYr\2303\226\306k;O\312`W\215\337\307\364\346"
 189      72983396 
 189      C66B3B4F 
 189      CA60578D 
 189      DFC7F4E6 
 190 0333 FA1A96FA 		.ascii	"\372\032\226\372}\244\1777\035\363\016\277?\363\006"
 190      7DA47F37 
 190      1DF30EBF 
 190      3FF306
 191 0342 B9377F90 		.ascii	"\2717\177\220?\247o\327Y\255_\247\376^\334c\372\273"
 191      3FA76FD7 
 191      59AD5FA7 
 191      FE5EDC63 
 191      FABB
 192 0354 8A8095E7 		.ascii	"\212\200\225\347\200+\202\237M\236\353\235\003f)\247"
 192      802B829F 
 192      4D9EEB9D 
 192      036629A7 
 193 0364 C151031C 		.ascii	"\301Q\003\034\345\340oN\004Z\2633\301\003s\3001\260"
 193      E5E06F4E 
 193      045AB333 
 193      C10373C0 
 193      31B0
 194 0376 9AACF195 		.ascii	"\232\254\361\225\344l\372\354\363\"\347\252U\304R\345"
 194      E46CFAEC 
 194      F322E7AA 
 194      55C452E5 
 195 0386 F6E8A5AB 		.ascii	"\366\350\245\253\2137i\036\315\267C\327\276\334^\346"
 195      8B37691E 
 195      CDB743D7 
 195      BEDC5EE6 
 196 0396 ADF2B9B4 		.ascii	"\255\362\271\264m[\312\274\3165\333\\~\335_\241U:\366"
 196      6D5BCABC 
 196      CE35DB5C 
 196      7EDD5FA1 
 196      553AF6
 197 03a9 10D559EE 		.ascii	"\020\325Y\356u\355-\323\364\252\012\305\265g\207OuT"
 197      75ED2DD3 
 197      F4AA0AC5 
 197      B567874F 
 197      7554
 198 03bb 547A5D6E 		.ascii	"Tz]n\217['\331\225\232Kw{=\037.\350d\227[\3275\337v"
 198      8F5B27D9 
 198      959A4B77 
 198      7B3D1F2E 
 198      E864975B 
 199 03d3 D7AEDD0E 		.ascii	"\327\256\335\016\027\261f\356\227:\375e\376Jg\371\336"
 199      17B166EE 
 199      973AFD65 
 199      FE4A67F9 
ARM GAS  C:\Users\prana\AppData\Local\Temp\cche1QLC.s 			page 15


 199      DE
 200 03e4 2F7C6E5D 		.ascii	"/|n]\373d\237w\243O\333\377\301\002\216\234\376O\335"
 200      FB649F77 
 200      A34FDBFF 
 200      C1028E9C 
 200      FE4FDD
 201 03f7 3B914B96 		.ascii	";\221K\226O\333]\272\372\037\254\012\336\262"
 201      4FDB5DBA 
 201      FA1FAC0A 
 201      DEB2
 202              		.text
 203              		.section	.gnu.lto_.symtab.b369abe6,"",%progbits
 204 0000 63796669 		.ascii	"cyfitter_cfg\000"
 204      74746572 
 204      5F636667 
 204      00
 205 000d 00       		.ascii	"\000"
 206 000e 00       		.ascii	"\000"
 207 000f 00       		.ascii	"\000"
 208 0010 00000000 		.ascii	"\000\000\000\000\000\000\000\000"
 208      00000000 
 209 0018 C7000000 		.ascii	"\307\000\000\000"
 210 001c 43795379 		.ascii	"CySysClkWriteImoFreq\000"
 210      73436C6B 
 210      57726974 
 210      65496D6F 
 210      46726571 
 211 0031 00       		.ascii	"\000"
 212 0032 02       		.ascii	"\002"
 213 0033 00       		.ascii	"\000"
 214 0034 00000000 		.ascii	"\000\000\000\000\000\000\000\000"
 214      00000000 
 215 003c CB000000 		.ascii	"\313\000\000\000"
 216              		.text
 217              		.section	.gnu.lto_.opts,"",%progbits
 218 0000 272D666D 		.ascii	"'-fmath-errno' '-fsigned-zeros' '-ftrapping-math' '"
 218      6174682D 
 218      6572726E 
 218      6F272027 
 218      2D667369 
 219 0033 2D666E6F 		.ascii	"-fno-trapv' '-fno-openmp' '-fno-openacc' '-mcpu=cor"
 219      2D747261 
 219      70762720 
 219      272D666E 
 219      6F2D6F70 
 220 0066 7465782D 		.ascii	"tex-m0' '-mthumb' '-g' '-Os' '-Werror' '-ffunction-"
 220      6D302720 
 220      272D6D74 
 220      68756D62 
 220      2720272D 
 221 0099 73656374 		.ascii	"sections' '-ffat-lto-objects' '-finline-functions' "
 221      696F6E73 
 221      2720272D 
 221      66666174 
 221      2D6C746F 
 222 00cc 272D666C 		.ascii	"'-flto' '-fno-strict-aliasing'\000"
 222      746F2720 
ARM GAS  C:\Users\prana\AppData\Local\Temp\cche1QLC.s 			page 16


 222      272D666E 
 222      6F2D7374 
 222      72696374 
 223              		.text
 224              		.cfi_sections	.debug_frame
 225              		.section	.psocinit,"ax",%progbits
 226              		.align	1
 227              		.global	cyfitter_cfg
 228              		.code	16
 229              		.thumb_func
 230              		.type	cyfitter_cfg, %function
 231              	cyfitter_cfg:
 232              	.LFB4:
 233              		.file 1 "Generated_Source\\PSoC4\\cyfitter_cfg.c"
   1:Generated_Source\PSoC4/cyfitter_cfg.c **** 
   2:Generated_Source\PSoC4/cyfitter_cfg.c **** /*******************************************************************************
   3:Generated_Source\PSoC4/cyfitter_cfg.c **** * File Name: cyfitter_cfg.c
   4:Generated_Source\PSoC4/cyfitter_cfg.c **** * 
   5:Generated_Source\PSoC4/cyfitter_cfg.c **** * PSoC Creator  4.4
   6:Generated_Source\PSoC4/cyfitter_cfg.c **** *
   7:Generated_Source\PSoC4/cyfitter_cfg.c **** * Description:
   8:Generated_Source\PSoC4/cyfitter_cfg.c **** * This file contains device initialization code.
   9:Generated_Source\PSoC4/cyfitter_cfg.c **** * Except for the user defined sections in CyClockStartupError(), this file should not be modified.
  10:Generated_Source\PSoC4/cyfitter_cfg.c **** * This file is automatically generated by PSoC Creator.
  11:Generated_Source\PSoC4/cyfitter_cfg.c **** *
  12:Generated_Source\PSoC4/cyfitter_cfg.c **** ********************************************************************************
  13:Generated_Source\PSoC4/cyfitter_cfg.c **** * Copyright (c) 2007-2020 Cypress Semiconductor.  All rights reserved.
  14:Generated_Source\PSoC4/cyfitter_cfg.c **** * You may use this file only in accordance with the license, terms, conditions, 
  15:Generated_Source\PSoC4/cyfitter_cfg.c **** * disclaimers, and limitations in the end user license agreement accompanying 
  16:Generated_Source\PSoC4/cyfitter_cfg.c **** * the software package with which this file was provided.
  17:Generated_Source\PSoC4/cyfitter_cfg.c **** ********************************************************************************/
  18:Generated_Source\PSoC4/cyfitter_cfg.c **** 
  19:Generated_Source\PSoC4/cyfitter_cfg.c **** #include <string.h>
  20:Generated_Source\PSoC4/cyfitter_cfg.c **** #include "cytypes.h"
  21:Generated_Source\PSoC4/cyfitter_cfg.c **** #include "cydevice_trm.h"
  22:Generated_Source\PSoC4/cyfitter_cfg.c **** #include "cyfitter.h"
  23:Generated_Source\PSoC4/cyfitter_cfg.c **** #include "CyLib.h"
  24:Generated_Source\PSoC4/cyfitter_cfg.c **** #include "cyfitter_cfg.h"
  25:Generated_Source\PSoC4/cyfitter_cfg.c **** #include "cyapicallbacks.h"
  26:Generated_Source\PSoC4/cyfitter_cfg.c **** 
  27:Generated_Source\PSoC4/cyfitter_cfg.c **** 
  28:Generated_Source\PSoC4/cyfitter_cfg.c **** #if defined(__GNUC__) || defined(__ARMCC_VERSION)
  29:Generated_Source\PSoC4/cyfitter_cfg.c ****     #define CYPACKED 
  30:Generated_Source\PSoC4/cyfitter_cfg.c ****     #define CYPACKED_ATTR __attribute__ ((packed))
  31:Generated_Source\PSoC4/cyfitter_cfg.c ****     #define CYALIGNED __attribute__ ((aligned))
  32:Generated_Source\PSoC4/cyfitter_cfg.c ****     #define CY_CFG_UNUSED __attribute__ ((unused))
  33:Generated_Source\PSoC4/cyfitter_cfg.c ****     #ifndef CY_CFG_SECTION
  34:Generated_Source\PSoC4/cyfitter_cfg.c ****         #define CY_CFG_SECTION __attribute__ ((section(".psocinit")))
  35:Generated_Source\PSoC4/cyfitter_cfg.c ****     #endif
  36:Generated_Source\PSoC4/cyfitter_cfg.c ****     
  37:Generated_Source\PSoC4/cyfitter_cfg.c ****     #if defined(__ARMCC_VERSION)
  38:Generated_Source\PSoC4/cyfitter_cfg.c ****         #define CY_CFG_MEMORY_BARRIER() __memory_changed()
  39:Generated_Source\PSoC4/cyfitter_cfg.c ****     #else
  40:Generated_Source\PSoC4/cyfitter_cfg.c ****         #define CY_CFG_MEMORY_BARRIER() __sync_synchronize()
  41:Generated_Source\PSoC4/cyfitter_cfg.c ****     #endif
  42:Generated_Source\PSoC4/cyfitter_cfg.c ****     
  43:Generated_Source\PSoC4/cyfitter_cfg.c **** #elif defined(__ICCARM__)
ARM GAS  C:\Users\prana\AppData\Local\Temp\cche1QLC.s 			page 17


  44:Generated_Source\PSoC4/cyfitter_cfg.c ****     #include <intrinsics.h>
  45:Generated_Source\PSoC4/cyfitter_cfg.c **** 
  46:Generated_Source\PSoC4/cyfitter_cfg.c ****     #define CYPACKED __packed
  47:Generated_Source\PSoC4/cyfitter_cfg.c ****     #define CYPACKED_ATTR 
  48:Generated_Source\PSoC4/cyfitter_cfg.c ****     #define CYALIGNED _Pragma("data_alignment=4")
  49:Generated_Source\PSoC4/cyfitter_cfg.c ****     #define CY_CFG_UNUSED _Pragma("diag_suppress=Pe177")
  50:Generated_Source\PSoC4/cyfitter_cfg.c ****     #define CY_CFG_SECTION _Pragma("location=\".psocinit\"")
  51:Generated_Source\PSoC4/cyfitter_cfg.c ****     
  52:Generated_Source\PSoC4/cyfitter_cfg.c ****     #define CY_CFG_MEMORY_BARRIER() __DMB()
  53:Generated_Source\PSoC4/cyfitter_cfg.c ****     
  54:Generated_Source\PSoC4/cyfitter_cfg.c **** #else
  55:Generated_Source\PSoC4/cyfitter_cfg.c ****     #error Unsupported toolchain
  56:Generated_Source\PSoC4/cyfitter_cfg.c **** #endif
  57:Generated_Source\PSoC4/cyfitter_cfg.c **** 
  58:Generated_Source\PSoC4/cyfitter_cfg.c **** #ifndef CYCODE
  59:Generated_Source\PSoC4/cyfitter_cfg.c ****     #define CYCODE
  60:Generated_Source\PSoC4/cyfitter_cfg.c **** #endif
  61:Generated_Source\PSoC4/cyfitter_cfg.c **** #ifndef CYDATA
  62:Generated_Source\PSoC4/cyfitter_cfg.c ****     #define CYDATA
  63:Generated_Source\PSoC4/cyfitter_cfg.c **** #endif
  64:Generated_Source\PSoC4/cyfitter_cfg.c **** #ifndef CYFAR
  65:Generated_Source\PSoC4/cyfitter_cfg.c ****     #define CYFAR
  66:Generated_Source\PSoC4/cyfitter_cfg.c **** #endif
  67:Generated_Source\PSoC4/cyfitter_cfg.c **** #ifndef CYXDATA
  68:Generated_Source\PSoC4/cyfitter_cfg.c ****     #define CYXDATA
  69:Generated_Source\PSoC4/cyfitter_cfg.c **** #endif
  70:Generated_Source\PSoC4/cyfitter_cfg.c **** 
  71:Generated_Source\PSoC4/cyfitter_cfg.c **** 
  72:Generated_Source\PSoC4/cyfitter_cfg.c **** CY_CFG_UNUSED
  73:Generated_Source\PSoC4/cyfitter_cfg.c **** static void CYMEMZERO(void *s, size_t n);
  74:Generated_Source\PSoC4/cyfitter_cfg.c **** CY_CFG_UNUSED
  75:Generated_Source\PSoC4/cyfitter_cfg.c **** static void CYMEMZERO(void *s, size_t n)
  76:Generated_Source\PSoC4/cyfitter_cfg.c **** {
  77:Generated_Source\PSoC4/cyfitter_cfg.c **** 	(void)memset(s, 0, n);
  78:Generated_Source\PSoC4/cyfitter_cfg.c **** }
  79:Generated_Source\PSoC4/cyfitter_cfg.c **** CY_CFG_UNUSED
  80:Generated_Source\PSoC4/cyfitter_cfg.c **** static void CYCONFIGCPY(void *dest, const void *src, size_t n);
  81:Generated_Source\PSoC4/cyfitter_cfg.c **** CY_CFG_UNUSED
  82:Generated_Source\PSoC4/cyfitter_cfg.c **** static void CYCONFIGCPY(void *dest, const void *src, size_t n)
  83:Generated_Source\PSoC4/cyfitter_cfg.c **** {
  84:Generated_Source\PSoC4/cyfitter_cfg.c **** 	(void)memcpy(dest, src, n);
  85:Generated_Source\PSoC4/cyfitter_cfg.c **** }
  86:Generated_Source\PSoC4/cyfitter_cfg.c **** CY_CFG_UNUSED
  87:Generated_Source\PSoC4/cyfitter_cfg.c **** static void CYCONFIGCPYCODE(void *dest, const void *src, size_t n);
  88:Generated_Source\PSoC4/cyfitter_cfg.c **** CY_CFG_UNUSED
  89:Generated_Source\PSoC4/cyfitter_cfg.c **** static void CYCONFIGCPYCODE(void *dest, const void *src, size_t n)
  90:Generated_Source\PSoC4/cyfitter_cfg.c **** {
  91:Generated_Source\PSoC4/cyfitter_cfg.c **** 	(void)memcpy(dest, src, n);
  92:Generated_Source\PSoC4/cyfitter_cfg.c **** }
  93:Generated_Source\PSoC4/cyfitter_cfg.c **** 
  94:Generated_Source\PSoC4/cyfitter_cfg.c **** 
  95:Generated_Source\PSoC4/cyfitter_cfg.c **** 
  96:Generated_Source\PSoC4/cyfitter_cfg.c **** 
  97:Generated_Source\PSoC4/cyfitter_cfg.c **** /* Clock startup error codes                                                   */
  98:Generated_Source\PSoC4/cyfitter_cfg.c **** #define CYCLOCKSTART_NO_ERROR    0u
  99:Generated_Source\PSoC4/cyfitter_cfg.c **** #define CYCLOCKSTART_XTAL_ERROR  1u
 100:Generated_Source\PSoC4/cyfitter_cfg.c **** #define CYCLOCKSTART_32KHZ_ERROR 2u
ARM GAS  C:\Users\prana\AppData\Local\Temp\cche1QLC.s 			page 18


 101:Generated_Source\PSoC4/cyfitter_cfg.c **** #define CYCLOCKSTART_PLL_ERROR   3u
 102:Generated_Source\PSoC4/cyfitter_cfg.c **** #define CYCLOCKSTART_FLL_ERROR   4u
 103:Generated_Source\PSoC4/cyfitter_cfg.c **** #define CYCLOCKSTART_WCO_ERROR   5u
 104:Generated_Source\PSoC4/cyfitter_cfg.c **** 
 105:Generated_Source\PSoC4/cyfitter_cfg.c **** 
 106:Generated_Source\PSoC4/cyfitter_cfg.c **** #ifdef CY_NEED_CYCLOCKSTARTUPERROR
 107:Generated_Source\PSoC4/cyfitter_cfg.c **** /*******************************************************************************
 108:Generated_Source\PSoC4/cyfitter_cfg.c **** * Function Name: CyClockStartupError
 109:Generated_Source\PSoC4/cyfitter_cfg.c **** ********************************************************************************
 110:Generated_Source\PSoC4/cyfitter_cfg.c **** * Summary:
 111:Generated_Source\PSoC4/cyfitter_cfg.c **** *  If an error is encountered during clock configuration (crystal startup error,
 112:Generated_Source\PSoC4/cyfitter_cfg.c **** *  PLL lock error, etc.), the system will end up here.  Unless reimplemented by
 113:Generated_Source\PSoC4/cyfitter_cfg.c **** *  the customer, this function will stop in an infinite loop.
 114:Generated_Source\PSoC4/cyfitter_cfg.c **** *
 115:Generated_Source\PSoC4/cyfitter_cfg.c **** * Parameters:
 116:Generated_Source\PSoC4/cyfitter_cfg.c **** *   void
 117:Generated_Source\PSoC4/cyfitter_cfg.c **** *
 118:Generated_Source\PSoC4/cyfitter_cfg.c **** * Return:
 119:Generated_Source\PSoC4/cyfitter_cfg.c **** *   void
 120:Generated_Source\PSoC4/cyfitter_cfg.c **** *
 121:Generated_Source\PSoC4/cyfitter_cfg.c **** *******************************************************************************/
 122:Generated_Source\PSoC4/cyfitter_cfg.c **** CY_CFG_UNUSED
 123:Generated_Source\PSoC4/cyfitter_cfg.c **** static void CyClockStartupError(uint8 errorCode);
 124:Generated_Source\PSoC4/cyfitter_cfg.c **** CY_CFG_UNUSED
 125:Generated_Source\PSoC4/cyfitter_cfg.c **** static void CyClockStartupError(uint8 errorCode)
 126:Generated_Source\PSoC4/cyfitter_cfg.c **** {
 127:Generated_Source\PSoC4/cyfitter_cfg.c ****     /* To remove the compiler warning if errorCode not used.                */
 128:Generated_Source\PSoC4/cyfitter_cfg.c ****     errorCode = errorCode;
 129:Generated_Source\PSoC4/cyfitter_cfg.c **** 
 130:Generated_Source\PSoC4/cyfitter_cfg.c ****     /* If we have a clock startup error (bad MHz crystal, PLL lock, etc.),  */
 131:Generated_Source\PSoC4/cyfitter_cfg.c ****     /* we will end up here to allow the customer to implement something to  */
 132:Generated_Source\PSoC4/cyfitter_cfg.c ****     /* deal with the clock condition.                                       */
 133:Generated_Source\PSoC4/cyfitter_cfg.c **** 
 134:Generated_Source\PSoC4/cyfitter_cfg.c **** #ifdef CY_CFG_CLOCK_STARTUP_ERROR_CALLBACK
 135:Generated_Source\PSoC4/cyfitter_cfg.c ****     CY_CFG_Clock_Startup_ErrorCallback();
 136:Generated_Source\PSoC4/cyfitter_cfg.c **** #else
 137:Generated_Source\PSoC4/cyfitter_cfg.c ****     /*  If not using CY_CFG_CLOCK_STARTUP_ERROR_CALLBACK, place your clock startup code here. */
 138:Generated_Source\PSoC4/cyfitter_cfg.c ****     /* `#START CyClockStartupError` */
 139:Generated_Source\PSoC4/cyfitter_cfg.c **** 
 140:Generated_Source\PSoC4/cyfitter_cfg.c **** 
 141:Generated_Source\PSoC4/cyfitter_cfg.c **** 
 142:Generated_Source\PSoC4/cyfitter_cfg.c ****     /* `#END` */
 143:Generated_Source\PSoC4/cyfitter_cfg.c **** 
 144:Generated_Source\PSoC4/cyfitter_cfg.c ****     while(1) {}
 145:Generated_Source\PSoC4/cyfitter_cfg.c **** #endif /* CY_CFG_CLOCK_STARTUP_ERROR_CALLBACK */
 146:Generated_Source\PSoC4/cyfitter_cfg.c **** }
 147:Generated_Source\PSoC4/cyfitter_cfg.c **** #endif
 148:Generated_Source\PSoC4/cyfitter_cfg.c **** 
 149:Generated_Source\PSoC4/cyfitter_cfg.c **** 
 150:Generated_Source\PSoC4/cyfitter_cfg.c **** 
 151:Generated_Source\PSoC4/cyfitter_cfg.c **** /*******************************************************************************
 152:Generated_Source\PSoC4/cyfitter_cfg.c **** * Function Name: ClockSetup
 153:Generated_Source\PSoC4/cyfitter_cfg.c **** ********************************************************************************
 154:Generated_Source\PSoC4/cyfitter_cfg.c **** *
 155:Generated_Source\PSoC4/cyfitter_cfg.c **** * Summary:
 156:Generated_Source\PSoC4/cyfitter_cfg.c **** *   Performs the initialization of all of the clocks in the device based on the
 157:Generated_Source\PSoC4/cyfitter_cfg.c **** *   settings in the Clock tab of the DWR.  This includes enabling the requested
ARM GAS  C:\Users\prana\AppData\Local\Temp\cche1QLC.s 			page 19


 158:Generated_Source\PSoC4/cyfitter_cfg.c **** *   clocks and setting the necessary dividers to produce the desired frequency. 
 159:Generated_Source\PSoC4/cyfitter_cfg.c **** *
 160:Generated_Source\PSoC4/cyfitter_cfg.c **** * Parameters:
 161:Generated_Source\PSoC4/cyfitter_cfg.c **** *   void
 162:Generated_Source\PSoC4/cyfitter_cfg.c **** *
 163:Generated_Source\PSoC4/cyfitter_cfg.c **** * Return:
 164:Generated_Source\PSoC4/cyfitter_cfg.c **** *   void
 165:Generated_Source\PSoC4/cyfitter_cfg.c **** *
 166:Generated_Source\PSoC4/cyfitter_cfg.c **** *******************************************************************************/
 167:Generated_Source\PSoC4/cyfitter_cfg.c **** static void ClockSetup(void);
 168:Generated_Source\PSoC4/cyfitter_cfg.c **** CY_CFG_SECTION
 169:Generated_Source\PSoC4/cyfitter_cfg.c **** static void ClockSetup(void)
 170:Generated_Source\PSoC4/cyfitter_cfg.c **** {
 171:Generated_Source\PSoC4/cyfitter_cfg.c **** 
 172:Generated_Source\PSoC4/cyfitter_cfg.c **** 	/* Set Flash Cycles based on max possible frequency in case a glitch occurs during ClockSetup(). *
 173:Generated_Source\PSoC4/cyfitter_cfg.c **** 	CY_SET_REG32((void CYXDATA *)(CYREG_CPUSS_FLASH_CTL), (0x0012u));
 174:Generated_Source\PSoC4/cyfitter_cfg.c **** 	/* Update IMO to new clock speed. */
 175:Generated_Source\PSoC4/cyfitter_cfg.c **** 	CySysClkWriteImoFreq(48u);
 176:Generated_Source\PSoC4/cyfitter_cfg.c **** 
 177:Generated_Source\PSoC4/cyfitter_cfg.c **** 	/* Setup phase aligned clocks */
 178:Generated_Source\PSoC4/cyfitter_cfg.c **** 	CY_SET_REG32((void *)CYREG_PERI_DIV_16_5_CTL1, 0x0001DF00u);
 179:Generated_Source\PSoC4/cyfitter_cfg.c **** 	CY_SET_REG32((void *)CYREG_PERI_DIV_CMD, 0x8000FF81u);
 180:Generated_Source\PSoC4/cyfitter_cfg.c **** 	CY_SET_REG32((void *)CYREG_PERI_DIV_16_5_CTL0, 0x00005F00u);
 181:Generated_Source\PSoC4/cyfitter_cfg.c **** 	CY_SET_REG32((void *)CYREG_PERI_DIV_CMD, 0x8000FF80u);
 182:Generated_Source\PSoC4/cyfitter_cfg.c **** 	CY_SET_REG32((void *)CYREG_PERI_DIV_16_CTL3, 0x00004F00u);
 183:Generated_Source\PSoC4/cyfitter_cfg.c **** 	CY_SET_REG32((void *)CYREG_PERI_DIV_CMD, 0x8000FF43u);
 184:Generated_Source\PSoC4/cyfitter_cfg.c **** 	CY_SET_REG32((void *)CYREG_PERI_DIV_16_CTL2, 0x00004F00u);
 185:Generated_Source\PSoC4/cyfitter_cfg.c **** 	CY_SET_REG32((void *)CYREG_PERI_DIV_CMD, 0x8000FF42u);
 186:Generated_Source\PSoC4/cyfitter_cfg.c **** 	CY_SET_REG32((void *)CYREG_PERI_DIV_16_CTL1, 0x00002F00u);
 187:Generated_Source\PSoC4/cyfitter_cfg.c **** 	CY_SET_REG32((void *)CYREG_PERI_DIV_CMD, 0x8000FF41u);
 188:Generated_Source\PSoC4/cyfitter_cfg.c **** 	CY_SET_REG32((void *)CYREG_PERI_DIV_16_CTL0, 0x00002F00u);
 189:Generated_Source\PSoC4/cyfitter_cfg.c **** 	CY_SET_REG32((void *)CYREG_PERI_DIV_CMD, 0x8000FF40u);
 190:Generated_Source\PSoC4/cyfitter_cfg.c **** 	CY_SET_REG32((void *)CYREG_PERI_DIV_8_CTL2, 0x00000300u);
 191:Generated_Source\PSoC4/cyfitter_cfg.c **** 	CY_SET_REG32((void *)CYREG_PERI_DIV_CMD, 0x8000FF02u);
 192:Generated_Source\PSoC4/cyfitter_cfg.c **** 	CY_SET_REG32((void *)CYREG_PERI_DIV_8_CTL0, 0x00000100u);
 193:Generated_Source\PSoC4/cyfitter_cfg.c **** 	CY_SET_REG32((void *)CYREG_PERI_DIV_CMD, 0x8000FF00u);
 194:Generated_Source\PSoC4/cyfitter_cfg.c **** 	CY_SET_REG32((void *)CYREG_PERI_DIV_8_CTL1, 0x00000100u);
 195:Generated_Source\PSoC4/cyfitter_cfg.c **** 	CY_SET_REG32((void *)CYREG_PERI_DIV_CMD, 0x8000FF01u);
 196:Generated_Source\PSoC4/cyfitter_cfg.c **** 	CY_SET_REG32((void *)CYREG_PERI_DIV_8_CTL3, 0x00001D00u);
 197:Generated_Source\PSoC4/cyfitter_cfg.c **** 	CY_SET_REG32((void *)CYREG_PERI_DIV_CMD, 0x8000FF03u);
 198:Generated_Source\PSoC4/cyfitter_cfg.c **** 
 199:Generated_Source\PSoC4/cyfitter_cfg.c **** 	/* CYDEV_CLK_SELECT Starting address: CYDEV_CLK_SELECT */
 200:Generated_Source\PSoC4/cyfitter_cfg.c **** 	CY_SET_REG32((void *)(CYREG_CLK_SELECT), 0x00000040u);
 201:Generated_Source\PSoC4/cyfitter_cfg.c **** 
 202:Generated_Source\PSoC4/cyfitter_cfg.c **** 	/* CYDEV_PERI_PCLK_CTL4 Starting address: CYDEV_PERI_PCLK_CTL4 */
 203:Generated_Source\PSoC4/cyfitter_cfg.c **** 	CY_SET_REG32((void *)(CYREG_PERI_PCLK_CTL4), 0x00000000u);
 204:Generated_Source\PSoC4/cyfitter_cfg.c **** 
 205:Generated_Source\PSoC4/cyfitter_cfg.c **** 	/* CYDEV_PERI_PCLK_CTL2 Starting address: CYDEV_PERI_PCLK_CTL2 */
 206:Generated_Source\PSoC4/cyfitter_cfg.c **** 	CY_SET_REG32((void *)(CYREG_PERI_PCLK_CTL2), 0x00000001u);
 207:Generated_Source\PSoC4/cyfitter_cfg.c **** 
 208:Generated_Source\PSoC4/cyfitter_cfg.c **** 	/* CYDEV_PERI_PCLK_CTL1 Starting address: CYDEV_PERI_PCLK_CTL1 */
 209:Generated_Source\PSoC4/cyfitter_cfg.c **** 	CY_SET_REG32((void *)(CYREG_PERI_PCLK_CTL1), 0x00000003u);
 210:Generated_Source\PSoC4/cyfitter_cfg.c **** 
 211:Generated_Source\PSoC4/cyfitter_cfg.c **** }
 212:Generated_Source\PSoC4/cyfitter_cfg.c **** 
 213:Generated_Source\PSoC4/cyfitter_cfg.c **** 
 214:Generated_Source\PSoC4/cyfitter_cfg.c **** /* Analog API Functions */
ARM GAS  C:\Users\prana\AppData\Local\Temp\cche1QLC.s 			page 20


 215:Generated_Source\PSoC4/cyfitter_cfg.c **** 
 216:Generated_Source\PSoC4/cyfitter_cfg.c **** 
 217:Generated_Source\PSoC4/cyfitter_cfg.c **** /*******************************************************************************
 218:Generated_Source\PSoC4/cyfitter_cfg.c **** * Function Name: cyfitter_cfg
 219:Generated_Source\PSoC4/cyfitter_cfg.c **** ********************************************************************************
 220:Generated_Source\PSoC4/cyfitter_cfg.c **** * Summary:
 221:Generated_Source\PSoC4/cyfitter_cfg.c **** *  This function is called by the start-up code for the selected device. It
 222:Generated_Source\PSoC4/cyfitter_cfg.c **** *  performs all of the necessary device configuration based on the design
 223:Generated_Source\PSoC4/cyfitter_cfg.c **** *  settings.  This includes settings from the Design Wide Resources (DWR) such
 224:Generated_Source\PSoC4/cyfitter_cfg.c **** *  as Clocks and Pins as well as any component configuration that is necessary.
 225:Generated_Source\PSoC4/cyfitter_cfg.c **** *
 226:Generated_Source\PSoC4/cyfitter_cfg.c **** * Parameters:
 227:Generated_Source\PSoC4/cyfitter_cfg.c **** *   void
 228:Generated_Source\PSoC4/cyfitter_cfg.c **** *
 229:Generated_Source\PSoC4/cyfitter_cfg.c **** * Return:
 230:Generated_Source\PSoC4/cyfitter_cfg.c **** *   void
 231:Generated_Source\PSoC4/cyfitter_cfg.c **** *
 232:Generated_Source\PSoC4/cyfitter_cfg.c **** *******************************************************************************/
 233:Generated_Source\PSoC4/cyfitter_cfg.c **** CY_CFG_SECTION
 234:Generated_Source\PSoC4/cyfitter_cfg.c **** void cyfitter_cfg(void)
 235:Generated_Source\PSoC4/cyfitter_cfg.c **** {
 234              		.loc 1 235 0
 235              		.cfi_startproc
 236              		@ args = 0, pretend = 0, frame = 0
 237              		@ frame_needed = 0, uses_anonymous_args = 0
 238 0000 10B5     		push	{r4, lr}
 239              		.cfi_def_cfa_offset 8
 240              		.cfi_offset 4, -8
 241              		.cfi_offset 14, -4
 236:Generated_Source\PSoC4/cyfitter_cfg.c **** 	/* Disable interrupts by default. Let user enable if/when they want. */
 237:Generated_Source\PSoC4/cyfitter_cfg.c **** 	CyGlobalIntDisable;
 242              		.loc 1 237 0
 243              		.syntax divided
 244              	@ 237 "Generated_Source\PSoC4\cyfitter_cfg.c" 1
 245 0002 72B6     		CPSID   i
 246              	@ 0 "" 2
 238:Generated_Source\PSoC4/cyfitter_cfg.c **** 
 239:Generated_Source\PSoC4/cyfitter_cfg.c **** 	{
 240:Generated_Source\PSoC4/cyfitter_cfg.c **** 		/* HSIOM Starting address: CYDEV_HSIOM_BASE */
 241:Generated_Source\PSoC4/cyfitter_cfg.c **** 		CY_SET_REG32((void *)(CYREG_HSIOM_PORT_SEL1), 0x00000009u);
 247              		.loc 1 241 0
 248              		.thumb
 249              		.syntax unified
 250 0004 0922     		movs	r2, #9
 251 0006 314B     		ldr	r3, .L2
 242:Generated_Source\PSoC4/cyfitter_cfg.c **** 		CY_SET_REG32((void *)(CYREG_HSIOM_PORT_SEL2), 0x0000FF00u);
 243:Generated_Source\PSoC4/cyfitter_cfg.c **** 
 244:Generated_Source\PSoC4/cyfitter_cfg.c **** 		/* FORCED_HSIOM Starting address: CYDEV_HSIOM_PORT_SEL0 */
 245:Generated_Source\PSoC4/cyfitter_cfg.c **** 		CY_SET_REG32((void *)(CYREG_HSIOM_PORT_SEL0), 0x00000000u);
 252              		.loc 1 245 0
 253 0008 0024     		movs	r4, #0
 241:Generated_Source\PSoC4/cyfitter_cfg.c **** 		CY_SET_REG32((void *)(CYREG_HSIOM_PORT_SEL2), 0x0000FF00u);
 254              		.loc 1 241 0
 255 000a 1A60     		str	r2, [r3]
 242:Generated_Source\PSoC4/cyfitter_cfg.c **** 		CY_SET_REG32((void *)(CYREG_HSIOM_PORT_SEL2), 0x0000FF00u);
 256              		.loc 1 242 0
 257 000c FF22     		movs	r2, #255
ARM GAS  C:\Users\prana\AppData\Local\Temp\cche1QLC.s 			page 21


 258 000e 304B     		ldr	r3, .L2+4
 259 0010 1202     		lsls	r2, r2, #8
 260 0012 1A60     		str	r2, [r3]
 246:Generated_Source\PSoC4/cyfitter_cfg.c **** 
 247:Generated_Source\PSoC4/cyfitter_cfg.c **** 		/* IOPINS0_0 Starting address: CYDEV_GPIO_PRT0_PC */
 248:Generated_Source\PSoC4/cyfitter_cfg.c **** 		CY_SET_REG32((void *)(CYREG_GPIO_PRT0_PC), 0x00000000u);
 249:Generated_Source\PSoC4/cyfitter_cfg.c **** 
 250:Generated_Source\PSoC4/cyfitter_cfg.c **** 	}
 251:Generated_Source\PSoC4/cyfitter_cfg.c **** 
 252:Generated_Source\PSoC4/cyfitter_cfg.c **** 	/* Perform second pass device configuration. These items must be configured in specific order afte
 253:Generated_Source\PSoC4/cyfitter_cfg.c **** 	/* IOPINS0_1 Starting address: CYDEV_GPIO_PRT1_BASE */
 254:Generated_Source\PSoC4/cyfitter_cfg.c **** 	CY_SET_REG32((void *)(CYDEV_GPIO_PRT1_BASE), 0x0000000Bu);
 261              		.loc 1 254 0
 262 0014 0B22     		movs	r2, #11
 245:Generated_Source\PSoC4/cyfitter_cfg.c **** 
 263              		.loc 1 245 0
 264 0016 2F4B     		ldr	r3, .L2+8
 265              	.LBB4:
 266              	.LBB5:
 175:Generated_Source\PSoC4/cyfitter_cfg.c **** 
 267              		.loc 1 175 0
 268 0018 3020     		movs	r0, #48
 269              	.LBE5:
 270              	.LBE4:
 245:Generated_Source\PSoC4/cyfitter_cfg.c **** 
 271              		.loc 1 245 0
 272 001a 1C60     		str	r4, [r3]
 248:Generated_Source\PSoC4/cyfitter_cfg.c **** 
 273              		.loc 1 248 0
 274 001c 2E4B     		ldr	r3, .L2+12
 255:Generated_Source\PSoC4/cyfitter_cfg.c **** 	CY_SET_REG32((void *)(CYREG_GPIO_PRT1_PC), 0x00000430u);
 256:Generated_Source\PSoC4/cyfitter_cfg.c **** 	CY_SET_REG32((void *)(CYREG_GPIO_PRT1_INTR_CFG), 0x00000080u);
 257:Generated_Source\PSoC4/cyfitter_cfg.c **** 
 258:Generated_Source\PSoC4/cyfitter_cfg.c **** 	/* IOPINS0_2 Starting address: CYDEV_GPIO_PRT2_BASE */
 259:Generated_Source\PSoC4/cyfitter_cfg.c **** 	CY_SET_REG32((void *)(CYDEV_GPIO_PRT2_BASE), 0x0000000Du);
 260:Generated_Source\PSoC4/cyfitter_cfg.c **** 	CY_SET_REG32((void *)(CYREG_GPIO_PRT2_PC), 0x00000906u);
 261:Generated_Source\PSoC4/cyfitter_cfg.c **** 
 262:Generated_Source\PSoC4/cyfitter_cfg.c **** 
 263:Generated_Source\PSoC4/cyfitter_cfg.c **** 	/* Setup clocks based on selections from Clock DWR */
 264:Generated_Source\PSoC4/cyfitter_cfg.c **** 	ClockSetup();
 265:Generated_Source\PSoC4/cyfitter_cfg.c **** 
 266:Generated_Source\PSoC4/cyfitter_cfg.c **** 
 267:Generated_Source\PSoC4/cyfitter_cfg.c **** }
 275              		.loc 1 267 0
 276              		@ sp needed
 248:Generated_Source\PSoC4/cyfitter_cfg.c **** 
 277              		.loc 1 248 0
 278 001e 1C60     		str	r4, [r3]
 254:Generated_Source\PSoC4/cyfitter_cfg.c **** 	CY_SET_REG32((void *)(CYREG_GPIO_PRT1_PC), 0x00000430u);
 279              		.loc 1 254 0
 280 0020 2E4B     		ldr	r3, .L2+16
 281 0022 1A60     		str	r2, [r3]
 255:Generated_Source\PSoC4/cyfitter_cfg.c **** 	CY_SET_REG32((void *)(CYREG_GPIO_PRT1_PC), 0x00000430u);
 282              		.loc 1 255 0
 283 0024 8622     		movs	r2, #134
 284 0026 2E4B     		ldr	r3, .L2+20
 285 0028 D200     		lsls	r2, r2, #3
ARM GAS  C:\Users\prana\AppData\Local\Temp\cche1QLC.s 			page 22


 286 002a 1A60     		str	r2, [r3]
 256:Generated_Source\PSoC4/cyfitter_cfg.c **** 
 287              		.loc 1 256 0
 288 002c 8022     		movs	r2, #128
 289 002e 2D4B     		ldr	r3, .L2+24
 290 0030 1A60     		str	r2, [r3]
 259:Generated_Source\PSoC4/cyfitter_cfg.c **** 	CY_SET_REG32((void *)(CYREG_GPIO_PRT2_PC), 0x00000906u);
 291              		.loc 1 259 0
 292 0032 2D4B     		ldr	r3, .L2+28
 293 0034 733A     		subs	r2, r2, #115
 294 0036 1A60     		str	r2, [r3]
 260:Generated_Source\PSoC4/cyfitter_cfg.c **** 
 295              		.loc 1 260 0
 296 0038 2C4A     		ldr	r2, .L2+32
 297 003a 2D4B     		ldr	r3, .L2+36
 298 003c 1A60     		str	r2, [r3]
 299              	.LBB7:
 300              	.LBB6:
 173:Generated_Source\PSoC4/cyfitter_cfg.c **** 	/* Update IMO to new clock speed. */
 301              		.loc 1 173 0
 302 003e 1222     		movs	r2, #18
 303 0040 2C4B     		ldr	r3, .L2+40
 304 0042 1A60     		str	r2, [r3]
 175:Generated_Source\PSoC4/cyfitter_cfg.c **** 
 305              		.loc 1 175 0
 306 0044 FFF7FEFF 		bl	CySysClkWriteImoFreq
 307              	.LVL0:
 180:Generated_Source\PSoC4/cyfitter_cfg.c **** 	CY_SET_REG32((void *)CYREG_PERI_DIV_CMD, 0x8000FF80u);
 308              		.loc 1 180 0
 309 0048 BE21     		movs	r1, #190
 178:Generated_Source\PSoC4/cyfitter_cfg.c **** 	CY_SET_REG32((void *)CYREG_PERI_DIV_CMD, 0x8000FF81u);
 310              		.loc 1 178 0
 311 004a 2B4A     		ldr	r2, .L2+44
 312 004c 2B4B     		ldr	r3, .L2+48
 180:Generated_Source\PSoC4/cyfitter_cfg.c **** 	CY_SET_REG32((void *)CYREG_PERI_DIV_CMD, 0x8000FF80u);
 313              		.loc 1 180 0
 314 004e C901     		lsls	r1, r1, #7
 178:Generated_Source\PSoC4/cyfitter_cfg.c **** 	CY_SET_REG32((void *)CYREG_PERI_DIV_CMD, 0x8000FF81u);
 315              		.loc 1 178 0
 316 0050 1A60     		str	r2, [r3]
 179:Generated_Source\PSoC4/cyfitter_cfg.c **** 	CY_SET_REG32((void *)CYREG_PERI_DIV_16_5_CTL0, 0x00005F00u);
 317              		.loc 1 179 0
 318 0052 2B4B     		ldr	r3, .L2+52
 319 0054 2B4A     		ldr	r2, .L2+56
 320 0056 1A60     		str	r2, [r3]
 180:Generated_Source\PSoC4/cyfitter_cfg.c **** 	CY_SET_REG32((void *)CYREG_PERI_DIV_CMD, 0x8000FF80u);
 321              		.loc 1 180 0
 322 0058 2B4A     		ldr	r2, .L2+60
 323 005a 1160     		str	r1, [r2]
 181:Generated_Source\PSoC4/cyfitter_cfg.c **** 	CY_SET_REG32((void *)CYREG_PERI_DIV_16_CTL3, 0x00004F00u);
 324              		.loc 1 181 0
 325 005c 2B4A     		ldr	r2, .L2+64
 182:Generated_Source\PSoC4/cyfitter_cfg.c **** 	CY_SET_REG32((void *)CYREG_PERI_DIV_CMD, 0x8000FF43u);
 326              		.loc 1 182 0
 327 005e 2C49     		ldr	r1, .L2+68
 181:Generated_Source\PSoC4/cyfitter_cfg.c **** 	CY_SET_REG32((void *)CYREG_PERI_DIV_16_CTL3, 0x00004F00u);
 328              		.loc 1 181 0
ARM GAS  C:\Users\prana\AppData\Local\Temp\cche1QLC.s 			page 23


 329 0060 1A60     		str	r2, [r3]
 182:Generated_Source\PSoC4/cyfitter_cfg.c **** 	CY_SET_REG32((void *)CYREG_PERI_DIV_CMD, 0x8000FF43u);
 330              		.loc 1 182 0
 331 0062 9E22     		movs	r2, #158
 332 0064 D201     		lsls	r2, r2, #7
 333 0066 0A60     		str	r2, [r1]
 183:Generated_Source\PSoC4/cyfitter_cfg.c **** 	CY_SET_REG32((void *)CYREG_PERI_DIV_16_CTL2, 0x00004F00u);
 334              		.loc 1 183 0
 335 0068 2A49     		ldr	r1, .L2+72
 336 006a 1960     		str	r1, [r3]
 184:Generated_Source\PSoC4/cyfitter_cfg.c **** 	CY_SET_REG32((void *)CYREG_PERI_DIV_CMD, 0x8000FF42u);
 337              		.loc 1 184 0
 338 006c 2A49     		ldr	r1, .L2+76
 339 006e 0A60     		str	r2, [r1]
 185:Generated_Source\PSoC4/cyfitter_cfg.c **** 	CY_SET_REG32((void *)CYREG_PERI_DIV_16_CTL1, 0x00002F00u);
 340              		.loc 1 185 0
 341 0070 2A4A     		ldr	r2, .L2+80
 186:Generated_Source\PSoC4/cyfitter_cfg.c **** 	CY_SET_REG32((void *)CYREG_PERI_DIV_CMD, 0x8000FF41u);
 342              		.loc 1 186 0
 343 0072 2B49     		ldr	r1, .L2+84
 185:Generated_Source\PSoC4/cyfitter_cfg.c **** 	CY_SET_REG32((void *)CYREG_PERI_DIV_16_CTL1, 0x00002F00u);
 344              		.loc 1 185 0
 345 0074 1A60     		str	r2, [r3]
 186:Generated_Source\PSoC4/cyfitter_cfg.c **** 	CY_SET_REG32((void *)CYREG_PERI_DIV_CMD, 0x8000FF41u);
 346              		.loc 1 186 0
 347 0076 BC22     		movs	r2, #188
 348 0078 9201     		lsls	r2, r2, #6
 349 007a 0A60     		str	r2, [r1]
 187:Generated_Source\PSoC4/cyfitter_cfg.c **** 	CY_SET_REG32((void *)CYREG_PERI_DIV_16_CTL0, 0x00002F00u);
 350              		.loc 1 187 0
 351 007c 2949     		ldr	r1, .L2+88
 352 007e 1960     		str	r1, [r3]
 188:Generated_Source\PSoC4/cyfitter_cfg.c **** 	CY_SET_REG32((void *)CYREG_PERI_DIV_CMD, 0x8000FF40u);
 353              		.loc 1 188 0
 354 0080 2949     		ldr	r1, .L2+92
 355 0082 0A60     		str	r2, [r1]
 190:Generated_Source\PSoC4/cyfitter_cfg.c **** 	CY_SET_REG32((void *)CYREG_PERI_DIV_CMD, 0x8000FF02u);
 356              		.loc 1 190 0
 357 0084 C021     		movs	r1, #192
 189:Generated_Source\PSoC4/cyfitter_cfg.c **** 	CY_SET_REG32((void *)CYREG_PERI_DIV_8_CTL2, 0x00000300u);
 358              		.loc 1 189 0
 359 0086 294A     		ldr	r2, .L2+96
 190:Generated_Source\PSoC4/cyfitter_cfg.c **** 	CY_SET_REG32((void *)CYREG_PERI_DIV_CMD, 0x8000FF02u);
 360              		.loc 1 190 0
 361 0088 8900     		lsls	r1, r1, #2
 189:Generated_Source\PSoC4/cyfitter_cfg.c **** 	CY_SET_REG32((void *)CYREG_PERI_DIV_8_CTL2, 0x00000300u);
 362              		.loc 1 189 0
 363 008a 1A60     		str	r2, [r3]
 190:Generated_Source\PSoC4/cyfitter_cfg.c **** 	CY_SET_REG32((void *)CYREG_PERI_DIV_CMD, 0x8000FF02u);
 364              		.loc 1 190 0
 365 008c 284A     		ldr	r2, .L2+100
 366 008e 1160     		str	r1, [r2]
 191:Generated_Source\PSoC4/cyfitter_cfg.c **** 	CY_SET_REG32((void *)CYREG_PERI_DIV_8_CTL0, 0x00000100u);
 367              		.loc 1 191 0
 368 0090 284A     		ldr	r2, .L2+104
 192:Generated_Source\PSoC4/cyfitter_cfg.c **** 	CY_SET_REG32((void *)CYREG_PERI_DIV_CMD, 0x8000FF00u);
 369              		.loc 1 192 0
ARM GAS  C:\Users\prana\AppData\Local\Temp\cche1QLC.s 			page 24


 370 0092 2949     		ldr	r1, .L2+108
 191:Generated_Source\PSoC4/cyfitter_cfg.c **** 	CY_SET_REG32((void *)CYREG_PERI_DIV_8_CTL0, 0x00000100u);
 371              		.loc 1 191 0
 372 0094 1A60     		str	r2, [r3]
 192:Generated_Source\PSoC4/cyfitter_cfg.c **** 	CY_SET_REG32((void *)CYREG_PERI_DIV_CMD, 0x8000FF00u);
 373              		.loc 1 192 0
 374 0096 8022     		movs	r2, #128
 375 0098 5200     		lsls	r2, r2, #1
 376 009a 0A60     		str	r2, [r1]
 193:Generated_Source\PSoC4/cyfitter_cfg.c **** 	CY_SET_REG32((void *)CYREG_PERI_DIV_8_CTL1, 0x00000100u);
 377              		.loc 1 193 0
 378 009c 2749     		ldr	r1, .L2+112
 379 009e 1960     		str	r1, [r3]
 194:Generated_Source\PSoC4/cyfitter_cfg.c **** 	CY_SET_REG32((void *)CYREG_PERI_DIV_CMD, 0x8000FF01u);
 380              		.loc 1 194 0
 381 00a0 2749     		ldr	r1, .L2+116
 382 00a2 0A60     		str	r2, [r1]
 196:Generated_Source\PSoC4/cyfitter_cfg.c **** 	CY_SET_REG32((void *)CYREG_PERI_DIV_CMD, 0x8000FF03u);
 383              		.loc 1 196 0
 384 00a4 E821     		movs	r1, #232
 195:Generated_Source\PSoC4/cyfitter_cfg.c **** 	CY_SET_REG32((void *)CYREG_PERI_DIV_8_CTL3, 0x00001D00u);
 385              		.loc 1 195 0
 386 00a6 274A     		ldr	r2, .L2+120
 196:Generated_Source\PSoC4/cyfitter_cfg.c **** 	CY_SET_REG32((void *)CYREG_PERI_DIV_CMD, 0x8000FF03u);
 387              		.loc 1 196 0
 388 00a8 4901     		lsls	r1, r1, #5
 195:Generated_Source\PSoC4/cyfitter_cfg.c **** 	CY_SET_REG32((void *)CYREG_PERI_DIV_8_CTL3, 0x00001D00u);
 389              		.loc 1 195 0
 390 00aa 1A60     		str	r2, [r3]
 196:Generated_Source\PSoC4/cyfitter_cfg.c **** 	CY_SET_REG32((void *)CYREG_PERI_DIV_CMD, 0x8000FF03u);
 391              		.loc 1 196 0
 392 00ac 264A     		ldr	r2, .L2+124
 393 00ae 1160     		str	r1, [r2]
 197:Generated_Source\PSoC4/cyfitter_cfg.c **** 
 394              		.loc 1 197 0
 395 00b0 264A     		ldr	r2, .L2+128
 396 00b2 1A60     		str	r2, [r3]
 200:Generated_Source\PSoC4/cyfitter_cfg.c **** 
 397              		.loc 1 200 0
 398 00b4 4022     		movs	r2, #64
 399 00b6 264B     		ldr	r3, .L2+132
 400 00b8 1A60     		str	r2, [r3]
 203:Generated_Source\PSoC4/cyfitter_cfg.c **** 
 401              		.loc 1 203 0
 402 00ba 264B     		ldr	r3, .L2+136
 206:Generated_Source\PSoC4/cyfitter_cfg.c **** 
 403              		.loc 1 206 0
 404 00bc 3F3A     		subs	r2, r2, #63
 203:Generated_Source\PSoC4/cyfitter_cfg.c **** 
 405              		.loc 1 203 0
 406 00be 1C60     		str	r4, [r3]
 206:Generated_Source\PSoC4/cyfitter_cfg.c **** 
 407              		.loc 1 206 0
 408 00c0 254B     		ldr	r3, .L2+140
 409 00c2 1A60     		str	r2, [r3]
 209:Generated_Source\PSoC4/cyfitter_cfg.c **** 
 410              		.loc 1 209 0
ARM GAS  C:\Users\prana\AppData\Local\Temp\cche1QLC.s 			page 25


 411 00c4 254B     		ldr	r3, .L2+144
 412 00c6 0232     		adds	r2, r2, #2
 413 00c8 1A60     		str	r2, [r3]
 414              	.LBE6:
 415              	.LBE7:
 416              		.loc 1 267 0
 417 00ca 10BD     		pop	{r4, pc}
 418              	.L3:
 419              		.align	2
 420              	.L2:
 421 00cc 00010240 		.word	1073873152
 422 00d0 00020240 		.word	1073873408
 423 00d4 00000240 		.word	1073872896
 424 00d8 08000440 		.word	1074003976
 425 00dc 00010440 		.word	1074004224
 426 00e0 08010440 		.word	1074004232
 427 00e4 0C010440 		.word	1074004236
 428 00e8 00020440 		.word	1074004480
 429 00ec 06090000 		.word	2310
 430 00f0 08020440 		.word	1074004488
 431 00f4 30001040 		.word	1074790448
 432 00f8 00DF0100 		.word	122624
 433 00fc 04040140 		.word	1073808388
 434 0100 00000140 		.word	1073807360
 435 0104 81FF0080 		.word	-2147418239
 436 0108 00040140 		.word	1073808384
 437 010c 80FF0080 		.word	-2147418240
 438 0110 0C030140 		.word	1073808140
 439 0114 43FF0080 		.word	-2147418301
 440 0118 08030140 		.word	1073808136
 441 011c 42FF0080 		.word	-2147418302
 442 0120 04030140 		.word	1073808132
 443 0124 41FF0080 		.word	-2147418303
 444 0128 00030140 		.word	1073808128
 445 012c 40FF0080 		.word	-2147418304
 446 0130 08020140 		.word	1073807880
 447 0134 02FF0080 		.word	-2147418366
 448 0138 00020140 		.word	1073807872
 449 013c 00FF0080 		.word	-2147418368
 450 0140 04020140 		.word	1073807876
 451 0144 01FF0080 		.word	-2147418367
 452 0148 0C020140 		.word	1073807884
 453 014c 03FF0080 		.word	-2147418365
 454 0150 28000340 		.word	1073938472
 455 0154 10010140 		.word	1073807632
 456 0158 08010140 		.word	1073807624
 457 015c 04010140 		.word	1073807620
 458              		.cfi_endproc
 459              	.LFE4:
 460              		.size	cyfitter_cfg, .-cyfitter_cfg
 461              		.text
 462              	.Letext0:
 463              		.file 2 "Generated_Source\\PSoC4\\cytypes.h"
 464              		.file 3 "Generated_Source\\PSoC4\\CyLib.h"
 465              		.section	.debug_info,"",%progbits
 466              	.Ldebug_info0:
 467 0000 F2000000 		.4byte	0xf2
ARM GAS  C:\Users\prana\AppData\Local\Temp\cche1QLC.s 			page 26


 468 0004 0400     		.2byte	0x4
 469 0006 00000000 		.4byte	.Ldebug_abbrev0
 470 000a 04       		.byte	0x4
 471 000b 01       		.uleb128 0x1
 472 000c 93000000 		.4byte	.LASF16
 473 0010 0C       		.byte	0xc
 474 0011 15000000 		.4byte	.LASF17
 475 0015 A8010000 		.4byte	.LASF18
 476 0019 18000000 		.4byte	.Ldebug_ranges0+0x18
 477 001d 00000000 		.4byte	0
 478 0021 00000000 		.4byte	.Ldebug_line0
 479 0025 02       		.uleb128 0x2
 480 0026 04       		.byte	0x4
 481 0027 05       		.byte	0x5
 482 0028 696E7400 		.ascii	"int\000"
 483 002c 03       		.uleb128 0x3
 484 002d 04       		.byte	0x4
 485 002e 07       		.byte	0x7
 486 002f 3B000000 		.4byte	.LASF0
 487 0033 03       		.uleb128 0x3
 488 0034 08       		.byte	0x8
 489 0035 05       		.byte	0x5
 490 0036 00000000 		.4byte	.LASF1
 491 003a 03       		.uleb128 0x3
 492 003b 08       		.byte	0x8
 493 003c 04       		.byte	0x4
 494 003d ED010000 		.4byte	.LASF2
 495 0041 03       		.uleb128 0x3
 496 0042 01       		.byte	0x1
 497 0043 06       		.byte	0x6
 498 0044 9C010000 		.4byte	.LASF3
 499 0048 03       		.uleb128 0x3
 500 0049 01       		.byte	0x1
 501 004a 08       		.byte	0x8
 502 004b 55010000 		.4byte	.LASF4
 503 004f 03       		.uleb128 0x3
 504 0050 02       		.byte	0x2
 505 0051 05       		.byte	0x5
 506 0052 F9010000 		.4byte	.LASF5
 507 0056 03       		.uleb128 0x3
 508 0057 02       		.byte	0x2
 509 0058 07       		.byte	0x7
 510 0059 89010000 		.4byte	.LASF6
 511 005d 03       		.uleb128 0x3
 512 005e 04       		.byte	0x4
 513 005f 05       		.byte	0x5
 514 0060 68010000 		.4byte	.LASF7
 515 0064 03       		.uleb128 0x3
 516 0065 04       		.byte	0x4
 517 0066 07       		.byte	0x7
 518 0067 5D000000 		.4byte	.LASF8
 519 006b 03       		.uleb128 0x3
 520 006c 08       		.byte	0x8
 521 006d 07       		.byte	0x7
 522 006e 7C000000 		.4byte	.LASF9
 523 0072 03       		.uleb128 0x3
 524 0073 04       		.byte	0x4
ARM GAS  C:\Users\prana\AppData\Local\Temp\cche1QLC.s 			page 27


 525 0074 07       		.byte	0x7
 526 0075 03020000 		.4byte	.LASF10
 527 0079 03       		.uleb128 0x3
 528 007a 01       		.byte	0x1
 529 007b 08       		.byte	0x8
 530 007c 63010000 		.4byte	.LASF11
 531 0080 04       		.uleb128 0x4
 532 0081 0E000000 		.4byte	.LASF14
 533 0085 02       		.byte	0x2
 534 0086 D401     		.2byte	0x1d4
 535 0088 64000000 		.4byte	0x64
 536 008c 03       		.uleb128 0x3
 537 008d 04       		.byte	0x4
 538 008e 04       		.byte	0x4
 539 008f 4F010000 		.4byte	.LASF12
 540 0093 03       		.uleb128 0x3
 541 0094 08       		.byte	0x8
 542 0095 04       		.byte	0x4
 543 0096 7C010000 		.4byte	.LASF13
 544 009a 04       		.uleb128 0x4
 545 009b 83010000 		.4byte	.LASF15
 546 009f 02       		.byte	0x2
 547 00a0 7E02     		.2byte	0x27e
 548 00a2 A6000000 		.4byte	0xa6
 549 00a6 05       		.uleb128 0x5
 550 00a7 80000000 		.4byte	0x80
 551 00ab 06       		.uleb128 0x6
 552 00ac 71010000 		.4byte	.LASF19
 553 00b0 01       		.byte	0x1
 554 00b1 A9       		.byte	0xa9
 555 00b2 01       		.byte	0x1
 556 00b3 07       		.uleb128 0x7
 557 00b4 6F000000 		.4byte	.LASF20
 558 00b8 01       		.byte	0x1
 559 00b9 EA       		.byte	0xea
 560 00ba 00000000 		.4byte	.LFB4
 561 00be 60010000 		.4byte	.LFE4-.LFB4
 562 00c2 01       		.uleb128 0x1
 563 00c3 9C       		.byte	0x9c
 564 00c4 EA000000 		.4byte	0xea
 565 00c8 08       		.uleb128 0x8
 566 00c9 AB000000 		.4byte	0xab
 567 00cd 18000000 		.4byte	.LBB4
 568 00d1 00000000 		.4byte	.Ldebug_ranges0+0
 569 00d5 01       		.byte	0x1
 570 00d6 0801     		.2byte	0x108
 571 00d8 09       		.uleb128 0x9
 572 00d9 48000000 		.4byte	.LVL0
 573 00dd EA000000 		.4byte	0xea
 574 00e1 0A       		.uleb128 0xa
 575 00e2 01       		.uleb128 0x1
 576 00e3 50       		.byte	0x50
 577 00e4 02       		.uleb128 0x2
 578 00e5 08       		.byte	0x8
 579 00e6 30       		.byte	0x30
 580 00e7 00       		.byte	0
 581 00e8 00       		.byte	0
ARM GAS  C:\Users\prana\AppData\Local\Temp\cche1QLC.s 			page 28


 582 00e9 00       		.byte	0
 583 00ea 0B       		.uleb128 0xb
 584 00eb 48000000 		.4byte	.LASF21
 585 00ef 48000000 		.4byte	.LASF21
 586 00f3 03       		.byte	0x3
 587 00f4 6C       		.byte	0x6c
 588 00f5 00       		.byte	0
 589              		.section	.debug_abbrev,"",%progbits
 590              	.Ldebug_abbrev0:
 591 0000 01       		.uleb128 0x1
 592 0001 11       		.uleb128 0x11
 593 0002 01       		.byte	0x1
 594 0003 25       		.uleb128 0x25
 595 0004 0E       		.uleb128 0xe
 596 0005 13       		.uleb128 0x13
 597 0006 0B       		.uleb128 0xb
 598 0007 03       		.uleb128 0x3
 599 0008 0E       		.uleb128 0xe
 600 0009 1B       		.uleb128 0x1b
 601 000a 0E       		.uleb128 0xe
 602 000b 55       		.uleb128 0x55
 603 000c 17       		.uleb128 0x17
 604 000d 11       		.uleb128 0x11
 605 000e 01       		.uleb128 0x1
 606 000f 10       		.uleb128 0x10
 607 0010 17       		.uleb128 0x17
 608 0011 00       		.byte	0
 609 0012 00       		.byte	0
 610 0013 02       		.uleb128 0x2
 611 0014 24       		.uleb128 0x24
 612 0015 00       		.byte	0
 613 0016 0B       		.uleb128 0xb
 614 0017 0B       		.uleb128 0xb
 615 0018 3E       		.uleb128 0x3e
 616 0019 0B       		.uleb128 0xb
 617 001a 03       		.uleb128 0x3
 618 001b 08       		.uleb128 0x8
 619 001c 00       		.byte	0
 620 001d 00       		.byte	0
 621 001e 03       		.uleb128 0x3
 622 001f 24       		.uleb128 0x24
 623 0020 00       		.byte	0
 624 0021 0B       		.uleb128 0xb
 625 0022 0B       		.uleb128 0xb
 626 0023 3E       		.uleb128 0x3e
 627 0024 0B       		.uleb128 0xb
 628 0025 03       		.uleb128 0x3
 629 0026 0E       		.uleb128 0xe
 630 0027 00       		.byte	0
 631 0028 00       		.byte	0
 632 0029 04       		.uleb128 0x4
 633 002a 16       		.uleb128 0x16
 634 002b 00       		.byte	0
 635 002c 03       		.uleb128 0x3
 636 002d 0E       		.uleb128 0xe
 637 002e 3A       		.uleb128 0x3a
 638 002f 0B       		.uleb128 0xb
ARM GAS  C:\Users\prana\AppData\Local\Temp\cche1QLC.s 			page 29


 639 0030 3B       		.uleb128 0x3b
 640 0031 05       		.uleb128 0x5
 641 0032 49       		.uleb128 0x49
 642 0033 13       		.uleb128 0x13
 643 0034 00       		.byte	0
 644 0035 00       		.byte	0
 645 0036 05       		.uleb128 0x5
 646 0037 35       		.uleb128 0x35
 647 0038 00       		.byte	0
 648 0039 49       		.uleb128 0x49
 649 003a 13       		.uleb128 0x13
 650 003b 00       		.byte	0
 651 003c 00       		.byte	0
 652 003d 06       		.uleb128 0x6
 653 003e 2E       		.uleb128 0x2e
 654 003f 00       		.byte	0
 655 0040 03       		.uleb128 0x3
 656 0041 0E       		.uleb128 0xe
 657 0042 3A       		.uleb128 0x3a
 658 0043 0B       		.uleb128 0xb
 659 0044 3B       		.uleb128 0x3b
 660 0045 0B       		.uleb128 0xb
 661 0046 27       		.uleb128 0x27
 662 0047 19       		.uleb128 0x19
 663 0048 20       		.uleb128 0x20
 664 0049 0B       		.uleb128 0xb
 665 004a 00       		.byte	0
 666 004b 00       		.byte	0
 667 004c 07       		.uleb128 0x7
 668 004d 2E       		.uleb128 0x2e
 669 004e 01       		.byte	0x1
 670 004f 3F       		.uleb128 0x3f
 671 0050 19       		.uleb128 0x19
 672 0051 03       		.uleb128 0x3
 673 0052 0E       		.uleb128 0xe
 674 0053 3A       		.uleb128 0x3a
 675 0054 0B       		.uleb128 0xb
 676 0055 3B       		.uleb128 0x3b
 677 0056 0B       		.uleb128 0xb
 678 0057 27       		.uleb128 0x27
 679 0058 19       		.uleb128 0x19
 680 0059 11       		.uleb128 0x11
 681 005a 01       		.uleb128 0x1
 682 005b 12       		.uleb128 0x12
 683 005c 06       		.uleb128 0x6
 684 005d 40       		.uleb128 0x40
 685 005e 18       		.uleb128 0x18
 686 005f 9742     		.uleb128 0x2117
 687 0061 19       		.uleb128 0x19
 688 0062 01       		.uleb128 0x1
 689 0063 13       		.uleb128 0x13
 690 0064 00       		.byte	0
 691 0065 00       		.byte	0
 692 0066 08       		.uleb128 0x8
 693 0067 1D       		.uleb128 0x1d
 694 0068 01       		.byte	0x1
 695 0069 31       		.uleb128 0x31
ARM GAS  C:\Users\prana\AppData\Local\Temp\cche1QLC.s 			page 30


 696 006a 13       		.uleb128 0x13
 697 006b 52       		.uleb128 0x52
 698 006c 01       		.uleb128 0x1
 699 006d 55       		.uleb128 0x55
 700 006e 17       		.uleb128 0x17
 701 006f 58       		.uleb128 0x58
 702 0070 0B       		.uleb128 0xb
 703 0071 59       		.uleb128 0x59
 704 0072 05       		.uleb128 0x5
 705 0073 00       		.byte	0
 706 0074 00       		.byte	0
 707 0075 09       		.uleb128 0x9
 708 0076 898201   		.uleb128 0x4109
 709 0079 01       		.byte	0x1
 710 007a 11       		.uleb128 0x11
 711 007b 01       		.uleb128 0x1
 712 007c 31       		.uleb128 0x31
 713 007d 13       		.uleb128 0x13
 714 007e 00       		.byte	0
 715 007f 00       		.byte	0
 716 0080 0A       		.uleb128 0xa
 717 0081 8A8201   		.uleb128 0x410a
 718 0084 00       		.byte	0
 719 0085 02       		.uleb128 0x2
 720 0086 18       		.uleb128 0x18
 721 0087 9142     		.uleb128 0x2111
 722 0089 18       		.uleb128 0x18
 723 008a 00       		.byte	0
 724 008b 00       		.byte	0
 725 008c 0B       		.uleb128 0xb
 726 008d 2E       		.uleb128 0x2e
 727 008e 00       		.byte	0
 728 008f 3F       		.uleb128 0x3f
 729 0090 19       		.uleb128 0x19
 730 0091 3C       		.uleb128 0x3c
 731 0092 19       		.uleb128 0x19
 732 0093 6E       		.uleb128 0x6e
 733 0094 0E       		.uleb128 0xe
 734 0095 03       		.uleb128 0x3
 735 0096 0E       		.uleb128 0xe
 736 0097 3A       		.uleb128 0x3a
 737 0098 0B       		.uleb128 0xb
 738 0099 3B       		.uleb128 0x3b
 739 009a 0B       		.uleb128 0xb
 740 009b 00       		.byte	0
 741 009c 00       		.byte	0
 742 009d 00       		.byte	0
 743              		.section	.debug_aranges,"",%progbits
 744 0000 1C000000 		.4byte	0x1c
 745 0004 0200     		.2byte	0x2
 746 0006 00000000 		.4byte	.Ldebug_info0
 747 000a 04       		.byte	0x4
 748 000b 00       		.byte	0
 749 000c 0000     		.2byte	0
 750 000e 0000     		.2byte	0
 751 0010 00000000 		.4byte	.LFB4
 752 0014 60010000 		.4byte	.LFE4-.LFB4
ARM GAS  C:\Users\prana\AppData\Local\Temp\cche1QLC.s 			page 31


 753 0018 00000000 		.4byte	0
 754 001c 00000000 		.4byte	0
 755              		.section	.debug_ranges,"",%progbits
 756              	.Ldebug_ranges0:
 757 0000 18000000 		.4byte	.LBB4
 758 0004 1A000000 		.4byte	.LBE4
 759 0008 3E000000 		.4byte	.LBB7
 760 000c CA000000 		.4byte	.LBE7
 761 0010 00000000 		.4byte	0
 762 0014 00000000 		.4byte	0
 763 0018 00000000 		.4byte	.LFB4
 764 001c 60010000 		.4byte	.LFE4
 765 0020 00000000 		.4byte	0
 766 0024 00000000 		.4byte	0
 767              		.section	.debug_line,"",%progbits
 768              	.Ldebug_line0:
 769 0000 BA000000 		.section	.debug_str,"MS",%progbits,1
 769      02005400 
 769      00000201 
 769      FB0E0D00 
 769      01010101 
 770              	.LASF1:
 771 0000 6C6F6E67 		.ascii	"long long int\000"
 771      206C6F6E 
 771      6720696E 
 771      7400
 772              	.LASF14:
 773 000e 75696E74 		.ascii	"uint32\000"
 773      333200
 774              	.LASF17:
 775 0015 47656E65 		.ascii	"Generated_Source\\PSoC4\\cyfitter_cfg.c\000"
 775      72617465 
 775      645F536F 
 775      75726365 
 775      5C50536F 
 776              	.LASF0:
 777 003b 756E7369 		.ascii	"unsigned int\000"
 777      676E6564 
 777      20696E74 
 777      00
 778              	.LASF21:
 779 0048 43795379 		.ascii	"CySysClkWriteImoFreq\000"
 779      73436C6B 
 779      57726974 
 779      65496D6F 
 779      46726571 
 780              	.LASF8:
 781 005d 6C6F6E67 		.ascii	"long unsigned int\000"
 781      20756E73 
 781      69676E65 
 781      6420696E 
 781      7400
 782              	.LASF20:
 783 006f 63796669 		.ascii	"cyfitter_cfg\000"
 783      74746572 
 783      5F636667 
 783      00
ARM GAS  C:\Users\prana\AppData\Local\Temp\cche1QLC.s 			page 32


 784              	.LASF9:
 785 007c 6C6F6E67 		.ascii	"long long unsigned int\000"
 785      206C6F6E 
 785      6720756E 
 785      7369676E 
 785      65642069 
 786              	.LASF16:
 787 0093 474E5520 		.ascii	"GNU C11 5.4.1 20160609 (release) [ARM/embedded-5-br"
 787      43313120 
 787      352E342E 
 787      31203230 
 787      31363036 
 788 00c6 616E6368 		.ascii	"anch revision 237715] -mcpu=cortex-m0 -mthumb -g -O"
 788      20726576 
 788      6973696F 
 788      6E203233 
 788      37373135 
 789 00f9 73202D66 		.ascii	"s -ffunction-sections -ffat-lto-objects -finline-fu"
 789      66756E63 
 789      74696F6E 
 789      2D736563 
 789      74696F6E 
 790 012c 6E637469 		.ascii	"nctions -flto -fno-strict-aliasing\000"
 790      6F6E7320 
 790      2D666C74 
 790      6F202D66 
 790      6E6F2D73 
 791              	.LASF12:
 792 014f 666C6F61 		.ascii	"float\000"
 792      7400
 793              	.LASF4:
 794 0155 756E7369 		.ascii	"unsigned char\000"
 794      676E6564 
 794      20636861 
 794      7200
 795              	.LASF11:
 796 0163 63686172 		.ascii	"char\000"
 796      00
 797              	.LASF7:
 798 0168 6C6F6E67 		.ascii	"long int\000"
 798      20696E74 
 798      00
 799              	.LASF19:
 800 0171 436C6F63 		.ascii	"ClockSetup\000"
 800      6B536574 
 800      757000
 801              	.LASF13:
 802 017c 646F7562 		.ascii	"double\000"
 802      6C6500
 803              	.LASF15:
 804 0183 72656733 		.ascii	"reg32\000"
 804      3200
 805              	.LASF6:
 806 0189 73686F72 		.ascii	"short unsigned int\000"
 806      7420756E 
 806      7369676E 
 806      65642069 
ARM GAS  C:\Users\prana\AppData\Local\Temp\cche1QLC.s 			page 33


 806      6E7400
 807              	.LASF3:
 808 019c 7369676E 		.ascii	"signed char\000"
 808      65642063 
 808      68617200 
 809              	.LASF18:
 810 01a8 443A5C56 		.ascii	"D:\\V-TE-PWR\\PDSS_SRC_SNK\\CYPD3171-24LQXQ_pb\\CYP"
 810      2D54452D 
 810      5057525C 
 810      50445353 
 810      5F535243 
 811 01d7 44333137 		.ascii	"D3171-24LQXQ_pb.cydsn\000"
 811      312D3234 
 811      4C515851 
 811      5F70622E 
 811      63796473 
 812              	.LASF2:
 813 01ed 6C6F6E67 		.ascii	"long double\000"
 813      20646F75 
 813      626C6500 
 814              	.LASF5:
 815 01f9 73686F72 		.ascii	"short int\000"
 815      7420696E 
 815      7400
 816              	.LASF10:
 817 0203 73697A65 		.ascii	"sizetype\000"
 817      74797065 
 817      00
 818              		.comm	__gnu_lto_v1,1,1
 819              		.ident	"GCC: (GNU Tools for ARM Embedded Processors) 5.4.1 20160609 (release) [ARM/embedded-5-bran
