ARM GAS  C:\Users\prana\AppData\Local\Temp\ccJqU4ZX.s 			page 1


   1              		.syntax unified
   2              		.cpu cortex-m0
   3              		.fpu softvfp
   4              		.eabi_attribute 20, 1
   5              		.eabi_attribute 21, 1
   6              		.eabi_attribute 23, 3
   7              		.eabi_attribute 24, 1
   8              		.eabi_attribute 25, 1
   9              		.eabi_attribute 26, 1
  10              		.eabi_attribute 30, 4
  11              		.eabi_attribute 34, 0
  12              		.eabi_attribute 18, 4
  13              		.thumb
  14              		.syntax unified
  15              		.file	"cymetadata.c"
  16              		.text
  17              	.Ltext0:
  18              		.section	.gnu.lto_.profile.b369a26f,"",%progbits
  19 0000 789C6361 		.ascii	"x\234ca`\004B \000\000\0009\000\007"
  19      60044220 
  19      00000039 
  19      0007
  20              		.text
  21              		.section	.gnu.lto_.icf.b369a26f,"",%progbits
  22 0000 789C6361 		.ascii	"x\234ca`d\000\001\016\006\004`d\3702\347|\013\023\003"
  22      60640001 
  22      0E060460 
  22      64F832E7 
  22      7C0B1303 
  23 0014 000EDE02 		.ascii	"\000\016\336\002\364"
  23      F4
  24              		.text
  25              		.section	.gnu.lto_.jmpfuncs.b369a26f,"",%progbits
  26 0000 789C6361 		.ascii	"x\234ca`d\000\001&\006d\000\000\000\236\000\010"
  26      60640001 
  26      26066400 
  26      00009E00 
  26      08
  27              		.text
  28              		.section	.gnu.lto_.inline.b369a26f,"",%progbits
  29 0000 789C6361 		.ascii	"x\234ca`d\000\001&\006d\000\000\000\236\000\010"
  29      60640001 
  29      26066400 
  29      00009E00 
  29      08
  30              		.text
  31              		.section	.gnu.lto_.pureconst.b369a26f,"",%progbits
  32 0000 789C6361 		.ascii	"x\234ca`\004B \000\000\0009\000\007"
  32      60044220 
  32      00000039 
  32      0007
  33              		.text
  34              		.section	.gnu.lto_cy_meta_loadable.b369a26f,"",%progbits
  35 0000 789C4D93 		.ascii	"x\234M\223\371SRQ\030\206\271 .\271\265\257\266\357"
  35      F9535251 
  35      1886B920 
  35      2EB9B5AF 
ARM GAS  C:\Users\prana\AppData\Local\Temp\ccJqU4ZX.s 			page 2


  35      B6EF
  36 0012 7B6A8BED 		.ascii	"{j\213\355\277\326?U0\202\2436\232c:6\2453\3452H*\242"
  36      BFD63F55 
  36      3082A336 
  36      9A633A36 
  36      A533E532 
  37 0029 A6781197 		.ascii	"\246x\021\227T\\JE\\Rb\221D\005MM\0057\334\372N\347"
  37      545C4A45 
  37      5C526291 
  37      44054D4D 
  37      0537DCFA 
  38 003f 6D2666BE 		.ascii	"m&f\276yx\370\016\367\234\363\236sC$\202\204}\026\345"
  38      7978F80E 
  38      F79CF39E 
  38      73432482 
  38      847D16E5 
  39 0053 127C9348 		.ascii	"\022|\223H\266\244B\345\254\270\036\035\220\252e\364"
  39      B6A442E5 
  39      ACB81E1D 
  39      90AA65F4 
  40 0063 23E97872 		.ascii	"#\351xr\266\"\212\251 <%\025\263\232\226c\271>!M\321"
  40      B6228AA9 
  40      203C2515 
  40      B39A9663 
  40      B93E214D 
  41 0078 3ABAC2B8 		.ascii	":\272\302\270>&}\235\354z\301\355\021kZr\247c\270>$"
  41      3E267D9D 
  41      EC7AC1ED 
  41      116B5A72 
  41      A763B83E 
  42 008d ADB1AD8D 		.ascii	"\255\261\255\215\204p}@:j\366\025I\271\336'-\235\312"
  42      84707D40 
  42      3A6AF615 
  42      49B9DE27 
  42      2D9DCA
  43 00a0 CFC43C49 		.ascii	"\317\304<I\244\255\366\306T9\327{\244\256\334\340\000"
  43      A4ADF6C6 
  43      5439D77B 
  43      A4AEDCE0 
  43      00
  44 00b1 F42EE9D8 		.ascii	"\364.\351\330\2207_\306\365\016\351H\377\3703n\267\311"
  44      90375FC6 
  44      F50EE948 
  44      FFF8336E 
  44      B7C9
  45 00c3 B27FFDB6 		.ascii	"\262\177\375\266`M\211\244\265Si\212h\256\011\244\205"
  45      604D89A4 
  45      B553698A 
  45      68AE09A4 
  45      85
  46 00d4 CD7D2FB9 		.ascii	"\315}/\271\305\2235\030L\035x\356-\322.{FS(\327\233"
  46      C5933518 
  46      4C1D78EE 
  46      2DD22E7B 
  46      465328D7 
  47 00e9 A47AB753 		.ascii	"\244z\267S\011\275A\352\367\032\3460\353uRUA\226\005"
  47      09BD41EA 
ARM GAS  C:\Users\prana\AppData\Local\Temp\ccJqU4ZX.s 			page 3


  47      F71AE630 
  47      EB755255 
  47      419605
  48 00fc 1BB846DA 		.ascii	"\033\270F\332\351\367\015Fp\275J\252\261\346\274BPW"
  48      E9F70D46 
  48      70BD4AAA 
  48      B1E6BC42 
  48      5057
  49 010e 4883A2B3 		.ascii	"H\203\242\263\020\233\277L\372\336\357\234\306\340K"
  49      109BBF4C 
  49      FADEEF9C 
  49      C6E04B
  50 011d A42506DB 		.ascii	"\244%\006\333sn\027\311V\262\224\031\230\347\002\333"
  50      736E17C9 
  50      56B29419 
  50      98E702DB 
  51 012d 7B4BDF28 		.ascii	"{K\337(Vq\236t\315d-\304\264\347\330\371\350W\034\030"
  51      56719E74 
  51      CD642DC4 
  51      B4E7D8F9 
  51      E8571C18 
  52 0141 7C966D3E 		.ascii	"|\226m>\323\220\215\356\031\322T\373l\000\251\236&]"
  52      D3908DEE 
  52      19D254FB 
  52      6C00A99E 
  52      265D
  53 0153 EC7DE7C1 		.ascii	"\354}\347\301\211\234\"}S\254\023\021\315IRcr\231\036"
  53      899C227D 
  53      53AC1311 
  53      CD495263 
  53      72991E
  54 0166 7A8225E5 		.ascii	"z\202%\345\353\355F6\307I\353\033\347\022\270\305\261"
  54      EBED4636 
  54      C749EB1B 
  54      E712B8C5 
  54      B1
  55 0177 E332B71A 		.ascii	"\3432\267\032\004\256\307H\275\336\2179\230\347(i \257"
  55      04AEC748 
  55      BDDE8F39 
  55      98E72869 
  55      20AF
  56 0189 C786CD1F 		.ascii	"\307\206\315\037!5\357\254\266\304\362+%%\235WM\272"
  56      2135EFAC 
  56      B6C4F22B 
  56      25259D57 
  56      4DBA
  57 019b 2379F730 		.ascii	"#y\3670\351\322\320L5\272m\354\306\371\363\324i\341"
  57      E9D2D04C 
  57      35BA6DEC 
  57      C6F9F3D4 
  57      69E1
  58 01ad BC7D8874 		.ascii	"\274}\210t\365mP+\347m\033k/\257\247\317#\272\203\354"
  58      F56D502B 
  58      E76D1B6B 
  58      2FAFA7CF 
  58      23BA83EC 
  59 01c1 BAAA27B4 		.ascii	"\272\252'\264\341\274\275#\220{4\333yH\353\000\333\361"
ARM GAS  C:\Users\prana\AppData\Local\Temp\ccJqU4ZX.s 			page 4


  59      E1BCBD23 
  59      907B34DB 
  59      7948EB00 
  59      DBF1
  60 01d3 668101A3 		.ascii	"f\201\001\243\367\263\205\211)A\004\260\217\264\312"
  60      F7B38589 
  60      294104B0 
  60      8FB4CA
  61 01e2 BD69C2A9 		.ascii	"\275i\302\251\354eiu\272\206\261\251=\244\003\013=\005"
  61      EC656975 
  61      BA86B1A9 
  61      3DA4030B 
  61      3D05
  62 01f4 58E76E52 		.ascii	"X\347nR\335R@\207'\307\222n9\224\333H:\206\264hFlCZ"
  62      DD524087 
  62      27C7926E 
  62      3994DB48 
  62      3A86B468 
  63 020c D1A41BBE 		.ascii	"\321\244\033\276\034\033\036\025\305n\250M%B#\331\177"
  63      1C1B1E15 
  63      C56EA84D 
  63      254223D9 
  63      7F
  64 021d 17FAB710 		.ascii	"\027\372\267\020\327.\322\262\272\022#\272\021l\221"
  64      D72ED2B2 
  64      BA1223BA 
  64      116C91
  65 022c E9EA551C 		.ascii	"\351\352U\034i\030\351\304F\205\021k\016%\355.6n\342"
  65      6918E9C4 
  65      4685116B 
  65      0E25ED2E 
  65      366EE2
  66 023f BF7252AB 		.ascii	"\277rR\253J\377\357U\010a\357\315\222^\203\256\354\377"
  66      4AFFEF55 
  66      0861EFCD 
  66      925E83AE 
  66      ECFF
  67 0251 E485BFC9 		.ascii	"\344\205\277\311\227{\006\225aIu\212\324\017\012E\274"
  67      977B0695 
  67      6149758A 
  67      D40F0A45 
  67      BC
  68 0262 5A2615E2 		.ascii	"Z&\025\342\343\004\215\020'$p\370\004N/8\005N\202\023"
  68      E3048D10 
  68      272470F8 
  68      044E2F38 
  68      054E8213 
  69 0276 A0074CE4 		.ascii	"\240\007L\344\030\207\376\004\335\340\030\350\002\235"
  69      1887FE04 
  69      DDE018E8 
  69      029D
  70 0284 A003B483 		.ascii	"\240\003\264\203?@\0338\012\216P\015S}\007\207\250\006"
  70      3F401B38 
  70      0A8E500D 
  70      537D0787 
  70      A806
  71 0296 A906A8AC 		.ascii	"\251\006\250\254T\375T\026\252>\214\357\005{\300o\340"
ARM GAS  C:\Users\prana\AppData\Local\Temp\ccJqU4ZX.s 			page 5


  71      54FD5416 
  71      AA3E8CEF 
  71      057BC06F 
  71      E0
  72 02a7 57B01BEC 		.ascii	"W\260\033\354\002;\301\016\320\014\266\203m`+\370\005"
  72      023BC10E 
  72      D00CB683 
  72      6D602BF8 
  72      05
  73 02b8 6C019BC1 		.ascii	"l\001\233\301&\260\0214\201\015\240\021\024\301z\320"
  73      26B01134 
  73      810DA011 
  73      14C17AD0 
  74 02c8 00D681B5 		.ascii	"\000\326\201\265\340g\260\006\254\006\253@=X\011\352"
  74      E067B006 
  74      AC06AB40 
  74      3D5809EA 
  75 02d8 C00AB01C 		.ascii	"\300\012\260\034,\003?\201Z\260\224S\"L\013I\222?\036"
  75      2C033F81 
  75      5AB09453 
  75      224C0B49 
  75      923F1E
  76 02eb 24ED3D   		.ascii	"$\355="
  77              		.text
  78              		.section	.gnu.lto_.symbol_nodes.b369a26f,"",%progbits
  79 0000 789C6361 		.ascii	"x\234ca`d\220d\000\002V\006\206V!\006\275\344\312\234"
  79      60649064 
  79      00025606 
  79      86562106 
  79      BDE4CA9C 
  80 0014 FCC494C4 		.ascii	"\374\304\224\304\244\234\324\334\324\222D\2408\000O"
  80      A49CD4DC 
  80      D49244A0 
  80      38004F
  81 0023 D806A0   		.ascii	"\330\006\240"
  82              		.text
  83              		.section	.gnu.lto_.refs.b369a26f,"",%progbits
  84 0000 789C6361 		.ascii	"x\234ca`\004B \000\000\0009\000\007"
  84      60044220 
  84      00000039 
  84      0007
  85              		.text
  86              		.section	.gnu.lto_.decls.b369a26f,"",%progbits
  87 0000 789CBD52 		.ascii	"x\234\275R[H\024a\024\236\263\263\330:f\311\346C\304"
  87      5B481461 
  87      149EB3B3 
  87      D83A66C9 
  87      E643C4
  88 0013 502B1428 		.ascii	"P+\024(\344\226\264F\364R dO\021d=\015\014\323\354\257"
  88      E496B446 
  88      F4522064 
  88      4F11643D 
  88      0D0CD3EC 
  89 0028 2EECEE2C 		.ascii	".\354\356,3\263\321\366\322x\011|\210\260\010\272Pl"
  89      33B3D1F6 
  89      D278097C 
  89      88B008BA 
ARM GAS  C:\Users\prana\AppData\Local\Temp\ccJqU4ZX.s 			page 6


  89      506C
  90 003a 37BCB4E6 		.ascii	"7\274\264\346%\363\236\227J\327\024\203\212\012\354"
  90      25F39E97 
  90      4AD71483 
  90      8A0AEC
  91 0049 21A5A21E 		.ascii	"!\245\242\036\272\240\266\017\031\204\235\177f7-\262"
  91      BAA0B60F 
  91      19849D7F 
  91      66372DB2 
  92 0059 DEFA61E6 		.ascii	"\336\372a\346?\3379\347\377\276\363\237\363\333\031"
  92      3FDF39E7 
  92      FFBEF39F 
  92      F3DB19
  93 0068 60E8AA67 		.ascii	"`\350\252g\031FC\263\004\355\005\\6\334\0171\277.\232"
  93      194643B3 
  93      04ED055C 
  93      36DC0F31 
  93      BF2E9A
  94 007b 39FE9B8F 		.ascii	"9\376\233\217b<\312\360\370e\3437\306,\277\276\333\240"
  94      623CCAF0 
  94      F865E337 
  94      C62CBFBE 
  94      DBA0
  95 008d ADA97D33 		.ascii	"\255\251}3k\003j6\317%\232\323\0226pr\260\032\341\223"
  95      6B036A36 
  95      CF259AD3 
  95      12367072 
  95      B01AE193 
  96 00a1 EAD64BAC 		.ascii	"\352\326K\254\005\355\010g\037]|\263\012a6\007.\204"
  96      05ED0867 
  96      1F5D7CB3 
  96      0A613607 
  96      2E84
  97 00b3 FDF1C403 		.ascii	"\375\361\304\003\340j\014\\\265U\206s/M\273\011<4\002"
  97      E06A0C5C 
  97      B5558673 
  97      2F4DBB09 
  97      3C3402
  98 00c6 0A430C38 		.ascii	"\012C\0148\374o\341\241\001!f?\235\231\270\234aqe!\354"
  98      FC6FE1A1 
  98      0121663F 
  98      9D99B89C 
  98      61716521 
  99 00db 7C3716E7 		.ascii	"|7\026\347,.\003\020?\377\332\377m%\273\206Vao\257\234"
  99      2C2E0310 
  99      3FFFDAFF 
  99      6D25BB86 
  99      56616FAF 
 100 00f0 BABA0A72 		.ascii	"\272\272\012ry@2\340\352L\001\303\2601p\0338h\0066U"
 100      794032E0 
 100      EA4C01C3 
 100      B031701B 
 100      38680636 
 101 0105 FB4503C5 		.ascii	"\373E\003\305g\216S7\332\016sGO\2451s\315H[\313\300"
 101      678E5337 
 101      DA0E7347 
 101      4FA53173 
ARM GAS  C:\Users\prana\AppData\Local\Temp\ccJqU4ZX.s 			page 7


 101      CD485BCB 
 102 011a 361EB6F2 		.ascii	"6\036\266\362\014\264@\256\031b\240\015\011[\255r&\232"
 102      0CB440AE 
 102      1962A00D 
 102      095BAD72 
 102      269A
 103 012c 1FDF5CE1 		.ascii	"\037\337\\\341\254Mr\357\006\223\373\026\306\233\314"
 103      AC4D72EF 
 103      0693FB16 
 103      C69BCC
 104 013b EADBC199 		.ascii	"\352\333\301\231\272\003\315\036\236\254\231\340r\326"
 104      BA03CD1E 
 104      9EAC99E0 
 104      72D6
 105 0149 468DF32E 		.ascii	"F\215\363.3\204\256\216\330\325\250\315\216#\201;\220"
 105      3384AE8E 
 105      D8D5A8CD 
 105      8E23813B 
 105      90
 106 015a 6326F5C4 		.ascii	"c&\365\304\237u\260l\236\331\310\033\263\017\353\322"
 106      9F75B06C 
 106      9ED9C81B 
 106      B30FEBD2 
 107 016a 300A9DC0 		.ascii	"0\012\235\300B\007\330\315\204\246\373\027\3063\330"
 107      4207D8CD 
 107      84A6FB17 
 107      C633D8
 108 0179 4233E174 		.ascii	"B3\341to\305(K\023\272\361>\320\205\031\350\354\372"
 108      6FC5284B 
 108      13BAF13E 
 108      D08519E8 
 108      ECFA
 109 018b 1CEBCAB4 		.ascii	"\034\353\312\264z4D\361\271O\363\353\222=\242\375\237"
 109      7A3444F1 
 109      B94FF3EB 
 109      923DA2FD 
 109      9F
 110 019c 9A6FD8E3 		.ascii	"\232o\330\343nJ\265\343\330\342\004_W\2351VZ\347v!\374"
 110      6E4AB5E3 
 110      D8E2045F 
 110      579D3156 
 110      5AE77621 
 111 01b1 9838F9D2 		.ascii	"\2308\371\322\261\354`\006R\203\351\267:\321r\342m\243"
 111      B1EC6006 
 111      5283E9B7 
 111      3AD172E2 
 111      6DA3
 112 01c3 030FF31C 		.ascii	"\003\017\363\034,\320I\264|\354\231\317\2640\015\337"
 112      2CD049B4 
 112      7CEC99CF 
 112      B4300DDF 
 113 01d3 19FA72CB 		.ascii	"\031\372r\313\316\026Q\333\366\244}r$\035r\255\221L"
 113      CE1651DB 
 113      F6A47D72 
 113      241D72AD 
 113      914C
 114 01e5 F7C5D777 		.ascii	"\367\305\327w\033F\026\340#\200{x\315\273\340\246\017"
ARM GAS  C:\Users\prana\AppData\Local\Temp\ccJqU4ZX.s 			page 8


 114      1B4616E0 
 114      23807B78 
 114      CDBBE0A6 
 114      0F
 115 01f6 92A73DFB 		.ascii	"\222\247=\373\303\030\356\343\030\220\223f\301\020V"
 115      C318EEE3 
 115      18909366 
 115      C11056
 116 0205 3368C937 		.ascii	"3h\3117F\033\2063\331\307`\012|:\373\241\206\375)0{"
 116      461B8633 
 116      D9C7600A 
 116      7C3AFBA1 
 116      86FD2930 
 117 021a 8A8F5181 		.ascii	"\212\217Q\2018\012\014/\012<\200e\024F\376\254\360\352"
 117      380A0C2F 
 117      0A3C8065 
 117      1446FEAC 
 117      F0EA
 118 022c 6DA2CDB1 		.ascii	"m\242\315\261t\324\224\257\017\343\275f?F\315Q\017\244"
 118      74D494AF 
 118      0FE3BD66 
 118      3F46CD51 
 118      0FA4
 119 023e 467DF9F9 		.ascii	"F}\371\371\353\332t.\311^\373o\366\205+\357{\271\245"
 119      EBDA742E 
 119      C95EFB6F 
 119      F6852BEF 
 119      7BB9A5
 120 0251 EC0FFFC6 		.ascii	"\354\017\377\306\336:W\255l\272n\264^1\246\007_l\210"
 120      DE3A57AD 
 120      6CBA6EB4 
 120      5E31A607 
 120      5F6C88
 121 0264 561A952C 		.ascii	"V\032\225,\214\201\023\352\255\353\245\016B\017>\010"
 121      8C8113EA 
 121      ADEBA50E 
 121      420F3E08 
 122 0274 D359824F 		.ascii	"\323Y\202Od\03461YrD\014\020]\022\375\212\344\225\016"
 122      641C3631 
 122      5972440C 
 122      105D12FD 
 122      8AE4950E 
 123 0288 FB895D2E 		.ascii	"\373\211].\227\324,\267\034I9h\224\311\020E\215\310"
 123      97D42CB7 
 123      1C493968 
 123      94C91045 
 123      8DC8
 124 029a BA4F098A 		.ascii	"\272O\011\212\242=\254\021\257\243x\337AWQA\001\223"
 124      A23DAC11 
 124      AFA378DF 
 124      41575141 
 124      0193
 125 02ac 2E8A615F 		.ascii	".\212a_P\337!\352\025 \357\024B\252R\246J\001W\251\317"
 125      50DF21EA 
 125      1520EF14 
 125      42AA52A6 
 125      4A0157A9 
ARM GAS  C:\Users\prana\AppData\Local\Temp\ccJqU4ZX.s 			page 9


 126 02c1 4F3457EE 		.ascii	"O4W\356\321\035\333\363\0049\022R\211\246\011!M\221"
 126      D11DDBF3 
 126      04391252 
 126      89A60921 
 126      4D91
 127 02d3 5DB24A24 		.ascii	"]\262J$]Q\005\217\333\363\253\303\027\010)\252.\224"
 127      5D51058F 
 127      DBF3ABC3 
 127      170829AA 
 127      2E94
 128 02e5 05C382A4 		.ascii	"\005\303\202\244\006\204B\267\307]@\255\374\240\022"
 128      068442B7 
 128      C75D40AD 
 128      FCA012
 129 02f4 24F9443A 		.ascii	"$\371D:\354\023|A\331\037\366\022! \311\345\276 \021"
 129      EC137C41 
 129      D91FF612 
 129      2120C9E5 
 129      BE2011
 130 0307 442F2995 		.ascii	"D/)\225\302~]\324#!\242\271\313\231\025\311R\216\374"
 130      C27E5DD4 
 130      2321A2B9 
 130      CB9915C9 
 130      528EFC
 131 031a AF4AB488 		.ascii	"\257J\264\210&\210\232\356EY\224\337XL\202D\225t\342"
 131      26889AEE 
 131      455994DF 
 131      584C8244 
 131      9574E2
 132 032d 150F2861 		.ascii	"\025\017(aU&\302\376\003J\221\007ei\023\275\222.\271"
 132      5526C2FE 
 132      034A9107 
 132      656913BD 
 132      922EB9
 133 0340 65E60797 		.ascii	"e\346\007\227\345\242\226"
 133      E5A296
 134              		.text
 135              		.section	.gnu.lto_.symtab.b369a26f,"",%progbits
 136 0000 63795F6D 		.ascii	"cy_meta_loadable\000"
 136      6574615F 
 136      6C6F6164 
 136      61626C65 
 136      00
 137 0011 00       		.ascii	"\000"
 138 0012 00       		.ascii	"\000"
 139 0013 00       		.ascii	"\000"
 140 0014 00000000 		.ascii	"\000\000\000\000\000\000\000\000"
 140      00000000 
 141 001c CA000000 		.ascii	"\312\000\000\000"
 142              		.text
 143              		.section	.gnu.lto_.opts,"",%progbits
 144 0000 272D666D 		.ascii	"'-fmath-errno' '-fsigned-zeros' '-ftrapping-math' '"
 144      6174682D 
 144      6572726E 
 144      6F272027 
 144      2D667369 
 145 0033 2D666E6F 		.ascii	"-fno-trapv' '-fno-openmp' '-fno-openacc' '-mcpu=cor"
ARM GAS  C:\Users\prana\AppData\Local\Temp\ccJqU4ZX.s 			page 10


 145      2D747261 
 145      70762720 
 145      272D666E 
 145      6F2D6F70 
 146 0066 7465782D 		.ascii	"tex-m0' '-mthumb' '-g' '-Os' '-Werror' '-ffunction-"
 146      6D302720 
 146      272D6D74 
 146      68756D62 
 146      2720272D 
 147 0099 73656374 		.ascii	"sections' '-ffat-lto-objects' '-finline-functions' "
 147      696F6E73 
 147      2720272D 
 147      66666174 
 147      2D6C746F 
 148 00cc 272D666C 		.ascii	"'-flto' '-fno-strict-aliasing'\000"
 148      746F2720 
 148      272D666E 
 148      6F2D7374 
 148      72696374 
 149              		.text
 150              		.cfi_sections	.debug_frame
 151              		.global	cy_meta_loadable
 152              		.section	.cyloadablemeta,"a",%progbits
 153              		.type	cy_meta_loadable, %object
 154              		.size	cy_meta_loadable, 64
 155              	cy_meta_loadable:
 156 0000 00       		.byte	0
 157 0001 00       		.byte	0
 158 0002 00       		.byte	0
 159 0003 00       		.byte	0
 160 0004 00       		.byte	0
 161 0005 00       		.byte	0
 162 0006 00       		.byte	0
 163 0007 00       		.byte	0
 164 0008 00       		.byte	0
 165 0009 00       		.byte	0
 166 000a 00       		.byte	0
 167 000b 00       		.byte	0
 168 000c 00       		.byte	0
 169 000d 00       		.byte	0
 170 000e 00       		.byte	0
 171 000f 00       		.byte	0
 172 0010 00       		.byte	0
 173 0011 00       		.byte	0
 174 0012 00       		.byte	0
 175 0013 00       		.byte	0
 176 0014 FF       		.byte	-1
 177 0015 FF       		.byte	-1
 178 0016 59       		.byte	89
 179 0017 43       		.byte	67
 180 0018 02       		.byte	2
 181 0019 00       		.byte	0
 182 001a 00       		.byte	0
 183 001b 00       		.byte	0
 184 001c 00       		.byte	0
 185 001d 00       		.byte	0
 186 001e 00       		.byte	0
ARM GAS  C:\Users\prana\AppData\Local\Temp\ccJqU4ZX.s 			page 11


 187 001f 00       		.byte	0
 188 0020 00       		.byte	0
 189 0021 00       		.byte	0
 190 0022 00       		.byte	0
 191 0023 00       		.byte	0
 192 0024 00       		.byte	0
 193 0025 00       		.byte	0
 194 0026 00       		.byte	0
 195 0027 00       		.byte	0
 196 0028 00       		.byte	0
 197 0029 00       		.byte	0
 198 002a 00       		.byte	0
 199 002b 00       		.byte	0
 200 002c 00       		.byte	0
 201 002d 00       		.byte	0
 202 002e 00       		.byte	0
 203 002f 00       		.byte	0
 204 0030 00       		.byte	0
 205 0031 00       		.byte	0
 206 0032 00       		.byte	0
 207 0033 00       		.byte	0
 208 0034 00       		.byte	0
 209 0035 00       		.byte	0
 210 0036 00       		.byte	0
 211 0037 00       		.byte	0
 212 0038 00       		.byte	0
 213 0039 00       		.byte	0
 214 003a 00       		.byte	0
 215 003b 00       		.byte	0
 216 003c 00       		.byte	0
 217 003d 00       		.byte	0
 218 003e 00       		.byte	0
 219 003f 00       		.byte	0
 220              		.text
 221              	.Letext0:
 222              		.file 1 "c:\\program files (x86)\\cypress\\psoc creator\\4.4\\psoc creator\\import\\gnu\\arm\\5.4.
 223              		.file 2 "c:\\program files (x86)\\cypress\\psoc creator\\4.4\\psoc creator\\import\\gnu\\arm\\5.4.
 224              		.file 3 "Generated_Source\\PSoC4\\cymetadata.c"
 225              		.section	.debug_info,"",%progbits
 226              	.Ldebug_info0:
 227 0000 A8000000 		.4byte	0xa8
 228 0004 0400     		.2byte	0x4
 229 0006 00000000 		.4byte	.Ldebug_abbrev0
 230 000a 04       		.byte	0x4
 231 000b 01       		.uleb128 0x1
 232 000c 8D000000 		.4byte	.LASF12
 233 0010 0C       		.byte	0xc
 234 0011 18000000 		.4byte	.LASF13
 235 0015 90010000 		.4byte	.LASF14
 236 0019 00000000 		.4byte	.Ldebug_line0
 237 001d 02       		.uleb128 0x2
 238 001e 01       		.byte	0x1
 239 001f 06       		.byte	0x6
 240 0020 84010000 		.4byte	.LASF0
 241 0024 03       		.uleb128 0x3
 242 0025 00000000 		.4byte	.LASF9
 243 0029 01       		.byte	0x1
ARM GAS  C:\Users\prana\AppData\Local\Temp\ccJqU4ZX.s 			page 12


 244 002a 1D       		.byte	0x1d
 245 002b 2F000000 		.4byte	0x2f
 246 002f 02       		.uleb128 0x2
 247 0030 01       		.byte	0x1
 248 0031 08       		.byte	0x8
 249 0032 0A000000 		.4byte	.LASF1
 250 0036 02       		.uleb128 0x2
 251 0037 02       		.byte	0x2
 252 0038 05       		.byte	0x5
 253 0039 71010000 		.4byte	.LASF2
 254 003d 02       		.uleb128 0x2
 255 003e 02       		.byte	0x2
 256 003f 07       		.byte	0x7
 257 0040 4E000000 		.4byte	.LASF3
 258 0044 02       		.uleb128 0x2
 259 0045 04       		.byte	0x4
 260 0046 05       		.byte	0x5
 261 0047 7B010000 		.4byte	.LASF4
 262 004b 02       		.uleb128 0x2
 263 004c 04       		.byte	0x4
 264 004d 07       		.byte	0x7
 265 004e 3C000000 		.4byte	.LASF5
 266 0052 02       		.uleb128 0x2
 267 0053 08       		.byte	0x8
 268 0054 05       		.byte	0x5
 269 0055 63010000 		.4byte	.LASF6
 270 0059 02       		.uleb128 0x2
 271 005a 08       		.byte	0x8
 272 005b 07       		.byte	0x7
 273 005c 6E000000 		.4byte	.LASF7
 274 0060 04       		.uleb128 0x4
 275 0061 04       		.byte	0x4
 276 0062 05       		.byte	0x5
 277 0063 696E7400 		.ascii	"int\000"
 278 0067 02       		.uleb128 0x2
 279 0068 04       		.byte	0x4
 280 0069 07       		.byte	0x7
 281 006a 61000000 		.4byte	.LASF8
 282 006e 03       		.uleb128 0x3
 283 006f 85000000 		.4byte	.LASF10
 284 0073 02       		.byte	0x2
 285 0074 18       		.byte	0x18
 286 0075 24000000 		.4byte	0x24
 287 0079 05       		.uleb128 0x5
 288 007a 90000000 		.4byte	0x90
 289 007e 89000000 		.4byte	0x89
 290 0082 06       		.uleb128 0x6
 291 0083 89000000 		.4byte	0x89
 292 0087 3F       		.byte	0x3f
 293 0088 00       		.byte	0
 294 0089 02       		.uleb128 0x2
 295 008a 04       		.byte	0x4
 296 008b 07       		.byte	0x7
 297 008c 5A010000 		.4byte	.LASF11
 298 0090 07       		.uleb128 0x7
 299 0091 6E000000 		.4byte	0x6e
 300 0095 08       		.uleb128 0x8
ARM GAS  C:\Users\prana\AppData\Local\Temp\ccJqU4ZX.s 			page 13


 301 0096 49010000 		.4byte	.LASF15
 302 009a 03       		.byte	0x3
 303 009b 1F       		.byte	0x1f
 304 009c A6000000 		.4byte	0xa6
 305 00a0 05       		.uleb128 0x5
 306 00a1 03       		.byte	0x3
 307 00a2 00000000 		.4byte	cy_meta_loadable
 308 00a6 07       		.uleb128 0x7
 309 00a7 79000000 		.4byte	0x79
 310 00ab 00       		.byte	0
 311              		.section	.debug_abbrev,"",%progbits
 312              	.Ldebug_abbrev0:
 313 0000 01       		.uleb128 0x1
 314 0001 11       		.uleb128 0x11
 315 0002 01       		.byte	0x1
 316 0003 25       		.uleb128 0x25
 317 0004 0E       		.uleb128 0xe
 318 0005 13       		.uleb128 0x13
 319 0006 0B       		.uleb128 0xb
 320 0007 03       		.uleb128 0x3
 321 0008 0E       		.uleb128 0xe
 322 0009 1B       		.uleb128 0x1b
 323 000a 0E       		.uleb128 0xe
 324 000b 10       		.uleb128 0x10
 325 000c 17       		.uleb128 0x17
 326 000d 00       		.byte	0
 327 000e 00       		.byte	0
 328 000f 02       		.uleb128 0x2
 329 0010 24       		.uleb128 0x24
 330 0011 00       		.byte	0
 331 0012 0B       		.uleb128 0xb
 332 0013 0B       		.uleb128 0xb
 333 0014 3E       		.uleb128 0x3e
 334 0015 0B       		.uleb128 0xb
 335 0016 03       		.uleb128 0x3
 336 0017 0E       		.uleb128 0xe
 337 0018 00       		.byte	0
 338 0019 00       		.byte	0
 339 001a 03       		.uleb128 0x3
 340 001b 16       		.uleb128 0x16
 341 001c 00       		.byte	0
 342 001d 03       		.uleb128 0x3
 343 001e 0E       		.uleb128 0xe
 344 001f 3A       		.uleb128 0x3a
 345 0020 0B       		.uleb128 0xb
 346 0021 3B       		.uleb128 0x3b
 347 0022 0B       		.uleb128 0xb
 348 0023 49       		.uleb128 0x49
 349 0024 13       		.uleb128 0x13
 350 0025 00       		.byte	0
 351 0026 00       		.byte	0
 352 0027 04       		.uleb128 0x4
 353 0028 24       		.uleb128 0x24
 354 0029 00       		.byte	0
 355 002a 0B       		.uleb128 0xb
 356 002b 0B       		.uleb128 0xb
 357 002c 3E       		.uleb128 0x3e
ARM GAS  C:\Users\prana\AppData\Local\Temp\ccJqU4ZX.s 			page 14


 358 002d 0B       		.uleb128 0xb
 359 002e 03       		.uleb128 0x3
 360 002f 08       		.uleb128 0x8
 361 0030 00       		.byte	0
 362 0031 00       		.byte	0
 363 0032 05       		.uleb128 0x5
 364 0033 01       		.uleb128 0x1
 365 0034 01       		.byte	0x1
 366 0035 49       		.uleb128 0x49
 367 0036 13       		.uleb128 0x13
 368 0037 01       		.uleb128 0x1
 369 0038 13       		.uleb128 0x13
 370 0039 00       		.byte	0
 371 003a 00       		.byte	0
 372 003b 06       		.uleb128 0x6
 373 003c 21       		.uleb128 0x21
 374 003d 00       		.byte	0
 375 003e 49       		.uleb128 0x49
 376 003f 13       		.uleb128 0x13
 377 0040 2F       		.uleb128 0x2f
 378 0041 0B       		.uleb128 0xb
 379 0042 00       		.byte	0
 380 0043 00       		.byte	0
 381 0044 07       		.uleb128 0x7
 382 0045 26       		.uleb128 0x26
 383 0046 00       		.byte	0
 384 0047 49       		.uleb128 0x49
 385 0048 13       		.uleb128 0x13
 386 0049 00       		.byte	0
 387 004a 00       		.byte	0
 388 004b 08       		.uleb128 0x8
 389 004c 34       		.uleb128 0x34
 390 004d 00       		.byte	0
 391 004e 03       		.uleb128 0x3
 392 004f 0E       		.uleb128 0xe
 393 0050 3A       		.uleb128 0x3a
 394 0051 0B       		.uleb128 0xb
 395 0052 3B       		.uleb128 0x3b
 396 0053 0B       		.uleb128 0xb
 397 0054 49       		.uleb128 0x49
 398 0055 13       		.uleb128 0x13
 399 0056 3F       		.uleb128 0x3f
 400 0057 19       		.uleb128 0x19
 401 0058 02       		.uleb128 0x2
 402 0059 18       		.uleb128 0x18
 403 005a 00       		.byte	0
 404 005b 00       		.byte	0
 405 005c 00       		.byte	0
 406              		.section	.debug_aranges,"",%progbits
 407 0000 14000000 		.4byte	0x14
 408 0004 0200     		.2byte	0x2
 409 0006 00000000 		.4byte	.Ldebug_info0
 410 000a 04       		.byte	0x4
 411 000b 00       		.byte	0
 412 000c 0000     		.2byte	0
 413 000e 0000     		.2byte	0
 414 0010 00000000 		.4byte	0
ARM GAS  C:\Users\prana\AppData\Local\Temp\ccJqU4ZX.s 			page 15


 415 0014 00000000 		.4byte	0
 416              		.section	.debug_line,"",%progbits
 417              	.Ldebug_line0:
 418 0000 3D010000 		.section	.debug_str,"MS",%progbits,1
 418      02003701 
 418      00000201 
 418      FB0E0D00 
 418      01010101 
 419              	.LASF9:
 420 0000 5F5F7569 		.ascii	"__uint8_t\000"
 420      6E74385F 
 420      7400
 421              	.LASF1:
 422 000a 756E7369 		.ascii	"unsigned char\000"
 422      676E6564 
 422      20636861 
 422      7200
 423              	.LASF13:
 424 0018 47656E65 		.ascii	"Generated_Source\\PSoC4\\cymetadata.c\000"
 424      72617465 
 424      645F536F 
 424      75726365 
 424      5C50536F 
 425              	.LASF5:
 426 003c 6C6F6E67 		.ascii	"long unsigned int\000"
 426      20756E73 
 426      69676E65 
 426      6420696E 
 426      7400
 427              	.LASF3:
 428 004e 73686F72 		.ascii	"short unsigned int\000"
 428      7420756E 
 428      7369676E 
 428      65642069 
 428      6E7400
 429              	.LASF8:
 430 0061 756E7369 		.ascii	"unsigned int\000"
 430      676E6564 
 430      20696E74 
 430      00
 431              	.LASF7:
 432 006e 6C6F6E67 		.ascii	"long long unsigned int\000"
 432      206C6F6E 
 432      6720756E 
 432      7369676E 
 432      65642069 
 433              	.LASF10:
 434 0085 75696E74 		.ascii	"uint8_t\000"
 434      385F7400 
 435              	.LASF12:
 436 008d 474E5520 		.ascii	"GNU C11 5.4.1 20160609 (release) [ARM/embedded-5-br"
 436      43313120 
 436      352E342E 
 436      31203230 
 436      31363036 
 437 00c0 616E6368 		.ascii	"anch revision 237715] -mcpu=cortex-m0 -mthumb -g -O"
 437      20726576 
ARM GAS  C:\Users\prana\AppData\Local\Temp\ccJqU4ZX.s 			page 16


 437      6973696F 
 437      6E203233 
 437      37373135 
 438 00f3 73202D66 		.ascii	"s -ffunction-sections -ffat-lto-objects -finline-fu"
 438      66756E63 
 438      74696F6E 
 438      2D736563 
 438      74696F6E 
 439 0126 6E637469 		.ascii	"nctions -flto -fno-strict-aliasing\000"
 439      6F6E7320 
 439      2D666C74 
 439      6F202D66 
 439      6E6F2D73 
 440              	.LASF15:
 441 0149 63795F6D 		.ascii	"cy_meta_loadable\000"
 441      6574615F 
 441      6C6F6164 
 441      61626C65 
 441      00
 442              	.LASF11:
 443 015a 73697A65 		.ascii	"sizetype\000"
 443      74797065 
 443      00
 444              	.LASF6:
 445 0163 6C6F6E67 		.ascii	"long long int\000"
 445      206C6F6E 
 445      6720696E 
 445      7400
 446              	.LASF2:
 447 0171 73686F72 		.ascii	"short int\000"
 447      7420696E 
 447      7400
 448              	.LASF4:
 449 017b 6C6F6E67 		.ascii	"long int\000"
 449      20696E74 
 449      00
 450              	.LASF0:
 451 0184 7369676E 		.ascii	"signed char\000"
 451      65642063 
 451      68617200 
 452              	.LASF14:
 453 0190 443A5C56 		.ascii	"D:\\V-TE-PWR\\PDSS_SRC_SNK\\CYPD3171-24LQXQ_pb\\CYP"
 453      2D54452D 
 453      5057525C 
 453      50445353 
 453      5F535243 
 454 01bf 44333137 		.ascii	"D3171-24LQXQ_pb.cydsn\000"
 454      312D3234 
 454      4C515851 
 454      5F70622E 
 454      63796473 
 455              		.comm	__gnu_lto_v1,1,1
 456              		.ident	"GCC: (GNU Tools for ARM Embedded Processors) 5.4.1 20160609 (release) [ARM/embedded-5-bran
