ARM GAS  C:\Users\prana\AppData\Local\Temp\cc06B4Up.s 			page 1


   1              		.syntax unified
   2              		.cpu cortex-m0
   3              		.fpu softvfp
   4              		.eabi_attribute 20, 1
   5              		.eabi_attribute 21, 1
   6              		.eabi_attribute 23, 3
   7              		.eabi_attribute 24, 1
   8              		.eabi_attribute 25, 1
   9              		.eabi_attribute 26, 1
  10              		.eabi_attribute 30, 4
  11              		.eabi_attribute 34, 0
  12              		.eabi_attribute 18, 4
  13              		.thumb
  14              		.syntax unified
  15              		.file	"DIR_CTRL_C.c"
  16              		.text
  17              	.Ltext0:
  18              		.section	.gnu.lto_.profile.b369d309,"",%progbits
  19 0000 789C6361 		.ascii	"x\234ca`d`a`\000\222J2\000\000\312\000I"
  19      60646061 
  19      6000924A 
  19      320000CA 
  19      0049
  20              		.text
  21              		.section	.gnu.lto_.icf.b369d309,"",%progbits
  22 0000 789C6361 		.ascii	"x\234ca`d\000\0015\006\004`c84\341\315\014>\306_\227"
  22      60640001 
  22      35060460 
  22      633834E1 
  22      CD0C3EC6 
  23 0016 669D6261 		.ascii	"f\235ba\372zq\356\022>\346W\247f\267p\261<oZ\272\231"
  23      FA7A71EE 
  23      123EE657 
  23      A766B770 
  23      B13C6F5A 
  24 002c 87F5FDB6 		.ascii	"\207\365\375\266\267\353x\031\000l\014\022e"
  24      B7EB7819 
  24      006C0C12 
  24      65
  25              		.text
  26              		.section	.gnu.lto_.jmpfuncs.b369d309,"",%progbits
  27 0000 789C45C9 		.ascii	"x\234E\311\261\001\000 \010\300\260\026\320+\374\225"
  27      B1010020 
  27      08C0B016 
  27      D02BFC95 
  28 0010 D795C90C 		.ascii	"\327\225\311\014]Z\3108|\033\265\235\004$Thv\257\367"
  28      5D5AC838 
  28      7C1BB59D 
  28      04245468 
  28      76AFF7
  29 0023 2E215502 		.ascii	".!U\002@"
  29      40
  30              		.text
  31              		.section	.gnu.lto_.inline.b369d309,"",%progbits
  32 0000 789C658C 		.ascii	"x\234e\214\313\015\2000\014C\2354M\213\204\004\033t"
  32      CB0D8030 
  32      0C439D34 
ARM GAS  C:\Users\prana\AppData\Local\Temp\cc06B4Up.s 			page 2


  32      4D8B8404 
  32      1B74
  33 0012 0346E89A 		.ascii	"\003F\350\232\\;\012#0\012#\220H(\010\341\203\017\317"
  33      5C3B0A23 
  33      300A2390 
  33      482808E1 
  33      830FCF
  34 0025 1F01C1B5 		.ascii	"\037\001\301\265\343\225\002E\211P-\342zt\350h\354\201"
  34      E3950245 
  34      89502DE2 
  34      7A74E868 
  34      EC81
  35 0037 A1F2F014 		.ascii	"\241\362\360\024\234\317E<dd!\260\214\026\375\364G\202"
  35      9CCF453C 
  35      646421B0 
  35      8C16FDF4 
  35      4782
  36 0049 A91263B5 		.ascii	"\251\022c\265\013r\223\357\217\331\354\265\014\315\266"
  36      0B7293EF 
  36      8FD9ECB5 
  36      0CCDB6
  37 0058 D46B8B25 		.ascii	"\324k\213%n2B\016g"
  37      6E32420E 
  37      67
  38              		.text
  39              		.section	.gnu.lto_.pureconst.b369d309,"",%progbits
  40 0000 789C6361 		.ascii	"x\234ca`d\340e```c\220b\224b\222b\226b\221b\225\002"
  40      6064E065 
  40      60606063 
  40      90629462 
  40      92629662 
  41 0018 00059500 		.ascii	"\000\005\225\000\304"
  41      C4
  42              		.text
  43              		.section	.gnu.lto_DIR_CTRL_C_SetDriveMode.b369d309,"",%progbits
  44 0000 789C7D50 		.ascii	"x\234}PM+Da\024>\317\373\336\271F\302V\231\205\205\232"
  44      4D2B4461 
  44      143ECFFB 
  44      DEB946C2 
  44      56998585 
  45 0015 A4A4F807 		.ascii	"\244\244\370\007\243\244,\246aI\223\270K\246&\326\336"
  45      A3A42CA6 
  45      614993B8 
  45      4BA626D6 
  45      DE
  46 0026 F9B891D5 		.ascii	"\371\270\221\325\224(I6\344\233&Ev\323\210%\033YJ\026"
  46      94284936 
  46      E49B2645 
  46      76D38825 
  46      1B594A16 
  47 003a 5759CDF8 		.ascii	"WY\315\370\250I\270\316\231k\355\324\371xO\317\363\234"
  47      A849B8CE 
  47      996BEDD4 
  47      F9784FCF 
  47      F39C
  48 004c 735E8B40 		.ascii	"s^\213@b\353\234\2729\267\263C\023T\341\206(\023V\200"
  48      62EB9CBA 
ARM GAS  C:\Users\prana\AppData\Local\Temp\cc06B4Up.s 			page 3


  48      39B7B343 
  48      1354E186 
  48      28135680 
  49 0060 14260C9A 		.ascii	"\024&\014\232W\230\307\207\372V(/x\027\252k\307\260"
  49      5798C787 
  49      FA56282F 
  49      7817AA6B 
  49      C7B0
  50 0072 3DBA5E3C 		.ascii	"=\272^<c\3346W\023\371\252\256D\330A\027\243\336N\267"
  50      63DC3657 
  50      13F9AAAE 
  50      44D84117 
  50      A3DE4EB7 
  51 0086 979B7414 		.ascii	"\227\233t\024\304u\365\246\362\320\022\3356&kLq\334"
  51      C475F5A6 
  51      F2D012DD 
  51      36266B4C 
  51      71DC
  52 0098 685703BB 		.ascii	"hW\003\273\320\314@_\004\275\021\342\006a\017Q\001?"
  52      D0CC405F 
  52      04BD11E2 
  52      06610F51 
  52      013F
  53 00aa 157F569A 		.ascii	"\025\177V\232\355\274\310w\004\242\330\207-k\236$J\306"
  53      EDBCC877 
  53      04A2D887 
  53      2D6B9E24 
  53      4AC6
  54 00bc F773A674 		.ascii	"\367s\246tj_\235\331a\3054\245%X\020rHJ[\002Q\205]6"
  54      6A5F9DD9 
  54      61C534A5 
  54      25581072 
  54      484A5B02 
  55 00d4 AF2A2559 		.ascii	"\257*%Y{(\177.\335\257\331\"\225\323r\305\252[\276m"
  55      7B287F2E 
  55      DDAFD922 
  55      95D372C5 
  55      AA5BBE6D 
  56 00e8 7857AED6 		.ascii	"xW\256\326\365\025\317/3\317*x.\346\013\306\342V\241"
  56      F515CF2F 
  56      33CF2A78 
  56      2EE60BC6 
  56      E256A1
  57 00fb 5634D626 		.ascii	"V4\326&62y\270\332\302!\"8@\204\3279\302&\310C\356\353"
  57      363279B8 
  57      DAC22122 
  57      384084D7 
  57      39C226C8 
  58 0112 4F4E078A 		.ascii	"ON\007\212w\371\255\207F\221P\250\371\276\337\212cF"
  58      77F9AD87 
  58      469150A8 
  58      F9BEDF8A 
  58      6346
  59 0124 7BC8BE36 		.ascii	"{\310\2766\004\260PN[B\253\375\321\002f\210[\345UH\353"
  59      04B0504E 
  59      5B42ABFD 
  59      D1026688 
ARM GAS  C:\Users\prana\AppData\Local\Temp\cc06B4Up.s 			page 4


  59      5BE55548 
  60 0139 BF99273C 		.ascii	"\277\231'<\223)\364\202l\351\374Z\011\274\376\333\025"
  60      9329F482 
  60      6CE9FC5A 
  60      09BCFEDB 
  60      15
  61 014a 053990CF 		.ascii	"\0059\220\317\355\034tf\234\364\304\2543\225\034I\315"
  61      ED1C7466 
  61      9CF4C4AC 
  61      33951C49 
  61      CD
  62 015b A5279DB1 		.ascii	"\245'\235\261\370H*\326?60\224H\306F\023\303\311X\317"
  62      F8482AD6 
  62      3F363094 
  62      48C64613 
  62      C3C958CF 
  63 016f 2459D3A9 		.ascii	"$Y\323\251)\347\027G\243\223L"
  63      29E71747 
  63      A3934C
  64              		.text
  65              		.section	.gnu.lto_DIR_CTRL_C_Write.b369d309,"",%progbits
  66 0000 789C5551 		.ascii	"x\234UQMk\023Q\024\275\347\275\231Lh\310\322\225A\272"
  66      4D6B1351 
  66      14BDE7BD 
  66      994C68C8 
  66      D29541BA 
  67 0014 B0842E94 		.ascii	"\260\204.\224\242\376\000!B\021\\H*.$\020B;\273`!\330"
  67      A2FE0021 
  67      42115C48 
  67      2A2E2410 
  67      423BBB60 
  68 002a 6EFBF2D5 		.ascii	"n\373\362\325\200n\352\302\272\020\333\205H\353g\215"
  68      806EEAC2 
  68      BA10DB85 
  68      48EB678D 
  69 003a D082E062 		.ascii	"\320\202\340b\234M\027J\304\352\242B\025-\230R]\030"
  69      9C4D174A 
  69      C4EAA242 
  69      152D9852 
  69      5D18
  70 004c A545B1B6 		.ascii	"\245E\261\266\361\336y\033s\2317\357\315\231s\316\234"
  70      F1DE791B 
  70      739937EF 
  70      CD9973CE 
  70      9C
  71 005d 7BC72190 		.ascii	"{\307!\220\324iEt\202\367\303\274\240\011j\246ET\216"
  71      D4694574 
  71      82F7C3BC 
  71      A0096AA6 
  71      45548E
  72 0070 2B400E26 		.ascii	"+@\016&\016\232R\230\302\256\332W\010\033\355gjp\301"
  72      0E9A5298 
  72      C2AEDA57 
  72      081BED67 
  72      6A70C1
  73 0083 707DFAF2 		.ascii	"p}\372\362k\310,\006\250k\242\256\212\234\010\013\030"
  73      6BC82C06 
ARM GAS  C:\Users\prana\AppData\Local\Temp\cc06B4Up.s 			page 5


  73      A86BA2AE 
  73      8A9C080B 
  73      18
  74 0094 64D6D6F3 		.ascii	"d\326\326\363\306;\3504\210\317\323\341n'\221\276kL"
  74      C63BE834 
  74      88CFD3E1 
  74      6E2791BE 
  74      6B4C
  75 00a6 C598BD9C 		.ascii	"\305\230\275\234\321u\015,B\263\002'S\030J\021\003\204"
  75      D1750D2C 
  75      42B30227 
  75      53184A11 
  75      0384
  76 00b8 7B480B79 		.ascii	"{H\013y;\274V\324\307\"\335\352\312\365.\006\356\210"
  76      3BBC56D4 
  76      C722DDEA 
  76      CAF52E06 
  76      EE88
  77 00ca 2E78BB9A 		.ascii	".x\273\232\274i\202r\277h\357\377\257\225b\356f\363"
  77      BC698272 
  77      BF68EFFF 
  77      AF9562EE 
  77      66F3
  78 00dc E0463256 		.ascii	"\340F2V\223T\375x\200\001\233\007\017\021\343\016!\310"
  78      9354FD78 
  78      80019B07 
  78      0F11E30E 
  78      21C8
  79 00ee 523630DD 		.ascii	"R60\335n\325\004o\274\027\353^\237\342\257*\3157\355"
  79      6ED5046F 
  79      BC17EB5E 
  79      9FE2AF2A 
  79      CD37ED
  80 0101 90BC7621 		.ascii	"\220\274v!\011b\002x\021\020\027\002Q\207\227\014\341"
  80      09620278 
  80      11101702 
  80      5187970C 
  80      E1
  81 0112 8752B2EB 		.ascii	"\207R\262\3536\302?W[s\223b]\3252\220\331z\370\332\333"
  81      36C23F57 
  81      5B739362 
  81      5DD53290 
  81      D97AF8DA 
  82 0127 5175ED44 		.ascii	"Qu\355D\251\367Z;\337\023\366\321\324f\214\303\320\255"
  82      A9F75A3B 
  82      DF13F6D1 
  82      D4668CC3 
  82      D0AD
  83 0139 E5950FC9 		.ascii	"\345\225\017\311y\334.\327xT.\036#\205G\340\350X\302"
  83      79DC2ED7 
  83      78542E1E 
  83      238547E0 
  83      E858C2
  84 014c 3CA88DCA 		.ascii	"<\250\215\312\317\306\206\262\206\232=\031\251\376\235"
  84      CFC686B2 
  84      869A3D19 
  84      A9FE9D
ARM GAS  C:\Users\prana\AppData\Local\Temp\cc06B4Up.s 			page 6


  85 015b DE80451C 		.ascii	"\336\200E\034\006\331c\375\333\332\313\310V\343\000"
  85      06D963FD 
  85      DBDACBC8 
  85      56E300
  86 016a 78C2F24D 		.ascii	"x\302\362MD\032\311\312,+Z;bE|\271,Zn\274j\366\211\010"
  86      441AC9CA 
  86      2C2B5A3B 
  86      62457CB9 
  86      2C5A6EBC 
  87 0182 5C4DD630 		.ascii	"\\M\3260\351w\314R\274\310:\326k\343\3314\037\347.Y"
  87      E977CC52 
  87      BCC83AD6 
  87      6BE3D934 
  87      1FE72E59 
  88 0196 52DC42E1 		.ascii	"R\334B\341\354\347C\002\364\364R6&\321\333\316Sn\207"
  88      ECE74302 
  88      F4F45236 
  88      26D1DBCE 
  88      536E87
  89 01a9 35F41595 		.ascii	"5\364\025\225\340\375\260\010\242\337\323Q\220\321\361"
  89      E0FDB008 
  89      A2DFD351 
  89      90D1F1
  90 01b8 208F0EFB 		.ascii	" \217\016\373\227\375R\341\212?\226\037\031\237(\215"
  90      97FD52E1 
  90      8A3F961F 
  90      199F288D 
  91 01c8 FAB9F323 		.ascii	"\372\271\363#\343\231S\2713g\263\371\314\205\354\271"
  91      E39953B9 
  91      3367B3F9 
  91      CC85ECB9 
  92 01d8 7CE6F828 		.ascii	"|\346\370(\271\223\205\342\204\357\216\225.\026\212"
  92      B99385E2 
  92      84EF8E95 
  92      2E168A
  93 01e7 FF009C9A 		.ascii	"\377\000\234\232\310R"
  93      C852
  94              		.text
  95              		.section	.gnu.lto_DIR_CTRL_C_Read.b369d309,"",%progbits
  96 0000 789C2D4E 		.ascii	"x\234-N1HBQ\024\275\347\275\237\311\207\366 \207\206"
  96      31484251 
  96      14BDE7BD 
  96      9FC987F6 
  96      208786
  97 0013 085C22A8 		.ascii	"\010\\\"\250\245\331 \202\206\370:\205\360\011\373k"
  97      A5D92082 
  97      86F83A85 
  97      F009FB6B 
  98 0023 82D4EC53 		.ascii	"\202\324\354S\377G\210\006\227\222\206pK\255 $rh\010"
  98      FF478806 
  98      97928670 
  98      4BAD2024 
  98      726808
  99 0036 730A8ADC 		.ascii	"s\012\212\334\332\202\210ph\262(\202\250\354\336\354"
  99      DA828870 
  99      68B22882 
  99      A8ECDEEC 
ARM GAS  C:\Users\prana\AppData\Local\Temp\cc06B4Up.s 			page 7


 100 0046 C2E3DE7B 		.ascii	"\302\343\336{\336\271\347\034\213@R\243\334&\271\217"
 100      DEB9E71C 
 100      8B4052A3 
 100      DC26B98F 
 101 0056 F18326A8 		.ascii	"\361\203&\250\322-Q.\254\000\031L\030\224U\310\342]"
 101      D22D512E 
 101      AC00194C 
 101      189455C8 
 101      E25D
 102 0068 7D2B5C7F 		.ascii	"}+\\\177\\m\333\321\2521y\363\020\034\314\225k-\004"
 102      5C6DDBD1 
 102      AA3179F3 
 102      101CCC95 
 102      6B2D04
 103 007b 9AA8AF08 		.ascii	"\232\250\257\0103\021LGD\242\212(1\365\261\361\2633"
 103      33114C47 
 103      44A28A28 
 103      31F5B1F1 
 103      B333
 104 008d 12F20DD7 		.ascii	"\022\362\015\327\270\020\370\247\206\220X\2368-\323"
 104      B810F8A7 
 104      8690589E 
 104      382DD3
 105 009c EF174CEB 		.ascii	"\357\027L\353\324\276l\332C\212\002\315\276\201V\026"
 105      D4BE6CDA 
 105      438A02CD 
 105      BE815616 
 106 00ac 8918F598 		.ascii	"\211\030\365\230,\326/JI\327]\264?\267\356\352+r_\320"
 106      2CD62F4A 
 106      49D75DB4 
 106      3FB7EEEA 
 106      2B725FD0 
 107 00c0 12633768 		.ascii	"\022c7hw\206\337T\2405\304\352\274\334\274\320\203\325"
 107      7786DF54 
 107      A035C4EA 
 107      BCDCBCD0 
 107      83D5
 108 00d2 F74BC662 		.ascii	"\367K\306b\250s\277\327\263+\330\317\371\034\320\302"
 108      A873BFD7 
 108      B32BD8CF 
 108      F91CD0C2 
 109 00e2 2122A883 		.ascii	"!\"\250\203\343\341\010\025P\027\371\327\342\023\006"
 109      E3E10815 
 109      5017F9D7 
 109      E21306
 110 00f1 829A3519 		.ascii	"\202\2325\031)|\205\006\273\305\020+\234\025o\032\266"
 110      297C8506 
 110      BBC5102B 
 110      9C156F1A 
 110      B6
 111 0102 88128063 		.ascii	"\210\022\200c\276}\206\372'\320_HH8\216:\261\340\255"
 111      BE7D86FA 
 111      27D05F48 
 111      48388E3A 
 111      B1E0AD
 112 0115 7B99D50D 		.ascii	"{\231\325\015o\315\215\24773)/\271\034O\307f\223\363"
 112      6FCD8DA7 
ARM GAS  C:\Users\prana\AppData\Local\Temp\cc06B4Up.s 			page 8


 112      3733292F 
 112      B91C4FC7 
 112      6693F3
 113 0128 8B8E1B4B 		.ascii	"\213\216\033K8Knl*E\277\354Qh\351"
 113      384B6E6C 
 113      2A45BFEC 
 113      5168E9
 114              		.text
 115              		.section	.gnu.lto_DIR_CTRL_C_ReadDataReg.b369d309,"",%progbits
 116 0000 789C2D4E 		.ascii	"x\234-N\277KBa\024\275\347\373^&>\334\203\034\032\""
 116      BF4B4261 
 116      14BDE7FB 
 116      5E263EDC 
 116      831C1A22 
 117 0014 7089A096 		.ascii	"p\211\240\226f\203\010\032B\233Bx\204\2755Aj\366\323"
 117      6683081A 
 117      429B4278 
 117      84BD3541 
 117      6AF6D3
 118 0027 E7438806 		.ascii	"\347C\210\006\227j\220r\324J\010\011\233\315)(\354/"
 118      976A9072 
 118      D44A0809 
 118      9BCD2928 
 118      EC2F
 119 0039 0822C2A1 		.ascii	"\010\"\302\241\245\037XA\277\354\336\354\302\307\275"
 119      A51F5841 
 119      BFECDEEC 
 119      C2C7BD
 120 0048 F77CE79E 		.ascii	"\367|\347\236s,\002I\215p\233\340>\312\017\232\240J"
 120      732C0249 
 120      8D709BE0 
 120      3ECA0F9A 
 120      A04A
 121 005a 1DA25C50 		.ascii	"\035\242\\P\0012\230 (\253\220\305\253\372V\270|\277"
 121      01329820 
 121      28AB90C5 
 121      ABFA56B8 
 121      7CBF
 122 006c D80E45AB 		.ascii	"\330\016E\253\306\344\315\255\177:\273Wk\301\327D}E"
 122      C6E4CDAD 
 122      7F3ABB57 
 122      6BC1D744 
 122      7D45
 123 007e 988E602A 		.ascii	"\230\216`*\"\022UD\211\251w\215\237\235p\240`\270\306"
 123      22125544 
 123      89A9778D 
 123      9F9D70A0 
 123      60B8C6
 124 0091 84C03F35 		.ascii	"\204\300?5\004\304\362$\3362\375\276gZe\373\374\300"
 124      04C4F224 
 124      DE32FDBE 
 124      675A65FB 
 124      FCC0
 125 00a3 1E52E46B 		.ascii	"\036R\344k\366\365\265\262H\304\350\211\311b\375\254"
 125      F6F5B5B2 
 125      48C4E889 
 125      C962FDAC 
ARM GAS  C:\Users\prana\AppData\Local\Temp\cc06B4Up.s 			page 9


 126 00b3 9474DD45 		.ascii	"\224t\335E\373c\353\255\276\"\367\236\226\030\273~\373"
 126      FB63EBAD 
 126      BE22F79E 
 126      9618BB7E 
 126      FB
 127 00c4 7AB8A77C 		.ascii	"z\270\247|\255!V\237\235\336\243=XM\241d,\206\312\315"
 127      AD21569F 
 127      9DDEA33D 
 127      584DA164 
 127      2C86CACD 
 128 00d8 B39B7005 		.ascii	"\263\233p\005\373\271\002\007\264p\204\010\016\301\361"
 128      FBB90207 
 128      B4708408 
 128      0EC1F1
 129 00e7 708C0AA8 		.ascii	"p\214\012\250\213\374K\361\036\003A\315\232\214x_\201"
 129      8BFC4BF1 
 129      1E0341CD 
 129      9A8C785F 
 129      81
 130 00f8 C16E31C4 		.ascii	"\301n1\304\012\315\342U#$\242\004\240\316\267\017P\377"
 130      0ACDE255 
 130      2324A204 
 130      A0CEB70F 
 130      50FF
 131 010a 04FA0B09 		.ascii	"\004\372\013\011\011\307Q\307\347\335u7\263\272\341"
 131      09C751C7 
 131      E7DD7537 
 131      B3BAE1
 132 0119 AE3989F4 		.ascii	"\2569\211\364f&\345&\227\022\351\330Lrn!\356\304\226"
 132      6626E526 
 132      9712E9D8 
 132      4C726E21 
 132      EEC496
 133 012c E38B4E6C 		.ascii	"\343\213Nl2E\277S\321i\207"
 133      3245BF53 
 133      D16987
 134              		.text
 135              		.section	.gnu.lto_DIR_CTRL_C_SetInterruptMode.b369d309,"",%progbits
 136 0000 789C6D51 		.ascii	"x\234mQMh\023A\024\2367\263\233\335$\355\352\315\203"
 136      4D681341 
 136      149E37B3 
 136      9BDD24ED 
 136      EACD83
 137 0013 3DE46009 		.ascii	"=\344`\011\275\210\202\336<\231\202\010\"%\365X\010"
 137      BD8882DE 
 137      3C998208 
 137      2225F558 
 137      08
 138 0024 A58D9283 		.ascii	"\245\215\222\203Y\211\361\334Iv\223B)R\024\003\026C"
 138      5989F1DC 
 138      49769342 
 138      29521403 
 138      1643
 139 0036 415952AD 		.ascii	"AYR\255\332\237\324\202=\255\001\361`U\352\017b\005"
 139      DA9FD482 
 139      3DAD01F1 
 139      6055EA0F 
ARM GAS  C:\Users\prana\AppData\Local\Temp\cc06B4Up.s 			page 10


 139      6205
 140 0048 D1AA2914 		.ascii	"\321\252)\024\017imQ\2126\276\267\233K\301\201\335\231"
 140      0F696D51 
 140      8A36BEB7 
 140      9B4BC181 
 140      DD99
 141 005a F7F17DDF 		.ascii	"\367\361}\337|\357\215\302\200\321\252p\306N\340~\020"
 141      7CEF8DC2 
 141      80D1AA70 
 141      C64EE07E 
 141      10
 142 006b 3F100CF8 		.ascii	"?\020\014\370\330K\306r:\007\240\203\324\201\015q\030"
 142      D84BC672 
 142      3A07A083 
 142      D4810D71 
 142      18
 143 007c 826DFE97 		.ascii	"\202m\376\227Cm\270\376\230wU$\256\317\337\327\216\312"
 143      436DB8FE 
 143      98775524 
 143      AECFDFD7 
 143      8ECA
 144 008e 49170A82 		.ascii	"I\027\012\202\261&\367\234\030T\240\013YO\233\277\334"
 144      B126F79C 
 144      1854A00B 
 144      594F9BBF 
 144      DC
 145 009f 7D5BBC20 		.ascii	"}[\274 \000H\364\272\261T\016S\311a?\226\343\353N\311"
 145      0048F4BA 
 145      B1540E53 
 145      C9613F96 
 145      E3EB4EC9 
 146 00b3 10516078 		.ascii	"\020Q`x^\233\277\375>\024u\244\314KY\355\227jA\010\270"
 146      5E9BBFFD 
 146      3E1475A4 
 146      CC4B59ED 
 146      976A4108 
 147 00c8 0702FDE0 		.ascii	"\007\002\375\340.t\300$t0\204\030LA\024\331?\253\316"
 147      2E74C024 
 147      74308418 
 147      4C4114D9 
 147      3FABCE
 148 00db F5B038E2 		.ascii	"\365\2608\342)7-\307jk)\267[\312\373\377Q>\200(\321"
 148      29372DC7 
 148      6A6B29B7 
 148      5BCAFBFF 
 148      513E8028 
 149 00f0 97ED995B 		.ascii	"\227\355\231[\302\217\244`\271\361b\374\253\341G\212"
 149      C28FA460 
 149      B9F162FC 
 149      ABE1478A 
 150 0100 6039E5BC 		.ascii	"`9\345\274s\2708\356\031\217|\2706\327\336y\207\214"
 150      73B838EE 
 150      198F7CB8 
 150      36D7DE79 
 150      878C
 151 0112 DD37578D 		.ascii	"\3357W\215\233\322\265#\005\241\300\214o>\215\346\017"
 151      9BD2B523 
ARM GAS  C:\Users\prana\AppData\Local\Temp\cc06B4Up.s 			page 11


 151      05A1C08C 
 151      6F3E8DE6 
 151      0F
 152 0123 D19C16B2 		.ascii	"\321\234\026\262Wgwo\264\007l\032H\004f\241\323\037"
 152      5767776F 
 152      B4076C1A 
 152      480466A1 
 152      D31F
 153 0135 05CC4100 		.ascii	"\005\314A\000\207\013\204L\307]\331lZ\322]6\236\254"
 153      870B844C 
 153      C75DD96C 
 153      5AD25D36 
 153      9EAC
 154 0147 186D1C63 		.ascii	"\030m\034c\251\230\002;R\350\250\322/\300\210\251\001"
 154      A998023B 
 154      52E8A8D2 
 154      2FC088A9 
 154      01
 155 0158 A5D51108 		.ascii	"\245\325\021\010\004\011\015\321\217\261\006:\322Kl"
 155      04090DD1 
 155      8FB1063A 
 155      D24B6C
 156 0167 704EBBA8 		.ascii	"pN\273\250Cmg\344\323b\017]b\011\032p\251P{\245Q7\232"
 156      436D67E4 
 156      D3620F5D 
 156      62091A70 
 156      A9507BA5 
 157 017e D741D97E 		.ascii	"\327A\331~v\322\257F\3551I\355>\177\273\260cL@9g\343"
 157      76D2AF46 
 157      ED3149ED 
 157      3E7FBBB0 
 157      634C4039 
 158 0194 73E9308F 		.ascii	"s\3510\217=T\251\007x\004\023\300\352\220\337\034\336"
 158      3D54A907 
 158      780413C0 
 158      EA90DF1C 
 158      DE
 159 01a5 527D3FC5 		.ascii	"R}?\305\302\251!\262[\374\246\370\210\212 \"\326\237"
 159      C2A921B2 
 159      5BFCA6F8 
 159      888A2022 
 159      D69F
 160 01b7 E20FF011 		.ascii	"\342\017\360\021\272\026q\266\012\334\353\024\263#\350"
 160      BA1671B6 
 160      0ADCEB14 
 160      B323E8
 161 01c6 73EA8B2B 		.ascii	"s\352\213+-\226\216N\226\320<{\315\207\202\210\022\355"
 161      2D968E4E 
 161      96D03C7B 
 161      CD878288 
 161      12ED
 162 01d8 7771A965 		.ascii	"wq\251e\036\362\334\202\010\326J_\016\020\266'nN\312"
 162      1EF2DC82 
 162      08D64A5F 
 162      0E10B627 
 162      6E4ECA
 163 01eb F0DEC40B 		.ascii	"\360\336\304\013\230\030el\035\362\356\307\263$\360"
ARM GAS  C:\Users\prana\AppData\Local\Temp\cc06B4Up.s 			page 12


 163      9818656C 
 163      1DF2EEC7 
 163      B324F0
 164 01fa 9EA2C181 		.ascii	"\236\242\301\201\206\203\243:t*\231Nf\372\263\311\301"
 164      8683A33A 
 164      742A994E 
 164      66FAB3C9 
 164      C1
 165 020b 44AF7925 		.ascii	"D\257y%3\220\354\353\3515c\307\372\272O\307\023\261"
 165      3390ECEB 
 165      E93563C7 
 165      FABA4FC7 
 165      13B1
 166 021d 73F13389 		.ascii	"s\3613\211\330\341\001\246_2/\247\262)3\255\\4\007\223"
 166      D8E101A6 
 166      5F322FA7 
 166      B22933AD 
 166      5C340793 
 167 0231 5A2A9DCD 		.ascii	"Z*\235\315\304\316_\370\007\254\320\356\227"
 167      C4CE5FF8 
 167      07ACD0EE 
 167      97
 168              		.text
 169              		.section	.gnu.lto_DIR_CTRL_C_ClearInterrupt.b369d309,"",%progbits
 170 0000 789C5590 		.ascii	"x\234U\220\315K[A\024\305\357\231y1\261\030\375\003"
 170      CD4B5B41 
 170      14C5EF99 
 170      7931B118 
 170      FD03
 171 0012 9A850BA5 		.ascii	"\232\205\013\245\270)\202n\272\216P\204.J\322U\011\204"
 171      B829826E 
 171      BA8E5084 
 171      2E4AD255 
 171      0984
 172 0024 10DFAAB4 		.ascii	"\020\337\252\264\202\306\255N>^\024)$\233*\024$B\241"
 172      82C6AD4E 
 172      3E5E1429 
 172      249B2A14 
 172      2442A1
 173 0037 F1A35504 		.ascii	"\361\243U\004\353\246\004^\203\320RQ\321\277@\024\\"
 173      EBA6045E 
 173      83D05251 
 173      D1BF4014 
 173      5C
 174 0048 140A69A9 		.ascii	"\024\012i\251\006L4\336\233\327\205\016<f\346\274{~"
 174      064C34DE 
 174      9BD7850E 
 174      3C66E6BC 
 174      7B7E
 175 005a 73EEB508 		.ascii	"s\356\265\010$k\207\267!\336\037\362\007MP\305\003\242"
 175      246B87B7 
 175      21DE1FF2 
 175      074D50C5 
 175      03A2
 176 006c 74400172 		.ascii	"t@\001r0\001\320\214\302\014.\324\265\302^\375\307\333"
 176      3001D08C 
 176      C20C2ED4 
ARM GAS  C:\Users\prana\AppData\Local\Temp\cc06B4Up.s 			page 13


 176      B5C25EFD 
 176      C7DB
 177 007e 07036563 		.ascii	"\007\003ec2\346\304\251?Y\\q\341h\242\226\"\014\205"
 177      32E6C4A9 
 177      3F595C71 
 177      E168A296 
 177      220C85
 178 0091 30181244 		.ascii	"0\030\022D\031\003\304\245g\033\215rP?\202\234\367?"
 178      1903C4A5 
 178      671B8D72 
 178      503F829C 
 178      F73F
 179 00a3 FEFE82FE 		.ascii	"\376\376\202\376\017bs+\205\256E\343\246{\331\207\025"
 179      0F62732B 
 179      85AE45E3 
 179      A67BD987 
 179      15
 180 00b4 E8BB5692 		.ascii	"\350\273V\222\332\323\255\233w\301\216\234\341\325\213"
 180      DAD3AD9B 
 180      77C18E9C 
 180      E1D58B
 181 00c3 55F40B9C 		.ascii	"U\364\013\234\251k\350\340\234\020e3\342\232V+k\334"
 181      A96BE8E0 
 181      9C106533 
 181      E29A562B 
 181      6BDC
 182 00d5 AF3DDF8E 		.ascii	"\257=\337\216{\374\212\034\315\271\035\255,\222\337"
 182      7BFC8A1C 
 182      CDB91DAD 
 182      2C92DF
 183 00e4 3EB913D5 		.ascii	">\271\023\325\330&\015\374QJv}\216\352\325\374eeZHY"
 183      D8260DFC 
 183      514A767D 
 183      8EEAD5FC 
 183      65655A48 
 184 00f9 2DCD2C38 		.ascii	"-\315,8\325C\377?\345h\335\016\371\276\261<\007\357"
 184      D543FF3F 
 184      E568DD0E 
 184      F9BEB13C 
 184      07EF
 185 010b 5ACC158D 		.ascii	"Z\314\025\215\305\222\363\263\274\327Y\302R:\307mZ\370"
 185      C592F3B3 
 185      BCD759C2 
 185      523AC76D 
 185      5AF8
 186 011d 8410D6C1 		.ascii	"\204\020\326\301I\361\031%\32092\177g\233\312\003jf"
 186      49F11925 
 186      D039327F 
 186      679BCA03 
 186      6A66
 187 012f B2926DE6 		.ascii	"\262\222m\346w\341)\026\213\314\330\336\375\236\017"
 187      77E12916 
 187      8BCCD8DE 
 187      FD9E0F
 188 013e 0896078A 		.ascii	"\010\226\007\212\015v\237\242m\221\250\\\344Qn*/=\223"
 188      0D769FA2 
 188      6D91A85C 
ARM GAS  C:\Users\prana\AppData\Local\Temp\cc06B4Up.s 			page 14


 188      E4516E2A 
 188      2F3D93
 189 0151 CF93AA0B 		.ascii	"\317\223\252\013m\310\275\010ic|\367Slr\012\266\320"
 189      6DC8BD08 
 189      69637CF7 
 189      536C720A 
 189      B6D0
 190 0163 2F64DCA3 		.ascii	"/d\334\243B\367\377ge\2165\005i\232G\320\367\324~cO"
 190      42F7FF67 
 190      658E3505 
 190      699A47D0 
 190      F7D47E63 
 191 0178 2452F658 		.ascii	"$R\366X<:>5\221\264c\317\243\343\341\341\330\310h$\036"
 191      3C3A3E35 
 191      91B463CF 
 191      A3E3E1E1 
 191      D8C86824 
 192 018d 7E117916 		.ascii	"~\021y\026\017?NR\327\353\304\344+{,\232J\244\246&o"
 192      0F3F4E52 
 192      D7EBC4E4 
 192      2B7B2C9A 
 192      4AA4A626 
 193 01a2 01A429A0 		.ascii	"\001\244)\240|"
 193      7C
 194              		.text
 195              		.section	.gnu.lto_.symbol_nodes.b369d309,"",%progbits
 196 0000 789C6361 		.ascii	"x\234ca`d\310`\000\002&\206z\006\206\011\347\030@\324"
 196      6064C860 
 196      00022686 
 196      7A068609 
 196      E71840D4 
 197 0014 AE0645A0 		.ascii	"\256\006E\240\000c=#\252\000S=\023\252\000s=3\252\000"
 197      00633D23 
 197      AA00533D 
 197      13AA0073 
 197      3D33AA00 
 198 0028 4B3D0BAA 		.ascii	"K=\013\252\000k=+\212\000\003\000\305\333\026\342"
 198      006B3D2B 
 198      8A000300 
 198      C5DB16E2 
 199              		.text
 200              		.section	.gnu.lto_.refs.b369d309,"",%progbits
 201 0000 789C6361 		.ascii	"x\234ca`\004B \000\000\0009\000\007"
 201      60044220 
 201      00000039 
 201      0007
 202              		.text
 203              		.section	.gnu.lto_.decls.b369d309,"",%progbits
 204 0000 789C8D54 		.ascii	"x\234\215T}lSU\024\277\347\275vlo\235[\226\005g\354"
 204      7D6C5355 
 204      14BFE7BD 
 204      766C6F9D 
 204      5B960567 
 205 0015 1F134DDB 		.ascii	"\037\023M\333\277\026\307\2141&&&]\004\022\374\310\246"
 205      BF16C78C 
 205      31262626 
 205      5D0412FC 
ARM GAS  C:\Users\prana\AppData\Local\Temp\cc06B4Up.s 			page 15


 205      C8A6
 206 0027 F80FC952 		.ascii	"\370\017\311R\266\027\\b\266\245v&\374w\371\0065a\004"
 206      B6175C62 
 206      B6A57626 
 206      FC77F906 
 206      356104
 207 003a D48D6C3A 		.ascii	"\324\215l:6\221vc_t\037m\007\254\350V`\037\300JLD\324"
 207      36917663 
 207      5F741F6D 
 207      07ACE856 
 207      601FC04A 
 208 0051 61E604C3 		.ascii	"a\346\004\303b\006A\005\315\250\347~\264\357\015\212"
 208      62064105 
 208      CDA8E77E 
 208      B4EF0D8A 
 209 0061 D9CD3BF7 		.ascii	"\331\315;\367\336s\3369\277s\316\357\235<\013\001\302"
 209      DE73DE39 
 209      BF73CEEF 
 209      9D3C0B01 
 209      C2
 210 0072 56C24AC8 		.ascii	"V\302J\310m<\333PM\340Z\205\367M\304X\031(A\224A\224"
 210      6D3CDB50 
 210      4DE05A85 
 210      F74DC458 
 210      19284194 
 211 0088 104A0465 		.ascii	"\020J\004e\014%F\036]\314\317*\343{P\234(q\224\031\371"
 211      0C25461E 
 211      5DCCCF2A 
 211      E37B509C 
 211      28719419 
 212 009d 1EA4CFC3 		.ascii	"\036\244\317\303kP\3461\307\331\323\304\016\246\211"
 212      6B50E631 
 212      C7D9D3C4 
 212      0EA689
 213 00ac 0DC99CFF 		.ascii	"\015\311\234\377\027\027J\023\027YA\\$M\034\353=K\326"
 213      17174A13 
 213      1759415C 
 213      244D1CEB 
 213      3D4BD6
 214 00bf 9A8F5280 		.ascii	"\232\217R\2002\2122%q\034ip\306\322\340\304V\220?\035"
 214      328A3225 
 214      711C6970 
 214      C6D2E0C4 
 214      56903F1D 
 215 00d3 C74B0A24 		.ascii	"\307K\012$Z{\374Y\327\340*( ?\"\001\020;p!B\270\212"
 215      5A7BFC59 
 215      D7E02A28 
 215      203F2201 
 215      103B7021 
 216 00ea 1785EF24 		.ascii	"\027\205\357$eJ\035\204\355D\370s\233\001\306\237\344"
 216      654A1D84 
 216      ED44F873 
 216      9B01C69F 
 216      E4
 217 00fb 99482E0E 		.ascii	"\231H.\016b\240\203\014\202T\005\"J\274W\244\033\021"
 217      62A0830C 
 217      82540522 
ARM GAS  C:\Users\prana\AppData\Local\Temp\cc06B4Up.s 			page 16


 217      4ABC57A4 
 217      1B11
 218 010d E08A1160 		.ascii	"\340\212\021`\302\023\345\232j\202\345=A\262\351\241"
 218      C213E59A 
 218      6A82E53D 
 218      41B2E9A1 
 219 011d 4307AE64 		.ascii	"C\007\256d\252\210\211\367\331\373\376\327\212OP\\\215"
 219      AA8889F7 
 219      D9FBFED7 
 219      8A4F505C 
 219      8D
 220 012e 942A2F1B 		.ascii	"\224*/\033\314\364\356\3765\220yW\001\273\006\011`\372"
 220      CCF4EEFE 
 220      35907957 
 220      01BB0609 
 220      60FA
 221 0140 42F87E8E 		.ascii	"B\370~\216\320\331\353\346\203s\017\262\325g\331]\271"
 221      D0D9EBE6 
 221      83730FB2 
 221      D567D95D 
 221      B9
 222 0151 32D7F5BB 		.ascii	"2\327\365\273\005\\\332\327\014\346z0\360J\230\322<"
 222      055CDAD7 
 222      0CE67A30 
 222      F04A98D2 
 222      3C
 223 0162 E8010D4E 		.ascii	"\350\001\015N\200\012\001(f\311\355\032\356\373(\335"
 223      800A0128 
 223      66C9ED1A 
 223      EEFB28DD 
 224 0172 4117DB69 		.ascii	"A\027\333iF!\201R;<o'\320\015.\206\311\274\240\013\354"
 224      46218152 
 224      3B3C6F27 
 224      D00D2E86 
 224      C9BCA00B 
 225 0187 D0097686 		.ascii	"\320\011v\206?\377\371\227\2672,\012\0062\234-\026f"
 225      3FFFF997 
 225      B7322C0A 
 225      06329C2D 
 225      1666
 226 0199 1B4FFC1D 		.ascii	"\033O\374\035\315\305\022\3625PP\215/N\265f\243Z\240"
 226      CDC512F2 
 226      3550508D 
 226      2F4EB566 
 226      A35AA0
 227 01ac 411EAA17 		.ascii	"A\036\252\027\017_\215C\341g\254\006\272\223\026)\260"
 227      0F5F8D43 
 227      E167AC06 
 227      BA931629 
 227      B0
 228 01bd 6935F423 		.ascii	"i5\364#`\037\002\0228\011\205\270\367\202Et\367\305"
 228      601F0212 
 228      380985B8 
 228      F7824574 
 228      F7C5
 229 01cf 83E057B9 		.ascii	"\203\340W\271k\332h[\037\275>\274g\343\321\216=\364"
 229      6BDA685B 
ARM GAS  C:\Users\prana\AppData\Local\Temp\cc06B4Up.s 			page 17


 229      1FBD3EBC 
 229      67E3D18E 
 229      3DF4
 230 01e1 32C6BDCA 		.ascii	"2\306\275\312\035\301o\224\215Wv\034\207kHf\020\326"
 230      1DC16F94 
 230      8D57761C 
 230      876B4866 
 230      10D6
 231 01f3 606CAC65 		.ascii	"`l\254eq\332\246\326s\032\376\354\0379d\0258\321\321"
 231      71DAA6D6 
 231      731AFEEC 
 231      1F396415 
 231      38D1D1
 232 0206 BD6A338D 		.ascii	"\275j3\215\356@\030\205\243\014\030(\003f\224A\2162"
 232      EE401885 
 232      A30C1828 
 232      03669441 
 232      8E32
 233 0218 1BFEF1B8 		.ascii	"\033\376\361\270\242n\007\016\323\332\330\321\231m\256"
 233      A26E070E 
 233      D3DAD8D1 
 233      996DAE
 234 0227 9D356D14 		.ascii	"\2355m\024?\314\213\337\"k?\022\332{g\225\314\331?a"
 234      3FCC8BDF 
 234      226B3F12 
 234      DA7B6795 
 234      CCD93F61 
 235 023b E4442F18 		.ascii	"\344D/\0302r\016\231s\206x\316p\364\356i\253zP\344\\"
 235      32720E99 
 235      738678CE 
 235      70F4EE69 
 235      AB7A50E4 
 236 0250 DA7EB3D7 		.ascii	"\332~\263\327\"a\232&m\242\177\016\0226@\302f\220\010"
 236      22619A26 
 236      6DA27F0E 
 236      123640C2 
 236      669008
 237 0263 0739D67E 		.ascii	"\0079\326~\243/S\365\013\220c\377\374\273\250\3427p"
 237      A32F53F5 
 237      0B9063FF 
 237      FCBBA8E2 
 237      3770
 238 0275 E0942454 		.ascii	"\340\224$T\323\2308\304\230\370\217\306\202\232:\306"
 238      D39838C4 
 238      98F88FC6 
 238      829A3AC6 
 239 0285 9D953F06 		.ascii	"\235\225?\006\316}\237\003\232\213O\001\366\251\271"
 239      CE7D9F03 
 239      9A8B4F01 
 239      F6A9B9
 240 0294 48AA4988 		.ascii	"H\252I\210\342\0348\344\034\234F\343)4\312\201\352\026"
 240      E21C38E4 
 240      1C9C46E3 
 240      2934CA81 
 240      EA16
 241 02a6 03358A9C 		.ascii	"\0035\212\234\2341Jsh\202\216\246\216\003.>(\243\251"
 241      9C314A73 
ARM GAS  C:\Users\prana\AppData\Local\Temp\cc06B4Up.s 			page 18


 241      68828EA6 
 241      8E032E3E 
 241      28A3A9
 242 02b9 4139DBFD 		.ascii	"A9\333\375\333\224\226\262\235\005nl\277yk(\347\261"
 242      DB9496B2 
 242      9D056E6C 
 242      BF796B28 
 242      E7B1
 243 02cb F3F12DA7 		.ascii	"\363\361-\247\370\233\344|\354?\025\270\227\232\217"
 243      F89BE47C 
 243      EC3F15B8 
 243      979A8F
 244 02da D89B7327 		.ascii	"\330\233s')\335\215q\026\346\007#F\021#f~\3068?\223"
 244      29DD8D71 
 244      16E60723 
 244      46112366 
 244      7EC6383F 
 245 02ef D19E0550 		.ascii	"\321\236\005P'\005?\323\207;\013$\307\341K\313?\325"
 245      27053FD3 
 245      873B0B24 
 245      C7E14BCB 
 245      3FD5
 246 0301 B881326E 		.ascii	"\270\2012nF\211q\224\231]}-\252\230u\013\252\267\247"
 246      46897194 
 246      995D7D2D 
 246      AA98750B 
 246      AAB7A7
 247 0314 8FCC3D21 		.ascii	"\217\314=!f\275\010\325\237\316\007\272\330['\243=\221"
 247      66BD08D5 
 247      9FCE07BA 
 247      D85B27A3 
 247      3D91
 248 0326 C83511EF 		.ascii	"\3105\021\357\024\304O\314\316\337\311R\347\005\361"
 248      14C44FCC 
 248      CEDFC952 
 248      E705F1
 249 0335 F1E685D9 		.ascii	"\361\346\205\331\214$\361\215;i\376z\002\347\261\365"
 249      8C24F18D 
 249      3B69FE7A 
 249      02E7B1F5 
 250 0345 738CF869 		.ascii	"s\214\370i$\336)\211\237@\343\005\203\370~A\374\024"
 250      24DE2989 
 250      9F40E305 
 250      83F87E41 
 250      FC14
 251 0357 92386954 		.ascii	"\2228iT\353\224\304\357\377\345\323\037\254\332>\306"
 251      EB94C4EF 
 251      FFE5D31F 
 251      ACDA3EC6 
 252 0367 E64A3031 		.ascii	"\346J01\"\3623m\261\252\013\242\250\357>\036nR\223\177"
 252      22F2336D 
 252      B1AA0BA2 
 252      A8EF3E1E 
 252      6E52937F 
 253 037b 8DE8D28D 		.ascii	"\215\350\322\215\365\273(\005\230\301\\\227\214\\\027"
 253      F5BB2805 
 253      98C15C97 
ARM GAS  C:\Users\prana\AppData\Local\Temp\cc06B4Up.s 			page 19


 253      8C5C17
 254 038a 41FE361E 		.ascii	"A\3766\036\315q9}\216\277\356]\370\304f\373(\325)GL"
 254      CD71397D 
 254      8EBFEE5D 
 254      F8C466FB 
 254      28D52947 
 255 039f 06118883 		.ascii	"\006\021\210\203\215\377\020\331\371d\331\206\362J\367"
 255      8DFF10D9 
 255      F964D986 
 255      F24AF7
 256 03ae DBE51B2B 		.ascii	"\333\345\033+\335\225\025\272\257\314[\363\241\376z"
 256      DD9515BA 
 256      AFCC5BF3 
 256      A1FE7A
 257 03bd 5DB59EB9 		.ascii	"]\265\236\271\356\215w\212\334%%\304\332PS\353{\351"
 257      EE8D778A 
 257      DC2525C4 
 257      DA5053EB 
 257      7BE9
 258 03cf 99757AAD 		.ascii	"\231uz\255\356\365\370\364\352\312\212\272\006o\225"
 258      EEF5F8F4 
 258      EACA8ABA 
 258      066F95
 259 03de BEF9AD8A 		.ascii	"\276\371\255\212:\367\013\233\253\266\371\266\325\353"
 259      3AF70B9B 
 259      ABB6F9B6 
 259      D5EB
 260 03ec 1F14BF47 		.ascii	"\037\024\277G\236{\214\207\201_\\E\362L\331\336\365"
 260      9E7B8C87 
 260      815F5C45 
 260      F24CD9DE 
 260      F5
 261 03fd D6F8F45C 		.ascii	"\326\370\364\\\223\241\\\367T\257~H/\363\370<\345\372"
 261      93A15CF7 
 261      54AF7E48 
 261      2FF3F83C 
 261      E5FA
 262 040f D6A79757 		.ascii	"\326\247\227W\271\241\326\247{\275\015\365>Vi\006+\260"
 262      B9A1D6A7 
 262      7BBD0DF5 
 262      3E566906 
 262      2BB0
 263 0421 E4C5A74C 		.ascii	"\344\305\247L.\356\367u\2177\345\304\035J\327Z\275\372"
 263      2EEEF775 
 263      8F37E5C4 
 263      1D4AD75A 
 263      BDFA
 264 0433 D6D2B5FF 		.ascii	"\326\322\265\377\001\227\370\036r"
 264      0197F81E 
 264      72
 265              		.text
 266              		.section	.gnu.lto_.symtab.b369d309,"",%progbits
 267 0000 4449525F 		.ascii	"DIR_CTRL_C_SetDriveMode\000"
 267      4354524C 
 267      5F435F53 
 267      65744472 
 267      6976654D 
ARM GAS  C:\Users\prana\AppData\Local\Temp\cc06B4Up.s 			page 20


 268 0018 00       		.ascii	"\000"
 269 0019 00       		.ascii	"\000"
 270 001a 00       		.ascii	"\000"
 271 001b 00000000 		.ascii	"\000\000\000\000\000\000\000\000"
 271      00000000 
 272 0023 B3000000 		.ascii	"\263\000\000\000"
 273 0027 4449525F 		.ascii	"DIR_CTRL_C_Write\000"
 273      4354524C 
 273      5F435F57 
 273      72697465 
 273      00
 274 0038 00       		.ascii	"\000"
 275 0039 00       		.ascii	"\000"
 276 003a 00       		.ascii	"\000"
 277 003b 00000000 		.ascii	"\000\000\000\000\000\000\000\000"
 277      00000000 
 278 0043 B5000000 		.ascii	"\265\000\000\000"
 279 0047 4449525F 		.ascii	"DIR_CTRL_C_Read\000"
 279      4354524C 
 279      5F435F52 
 279      65616400 
 280 0057 00       		.ascii	"\000"
 281 0058 00       		.ascii	"\000"
 282 0059 00       		.ascii	"\000"
 283 005a 00000000 		.ascii	"\000\000\000\000\000\000\000\000"
 283      00000000 
 284 0062 B8000000 		.ascii	"\270\000\000\000"
 285 0066 4449525F 		.ascii	"DIR_CTRL_C_ReadDataReg\000"
 285      4354524C 
 285      5F435F52 
 285      65616444 
 285      61746152 
 286 007d 00       		.ascii	"\000"
 287 007e 00       		.ascii	"\000"
 288 007f 00       		.ascii	"\000"
 289 0080 00000000 		.ascii	"\000\000\000\000\000\000\000\000"
 289      00000000 
 290 0088 BA000000 		.ascii	"\272\000\000\000"
 291 008c 4449525F 		.ascii	"DIR_CTRL_C_SetInterruptMode\000"
 291      4354524C 
 291      5F435F53 
 291      6574496E 
 291      74657272 
 292 00a8 00       		.ascii	"\000"
 293 00a9 00       		.ascii	"\000"
 294 00aa 00       		.ascii	"\000"
 295 00ab 00000000 		.ascii	"\000\000\000\000\000\000\000\000"
 295      00000000 
 296 00b3 C4000000 		.ascii	"\304\000\000\000"
 297 00b7 4449525F 		.ascii	"DIR_CTRL_C_ClearInterrupt\000"
 297      4354524C 
 297      5F435F43 
 297      6C656172 
 297      496E7465 
 298 00d1 00       		.ascii	"\000"
 299 00d2 00       		.ascii	"\000"
 300 00d3 00       		.ascii	"\000"
ARM GAS  C:\Users\prana\AppData\Local\Temp\cc06B4Up.s 			page 21


 301 00d4 00000000 		.ascii	"\000\000\000\000\000\000\000\000"
 301      00000000 
 302 00dc C6000000 		.ascii	"\306\000\000\000"
 303              		.text
 304              		.section	.gnu.lto_.opts,"",%progbits
 305 0000 272D666D 		.ascii	"'-fmath-errno' '-fsigned-zeros' '-ftrapping-math' '"
 305      6174682D 
 305      6572726E 
 305      6F272027 
 305      2D667369 
 306 0033 2D666E6F 		.ascii	"-fno-trapv' '-fno-openmp' '-fno-openacc' '-mcpu=cor"
 306      2D747261 
 306      70762720 
 306      272D666E 
 306      6F2D6F70 
 307 0066 7465782D 		.ascii	"tex-m0' '-mthumb' '-g' '-Os' '-Werror' '-ffunction-"
 307      6D302720 
 307      272D6D74 
 307      68756D62 
 307      2720272D 
 308 0099 73656374 		.ascii	"sections' '-ffat-lto-objects' '-finline-functions' "
 308      696F6E73 
 308      2720272D 
 308      66666174 
 308      2D6C746F 
 309 00cc 272D666C 		.ascii	"'-flto' '-fno-strict-aliasing'\000"
 309      746F2720 
 309      272D666E 
 309      6F2D7374 
 309      72696374 
 310              		.text
 311              		.cfi_sections	.debug_frame
 312              		.section	.text.DIR_CTRL_C_SetDriveMode,"ax",%progbits
 313              		.align	1
 314              		.global	DIR_CTRL_C_SetDriveMode
 315              		.code	16
 316              		.thumb_func
 317              		.type	DIR_CTRL_C_SetDriveMode, %function
 318              	DIR_CTRL_C_SetDriveMode:
 319              	.LFB0:
 320              		.file 1 "Generated_Source\\PSoC4\\DIR_CTRL_C.c"
   1:Generated_Source\PSoC4/DIR_CTRL_C.c **** /*******************************************************************************
   2:Generated_Source\PSoC4/DIR_CTRL_C.c **** * File Name: DIR_CTRL_C.c  
   3:Generated_Source\PSoC4/DIR_CTRL_C.c **** * Version 2.20
   4:Generated_Source\PSoC4/DIR_CTRL_C.c **** *
   5:Generated_Source\PSoC4/DIR_CTRL_C.c **** * Description:
   6:Generated_Source\PSoC4/DIR_CTRL_C.c **** *  This file contains API to enable firmware control of a Pins component.
   7:Generated_Source\PSoC4/DIR_CTRL_C.c **** *
   8:Generated_Source\PSoC4/DIR_CTRL_C.c **** ********************************************************************************
   9:Generated_Source\PSoC4/DIR_CTRL_C.c **** * Copyright 2008-2015, Cypress Semiconductor Corporation.  All rights reserved.
  10:Generated_Source\PSoC4/DIR_CTRL_C.c **** * You may use this file only in accordance with the license, terms, conditions, 
  11:Generated_Source\PSoC4/DIR_CTRL_C.c **** * disclaimers, and limitations in the end user license agreement accompanying 
  12:Generated_Source\PSoC4/DIR_CTRL_C.c **** * the software package with which this file was provided.
  13:Generated_Source\PSoC4/DIR_CTRL_C.c **** *******************************************************************************/
  14:Generated_Source\PSoC4/DIR_CTRL_C.c **** 
  15:Generated_Source\PSoC4/DIR_CTRL_C.c **** #include "cytypes.h"
  16:Generated_Source\PSoC4/DIR_CTRL_C.c **** #include "DIR_CTRL_C.h"
ARM GAS  C:\Users\prana\AppData\Local\Temp\cc06B4Up.s 			page 22


  17:Generated_Source\PSoC4/DIR_CTRL_C.c **** 
  18:Generated_Source\PSoC4/DIR_CTRL_C.c **** 
  19:Generated_Source\PSoC4/DIR_CTRL_C.c **** #if defined(DIR_CTRL_C__PC)
  20:Generated_Source\PSoC4/DIR_CTRL_C.c ****     #define DIR_CTRL_C_SetP4PinDriveMode(shift, mode)  \
  21:Generated_Source\PSoC4/DIR_CTRL_C.c ****     do { \
  22:Generated_Source\PSoC4/DIR_CTRL_C.c ****         DIR_CTRL_C_PC =   (DIR_CTRL_C_PC & \
  23:Generated_Source\PSoC4/DIR_CTRL_C.c ****                                 (uint32)(~(uint32)(DIR_CTRL_C_DRIVE_MODE_IND_MASK << \
  24:Generated_Source\PSoC4/DIR_CTRL_C.c ****                                 (DIR_CTRL_C_DRIVE_MODE_BITS * (shift))))) | \
  25:Generated_Source\PSoC4/DIR_CTRL_C.c ****                                 (uint32)((uint32)(mode) << \
  26:Generated_Source\PSoC4/DIR_CTRL_C.c ****                                 (DIR_CTRL_C_DRIVE_MODE_BITS * (shift))); \
  27:Generated_Source\PSoC4/DIR_CTRL_C.c ****     } while (0)
  28:Generated_Source\PSoC4/DIR_CTRL_C.c **** #else
  29:Generated_Source\PSoC4/DIR_CTRL_C.c ****     #if (CY_PSOC4_4200L)
  30:Generated_Source\PSoC4/DIR_CTRL_C.c ****         #define DIR_CTRL_C_SetP4PinDriveMode(shift, mode)  \
  31:Generated_Source\PSoC4/DIR_CTRL_C.c ****         do { \
  32:Generated_Source\PSoC4/DIR_CTRL_C.c ****             DIR_CTRL_C_USBIO_CTRL_REG = (DIR_CTRL_C_USBIO_CTRL_REG & \
  33:Generated_Source\PSoC4/DIR_CTRL_C.c ****                                     (uint32)(~(uint32)(DIR_CTRL_C_DRIVE_MODE_IND_MASK << \
  34:Generated_Source\PSoC4/DIR_CTRL_C.c ****                                     (DIR_CTRL_C_DRIVE_MODE_BITS * (shift))))) | \
  35:Generated_Source\PSoC4/DIR_CTRL_C.c ****                                     (uint32)((uint32)(mode) << \
  36:Generated_Source\PSoC4/DIR_CTRL_C.c ****                                     (DIR_CTRL_C_DRIVE_MODE_BITS * (shift))); \
  37:Generated_Source\PSoC4/DIR_CTRL_C.c ****         } while (0)
  38:Generated_Source\PSoC4/DIR_CTRL_C.c ****     #endif
  39:Generated_Source\PSoC4/DIR_CTRL_C.c **** #endif
  40:Generated_Source\PSoC4/DIR_CTRL_C.c ****   
  41:Generated_Source\PSoC4/DIR_CTRL_C.c **** 
  42:Generated_Source\PSoC4/DIR_CTRL_C.c **** #if defined(DIR_CTRL_C__PC) || (CY_PSOC4_4200L) 
  43:Generated_Source\PSoC4/DIR_CTRL_C.c ****     /*******************************************************************************
  44:Generated_Source\PSoC4/DIR_CTRL_C.c ****     * Function Name: DIR_CTRL_C_SetDriveMode
  45:Generated_Source\PSoC4/DIR_CTRL_C.c ****     ****************************************************************************//**
  46:Generated_Source\PSoC4/DIR_CTRL_C.c ****     *
  47:Generated_Source\PSoC4/DIR_CTRL_C.c ****     * \brief Sets the drive mode for each of the Pins component's pins.
  48:Generated_Source\PSoC4/DIR_CTRL_C.c ****     * 
  49:Generated_Source\PSoC4/DIR_CTRL_C.c ****     * <b>Note</b> This affects all pins in the Pins component instance. Use the
  50:Generated_Source\PSoC4/DIR_CTRL_C.c ****     * Per-Pin APIs if you wish to control individual pin's drive modes.
  51:Generated_Source\PSoC4/DIR_CTRL_C.c ****     *
  52:Generated_Source\PSoC4/DIR_CTRL_C.c ****     * <b>Note</b> USBIOs have limited drive functionality. Refer to the Drive Mode
  53:Generated_Source\PSoC4/DIR_CTRL_C.c ****     * parameter for more information.
  54:Generated_Source\PSoC4/DIR_CTRL_C.c ****     *
  55:Generated_Source\PSoC4/DIR_CTRL_C.c ****     * \param mode
  56:Generated_Source\PSoC4/DIR_CTRL_C.c ****     *  Mode for the selected signals. Valid options are documented in 
  57:Generated_Source\PSoC4/DIR_CTRL_C.c ****     *  \ref driveMode.
  58:Generated_Source\PSoC4/DIR_CTRL_C.c ****     *
  59:Generated_Source\PSoC4/DIR_CTRL_C.c ****     * \return
  60:Generated_Source\PSoC4/DIR_CTRL_C.c ****     *  None
  61:Generated_Source\PSoC4/DIR_CTRL_C.c ****     *
  62:Generated_Source\PSoC4/DIR_CTRL_C.c ****     * \sideeffect
  63:Generated_Source\PSoC4/DIR_CTRL_C.c ****     *  If you use read-modify-write operations that are not atomic, the ISR can
  64:Generated_Source\PSoC4/DIR_CTRL_C.c ****     *  cause corruption of this function. An ISR that interrupts this function 
  65:Generated_Source\PSoC4/DIR_CTRL_C.c ****     *  and performs writes to the Pins component Drive Mode registers can cause 
  66:Generated_Source\PSoC4/DIR_CTRL_C.c ****     *  corrupted port data. To avoid this issue, you should either use the Per-Pin
  67:Generated_Source\PSoC4/DIR_CTRL_C.c ****     *  APIs (primary method) or disable interrupts around this function.
  68:Generated_Source\PSoC4/DIR_CTRL_C.c ****     *
  69:Generated_Source\PSoC4/DIR_CTRL_C.c ****     * \funcusage
  70:Generated_Source\PSoC4/DIR_CTRL_C.c ****     *  \snippet DIR_CTRL_C_SUT.c usage_DIR_CTRL_C_SetDriveMode
  71:Generated_Source\PSoC4/DIR_CTRL_C.c ****     *******************************************************************************/
  72:Generated_Source\PSoC4/DIR_CTRL_C.c ****     void DIR_CTRL_C_SetDriveMode(uint8 mode)
  73:Generated_Source\PSoC4/DIR_CTRL_C.c ****     {
ARM GAS  C:\Users\prana\AppData\Local\Temp\cc06B4Up.s 			page 23


 321              		.loc 1 73 0
 322              		.cfi_startproc
 323              		@ args = 0, pretend = 0, frame = 0
 324              		@ frame_needed = 0, uses_anonymous_args = 0
 325              		@ link register save eliminated.
 326              	.LVL0:
  74:Generated_Source\PSoC4/DIR_CTRL_C.c **** 		DIR_CTRL_C_SetP4PinDriveMode(DIR_CTRL_C__0__SHIFT, mode);
 327              		.loc 1 74 0
 328 0000 0721     		movs	r1, #7
 329 0002 034A     		ldr	r2, .L2
  75:Generated_Source\PSoC4/DIR_CTRL_C.c ****     }
 330              		.loc 1 75 0
 331              		@ sp needed
  74:Generated_Source\PSoC4/DIR_CTRL_C.c **** 		DIR_CTRL_C_SetP4PinDriveMode(DIR_CTRL_C__0__SHIFT, mode);
 332              		.loc 1 74 0
 333 0004 1368     		ldr	r3, [r2]
 334 0006 8B43     		bics	r3, r1
 335 0008 1843     		orrs	r0, r3
 336              	.LVL1:
 337 000a 1060     		str	r0, [r2]
 338              		.loc 1 75 0
 339 000c 7047     		bx	lr
 340              	.L3:
 341 000e C046     		.align	2
 342              	.L2:
 343 0010 08020440 		.word	1074004488
 344              		.cfi_endproc
 345              	.LFE0:
 346              		.size	DIR_CTRL_C_SetDriveMode, .-DIR_CTRL_C_SetDriveMode
 347              		.section	.text.DIR_CTRL_C_Write,"ax",%progbits
 348              		.align	1
 349              		.global	DIR_CTRL_C_Write
 350              		.code	16
 351              		.thumb_func
 352              		.type	DIR_CTRL_C_Write, %function
 353              	DIR_CTRL_C_Write:
 354              	.LFB1:
  76:Generated_Source\PSoC4/DIR_CTRL_C.c **** #endif
  77:Generated_Source\PSoC4/DIR_CTRL_C.c **** 
  78:Generated_Source\PSoC4/DIR_CTRL_C.c **** 
  79:Generated_Source\PSoC4/DIR_CTRL_C.c **** /*******************************************************************************
  80:Generated_Source\PSoC4/DIR_CTRL_C.c **** * Function Name: DIR_CTRL_C_Write
  81:Generated_Source\PSoC4/DIR_CTRL_C.c **** ****************************************************************************//**
  82:Generated_Source\PSoC4/DIR_CTRL_C.c **** *
  83:Generated_Source\PSoC4/DIR_CTRL_C.c **** * \brief Writes the value to the physical port (data output register), masking
  84:Generated_Source\PSoC4/DIR_CTRL_C.c **** *  and shifting the bits appropriately. 
  85:Generated_Source\PSoC4/DIR_CTRL_C.c **** *
  86:Generated_Source\PSoC4/DIR_CTRL_C.c **** * The data output register controls the signal applied to the physical pin in 
  87:Generated_Source\PSoC4/DIR_CTRL_C.c **** * conjunction with the drive mode parameter. This function avoids changing 
  88:Generated_Source\PSoC4/DIR_CTRL_C.c **** * other bits in the port by using the appropriate method (read-modify-write or
  89:Generated_Source\PSoC4/DIR_CTRL_C.c **** * bit banding).
  90:Generated_Source\PSoC4/DIR_CTRL_C.c **** *
  91:Generated_Source\PSoC4/DIR_CTRL_C.c **** * <b>Note</b> This function should not be used on a hardware digital output pin 
  92:Generated_Source\PSoC4/DIR_CTRL_C.c **** * as it is driven by the hardware signal attached to it.
  93:Generated_Source\PSoC4/DIR_CTRL_C.c **** *
  94:Generated_Source\PSoC4/DIR_CTRL_C.c **** * \param value
  95:Generated_Source\PSoC4/DIR_CTRL_C.c **** *  Value to write to the component instance.
ARM GAS  C:\Users\prana\AppData\Local\Temp\cc06B4Up.s 			page 24


  96:Generated_Source\PSoC4/DIR_CTRL_C.c **** *
  97:Generated_Source\PSoC4/DIR_CTRL_C.c **** * \return 
  98:Generated_Source\PSoC4/DIR_CTRL_C.c **** *  None 
  99:Generated_Source\PSoC4/DIR_CTRL_C.c **** *
 100:Generated_Source\PSoC4/DIR_CTRL_C.c **** * \sideeffect
 101:Generated_Source\PSoC4/DIR_CTRL_C.c **** *  If you use read-modify-write operations that are not atomic; the Interrupt 
 102:Generated_Source\PSoC4/DIR_CTRL_C.c **** *  Service Routines (ISR) can cause corruption of this function. An ISR that 
 103:Generated_Source\PSoC4/DIR_CTRL_C.c **** *  interrupts this function and performs writes to the Pins component data 
 104:Generated_Source\PSoC4/DIR_CTRL_C.c **** *  register can cause corrupted port data. To avoid this issue, you should 
 105:Generated_Source\PSoC4/DIR_CTRL_C.c **** *  either use the Per-Pin APIs (primary method) or disable interrupts around 
 106:Generated_Source\PSoC4/DIR_CTRL_C.c **** *  this function.
 107:Generated_Source\PSoC4/DIR_CTRL_C.c **** *
 108:Generated_Source\PSoC4/DIR_CTRL_C.c **** * \funcusage
 109:Generated_Source\PSoC4/DIR_CTRL_C.c **** *  \snippet DIR_CTRL_C_SUT.c usage_DIR_CTRL_C_Write
 110:Generated_Source\PSoC4/DIR_CTRL_C.c **** *******************************************************************************/
 111:Generated_Source\PSoC4/DIR_CTRL_C.c **** void DIR_CTRL_C_Write(uint8 value)
 112:Generated_Source\PSoC4/DIR_CTRL_C.c **** {
 355              		.loc 1 112 0
 356              		.cfi_startproc
 357              		@ args = 0, pretend = 0, frame = 0
 358              		@ frame_needed = 0, uses_anonymous_args = 0
 359              		@ link register save eliminated.
 360              	.LVL2:
 113:Generated_Source\PSoC4/DIR_CTRL_C.c ****     uint8 drVal = (uint8)(DIR_CTRL_C_DR & (uint8)(~DIR_CTRL_C_MASK));
 361              		.loc 1 113 0
 362 0000 0123     		movs	r3, #1
 363 0002 0449     		ldr	r1, .L5
 114:Generated_Source\PSoC4/DIR_CTRL_C.c ****     drVal = (drVal | ((uint8)(value << DIR_CTRL_C_SHIFT) & DIR_CTRL_C_MASK));
 115:Generated_Source\PSoC4/DIR_CTRL_C.c ****     DIR_CTRL_C_DR = (uint32)drVal;
 116:Generated_Source\PSoC4/DIR_CTRL_C.c **** }
 364              		.loc 1 116 0
 365              		@ sp needed
 113:Generated_Source\PSoC4/DIR_CTRL_C.c ****     uint8 drVal = (uint8)(DIR_CTRL_C_DR & (uint8)(~DIR_CTRL_C_MASK));
 366              		.loc 1 113 0
 367 0004 0A68     		ldr	r2, [r1]
 368 0006 9A43     		bics	r2, r3
 369 0008 D2B2     		uxtb	r2, r2
 370              	.LVL3:
 115:Generated_Source\PSoC4/DIR_CTRL_C.c **** }
 371              		.loc 1 115 0
 372 000a 0340     		ands	r3, r0
 373 000c 1343     		orrs	r3, r2
 374 000e 0B60     		str	r3, [r1]
 375              		.loc 1 116 0
 376 0010 7047     		bx	lr
 377              	.L6:
 378 0012 C046     		.align	2
 379              	.L5:
 380 0014 00020440 		.word	1074004480
 381              		.cfi_endproc
 382              	.LFE1:
 383              		.size	DIR_CTRL_C_Write, .-DIR_CTRL_C_Write
 384              		.section	.text.DIR_CTRL_C_Read,"ax",%progbits
 385              		.align	1
 386              		.global	DIR_CTRL_C_Read
 387              		.code	16
 388              		.thumb_func
ARM GAS  C:\Users\prana\AppData\Local\Temp\cc06B4Up.s 			page 25


 389              		.type	DIR_CTRL_C_Read, %function
 390              	DIR_CTRL_C_Read:
 391              	.LFB2:
 117:Generated_Source\PSoC4/DIR_CTRL_C.c **** 
 118:Generated_Source\PSoC4/DIR_CTRL_C.c **** 
 119:Generated_Source\PSoC4/DIR_CTRL_C.c **** /*******************************************************************************
 120:Generated_Source\PSoC4/DIR_CTRL_C.c **** * Function Name: DIR_CTRL_C_Read
 121:Generated_Source\PSoC4/DIR_CTRL_C.c **** ****************************************************************************//**
 122:Generated_Source\PSoC4/DIR_CTRL_C.c **** *
 123:Generated_Source\PSoC4/DIR_CTRL_C.c **** * \brief Reads the associated physical port (pin status register) and masks 
 124:Generated_Source\PSoC4/DIR_CTRL_C.c **** *  the required bits according to the width and bit position of the component
 125:Generated_Source\PSoC4/DIR_CTRL_C.c **** *  instance. 
 126:Generated_Source\PSoC4/DIR_CTRL_C.c **** *
 127:Generated_Source\PSoC4/DIR_CTRL_C.c **** * The pin's status register returns the current logic level present on the 
 128:Generated_Source\PSoC4/DIR_CTRL_C.c **** * physical pin.
 129:Generated_Source\PSoC4/DIR_CTRL_C.c **** *
 130:Generated_Source\PSoC4/DIR_CTRL_C.c **** * \return 
 131:Generated_Source\PSoC4/DIR_CTRL_C.c **** *  The current value for the pins in the component as a right justified number.
 132:Generated_Source\PSoC4/DIR_CTRL_C.c **** *
 133:Generated_Source\PSoC4/DIR_CTRL_C.c **** * \funcusage
 134:Generated_Source\PSoC4/DIR_CTRL_C.c **** *  \snippet DIR_CTRL_C_SUT.c usage_DIR_CTRL_C_Read  
 135:Generated_Source\PSoC4/DIR_CTRL_C.c **** *******************************************************************************/
 136:Generated_Source\PSoC4/DIR_CTRL_C.c **** uint8 DIR_CTRL_C_Read(void)
 137:Generated_Source\PSoC4/DIR_CTRL_C.c **** {
 392              		.loc 1 137 0
 393              		.cfi_startproc
 394              		@ args = 0, pretend = 0, frame = 0
 395              		@ frame_needed = 0, uses_anonymous_args = 0
 396              		@ link register save eliminated.
 138:Generated_Source\PSoC4/DIR_CTRL_C.c ****     return (uint8)((DIR_CTRL_C_PS & DIR_CTRL_C_MASK) >> DIR_CTRL_C_SHIFT);
 397              		.loc 1 138 0
 398 0000 024B     		ldr	r3, .L8
 139:Generated_Source\PSoC4/DIR_CTRL_C.c **** }
 399              		.loc 1 139 0
 400              		@ sp needed
 138:Generated_Source\PSoC4/DIR_CTRL_C.c ****     return (uint8)((DIR_CTRL_C_PS & DIR_CTRL_C_MASK) >> DIR_CTRL_C_SHIFT);
 401              		.loc 1 138 0
 402 0002 1868     		ldr	r0, [r3]
 403 0004 0123     		movs	r3, #1
 404 0006 1840     		ands	r0, r3
 405              		.loc 1 139 0
 406 0008 7047     		bx	lr
 407              	.L9:
 408 000a C046     		.align	2
 409              	.L8:
 410 000c 04020440 		.word	1074004484
 411              		.cfi_endproc
 412              	.LFE2:
 413              		.size	DIR_CTRL_C_Read, .-DIR_CTRL_C_Read
 414              		.section	.text.DIR_CTRL_C_ReadDataReg,"ax",%progbits
 415              		.align	1
 416              		.global	DIR_CTRL_C_ReadDataReg
 417              		.code	16
 418              		.thumb_func
 419              		.type	DIR_CTRL_C_ReadDataReg, %function
 420              	DIR_CTRL_C_ReadDataReg:
 421              	.LFB3:
ARM GAS  C:\Users\prana\AppData\Local\Temp\cc06B4Up.s 			page 26


 140:Generated_Source\PSoC4/DIR_CTRL_C.c **** 
 141:Generated_Source\PSoC4/DIR_CTRL_C.c **** 
 142:Generated_Source\PSoC4/DIR_CTRL_C.c **** /*******************************************************************************
 143:Generated_Source\PSoC4/DIR_CTRL_C.c **** * Function Name: DIR_CTRL_C_ReadDataReg
 144:Generated_Source\PSoC4/DIR_CTRL_C.c **** ****************************************************************************//**
 145:Generated_Source\PSoC4/DIR_CTRL_C.c **** *
 146:Generated_Source\PSoC4/DIR_CTRL_C.c **** * \brief Reads the associated physical port's data output register and masks 
 147:Generated_Source\PSoC4/DIR_CTRL_C.c **** *  the correct bits according to the width and bit position of the component 
 148:Generated_Source\PSoC4/DIR_CTRL_C.c **** *  instance. 
 149:Generated_Source\PSoC4/DIR_CTRL_C.c **** *
 150:Generated_Source\PSoC4/DIR_CTRL_C.c **** * The data output register controls the signal applied to the physical pin in 
 151:Generated_Source\PSoC4/DIR_CTRL_C.c **** * conjunction with the drive mode parameter. This is not the same as the 
 152:Generated_Source\PSoC4/DIR_CTRL_C.c **** * preferred DIR_CTRL_C_Read() API because the 
 153:Generated_Source\PSoC4/DIR_CTRL_C.c **** * DIR_CTRL_C_ReadDataReg() reads the data register instead of the status 
 154:Generated_Source\PSoC4/DIR_CTRL_C.c **** * register. For output pins this is a useful function to determine the value 
 155:Generated_Source\PSoC4/DIR_CTRL_C.c **** * just written to the pin.
 156:Generated_Source\PSoC4/DIR_CTRL_C.c **** *
 157:Generated_Source\PSoC4/DIR_CTRL_C.c **** * \return 
 158:Generated_Source\PSoC4/DIR_CTRL_C.c **** *  The current value of the data register masked and shifted into a right 
 159:Generated_Source\PSoC4/DIR_CTRL_C.c **** *  justified number for the component instance.
 160:Generated_Source\PSoC4/DIR_CTRL_C.c **** *
 161:Generated_Source\PSoC4/DIR_CTRL_C.c **** * \funcusage
 162:Generated_Source\PSoC4/DIR_CTRL_C.c **** *  \snippet DIR_CTRL_C_SUT.c usage_DIR_CTRL_C_ReadDataReg 
 163:Generated_Source\PSoC4/DIR_CTRL_C.c **** *******************************************************************************/
 164:Generated_Source\PSoC4/DIR_CTRL_C.c **** uint8 DIR_CTRL_C_ReadDataReg(void)
 165:Generated_Source\PSoC4/DIR_CTRL_C.c **** {
 422              		.loc 1 165 0
 423              		.cfi_startproc
 424              		@ args = 0, pretend = 0, frame = 0
 425              		@ frame_needed = 0, uses_anonymous_args = 0
 426              		@ link register save eliminated.
 166:Generated_Source\PSoC4/DIR_CTRL_C.c ****     return (uint8)((DIR_CTRL_C_DR & DIR_CTRL_C_MASK) >> DIR_CTRL_C_SHIFT);
 427              		.loc 1 166 0
 428 0000 024B     		ldr	r3, .L11
 167:Generated_Source\PSoC4/DIR_CTRL_C.c **** }
 429              		.loc 1 167 0
 430              		@ sp needed
 166:Generated_Source\PSoC4/DIR_CTRL_C.c ****     return (uint8)((DIR_CTRL_C_DR & DIR_CTRL_C_MASK) >> DIR_CTRL_C_SHIFT);
 431              		.loc 1 166 0
 432 0002 1868     		ldr	r0, [r3]
 433 0004 0123     		movs	r3, #1
 434 0006 1840     		ands	r0, r3
 435              		.loc 1 167 0
 436 0008 7047     		bx	lr
 437              	.L12:
 438 000a C046     		.align	2
 439              	.L11:
 440 000c 00020440 		.word	1074004480
 441              		.cfi_endproc
 442              	.LFE3:
 443              		.size	DIR_CTRL_C_ReadDataReg, .-DIR_CTRL_C_ReadDataReg
 444              		.section	.text.DIR_CTRL_C_SetInterruptMode,"ax",%progbits
 445              		.align	1
 446              		.global	DIR_CTRL_C_SetInterruptMode
 447              		.code	16
 448              		.thumb_func
 449              		.type	DIR_CTRL_C_SetInterruptMode, %function
ARM GAS  C:\Users\prana\AppData\Local\Temp\cc06B4Up.s 			page 27


 450              	DIR_CTRL_C_SetInterruptMode:
 451              	.LFB4:
 168:Generated_Source\PSoC4/DIR_CTRL_C.c **** 
 169:Generated_Source\PSoC4/DIR_CTRL_C.c **** 
 170:Generated_Source\PSoC4/DIR_CTRL_C.c **** /*******************************************************************************
 171:Generated_Source\PSoC4/DIR_CTRL_C.c **** * Function Name: DIR_CTRL_C_SetInterruptMode
 172:Generated_Source\PSoC4/DIR_CTRL_C.c **** ****************************************************************************//**
 173:Generated_Source\PSoC4/DIR_CTRL_C.c **** *
 174:Generated_Source\PSoC4/DIR_CTRL_C.c **** * \brief Configures the interrupt mode for each of the Pins component's
 175:Generated_Source\PSoC4/DIR_CTRL_C.c **** *  pins. Alternatively you may set the interrupt mode for all the pins
 176:Generated_Source\PSoC4/DIR_CTRL_C.c **** *  specified in the Pins component.
 177:Generated_Source\PSoC4/DIR_CTRL_C.c **** *
 178:Generated_Source\PSoC4/DIR_CTRL_C.c **** *  <b>Note</b> The interrupt is port-wide and therefore any enabled pin
 179:Generated_Source\PSoC4/DIR_CTRL_C.c **** *  interrupt may trigger it.
 180:Generated_Source\PSoC4/DIR_CTRL_C.c **** *
 181:Generated_Source\PSoC4/DIR_CTRL_C.c **** * \param position
 182:Generated_Source\PSoC4/DIR_CTRL_C.c **** *  The pin position as listed in the Pins component. You may OR these to be 
 183:Generated_Source\PSoC4/DIR_CTRL_C.c **** *  able to configure the interrupt mode of multiple pins within a Pins 
 184:Generated_Source\PSoC4/DIR_CTRL_C.c **** *  component. Or you may use DIR_CTRL_C_INTR_ALL to configure the
 185:Generated_Source\PSoC4/DIR_CTRL_C.c **** *  interrupt mode of all the pins in the Pins component.       
 186:Generated_Source\PSoC4/DIR_CTRL_C.c **** *  - DIR_CTRL_C_0_INTR       (First pin in the list)
 187:Generated_Source\PSoC4/DIR_CTRL_C.c **** *  - DIR_CTRL_C_1_INTR       (Second pin in the list)
 188:Generated_Source\PSoC4/DIR_CTRL_C.c **** *  - ...
 189:Generated_Source\PSoC4/DIR_CTRL_C.c **** *  - DIR_CTRL_C_INTR_ALL     (All pins in Pins component)
 190:Generated_Source\PSoC4/DIR_CTRL_C.c **** *
 191:Generated_Source\PSoC4/DIR_CTRL_C.c **** * \param mode
 192:Generated_Source\PSoC4/DIR_CTRL_C.c **** *  Interrupt mode for the selected pins. Valid options are documented in
 193:Generated_Source\PSoC4/DIR_CTRL_C.c **** *  \ref intrMode.
 194:Generated_Source\PSoC4/DIR_CTRL_C.c **** *
 195:Generated_Source\PSoC4/DIR_CTRL_C.c **** * \return 
 196:Generated_Source\PSoC4/DIR_CTRL_C.c **** *  None
 197:Generated_Source\PSoC4/DIR_CTRL_C.c **** *  
 198:Generated_Source\PSoC4/DIR_CTRL_C.c **** * \sideeffect
 199:Generated_Source\PSoC4/DIR_CTRL_C.c **** *  It is recommended that the interrupt be disabled before calling this 
 200:Generated_Source\PSoC4/DIR_CTRL_C.c **** *  function to avoid unintended interrupt requests. Note that the interrupt
 201:Generated_Source\PSoC4/DIR_CTRL_C.c **** *  type is port wide, and therefore will trigger for any enabled pin on the 
 202:Generated_Source\PSoC4/DIR_CTRL_C.c **** *  port.
 203:Generated_Source\PSoC4/DIR_CTRL_C.c **** *
 204:Generated_Source\PSoC4/DIR_CTRL_C.c **** * \funcusage
 205:Generated_Source\PSoC4/DIR_CTRL_C.c **** *  \snippet DIR_CTRL_C_SUT.c usage_DIR_CTRL_C_SetInterruptMode
 206:Generated_Source\PSoC4/DIR_CTRL_C.c **** *******************************************************************************/
 207:Generated_Source\PSoC4/DIR_CTRL_C.c **** void DIR_CTRL_C_SetInterruptMode(uint16 position, uint16 mode)
 208:Generated_Source\PSoC4/DIR_CTRL_C.c **** {
 452              		.loc 1 208 0
 453              		.cfi_startproc
 454              		@ args = 0, pretend = 0, frame = 0
 455              		@ frame_needed = 0, uses_anonymous_args = 0
 456              		@ link register save eliminated.
 457              	.LVL4:
 209:Generated_Source\PSoC4/DIR_CTRL_C.c ****     uint32 intrCfg;
 210:Generated_Source\PSoC4/DIR_CTRL_C.c ****     
 211:Generated_Source\PSoC4/DIR_CTRL_C.c ****     intrCfg =  DIR_CTRL_C_INTCFG & (uint32)(~(uint32)position);
 458              		.loc 1 211 0
 459 0000 034A     		ldr	r2, .L14
 212:Generated_Source\PSoC4/DIR_CTRL_C.c ****     DIR_CTRL_C_INTCFG = intrCfg | ((uint32)position & (uint32)mode);
 213:Generated_Source\PSoC4/DIR_CTRL_C.c **** }
 460              		.loc 1 213 0
ARM GAS  C:\Users\prana\AppData\Local\Temp\cc06B4Up.s 			page 28


 461              		@ sp needed
 211:Generated_Source\PSoC4/DIR_CTRL_C.c ****     DIR_CTRL_C_INTCFG = intrCfg | ((uint32)position & (uint32)mode);
 462              		.loc 1 211 0
 463 0002 1368     		ldr	r3, [r2]
 464              	.LVL5:
 212:Generated_Source\PSoC4/DIR_CTRL_C.c ****     DIR_CTRL_C_INTCFG = intrCfg | ((uint32)position & (uint32)mode);
 465              		.loc 1 212 0
 466 0004 8343     		bics	r3, r0
 467              	.LVL6:
 468 0006 0840     		ands	r0, r1
 469              	.LVL7:
 470 0008 1843     		orrs	r0, r3
 471 000a 1060     		str	r0, [r2]
 472              		.loc 1 213 0
 473 000c 7047     		bx	lr
 474              	.L15:
 475 000e C046     		.align	2
 476              	.L14:
 477 0010 0C020440 		.word	1074004492
 478              		.cfi_endproc
 479              	.LFE4:
 480              		.size	DIR_CTRL_C_SetInterruptMode, .-DIR_CTRL_C_SetInterruptMode
 481              		.section	.text.DIR_CTRL_C_ClearInterrupt,"ax",%progbits
 482              		.align	1
 483              		.global	DIR_CTRL_C_ClearInterrupt
 484              		.code	16
 485              		.thumb_func
 486              		.type	DIR_CTRL_C_ClearInterrupt, %function
 487              	DIR_CTRL_C_ClearInterrupt:
 488              	.LFB5:
 214:Generated_Source\PSoC4/DIR_CTRL_C.c **** 
 215:Generated_Source\PSoC4/DIR_CTRL_C.c **** 
 216:Generated_Source\PSoC4/DIR_CTRL_C.c **** /*******************************************************************************
 217:Generated_Source\PSoC4/DIR_CTRL_C.c **** * Function Name: DIR_CTRL_C_ClearInterrupt
 218:Generated_Source\PSoC4/DIR_CTRL_C.c **** ****************************************************************************//**
 219:Generated_Source\PSoC4/DIR_CTRL_C.c **** *
 220:Generated_Source\PSoC4/DIR_CTRL_C.c **** * \brief Clears any active interrupts attached with the component and returns 
 221:Generated_Source\PSoC4/DIR_CTRL_C.c **** *  the value of the interrupt status register allowing determination of which
 222:Generated_Source\PSoC4/DIR_CTRL_C.c **** *  pins generated an interrupt event.
 223:Generated_Source\PSoC4/DIR_CTRL_C.c **** *
 224:Generated_Source\PSoC4/DIR_CTRL_C.c **** * \return 
 225:Generated_Source\PSoC4/DIR_CTRL_C.c **** *  The right-shifted current value of the interrupt status register. Each pin 
 226:Generated_Source\PSoC4/DIR_CTRL_C.c **** *  has one bit set if it generated an interrupt event. For example, bit 0 is 
 227:Generated_Source\PSoC4/DIR_CTRL_C.c **** *  for pin 0 and bit 1 is for pin 1 of the Pins component.
 228:Generated_Source\PSoC4/DIR_CTRL_C.c **** *  
 229:Generated_Source\PSoC4/DIR_CTRL_C.c **** * \sideeffect
 230:Generated_Source\PSoC4/DIR_CTRL_C.c **** *  Clears all bits of the physical port's interrupt status register, not just
 231:Generated_Source\PSoC4/DIR_CTRL_C.c **** *  those associated with the Pins component.
 232:Generated_Source\PSoC4/DIR_CTRL_C.c **** *
 233:Generated_Source\PSoC4/DIR_CTRL_C.c **** * \funcusage
 234:Generated_Source\PSoC4/DIR_CTRL_C.c **** *  \snippet DIR_CTRL_C_SUT.c usage_DIR_CTRL_C_ClearInterrupt
 235:Generated_Source\PSoC4/DIR_CTRL_C.c **** *******************************************************************************/
 236:Generated_Source\PSoC4/DIR_CTRL_C.c **** uint8 DIR_CTRL_C_ClearInterrupt(void)
 237:Generated_Source\PSoC4/DIR_CTRL_C.c **** {
 489              		.loc 1 237 0
 490              		.cfi_startproc
 491              		@ args = 0, pretend = 0, frame = 0
ARM GAS  C:\Users\prana\AppData\Local\Temp\cc06B4Up.s 			page 29


 492              		@ frame_needed = 0, uses_anonymous_args = 0
 493              		@ link register save eliminated.
 238:Generated_Source\PSoC4/DIR_CTRL_C.c **** 	uint8 maskedStatus = (uint8)(DIR_CTRL_C_INTSTAT & DIR_CTRL_C_MASK);
 494              		.loc 1 238 0
 495 0000 0123     		movs	r3, #1
 496 0002 024A     		ldr	r2, .L17
 239:Generated_Source\PSoC4/DIR_CTRL_C.c **** 	DIR_CTRL_C_INTSTAT = maskedStatus;
 240:Generated_Source\PSoC4/DIR_CTRL_C.c ****     return maskedStatus >> DIR_CTRL_C_SHIFT;
 241:Generated_Source\PSoC4/DIR_CTRL_C.c **** }
 497              		.loc 1 241 0
 498              		@ sp needed
 238:Generated_Source\PSoC4/DIR_CTRL_C.c **** 	uint8 maskedStatus = (uint8)(DIR_CTRL_C_INTSTAT & DIR_CTRL_C_MASK);
 499              		.loc 1 238 0
 500 0004 1068     		ldr	r0, [r2]
 501 0006 1840     		ands	r0, r3
 502              	.LVL8:
 239:Generated_Source\PSoC4/DIR_CTRL_C.c **** 	DIR_CTRL_C_INTSTAT = maskedStatus;
 503              		.loc 1 239 0
 504 0008 1060     		str	r0, [r2]
 505              		.loc 1 241 0
 506 000a 7047     		bx	lr
 507              	.L18:
 508              		.align	2
 509              	.L17:
 510 000c 10020440 		.word	1074004496
 511              		.cfi_endproc
 512              	.LFE5:
 513              		.size	DIR_CTRL_C_ClearInterrupt, .-DIR_CTRL_C_ClearInterrupt
 514              		.text
 515              	.Letext0:
 516              		.file 2 "Generated_Source\\PSoC4\\cytypes.h"
 517              		.section	.debug_info,"",%progbits
 518              	.Ldebug_info0:
 519 0000 9C010000 		.4byte	0x19c
 520 0004 0400     		.2byte	0x4
 521 0006 00000000 		.4byte	.Ldebug_abbrev0
 522 000a 04       		.byte	0x4
 523 000b 01       		.uleb128 0x1
 524 000c 04010000 		.4byte	.LASF28
 525 0010 0C       		.byte	0xc
 526 0011 23000000 		.4byte	.LASF29
 527 0015 45020000 		.4byte	.LASF30
 528 0019 00000000 		.4byte	.Ldebug_ranges0+0
 529 001d 00000000 		.4byte	0
 530 0021 00000000 		.4byte	.Ldebug_line0
 531 0025 02       		.uleb128 0x2
 532 0026 01       		.byte	0x1
 533 0027 06       		.byte	0x6
 534 0028 39020000 		.4byte	.LASF0
 535 002c 02       		.uleb128 0x2
 536 002d 01       		.byte	0x1
 537 002e 08       		.byte	0x8
 538 002f 47000000 		.4byte	.LASF1
 539 0033 02       		.uleb128 0x2
 540 0034 02       		.byte	0x2
 541 0035 05       		.byte	0x5
 542 0036 01020000 		.4byte	.LASF2
ARM GAS  C:\Users\prana\AppData\Local\Temp\cc06B4Up.s 			page 30


 543 003a 02       		.uleb128 0x2
 544 003b 02       		.byte	0x2
 545 003c 07       		.byte	0x7
 546 003d 87000000 		.4byte	.LASF3
 547 0041 02       		.uleb128 0x2
 548 0042 04       		.byte	0x4
 549 0043 05       		.byte	0x5
 550 0044 19020000 		.4byte	.LASF4
 551 0048 02       		.uleb128 0x2
 552 0049 04       		.byte	0x4
 553 004a 07       		.byte	0x7
 554 004b 75000000 		.4byte	.LASF5
 555 004f 02       		.uleb128 0x2
 556 0050 08       		.byte	0x8
 557 0051 05       		.byte	0x5
 558 0052 E1010000 		.4byte	.LASF6
 559 0056 02       		.uleb128 0x2
 560 0057 08       		.byte	0x8
 561 0058 07       		.byte	0x7
 562 0059 ED000000 		.4byte	.LASF7
 563 005d 03       		.uleb128 0x3
 564 005e 04       		.byte	0x4
 565 005f 05       		.byte	0x5
 566 0060 696E7400 		.ascii	"int\000"
 567 0064 02       		.uleb128 0x2
 568 0065 04       		.byte	0x4
 569 0066 07       		.byte	0x7
 570 0067 E0000000 		.4byte	.LASF8
 571 006b 04       		.uleb128 0x4
 572 006c 13020000 		.4byte	.LASF9
 573 0070 02       		.byte	0x2
 574 0071 D201     		.2byte	0x1d2
 575 0073 2C000000 		.4byte	0x2c
 576 0077 04       		.uleb128 0x4
 577 0078 B1000000 		.4byte	.LASF10
 578 007c 02       		.byte	0x2
 579 007d D301     		.2byte	0x1d3
 580 007f 3A000000 		.4byte	0x3a
 581 0083 04       		.uleb128 0x4
 582 0084 C1000000 		.4byte	.LASF11
 583 0088 02       		.byte	0x2
 584 0089 D401     		.2byte	0x1d4
 585 008b 48000000 		.4byte	0x48
 586 008f 02       		.uleb128 0x2
 587 0090 04       		.byte	0x4
 588 0091 04       		.byte	0x4
 589 0092 1D000000 		.4byte	.LASF12
 590 0096 02       		.uleb128 0x2
 591 0097 08       		.byte	0x8
 592 0098 04       		.byte	0x4
 593 0099 9A000000 		.4byte	.LASF13
 594 009d 02       		.uleb128 0x2
 595 009e 01       		.byte	0x1
 596 009f 08       		.byte	0x8
 597 00a0 FC010000 		.4byte	.LASF14
 598 00a4 04       		.uleb128 0x4
 599 00a5 00000000 		.4byte	.LASF15
ARM GAS  C:\Users\prana\AppData\Local\Temp\cc06B4Up.s 			page 31


 600 00a9 02       		.byte	0x2
 601 00aa 7E02     		.2byte	0x27e
 602 00ac B0000000 		.4byte	0xb0
 603 00b0 05       		.uleb128 0x5
 604 00b1 83000000 		.4byte	0x83
 605 00b5 06       		.uleb128 0x6
 606 00b6 C8000000 		.4byte	.LASF16
 607 00ba 01       		.byte	0x1
 608 00bb 48       		.byte	0x48
 609 00bc 00000000 		.4byte	.LFB0
 610 00c0 14000000 		.4byte	.LFE0-.LFB0
 611 00c4 01       		.uleb128 0x1
 612 00c5 9C       		.byte	0x9c
 613 00c6 DA000000 		.4byte	0xda
 614 00ca 07       		.uleb128 0x7
 615 00cb C0010000 		.4byte	.LASF18
 616 00cf 01       		.byte	0x1
 617 00d0 48       		.byte	0x48
 618 00d1 6B000000 		.4byte	0x6b
 619 00d5 00000000 		.4byte	.LLST0
 620 00d9 00       		.byte	0
 621 00da 06       		.uleb128 0x6
 622 00db 06000000 		.4byte	.LASF17
 623 00df 01       		.byte	0x1
 624 00e0 6F       		.byte	0x6f
 625 00e1 00000000 		.4byte	.LFB1
 626 00e5 18000000 		.4byte	.LFE1-.LFB1
 627 00e9 01       		.uleb128 0x1
 628 00ea 9C       		.byte	0x9c
 629 00eb 11010000 		.4byte	0x111
 630 00ef 08       		.uleb128 0x8
 631 00f0 17000000 		.4byte	.LASF19
 632 00f4 01       		.byte	0x1
 633 00f5 6F       		.byte	0x6f
 634 00f6 6B000000 		.4byte	0x6b
 635 00fa 01       		.uleb128 0x1
 636 00fb 50       		.byte	0x50
 637 00fc 09       		.uleb128 0x9
 638 00fd 6F000000 		.4byte	.LASF24
 639 0101 01       		.byte	0x1
 640 0102 71       		.byte	0x71
 641 0103 6B000000 		.4byte	0x6b
 642 0107 08       		.uleb128 0x8
 643 0108 70       		.byte	0x70
 644 0109 00       		.sleb128 0
 645 010a 31       		.byte	0x31
 646 010b 1A       		.byte	0x1a
 647 010c 72       		.byte	0x72
 648 010d 00       		.sleb128 0
 649 010e 21       		.byte	0x21
 650 010f 9F       		.byte	0x9f
 651 0110 00       		.byte	0
 652 0111 0A       		.uleb128 0xa
 653 0112 A1000000 		.4byte	.LASF20
 654 0116 01       		.byte	0x1
 655 0117 88       		.byte	0x88
 656 0118 6B000000 		.4byte	0x6b
ARM GAS  C:\Users\prana\AppData\Local\Temp\cc06B4Up.s 			page 32


 657 011c 00000000 		.4byte	.LFB2
 658 0120 10000000 		.4byte	.LFE2-.LFB2
 659 0124 01       		.uleb128 0x1
 660 0125 9C       		.byte	0x9c
 661 0126 0A       		.uleb128 0xa
 662 0127 22020000 		.4byte	.LASF21
 663 012b 01       		.byte	0x1
 664 012c A4       		.byte	0xa4
 665 012d 6B000000 		.4byte	0x6b
 666 0131 00000000 		.4byte	.LFB3
 667 0135 10000000 		.4byte	.LFE3-.LFB3
 668 0139 01       		.uleb128 0x1
 669 013a 9C       		.byte	0x9c
 670 013b 06       		.uleb128 0x6
 671 013c C5010000 		.4byte	.LASF22
 672 0140 01       		.byte	0x1
 673 0141 CF       		.byte	0xcf
 674 0142 00000000 		.4byte	.LFB4
 675 0146 14000000 		.4byte	.LFE4-.LFB4
 676 014a 01       		.uleb128 0x1
 677 014b 9C       		.byte	0x9c
 678 014c 7C010000 		.4byte	0x17c
 679 0150 07       		.uleb128 0x7
 680 0151 B8000000 		.4byte	.LASF23
 681 0155 01       		.byte	0x1
 682 0156 CF       		.byte	0xcf
 683 0157 77000000 		.4byte	0x77
 684 015b 21000000 		.4byte	.LLST1
 685 015f 08       		.uleb128 0x8
 686 0160 C0010000 		.4byte	.LASF18
 687 0164 01       		.byte	0x1
 688 0165 CF       		.byte	0xcf
 689 0166 77000000 		.4byte	0x77
 690 016a 01       		.uleb128 0x1
 691 016b 51       		.byte	0x51
 692 016c 0B       		.uleb128 0xb
 693 016d 0B020000 		.4byte	.LASF25
 694 0171 01       		.byte	0x1
 695 0172 D1       		.byte	0xd1
 696 0173 83000000 		.4byte	0x83
 697 0177 42000000 		.4byte	.LLST2
 698 017b 00       		.byte	0
 699 017c 0C       		.uleb128 0xc
 700 017d 55000000 		.4byte	.LASF26
 701 0181 01       		.byte	0x1
 702 0182 EC       		.byte	0xec
 703 0183 6B000000 		.4byte	0x6b
 704 0187 00000000 		.4byte	.LFB5
 705 018b 10000000 		.4byte	.LFE5-.LFB5
 706 018f 01       		.uleb128 0x1
 707 0190 9C       		.byte	0x9c
 708 0191 09       		.uleb128 0x9
 709 0192 EF010000 		.4byte	.LASF27
 710 0196 01       		.byte	0x1
 711 0197 EE       		.byte	0xee
 712 0198 6B000000 		.4byte	0x6b
 713 019c 01       		.uleb128 0x1
ARM GAS  C:\Users\prana\AppData\Local\Temp\cc06B4Up.s 			page 33


 714 019d 50       		.byte	0x50
 715 019e 00       		.byte	0
 716 019f 00       		.byte	0
 717              		.section	.debug_abbrev,"",%progbits
 718              	.Ldebug_abbrev0:
 719 0000 01       		.uleb128 0x1
 720 0001 11       		.uleb128 0x11
 721 0002 01       		.byte	0x1
 722 0003 25       		.uleb128 0x25
 723 0004 0E       		.uleb128 0xe
 724 0005 13       		.uleb128 0x13
 725 0006 0B       		.uleb128 0xb
 726 0007 03       		.uleb128 0x3
 727 0008 0E       		.uleb128 0xe
 728 0009 1B       		.uleb128 0x1b
 729 000a 0E       		.uleb128 0xe
 730 000b 55       		.uleb128 0x55
 731 000c 17       		.uleb128 0x17
 732 000d 11       		.uleb128 0x11
 733 000e 01       		.uleb128 0x1
 734 000f 10       		.uleb128 0x10
 735 0010 17       		.uleb128 0x17
 736 0011 00       		.byte	0
 737 0012 00       		.byte	0
 738 0013 02       		.uleb128 0x2
 739 0014 24       		.uleb128 0x24
 740 0015 00       		.byte	0
 741 0016 0B       		.uleb128 0xb
 742 0017 0B       		.uleb128 0xb
 743 0018 3E       		.uleb128 0x3e
 744 0019 0B       		.uleb128 0xb
 745 001a 03       		.uleb128 0x3
 746 001b 0E       		.uleb128 0xe
 747 001c 00       		.byte	0
 748 001d 00       		.byte	0
 749 001e 03       		.uleb128 0x3
 750 001f 24       		.uleb128 0x24
 751 0020 00       		.byte	0
 752 0021 0B       		.uleb128 0xb
 753 0022 0B       		.uleb128 0xb
 754 0023 3E       		.uleb128 0x3e
 755 0024 0B       		.uleb128 0xb
 756 0025 03       		.uleb128 0x3
 757 0026 08       		.uleb128 0x8
 758 0027 00       		.byte	0
 759 0028 00       		.byte	0
 760 0029 04       		.uleb128 0x4
 761 002a 16       		.uleb128 0x16
 762 002b 00       		.byte	0
 763 002c 03       		.uleb128 0x3
 764 002d 0E       		.uleb128 0xe
 765 002e 3A       		.uleb128 0x3a
 766 002f 0B       		.uleb128 0xb
 767 0030 3B       		.uleb128 0x3b
 768 0031 05       		.uleb128 0x5
 769 0032 49       		.uleb128 0x49
 770 0033 13       		.uleb128 0x13
ARM GAS  C:\Users\prana\AppData\Local\Temp\cc06B4Up.s 			page 34


 771 0034 00       		.byte	0
 772 0035 00       		.byte	0
 773 0036 05       		.uleb128 0x5
 774 0037 35       		.uleb128 0x35
 775 0038 00       		.byte	0
 776 0039 49       		.uleb128 0x49
 777 003a 13       		.uleb128 0x13
 778 003b 00       		.byte	0
 779 003c 00       		.byte	0
 780 003d 06       		.uleb128 0x6
 781 003e 2E       		.uleb128 0x2e
 782 003f 01       		.byte	0x1
 783 0040 3F       		.uleb128 0x3f
 784 0041 19       		.uleb128 0x19
 785 0042 03       		.uleb128 0x3
 786 0043 0E       		.uleb128 0xe
 787 0044 3A       		.uleb128 0x3a
 788 0045 0B       		.uleb128 0xb
 789 0046 3B       		.uleb128 0x3b
 790 0047 0B       		.uleb128 0xb
 791 0048 27       		.uleb128 0x27
 792 0049 19       		.uleb128 0x19
 793 004a 11       		.uleb128 0x11
 794 004b 01       		.uleb128 0x1
 795 004c 12       		.uleb128 0x12
 796 004d 06       		.uleb128 0x6
 797 004e 40       		.uleb128 0x40
 798 004f 18       		.uleb128 0x18
 799 0050 9742     		.uleb128 0x2117
 800 0052 19       		.uleb128 0x19
 801 0053 01       		.uleb128 0x1
 802 0054 13       		.uleb128 0x13
 803 0055 00       		.byte	0
 804 0056 00       		.byte	0
 805 0057 07       		.uleb128 0x7
 806 0058 05       		.uleb128 0x5
 807 0059 00       		.byte	0
 808 005a 03       		.uleb128 0x3
 809 005b 0E       		.uleb128 0xe
 810 005c 3A       		.uleb128 0x3a
 811 005d 0B       		.uleb128 0xb
 812 005e 3B       		.uleb128 0x3b
 813 005f 0B       		.uleb128 0xb
 814 0060 49       		.uleb128 0x49
 815 0061 13       		.uleb128 0x13
 816 0062 02       		.uleb128 0x2
 817 0063 17       		.uleb128 0x17
 818 0064 00       		.byte	0
 819 0065 00       		.byte	0
 820 0066 08       		.uleb128 0x8
 821 0067 05       		.uleb128 0x5
 822 0068 00       		.byte	0
 823 0069 03       		.uleb128 0x3
 824 006a 0E       		.uleb128 0xe
 825 006b 3A       		.uleb128 0x3a
 826 006c 0B       		.uleb128 0xb
 827 006d 3B       		.uleb128 0x3b
ARM GAS  C:\Users\prana\AppData\Local\Temp\cc06B4Up.s 			page 35


 828 006e 0B       		.uleb128 0xb
 829 006f 49       		.uleb128 0x49
 830 0070 13       		.uleb128 0x13
 831 0071 02       		.uleb128 0x2
 832 0072 18       		.uleb128 0x18
 833 0073 00       		.byte	0
 834 0074 00       		.byte	0
 835 0075 09       		.uleb128 0x9
 836 0076 34       		.uleb128 0x34
 837 0077 00       		.byte	0
 838 0078 03       		.uleb128 0x3
 839 0079 0E       		.uleb128 0xe
 840 007a 3A       		.uleb128 0x3a
 841 007b 0B       		.uleb128 0xb
 842 007c 3B       		.uleb128 0x3b
 843 007d 0B       		.uleb128 0xb
 844 007e 49       		.uleb128 0x49
 845 007f 13       		.uleb128 0x13
 846 0080 02       		.uleb128 0x2
 847 0081 18       		.uleb128 0x18
 848 0082 00       		.byte	0
 849 0083 00       		.byte	0
 850 0084 0A       		.uleb128 0xa
 851 0085 2E       		.uleb128 0x2e
 852 0086 00       		.byte	0
 853 0087 3F       		.uleb128 0x3f
 854 0088 19       		.uleb128 0x19
 855 0089 03       		.uleb128 0x3
 856 008a 0E       		.uleb128 0xe
 857 008b 3A       		.uleb128 0x3a
 858 008c 0B       		.uleb128 0xb
 859 008d 3B       		.uleb128 0x3b
 860 008e 0B       		.uleb128 0xb
 861 008f 27       		.uleb128 0x27
 862 0090 19       		.uleb128 0x19
 863 0091 49       		.uleb128 0x49
 864 0092 13       		.uleb128 0x13
 865 0093 11       		.uleb128 0x11
 866 0094 01       		.uleb128 0x1
 867 0095 12       		.uleb128 0x12
 868 0096 06       		.uleb128 0x6
 869 0097 40       		.uleb128 0x40
 870 0098 18       		.uleb128 0x18
 871 0099 9742     		.uleb128 0x2117
 872 009b 19       		.uleb128 0x19
 873 009c 00       		.byte	0
 874 009d 00       		.byte	0
 875 009e 0B       		.uleb128 0xb
 876 009f 34       		.uleb128 0x34
 877 00a0 00       		.byte	0
 878 00a1 03       		.uleb128 0x3
 879 00a2 0E       		.uleb128 0xe
 880 00a3 3A       		.uleb128 0x3a
 881 00a4 0B       		.uleb128 0xb
 882 00a5 3B       		.uleb128 0x3b
 883 00a6 0B       		.uleb128 0xb
 884 00a7 49       		.uleb128 0x49
ARM GAS  C:\Users\prana\AppData\Local\Temp\cc06B4Up.s 			page 36


 885 00a8 13       		.uleb128 0x13
 886 00a9 02       		.uleb128 0x2
 887 00aa 17       		.uleb128 0x17
 888 00ab 00       		.byte	0
 889 00ac 00       		.byte	0
 890 00ad 0C       		.uleb128 0xc
 891 00ae 2E       		.uleb128 0x2e
 892 00af 01       		.byte	0x1
 893 00b0 3F       		.uleb128 0x3f
 894 00b1 19       		.uleb128 0x19
 895 00b2 03       		.uleb128 0x3
 896 00b3 0E       		.uleb128 0xe
 897 00b4 3A       		.uleb128 0x3a
 898 00b5 0B       		.uleb128 0xb
 899 00b6 3B       		.uleb128 0x3b
 900 00b7 0B       		.uleb128 0xb
 901 00b8 27       		.uleb128 0x27
 902 00b9 19       		.uleb128 0x19
 903 00ba 49       		.uleb128 0x49
 904 00bb 13       		.uleb128 0x13
 905 00bc 11       		.uleb128 0x11
 906 00bd 01       		.uleb128 0x1
 907 00be 12       		.uleb128 0x12
 908 00bf 06       		.uleb128 0x6
 909 00c0 40       		.uleb128 0x40
 910 00c1 18       		.uleb128 0x18
 911 00c2 9742     		.uleb128 0x2117
 912 00c4 19       		.uleb128 0x19
 913 00c5 00       		.byte	0
 914 00c6 00       		.byte	0
 915 00c7 00       		.byte	0
 916              		.section	.debug_loc,"",%progbits
 917              	.Ldebug_loc0:
 918              	.LLST0:
 919 0000 00000000 		.4byte	.LVL0
 920 0004 0A000000 		.4byte	.LVL1
 921 0008 0100     		.2byte	0x1
 922 000a 50       		.byte	0x50
 923 000b 0A000000 		.4byte	.LVL1
 924 000f 14000000 		.4byte	.LFE0
 925 0013 0400     		.2byte	0x4
 926 0015 F3       		.byte	0xf3
 927 0016 01       		.uleb128 0x1
 928 0017 50       		.byte	0x50
 929 0018 9F       		.byte	0x9f
 930 0019 00000000 		.4byte	0
 931 001d 00000000 		.4byte	0
 932              	.LLST1:
 933 0021 00000000 		.4byte	.LVL4
 934 0025 08000000 		.4byte	.LVL7
 935 0029 0100     		.2byte	0x1
 936 002b 50       		.byte	0x50
 937 002c 08000000 		.4byte	.LVL7
 938 0030 14000000 		.4byte	.LFE4
 939 0034 0400     		.2byte	0x4
 940 0036 F3       		.byte	0xf3
 941 0037 01       		.uleb128 0x1
ARM GAS  C:\Users\prana\AppData\Local\Temp\cc06B4Up.s 			page 37


 942 0038 50       		.byte	0x50
 943 0039 9F       		.byte	0x9f
 944 003a 00000000 		.4byte	0
 945 003e 00000000 		.4byte	0
 946              	.LLST2:
 947 0042 04000000 		.4byte	.LVL5
 948 0046 06000000 		.4byte	.LVL6
 949 004a 0B00     		.2byte	0xb
 950 004c 70       		.byte	0x70
 951 004d 00       		.sleb128 0
 952 004e 0A       		.byte	0xa
 953 004f FFFF     		.2byte	0xffff
 954 0051 1A       		.byte	0x1a
 955 0052 20       		.byte	0x20
 956 0053 73       		.byte	0x73
 957 0054 00       		.sleb128 0
 958 0055 1A       		.byte	0x1a
 959 0056 9F       		.byte	0x9f
 960 0057 00000000 		.4byte	0
 961 005b 00000000 		.4byte	0
 962              		.section	.debug_aranges,"",%progbits
 963 0000 44000000 		.4byte	0x44
 964 0004 0200     		.2byte	0x2
 965 0006 00000000 		.4byte	.Ldebug_info0
 966 000a 04       		.byte	0x4
 967 000b 00       		.byte	0
 968 000c 0000     		.2byte	0
 969 000e 0000     		.2byte	0
 970 0010 00000000 		.4byte	.LFB0
 971 0014 14000000 		.4byte	.LFE0-.LFB0
 972 0018 00000000 		.4byte	.LFB1
 973 001c 18000000 		.4byte	.LFE1-.LFB1
 974 0020 00000000 		.4byte	.LFB2
 975 0024 10000000 		.4byte	.LFE2-.LFB2
 976 0028 00000000 		.4byte	.LFB3
 977 002c 10000000 		.4byte	.LFE3-.LFB3
 978 0030 00000000 		.4byte	.LFB4
 979 0034 14000000 		.4byte	.LFE4-.LFB4
 980 0038 00000000 		.4byte	.LFB5
 981 003c 10000000 		.4byte	.LFE5-.LFB5
 982 0040 00000000 		.4byte	0
 983 0044 00000000 		.4byte	0
 984              		.section	.debug_ranges,"",%progbits
 985              	.Ldebug_ranges0:
 986 0000 00000000 		.4byte	.LFB0
 987 0004 14000000 		.4byte	.LFE0
 988 0008 00000000 		.4byte	.LFB1
 989 000c 18000000 		.4byte	.LFE1
 990 0010 00000000 		.4byte	.LFB2
 991 0014 10000000 		.4byte	.LFE2
 992 0018 00000000 		.4byte	.LFB3
 993 001c 10000000 		.4byte	.LFE3
 994 0020 00000000 		.4byte	.LFB4
 995 0024 14000000 		.4byte	.LFE4
 996 0028 00000000 		.4byte	.LFB5
 997 002c 10000000 		.4byte	.LFE5
 998 0030 00000000 		.4byte	0
ARM GAS  C:\Users\prana\AppData\Local\Temp\cc06B4Up.s 			page 38


 999 0034 00000000 		.4byte	0
 1000              		.section	.debug_line,"",%progbits
 1001              	.Ldebug_line0:
 1002 0000 C8000000 		.section	.debug_str,"MS",%progbits,1
 1002      02004700 
 1002      00000201 
 1002      FB0E0D00 
 1002      01010101 
 1003              	.LASF15:
 1004 0000 72656733 		.ascii	"reg32\000"
 1004      3200
 1005              	.LASF17:
 1006 0006 4449525F 		.ascii	"DIR_CTRL_C_Write\000"
 1006      4354524C 
 1006      5F435F57 
 1006      72697465 
 1006      00
 1007              	.LASF19:
 1008 0017 76616C75 		.ascii	"value\000"
 1008      6500
 1009              	.LASF12:
 1010 001d 666C6F61 		.ascii	"float\000"
 1010      7400
 1011              	.LASF29:
 1012 0023 47656E65 		.ascii	"Generated_Source\\PSoC4\\DIR_CTRL_C.c\000"
 1012      72617465 
 1012      645F536F 
 1012      75726365 
 1012      5C50536F 
 1013              	.LASF1:
 1014 0047 756E7369 		.ascii	"unsigned char\000"
 1014      676E6564 
 1014      20636861 
 1014      7200
 1015              	.LASF26:
 1016 0055 4449525F 		.ascii	"DIR_CTRL_C_ClearInterrupt\000"
 1016      4354524C 
 1016      5F435F43 
 1016      6C656172 
 1016      496E7465 
 1017              	.LASF24:
 1018 006f 64725661 		.ascii	"drVal\000"
 1018      6C00
 1019              	.LASF5:
 1020 0075 6C6F6E67 		.ascii	"long unsigned int\000"
 1020      20756E73 
 1020      69676E65 
 1020      6420696E 
 1020      7400
 1021              	.LASF3:
 1022 0087 73686F72 		.ascii	"short unsigned int\000"
 1022      7420756E 
 1022      7369676E 
 1022      65642069 
 1022      6E7400
 1023              	.LASF13:
 1024 009a 646F7562 		.ascii	"double\000"
ARM GAS  C:\Users\prana\AppData\Local\Temp\cc06B4Up.s 			page 39


 1024      6C6500
 1025              	.LASF20:
 1026 00a1 4449525F 		.ascii	"DIR_CTRL_C_Read\000"
 1026      4354524C 
 1026      5F435F52 
 1026      65616400 
 1027              	.LASF10:
 1028 00b1 75696E74 		.ascii	"uint16\000"
 1028      313600
 1029              	.LASF23:
 1030 00b8 706F7369 		.ascii	"position\000"
 1030      74696F6E 
 1030      00
 1031              	.LASF11:
 1032 00c1 75696E74 		.ascii	"uint32\000"
 1032      333200
 1033              	.LASF16:
 1034 00c8 4449525F 		.ascii	"DIR_CTRL_C_SetDriveMode\000"
 1034      4354524C 
 1034      5F435F53 
 1034      65744472 
 1034      6976654D 
 1035              	.LASF8:
 1036 00e0 756E7369 		.ascii	"unsigned int\000"
 1036      676E6564 
 1036      20696E74 
 1036      00
 1037              	.LASF7:
 1038 00ed 6C6F6E67 		.ascii	"long long unsigned int\000"
 1038      206C6F6E 
 1038      6720756E 
 1038      7369676E 
 1038      65642069 
 1039              	.LASF28:
 1040 0104 474E5520 		.ascii	"GNU C11 5.4.1 20160609 (release) [ARM/embedded-5-br"
 1040      43313120 
 1040      352E342E 
 1040      31203230 
 1040      31363036 
 1041 0137 616E6368 		.ascii	"anch revision 237715] -mcpu=cortex-m0 -mthumb -g -O"
 1041      20726576 
 1041      6973696F 
 1041      6E203233 
 1041      37373135 
 1042 016a 73202D66 		.ascii	"s -ffunction-sections -ffat-lto-objects -finline-fu"
 1042      66756E63 
 1042      74696F6E 
 1042      2D736563 
 1042      74696F6E 
 1043 019d 6E637469 		.ascii	"nctions -flto -fno-strict-aliasing\000"
 1043      6F6E7320 
 1043      2D666C74 
 1043      6F202D66 
 1043      6E6F2D73 
 1044              	.LASF18:
 1045 01c0 6D6F6465 		.ascii	"mode\000"
 1045      00
ARM GAS  C:\Users\prana\AppData\Local\Temp\cc06B4Up.s 			page 40


 1046              	.LASF22:
 1047 01c5 4449525F 		.ascii	"DIR_CTRL_C_SetInterruptMode\000"
 1047      4354524C 
 1047      5F435F53 
 1047      6574496E 
 1047      74657272 
 1048              	.LASF6:
 1049 01e1 6C6F6E67 		.ascii	"long long int\000"
 1049      206C6F6E 
 1049      6720696E 
 1049      7400
 1050              	.LASF27:
 1051 01ef 6D61736B 		.ascii	"maskedStatus\000"
 1051      65645374 
 1051      61747573 
 1051      00
 1052              	.LASF14:
 1053 01fc 63686172 		.ascii	"char\000"
 1053      00
 1054              	.LASF2:
 1055 0201 73686F72 		.ascii	"short int\000"
 1055      7420696E 
 1055      7400
 1056              	.LASF25:
 1057 020b 696E7472 		.ascii	"intrCfg\000"
 1057      43666700 
 1058              	.LASF9:
 1059 0213 75696E74 		.ascii	"uint8\000"
 1059      3800
 1060              	.LASF4:
 1061 0219 6C6F6E67 		.ascii	"long int\000"
 1061      20696E74 
 1061      00
 1062              	.LASF21:
 1063 0222 4449525F 		.ascii	"DIR_CTRL_C_ReadDataReg\000"
 1063      4354524C 
 1063      5F435F52 
 1063      65616444 
 1063      61746152 
 1064              	.LASF0:
 1065 0239 7369676E 		.ascii	"signed char\000"
 1065      65642063 
 1065      68617200 
 1066              	.LASF30:
 1067 0245 443A5C56 		.ascii	"D:\\V-TE-PWR\\PDSS_SRC_SNK\\CYPD3171-24LQXQ_pb\\CYP"
 1067      2D54452D 
 1067      5057525C 
 1067      50445353 
 1067      5F535243 
 1068 0274 44333137 		.ascii	"D3171-24LQXQ_pb.cydsn\000"
 1068      312D3234 
 1068      4C515851 
 1068      5F70622E 
 1068      63796473 
 1069              		.comm	__gnu_lto_v1,1,1
 1070              		.ident	"GCC: (GNU Tools for ARM Embedded Processors) 5.4.1 20160609 (release) [ARM/embedded-5-bran
