ARM GAS  C:\Users\prana\AppData\Local\Temp\ccvHC8Hj.s 			page 1


   1              		.syntax unified
   2              		.cpu cortex-m0
   3              		.fpu softvfp
   4              		.eabi_attribute 20, 1
   5              		.eabi_attribute 21, 1
   6              		.eabi_attribute 23, 3
   7              		.eabi_attribute 24, 1
   8              		.eabi_attribute 25, 1
   9              		.eabi_attribute 26, 1
  10              		.eabi_attribute 30, 4
  11              		.eabi_attribute 34, 0
  12              		.eabi_attribute 18, 4
  13              		.thumb
  14              		.syntax unified
  15              		.file	"EZI2C_1_sda.c"
  16              		.text
  17              	.Ltext0:
  18              		.section	.gnu.lto_.profile.b369f2a8,"",%progbits
  19 0000 789C6361 		.ascii	"x\234ca`d`a`\000\222\352\212\000\000\331\000S"
  19      60646061 
  19      600092EA 
  19      8A0000D9 
  19      0053
  20              		.text
  21              		.section	.gnu.lto_.icf.b369f2a8,"",%progbits
  22 0000 789C6361 		.ascii	"x\234ca`d\000\0015\006\004`c8\373\343\356)v\306i\233"
  22      60640001 
  22      35060460 
  22      6338FBE3 
  22      EE2976C6 
  23 0016 FE3E6266 		.ascii	"\376>bf:\275v\345:N\346\177[_\036\342`y\336\264t3\017"
  23      3ABD76E5 
  23      3A4EE67F 
  23      5B5F1EE2 
  23      6079DEB4 
  24 002d EB8B1F2B 		.ascii	"\353\213\037+\377\3613\000\000\201\005\023\177"
  24      FFF13300 
  24      00810513 
  24      7F
  25              		.text
  26              		.section	.gnu.lto_.jmpfuncs.b369f2a8,"",%progbits
  27 0000 789C45C9 		.ascii	"x\234E\311\261\001\000 \010\300\260\026\320+\374\225"
  27      B1010020 
  27      08C0B016 
  27      D02BFC95 
  28 0010 D795C90C 		.ascii	"\327\225\311\014]Z\3108|\033\265\235\004$Thv\257\367"
  28      5D5AC838 
  28      7C1BB59D 
  28      04245468 
  28      76AFF7
  29 0023 2E215502 		.ascii	".!U\002@"
  29      40
  30              		.text
  31              		.section	.gnu.lto_.inline.b369f2a8,"",%progbits
  32 0000 789C658D 		.ascii	"x\234e\215\311\015\2000\014\004\327\216\343\030\011"
  32      C90D8030 
  32      0C04D78E 
ARM GAS  C:\Users\prana\AppData\Local\Temp\ccvHC8Hj.s 			page 2


  32      E31809
  33 000f 093A4807 		.ascii	"\011:H\007\224@\245<R\012%P\012%`\203\004B\231\307>"
  33      9440A53C 
  33      520A2550 
  33      0A256083 
  33      044299C7 
  34 0024 767C0808 		.ascii	"v|\010\010\301\206\017\005\254\020\301\\%\333Wh\253"
  34      C1860F05 
  34      AC10C15C 
  34      25DB5768 
  34      AB
  35 0035 0C3E2609 		.ascii	"\014>&\011K\030\254\223\322\352-\031\232\011\254\347"
  35      4B18AC93 
  35      D2EA2D19 
  35      9A09ACE7 
  36 0045 F2F44EEA 		.ascii	"\362\364N\352+\211\023\214\331OP\204\374\237x\2141\226"
  36      2B89138C 
  36      D94F5084 
  36      FC9F788C 
  36      3196
  37 0057 51D4375F 		.ascii	"Q\3247_\031\\\353\300\017\342"
  37      195CEBC0 
  37      0FE2
  38              		.text
  39              		.section	.gnu.lto_.pureconst.b369f2a8,"",%progbits
  40 0000 789C6361 		.ascii	"x\234ca`d\340e```c\220b\224b\222b\226b\221b\225\002"
  40      6064E065 
  40      60606063 
  40      90629462 
  40      92629662 
  41 0018 00059500 		.ascii	"\000\005\225\000\304"
  41      C4
  42              		.text
  43              		.section	.gnu.lto_EZI2C_1_sda_SetDriveMode.b369f2a8,"",%progbits
  44 0000 789C7D51 		.ascii	"x\234}QMK[A\024\275g\346\345E\021u+4\0137\242\202\210"
  44      4D4B5B41 
  44      14BD67E6 
  44      E5451175 
  44      2B340B37 
  45 0017 56FF8188 		.ascii	"V\377\201\210t'\315N\224 \346-m\300\352\332I^\036\212"
  45      7427CD4E 
  45      9420E62D 
  45      6DC0EADA 
  45      495E1E8A 
  46 002b AB405170 		.ascii	"\253@Qp!\256$\365#\265\022P\024\304\020\321\245u\345"
  46      21AE24F5 
  46      23B51250 
  46      14C410D1 
  46      A575E5
  47 003e A6508AC8 		.ascii	"\246P\212\310\023\\\305/\220\372\361\274\367%\353\016"
  47      135CC52F 
  47      90FAF1BC 
  47      F725EB0E 
  48 004e CCBD770E 		.ascii	"\314\275w\016\347\034\316\314X\004\222u\314\255\213"
  48      E71CCECC 
  48      58049275 
  48      CCAD8B
ARM GAS  C:\Users\prana\AppData\Local\Temp\ccvHC8Hj.s 			page 3


  49 005d FB07DED0 		.ascii	"\373\007\336\320\004\225;#J\327)@\006S\007\232U\230"
  49      04953B23 
  49      4AD72940 
  49      0653079A 
  49      5598
  50 006f C5A37A55 		.ascii	"\305\243zU(\317\371\373\2523ox\375\365\374\341\264\361"
  50      28CFF9FB 
  50      AA336F78 
  50      FDF5FCE1 
  50      B4F1
  51 0081 5A3C4D14 		.ascii	"Z<M\024\250\320\211\220G'\263\356\213k\337\032t\007"
  51      A8D08990 
  51      4727B3EE 
  51      8B6BDF1A 
  51      7407
  52 0093 88E7DBB3 		.ascii	"\210\347\333\263\312\237\246\3665c2\306\024\307\214"
  52      CA9FA6F6 
  52      356332C6 
  52      14C78C
  53 00a2 F634F01D 		.ascii	"\3664\360\035\232\025\350\213\241'F\014\020\326\321"
  53      9A15E88B 
  53      A127460C 
  53      10D6D1
  54 00b1 2EE4CB9D 		.ascii	".\344\313\235\267\305F;+\366\255USl\300\226\230\333"
  54      B7C5463B 
  54      2BF6AD55 
  54      536CC096 
  54      98DB
  55 00c3 9F4B2608 		.ascii	"\237K&\010\\S*\332'\273v\275b\231\322R,\2108\"\243-"
  55      5C532ADA 
  55      27BB76BD 
  55      6299D252 
  55      2C883822 
  56 00d9 252A85A8 		.ascii	"%*\205\250\302[\342\337*%]\373(\377[\270X\266\305\317"
  56      C25BE2DF 
  56      2A255DFB 
  56      28FF5BB8 
  56      58B6C5CF 
  57 00ed D5729525 		.ascii	"\325r\225%\257\374+\372\240<\255\303\234{\307\351kU"
  57      AFFC2BFA 
  57      A03CADC3 
  57      9C7BC7E9 
  57      6B55
  58 00ff 3DCE6773 		.ascii	"=\316gs\306b(\367\264c\254U\254\244\263\360\264\205"
  58      C66228F7 
  58      B463AC55 
  58      ACA4B3F0 
  58      B485
  59 0111 2DC4B089 		.ascii	"-\304\260\211\030g*`\025\344\303}\251\331\351\252c\341"
  59      18672A60 
  59      15E4C37D 
  59      A9D9E9AA 
  59      63E1
  60 0123 FCF721C4 		.ascii	"\374\367!\304B\341\350%\010\232\361\203\331>2w\321*"
  60      42E1E825 
  60      089AF183 
  60      D93E3277 
ARM GAS  C:\Users\prana\AppData\Local\Temp\ccvHC8Hj.s 			page 4


  60      D12A
  61 0135 2DE26A4B 		.ascii	"-\342jKd\225\232L \226]=\027\016\232D\026\341\253n\207"
  61      64959A4C 
  61      20965D3D 
  61      170E9A44 
  61      16E1AB6E 
  62 014a 12F7A946 		.ascii	"\022\367\251F\211\206\3466C\345%\010\364\277X?9\026"
  62      8986E636 
  62      43E52508 
  62      F4BF583F 
  62      3916
  63 015c 4BE80699 		.ascii	"K\350\006\231\322\336\251\022z\370+\025\005y\003~\221"
  63      D2DEA912 
  63      7AF82B15 
  63      0579037E 
  63      91
  64 016d B621E78B 		.ascii	"\266!\347\21335>\355$\023\361\324\314\324\2043:\034"
  64      33353EED 
  64      2413F1D4 
  64      CCD48433 
  64      3A1C
  65 017f 4F0DF48F 		.ascii	"O\015\364\217\016\216|\3728\220\350M|M\216wO\2205\231"
  65      0E8E7CFA 
  65      3890E84D 
  65      7C4D8E77 
  65      4F903599 
  66 0193 4A3AEF6B 		.ascii	"J:\357k\311\237I"
  66      C99F49
  67              		.text
  68              		.section	.gnu.lto_EZI2C_1_sda_Write.b369f2a8,"",%progbits
  69 0000 789C5551 		.ascii	"x\234UQ\315KTQ\034\275\347\336\367e\303\320\256M\263"
  69      CD4B5451 
  69      1CBDE7DE 
  69      F765C3D0 
  69      AE4DB3
  70 0013 7033981B 		.ascii	"p3\230\033\261\354?\220\220v\221\320\"\206\206\301y"
  70      B1EC3F90 
  70      907691D0 
  70      228686C1 
  70      79
  71 0024 AB868429 		.ascii	"\253\206\204)\335z\347\033\012\302\026\331\"\032\011"
  71      DD7AE71B 
  71      0AC216D9 
  71      221A09
  72 0033 09EDD334 		.ascii	"\011\355\3234\022\212\026\317\007\341n\"\212(\260\020"
  72      128A16CF 
  72      07E16E22 
  72      8A28B010 
  73 0043 A189DA34 		.ascii	"\241\211\3324\206b\244\366\372\375\336\3354\227w?\336"
  73      8662A4F6 
  73      FAFDDEDD 
  73      3497773F 
  73      DE
  74 0054 79E79C7B 		.ascii	"y\347\234{~\277g\011\010\036\027\245\020C\264\037\245"
  74      7EBF6709 
  74      081E17A5 
  74      1043B41F 
ARM GAS  C:\Users\prana\AppData\Local\Temp\ccvHC8Hj.s 			page 5


  74      A5
  75 0065 092520A7 		.ascii	"\011% \247[B\224<\011\360A{\020S\022S\330\221\007\022"
  75      5B42943C 
  75      09F0417B 
  75      10531253 
  75      D8910712 
  76 0079 61A3FD42 		.ascii	"a\243\375B\366\317k\032\033_w\007\365B\200\232\022\""
  76      F6CF6B1A 
  76      1B5F7707 
  76      F542809A 
  76      1222
  77 008b 92B193C0 		.ascii	"\222\261\223\300<\372\211\365\355U\343=\3241\010:\327"
  77      3CFA89F5 
  77      ED55E33D 
  77      D431083A 
  77      D7
  78 009c C39D4EA2 		.ascii	"\303\235N\242\357\236\326e\255\0172Z\325\024\260\000"
  78      EF9ED665 
  78      AD0F325A 
  78      D514B000 
  79 00ac 450A0CA5 		.ascii	"E\012\014\2450\230\022\004\010\334G\037\223\277\207"
  79      30981204 
  79      08DC471F 
  79      93BF87
  80 00bb D70A6A20 		.ascii	"\327\012j \326\255\255\334\210\220\236c]\360n-yK\007"
  80      D6ADADDC 
  80      88909E63 
  80      5DF06E2D 
  80      794B07
  81 00ce A55ED63E 		.ascii	"\245^\326>\370_\313\203\270\233K\177o&\235*\247\352"
  81      F85FCB83 
  81      B89B4B7F 
  81      6F269D2A 
  81      A7EA
  82 00e0 C543A44D 		.ascii	"\305C\244M\036<\202C\025\202\221\305\263\201\216\242"
  82      1E3C8243 
  82      158291C5 
  82      B3818EA2 
  83 00f0 8A0EDEBA 		.ascii	"\212\016\336\272\253\037\335\204\244[\245\242EY\202"
  83      AB1FDD84 
  83      A45BA5A2 
  83      455982
  84 00ff 3FDBE004 		.ascii	"?\333\340\004\016\003./^\214\3660K\210\016M\356\304"
  84      0E032E2F 
  84      5E8CF630 
  84      4B880E4D 
  84      EEC4
  85 0111 9694BCAB 		.ascii	"\226\224\274\2536\302?W[\315I\366\257(\356\312L-|\343"
  85      36C23F57 
  85      5BCD49F6 
  85      AF28EECA 
  85      4C2D7CE3 
  86 0125 6ECB9AB2 		.ascii	"n\313\232\262\342\350{\255\355\237\011\363\252\253\323"
  86      E2E87BAD 
  86      ED9F09F3 
  86      AAABD3
  87 0134 DA22E8F6 		.ascii	"\332\"\350\366\363\225\317\311Y\334)U\251_6\236 \205"
ARM GAS  C:\Users\prana\AppData\Local\Temp\ccvHC8Hj.s 			page 6


  87      F395CFC9 
  87      59DC2955 
  87      A95F369E 
  87      2085
  88 0146 C7A0FC58 		.ascii	"\307\240\374X\304,D\033\345_\215ui\014\025y\022R\331"
  88      C42C441B 
  88      E55F8D75 
  88      690C1579 
  88      1252D9
  89 0159 AFAFC320 		.ascii	"\257\257\303 \026\201\344\261\177}\356\345!\266U\330"
  89      1681E4B1 
  89      7F7DEEE5 
  89      21B655D8 
  90 0169 039E927C 		.ascii	"\003\236\222|\023\261\206\263\022\213E\235\372\207\346"
  90      13B186B3 
  90      128B459D 
  90      FA87E6
  91 0178 05A3A2C7 		.ascii	"\005\243\242\307&\325\353h78\314*\207\310K$\352\262"
  91      26D5EB68 
  91      3738CC2A 
  91      87C84B24 
  91      EAB2
  92 018a 768947A4 		.ascii	"v\211G\244\325\215\345\25581`a\331\220~;\206\342\305"
  92      D58DE5AD 
  92      38316061 
  92      D9907E3B 
  92      86E2C5
  93 019d 01DCEECB 		.ascii	"\001\334\356\313<\223\371K3cH=\006\012g\356\036a\240"
  93      3C93F94B 
  93      3363483D 
  93      060A67EE 
  93      1E61A0
  94 01b0 ABE292D6 		.ascii	"\253\342\222\326\211\356\242\237Q\321\244\021?P\016"
  94      89EEA29F 
  94      51D1A411 
  94      3F500E
  95 01bf 3E8DB020 		.ascii	">\215\260 \376\223\035\011n0\265;=\342_\362\213\271"
  95      FE931D09 
  95      6E30B53B 
  95      3DE25FF2 
  95      8BB9
  96 01d1 2B7E3E3B 		.ascii	"+~>;:>Q\034\3633gF\307\207OfN\235?}b8{<{9\237\033\030"
  96      3A3E511C 
  96      F3336746 
  96      C7874F66 
  96      4E9D3F7D 
  97 01ee 13F664AE 		.ascii	"\023\366d\2560\341\333\371\342\271\\\341\037\262K\326"
  97      30E1DBF9 
  97      E2B95CE1 
  97      1FB24BD6 
  98 01fe B0       		.ascii	"\260"
  99              		.text
 100              		.section	.gnu.lto_EZI2C_1_sda_Read.b369f2a8,"",%progbits
 101 0000 789C258F 		.ascii	"x\234%\217\277KBQ\024\307\317\367\336\347\017\204\350"
 101      BF4B4251 
 101      14C7CFF7 
 101      DEE70F84 
ARM GAS  C:\Users\prana\AppData\Local\Temp\ccvHC8Hj.s 			page 7


 101      E8
 102 0011 0FC8A125 		.ascii	"\017\310\241%\302%\372\26545HE[\344&\202\210\2765\301"
 102      C225FAB5 
 102      34354845 
 102      5BE42682 
 102      88BE35C1 
 103 0025 6AF6E9F3 		.ascii	"j\366\351\363\031D\203KIC\270\245\366\203\210\302\241"
 103      1944834B 
 103      4943B8A5 
 103      F68388C2 
 103      A1
 104 0036 215E6214 		.ascii	"!^b\024\004\271\265\005\021\341\320dR\010Q\275\316\365"
 104      04B9B505 
 104      11E1D064 
 104      520851BD 
 104      CEF5
 105 0048 1DB8F7DC 		.ascii	"\035\270\367\334s\317\347\234\3579\032\201\224\315\263"
 105      73CFE79C 
 105      EF391A81 
 105      94CDB3
 106 0057 1B673FC2 		.ascii	"\033g?\302\007\222 J\217D9\277\000\324\303\360\203\262"
 106      0792204A 
 106      8F4439BF 
 106      00D4C3F0 
 106      83B2
 107 0069 02597C89 		.ascii	"\002Y|\211_\201\207\376\375N T5\214\274\361b\035\316"
 107      5F8187FE 
 107      FD4E2054 
 107      358CBCF1 
 107      621DCE
 108 007c 956B362C 		.ascii	"\225k6,I\344\010\302L\020\223A\325\242\212\0201\372"
 108      49E408C2 
 108      4C109341 
 108      D5A28A10 
 108      31FA
 109 008e 7AFEB73B 		.ascii	"z\376\267;\344-\030l\243\012\340L\015^%y\266j\033\216"
 109      E42D186C 
 109      A30AE04C 
 109      0D5E2579 
 109      B66A1B8E 
 110 00a2 631AF645 		.ascii	"c\032\366E\340\246\021\340/K\262._\232\272<\244:R\227"
 110      E0A611E0 
 110      2F4BB22E 
 110      5F9ABA3C 
 110      A43A5297 
 111 00b6 2B94FE87 		.ascii	"+\224\376\207\020\312\313\016\232\337\333O\365\250j"
 111      10CACB0E 
 111      9ADFDB4F 
 111      F5A86A
 112 00c5 624AC902 		.ascii	"bJ\311\002{V\263\355\373\024\226\024PzW\345\306\265"
 112      7B56B3ED 
 112      FB149614 
 112      507A57E5 
 112      C6B5
 113 00d7 74C342A1 		.ascii	"t\303B\241dh\374\325~\336\357\006*8\310\025xJ\211#\004"
 113      6468FCD5 
 113      7EDEEF06 
ARM GAS  C:\Users\prana\AppData\Local\Temp\ccvHC8Hj.s 			page 8


 113      2A38C815 
 113      784A8923 
 114 00ec 5107CF88 		.ascii	"Q\007\317\210cT@\035\230\275E2%\334v\267N\337\036V\365"
 114      6354401D 
 114      98BD4532 
 114      25DC76B7 
 114      4EDF1E56 
 115 0101 1A044E18 		.ascii	"\032\004N\030\343\374O\261\345s\0055\346\030\272l\335"
 115      E3FC4FB1 
 115      E5730535 
 115      E618BA6C 
 115      DD
 116 0112 15FD0A02 		.ascii	"\025\375\012\002\333\351\000\312\367\266\336\340B\036"
 116      DBE900CA 
 116      F7B6DEE0 
 116      421E
 117 0120 E6E89DCB 		.ascii	"\346\350\235\313\335\210\006k@\215\317\313\214-\351"
 117      DD88066B 
 117      408DCFCB 
 117      8C2DE9
 118 012f 6B7A26B1 		.ascii	"kz&\261\241\247\342\221\364f&\251\307V\"\351\360ll!"
 118      A1A7E291 
 118      F46626A9 
 118      C75622E9 
 118      F06C6C21 
 119 0143 BA3C1D8E 		.ascii	"\272<\035\216O\305\327S\211\211$\375\003\244\277u\361"
 119      4FC5D753 
 119      898924FD 
 119      03A4BF75 
 119      F1
 120              		.text
 121              		.section	.gnu.lto_EZI2C_1_sda_ReadDataReg.b369f2a8,"",%progbits
 122 0000 789C258F 		.ascii	"x\234%\217KKBQ\020\307\347\177\316\365A\"}\200\\\264"
 122      4B4B4251 
 122      10C7E77F 
 122      CEF54122 
 122      7D805CB4 
 123 0014 897013BD 		.ascii	"\211p\023\2756\255ZHE\273\310\235\010\"z\267\011Vk\217"
 123      36AD5A48 
 123      45BBC89D 
 123      08227AB7 
 123      09566B8F 
 124 0028 8F6B102D 		.ascii	"\217k\020-\334T\013)\227Z\031\021=\326&FA`\237 \210"
 124      DC540B29 
 124      975A1911 
 124      3DD62646 
 124      41609F20 
 125 003d 08176D2A 		.ascii	"\010\027m*\261\204^6\307;p\316\2349\363\233\371\317"
 125      B1845E36 
 125      C73B70CE 
 125      9C39F39B 
 125      F9CF
 126 004f 1804D236 		.ascii	"\030\004\3226\313n\224\375\020\037H\202(4\211\322n\001"
 126      CB6E94FD 
 126      101F4882 
 126      283489D2 
 126      6E01
ARM GAS  C:\Users\prana\AppData\Local\Temp\ccvHC8Hj.s 			page 9


 127 0061 E8877283 		.ascii	"\350\207r\203R\002)|\210_\201\273\356\355\326\200\277"
 127      5202297C 
 127      885F81BB 
 127      EEEDD680 
 127      BF
 128 0072 AC54463D 		.ascii	"\254TF=Zg3\273\225\032,I\324\023\204)\037\306}\272E"
 128      5A6733BB 
 128      951A2C49 
 128      D4138429 
 128      1FC67DBA 
 129 0087 197E62F4 		.ascii	"\031~b\364\351\364o\333\353\314)\266a\015p\246\002\247"
 129      E9F46FDB 
 129      EBCC29B6 
 129      610D70A6 
 129      02A7
 130 0099 963C59AE 		.ascii	"\226<Y\256\251^/\253jE\317\325\276\207\277,\311\272"
 130      A95E2FAB 
 130      6A45CFD5 
 130      BE87BF2C 
 130      C9BA
 131 00ab 7C19FA72 		.ascii	"|\031\372r\220\356Ho\\\241\365\337\205\320^\266P\377"
 131      90EE486F 
 131      5CA1F5DF 
 131      85D05EB6 
 131      50FF
 132 00bd DAFCAC86 		.ascii	"\332\374\254\206t\223\254\224,\260c\325\357]\035aI\001"
 132      7493AC94 
 132      2CB063D5 
 132      EF5D1D61 
 132      4901
 133 00cf ADF7DDEC 		.ascii	"\255\367\335\354\274z\354P\345\012\312\340\257\342\305"
 133      BC7AEC50 
 133      E50ACAE0 
 133      AFE2C5
 134 00de E583B784 		.ascii	"\345\203\267\204\275t\216\247\2248\204\017\007\340\031"
 134      BD748EA7 
 134      9438840F 
 134      07E019
 135 00ed 718412A8 		.ascii	"q\204\022\250\205l{\236\262\022v\273\353^\2676\250\353"
 135      856C7B9E 
 135      B21276BB 
 135      EB5EB736 
 135      A8EB
 136 00ff 0D085419 		.ascii	"\015\010T\031\343\374O\276\341\262\005\015\346\030:"
 136      E3FC4FBE 
 136      E1B2050D 
 136      E6183A
 137 010e 6FDCE4DD 		.ascii	"o\334\344\335\032\002\333q\037\312\2647\236aC\016\346"
 137      1A02DB71 
 137      1FCAB437 
 137      9E61430E 
 137      E6
 138 011f E885CBED 		.ascii	"\350\205\313\355\210\372k@\217\317\313\214,\230+f2\272"
 138      88FA6B40 
 138      8FCFCB8C 
 138      2C982B66 
 138      32BA
ARM GAS  C:\Users\prana\AppData\Local\Temp\ccvHC8Hj.s 			page 10


 139 0131 66C623C1 		.ascii	"f\306#\301\304z2f\206\227\202\211\300tx.\2648\031\210"
 139      C47A3266 
 139      86978289 
 139      C074782E 
 139      B4381988 
 140 0145 4C4456E3 		.ascii	"LDV\343\321\261\030\375\003!4v\217"
 140      D1B118FD 
 140      03213476 
 140      8F
 141              		.text
 142              		.section	.gnu.lto_EZI2C_1_sda_SetInterruptMode.b369f2a8,"",%progbits
 143 0000 789C6D51 		.ascii	"x\234mQMh\023A\024\2367\263\311n\222v\365n\016\271\204"
 143      4D681341 
 143      149E37B3 
 143      C96E9276 
 143      F56E0EB9 
 144 0015 D88B1011 		.ascii	"\330\213\020\021o^\014\"^\244\330\233\024Bh\242\344"
 144      6F5E0C22 
 144      5EA4D89B 
 144      144268A2 
 144      E4
 145 0026 6022693C 		.ascii	"`\"i<w\222\335M\241\210\024\305\200\305PT\226T\253\366"
 145      7792DD4D 
 145      A18814C5 
 145      80C55054 
 145      9654ABF6 
 146 003a BF604F6B 		.ascii	"\277`Ok@<\370G\265\"\376 R1\205\322CZ\225J\251\215\357"
 146      403CF847 
 146      B522FE20 
 146      523185D2 
 146      435A954A 
 147 0051 EDE65270 		.ascii	"\355\346Rp`w\346}|\3377\337{\2430`\264\352\234\261\023"
 147      6077E67D 
 147      7CDF37DF 
 147      7BA33060 
 147      B4EA9CB1 
 148 0066 B81FC20F 		.ascii	"\270\037\302\017\004\003>\372\232\261\222\306\001\350"
 148      04033EFA 
 148      9AB192C6 
 148      01E8
 149 0074 20356043 		.ascii	" 5`C\034\206\3407\377\313\2411\334|\302{\352\022\327"
 149      1C86E037 
 149      FFCBA131 
 149      DC7CC27B 
 149      EA12D7
 150 0087 B71F6B71 		.ascii	"\267\037kq9\341\200%\030ks\327\211A\035z\220\365\254"
 150      39E18025 
 150      186B73D7 
 150      89411D7A 
 150      90F5AC
 151 009a BDED1CF8 		.ascii	"\275\355\034\370\305-\001@\242\267\255\227\265\020\225"
 151      C52D0140 
 151      A2B7AD97 
 151      B51095
 152 00a9 1C0E6239 		.ascii	"\034\016b9\266nWuq\030\030\236\327\346\357~\010\306"
 152      B66E5775 
 152      7118189E 
ARM GAS  C:\Users\prana\AppData\Local\Temp\ccvHC8Hj.s 			page 11


 152      D7E6EF7E 
 152      08C6
 153 00bb 6C29CB52 		.ascii	"l)\313R.\244\244\317\022\002\036\200@?\270\017a\230"
 153      2EA4A4CF 
 153      12021E80 
 153      403FB80F 
 153      6198
 154 00cd 80304388 		.ascii	"\2000C\210\301$\304\220\375s\316\276\021\022qW\271e"
 154      C124C490 
 154      FD73CEBE 
 154      11127157 
 154      B965
 155 00df D8465747 		.ascii	"\330FWG\271\335Q>\374\217\362\021\304\210\276lN\337"
 155      B9DD513E 
 155      FC8FF211 
 155      C488BE6C 
 155      4EDF
 156 00f1 165E2405 		.ascii	"\026^$\005\313\315Wc\337u/R\004\313I\373\275\315\305"
 156      CBCD5763 
 156      DF752F52 
 156      04CB49FB 
 156      BDCDC5
 157 0104 71D778E4 		.ascii	"q\327x\344\343\365\331\356\350=2v\336]\323oI\307\214"
 157      E3F5D9EE 
 157      E83D3276 
 157      DE5DD36F 
 157      49C78C
 158 0117 58428169 		.ascii	"XB\201i\317|\012\315\037\2439-d\257\316\354\335\354"
 158      CF7C0ACD 
 158      1FA3392D 
 158      64AFCEEC 
 158      DDEC
 159 0129 F69B3490 		.ascii	"\366\2334\220\010\314@\324\033\005\314\202\037\207\013"
 159      08CC40D4 
 159      1B05CC82 
 159      1F870B
 160 0138 844C9D73 		.ascii	"\204L\235sd\273mHgY\177\372I\357\342\030\313\207)\260"
 160      64BB6D48 
 160      67597FFA 
 160      49EFE218 
 160      CB8729B0 
 161 014c 23858E3E 		.ascii	"#\205\216>\372\371\0311U\240\264\032\002\376\000\241"
 161      FAF91931 
 161      55A0B41A 
 161      02FE00A1 
 162 015c 41FA31D6 		.ascii	"A\3721\326BGz\211M\316i\027Mh\354\214|]\352\245K\014"
 162      42477A89 
 162      4DCE6917 
 162      4D68EC8C 
 162      7C5DEAA5 
 163 0172 4103AE5A 		.ascii	"A\003\256Z\2157*u\243\272\035\324\314\347'\275\352\252"
 163      8D372A75 
 163      A3BA1DD4 
 163      CCE727BD 
 163      EAAA
 164 0184 392AA9DD 		.ascii	"9*\251\335\027+\213;\3728\324J&>\227\006\363\330\303"
 164      172B8B3B 
ARM GAS  C:\Users\prana\AppData\Local\Temp\ccvHC8Hj.s 			page 12


 164      FA38D44A 
 164      263E9706 
 164      F3D8C3
 165 0197 1CF5000B 		.ascii	"\034\365\000\0130\016\254\011\345\255\341]\237\347\247"
 165      300EAC09 
 165      E5ADE15D 
 165      9FE7A7
 166 01a6 18383544 		.ascii	"\03085D\366*\033\212\207\370\020D\304\330\255l\200\207"
 166      F62A1B8A 
 166      87F81044 
 166      C4D8AD6C 
 166      8087
 167 01b8 D0B588B3 		.ascii	"\320\265\210\263U\340n\247\230\035A\217\323\\\372\322"
 167      55E06EA7 
 167      981D418F 
 167      D35CFAD2 
 168 01c8 6169E864 		.ascii	"ai\350d\010\325\265W=(\200(\321\376TV:\346A\327-\200"
 168      08D5B557 
 168      3D288028 
 168      D1FE5456 
 168      3AE641D7 
 169 01de 60A37A27 		.ascii	"`\243z'L\330\276\270%)C\373\023/bb\224\261u(;\237\317"
 169      4CD8BEB8 
 169      252943FB 
 169      132F6262 
 169      94B17528 
 170 01f5 92C07D8A 		.ascii	"\222\300}\212\026\007\032\016\216*z:\223\313\024R\305"
 170      16071A0E 
 170      8E2A7A3A 
 170      93CB1452 
 170      C5
 171 0206 4C3AD997 		.ascii	"L:\331\227\277R\030\310\364\367\366\345\023\307\372"
 171      BF5218C8 
 171      F4F7F6E5 
 171      13C7FA
 172 0215 4F9D3F73 		.ascii	"O\235?s4\221\214'\007\323\251#\003L\273\234\037\314"
 172      34918C27 
 172      07D3A923 
 172      034CBB9C 
 172      1FCC
 173 0227 16B3F99C 		.ascii	"\026\263\371\234r)\237\316\250\331\\\261\220\270p\361"
 173      72299FCE 
 173      A8D95CB1 
 173      90B870F1 
 174 0237 1FA93EEE 		.ascii	"\037\251>\356\356"
 174      EE
 175              		.text
 176              		.section	.gnu.lto_EZI2C_1_sda_ClearInterrupt.b369f2a8,"",%progbits
 177 0000 789C5590 		.ascii	"x\234U\220\313K[Q\020\306\347;\347\306DQ\362\0074\013"
 177      CB4B5B51 
 177      10C6E73B 
 177      E7C64451 
 177      F207340B 
 178 0014 3781BA11 		.ascii	"7\201\272\021_\013\273\026)\356\304\354$\020\202\271"
 178      5F0BBB16 
 178      29EEC4EC 
 178      241082B9 
ARM GAS  C:\Users\prana\AppData\Local\Temp\ccvHC8Hj.s 			page 13


 179 0024 2BA98289 		.ascii	"+\251\202\211[=1\271*\"4\033\025DQ\020\214\266\365\265"
 179      5B3D31B9 
 179      2A22341B 
 179      15445110 
 179      8CB6F5B5 
 180 0038 705522D7 		.ascii	"pU\"\327\320\212(m\251{A\024\\\010\202\212m\240>\322"
 180      D08A286D 
 180      A97B4114 
 180      5C08828A 
 180      6DA03ED2 
 181 004c 99DC2EEA 		.ascii	"\231\334.\352\201\313\2343w\276\337|3\026\201\344\234"
 181      81CB9C33 
 181      77BEDF7C 
 181      331681E4 
 181      9C
 182 005d 7268E3F8 		.ascii	"rh\343\370\212?h\202\312}'J\007\024 \027\023\000\215"
 182      8A3F6882 
 182      CA7D274A 
 182      07142017 
 182      13008D
 183 0070 2A8CE297 		.ascii	"*\214\342\227zR8.\035N\3274\344\215\0313gN\351\315\334"
 183      7A52382E 
 183      1D4ED734 
 183      E48D1933 
 183      674EE9CD 
 184 0085 9A0B4713 		.ascii	"\232\013G\023\225\025\2415\204\246\220 \362h .\275\330"
 184      9515A135 
 184      84A69020 
 184      F268202E 
 184      BDD8
 185 0097 7CC8D7E9 		.ascii	"|\310\327\351\327\220\373\267\325\353]\204WD\346\026"
 185      D790FBB7 
 185      D5EB5D84 
 185      5744E616 
 186 00a7 DED7CE19 		.ascii	"\336\327\316\0317]\317:\254A\377/%\251=\337y\236\251"
 186      375DCF3A 
 186      AC41FF2F 
 186      25A93DDF 
 186      799EA9
 187 00ba ABCA1A3E 		.ascii	"\253\312\032>\365XGX\340L\375\200*\366\011\311l\365"
 187      F5584758 
 187      E04CFD80 
 187      2AF609C9 
 187      6CF5
 188 00cc B8A65CCE 		.ascii	"\270\246\\\316\030\367sp\377$\030P\344h\366\355he\221"
 188      18F77370 
 188      FF241850 
 188      E468F6ED 
 188      686591
 189 00df FCF6C9DB 		.ascii	"\374\366\311\333O\342\213nX+S\334*%Q_\242\370g\352w"
 189      4FE28B6E 
 189      582B53DC 
 189      2A25515F 
 189      A2F867EA 
 190 00f4 61447019 		.ascii	"aDp\031-\023\315:\305\037\376{\345h]q:\377\260<\011"
 190      2D13CD3A 
 190      C51FFE7B 
ARM GAS  C:\Users\prana\AppData\Local\Temp\ccvHC8Hj.s 			page 14


 190      E5685D71 
 190      3AFFB03C 
 191 0109 EF99CBE6 		.ascii	"\357\231\313\346\214\305)\347(\177\\\275\204\305t\226"
 191      8CC529E7 
 191      287F5CBD 
 191      84C57496 
 192 0119 67B5F009 		.ascii	"g\265\360\011!|\004\333\305\006\226@\227\030\273\233"
 192      217C04DB 
 192      C5069640 
 192      9718BB9B 
 193 0129 78541E50 		.ascii	"xT\036P3\2233\231\307\361/\3602\026'\231\3613\273\275"
 193      33933399 
 193      C7F12FF0 
 193      32162799 
 193      F133BBBD 
 194 013d A005AB60 		.ascii	"\240\005\253`a\223\325\347\250H\304/\027y\224\347B\324"
 194      6193D5E7 
 194      A848C42F 
 194      177994E7 
 194      42D4
 195 014f 13F9BC54 		.ascii	"\023\371\274Tq\266\002ya!m\214\357\245\213-v\301\022"
 195      71B60279 
 195      61216D8C 
 195      EFA58B2D 
 195      76C112
 196 0162 697B377E 		.ascii	"i{7~\260\327\356!\374\214`\341\327r\311\015J_\037\367"
 196      B0D7EE21 
 196      FC8C60E1 
 196      D772C90D 
 196      4A5F1FF7 
 197 0176 DBE6FA2B 		.ascii	"\333\346\372+\374\263\352\247\312z k\341%\205\337\332"
 197      FCB3EAA7 
 197      CA7A206B 
 197      E12585DF 
 197      DA
 198 0187 03F6503C 		.ascii	"\003\366P<e'b\221\301\341\241>;\332\035\031\354h\213"
 198      65276291 
 198      C1E1A13E 
 198      3BDA1D19 
 198      EC688B
 199 019a 76F676B5 		.ascii	"v\366v\265t\304\232c\311D\274\261\217j\337\305\223\375"
 199      74C49A63 
 199      C944BCB1 
 199      8F6ADFC5 
 199      93FD
 200 01ac 7622928A 		.ascii	"v\"\222\212\247\206\223\177\001\314\031\254\033"
 200      A786937F 
 200      01CC19AC 
 200      1B
 201              		.text
 202              		.section	.gnu.lto_.symbol_nodes.b369f2a8,"",%progbits
 203 0000 789C6361 		.ascii	"x\234ca`d\310`\000\002&\206z\006\206\011\347\030@\324"
 203      6064C860 
 203      00022686 
 203      7A068609 
 203      E71840D4 
 204 0014 AE0645A0 		.ascii	"\256\006E\240\000c=#\252\000S=\023\252\000s=3\252\000"
ARM GAS  C:\Users\prana\AppData\Local\Temp\ccvHC8Hj.s 			page 15


 204      00633D23 
 204      AA00533D 
 204      13AA0073 
 204      3D33AA00 
 205 0028 4B3D0BAA 		.ascii	"K=\013\252\000k=+\212\000\003\000\305\333\026\342"
 205      006B3D2B 
 205      8A000300 
 205      C5DB16E2 
 206              		.text
 207              		.section	.gnu.lto_.refs.b369f2a8,"",%progbits
 208 0000 789C6361 		.ascii	"x\234ca`\004B \000\000\0009\000\007"
 208      60044220 
 208      00000039 
 208      0007
 209              		.text
 210              		.section	.gnu.lto_.decls.b369f2a8,"",%progbits
 211 0000 789C8D54 		.ascii	"x\234\215TkL\034U\024\276gfw\201\001\\\304F\211\331"
 211      6B4C1C55 
 211      14BE6766 
 211      7781015C 
 211      C44689D9 
 212 0014 1FD8E8EE 		.ascii	"\037\330\350\356\376\"\005LcbLL\250\266M\324\232\022"
 212      FE22054C 
 212      63624C4C 
 212      A8B64DD4 
 212      9A12
 213 0026 6B629A90 		.ascii	"kb\232\220-LZ\222\006\232\355b\322\177\327\226V\254"
 213      2D4C5A92 
 213      069AED62 
 213      D27FD796 
 213      56AC
 214 0038 56315A0A 		.ascii	"V1Z\012\246\304\002\251\345\375(\217\262[q\227\226\205"
 214      A6C402A9 
 214      E5FD288F 
 214      B25B7197 
 214      9685
 215 004a 96D21656 		.ascii	"\226\322\026VM\212\244R\202m5%\006\037Q\212\251\343"
 215      4D8AA452 
 215      826D3525 
 215      061F518A 
 215      A9E3
 216 005c B9F7CEEC 		.ascii	"\271\367\316\354L\351\022\271\331s\357\334\263\347|"
 216      4CE912B9 
 216      D973EFDC 
 216      B3E77C
 217 006b E73BDF9C 		.ascii	"\347;\337\234\214\215\000aK\263\023\262\204g;^5\\I\370"
 217      8C8D0061 
 217      4BB313B2 
 217      84673B5E 
 217      355C49F8 
 218 007f BC8398CB 		.ascii	"\274\203\230\313\201\326\213\326\2176\210\026B\033A"
 218      81D68BD6 
 218      8F368816 
 218      421B41
 219 008e 1B258FAE 		.ascii	"\033%\217\256^=\236\345w\242y\320bhSh\333\364\030\320"
 219      5E3D9EE5 
 219      77A279D0 
ARM GAS  C:\Users\prana\AppData\Local\Temp\ccvHC8Hj.s 			page 16


 219      62685368 
 219      DBF418D0 
 220 00a2 E3562E86 		.ascii	"\343V.\206\237\264\"\327\265J~\177\202|\306\315\376"
 220      9FB422D7 
 220      B54A7E7F 
 220      827CC6CD 
 220      FE
 221 00b3 3F750713 		.ascii	"?u\007\023\344\205\326\220\027J\220\3074H\321\371f\242"
 221      E485D690 
 221      174A90C7 
 221      3448D1F9 
 221      66A2
 222 00c5 AD430BA3 		.ascii	"\255C\013\243M\3508n\013\226\2013\222\000\207\351\350"
 222      4DE8386E 
 222      0B968133 
 222      920087E9 
 222      E8
 223 00d6 5843CF89 		.ascii	"XC\317\211\364~ \201V\337\331\2342\003\323 \201\376"
 223      F47E2081 
 223      56DFD99C 
 223      3203D320 
 223      81FE
 224 00e8 420980D8 		.ascii	"B\011\200\330\201\033\021\306\257\370 \361\235\304]"
 224      811B11C6 
 224      AFF820F1 
 224      9DC45D
 225 00f7 F183B09D 		.ascii	"\361\203\260\235\210x\3563\301\370\31785cq\020\023\035"
 225      8878EE33 
 225      C1F8CF38 
 225      35637110 
 225      131D
 226 0109 F4248833 		.ascii	"\364$\2103\020Y\342\177I\017#\002\\2\023,x\202\256\205"
 226      1059E27F 
 226      490F2302 
 226      5C32132C 
 226      7882AE85 
 227 011d 133CDC13 		.ascii	"\023<\334\023\030M\017w\177v\314.#&>\317\336o~5\247"
 227      184D0F77 
 227      7F76CC2E 
 227      23263ECF 
 227      DE6F7E35 
 228 0132 9DE2AAA6 		.ascii	"\235\342\252\246Tz\321T\246\353\360O-\311\177J\340R"
 228      547AD154 
 228      A6EBF04F 
 228      2DC97F4A 
 228      E052
 229 0144 4003765F 		.ascii	"@\003v_\010\336O\027w\366w\335\247\363\377\246\312\317"
 229      08DE4F17 
 229      77F677DD 
 229      A7F3FFA6 
 229      CACF
 230 0156 B267E9DB 		.ascii	"\262g\351\333\371\266_l\340U\276b0\267\372[^\012R\232"
 230      F9B65F6C 
 230      E055BE62 
 230      30B7FA5B 
 230      5E0A529A 
 231 016a 019DA040 		.ascii	"\001\235\240@;\310\320\0029\254\270K\301\275\212\322"
ARM GAS  C:\Users\prana\AppData\Local\Temp\ccvHC8Hj.s 			page 17


 231      3BC8D002 
 231      39ACB84B 
 231      C1BD8AD2 
 232 017a 8374B191 		.ascii	"\203t\261\221:\262\010\344\273`\203\213@\007x\031&\213"
 232      3AB208E4 
 232      BB60838B 
 232      40077819 
 232      268B
 233 018c 82367041 		.ascii	"\2026pA+\270\030\376\355\023_\336s\330$Ld8\273l\314"
 233      2BB818FE 
 233      ED135FDE 
 233      73D8244C 
 233      6438BB6C 
 234 01a1 17D5FE8E 		.ascii	"\027\325\376\2168\221B\246\002\022^c\213\023\365\251"
 234      389142A6 
 234      02125E63 
 234      8B13F5A9 
 235 01b1 785DA740 		.ascii	"x]\247@\006^\257}>\035\203\254\032\306\201\036\242\331"
 235      065EAF7D 
 235      3E1D83AC 
 235      1AC6811E 
 235      A2D9
 236 01c3 12EC7812 		.ascii	"\022\354x\022z\020\260\033\001\011\234\205,\334\273"
 236      7A10B01B 
 236      01099C85 
 236      2CDCBB
 237 01d2 C026BA8B 		.ascii	"\300&\272\2136,},\255?EOu\323[\301#\25754\035\241\223"
 237      362C7D2C 
 237      AD3F454F 
 237      75D35BC1 
 237      23AF3534 
 238 01e9 98F7320F 		.ascii	"\230\3672\017\204f\2236>\262\343\014\314\240\230\275"
 238      84669336 
 238      3EB2E30C 
 238      CCA098BD 
 239 01f9 B01E73EF 		.ascii	"\260\036s\357\334\034\232\264\311~.\303\335\310\\\330"
 239      DC1C9AB4 
 239      C97E2EC3 
 239      DDC85CD8 
 240 0209 297022E1 		.ascii	")p\"\341\367\345:\0329\2100\022G\3513Q\372\254(\375"
 240      F7E53A1A 
 240      39883012 
 240      47E93351 
 240      FAAC28FD 
 241 021d 1CA56EF9 		.ascii	"\034\245n\371L\253S\256\004\016S_\335\324\232j\345\316"
 241      4CAB53AE 
 241      040E535F 
 241      DDD49A6A 
 241      E5CE
 242 022f 9A36C99F 		.ascii	"\2326\311\237\343\344w\351\334\347\216\035\255\261\351"
 242      E3E477E9 
 242      DCE78E1D 
 242      ADB1E9
 243 023e 357BC6CD 		.ascii	"5{\306\315\232\030\005\003f\315\001k\315A^s\254\357"
 243      9A180503 
 243      66CD016B 
 243      CD415E73 
ARM GAS  C:\Users\prana\AppData\Local\Temp\ccvHC8Hj.s 			page 18


 243      ACEF
 244 0250 F48C5D3E 		.ascii	"\364\214]>.j6\276\027\375.Y\207\251\275\222&\372\347"
 244      2E6A36BE 
 244      17FD2E59 
 244      87A9BD92 
 244      26FAE7
 245 0263 20411324 		.ascii	" A\023$h\005\011q\220\351\245\232\232t\271C\200\234"
 245      68050971 
 245      90E9A59A 
 245      9A74B943 
 245      809C
 246 0275 5EFE6751 		.ascii	"^\376gQ\306w\340\306)\321d\313\230\270\305\23047\214"
 246      C677E0C6 
 246      29D164CB 
 246      98B8C598 
 246      34378C
 247 0288 F62AF238 		.ascii	"\366*\3628\017\226~\355\033\273\221\016\212\227O\001"
 247      0F967EED 
 247      1BBB910E 
 247      8A974F01 
 248 0298 F6A97849 		.ascii	"\366\251xI\274I\210\340\034\270\3659\030B\347\327\350"
 248      BC4988E0 
 248      1CB8F539 
 248      1842E7D7 
 248      E8
 249 02a9 D407AA43 		.ascii	"\324\007\252C\014T\0305\371\306\244\346V\204\034\265"
 249      0C541835 
 249      F9C6A4E6 
 249      56841CB5 
 250 02b9 4D9F78F9 		.ascii	"M\237x\371\240\204\343\2032\334qgB\211\373\206\201;"
 250      A084E383 
 250      32DC7167 
 250      4289FB86 
 250      813B
 251 02cb 1B7FBE37 		.ascii	"\033\177\2767\220\276\352|\\\344\022_0\346\243k\350"
 251      90BEEA7C 
 251      5CE4125F 
 251      30E6A36B 
 251      E8
 252 02dc E2B2D398 		.ascii	"\342\262\323\230\217\321m\363g)=\214y6\026\007\347M"
 252      8FD16DF3 
 252      67293D8C 
 252      79361607 
 252      E74D
 253 02ee 12E7ADFA 		.ascii	"\022\347\255\372\214p}\252N\014=!O\351\3575R9\230\244"
 253      8C707DAA 
 253      4E0C3D21 
 253      4FE9EF35 
 253      523998A4 
 254 0302 6B1CBCFE 		.ascii	"k\034\274\376\360\253\212\232(Q+\312(G\231\252\354>"
 254      F0AB8A9A 
 254      28512BCA 
 254      284799AA 
 254      EC3E
 255 0314 298B59B7 		.ascii	")\213Y\267\341\365\267\253_\314?&f=\033\2577/\265\264"
 255      E1F5B7AB 
 255      5FCC3F26 
ARM GAS  C:\Users\prana\AppData\Local\Temp\ccvHC8Hj.s 			page 19


 255      663D1BAF 
 255      372FB5B4 
 256 0328 B17F3D4C 		.ascii	"\261\177=LvMsZ\204\367\010\341\307go\377\236\"/\010"
 256      764D735A 
 256      84F708E1 
 256      C7676FFF 
 256      9E222F08 
 257 033c E163750B 		.ascii	"\341cu\013\263\016C\370\352C4s\013\201K\330\372\030"
 257      B30E43F8 
 257      EA433473 
 257      0B814BD8 
 257      FA18
 258 034e 13FE2A0A 		.ascii	"\023\376*\012\357\321\205\037G\347eS\370\036!\374\004"
 258      EFD1851F 
 258      47E76553 
 258      F81E21FC 
 258      04
 259 035f 8A78C564 		.ascii	"\212x\305d\353\321\205\377`\356\370\017v\245\212\251"
 259      EBD185FF 
 259      60EEF80F 
 259      76A58AA9 
 260 036f B9164CCC 		.ascii	"\271\026L\314\010\375HO\332\345?\004\251\357?<W+\033"
 260      08FD484F 
 260      DAE53F04 
 260      A9EF3F3C 
 260      572B1B
 261 0382 5F8DC883 		.ascii	"_\215\310\203\273[*)\005\230\302Z\327\315Z\327@\377"
 261      BB5B2A29 
 261      0598C25A 
 261      D7CD5AD7 
 261      40FF
 262 0394 6C3C5A63 		.ascii	"l<Zc2q\215\277\226.\177\224\226v4\336)G4\222\010\304"
 262      32718DBF 
 262      962E7F94 
 262      967634DE 
 262      29473492 
 263 03aa 208D7F10 		.ascii	" \215\177\020\331\231\365\312;[\363\012\212r\213\366"
 263      D999F5CA 
 263      3B5BF30A 
 263      8A728BF6 
 264 03ba 97F88A0A 		.ascii	"\227\370\212\012\325\300&\177\351\273\352\353\345%j"
 264      D5C0267F 
 264      E9BBEAEB 
 264      E5256A
 265 03c9 F2E637DE 		.ascii	"\362\3467\336\312.\310\315%\366\212\322\262\300\013"
 265      CA2EC8CD 
 265      25F68AD2 
 265      B2C00B
 266 03d8 CF6C56CB 		.ascii	"\317lV\313T\277/\240\226\024\025\226W\370\213\325\235"
 266      54BF2FA0 
 266      96141596 
 266      57F88BD5 
 266      9D
 267 03e9 6F169617 		.ascii	"o\026\226\027<\277\263\370@\340\300>u\177\316\036\362"
 267      3CBFB3F8 
 267      40E0C03E 
 267      757FCE1E 
ARM GAS  C:\Users\prana\AppData\Local\Temp\ccvHC8Hj.s 			page 20


 267      F2
 268 03fa DC2A1196 		.ascii	"\334*\021\226\0029\305\344qk\275\267\375\245\0015\303"
 268      0239C5E4 
 268      716BBDB7 
 268      FDA50135 
 268      C3
 269 040b EAD9AEFA 		.ascii	"\352\331\256\372J\236Z\351\330\344\013\370\266\253\273"
 269      4A9E5AE9 
 269      D8E40BF8 
 269      B6ABBB
 270 041a 5D2BA86E 		.ascii	"]+\250n-\013\250~\177\305\276\000\243\353`,s7>m\215"
 270      2D0BA87E 
 270      7FC5BE00 
 270      A3EB602C 
 270      73373E6D 
 271 042f 29D8ABFA 		.ascii	")\330\253\372\374\361(\036\221\237g\367\253\273\363"
 271      FCF1281E 
 271      919F67F7 
 271      ABBBF3
 272 043e F3FE038E 		.ascii	"\363\376\003\216\232\"7"
 272      9A2237
 273              		.text
 274              		.section	.gnu.lto_.symtab.b369f2a8,"",%progbits
 275 0000 455A4932 		.ascii	"EZI2C_1_sda_SetDriveMode\000"
 275      435F315F 
 275      7364615F 
 275      53657444 
 275      72697665 
 276 0019 00       		.ascii	"\000"
 277 001a 00       		.ascii	"\000"
 278 001b 00       		.ascii	"\000"
 279 001c 00000000 		.ascii	"\000\000\000\000\000\000\000\000"
 279      00000000 
 280 0024 B3000000 		.ascii	"\263\000\000\000"
 281 0028 455A4932 		.ascii	"EZI2C_1_sda_Write\000"
 281      435F315F 
 281      7364615F 
 281      57726974 
 281      6500
 282 003a 00       		.ascii	"\000"
 283 003b 00       		.ascii	"\000"
 284 003c 00       		.ascii	"\000"
 285 003d 00000000 		.ascii	"\000\000\000\000\000\000\000\000"
 285      00000000 
 286 0045 B5000000 		.ascii	"\265\000\000\000"
 287 0049 455A4932 		.ascii	"EZI2C_1_sda_Read\000"
 287      435F315F 
 287      7364615F 
 287      52656164 
 287      00
 288 005a 00       		.ascii	"\000"
 289 005b 00       		.ascii	"\000"
 290 005c 00       		.ascii	"\000"
 291 005d 00000000 		.ascii	"\000\000\000\000\000\000\000\000"
 291      00000000 
 292 0065 B8000000 		.ascii	"\270\000\000\000"
 293 0069 455A4932 		.ascii	"EZI2C_1_sda_ReadDataReg\000"
ARM GAS  C:\Users\prana\AppData\Local\Temp\ccvHC8Hj.s 			page 21


 293      435F315F 
 293      7364615F 
 293      52656164 
 293      44617461 
 294 0081 00       		.ascii	"\000"
 295 0082 00       		.ascii	"\000"
 296 0083 00       		.ascii	"\000"
 297 0084 00000000 		.ascii	"\000\000\000\000\000\000\000\000"
 297      00000000 
 298 008c BA000000 		.ascii	"\272\000\000\000"
 299 0090 455A4932 		.ascii	"EZI2C_1_sda_SetInterruptMode\000"
 299      435F315F 
 299      7364615F 
 299      53657449 
 299      6E746572 
 300 00ad 00       		.ascii	"\000"
 301 00ae 00       		.ascii	"\000"
 302 00af 00       		.ascii	"\000"
 303 00b0 00000000 		.ascii	"\000\000\000\000\000\000\000\000"
 303      00000000 
 304 00b8 C4000000 		.ascii	"\304\000\000\000"
 305 00bc 455A4932 		.ascii	"EZI2C_1_sda_ClearInterrupt\000"
 305      435F315F 
 305      7364615F 
 305      436C6561 
 305      72496E74 
 306 00d7 00       		.ascii	"\000"
 307 00d8 00       		.ascii	"\000"
 308 00d9 00       		.ascii	"\000"
 309 00da 00000000 		.ascii	"\000\000\000\000\000\000\000\000"
 309      00000000 
 310 00e2 C6000000 		.ascii	"\306\000\000\000"
 311              		.text
 312              		.section	.gnu.lto_.opts,"",%progbits
 313 0000 272D666D 		.ascii	"'-fmath-errno' '-fsigned-zeros' '-ftrapping-math' '"
 313      6174682D 
 313      6572726E 
 313      6F272027 
 313      2D667369 
 314 0033 2D666E6F 		.ascii	"-fno-trapv' '-fno-openmp' '-fno-openacc' '-mcpu=cor"
 314      2D747261 
 314      70762720 
 314      272D666E 
 314      6F2D6F70 
 315 0066 7465782D 		.ascii	"tex-m0' '-mthumb' '-g' '-Os' '-Werror' '-ffunction-"
 315      6D302720 
 315      272D6D74 
 315      68756D62 
 315      2720272D 
 316 0099 73656374 		.ascii	"sections' '-ffat-lto-objects' '-finline-functions' "
 316      696F6E73 
 316      2720272D 
 316      66666174 
 316      2D6C746F 
 317 00cc 272D666C 		.ascii	"'-flto' '-fno-strict-aliasing'\000"
 317      746F2720 
 317      272D666E 
ARM GAS  C:\Users\prana\AppData\Local\Temp\ccvHC8Hj.s 			page 22


 317      6F2D7374 
 317      72696374 
 318              		.text
 319              		.cfi_sections	.debug_frame
 320              		.section	.text.EZI2C_1_sda_SetDriveMode,"ax",%progbits
 321              		.align	1
 322              		.global	EZI2C_1_sda_SetDriveMode
 323              		.code	16
 324              		.thumb_func
 325              		.type	EZI2C_1_sda_SetDriveMode, %function
 326              	EZI2C_1_sda_SetDriveMode:
 327              	.LFB0:
 328              		.file 1 "Generated_Source\\PSoC4\\EZI2C_1_sda.c"
   1:Generated_Source\PSoC4/EZI2C_1_sda.c **** /*******************************************************************************
   2:Generated_Source\PSoC4/EZI2C_1_sda.c **** * File Name: EZI2C_1_sda.c  
   3:Generated_Source\PSoC4/EZI2C_1_sda.c **** * Version 2.20
   4:Generated_Source\PSoC4/EZI2C_1_sda.c **** *
   5:Generated_Source\PSoC4/EZI2C_1_sda.c **** * Description:
   6:Generated_Source\PSoC4/EZI2C_1_sda.c **** *  This file contains API to enable firmware control of a Pins component.
   7:Generated_Source\PSoC4/EZI2C_1_sda.c **** *
   8:Generated_Source\PSoC4/EZI2C_1_sda.c **** ********************************************************************************
   9:Generated_Source\PSoC4/EZI2C_1_sda.c **** * Copyright 2008-2015, Cypress Semiconductor Corporation.  All rights reserved.
  10:Generated_Source\PSoC4/EZI2C_1_sda.c **** * You may use this file only in accordance with the license, terms, conditions, 
  11:Generated_Source\PSoC4/EZI2C_1_sda.c **** * disclaimers, and limitations in the end user license agreement accompanying 
  12:Generated_Source\PSoC4/EZI2C_1_sda.c **** * the software package with which this file was provided.
  13:Generated_Source\PSoC4/EZI2C_1_sda.c **** *******************************************************************************/
  14:Generated_Source\PSoC4/EZI2C_1_sda.c **** 
  15:Generated_Source\PSoC4/EZI2C_1_sda.c **** #include "cytypes.h"
  16:Generated_Source\PSoC4/EZI2C_1_sda.c **** #include "EZI2C_1_sda.h"
  17:Generated_Source\PSoC4/EZI2C_1_sda.c **** 
  18:Generated_Source\PSoC4/EZI2C_1_sda.c **** 
  19:Generated_Source\PSoC4/EZI2C_1_sda.c **** #if defined(EZI2C_1_sda__PC)
  20:Generated_Source\PSoC4/EZI2C_1_sda.c ****     #define EZI2C_1_sda_SetP4PinDriveMode(shift, mode)  \
  21:Generated_Source\PSoC4/EZI2C_1_sda.c ****     do { \
  22:Generated_Source\PSoC4/EZI2C_1_sda.c ****         EZI2C_1_sda_PC =   (EZI2C_1_sda_PC & \
  23:Generated_Source\PSoC4/EZI2C_1_sda.c ****                                 (uint32)(~(uint32)(EZI2C_1_sda_DRIVE_MODE_IND_MASK << \
  24:Generated_Source\PSoC4/EZI2C_1_sda.c ****                                 (EZI2C_1_sda_DRIVE_MODE_BITS * (shift))))) | \
  25:Generated_Source\PSoC4/EZI2C_1_sda.c ****                                 (uint32)((uint32)(mode) << \
  26:Generated_Source\PSoC4/EZI2C_1_sda.c ****                                 (EZI2C_1_sda_DRIVE_MODE_BITS * (shift))); \
  27:Generated_Source\PSoC4/EZI2C_1_sda.c ****     } while (0)
  28:Generated_Source\PSoC4/EZI2C_1_sda.c **** #else
  29:Generated_Source\PSoC4/EZI2C_1_sda.c ****     #if (CY_PSOC4_4200L)
  30:Generated_Source\PSoC4/EZI2C_1_sda.c ****         #define EZI2C_1_sda_SetP4PinDriveMode(shift, mode)  \
  31:Generated_Source\PSoC4/EZI2C_1_sda.c ****         do { \
  32:Generated_Source\PSoC4/EZI2C_1_sda.c ****             EZI2C_1_sda_USBIO_CTRL_REG = (EZI2C_1_sda_USBIO_CTRL_REG & \
  33:Generated_Source\PSoC4/EZI2C_1_sda.c ****                                     (uint32)(~(uint32)(EZI2C_1_sda_DRIVE_MODE_IND_MASK << \
  34:Generated_Source\PSoC4/EZI2C_1_sda.c ****                                     (EZI2C_1_sda_DRIVE_MODE_BITS * (shift))))) | \
  35:Generated_Source\PSoC4/EZI2C_1_sda.c ****                                     (uint32)((uint32)(mode) << \
  36:Generated_Source\PSoC4/EZI2C_1_sda.c ****                                     (EZI2C_1_sda_DRIVE_MODE_BITS * (shift))); \
  37:Generated_Source\PSoC4/EZI2C_1_sda.c ****         } while (0)
  38:Generated_Source\PSoC4/EZI2C_1_sda.c ****     #endif
  39:Generated_Source\PSoC4/EZI2C_1_sda.c **** #endif
  40:Generated_Source\PSoC4/EZI2C_1_sda.c ****   
  41:Generated_Source\PSoC4/EZI2C_1_sda.c **** 
  42:Generated_Source\PSoC4/EZI2C_1_sda.c **** #if defined(EZI2C_1_sda__PC) || (CY_PSOC4_4200L) 
  43:Generated_Source\PSoC4/EZI2C_1_sda.c ****     /*******************************************************************************
  44:Generated_Source\PSoC4/EZI2C_1_sda.c ****     * Function Name: EZI2C_1_sda_SetDriveMode
ARM GAS  C:\Users\prana\AppData\Local\Temp\ccvHC8Hj.s 			page 23


  45:Generated_Source\PSoC4/EZI2C_1_sda.c ****     ****************************************************************************//**
  46:Generated_Source\PSoC4/EZI2C_1_sda.c ****     *
  47:Generated_Source\PSoC4/EZI2C_1_sda.c ****     * \brief Sets the drive mode for each of the Pins component's pins.
  48:Generated_Source\PSoC4/EZI2C_1_sda.c ****     * 
  49:Generated_Source\PSoC4/EZI2C_1_sda.c ****     * <b>Note</b> This affects all pins in the Pins component instance. Use the
  50:Generated_Source\PSoC4/EZI2C_1_sda.c ****     * Per-Pin APIs if you wish to control individual pin's drive modes.
  51:Generated_Source\PSoC4/EZI2C_1_sda.c ****     *
  52:Generated_Source\PSoC4/EZI2C_1_sda.c ****     * <b>Note</b> USBIOs have limited drive functionality. Refer to the Drive Mode
  53:Generated_Source\PSoC4/EZI2C_1_sda.c ****     * parameter for more information.
  54:Generated_Source\PSoC4/EZI2C_1_sda.c ****     *
  55:Generated_Source\PSoC4/EZI2C_1_sda.c ****     * \param mode
  56:Generated_Source\PSoC4/EZI2C_1_sda.c ****     *  Mode for the selected signals. Valid options are documented in 
  57:Generated_Source\PSoC4/EZI2C_1_sda.c ****     *  \ref driveMode.
  58:Generated_Source\PSoC4/EZI2C_1_sda.c ****     *
  59:Generated_Source\PSoC4/EZI2C_1_sda.c ****     * \return
  60:Generated_Source\PSoC4/EZI2C_1_sda.c ****     *  None
  61:Generated_Source\PSoC4/EZI2C_1_sda.c ****     *
  62:Generated_Source\PSoC4/EZI2C_1_sda.c ****     * \sideeffect
  63:Generated_Source\PSoC4/EZI2C_1_sda.c ****     *  If you use read-modify-write operations that are not atomic, the ISR can
  64:Generated_Source\PSoC4/EZI2C_1_sda.c ****     *  cause corruption of this function. An ISR that interrupts this function 
  65:Generated_Source\PSoC4/EZI2C_1_sda.c ****     *  and performs writes to the Pins component Drive Mode registers can cause 
  66:Generated_Source\PSoC4/EZI2C_1_sda.c ****     *  corrupted port data. To avoid this issue, you should either use the Per-Pin
  67:Generated_Source\PSoC4/EZI2C_1_sda.c ****     *  APIs (primary method) or disable interrupts around this function.
  68:Generated_Source\PSoC4/EZI2C_1_sda.c ****     *
  69:Generated_Source\PSoC4/EZI2C_1_sda.c ****     * \funcusage
  70:Generated_Source\PSoC4/EZI2C_1_sda.c ****     *  \snippet EZI2C_1_sda_SUT.c usage_EZI2C_1_sda_SetDriveMode
  71:Generated_Source\PSoC4/EZI2C_1_sda.c ****     *******************************************************************************/
  72:Generated_Source\PSoC4/EZI2C_1_sda.c ****     void EZI2C_1_sda_SetDriveMode(uint8 mode)
  73:Generated_Source\PSoC4/EZI2C_1_sda.c ****     {
 329              		.loc 1 73 0
 330              		.cfi_startproc
 331              		@ args = 0, pretend = 0, frame = 0
 332              		@ frame_needed = 0, uses_anonymous_args = 0
 333              		@ link register save eliminated.
 334              	.LVL0:
  74:Generated_Source\PSoC4/EZI2C_1_sda.c **** 		EZI2C_1_sda_SetP4PinDriveMode(EZI2C_1_sda__0__SHIFT, mode);
 335              		.loc 1 74 0
 336 0000 034A     		ldr	r2, .L2
 337 0002 044B     		ldr	r3, .L2+4
 338 0004 1168     		ldr	r1, [r2]
 339 0006 8001     		lsls	r0, r0, #6
 340              	.LVL1:
 341 0008 0B40     		ands	r3, r1
 342 000a 1843     		orrs	r0, r3
 343 000c 1060     		str	r0, [r2]
  75:Generated_Source\PSoC4/EZI2C_1_sda.c ****     }
 344              		.loc 1 75 0
 345              		@ sp needed
 346 000e 7047     		bx	lr
 347              	.L3:
 348              		.align	2
 349              	.L2:
 350 0010 08020440 		.word	1074004488
 351 0014 3FFEFFFF 		.word	-449
 352              		.cfi_endproc
 353              	.LFE0:
 354              		.size	EZI2C_1_sda_SetDriveMode, .-EZI2C_1_sda_SetDriveMode
ARM GAS  C:\Users\prana\AppData\Local\Temp\ccvHC8Hj.s 			page 24


 355              		.section	.text.EZI2C_1_sda_Write,"ax",%progbits
 356              		.align	1
 357              		.global	EZI2C_1_sda_Write
 358              		.code	16
 359              		.thumb_func
 360              		.type	EZI2C_1_sda_Write, %function
 361              	EZI2C_1_sda_Write:
 362              	.LFB1:
  76:Generated_Source\PSoC4/EZI2C_1_sda.c **** #endif
  77:Generated_Source\PSoC4/EZI2C_1_sda.c **** 
  78:Generated_Source\PSoC4/EZI2C_1_sda.c **** 
  79:Generated_Source\PSoC4/EZI2C_1_sda.c **** /*******************************************************************************
  80:Generated_Source\PSoC4/EZI2C_1_sda.c **** * Function Name: EZI2C_1_sda_Write
  81:Generated_Source\PSoC4/EZI2C_1_sda.c **** ****************************************************************************//**
  82:Generated_Source\PSoC4/EZI2C_1_sda.c **** *
  83:Generated_Source\PSoC4/EZI2C_1_sda.c **** * \brief Writes the value to the physical port (data output register), masking
  84:Generated_Source\PSoC4/EZI2C_1_sda.c **** *  and shifting the bits appropriately. 
  85:Generated_Source\PSoC4/EZI2C_1_sda.c **** *
  86:Generated_Source\PSoC4/EZI2C_1_sda.c **** * The data output register controls the signal applied to the physical pin in 
  87:Generated_Source\PSoC4/EZI2C_1_sda.c **** * conjunction with the drive mode parameter. This function avoids changing 
  88:Generated_Source\PSoC4/EZI2C_1_sda.c **** * other bits in the port by using the appropriate method (read-modify-write or
  89:Generated_Source\PSoC4/EZI2C_1_sda.c **** * bit banding).
  90:Generated_Source\PSoC4/EZI2C_1_sda.c **** *
  91:Generated_Source\PSoC4/EZI2C_1_sda.c **** * <b>Note</b> This function should not be used on a hardware digital output pin 
  92:Generated_Source\PSoC4/EZI2C_1_sda.c **** * as it is driven by the hardware signal attached to it.
  93:Generated_Source\PSoC4/EZI2C_1_sda.c **** *
  94:Generated_Source\PSoC4/EZI2C_1_sda.c **** * \param value
  95:Generated_Source\PSoC4/EZI2C_1_sda.c **** *  Value to write to the component instance.
  96:Generated_Source\PSoC4/EZI2C_1_sda.c **** *
  97:Generated_Source\PSoC4/EZI2C_1_sda.c **** * \return 
  98:Generated_Source\PSoC4/EZI2C_1_sda.c **** *  None 
  99:Generated_Source\PSoC4/EZI2C_1_sda.c **** *
 100:Generated_Source\PSoC4/EZI2C_1_sda.c **** * \sideeffect
 101:Generated_Source\PSoC4/EZI2C_1_sda.c **** *  If you use read-modify-write operations that are not atomic; the Interrupt 
 102:Generated_Source\PSoC4/EZI2C_1_sda.c **** *  Service Routines (ISR) can cause corruption of this function. An ISR that 
 103:Generated_Source\PSoC4/EZI2C_1_sda.c **** *  interrupts this function and performs writes to the Pins component data 
 104:Generated_Source\PSoC4/EZI2C_1_sda.c **** *  register can cause corrupted port data. To avoid this issue, you should 
 105:Generated_Source\PSoC4/EZI2C_1_sda.c **** *  either use the Per-Pin APIs (primary method) or disable interrupts around 
 106:Generated_Source\PSoC4/EZI2C_1_sda.c **** *  this function.
 107:Generated_Source\PSoC4/EZI2C_1_sda.c **** *
 108:Generated_Source\PSoC4/EZI2C_1_sda.c **** * \funcusage
 109:Generated_Source\PSoC4/EZI2C_1_sda.c **** *  \snippet EZI2C_1_sda_SUT.c usage_EZI2C_1_sda_Write
 110:Generated_Source\PSoC4/EZI2C_1_sda.c **** *******************************************************************************/
 111:Generated_Source\PSoC4/EZI2C_1_sda.c **** void EZI2C_1_sda_Write(uint8 value)
 112:Generated_Source\PSoC4/EZI2C_1_sda.c **** {
 363              		.loc 1 112 0
 364              		.cfi_startproc
 365              		@ args = 0, pretend = 0, frame = 0
 366              		@ frame_needed = 0, uses_anonymous_args = 0
 367              		@ link register save eliminated.
 368              	.LVL2:
 113:Generated_Source\PSoC4/EZI2C_1_sda.c ****     uint8 drVal = (uint8)(EZI2C_1_sda_DR & (uint8)(~EZI2C_1_sda_MASK));
 369              		.loc 1 113 0
 370 0000 0423     		movs	r3, #4
 371 0002 0449     		ldr	r1, .L5
 114:Generated_Source\PSoC4/EZI2C_1_sda.c ****     drVal = (drVal | ((uint8)(value << EZI2C_1_sda_SHIFT) & EZI2C_1_sda_MASK));
 115:Generated_Source\PSoC4/EZI2C_1_sda.c ****     EZI2C_1_sda_DR = (uint32)drVal;
ARM GAS  C:\Users\prana\AppData\Local\Temp\ccvHC8Hj.s 			page 25


 372              		.loc 1 115 0
 373 0004 8000     		lsls	r0, r0, #2
 374              	.LVL3:
 113:Generated_Source\PSoC4/EZI2C_1_sda.c ****     uint8 drVal = (uint8)(EZI2C_1_sda_DR & (uint8)(~EZI2C_1_sda_MASK));
 375              		.loc 1 113 0
 376 0006 0A68     		ldr	r2, [r1]
 116:Generated_Source\PSoC4/EZI2C_1_sda.c **** }
 377              		.loc 1 116 0
 378              		@ sp needed
 113:Generated_Source\PSoC4/EZI2C_1_sda.c ****     uint8 drVal = (uint8)(EZI2C_1_sda_DR & (uint8)(~EZI2C_1_sda_MASK));
 379              		.loc 1 113 0
 380 0008 9A43     		bics	r2, r3
 381 000a D2B2     		uxtb	r2, r2
 115:Generated_Source\PSoC4/EZI2C_1_sda.c **** }
 382              		.loc 1 115 0
 383 000c 0340     		ands	r3, r0
 384 000e 1343     		orrs	r3, r2
 385 0010 0B60     		str	r3, [r1]
 386              		.loc 1 116 0
 387 0012 7047     		bx	lr
 388              	.L6:
 389              		.align	2
 390              	.L5:
 391 0014 00020440 		.word	1074004480
 392              		.cfi_endproc
 393              	.LFE1:
 394              		.size	EZI2C_1_sda_Write, .-EZI2C_1_sda_Write
 395              		.section	.text.EZI2C_1_sda_Read,"ax",%progbits
 396              		.align	1
 397              		.global	EZI2C_1_sda_Read
 398              		.code	16
 399              		.thumb_func
 400              		.type	EZI2C_1_sda_Read, %function
 401              	EZI2C_1_sda_Read:
 402              	.LFB2:
 117:Generated_Source\PSoC4/EZI2C_1_sda.c **** 
 118:Generated_Source\PSoC4/EZI2C_1_sda.c **** 
 119:Generated_Source\PSoC4/EZI2C_1_sda.c **** /*******************************************************************************
 120:Generated_Source\PSoC4/EZI2C_1_sda.c **** * Function Name: EZI2C_1_sda_Read
 121:Generated_Source\PSoC4/EZI2C_1_sda.c **** ****************************************************************************//**
 122:Generated_Source\PSoC4/EZI2C_1_sda.c **** *
 123:Generated_Source\PSoC4/EZI2C_1_sda.c **** * \brief Reads the associated physical port (pin status register) and masks 
 124:Generated_Source\PSoC4/EZI2C_1_sda.c **** *  the required bits according to the width and bit position of the component
 125:Generated_Source\PSoC4/EZI2C_1_sda.c **** *  instance. 
 126:Generated_Source\PSoC4/EZI2C_1_sda.c **** *
 127:Generated_Source\PSoC4/EZI2C_1_sda.c **** * The pin's status register returns the current logic level present on the 
 128:Generated_Source\PSoC4/EZI2C_1_sda.c **** * physical pin.
 129:Generated_Source\PSoC4/EZI2C_1_sda.c **** *
 130:Generated_Source\PSoC4/EZI2C_1_sda.c **** * \return 
 131:Generated_Source\PSoC4/EZI2C_1_sda.c **** *  The current value for the pins in the component as a right justified number.
 132:Generated_Source\PSoC4/EZI2C_1_sda.c **** *
 133:Generated_Source\PSoC4/EZI2C_1_sda.c **** * \funcusage
 134:Generated_Source\PSoC4/EZI2C_1_sda.c **** *  \snippet EZI2C_1_sda_SUT.c usage_EZI2C_1_sda_Read  
 135:Generated_Source\PSoC4/EZI2C_1_sda.c **** *******************************************************************************/
 136:Generated_Source\PSoC4/EZI2C_1_sda.c **** uint8 EZI2C_1_sda_Read(void)
 137:Generated_Source\PSoC4/EZI2C_1_sda.c **** {
 403              		.loc 1 137 0
ARM GAS  C:\Users\prana\AppData\Local\Temp\ccvHC8Hj.s 			page 26


 404              		.cfi_startproc
 405              		@ args = 0, pretend = 0, frame = 0
 406              		@ frame_needed = 0, uses_anonymous_args = 0
 407              		@ link register save eliminated.
 138:Generated_Source\PSoC4/EZI2C_1_sda.c ****     return (uint8)((EZI2C_1_sda_PS & EZI2C_1_sda_MASK) >> EZI2C_1_sda_SHIFT);
 408              		.loc 1 138 0
 409 0000 024B     		ldr	r3, .L8
 139:Generated_Source\PSoC4/EZI2C_1_sda.c **** }
 410              		.loc 1 139 0
 411              		@ sp needed
 138:Generated_Source\PSoC4/EZI2C_1_sda.c ****     return (uint8)((EZI2C_1_sda_PS & EZI2C_1_sda_MASK) >> EZI2C_1_sda_SHIFT);
 412              		.loc 1 138 0
 413 0002 1868     		ldr	r0, [r3]
 414 0004 4007     		lsls	r0, r0, #29
 415 0006 C00F     		lsrs	r0, r0, #31
 416              		.loc 1 139 0
 417 0008 7047     		bx	lr
 418              	.L9:
 419 000a C046     		.align	2
 420              	.L8:
 421 000c 04020440 		.word	1074004484
 422              		.cfi_endproc
 423              	.LFE2:
 424              		.size	EZI2C_1_sda_Read, .-EZI2C_1_sda_Read
 425              		.section	.text.EZI2C_1_sda_ReadDataReg,"ax",%progbits
 426              		.align	1
 427              		.global	EZI2C_1_sda_ReadDataReg
 428              		.code	16
 429              		.thumb_func
 430              		.type	EZI2C_1_sda_ReadDataReg, %function
 431              	EZI2C_1_sda_ReadDataReg:
 432              	.LFB3:
 140:Generated_Source\PSoC4/EZI2C_1_sda.c **** 
 141:Generated_Source\PSoC4/EZI2C_1_sda.c **** 
 142:Generated_Source\PSoC4/EZI2C_1_sda.c **** /*******************************************************************************
 143:Generated_Source\PSoC4/EZI2C_1_sda.c **** * Function Name: EZI2C_1_sda_ReadDataReg
 144:Generated_Source\PSoC4/EZI2C_1_sda.c **** ****************************************************************************//**
 145:Generated_Source\PSoC4/EZI2C_1_sda.c **** *
 146:Generated_Source\PSoC4/EZI2C_1_sda.c **** * \brief Reads the associated physical port's data output register and masks 
 147:Generated_Source\PSoC4/EZI2C_1_sda.c **** *  the correct bits according to the width and bit position of the component 
 148:Generated_Source\PSoC4/EZI2C_1_sda.c **** *  instance. 
 149:Generated_Source\PSoC4/EZI2C_1_sda.c **** *
 150:Generated_Source\PSoC4/EZI2C_1_sda.c **** * The data output register controls the signal applied to the physical pin in 
 151:Generated_Source\PSoC4/EZI2C_1_sda.c **** * conjunction with the drive mode parameter. This is not the same as the 
 152:Generated_Source\PSoC4/EZI2C_1_sda.c **** * preferred EZI2C_1_sda_Read() API because the 
 153:Generated_Source\PSoC4/EZI2C_1_sda.c **** * EZI2C_1_sda_ReadDataReg() reads the data register instead of the status 
 154:Generated_Source\PSoC4/EZI2C_1_sda.c **** * register. For output pins this is a useful function to determine the value 
 155:Generated_Source\PSoC4/EZI2C_1_sda.c **** * just written to the pin.
 156:Generated_Source\PSoC4/EZI2C_1_sda.c **** *
 157:Generated_Source\PSoC4/EZI2C_1_sda.c **** * \return 
 158:Generated_Source\PSoC4/EZI2C_1_sda.c **** *  The current value of the data register masked and shifted into a right 
 159:Generated_Source\PSoC4/EZI2C_1_sda.c **** *  justified number for the component instance.
 160:Generated_Source\PSoC4/EZI2C_1_sda.c **** *
 161:Generated_Source\PSoC4/EZI2C_1_sda.c **** * \funcusage
 162:Generated_Source\PSoC4/EZI2C_1_sda.c **** *  \snippet EZI2C_1_sda_SUT.c usage_EZI2C_1_sda_ReadDataReg 
 163:Generated_Source\PSoC4/EZI2C_1_sda.c **** *******************************************************************************/
 164:Generated_Source\PSoC4/EZI2C_1_sda.c **** uint8 EZI2C_1_sda_ReadDataReg(void)
ARM GAS  C:\Users\prana\AppData\Local\Temp\ccvHC8Hj.s 			page 27


 165:Generated_Source\PSoC4/EZI2C_1_sda.c **** {
 433              		.loc 1 165 0
 434              		.cfi_startproc
 435              		@ args = 0, pretend = 0, frame = 0
 436              		@ frame_needed = 0, uses_anonymous_args = 0
 437              		@ link register save eliminated.
 166:Generated_Source\PSoC4/EZI2C_1_sda.c ****     return (uint8)((EZI2C_1_sda_DR & EZI2C_1_sda_MASK) >> EZI2C_1_sda_SHIFT);
 438              		.loc 1 166 0
 439 0000 024B     		ldr	r3, .L11
 167:Generated_Source\PSoC4/EZI2C_1_sda.c **** }
 440              		.loc 1 167 0
 441              		@ sp needed
 166:Generated_Source\PSoC4/EZI2C_1_sda.c ****     return (uint8)((EZI2C_1_sda_DR & EZI2C_1_sda_MASK) >> EZI2C_1_sda_SHIFT);
 442              		.loc 1 166 0
 443 0002 1868     		ldr	r0, [r3]
 444 0004 4007     		lsls	r0, r0, #29
 445 0006 C00F     		lsrs	r0, r0, #31
 446              		.loc 1 167 0
 447 0008 7047     		bx	lr
 448              	.L12:
 449 000a C046     		.align	2
 450              	.L11:
 451 000c 00020440 		.word	1074004480
 452              		.cfi_endproc
 453              	.LFE3:
 454              		.size	EZI2C_1_sda_ReadDataReg, .-EZI2C_1_sda_ReadDataReg
 455              		.section	.text.EZI2C_1_sda_SetInterruptMode,"ax",%progbits
 456              		.align	1
 457              		.global	EZI2C_1_sda_SetInterruptMode
 458              		.code	16
 459              		.thumb_func
 460              		.type	EZI2C_1_sda_SetInterruptMode, %function
 461              	EZI2C_1_sda_SetInterruptMode:
 462              	.LFB4:
 168:Generated_Source\PSoC4/EZI2C_1_sda.c **** 
 169:Generated_Source\PSoC4/EZI2C_1_sda.c **** 
 170:Generated_Source\PSoC4/EZI2C_1_sda.c **** /*******************************************************************************
 171:Generated_Source\PSoC4/EZI2C_1_sda.c **** * Function Name: EZI2C_1_sda_SetInterruptMode
 172:Generated_Source\PSoC4/EZI2C_1_sda.c **** ****************************************************************************//**
 173:Generated_Source\PSoC4/EZI2C_1_sda.c **** *
 174:Generated_Source\PSoC4/EZI2C_1_sda.c **** * \brief Configures the interrupt mode for each of the Pins component's
 175:Generated_Source\PSoC4/EZI2C_1_sda.c **** *  pins. Alternatively you may set the interrupt mode for all the pins
 176:Generated_Source\PSoC4/EZI2C_1_sda.c **** *  specified in the Pins component.
 177:Generated_Source\PSoC4/EZI2C_1_sda.c **** *
 178:Generated_Source\PSoC4/EZI2C_1_sda.c **** *  <b>Note</b> The interrupt is port-wide and therefore any enabled pin
 179:Generated_Source\PSoC4/EZI2C_1_sda.c **** *  interrupt may trigger it.
 180:Generated_Source\PSoC4/EZI2C_1_sda.c **** *
 181:Generated_Source\PSoC4/EZI2C_1_sda.c **** * \param position
 182:Generated_Source\PSoC4/EZI2C_1_sda.c **** *  The pin position as listed in the Pins component. You may OR these to be 
 183:Generated_Source\PSoC4/EZI2C_1_sda.c **** *  able to configure the interrupt mode of multiple pins within a Pins 
 184:Generated_Source\PSoC4/EZI2C_1_sda.c **** *  component. Or you may use EZI2C_1_sda_INTR_ALL to configure the
 185:Generated_Source\PSoC4/EZI2C_1_sda.c **** *  interrupt mode of all the pins in the Pins component.       
 186:Generated_Source\PSoC4/EZI2C_1_sda.c **** *  - EZI2C_1_sda_0_INTR       (First pin in the list)
 187:Generated_Source\PSoC4/EZI2C_1_sda.c **** *  - EZI2C_1_sda_1_INTR       (Second pin in the list)
 188:Generated_Source\PSoC4/EZI2C_1_sda.c **** *  - ...
 189:Generated_Source\PSoC4/EZI2C_1_sda.c **** *  - EZI2C_1_sda_INTR_ALL     (All pins in Pins component)
 190:Generated_Source\PSoC4/EZI2C_1_sda.c **** *
ARM GAS  C:\Users\prana\AppData\Local\Temp\ccvHC8Hj.s 			page 28


 191:Generated_Source\PSoC4/EZI2C_1_sda.c **** * \param mode
 192:Generated_Source\PSoC4/EZI2C_1_sda.c **** *  Interrupt mode for the selected pins. Valid options are documented in
 193:Generated_Source\PSoC4/EZI2C_1_sda.c **** *  \ref intrMode.
 194:Generated_Source\PSoC4/EZI2C_1_sda.c **** *
 195:Generated_Source\PSoC4/EZI2C_1_sda.c **** * \return 
 196:Generated_Source\PSoC4/EZI2C_1_sda.c **** *  None
 197:Generated_Source\PSoC4/EZI2C_1_sda.c **** *  
 198:Generated_Source\PSoC4/EZI2C_1_sda.c **** * \sideeffect
 199:Generated_Source\PSoC4/EZI2C_1_sda.c **** *  It is recommended that the interrupt be disabled before calling this 
 200:Generated_Source\PSoC4/EZI2C_1_sda.c **** *  function to avoid unintended interrupt requests. Note that the interrupt
 201:Generated_Source\PSoC4/EZI2C_1_sda.c **** *  type is port wide, and therefore will trigger for any enabled pin on the 
 202:Generated_Source\PSoC4/EZI2C_1_sda.c **** *  port.
 203:Generated_Source\PSoC4/EZI2C_1_sda.c **** *
 204:Generated_Source\PSoC4/EZI2C_1_sda.c **** * \funcusage
 205:Generated_Source\PSoC4/EZI2C_1_sda.c **** *  \snippet EZI2C_1_sda_SUT.c usage_EZI2C_1_sda_SetInterruptMode
 206:Generated_Source\PSoC4/EZI2C_1_sda.c **** *******************************************************************************/
 207:Generated_Source\PSoC4/EZI2C_1_sda.c **** void EZI2C_1_sda_SetInterruptMode(uint16 position, uint16 mode)
 208:Generated_Source\PSoC4/EZI2C_1_sda.c **** {
 463              		.loc 1 208 0
 464              		.cfi_startproc
 465              		@ args = 0, pretend = 0, frame = 0
 466              		@ frame_needed = 0, uses_anonymous_args = 0
 467              		@ link register save eliminated.
 468              	.LVL4:
 209:Generated_Source\PSoC4/EZI2C_1_sda.c ****     uint32 intrCfg;
 210:Generated_Source\PSoC4/EZI2C_1_sda.c ****     
 211:Generated_Source\PSoC4/EZI2C_1_sda.c ****     intrCfg =  EZI2C_1_sda_INTCFG & (uint32)(~(uint32)position);
 469              		.loc 1 211 0
 470 0000 034A     		ldr	r2, .L14
 212:Generated_Source\PSoC4/EZI2C_1_sda.c ****     EZI2C_1_sda_INTCFG = intrCfg | ((uint32)position & (uint32)mode);
 213:Generated_Source\PSoC4/EZI2C_1_sda.c **** }
 471              		.loc 1 213 0
 472              		@ sp needed
 211:Generated_Source\PSoC4/EZI2C_1_sda.c ****     EZI2C_1_sda_INTCFG = intrCfg | ((uint32)position & (uint32)mode);
 473              		.loc 1 211 0
 474 0002 1368     		ldr	r3, [r2]
 475              	.LVL5:
 212:Generated_Source\PSoC4/EZI2C_1_sda.c ****     EZI2C_1_sda_INTCFG = intrCfg | ((uint32)position & (uint32)mode);
 476              		.loc 1 212 0
 477 0004 8343     		bics	r3, r0
 478              	.LVL6:
 479 0006 0840     		ands	r0, r1
 480              	.LVL7:
 481 0008 1843     		orrs	r0, r3
 482 000a 1060     		str	r0, [r2]
 483              		.loc 1 213 0
 484 000c 7047     		bx	lr
 485              	.L15:
 486 000e C046     		.align	2
 487              	.L14:
 488 0010 0C020440 		.word	1074004492
 489              		.cfi_endproc
 490              	.LFE4:
 491              		.size	EZI2C_1_sda_SetInterruptMode, .-EZI2C_1_sda_SetInterruptMode
 492              		.section	.text.EZI2C_1_sda_ClearInterrupt,"ax",%progbits
 493              		.align	1
 494              		.global	EZI2C_1_sda_ClearInterrupt
ARM GAS  C:\Users\prana\AppData\Local\Temp\ccvHC8Hj.s 			page 29


 495              		.code	16
 496              		.thumb_func
 497              		.type	EZI2C_1_sda_ClearInterrupt, %function
 498              	EZI2C_1_sda_ClearInterrupt:
 499              	.LFB5:
 214:Generated_Source\PSoC4/EZI2C_1_sda.c **** 
 215:Generated_Source\PSoC4/EZI2C_1_sda.c **** 
 216:Generated_Source\PSoC4/EZI2C_1_sda.c **** /*******************************************************************************
 217:Generated_Source\PSoC4/EZI2C_1_sda.c **** * Function Name: EZI2C_1_sda_ClearInterrupt
 218:Generated_Source\PSoC4/EZI2C_1_sda.c **** ****************************************************************************//**
 219:Generated_Source\PSoC4/EZI2C_1_sda.c **** *
 220:Generated_Source\PSoC4/EZI2C_1_sda.c **** * \brief Clears any active interrupts attached with the component and returns 
 221:Generated_Source\PSoC4/EZI2C_1_sda.c **** *  the value of the interrupt status register allowing determination of which
 222:Generated_Source\PSoC4/EZI2C_1_sda.c **** *  pins generated an interrupt event.
 223:Generated_Source\PSoC4/EZI2C_1_sda.c **** *
 224:Generated_Source\PSoC4/EZI2C_1_sda.c **** * \return 
 225:Generated_Source\PSoC4/EZI2C_1_sda.c **** *  The right-shifted current value of the interrupt status register. Each pin 
 226:Generated_Source\PSoC4/EZI2C_1_sda.c **** *  has one bit set if it generated an interrupt event. For example, bit 0 is 
 227:Generated_Source\PSoC4/EZI2C_1_sda.c **** *  for pin 0 and bit 1 is for pin 1 of the Pins component.
 228:Generated_Source\PSoC4/EZI2C_1_sda.c **** *  
 229:Generated_Source\PSoC4/EZI2C_1_sda.c **** * \sideeffect
 230:Generated_Source\PSoC4/EZI2C_1_sda.c **** *  Clears all bits of the physical port's interrupt status register, not just
 231:Generated_Source\PSoC4/EZI2C_1_sda.c **** *  those associated with the Pins component.
 232:Generated_Source\PSoC4/EZI2C_1_sda.c **** *
 233:Generated_Source\PSoC4/EZI2C_1_sda.c **** * \funcusage
 234:Generated_Source\PSoC4/EZI2C_1_sda.c **** *  \snippet EZI2C_1_sda_SUT.c usage_EZI2C_1_sda_ClearInterrupt
 235:Generated_Source\PSoC4/EZI2C_1_sda.c **** *******************************************************************************/
 236:Generated_Source\PSoC4/EZI2C_1_sda.c **** uint8 EZI2C_1_sda_ClearInterrupt(void)
 237:Generated_Source\PSoC4/EZI2C_1_sda.c **** {
 500              		.loc 1 237 0
 501              		.cfi_startproc
 502              		@ args = 0, pretend = 0, frame = 0
 503              		@ frame_needed = 0, uses_anonymous_args = 0
 504              		@ link register save eliminated.
 238:Generated_Source\PSoC4/EZI2C_1_sda.c **** 	uint8 maskedStatus = (uint8)(EZI2C_1_sda_INTSTAT & EZI2C_1_sda_MASK);
 505              		.loc 1 238 0
 506 0000 0423     		movs	r3, #4
 507 0002 034A     		ldr	r2, .L17
 239:Generated_Source\PSoC4/EZI2C_1_sda.c **** 	EZI2C_1_sda_INTSTAT = maskedStatus;
 240:Generated_Source\PSoC4/EZI2C_1_sda.c ****     return maskedStatus >> EZI2C_1_sda_SHIFT;
 241:Generated_Source\PSoC4/EZI2C_1_sda.c **** }
 508              		.loc 1 241 0
 509              		@ sp needed
 238:Generated_Source\PSoC4/EZI2C_1_sda.c **** 	uint8 maskedStatus = (uint8)(EZI2C_1_sda_INTSTAT & EZI2C_1_sda_MASK);
 510              		.loc 1 238 0
 511 0004 1068     		ldr	r0, [r2]
 512 0006 1840     		ands	r0, r3
 513              	.LVL8:
 239:Generated_Source\PSoC4/EZI2C_1_sda.c **** 	EZI2C_1_sda_INTSTAT = maskedStatus;
 514              		.loc 1 239 0
 515 0008 1060     		str	r0, [r2]
 240:Generated_Source\PSoC4/EZI2C_1_sda.c **** }
 516              		.loc 1 240 0
 517 000a 8008     		lsrs	r0, r0, #2
 518              	.LVL9:
 519 000c C0B2     		uxtb	r0, r0
 520              		.loc 1 241 0
ARM GAS  C:\Users\prana\AppData\Local\Temp\ccvHC8Hj.s 			page 30


 521 000e 7047     		bx	lr
 522              	.L18:
 523              		.align	2
 524              	.L17:
 525 0010 10020440 		.word	1074004496
 526              		.cfi_endproc
 527              	.LFE5:
 528              		.size	EZI2C_1_sda_ClearInterrupt, .-EZI2C_1_sda_ClearInterrupt
 529              		.text
 530              	.Letext0:
 531              		.file 2 "Generated_Source\\PSoC4\\cytypes.h"
 532              		.section	.debug_info,"",%progbits
 533              	.Ldebug_info0:
 534 0000 97010000 		.4byte	0x197
 535 0004 0400     		.2byte	0x4
 536 0006 00000000 		.4byte	.Ldebug_abbrev0
 537 000a 04       		.byte	0x4
 538 000b 01       		.uleb128 0x1
 539 000c ED000000 		.4byte	.LASF27
 540 0010 0C       		.byte	0xc
 541 0011 49000000 		.4byte	.LASF28
 542 0015 2F020000 		.4byte	.LASF29
 543 0019 00000000 		.4byte	.Ldebug_ranges0+0
 544 001d 00000000 		.4byte	0
 545 0021 00000000 		.4byte	.Ldebug_line0
 546 0025 02       		.uleb128 0x2
 547 0026 01       		.byte	0x1
 548 0027 06       		.byte	0x6
 549 0028 23020000 		.4byte	.LASF0
 550 002c 02       		.uleb128 0x2
 551 002d 01       		.byte	0x1
 552 002e 08       		.byte	0x8
 553 002f 35000000 		.4byte	.LASF1
 554 0033 02       		.uleb128 0x2
 555 0034 02       		.byte	0x2
 556 0035 05       		.byte	0x5
 557 0036 E7010000 		.4byte	.LASF2
 558 003a 02       		.uleb128 0x2
 559 003b 02       		.byte	0x2
 560 003c 07       		.byte	0x7
 561 003d 80000000 		.4byte	.LASF3
 562 0041 02       		.uleb128 0x2
 563 0042 04       		.byte	0x4
 564 0043 05       		.byte	0x5
 565 0044 1A020000 		.4byte	.LASF4
 566 0048 02       		.uleb128 0x2
 567 0049 04       		.byte	0x4
 568 004a 07       		.byte	0x7
 569 004b 6E000000 		.4byte	.LASF5
 570 004f 02       		.uleb128 0x2
 571 0050 08       		.byte	0x8
 572 0051 05       		.byte	0x5
 573 0052 AE010000 		.4byte	.LASF6
 574 0056 02       		.uleb128 0x2
 575 0057 08       		.byte	0x8
 576 0058 07       		.byte	0x7
 577 0059 D6000000 		.4byte	.LASF7
ARM GAS  C:\Users\prana\AppData\Local\Temp\ccvHC8Hj.s 			page 31


 578 005d 03       		.uleb128 0x3
 579 005e 04       		.byte	0x4
 580 005f 05       		.byte	0x5
 581 0060 696E7400 		.ascii	"int\000"
 582 0064 02       		.uleb128 0x2
 583 0065 04       		.byte	0x4
 584 0066 07       		.byte	0x7
 585 0067 C9000000 		.4byte	.LASF8
 586 006b 04       		.uleb128 0x4
 587 006c F9010000 		.4byte	.LASF9
 588 0070 02       		.byte	0x2
 589 0071 D201     		.2byte	0x1d2
 590 0073 2C000000 		.4byte	0x2c
 591 0077 04       		.uleb128 0x4
 592 0078 9A000000 		.4byte	.LASF10
 593 007c 02       		.byte	0x2
 594 007d D301     		.2byte	0x1d3
 595 007f 3A000000 		.4byte	0x3a
 596 0083 04       		.uleb128 0x4
 597 0084 AA000000 		.4byte	.LASF11
 598 0088 02       		.byte	0x2
 599 0089 D401     		.2byte	0x1d4
 600 008b 48000000 		.4byte	0x48
 601 008f 02       		.uleb128 0x2
 602 0090 04       		.byte	0x4
 603 0091 04       		.byte	0x4
 604 0092 1E000000 		.4byte	.LASF12
 605 0096 02       		.uleb128 0x2
 606 0097 08       		.byte	0x8
 607 0098 04       		.byte	0x4
 608 0099 93000000 		.4byte	.LASF13
 609 009d 02       		.uleb128 0x2
 610 009e 01       		.byte	0x1
 611 009f 08       		.byte	0x8
 612 00a0 C9010000 		.4byte	.LASF14
 613 00a4 04       		.uleb128 0x4
 614 00a5 00000000 		.4byte	.LASF15
 615 00a9 02       		.byte	0x2
 616 00aa 7E02     		.2byte	0x27e
 617 00ac B0000000 		.4byte	0xb0
 618 00b0 05       		.uleb128 0x5
 619 00b1 83000000 		.4byte	0x83
 620 00b5 06       		.uleb128 0x6
 621 00b6 CE010000 		.4byte	.LASF16
 622 00ba 01       		.byte	0x1
 623 00bb 48       		.byte	0x48
 624 00bc 00000000 		.4byte	.LFB0
 625 00c0 18000000 		.4byte	.LFE0-.LFB0
 626 00c4 01       		.uleb128 0x1
 627 00c5 9C       		.byte	0x9c
 628 00c6 DA000000 		.4byte	0xda
 629 00ca 07       		.uleb128 0x7
 630 00cb A9010000 		.4byte	.LASF18
 631 00cf 01       		.byte	0x1
 632 00d0 48       		.byte	0x48
 633 00d1 6B000000 		.4byte	0x6b
 634 00d5 00000000 		.4byte	.LLST0
ARM GAS  C:\Users\prana\AppData\Local\Temp\ccvHC8Hj.s 			page 32


 635 00d9 00       		.byte	0
 636 00da 06       		.uleb128 0x6
 637 00db 0C000000 		.4byte	.LASF17
 638 00df 01       		.byte	0x1
 639 00e0 6F       		.byte	0x6f
 640 00e1 00000000 		.4byte	.LFB1
 641 00e5 18000000 		.4byte	.LFE1-.LFB1
 642 00e9 01       		.uleb128 0x1
 643 00ea 9C       		.byte	0x9c
 644 00eb 0A010000 		.4byte	0x10a
 645 00ef 07       		.uleb128 0x7
 646 00f0 06000000 		.4byte	.LASF19
 647 00f4 01       		.byte	0x1
 648 00f5 6F       		.byte	0x6f
 649 00f6 6B000000 		.4byte	0x6b
 650 00fa 21000000 		.4byte	.LLST1
 651 00fe 08       		.uleb128 0x8
 652 00ff 43000000 		.4byte	.LASF30
 653 0103 01       		.byte	0x1
 654 0104 71       		.byte	0x71
 655 0105 6B000000 		.4byte	0x6b
 656 0109 00       		.byte	0
 657 010a 09       		.uleb128 0x9
 658 010b 24000000 		.4byte	.LASF20
 659 010f 01       		.byte	0x1
 660 0110 88       		.byte	0x88
 661 0111 6B000000 		.4byte	0x6b
 662 0115 00000000 		.4byte	.LFB2
 663 0119 10000000 		.4byte	.LFE2-.LFB2
 664 011d 01       		.uleb128 0x1
 665 011e 9C       		.byte	0x9c
 666 011f 09       		.uleb128 0x9
 667 0120 B1000000 		.4byte	.LASF21
 668 0124 01       		.byte	0x1
 669 0125 A4       		.byte	0xa4
 670 0126 6B000000 		.4byte	0x6b
 671 012a 00000000 		.4byte	.LFB3
 672 012e 10000000 		.4byte	.LFE3-.LFB3
 673 0132 01       		.uleb128 0x1
 674 0133 9C       		.byte	0x9c
 675 0134 06       		.uleb128 0x6
 676 0135 74020000 		.4byte	.LASF22
 677 0139 01       		.byte	0x1
 678 013a CF       		.byte	0xcf
 679 013b 00000000 		.4byte	.LFB4
 680 013f 14000000 		.4byte	.LFE4-.LFB4
 681 0143 01       		.uleb128 0x1
 682 0144 9C       		.byte	0x9c
 683 0145 75010000 		.4byte	0x175
 684 0149 07       		.uleb128 0x7
 685 014a A1000000 		.4byte	.LASF23
 686 014e 01       		.byte	0x1
 687 014f CF       		.byte	0xcf
 688 0150 77000000 		.4byte	0x77
 689 0154 42000000 		.4byte	.LLST2
 690 0158 0A       		.uleb128 0xa
 691 0159 A9010000 		.4byte	.LASF18
ARM GAS  C:\Users\prana\AppData\Local\Temp\ccvHC8Hj.s 			page 33


 692 015d 01       		.byte	0x1
 693 015e CF       		.byte	0xcf
 694 015f 77000000 		.4byte	0x77
 695 0163 01       		.uleb128 0x1
 696 0164 51       		.byte	0x51
 697 0165 0B       		.uleb128 0xb
 698 0166 F1010000 		.4byte	.LASF25
 699 016a 01       		.byte	0x1
 700 016b D1       		.byte	0xd1
 701 016c 83000000 		.4byte	0x83
 702 0170 63000000 		.4byte	.LLST3
 703 0174 00       		.byte	0
 704 0175 0C       		.uleb128 0xc
 705 0176 FF010000 		.4byte	.LASF24
 706 017a 01       		.byte	0x1
 707 017b EC       		.byte	0xec
 708 017c 6B000000 		.4byte	0x6b
 709 0180 00000000 		.4byte	.LFB5
 710 0184 14000000 		.4byte	.LFE5-.LFB5
 711 0188 01       		.uleb128 0x1
 712 0189 9C       		.byte	0x9c
 713 018a 0B       		.uleb128 0xb
 714 018b BC010000 		.4byte	.LASF26
 715 018f 01       		.byte	0x1
 716 0190 EE       		.byte	0xee
 717 0191 6B000000 		.4byte	0x6b
 718 0195 80000000 		.4byte	.LLST4
 719 0199 00       		.byte	0
 720 019a 00       		.byte	0
 721              		.section	.debug_abbrev,"",%progbits
 722              	.Ldebug_abbrev0:
 723 0000 01       		.uleb128 0x1
 724 0001 11       		.uleb128 0x11
 725 0002 01       		.byte	0x1
 726 0003 25       		.uleb128 0x25
 727 0004 0E       		.uleb128 0xe
 728 0005 13       		.uleb128 0x13
 729 0006 0B       		.uleb128 0xb
 730 0007 03       		.uleb128 0x3
 731 0008 0E       		.uleb128 0xe
 732 0009 1B       		.uleb128 0x1b
 733 000a 0E       		.uleb128 0xe
 734 000b 55       		.uleb128 0x55
 735 000c 17       		.uleb128 0x17
 736 000d 11       		.uleb128 0x11
 737 000e 01       		.uleb128 0x1
 738 000f 10       		.uleb128 0x10
 739 0010 17       		.uleb128 0x17
 740 0011 00       		.byte	0
 741 0012 00       		.byte	0
 742 0013 02       		.uleb128 0x2
 743 0014 24       		.uleb128 0x24
 744 0015 00       		.byte	0
 745 0016 0B       		.uleb128 0xb
 746 0017 0B       		.uleb128 0xb
 747 0018 3E       		.uleb128 0x3e
 748 0019 0B       		.uleb128 0xb
ARM GAS  C:\Users\prana\AppData\Local\Temp\ccvHC8Hj.s 			page 34


 749 001a 03       		.uleb128 0x3
 750 001b 0E       		.uleb128 0xe
 751 001c 00       		.byte	0
 752 001d 00       		.byte	0
 753 001e 03       		.uleb128 0x3
 754 001f 24       		.uleb128 0x24
 755 0020 00       		.byte	0
 756 0021 0B       		.uleb128 0xb
 757 0022 0B       		.uleb128 0xb
 758 0023 3E       		.uleb128 0x3e
 759 0024 0B       		.uleb128 0xb
 760 0025 03       		.uleb128 0x3
 761 0026 08       		.uleb128 0x8
 762 0027 00       		.byte	0
 763 0028 00       		.byte	0
 764 0029 04       		.uleb128 0x4
 765 002a 16       		.uleb128 0x16
 766 002b 00       		.byte	0
 767 002c 03       		.uleb128 0x3
 768 002d 0E       		.uleb128 0xe
 769 002e 3A       		.uleb128 0x3a
 770 002f 0B       		.uleb128 0xb
 771 0030 3B       		.uleb128 0x3b
 772 0031 05       		.uleb128 0x5
 773 0032 49       		.uleb128 0x49
 774 0033 13       		.uleb128 0x13
 775 0034 00       		.byte	0
 776 0035 00       		.byte	0
 777 0036 05       		.uleb128 0x5
 778 0037 35       		.uleb128 0x35
 779 0038 00       		.byte	0
 780 0039 49       		.uleb128 0x49
 781 003a 13       		.uleb128 0x13
 782 003b 00       		.byte	0
 783 003c 00       		.byte	0
 784 003d 06       		.uleb128 0x6
 785 003e 2E       		.uleb128 0x2e
 786 003f 01       		.byte	0x1
 787 0040 3F       		.uleb128 0x3f
 788 0041 19       		.uleb128 0x19
 789 0042 03       		.uleb128 0x3
 790 0043 0E       		.uleb128 0xe
 791 0044 3A       		.uleb128 0x3a
 792 0045 0B       		.uleb128 0xb
 793 0046 3B       		.uleb128 0x3b
 794 0047 0B       		.uleb128 0xb
 795 0048 27       		.uleb128 0x27
 796 0049 19       		.uleb128 0x19
 797 004a 11       		.uleb128 0x11
 798 004b 01       		.uleb128 0x1
 799 004c 12       		.uleb128 0x12
 800 004d 06       		.uleb128 0x6
 801 004e 40       		.uleb128 0x40
 802 004f 18       		.uleb128 0x18
 803 0050 9742     		.uleb128 0x2117
 804 0052 19       		.uleb128 0x19
 805 0053 01       		.uleb128 0x1
ARM GAS  C:\Users\prana\AppData\Local\Temp\ccvHC8Hj.s 			page 35


 806 0054 13       		.uleb128 0x13
 807 0055 00       		.byte	0
 808 0056 00       		.byte	0
 809 0057 07       		.uleb128 0x7
 810 0058 05       		.uleb128 0x5
 811 0059 00       		.byte	0
 812 005a 03       		.uleb128 0x3
 813 005b 0E       		.uleb128 0xe
 814 005c 3A       		.uleb128 0x3a
 815 005d 0B       		.uleb128 0xb
 816 005e 3B       		.uleb128 0x3b
 817 005f 0B       		.uleb128 0xb
 818 0060 49       		.uleb128 0x49
 819 0061 13       		.uleb128 0x13
 820 0062 02       		.uleb128 0x2
 821 0063 17       		.uleb128 0x17
 822 0064 00       		.byte	0
 823 0065 00       		.byte	0
 824 0066 08       		.uleb128 0x8
 825 0067 34       		.uleb128 0x34
 826 0068 00       		.byte	0
 827 0069 03       		.uleb128 0x3
 828 006a 0E       		.uleb128 0xe
 829 006b 3A       		.uleb128 0x3a
 830 006c 0B       		.uleb128 0xb
 831 006d 3B       		.uleb128 0x3b
 832 006e 0B       		.uleb128 0xb
 833 006f 49       		.uleb128 0x49
 834 0070 13       		.uleb128 0x13
 835 0071 00       		.byte	0
 836 0072 00       		.byte	0
 837 0073 09       		.uleb128 0x9
 838 0074 2E       		.uleb128 0x2e
 839 0075 00       		.byte	0
 840 0076 3F       		.uleb128 0x3f
 841 0077 19       		.uleb128 0x19
 842 0078 03       		.uleb128 0x3
 843 0079 0E       		.uleb128 0xe
 844 007a 3A       		.uleb128 0x3a
 845 007b 0B       		.uleb128 0xb
 846 007c 3B       		.uleb128 0x3b
 847 007d 0B       		.uleb128 0xb
 848 007e 27       		.uleb128 0x27
 849 007f 19       		.uleb128 0x19
 850 0080 49       		.uleb128 0x49
 851 0081 13       		.uleb128 0x13
 852 0082 11       		.uleb128 0x11
 853 0083 01       		.uleb128 0x1
 854 0084 12       		.uleb128 0x12
 855 0085 06       		.uleb128 0x6
 856 0086 40       		.uleb128 0x40
 857 0087 18       		.uleb128 0x18
 858 0088 9742     		.uleb128 0x2117
 859 008a 19       		.uleb128 0x19
 860 008b 00       		.byte	0
 861 008c 00       		.byte	0
 862 008d 0A       		.uleb128 0xa
ARM GAS  C:\Users\prana\AppData\Local\Temp\ccvHC8Hj.s 			page 36


 863 008e 05       		.uleb128 0x5
 864 008f 00       		.byte	0
 865 0090 03       		.uleb128 0x3
 866 0091 0E       		.uleb128 0xe
 867 0092 3A       		.uleb128 0x3a
 868 0093 0B       		.uleb128 0xb
 869 0094 3B       		.uleb128 0x3b
 870 0095 0B       		.uleb128 0xb
 871 0096 49       		.uleb128 0x49
 872 0097 13       		.uleb128 0x13
 873 0098 02       		.uleb128 0x2
 874 0099 18       		.uleb128 0x18
 875 009a 00       		.byte	0
 876 009b 00       		.byte	0
 877 009c 0B       		.uleb128 0xb
 878 009d 34       		.uleb128 0x34
 879 009e 00       		.byte	0
 880 009f 03       		.uleb128 0x3
 881 00a0 0E       		.uleb128 0xe
 882 00a1 3A       		.uleb128 0x3a
 883 00a2 0B       		.uleb128 0xb
 884 00a3 3B       		.uleb128 0x3b
 885 00a4 0B       		.uleb128 0xb
 886 00a5 49       		.uleb128 0x49
 887 00a6 13       		.uleb128 0x13
 888 00a7 02       		.uleb128 0x2
 889 00a8 17       		.uleb128 0x17
 890 00a9 00       		.byte	0
 891 00aa 00       		.byte	0
 892 00ab 0C       		.uleb128 0xc
 893 00ac 2E       		.uleb128 0x2e
 894 00ad 01       		.byte	0x1
 895 00ae 3F       		.uleb128 0x3f
 896 00af 19       		.uleb128 0x19
 897 00b0 03       		.uleb128 0x3
 898 00b1 0E       		.uleb128 0xe
 899 00b2 3A       		.uleb128 0x3a
 900 00b3 0B       		.uleb128 0xb
 901 00b4 3B       		.uleb128 0x3b
 902 00b5 0B       		.uleb128 0xb
 903 00b6 27       		.uleb128 0x27
 904 00b7 19       		.uleb128 0x19
 905 00b8 49       		.uleb128 0x49
 906 00b9 13       		.uleb128 0x13
 907 00ba 11       		.uleb128 0x11
 908 00bb 01       		.uleb128 0x1
 909 00bc 12       		.uleb128 0x12
 910 00bd 06       		.uleb128 0x6
 911 00be 40       		.uleb128 0x40
 912 00bf 18       		.uleb128 0x18
 913 00c0 9742     		.uleb128 0x2117
 914 00c2 19       		.uleb128 0x19
 915 00c3 00       		.byte	0
 916 00c4 00       		.byte	0
 917 00c5 00       		.byte	0
 918              		.section	.debug_loc,"",%progbits
 919              	.Ldebug_loc0:
ARM GAS  C:\Users\prana\AppData\Local\Temp\ccvHC8Hj.s 			page 37


 920              	.LLST0:
 921 0000 00000000 		.4byte	.LVL0
 922 0004 08000000 		.4byte	.LVL1
 923 0008 0100     		.2byte	0x1
 924 000a 50       		.byte	0x50
 925 000b 08000000 		.4byte	.LVL1
 926 000f 18000000 		.4byte	.LFE0
 927 0013 0400     		.2byte	0x4
 928 0015 F3       		.byte	0xf3
 929 0016 01       		.uleb128 0x1
 930 0017 50       		.byte	0x50
 931 0018 9F       		.byte	0x9f
 932 0019 00000000 		.4byte	0
 933 001d 00000000 		.4byte	0
 934              	.LLST1:
 935 0021 00000000 		.4byte	.LVL2
 936 0025 06000000 		.4byte	.LVL3
 937 0029 0100     		.2byte	0x1
 938 002b 50       		.byte	0x50
 939 002c 06000000 		.4byte	.LVL3
 940 0030 18000000 		.4byte	.LFE1
 941 0034 0400     		.2byte	0x4
 942 0036 F3       		.byte	0xf3
 943 0037 01       		.uleb128 0x1
 944 0038 50       		.byte	0x50
 945 0039 9F       		.byte	0x9f
 946 003a 00000000 		.4byte	0
 947 003e 00000000 		.4byte	0
 948              	.LLST2:
 949 0042 00000000 		.4byte	.LVL4
 950 0046 08000000 		.4byte	.LVL7
 951 004a 0100     		.2byte	0x1
 952 004c 50       		.byte	0x50
 953 004d 08000000 		.4byte	.LVL7
 954 0051 14000000 		.4byte	.LFE4
 955 0055 0400     		.2byte	0x4
 956 0057 F3       		.byte	0xf3
 957 0058 01       		.uleb128 0x1
 958 0059 50       		.byte	0x50
 959 005a 9F       		.byte	0x9f
 960 005b 00000000 		.4byte	0
 961 005f 00000000 		.4byte	0
 962              	.LLST3:
 963 0063 04000000 		.4byte	.LVL5
 964 0067 06000000 		.4byte	.LVL6
 965 006b 0B00     		.2byte	0xb
 966 006d 70       		.byte	0x70
 967 006e 00       		.sleb128 0
 968 006f 0A       		.byte	0xa
 969 0070 FFFF     		.2byte	0xffff
 970 0072 1A       		.byte	0x1a
 971 0073 20       		.byte	0x20
 972 0074 73       		.byte	0x73
 973 0075 00       		.sleb128 0
 974 0076 1A       		.byte	0x1a
 975 0077 9F       		.byte	0x9f
 976 0078 00000000 		.4byte	0
ARM GAS  C:\Users\prana\AppData\Local\Temp\ccvHC8Hj.s 			page 38


 977 007c 00000000 		.4byte	0
 978              	.LLST4:
 979 0080 08000000 		.4byte	.LVL8
 980 0084 0C000000 		.4byte	.LVL9
 981 0088 0100     		.2byte	0x1
 982 008a 50       		.byte	0x50
 983 008b 0C000000 		.4byte	.LVL9
 984 008f 14000000 		.4byte	.LFE5
 985 0093 0400     		.2byte	0x4
 986 0095 72       		.byte	0x72
 987 0096 00       		.sleb128 0
 988 0097 06       		.byte	0x6
 989 0098 9F       		.byte	0x9f
 990 0099 00000000 		.4byte	0
 991 009d 00000000 		.4byte	0
 992              		.section	.debug_aranges,"",%progbits
 993 0000 44000000 		.4byte	0x44
 994 0004 0200     		.2byte	0x2
 995 0006 00000000 		.4byte	.Ldebug_info0
 996 000a 04       		.byte	0x4
 997 000b 00       		.byte	0
 998 000c 0000     		.2byte	0
 999 000e 0000     		.2byte	0
 1000 0010 00000000 		.4byte	.LFB0
 1001 0014 18000000 		.4byte	.LFE0-.LFB0
 1002 0018 00000000 		.4byte	.LFB1
 1003 001c 18000000 		.4byte	.LFE1-.LFB1
 1004 0020 00000000 		.4byte	.LFB2
 1005 0024 10000000 		.4byte	.LFE2-.LFB2
 1006 0028 00000000 		.4byte	.LFB3
 1007 002c 10000000 		.4byte	.LFE3-.LFB3
 1008 0030 00000000 		.4byte	.LFB4
 1009 0034 14000000 		.4byte	.LFE4-.LFB4
 1010 0038 00000000 		.4byte	.LFB5
 1011 003c 14000000 		.4byte	.LFE5-.LFB5
 1012 0040 00000000 		.4byte	0
 1013 0044 00000000 		.4byte	0
 1014              		.section	.debug_ranges,"",%progbits
 1015              	.Ldebug_ranges0:
 1016 0000 00000000 		.4byte	.LFB0
 1017 0004 18000000 		.4byte	.LFE0
 1018 0008 00000000 		.4byte	.LFB1
 1019 000c 18000000 		.4byte	.LFE1
 1020 0010 00000000 		.4byte	.LFB2
 1021 0014 10000000 		.4byte	.LFE2
 1022 0018 00000000 		.4byte	.LFB3
 1023 001c 10000000 		.4byte	.LFE3
 1024 0020 00000000 		.4byte	.LFB4
 1025 0024 14000000 		.4byte	.LFE4
 1026 0028 00000000 		.4byte	.LFB5
 1027 002c 14000000 		.4byte	.LFE5
 1028 0030 00000000 		.4byte	0
 1029 0034 00000000 		.4byte	0
 1030              		.section	.debug_line,"",%progbits
 1031              	.Ldebug_line0:
 1032 0000 CA000000 		.section	.debug_str,"MS",%progbits,1
 1032      02004800 
ARM GAS  C:\Users\prana\AppData\Local\Temp\ccvHC8Hj.s 			page 39


 1032      00000201 
 1032      FB0E0D00 
 1032      01010101 
 1033              	.LASF15:
 1034 0000 72656733 		.ascii	"reg32\000"
 1034      3200
 1035              	.LASF19:
 1036 0006 76616C75 		.ascii	"value\000"
 1036      6500
 1037              	.LASF17:
 1038 000c 455A4932 		.ascii	"EZI2C_1_sda_Write\000"
 1038      435F315F 
 1038      7364615F 
 1038      57726974 
 1038      6500
 1039              	.LASF12:
 1040 001e 666C6F61 		.ascii	"float\000"
 1040      7400
 1041              	.LASF20:
 1042 0024 455A4932 		.ascii	"EZI2C_1_sda_Read\000"
 1042      435F315F 
 1042      7364615F 
 1042      52656164 
 1042      00
 1043              	.LASF1:
 1044 0035 756E7369 		.ascii	"unsigned char\000"
 1044      676E6564 
 1044      20636861 
 1044      7200
 1045              	.LASF30:
 1046 0043 64725661 		.ascii	"drVal\000"
 1046      6C00
 1047              	.LASF28:
 1048 0049 47656E65 		.ascii	"Generated_Source\\PSoC4\\EZI2C_1_sda.c\000"
 1048      72617465 
 1048      645F536F 
 1048      75726365 
 1048      5C50536F 
 1049              	.LASF5:
 1050 006e 6C6F6E67 		.ascii	"long unsigned int\000"
 1050      20756E73 
 1050      69676E65 
 1050      6420696E 
 1050      7400
 1051              	.LASF3:
 1052 0080 73686F72 		.ascii	"short unsigned int\000"
 1052      7420756E 
 1052      7369676E 
 1052      65642069 
 1052      6E7400
 1053              	.LASF13:
 1054 0093 646F7562 		.ascii	"double\000"
 1054      6C6500
 1055              	.LASF10:
 1056 009a 75696E74 		.ascii	"uint16\000"
 1056      313600
 1057              	.LASF23:
ARM GAS  C:\Users\prana\AppData\Local\Temp\ccvHC8Hj.s 			page 40


 1058 00a1 706F7369 		.ascii	"position\000"
 1058      74696F6E 
 1058      00
 1059              	.LASF11:
 1060 00aa 75696E74 		.ascii	"uint32\000"
 1060      333200
 1061              	.LASF21:
 1062 00b1 455A4932 		.ascii	"EZI2C_1_sda_ReadDataReg\000"
 1062      435F315F 
 1062      7364615F 
 1062      52656164 
 1062      44617461 
 1063              	.LASF8:
 1064 00c9 756E7369 		.ascii	"unsigned int\000"
 1064      676E6564 
 1064      20696E74 
 1064      00
 1065              	.LASF7:
 1066 00d6 6C6F6E67 		.ascii	"long long unsigned int\000"
 1066      206C6F6E 
 1066      6720756E 
 1066      7369676E 
 1066      65642069 
 1067              	.LASF27:
 1068 00ed 474E5520 		.ascii	"GNU C11 5.4.1 20160609 (release) [ARM/embedded-5-br"
 1068      43313120 
 1068      352E342E 
 1068      31203230 
 1068      31363036 
 1069 0120 616E6368 		.ascii	"anch revision 237715] -mcpu=cortex-m0 -mthumb -g -O"
 1069      20726576 
 1069      6973696F 
 1069      6E203233 
 1069      37373135 
 1070 0153 73202D66 		.ascii	"s -ffunction-sections -ffat-lto-objects -finline-fu"
 1070      66756E63 
 1070      74696F6E 
 1070      2D736563 
 1070      74696F6E 
 1071 0186 6E637469 		.ascii	"nctions -flto -fno-strict-aliasing\000"
 1071      6F6E7320 
 1071      2D666C74 
 1071      6F202D66 
 1071      6E6F2D73 
 1072              	.LASF18:
 1073 01a9 6D6F6465 		.ascii	"mode\000"
 1073      00
 1074              	.LASF6:
 1075 01ae 6C6F6E67 		.ascii	"long long int\000"
 1075      206C6F6E 
 1075      6720696E 
 1075      7400
 1076              	.LASF26:
 1077 01bc 6D61736B 		.ascii	"maskedStatus\000"
 1077      65645374 
 1077      61747573 
 1077      00
ARM GAS  C:\Users\prana\AppData\Local\Temp\ccvHC8Hj.s 			page 41


 1078              	.LASF14:
 1079 01c9 63686172 		.ascii	"char\000"
 1079      00
 1080              	.LASF16:
 1081 01ce 455A4932 		.ascii	"EZI2C_1_sda_SetDriveMode\000"
 1081      435F315F 
 1081      7364615F 
 1081      53657444 
 1081      72697665 
 1082              	.LASF2:
 1083 01e7 73686F72 		.ascii	"short int\000"
 1083      7420696E 
 1083      7400
 1084              	.LASF25:
 1085 01f1 696E7472 		.ascii	"intrCfg\000"
 1085      43666700 
 1086              	.LASF9:
 1087 01f9 75696E74 		.ascii	"uint8\000"
 1087      3800
 1088              	.LASF24:
 1089 01ff 455A4932 		.ascii	"EZI2C_1_sda_ClearInterrupt\000"
 1089      435F315F 
 1089      7364615F 
 1089      436C6561 
 1089      72496E74 
 1090              	.LASF4:
 1091 021a 6C6F6E67 		.ascii	"long int\000"
 1091      20696E74 
 1091      00
 1092              	.LASF0:
 1093 0223 7369676E 		.ascii	"signed char\000"
 1093      65642063 
 1093      68617200 
 1094              	.LASF29:
 1095 022f 443A5C56 		.ascii	"D:\\V-TE-PWR\\PDSS_SRC_SNK\\CYPD3171-24LQXQ_pb\\CYP"
 1095      2D54452D 
 1095      5057525C 
 1095      50445353 
 1095      5F535243 
 1096 025e 44333137 		.ascii	"D3171-24LQXQ_pb.cydsn\000"
 1096      312D3234 
 1096      4C515851 
 1096      5F70622E 
 1096      63796473 
 1097              	.LASF22:
 1098 0274 455A4932 		.ascii	"EZI2C_1_sda_SetInterruptMode\000"
 1098      435F315F 
 1098      7364615F 
 1098      53657449 
 1098      6E746572 
 1099              		.comm	__gnu_lto_v1,1,1
 1100              		.ident	"GCC: (GNU Tools for ARM Embedded Processors) 5.4.1 20160609 (release) [ARM/embedded-5-bran
