ARM GAS  C:\Users\prana\AppData\Local\Temp\ccBeQsrr.s 			page 1


   1              		.syntax unified
   2              		.cpu cortex-m0
   3              		.fpu softvfp
   4              		.eabi_attribute 20, 1
   5              		.eabi_attribute 21, 1
   6              		.eabi_attribute 23, 3
   7              		.eabi_attribute 24, 1
   8              		.eabi_attribute 25, 1
   9              		.eabi_attribute 26, 1
  10              		.eabi_attribute 30, 4
  11              		.eabi_attribute 34, 0
  12              		.eabi_attribute 18, 4
  13              		.thumb
  14              		.syntax unified
  15              		.file	"EZI2C_1_sda_PM.c"
  16              		.text
  17              	.Ltext0:
  18              		.section	.gnu.lto_.profile.b369fa8c,"",%progbits
  19 0000 789C6361 		.ascii	"x\234ca`d`a`\000\222\034l\000\000\200\000\031"
  19      60646061 
  19      6000921C 
  19      6C000080 
  19      0019
  20              		.text
  21              		.section	.gnu.lto_.icf.b369fa8c,"",%progbits
  22 0000 789C6361 		.ascii	"x\234ca`d\000\001a\006\004`f\350<\266\370\017\007\343"
  22      60640001 
  22      61060460 
  22      66E83CB6 
  22      F80F07E3 
  23 0014 D2A70B6C 		.ascii	"\322\247\013l\230\326^\3306\213\225\001\000U\025\010"
  23      98D65ED8 
  23      368B9501 
  23      00551508 
  24 0024 4D       		.ascii	"M"
  25              		.text
  26              		.section	.gnu.lto_.jmpfuncs.b369fa8c,"",%progbits
  27 0000 789C6361 		.ascii	"x\234ca`d\000\001\016\006\004`\202b\000\001^\000\022"
  27      60640001 
  27      0E060460 
  27      82620001 
  27      5E0012
  28              		.text
  29              		.section	.gnu.lto_.inline.b369fa8c,"",%progbits
  30 0000 789C6361 		.ascii	"x\234ca`d\000\001\015\006\004`b``ead`bY \317\300\266"
  30      60640001 
  30      0D060460 
  30      62606065 
  30      61646062 
  31 0019 409E0922 		.ascii	"@\236\011\"\206!\304\000\000G\374\003^"
  31      8621C400 
  31      0047FC03 
  31      5E
  32              		.text
  33              		.section	.gnu.lto_.pureconst.b369fa8c,"",%progbits
  34 0000 789C6361 		.ascii	"x\234ca`d`e```b\220b\222\002\000\000\357\000C"
  34      60646065 
ARM GAS  C:\Users\prana\AppData\Local\Temp\ccBeQsrr.s 			page 2


  34      60606062 
  34      90629202 
  34      0000EF00 
  35              		.text
  36              		.section	.gnu.lto_EZI2C_1_sda_Sleep.b369fa8c,"",%progbits
  37 0000 789C4D50 		.ascii	"x\234MP\277KBQ\024>\347\336\347\217\202\240=\207\246"
  37      BF4B4251 
  37      143EE7DE 
  37      E78F82A0 
  37      3D87A6
  38 0013 C886A4E8 		.ascii	"\310\206\244\350?\220\250\206@r\013\341!\372\326\004"
  38      3F90A886 
  38      40720BE1 
  38      21FAD604 
  39 0023 2B1ABDFE 		.ascii	"+\032\275\376x\244\015\341\222M!M\332\0173\247\222\226"
  39      78A40DE1 
  39      924D214D 
  39      DA0F33A7 
  39      9296
  40 0035 8735464D 		.ascii	"\2075FMM-\021d \015\006\011Q\370\354\234\347\322\201"
  40      4D2D1164 
  40      200D0609 
  40      51F8EC9C 
  40      E7D281
  41 0048 CBB9F73B 		.ascii	"\313\271\367;\337\375\276s\216\006\010\034\313\224f"
  41      DFFDBE73 
  41      8E06081C 
  41      CB9466
  42 0057 284FD041 		.ascii	"(O\320A\011(\212\017\000i\257@\344\213\362\"\244\004"
  42      09288A0F 
  42      0069AF40 
  42      E48BF222 
  42      A404
  43 0069 A6B027FA 		.ascii	"\246\260'\372\002[\273\355\246\360W\024\305\213y(U\325"
  43      025BBBED 
  43      A6F05714 
  43      C58B7928 
  43      55D5
  44 007b 4253020C 		.ascii	"BS\002\014\204\243\004XA?\020\355\265a\037\214\271s"
  44      84A30458 
  44      413F10ED 
  44      B5611F8C 
  44      B973
  45 008d 4C9B1C16 		.ascii	"L\233\034\026\261\212n\266\253\257Yj0\310*\353\306\325"
  45      B18A6EB6 
  45      ABAF596A 
  45      30C82AEB 
  45      C6D5
  46 009f 939A0053 		.ascii	"\223\232\000S\022\332%\006{}\012\301Y\266\261\365\263"
  46      12DA2506 
  46      7B7D0AC1 
  46      59B6B1F5 
  46      B3
  47 00b0 67BF8DF0 		.ascii	"g\277\215\360\247\254d\337\222\331z\364|\011S\012d\375"
  47      A7AC64DF 
  47      92D97AF4 
  47      7C09530A 
ARM GAS  C:\Users\prana\AppData\Local\Temp\ccBeQsrr.s 			page 3


  47      64FD
  48 00c2 ABDBF4BB 		.ascii	"\253\333\364\273\030>\363\271\242\322\010*~7\224V\306"
  48      183EF3B9 
  48      A2D2082A 
  48      7E379456 
  48      C6
  49 00d3 A3748E3A 		.ascii	"\243t\216:\222x\212><A\037\031\237a\031\241\215\231"
  49      92788A3E 
  49      3C411F19 
  49      9F6119A1 
  49      8D99
  50 00e5 D2F114EB 		.ascii	"\322\361\024\353\375\027\323\034\261f\363\343\331\223"
  50      FD17D31C 
  50      B166F3E3 
  50      D993
  51 00f3 EAABBC52 		.ascii	"\352\253\274R\343\204\025h\036\206;\367Ow\243,\250\034"
  51      E3841568 
  51      1E863BF7 
  51      4F77A32C 
  51      A81C
  52 0105 DC85355A 		.ascii	"\334\2055Z\3029KRq\377\372\262\340\015\324x@\265cJ7"
  52      C2394B52 
  52      71FFFAB2 
  52      E00DD478 
  52      40B5634A 
  53 011a 5E908BED 		.ascii	"^\220\213\355l\001\353\030\240\246\241\203\031\353\327"
  53      6C01EB18 
  53      A0A6A183 
  53      19EBD7
  54 0129 C596CE6A 		.ascii	"\305\226\316j\272\3249\315F\224\351%c\303HF\267\214"
  54      BAD439CD 
  54      4694E925 
  54      63C34846 
  54      B78C
  55 013b B81E4E6C 		.ascii	"\270\036Nl'cF$\024N\004\027\"\213\353+\363A}N\337\214"
  55      27634624 
  55      144E0417 
  55      228BEB2B 
  55      F3417D4E 
  56 0151 47F5D0EA 		.ascii	"G\365\320\352l\014\376\000\227\307\200\277"
  56      6C0CFE00 
  56      97C780BF 
  57              		.text
  58              		.section	.gnu.lto_EZI2C_1_sda_backup.b369fa8c,"",%progbits
  59 0000 789C6361 		.ascii	"x\234ca`d\000\001k \206\260\030\030\37621\256\177\263"
  59      60640001 
  59      6B2086B0 
  59      1818FE32 
  59      31AE7FB3 
  60 0014 F327EF17 		.ascii	"\363'\357\027\246Vf\240 \220{\341\356\212\343\374\026"
  60      A65666A0 
  60      20907BE1 
  60      EE8AE3FC 
  60      16
  61 0025 DB1A3A16 		.ascii	"\333\032:\0264\030\26423\376cb`\\\316(\363\217\211\021"
  61      3418B432 
  61      33FE6362 
ARM GAS  C:\Users\prana\AppData\Local\Temp\ccBeQsrr.s 			page 4


  61      605CCE28 
  61      F38F8911 
  62 0039 42318128 		.ascii	"B1\201(\006\306\025\214\026\014\000\345\232\024I"
  62      06C6158C 
  62      160C00E5 
  62      9A1449
  63              		.text
  64              		.section	.gnu.lto_EZI2C_1_sda_Wakeup.b369fa8c,"",%progbits
  65 0000 789C4D90 		.ascii	"x\234M\220\277KBQ\024\307\357\367\336\327S\212\240="
  65      BF4B4251 
  65      14C7EFF7 
  65      DED7538A 
  65      A03D
  66 0012 87C60CCA 		.ascii	"\207\306\014\312~\375\007\022\322\020Hn!<D\337\232`"
  66      7EFD0712 
  66      D210486E 
  66      213C44DF 
  66      9A60
  67 0024 357BFDF1 		.ascii	"5{\375\361(\227\220\"\267\220&\355\2479\225MO\253-j"
  67      28979022 
  67      B79026ED 
  67      A739954D 
  67      4FAB2D6A 
  68 0038 AA869668 		.ascii	"\252\206\226h0\220\006\205\202\026\265s\237K\027.\347"
  68      30900685 
  68      8216B573 
  68      9F4B172E 
  68      E7
  69 0049 DEEF39F7 		.ascii	"\336\3579\367|\276\347j\014L\255\000\205)\212\343\264"
  69      7CBEE76A 
  69      0C4CAD00 
  69      85298AE3 
  69      B4
  70 005a 211878FE 		.ascii	"!\030x\376\221\261\224\233\003\352 \335`I\216$~x\227"
  70      91B1949B 
  70      03EA20DD 
  70      60498E24 
  70      7E7897
  71 006d A3B1DDAC 		.ascii	"\243\261\335\254qoI\322z\277o\315\312\262\015K0\326"
  71      716F49D2 
  71      7ABF6FCD 
  71      CAB20D4B 
  71      30D6
  72 007f E74E2786 		.ascii	"\347N'\206\022\274\214\312>\252\275\203Q=\253\312&\006"
  72      12BC8CCA 
  72      3EAABD83 
  72      513DABCA 
  72      2606
  73 0091 4994A12B 		.ascii	"I\224\241+\\e\325\226\375~F\332\257z}\317\245qf\011"
  73      5C65D596 
  73      FD7E46DA 
  73      AF7A7DCF 
  73      A5716609 
  74 00a5 92DB54A2 		.ascii	"\222\333T\242`\035\316U\024M\244o:/\365\021\365*#\024"
  74      601DCE55 
  74      144DA46F 
  74      3A2FF511 
ARM GAS  C:\Users\prana\AppData\Local\Temp\ccBeQsrr.s 			page 5


  74      F52A2314 
  75 00b9 B860359E 		.ascii	"\270`5\236\\\337\334\022\034\012P\253}\275\271\222]"
  75      5CDFDC12 
  75      1C0A50AB 
  75      7DBDB992 
  75      5D
  76 00ca B923E518 		.ascii	"\271#\345\030i9\362\240\344\326\303\363\335p\021\207"
  76      6939F2A0 
  76      E4D6C3F3 
  76      DD701187 
  77 00da 29E9E802 		.ascii	")\351\350\002'd\374\030\036'\271{}\231s\373\246-\241"
  77      2764FC18 
  77      1E27B97B 
  77      7D9973FB 
  77      A62DA1
  78 00ed E11445F4 		.ascii	"\341\024E\364\034\3178\203\2175\321(\034y\024\354?i"
  78      1CCF3883 
  78      8F35D128 
  78      1C7914EC 
  78      3F69
  79 00ff C8215DDD 		.ascii	"\310!]\335\246>\371\340\272\223\315K\215\244\374oUj"
  79      A63EF9E0 
  79      BA93CD4B 
  79      8DA4FC6F 
  79      556A
  80 0111 8A9225CE 		.ascii	"\212\222%\316\002M\240\343\002\036\234+\016*\324\232"
  80      024DA0E3 
  80      021E9C2B 
  80      0E2AD49A 
  81 0121 2CB316D2 		.ascii	",\263\026\322\366~@\365t~\246M\276i2bN\006\314u3\021"
  81      F67E40F5 
  81      747EA64D 
  81      BE693262 
  81      4E06CC75 
  82 0137 D9346346 		.ascii	"\3314cF(\276\225\210\232\341`(\356_\014/\255-\317\373"
  82      28BE9588 
  82      9AE16028 
  82      EE5F0C2F 
  82      AD2DCFFB 
  83 014b 8D396323 		.ascii	"\2159c#\0261\202+3Q\366\007\234\271\177\347"
  83      1631822B 
  83      3351F607 
  83      9CB97FE7 
  84              		.text
  85              		.section	.gnu.lto_.symbol_nodes.b369fa8c,"",%progbits
  86 0000 789C6361 		.ascii	"x\234ca`d\320a\000\002&\306z\006\206\011\347\030\030"
  86      6064D061 
  86      000226C6 
  86      7A068609 
  86      E71818
  87 0013 80D4AE06 		.ascii	"\200\324\256\006E\006\006V\006\206\006!\006\006f&\246"
  87      45060656 
  87      06860621 
  87      06066626 
  87      A6
  88 0024 7A461409 		.ascii	"zF\024\011\006\000\276o\010B"
  88      0600BE6F 
ARM GAS  C:\Users\prana\AppData\Local\Temp\ccBeQsrr.s 			page 6


  88      0842
  89              		.text
  90              		.section	.gnu.lto_.refs.b369fa8c,"",%progbits
  91 0000 789C6361 		.ascii	"x\234ca`d\340f`\000\222\214\214L\214L@\222\001\000\001"
  91      6064E066 
  91      6000928C 
  91      8C4C8C4C 
  91      40920100 
  92 0015 54001B   		.ascii	"T\000\033"
  93              		.text
  94              		.section	.gnu.lto_.decls.b369fa8c,"",%progbits
  95 0000 789C8D54 		.ascii	"x\234\215T\353OSI\024\237so\013\345Z\304\005c4\361\003"
  95      EB4F5349 
  95      149F736F 
  95      0BE55AC4 
  95      056334F1 
  96 0015 9A22FD60 		.ascii	"\232\"\375`0\240\177\300j\343+FC,`\334\030\033\2507"
  96      30A07FC0 
  96      6AE32B46 
  96      432C60DC 
  96      181BA837 
  97 0029 4A34D200 		.ascii	"J4\322\000\375\340\247\235E\327\267\021|\240\0300\215"
  97      FDE0A79D 
  97      45D7B711 
  97      7CA01830 
  97      8D
  98 003a 0FC45528 		.ascii	"\017\304U(\276PA\261\250\355j\333M\304,\037\220(\220"
  98      BE5041B1 
  98      A8ED6ADB 
  98      4DC42C1F 
  98      902890
  99 004d 8D51A389 		.ascii	"\215Q\243\211\254\022\005\215\251gfn{/\006\324I\317"
  99      AC12058D 
  99      A967666E 
  99      7B2F06D4 
  99      49CF
 100 005f CC9C33E7 		.ascii	"\314\2343\347\367;\217\231[\023\001\302\306z3!\303D"
 100      F73B8F99 
 100      5B1301C2 
 100      C67A3321 
 100      C344
 101 0071 480C8709 		.ascii	"H\014\207\011\327\"\242\017\011\245\031\305\217\302"
 101      D722A20F 
 101      09A519C5 
 101      8FC2
 102 007f 10213276 		.ascii	"\020!2v\260\263d\015\223\215\022A\011\243DQ\202(\355"
 102      B0B3640D 
 102      938D1241 
 102      09A34451 
 102      8228ED
 103 0092 1AAE4B5B 		.ascii	"\032\256K[\233'\340\011i\261\2625\234\254a\002(\235"
 103      9B27E009 
 103      69B1B235 
 103      9CAC6102 
 103      289D
 104 00a4 64FCE1FF 		.ascii	"d\374\341\377&\2661f<\017c\354\211j\370\"A\254\241\245"
 104      26B63166 
ARM GAS  C:\Users\prana\AppData\Local\Temp\ccBeQsrr.s 			page 7


 104      3C0F63EC 
 104      896AF822 
 104      41ACA1A5 
 105 00b8 29A50F7A 		.ascii	")\245\017zA\002\2551\004@\314\300\205\010\341*n$>\223"
 105      4102AD31 
 105      0440CCC0 
 105      8508E12A 
 105      6E243E93 
 106 00cc 8429B110 		.ascii	"\204)\261\0206\023\341\317m:\031\377\305\327X|p\022"
 106      3613E1CF 
 106      6D3A19FF 
 106      C5D7587C 
 106      7012
 107 00de 9D1D3410 		.ascii	"\235\0354\020$2\020(q.inD\220K:\300\300'\3225\344\004"
 107      24321028 
 107      712E696E 
 107      44904B3A 
 107      C0C027D2 
 108 00f5 636B8278 		.ascii	"ck\202x\321\221\276w\007\223d\344\304}\377h\323\222"
 108      D191BE77 
 108      079364E4 
 108      C47DFF68 
 108      D392
 109 0107 9C8B1447 		.ascii	"\234\213\024G5\245\322\\\2753\301\330\307@\332\260\004"
 109      35A5D25C 
 109      BD33C1D8 
 109      C740DAB0 
 109      04
 110 0118 E90A48A8 		.ascii	"\351\012H\250>\036\2126LBu\252\002SP}\335Y\027K\235"
 110      3E1E8A36 
 110      4C4275AA 
 110      0253507D 
 110      DD59174B 
 111 012d 5ECB7074 		.ascii	"^\313pt;\315\224\240h\032\\\200\231\360\027\314\304"
 111      3BCD94A0 
 111      681A5C80 
 111      99F017CC 
 111      C4
 112 013e 4017613A 		.ascii	"@\027a:\316%&\301t%\032\335\227<\333G}\255t\340\363"
 112      CE2526C1 
 112      74251ADD 
 112      973CDB47 
 112      7DAD74E0 
 113 0153 505E1D0D 		.ascii	"P^\035\015T!Jb^\320\0042\234\207\034\226\035n\331r\016"
 113      54214A62 
 113      5ED00432 
 113      9C871C96 
 113      1D6ED972 
 114 0168 FA30ED66 		.ascii	"\3720\355f\230\215\310\003g:FR\344%<\321\241\266\246"
 114      988DC803 
 114      673A4652 
 114      E4253CD1 
 114      A1B6A6
 115 017b 1EB36009 		.ascii	"\036\263`\011\374\033\262\322G\310\361+\347h\3219Z\214"
 115      FC1BB2D2 
 115      47C8F12B 
 115      E768D139 
ARM GAS  C:\Users\prana\AppData\Local\Temp\ccBeQsrr.s 			page 8


 115      5A8C
 116 018d 1C7ECEF1 		.ascii	"\034~\316\361\341\317G>\223\274\226s|~y\244\027DMVT"
 116      E1CF473E 
 116      93BC9673 
 116      7C7E79A4 
 116      17444D56 
 117 01a2 AB3A7A6B 		.ascii	"\253:zk\322DM\003\354\370D\307p\330,\216-\250v\357h"
 117      D2444D03 
 117      ECF844C7 
 117      70D82C8E 
 117      2DA876EF 
 118 01b7 AD97856A 		.ascii	"\255\227\205jB\365\377\177N\3747Yxg\242\332\327\335"
 118      42F5FF7F 
 118      4EFC3759 
 118      7867A2DA 
 118      D7DD
 119 01c9 3628CB5B 		.ascii	"6(\313[8\357\323\007\347/0\317l\005\330U\244\241\311"
 119      38EFD307 
 119      E72F30CF 
 119      6C05D855 
 119      A4A1C9
 120 01dc FFE6E668 		.ascii	"\377\346\346h\25201\217p\377\363w)\262\227\355\245\307"
 120      AA30318F 
 120      70FFF377 
 120      29B297ED 
 120      A5C7
 121 01ee 756FFA93 		.ascii	"uo\372\223@\261\357\246\264\212Vo\247\351\313\010\\"
 121      40B1EFA6 
 121      B48A566F 
 121      A7E9CB08 
 121      5C
 122 01ff C3DE5DC5 		.ascii	"\303\336]\305\336A\007\330\031\206\325\0037\320x\035"
 122      DE4107D8 
 122      1986D503 
 122      37D0781D 
 123 020f 8D8DACCB 		.ascii	"\215\215\254\313\003\243\273\212\216\355b}k\007\005"
 123      03A3BB8A 
 123      8EED627D 
 123      6B0705
 124 021e 6EEA3567 		.ascii	"n\3525g+\242\315\247>\325\276P\344\223\300\343\371\302"
 124      2BA2CDA7 
 124      3ED5BE50 
 124      E493C0E3 
 124      F9C2
 125 0230 AFBA53E4 		.ascii	"\257\272S\344F\256\230_\036\376Re\001[\206\315f?\305"
 125      46AE985F 
 125      1EFE5265 
 125      015B86CD 
 125      663FC5
 126 0243 620EDC89 		.ascii	"b\016\334\211\314\251\277L\351\236$\316u\033\271\356"
 126      CCA9BF4C 
 126      E99E24CE 
 126      751BB9EE 
 127 0253 40869EC3 		.ascii	"@\206\236\303\025~\211\2718\221\032\355eP0\021\270\214"
 127      157E89B9 
 127      38911AED 
 127      65503011 
ARM GAS  C:\Users\prana\AppData\Local\Temp\ccBeQsrr.s 			page 9


 127      B88C
 128 0265 0E97F819 		.ascii	"\016\227\370\031s\307\360p\027\263\355\002\033\004P"
 128      73C7F070 
 128      17B3ED02 
 128      1B0450
 129 0274 3AC1C6DF 		.ascii	":\301\306\337\016\017\0218\256\306\351\333\276\245\237"
 129      0E0F1138 
 129      AEC6E9DB 
 129      BEA59F
 130 0283 C718AE31 		.ascii	"\307\030\2561\036\315\2676\341{k\\_\236\011oB\340\260"
 130      1ECDB736 
 130      E17B6B5C 
 130      5F9E096F 
 130      42E0B0
 131 0296 4AA985B9 		.ascii	"J\251\205\271\020\255|\355\265\276\032\351\331i\225"
 131      10AD7CED 
 131      B5BE1AE9 
 131      D96995
 132 02a5 7B78BD52 		.ascii	"{x\275RWc\250f\022\3303\004\244!\025{\026D\322{z\317"
 132      5763A866 
 132      12D83304 
 132      A421157B 
 132      1644D27B 
 133 02bb 18C104C5 		.ascii	"\030\301\004\305\301}\254\351{\365a\264\301\367\325"
 133      C17DACE9 
 133      7BF561B4 
 133      C1F7D5
 134 02ca 7E29EB34 		.ascii	"~)\3534\245>|\321\255k\217P\272\214Gh\025\021\014\215"
 134      A53E7CD1 
 134      AD6B8F50 
 134      BA8C4768 
 134      15110C8D 
 135 02de 629602FC 		.ascii	"b\226\002\374\323\010A\026\342\366\014\036}bVv\263O"
 135      D3084116 
 135      E2F60C1E 
 135      7D625676 
 135      B34F
 136 02f0 E667EE1D 		.ascii	"\346g\356\035\021\355\317h\275Y~+\352\352\331w\375\270"
 136      11EDCF68 
 136      BD597E2B 
 136      EAEAD977 
 136      FDB8
 137 0302 0C7625FE 		.ascii	"\014v%\376\036~\257;\364\007\315\20406\356\201^\333"
 137      1E7EAF3B 
 137      F407CD84 
 137      3036EE81 
 137      5EDB
 138 0314 DFC01EC4 		.ascii	"\337\300\036\304\270A\036\216\037\344\303\310\303\375"
 138      B8411E8E 
 138      1FE4C3C8 
 138      C3FD
 139 0322 56EBDEC4 		.ascii	"V\353\336\304s\344\214q\020\201\010X\371\177H\204\177"
 139      73E48C71 
 139      10810858 
 139      F97F4884 
 139      7F
 140 0333 3467F707 		.ascii	"4g\367\007K\215\276A\303u\021\210j\276l\375e\361o\313"
ARM GAS  C:\Users\prana\AppData\Local\Temp\ccBeQsrr.s 			page 10


 140      4B8DBE41 
 140      C3751188 
 140      6ABE6CFD 
 140      65F16FCB 
 141 0347 F31CAE5C 		.ascii	"\363\034\256\\W\305\206b\227s\213\252z,KW\025f:rs\211"
 141      57C58662 
 141      97738BAA 
 141      7A2C4B57 
 141      15663A72 
 142 035d 7DA9BA55 		.ascii	"}\251\272U-/\256T7\270\234e\336r\267\272.\337Y\346X"
 142      2D2FAE54 
 142      37B89C65 
 142      DE72B7BA 
 142      2EDF59E6 
 143 0372 B0CE88C8 		.ascii	"\260\316\210\310_\231\343&\351F\313\232\342\315\252"
 143      5F99E326 
 143      E946CB9A 
 143      E2CDAA
 144 0381 D733C654 		.ascii	"\3273\306TR\354\336\354\365X*J\313\234\225H\227\344"
 144      52ECDEEC 
 144      F5582A4A 
 144      CB9C9548 
 144      97E4
 145 0393 2DDD5A39 		.ascii	"-\335Z9?o\326\004\364\356m\225\333<jE\316&\222\354q"
 145      3F6FD604 
 145      F4EE6D95 
 145      DB3C6A45 
 145      CE2692EC 
 146 03a8 7380C55B 		.ascii	"s\200\305[Q\3027Y?\316\010a3\214\261\027-t\254(\314"
 146      51C23759 
 146      3FCE0861 
 146      338CB117 
 146      2D74AC28 
 147 03bd 77390B56 		.ascii	"w9\013V\027:\012\314\345\352\306\371y_\001\327U\326"
 147      173A0ACC 
 147      E5EAC6F9 
 147      795F01D7 
 147      55D6
 148 03cf A7       		.ascii	"\247"
 149              		.text
 150              		.section	.gnu.lto_.symtab.b369fa8c,"",%progbits
 151 0000 455A4932 		.ascii	"EZI2C_1_sda_Sleep\000"
 151      435F315F 
 151      7364615F 
 151      536C6565 
 151      7000
 152 0012 00       		.ascii	"\000"
 153 0013 00       		.ascii	"\000"
 154 0014 00       		.ascii	"\000"
 155 0015 00000000 		.ascii	"\000\000\000\000\000\000\000\000"
 155      00000000 
 156 001d AD000000 		.ascii	"\255\000\000\000"
 157 0021 455A4932 		.ascii	"EZI2C_1_sda_Wakeup\000"
 157      435F315F 
 157      7364615F 
 157      57616B65 
 157      757000
ARM GAS  C:\Users\prana\AppData\Local\Temp\ccBeQsrr.s 			page 11


 158 0034 00       		.ascii	"\000"
 159 0035 00       		.ascii	"\000"
 160 0036 00       		.ascii	"\000"
 161 0037 00000000 		.ascii	"\000\000\000\000\000\000\000\000"
 161      00000000 
 162 003f AF000000 		.ascii	"\257\000\000\000"
 163              		.text
 164              		.section	.gnu.lto_.opts,"",%progbits
 165 0000 272D666D 		.ascii	"'-fmath-errno' '-fsigned-zeros' '-ftrapping-math' '"
 165      6174682D 
 165      6572726E 
 165      6F272027 
 165      2D667369 
 166 0033 2D666E6F 		.ascii	"-fno-trapv' '-fno-openmp' '-fno-openacc' '-mcpu=cor"
 166      2D747261 
 166      70762720 
 166      272D666E 
 166      6F2D6F70 
 167 0066 7465782D 		.ascii	"tex-m0' '-mthumb' '-g' '-Os' '-Werror' '-ffunction-"
 167      6D302720 
 167      272D6D74 
 167      68756D62 
 167      2720272D 
 168 0099 73656374 		.ascii	"sections' '-ffat-lto-objects' '-finline-functions' "
 168      696F6E73 
 168      2720272D 
 168      66666174 
 168      2D6C746F 
 169 00cc 272D666C 		.ascii	"'-flto' '-fno-strict-aliasing'\000"
 169      746F2720 
 169      272D666E 
 169      6F2D7374 
 169      72696374 
 170              		.text
 171              		.cfi_sections	.debug_frame
 172              		.section	.text.EZI2C_1_sda_Sleep,"ax",%progbits
 173              		.align	1
 174              		.global	EZI2C_1_sda_Sleep
 175              		.code	16
 176              		.thumb_func
 177              		.type	EZI2C_1_sda_Sleep, %function
 178              	EZI2C_1_sda_Sleep:
 179              	.LFB0:
 180              		.file 1 "Generated_Source\\PSoC4\\EZI2C_1_sda_PM.c"
   1:Generated_Source\PSoC4/EZI2C_1_sda_PM.c **** /*******************************************************************************
   2:Generated_Source\PSoC4/EZI2C_1_sda_PM.c **** * File Name: EZI2C_1_sda.c  
   3:Generated_Source\PSoC4/EZI2C_1_sda_PM.c **** * Version 2.20
   4:Generated_Source\PSoC4/EZI2C_1_sda_PM.c **** *
   5:Generated_Source\PSoC4/EZI2C_1_sda_PM.c **** * Description:
   6:Generated_Source\PSoC4/EZI2C_1_sda_PM.c **** *  This file contains APIs to set up the Pins component for low power modes.
   7:Generated_Source\PSoC4/EZI2C_1_sda_PM.c **** *
   8:Generated_Source\PSoC4/EZI2C_1_sda_PM.c **** * Note:
   9:Generated_Source\PSoC4/EZI2C_1_sda_PM.c **** *
  10:Generated_Source\PSoC4/EZI2C_1_sda_PM.c **** ********************************************************************************
  11:Generated_Source\PSoC4/EZI2C_1_sda_PM.c **** * Copyright 2015, Cypress Semiconductor Corporation.  All rights reserved.
  12:Generated_Source\PSoC4/EZI2C_1_sda_PM.c **** * You may use this file only in accordance with the license, terms, conditions, 
  13:Generated_Source\PSoC4/EZI2C_1_sda_PM.c **** * disclaimers, and limitations in the end user license agreement accompanying 
ARM GAS  C:\Users\prana\AppData\Local\Temp\ccBeQsrr.s 			page 12


  14:Generated_Source\PSoC4/EZI2C_1_sda_PM.c **** * the software package with which this file was provided.
  15:Generated_Source\PSoC4/EZI2C_1_sda_PM.c **** *******************************************************************************/
  16:Generated_Source\PSoC4/EZI2C_1_sda_PM.c **** 
  17:Generated_Source\PSoC4/EZI2C_1_sda_PM.c **** #include "cytypes.h"
  18:Generated_Source\PSoC4/EZI2C_1_sda_PM.c **** #include "EZI2C_1_sda.h"
  19:Generated_Source\PSoC4/EZI2C_1_sda_PM.c **** 
  20:Generated_Source\PSoC4/EZI2C_1_sda_PM.c **** static EZI2C_1_sda_BACKUP_STRUCT  EZI2C_1_sda_backup = {0u, 0u, 0u};
  21:Generated_Source\PSoC4/EZI2C_1_sda_PM.c **** 
  22:Generated_Source\PSoC4/EZI2C_1_sda_PM.c **** 
  23:Generated_Source\PSoC4/EZI2C_1_sda_PM.c **** /*******************************************************************************
  24:Generated_Source\PSoC4/EZI2C_1_sda_PM.c **** * Function Name: EZI2C_1_sda_Sleep
  25:Generated_Source\PSoC4/EZI2C_1_sda_PM.c **** ****************************************************************************//**
  26:Generated_Source\PSoC4/EZI2C_1_sda_PM.c **** *
  27:Generated_Source\PSoC4/EZI2C_1_sda_PM.c **** * \brief Stores the pin configuration and prepares the pin for entering chip 
  28:Generated_Source\PSoC4/EZI2C_1_sda_PM.c **** *  deep-sleep/hibernate modes. This function applies only to SIO and USBIO pins.
  29:Generated_Source\PSoC4/EZI2C_1_sda_PM.c **** *  It should not be called for GPIO or GPIO_OVT pins.
  30:Generated_Source\PSoC4/EZI2C_1_sda_PM.c **** *
  31:Generated_Source\PSoC4/EZI2C_1_sda_PM.c **** * <b>Note</b> This function is available in PSoC 4 only.
  32:Generated_Source\PSoC4/EZI2C_1_sda_PM.c **** *
  33:Generated_Source\PSoC4/EZI2C_1_sda_PM.c **** * \return 
  34:Generated_Source\PSoC4/EZI2C_1_sda_PM.c **** *  None 
  35:Generated_Source\PSoC4/EZI2C_1_sda_PM.c **** *  
  36:Generated_Source\PSoC4/EZI2C_1_sda_PM.c **** * \sideeffect
  37:Generated_Source\PSoC4/EZI2C_1_sda_PM.c **** *  For SIO pins, this function configures the pin input threshold to CMOS and
  38:Generated_Source\PSoC4/EZI2C_1_sda_PM.c **** *  drive level to Vddio. This is needed for SIO pins when in device 
  39:Generated_Source\PSoC4/EZI2C_1_sda_PM.c **** *  deep-sleep/hibernate modes.
  40:Generated_Source\PSoC4/EZI2C_1_sda_PM.c **** *
  41:Generated_Source\PSoC4/EZI2C_1_sda_PM.c **** * \funcusage
  42:Generated_Source\PSoC4/EZI2C_1_sda_PM.c **** *  \snippet EZI2C_1_sda_SUT.c usage_EZI2C_1_sda_Sleep_Wakeup
  43:Generated_Source\PSoC4/EZI2C_1_sda_PM.c **** *******************************************************************************/
  44:Generated_Source\PSoC4/EZI2C_1_sda_PM.c **** void EZI2C_1_sda_Sleep(void)
  45:Generated_Source\PSoC4/EZI2C_1_sda_PM.c **** {
 181              		.loc 1 45 0
 182              		.cfi_startproc
 183              		@ args = 0, pretend = 0, frame = 0
 184              		@ frame_needed = 0, uses_anonymous_args = 0
 185              		@ link register save eliminated.
  46:Generated_Source\PSoC4/EZI2C_1_sda_PM.c ****     #if defined(EZI2C_1_sda__PC)
  47:Generated_Source\PSoC4/EZI2C_1_sda_PM.c ****         EZI2C_1_sda_backup.pcState = EZI2C_1_sda_PC;
 186              		.loc 1 47 0
 187 0000 024B     		ldr	r3, .L2
  48:Generated_Source\PSoC4/EZI2C_1_sda_PM.c ****     #else
  49:Generated_Source\PSoC4/EZI2C_1_sda_PM.c ****         #if (CY_PSOC4_4200L)
  50:Generated_Source\PSoC4/EZI2C_1_sda_PM.c ****             /* Save the regulator state and put the PHY into suspend mode */
  51:Generated_Source\PSoC4/EZI2C_1_sda_PM.c ****             EZI2C_1_sda_backup.usbState = EZI2C_1_sda_CR1_REG;
  52:Generated_Source\PSoC4/EZI2C_1_sda_PM.c ****             EZI2C_1_sda_USB_POWER_REG |= EZI2C_1_sda_USBIO_ENTER_SLEEP;
  53:Generated_Source\PSoC4/EZI2C_1_sda_PM.c ****             EZI2C_1_sda_CR1_REG &= EZI2C_1_sda_USBIO_CR1_OFF;
  54:Generated_Source\PSoC4/EZI2C_1_sda_PM.c ****         #endif
  55:Generated_Source\PSoC4/EZI2C_1_sda_PM.c ****     #endif
  56:Generated_Source\PSoC4/EZI2C_1_sda_PM.c ****     #if defined(CYIPBLOCK_m0s8ioss_VERSION) && defined(EZI2C_1_sda__SIO)
  57:Generated_Source\PSoC4/EZI2C_1_sda_PM.c ****         EZI2C_1_sda_backup.sioState = EZI2C_1_sda_SIO_REG;
  58:Generated_Source\PSoC4/EZI2C_1_sda_PM.c ****         /* SIO requires unregulated output buffer and single ended input buffer */
  59:Generated_Source\PSoC4/EZI2C_1_sda_PM.c ****         EZI2C_1_sda_SIO_REG &= (uint32)(~EZI2C_1_sda_SIO_LPM_MASK);
  60:Generated_Source\PSoC4/EZI2C_1_sda_PM.c ****     #endif  
  61:Generated_Source\PSoC4/EZI2C_1_sda_PM.c **** }
 188              		.loc 1 61 0
 189              		@ sp needed
ARM GAS  C:\Users\prana\AppData\Local\Temp\ccBeQsrr.s 			page 13


  47:Generated_Source\PSoC4/EZI2C_1_sda_PM.c ****     #else
 190              		.loc 1 47 0
 191 0002 1A68     		ldr	r2, [r3]
 192 0004 024B     		ldr	r3, .L2+4
 193 0006 1A60     		str	r2, [r3]
 194              		.loc 1 61 0
 195 0008 7047     		bx	lr
 196              	.L3:
 197 000a C046     		.align	2
 198              	.L2:
 199 000c 08020440 		.word	1074004488
 200 0010 00000000 		.word	.LANCHOR0
 201              		.cfi_endproc
 202              	.LFE0:
 203              		.size	EZI2C_1_sda_Sleep, .-EZI2C_1_sda_Sleep
 204              		.section	.text.EZI2C_1_sda_Wakeup,"ax",%progbits
 205              		.align	1
 206              		.global	EZI2C_1_sda_Wakeup
 207              		.code	16
 208              		.thumb_func
 209              		.type	EZI2C_1_sda_Wakeup, %function
 210              	EZI2C_1_sda_Wakeup:
 211              	.LFB1:
  62:Generated_Source\PSoC4/EZI2C_1_sda_PM.c **** 
  63:Generated_Source\PSoC4/EZI2C_1_sda_PM.c **** 
  64:Generated_Source\PSoC4/EZI2C_1_sda_PM.c **** /*******************************************************************************
  65:Generated_Source\PSoC4/EZI2C_1_sda_PM.c **** * Function Name: EZI2C_1_sda_Wakeup
  66:Generated_Source\PSoC4/EZI2C_1_sda_PM.c **** ****************************************************************************//**
  67:Generated_Source\PSoC4/EZI2C_1_sda_PM.c **** *
  68:Generated_Source\PSoC4/EZI2C_1_sda_PM.c **** * \brief Restores the pin configuration that was saved during Pin_Sleep(). This 
  69:Generated_Source\PSoC4/EZI2C_1_sda_PM.c **** * function applies only to SIO and USBIO pins. It should not be called for
  70:Generated_Source\PSoC4/EZI2C_1_sda_PM.c **** * GPIO or GPIO_OVT pins.
  71:Generated_Source\PSoC4/EZI2C_1_sda_PM.c **** *
  72:Generated_Source\PSoC4/EZI2C_1_sda_PM.c **** * For USBIO pins, the wakeup is only triggered for falling edge interrupts.
  73:Generated_Source\PSoC4/EZI2C_1_sda_PM.c **** *
  74:Generated_Source\PSoC4/EZI2C_1_sda_PM.c **** * <b>Note</b> This function is available in PSoC 4 only.
  75:Generated_Source\PSoC4/EZI2C_1_sda_PM.c **** *
  76:Generated_Source\PSoC4/EZI2C_1_sda_PM.c **** * \return 
  77:Generated_Source\PSoC4/EZI2C_1_sda_PM.c **** *  None
  78:Generated_Source\PSoC4/EZI2C_1_sda_PM.c **** *  
  79:Generated_Source\PSoC4/EZI2C_1_sda_PM.c **** * \funcusage
  80:Generated_Source\PSoC4/EZI2C_1_sda_PM.c **** *  Refer to EZI2C_1_sda_Sleep() for an example usage.
  81:Generated_Source\PSoC4/EZI2C_1_sda_PM.c **** *******************************************************************************/
  82:Generated_Source\PSoC4/EZI2C_1_sda_PM.c **** void EZI2C_1_sda_Wakeup(void)
  83:Generated_Source\PSoC4/EZI2C_1_sda_PM.c **** {
 212              		.loc 1 83 0
 213              		.cfi_startproc
 214              		@ args = 0, pretend = 0, frame = 0
 215              		@ frame_needed = 0, uses_anonymous_args = 0
 216              		@ link register save eliminated.
  84:Generated_Source\PSoC4/EZI2C_1_sda_PM.c ****     #if defined(EZI2C_1_sda__PC)
  85:Generated_Source\PSoC4/EZI2C_1_sda_PM.c ****         EZI2C_1_sda_PC = EZI2C_1_sda_backup.pcState;
 217              		.loc 1 85 0
 218 0000 024B     		ldr	r3, .L5
  86:Generated_Source\PSoC4/EZI2C_1_sda_PM.c ****     #else
  87:Generated_Source\PSoC4/EZI2C_1_sda_PM.c ****         #if (CY_PSOC4_4200L)
  88:Generated_Source\PSoC4/EZI2C_1_sda_PM.c ****             /* Restore the regulator state and come out of suspend mode */
ARM GAS  C:\Users\prana\AppData\Local\Temp\ccBeQsrr.s 			page 14


  89:Generated_Source\PSoC4/EZI2C_1_sda_PM.c ****             EZI2C_1_sda_USB_POWER_REG &= EZI2C_1_sda_USBIO_EXIT_SLEEP_PH1;
  90:Generated_Source\PSoC4/EZI2C_1_sda_PM.c ****             EZI2C_1_sda_CR1_REG = EZI2C_1_sda_backup.usbState;
  91:Generated_Source\PSoC4/EZI2C_1_sda_PM.c ****             EZI2C_1_sda_USB_POWER_REG &= EZI2C_1_sda_USBIO_EXIT_SLEEP_PH2;
  92:Generated_Source\PSoC4/EZI2C_1_sda_PM.c ****         #endif
  93:Generated_Source\PSoC4/EZI2C_1_sda_PM.c ****     #endif
  94:Generated_Source\PSoC4/EZI2C_1_sda_PM.c ****     #if defined(CYIPBLOCK_m0s8ioss_VERSION) && defined(EZI2C_1_sda__SIO)
  95:Generated_Source\PSoC4/EZI2C_1_sda_PM.c ****         EZI2C_1_sda_SIO_REG = EZI2C_1_sda_backup.sioState;
  96:Generated_Source\PSoC4/EZI2C_1_sda_PM.c ****     #endif
  97:Generated_Source\PSoC4/EZI2C_1_sda_PM.c **** }
 219              		.loc 1 97 0
 220              		@ sp needed
  85:Generated_Source\PSoC4/EZI2C_1_sda_PM.c ****     #else
 221              		.loc 1 85 0
 222 0002 1A68     		ldr	r2, [r3]
 223 0004 024B     		ldr	r3, .L5+4
 224 0006 1A60     		str	r2, [r3]
 225              		.loc 1 97 0
 226 0008 7047     		bx	lr
 227              	.L6:
 228 000a C046     		.align	2
 229              	.L5:
 230 000c 00000000 		.word	.LANCHOR0
 231 0010 08020440 		.word	1074004488
 232              		.cfi_endproc
 233              	.LFE1:
 234              		.size	EZI2C_1_sda_Wakeup, .-EZI2C_1_sda_Wakeup
 235              		.bss
 236              		.align	2
 237              		.set	.LANCHOR0,. + 0
 238              		.type	EZI2C_1_sda_backup, %object
 239              		.size	EZI2C_1_sda_backup, 12
 240              	EZI2C_1_sda_backup:
 241 0000 00000000 		.space	12
 241      00000000 
 241      00000000 
 242              		.text
 243              	.Letext0:
 244              		.file 2 "Generated_Source\\PSoC4\\cytypes.h"
 245              		.file 3 "Generated_Source\\PSoC4\\EZI2C_1_sda.h"
 246              		.section	.debug_info,"",%progbits
 247              	.Ldebug_info0:
 248 0000 05010000 		.4byte	0x105
 249 0004 0400     		.2byte	0x4
 250 0006 00000000 		.4byte	.Ldebug_abbrev0
 251 000a 04       		.byte	0x4
 252 000b 01       		.uleb128 0x1
 253 000c E2000000 		.4byte	.LASF20
 254 0010 0C       		.byte	0xc
 255 0011 00000000 		.4byte	.LASF21
 256 0015 F3010000 		.4byte	.LASF22
 257 0019 00000000 		.4byte	.Ldebug_ranges0+0
 258 001d 00000000 		.4byte	0
 259 0021 00000000 		.4byte	.Ldebug_line0
 260 0025 02       		.uleb128 0x2
 261 0026 01       		.byte	0x1
 262 0027 06       		.byte	0x6
 263 0028 E7010000 		.4byte	.LASF0
ARM GAS  C:\Users\prana\AppData\Local\Temp\ccBeQsrr.s 			page 15


 264 002c 02       		.uleb128 0x2
 265 002d 01       		.byte	0x1
 266 002e 08       		.byte	0x8
 267 002f 6A000000 		.4byte	.LASF1
 268 0033 02       		.uleb128 0x2
 269 0034 02       		.byte	0x2
 270 0035 05       		.byte	0x5
 271 0036 CC010000 		.4byte	.LASF2
 272 003a 02       		.uleb128 0x2
 273 003b 02       		.byte	0x2
 274 003c 07       		.byte	0x7
 275 003d 8A000000 		.4byte	.LASF3
 276 0041 02       		.uleb128 0x2
 277 0042 04       		.byte	0x4
 278 0043 05       		.byte	0x5
 279 0044 DE010000 		.4byte	.LASF4
 280 0048 02       		.uleb128 0x2
 281 0049 04       		.byte	0x4
 282 004a 07       		.byte	0x7
 283 004b 78000000 		.4byte	.LASF5
 284 004f 02       		.uleb128 0x2
 285 0050 08       		.byte	0x8
 286 0051 05       		.byte	0x5
 287 0052 A7010000 		.4byte	.LASF6
 288 0056 02       		.uleb128 0x2
 289 0057 08       		.byte	0x8
 290 0058 07       		.byte	0x7
 291 0059 CB000000 		.4byte	.LASF7
 292 005d 03       		.uleb128 0x3
 293 005e 04       		.byte	0x4
 294 005f 05       		.byte	0x5
 295 0060 696E7400 		.ascii	"int\000"
 296 0064 02       		.uleb128 0x2
 297 0065 04       		.byte	0x4
 298 0066 07       		.byte	0x7
 299 0067 BE000000 		.4byte	.LASF8
 300 006b 04       		.uleb128 0x4
 301 006c B7000000 		.4byte	.LASF12
 302 0070 02       		.byte	0x2
 303 0071 D401     		.2byte	0x1d4
 304 0073 48000000 		.4byte	0x48
 305 0077 02       		.uleb128 0x2
 306 0078 04       		.byte	0x4
 307 0079 04       		.byte	0x4
 308 007a 64000000 		.4byte	.LASF9
 309 007e 02       		.uleb128 0x2
 310 007f 08       		.byte	0x8
 311 0080 04       		.byte	0x4
 312 0081 B0000000 		.4byte	.LASF10
 313 0085 02       		.uleb128 0x2
 314 0086 01       		.byte	0x1
 315 0087 08       		.byte	0x8
 316 0088 C7010000 		.4byte	.LASF11
 317 008c 04       		.uleb128 0x4
 318 008d 28000000 		.4byte	.LASF13
 319 0091 02       		.byte	0x2
 320 0092 7E02     		.2byte	0x27e
ARM GAS  C:\Users\prana\AppData\Local\Temp\ccBeQsrr.s 			page 16


 321 0094 98000000 		.4byte	0x98
 322 0098 05       		.uleb128 0x5
 323 0099 6B000000 		.4byte	0x6b
 324 009d 06       		.uleb128 0x6
 325 009e 0C       		.byte	0xc
 326 009f 03       		.byte	0x3
 327 00a0 21       		.byte	0x21
 328 00a1 CA000000 		.4byte	0xca
 329 00a5 07       		.uleb128 0x7
 330 00a6 D6010000 		.4byte	.LASF14
 331 00aa 03       		.byte	0x3
 332 00ab 23       		.byte	0x23
 333 00ac 6B000000 		.4byte	0x6b
 334 00b0 00       		.byte	0
 335 00b1 07       		.uleb128 0x7
 336 00b2 9E010000 		.4byte	.LASF15
 337 00b6 03       		.byte	0x3
 338 00b7 24       		.byte	0x24
 339 00b8 6B000000 		.4byte	0x6b
 340 00bc 04       		.byte	0x4
 341 00bd 07       		.uleb128 0x7
 342 00be 2E000000 		.4byte	.LASF16
 343 00c2 03       		.byte	0x3
 344 00c3 25       		.byte	0x25
 345 00c4 6B000000 		.4byte	0x6b
 346 00c8 08       		.byte	0x8
 347 00c9 00       		.byte	0
 348 00ca 08       		.uleb128 0x8
 349 00cb 37000000 		.4byte	.LASF17
 350 00cf 03       		.byte	0x3
 351 00d0 26       		.byte	0x26
 352 00d1 9D000000 		.4byte	0x9d
 353 00d5 09       		.uleb128 0x9
 354 00d6 B5010000 		.4byte	.LASF18
 355 00da 01       		.byte	0x1
 356 00db 2C       		.byte	0x2c
 357 00dc 00000000 		.4byte	.LFB0
 358 00e0 14000000 		.4byte	.LFE0-.LFB0
 359 00e4 01       		.uleb128 0x1
 360 00e5 9C       		.byte	0x9c
 361 00e6 09       		.uleb128 0x9
 362 00e7 9D000000 		.4byte	.LASF19
 363 00eb 01       		.byte	0x1
 364 00ec 52       		.byte	0x52
 365 00ed 00000000 		.4byte	.LFB1
 366 00f1 14000000 		.4byte	.LFE1-.LFB1
 367 00f5 01       		.uleb128 0x1
 368 00f6 9C       		.byte	0x9c
 369 00f7 0A       		.uleb128 0xa
 370 00f8 51000000 		.4byte	.LASF23
 371 00fc 01       		.byte	0x1
 372 00fd 14       		.byte	0x14
 373 00fe CA000000 		.4byte	0xca
 374 0102 05       		.uleb128 0x5
 375 0103 03       		.byte	0x3
 376 0104 00000000 		.4byte	EZI2C_1_sda_backup
 377 0108 00       		.byte	0
ARM GAS  C:\Users\prana\AppData\Local\Temp\ccBeQsrr.s 			page 17


 378              		.section	.debug_abbrev,"",%progbits
 379              	.Ldebug_abbrev0:
 380 0000 01       		.uleb128 0x1
 381 0001 11       		.uleb128 0x11
 382 0002 01       		.byte	0x1
 383 0003 25       		.uleb128 0x25
 384 0004 0E       		.uleb128 0xe
 385 0005 13       		.uleb128 0x13
 386 0006 0B       		.uleb128 0xb
 387 0007 03       		.uleb128 0x3
 388 0008 0E       		.uleb128 0xe
 389 0009 1B       		.uleb128 0x1b
 390 000a 0E       		.uleb128 0xe
 391 000b 55       		.uleb128 0x55
 392 000c 17       		.uleb128 0x17
 393 000d 11       		.uleb128 0x11
 394 000e 01       		.uleb128 0x1
 395 000f 10       		.uleb128 0x10
 396 0010 17       		.uleb128 0x17
 397 0011 00       		.byte	0
 398 0012 00       		.byte	0
 399 0013 02       		.uleb128 0x2
 400 0014 24       		.uleb128 0x24
 401 0015 00       		.byte	0
 402 0016 0B       		.uleb128 0xb
 403 0017 0B       		.uleb128 0xb
 404 0018 3E       		.uleb128 0x3e
 405 0019 0B       		.uleb128 0xb
 406 001a 03       		.uleb128 0x3
 407 001b 0E       		.uleb128 0xe
 408 001c 00       		.byte	0
 409 001d 00       		.byte	0
 410 001e 03       		.uleb128 0x3
 411 001f 24       		.uleb128 0x24
 412 0020 00       		.byte	0
 413 0021 0B       		.uleb128 0xb
 414 0022 0B       		.uleb128 0xb
 415 0023 3E       		.uleb128 0x3e
 416 0024 0B       		.uleb128 0xb
 417 0025 03       		.uleb128 0x3
 418 0026 08       		.uleb128 0x8
 419 0027 00       		.byte	0
 420 0028 00       		.byte	0
 421 0029 04       		.uleb128 0x4
 422 002a 16       		.uleb128 0x16
 423 002b 00       		.byte	0
 424 002c 03       		.uleb128 0x3
 425 002d 0E       		.uleb128 0xe
 426 002e 3A       		.uleb128 0x3a
 427 002f 0B       		.uleb128 0xb
 428 0030 3B       		.uleb128 0x3b
 429 0031 05       		.uleb128 0x5
 430 0032 49       		.uleb128 0x49
 431 0033 13       		.uleb128 0x13
 432 0034 00       		.byte	0
 433 0035 00       		.byte	0
 434 0036 05       		.uleb128 0x5
ARM GAS  C:\Users\prana\AppData\Local\Temp\ccBeQsrr.s 			page 18


 435 0037 35       		.uleb128 0x35
 436 0038 00       		.byte	0
 437 0039 49       		.uleb128 0x49
 438 003a 13       		.uleb128 0x13
 439 003b 00       		.byte	0
 440 003c 00       		.byte	0
 441 003d 06       		.uleb128 0x6
 442 003e 13       		.uleb128 0x13
 443 003f 01       		.byte	0x1
 444 0040 0B       		.uleb128 0xb
 445 0041 0B       		.uleb128 0xb
 446 0042 3A       		.uleb128 0x3a
 447 0043 0B       		.uleb128 0xb
 448 0044 3B       		.uleb128 0x3b
 449 0045 0B       		.uleb128 0xb
 450 0046 01       		.uleb128 0x1
 451 0047 13       		.uleb128 0x13
 452 0048 00       		.byte	0
 453 0049 00       		.byte	0
 454 004a 07       		.uleb128 0x7
 455 004b 0D       		.uleb128 0xd
 456 004c 00       		.byte	0
 457 004d 03       		.uleb128 0x3
 458 004e 0E       		.uleb128 0xe
 459 004f 3A       		.uleb128 0x3a
 460 0050 0B       		.uleb128 0xb
 461 0051 3B       		.uleb128 0x3b
 462 0052 0B       		.uleb128 0xb
 463 0053 49       		.uleb128 0x49
 464 0054 13       		.uleb128 0x13
 465 0055 38       		.uleb128 0x38
 466 0056 0B       		.uleb128 0xb
 467 0057 00       		.byte	0
 468 0058 00       		.byte	0
 469 0059 08       		.uleb128 0x8
 470 005a 16       		.uleb128 0x16
 471 005b 00       		.byte	0
 472 005c 03       		.uleb128 0x3
 473 005d 0E       		.uleb128 0xe
 474 005e 3A       		.uleb128 0x3a
 475 005f 0B       		.uleb128 0xb
 476 0060 3B       		.uleb128 0x3b
 477 0061 0B       		.uleb128 0xb
 478 0062 49       		.uleb128 0x49
 479 0063 13       		.uleb128 0x13
 480 0064 00       		.byte	0
 481 0065 00       		.byte	0
 482 0066 09       		.uleb128 0x9
 483 0067 2E       		.uleb128 0x2e
 484 0068 00       		.byte	0
 485 0069 3F       		.uleb128 0x3f
 486 006a 19       		.uleb128 0x19
 487 006b 03       		.uleb128 0x3
 488 006c 0E       		.uleb128 0xe
 489 006d 3A       		.uleb128 0x3a
 490 006e 0B       		.uleb128 0xb
 491 006f 3B       		.uleb128 0x3b
ARM GAS  C:\Users\prana\AppData\Local\Temp\ccBeQsrr.s 			page 19


 492 0070 0B       		.uleb128 0xb
 493 0071 27       		.uleb128 0x27
 494 0072 19       		.uleb128 0x19
 495 0073 11       		.uleb128 0x11
 496 0074 01       		.uleb128 0x1
 497 0075 12       		.uleb128 0x12
 498 0076 06       		.uleb128 0x6
 499 0077 40       		.uleb128 0x40
 500 0078 18       		.uleb128 0x18
 501 0079 9742     		.uleb128 0x2117
 502 007b 19       		.uleb128 0x19
 503 007c 00       		.byte	0
 504 007d 00       		.byte	0
 505 007e 0A       		.uleb128 0xa
 506 007f 34       		.uleb128 0x34
 507 0080 00       		.byte	0
 508 0081 03       		.uleb128 0x3
 509 0082 0E       		.uleb128 0xe
 510 0083 3A       		.uleb128 0x3a
 511 0084 0B       		.uleb128 0xb
 512 0085 3B       		.uleb128 0x3b
 513 0086 0B       		.uleb128 0xb
 514 0087 49       		.uleb128 0x49
 515 0088 13       		.uleb128 0x13
 516 0089 02       		.uleb128 0x2
 517 008a 18       		.uleb128 0x18
 518 008b 00       		.byte	0
 519 008c 00       		.byte	0
 520 008d 00       		.byte	0
 521              		.section	.debug_aranges,"",%progbits
 522 0000 24000000 		.4byte	0x24
 523 0004 0200     		.2byte	0x2
 524 0006 00000000 		.4byte	.Ldebug_info0
 525 000a 04       		.byte	0x4
 526 000b 00       		.byte	0
 527 000c 0000     		.2byte	0
 528 000e 0000     		.2byte	0
 529 0010 00000000 		.4byte	.LFB0
 530 0014 14000000 		.4byte	.LFE0-.LFB0
 531 0018 00000000 		.4byte	.LFB1
 532 001c 14000000 		.4byte	.LFE1-.LFB1
 533 0020 00000000 		.4byte	0
 534 0024 00000000 		.4byte	0
 535              		.section	.debug_ranges,"",%progbits
 536              	.Ldebug_ranges0:
 537 0000 00000000 		.4byte	.LFB0
 538 0004 14000000 		.4byte	.LFE0
 539 0008 00000000 		.4byte	.LFB1
 540 000c 14000000 		.4byte	.LFE1
 541 0010 00000000 		.4byte	0
 542 0014 00000000 		.4byte	0
 543              		.section	.debug_line,"",%progbits
 544              	.Ldebug_line0:
 545 0000 95000000 		.section	.debug_str,"MS",%progbits,1
 545      02005C00 
 545      00000201 
 545      FB0E0D00 
ARM GAS  C:\Users\prana\AppData\Local\Temp\ccBeQsrr.s 			page 20


 545      01010101 
 546              	.LASF21:
 547 0000 47656E65 		.ascii	"Generated_Source\\PSoC4\\EZI2C_1_sda_PM.c\000"
 547      72617465 
 547      645F536F 
 547      75726365 
 547      5C50536F 
 548              	.LASF13:
 549 0028 72656733 		.ascii	"reg32\000"
 549      3200
 550              	.LASF16:
 551 002e 75736253 		.ascii	"usbState\000"
 551      74617465 
 551      00
 552              	.LASF17:
 553 0037 455A4932 		.ascii	"EZI2C_1_sda_BACKUP_STRUCT\000"
 553      435F315F 
 553      7364615F 
 553      4241434B 
 553      55505F53 
 554              	.LASF23:
 555 0051 455A4932 		.ascii	"EZI2C_1_sda_backup\000"
 555      435F315F 
 555      7364615F 
 555      6261636B 
 555      757000
 556              	.LASF9:
 557 0064 666C6F61 		.ascii	"float\000"
 557      7400
 558              	.LASF1:
 559 006a 756E7369 		.ascii	"unsigned char\000"
 559      676E6564 
 559      20636861 
 559      7200
 560              	.LASF5:
 561 0078 6C6F6E67 		.ascii	"long unsigned int\000"
 561      20756E73 
 561      69676E65 
 561      6420696E 
 561      7400
 562              	.LASF3:
 563 008a 73686F72 		.ascii	"short unsigned int\000"
 563      7420756E 
 563      7369676E 
 563      65642069 
 563      6E7400
 564              	.LASF19:
 565 009d 455A4932 		.ascii	"EZI2C_1_sda_Wakeup\000"
 565      435F315F 
 565      7364615F 
 565      57616B65 
 565      757000
 566              	.LASF10:
 567 00b0 646F7562 		.ascii	"double\000"
 567      6C6500
 568              	.LASF12:
 569 00b7 75696E74 		.ascii	"uint32\000"
ARM GAS  C:\Users\prana\AppData\Local\Temp\ccBeQsrr.s 			page 21


 569      333200
 570              	.LASF8:
 571 00be 756E7369 		.ascii	"unsigned int\000"
 571      676E6564 
 571      20696E74 
 571      00
 572              	.LASF7:
 573 00cb 6C6F6E67 		.ascii	"long long unsigned int\000"
 573      206C6F6E 
 573      6720756E 
 573      7369676E 
 573      65642069 
 574              	.LASF20:
 575 00e2 474E5520 		.ascii	"GNU C11 5.4.1 20160609 (release) [ARM/embedded-5-br"
 575      43313120 
 575      352E342E 
 575      31203230 
 575      31363036 
 576 0115 616E6368 		.ascii	"anch revision 237715] -mcpu=cortex-m0 -mthumb -g -O"
 576      20726576 
 576      6973696F 
 576      6E203233 
 576      37373135 
 577 0148 73202D66 		.ascii	"s -ffunction-sections -ffat-lto-objects -finline-fu"
 577      66756E63 
 577      74696F6E 
 577      2D736563 
 577      74696F6E 
 578 017b 6E637469 		.ascii	"nctions -flto -fno-strict-aliasing\000"
 578      6F6E7320 
 578      2D666C74 
 578      6F202D66 
 578      6E6F2D73 
 579              	.LASF15:
 580 019e 73696F53 		.ascii	"sioState\000"
 580      74617465 
 580      00
 581              	.LASF6:
 582 01a7 6C6F6E67 		.ascii	"long long int\000"
 582      206C6F6E 
 582      6720696E 
 582      7400
 583              	.LASF18:
 584 01b5 455A4932 		.ascii	"EZI2C_1_sda_Sleep\000"
 584      435F315F 
 584      7364615F 
 584      536C6565 
 584      7000
 585              	.LASF11:
 586 01c7 63686172 		.ascii	"char\000"
 586      00
 587              	.LASF2:
 588 01cc 73686F72 		.ascii	"short int\000"
 588      7420696E 
 588      7400
 589              	.LASF14:
 590 01d6 70635374 		.ascii	"pcState\000"
ARM GAS  C:\Users\prana\AppData\Local\Temp\ccBeQsrr.s 			page 22


 590      61746500 
 591              	.LASF4:
 592 01de 6C6F6E67 		.ascii	"long int\000"
 592      20696E74 
 592      00
 593              	.LASF0:
 594 01e7 7369676E 		.ascii	"signed char\000"
 594      65642063 
 594      68617200 
 595              	.LASF22:
 596 01f3 443A5C56 		.ascii	"D:\\V-TE-PWR\\PDSS_SRC_SNK\\CYPD3171-24LQXQ_pb\\CYP"
 596      2D54452D 
 596      5057525C 
 596      50445353 
 596      5F535243 
 597 0222 44333137 		.ascii	"D3171-24LQXQ_pb.cydsn\000"
 597      312D3234 
 597      4C515851 
 597      5F70622E 
 597      63796473 
 598              		.comm	__gnu_lto_v1,1,1
 599              		.ident	"GCC: (GNU Tools for ARM Embedded Processors) 5.4.1 20160609 (release) [ARM/embedded-5-bran
