ARM GAS  C:\Users\prana\AppData\Local\Temp\ccdwBaTg.s 			page 1


   1              		.syntax unified
   2              		.cpu cortex-m0
   3              		.fpu softvfp
   4              		.eabi_attribute 20, 1
   5              		.eabi_attribute 21, 1
   6              		.eabi_attribute 23, 3
   7              		.eabi_attribute 24, 1
   8              		.eabi_attribute 25, 1
   9              		.eabi_attribute 26, 1
  10              		.eabi_attribute 30, 4
  11              		.eabi_attribute 34, 0
  12              		.eabi_attribute 18, 4
  13              		.thumb
  14              		.syntax unified
  15              		.file	"EZI2C_1_SCBCLK.c"
  16              		.text
  17              	.Ltext0:
  18              		.section	.gnu.lto_.profile.b369d718,"",%progbits
  19 0000 789C6361 		.ascii	"x\234ca`d`a`\000\222r\222\000\000\277\000B"
  19      60646061 
  19      60009272 
  19      920000BF 
  19      0042
  20              		.text
  21              		.section	.gnu.lto_.icf.b369d718,"",%progbits
  22 0000 789C6361 		.ascii	"x\234ca`d\000\001\005\006\004`e\230vb\307Y\026\306\345"
  22      60640001 
  22      05060460 
  22      65987662 
  22      C75916C6 
  23 0015 FF6E5FE5 		.ascii	"\377n_\345d\332\361\251\3619\027\363\233\336Y\177\330"
  23      64DAF1A9 
  23      F13917F3 
  23      9BDE597F 
  23      D8
  24 0026 596637CD 		.ascii	"Yf7\315\233\302\303\000\000\003\231\017\007"
  24      9BC2C300 
  24      0003990F 
  24      07
  25              		.text
  26              		.section	.gnu.lto_.jmpfuncs.b369d718,"",%progbits
  27 0000 789C6361 		.ascii	"x\234ca`d\000\001q\006\004`e`dd\254\007\21231122\327"
  27      60640001 
  27      71060460 
  27      65606464 
  27      AC078A33 
  28 0019 D7333330 		.ascii	"\327330\260\000\205\001\026\322\001\263"
  28      B0008501 
  28      16D201B3 
  29              		.text
  30              		.section	.gnu.lto_.inline.b369d718,"",%progbits
  31 0000 789C458B 		.ascii	"x\234E\213\261\015\2000\014\004\337\316\007B(`\003("
  31      B10D8030 
  31      0C04DFCE 
  31      07422860 
  31      0328
  32 0012 10E33013 		.ascii	"\020\3430\023#PRf\016\246`$l!\310\027\226\375\347#\004"
ARM GAS  C:\Users\prana\AppData\Local\Temp\ccdwBaTg.s 			page 2


  32      23505266 
  32      0EA66024 
  32      6C21C817 
  32      96FDE723 
  33 0027 9E1D3511 		.ascii	"\236\0355\021\350V\021\314\206B\272N\242)\223\202e\242"
  33      E85611CC 
  33      8642BA4E 
  33      A2299382 
  33      65A2
  34 0039 6341BB08 		.ascii	"cA\273\010\264\002\213\242\317\242\030\315\220d\203"
  34      B4028BA2 
  34      CFA218CD 
  34      906483
  35 0048 F9D85EA8 		.ascii	"\371\330^\250\367@W\223\277\005D\232j\347o\022A\255"
  35      F7405793 
  35      BF05449A 
  35      6AE76F12 
  35      41AD
  36 005a B2ED6BF0 		.ascii	"\262\355k\360\000t\\\014$"
  36      00745C0C 
  36      24
  37              		.text
  38              		.section	.gnu.lto_.pureconst.b369d718,"",%progbits
  39 0000 789C6361 		.ascii	"x\234ca`d\340f```e\220b\224b\222b\226ba\000\000\003"
  39      6064E066 
  39      60606065 
  39      90629462 
  39      92629662 
  40 0018 E40088   		.ascii	"\344\000\210"
  41              		.text
  42              		.section	.gnu.lto_EZI2C_1_SCBCLK_StartEx.b369d718,"",%progbits
  43 0000 789C5551 		.ascii	"x\234UQ=h\024Q\020\236\357\275}{\253\371\251-R\244\213"
  43      3D681451 
  43      109EEFBD 
  43      7D7BABF9 
  43      A92D52A4 
  44 0015 411014B1 		.ascii	"A\020\024\261\262\321\365\007\321B\274N\002G\210\213"
  44      B2D1F507 
  44      D142BC4E 
  44      0247888B 
  45 0025 44430241 		.ascii	"DC\002Am}w\273\233C\261\020\304\200\207r(H\0225^N+\261"
  45      6D7D77BB 
  45      9B43B110 
  45      C4808772 
  45      28481235 
  46 003d 394F4410 		.ascii	"9OD\020<\011\210)l\374\301-$\305\235F\021E\317\231\335"
  46      3C098829 
  46      6CFCC12D 
  46      24C59D46 
  46      1145CF99 
  47 0052 1466E0CD 		.ascii	"\024f\340\315\274\031\276\231\371\276\367\034\002\211"
  47      BC19BE99 
  47      F9BEF71C 
  47      0289
  48 0060 F52BA2DD 		.ascii	"\365+\242\335\034\017\362\201KPWZDEOAg\027\255\314\345"
  48      1C0FF281 
  48      4B50575A 
ARM GAS  C:\Users\prana\AppData\Local\Temp\ccdwBaTg.s 			page 3


  48      44454F41 
  48      6717ADCC 
  49 0075 174476B3 		.ascii	"\027Dv\263\023\345\310\366\232\254\276\327\001$Z\017"
  49      13E5C8F6 
  49      9AACBED7 
  49      01245A0F 
  50 0085 744169E3 		.ascii	"tAi\343\200=e\366]\375Qh\226\223\307jx\316\262\275\377"
  50      803D65F6 
  50      5DFD5168 
  50      9693C76A 
  50      78CEB2BD 
  51 009a 7C55DBF9 		.ascii	"|U\333\371\006b\006tU\206\301\034\206\031\265\034-\335"
  51      06620674 
  51      5586C11C 
  51      8619B51C 
  51      2DDD
  52 00ac D06B2AD6 		.ascii	"\320k*\326\200\303i\347U\345S\277\244\012\203\234^|"
  52      80C369E7 
  52      55E553BF 
  52      A40A839C 
  52      5E7C
  53 00be F6E3A9A3 		.ascii	"\366\343\251\243\267\201\370^\377VM\372\206\356X[\262"
  53      B781F85E 
  53      FF564DFA 
  53      86EE585B 
  53      B2
  54 00cf F67A6037 		.ascii	"\366z`7\305Z\343.4\317\303\002\0060\217\001\342\022"
  54      C55AE32E 
  54      34CFC302 
  54      06308F01 
  54      E212
  55 00e1 E11E8604 		.ascii	"\341\036\206\004\376\261\376\367Z\237\033\311\372\301"
  55      FEB1FEF7 
  55      5A9F1BC9 
  55      FAC1
  56 00ef 6C29EEC3 		.ascii	"l)\356\303\025\305\265\343\015\333\355\206\266Q7\213"
  56      15C5B5E3 
  56      0DDBED86 
  56      B651378B 
  57 00ff DA53DCE5 		.ascii	"\332S\334\345hv\254@z\215\344\2568\2426\267\261\346"
  57      6876AC40 
  57      7A8DE4AE 
  57      38A236B7 
  57      B1E6
  58 0111 B6521C74 		.ascii	"\266R\034t\207\365\261b\235\240\371\353\322\333\347"
  58      87F5B162 
  58      9DA0F9EB 
  58      D2DBE7
  59 0120 5AE6855A 		.ascii	"Z\346\205Z\244\316\306\315\3279a\355\246Lo\337\372\275"
  59      A4CEC6CD 
  59      D73961ED 
  59      A64C6FDF 
  59      FABD
  60 0132 62B2D4DA 		.ascii	"b\262\324\332\310\212\256r\274\274\320[\305\315b\304"
  60      C88AAE72 
  60      BCBCD05B 
  60      C5CD62C4 
ARM GAS  C:\Users\prana\AppData\Local\Temp\ccdwBaTg.s 			page 4


  61 0142 8F90C303 		.ascii	"\217\220\303\003&\274\310\204\0115TA\011J_\313\253["
  61      26BCC884 
  61      09355441 
  61      094A5FCB 
  61      AB5B
  62 0154 B2819A67 		.ascii	"\262\201\232g\322\007D\255\360\364z\341\377\015\006"
  62      D20744AD 
  62      F0F47AE1 
  62      FF0D06
  63 0163 8425E924 		.ascii	"\204%\351$\241g\210\177\006\035\345\010\277\004a{\246"
  63      A167887F 
  63      061DE508 
  63      BF04617B 
  63      A6
  64 0174 9598ACCB 		.ascii	"\225\230\254\313\204Z\026W\236\254\275L\271x\360P\347"
  64      845A1657 
  64      9EACBD4C 
  64      B978F050 
  64      E7
  65 0185 4646FD9C 		.ascii	"FF\375\234y\223\313@\202c\320j\245\372.\375\004\007"
  65      7993CB40 
  65      8263D06A 
  65      A5FA2EFD 
  65      0407
  66 0197 21BF9787 		.ascii	"!\277\227\207\207)\2609\333\251\355\021\340\006\001"
  66      8729B039 
  66      DBA9ED11 
  66      E00601
  67 01a6 456B7B36 		.ascii	"Ek{6jx\304\032x\026}A\251\261\222\256_\247\007\246\305"
  67      6A78C41A 
  67      78167D41 
  67      A9B192AE 
  67      5FA707A6 
  68 01bb 4FB8F550 		.ascii	"O\270\365P0\031L\217\236\015N\026\362S\347\246\307\202"
  68      30194C8F 
  68      9E0D4E16 
  68      F253E7A6 
  68      C782
  69 01cd 9163F929 		.ascii	"\221c\371)\177\327\310\201\023\207w\372\205\035\205"
  69      7FD7C881 
  69      138777FA 
  69      851D85
  70 01dc BCBFCF3F 		.ascii	"\274\277\317?zd\373\030\365\214N\214\237\232\364'\316"
  70      7A64FB18 
  70      F58C4E8C 
  70      9F9AF427 
  70      CE
  71 01ed EC1F3FFF 		.ascii	"\354\037?\377\017\360\224\302J"
  71      0FF094C2 
  71      4A
  72              		.text
  73              		.section	.gnu.lto_EZI2C_1_SCBCLK_Stop.b369d718,"",%progbits
  74 0000 789C5590 		.ascii	"x\234U\220?,CQ\024\306\317w\357}}B\355\006\203\021\203"
  74      3F2C4351 
  74      14C6CF77 
  74      EF7D7D42 
  74      ED068311 
ARM GAS  C:\Users\prana\AppData\Local\Temp\ccdwBaTg.s 			page 5


  75 0015 20062B2F 		.ascii	" \006+/\2100\210n\"i\244\272Hh\3220\273m\337K\02310"
  75      8830886E 
  75      2269A4BA 
  75      4868D230 
  75      BB6DDF4B 
  76 002c 30116151 		.ascii	"0\021aQ\377c\264\275v`\253Xt\222 \321A$Jj!\324\271\236"
  76      FF63B4BD 
  76      7660AB58 
  76      749220D1 
  76      41244A6A 
  77 0044 8193DC7B 		.ascii	"\201\223\334{\356=\367\273\347\373\345(\002\231\230"
  77      EE3DF7BB 
  77      E7FBE528 
  77      029998
  78 0053 E5D4CE79 		.ascii	"\345\324\316y\220\027B\004\261R$J\325\011\310\340 \205"
  78      90174204 
  78      B152244A 
  78      D509C8E0 
  78      2085
  79 0065 B57C41A4 		.ascii	"\265|A\244\353\225k\223\016[A\275O\001&\353:\320\242"
  79      EB956B93 
  79      0E5B41BD 
  79      4F0126EB 
  79      3AD0A2
  80 0078 909602EF 		.ascii	"\220\226\002\357\024\304\233\370\024(d\313g\242mWs\334"
  80      14C49BF8 
  80      142864CB 
  80      67A26D57 
  80      73DC
  81 008a 3E3C77EA 		.ascii	"><w\352\234\017\217\0055\021h\260\2136b\331\375\351"
  81      9C0F8F05 
  81      351168B0 
  81      8B3662D9 
  81      FDE9
  82 009c D75A63C8 		.ascii	"\327Zc\3105\262\226\340\0219\204\014\331\311\270\257"
  82      35B296E0 
  82      1139840C 
  82      D9C9B8AF 
  83 00ac 6BB58CF6 		.ascii	"k\265\214\366W\355\374\265m\011\362$$o\254\251\360b"
  83      57EDFCB5 
  83      6D09F224 
  83      246FACA9 
  83      F062
  84 00be 988A109C 		.ascii	"\230\212\020\234\344\013\0333\212,\243\360\276T\336"
  84      E40B1B33 
  84      8A2CA3F0 
  84      BE54DE
  85 00cd E8350D32 		.ascii	"\3505\0152\3220\254{\205K\273*<)a\274v\266?JVp\325\332"
  85      D230AC7B 
  85      854BBB2A 
  85      3C2961BC 
  85      76B63F4A 
  86 00e5 D58A4B59 		.ascii	"\325\212KY\357j/\274\205\315\224\313t\012\373h\306\036"
  86      EF6A2FBC 
  86      85CD94CB 
  86      740AFB68 
  86      C61E
ARM GAS  C:\Users\prana\AppData\Local\Temp\ccdwBaTg.s 			page 6


  87 00f7 9A19E200 		.ascii	"\232\031\342\000[\2402\322\257\331\247\246\240\241\344"
  87      5BA032D2 
  87      AFD9A7A6 
  87      A0A1E4
  88 0106 9E7407B7 		.ascii	"\236t\007\267\230\231\371-\374u\020 \034\232\237d\360"
  88      9899F92D 
  88      FC751020 
  88      1C9A9F64 
  88      F0
  89 0117 2CE291E1 		.ascii	",\342\221\341E(\303\307\\\325\312S\3366\277\376Y\246"
  89      4528C3C7 
  89      5CD5CA53 
  89      DE36BFFE 
  89      59A6
  90 0129 B46EF8EF 		.ascii	"\264n\370\357z\304\256,\2719\317U\177@\201\014\017F"
  90      7AC4AE2C 
  90      B939CF55 
  90      7F40810C 
  90      0F46
  91 013b E1985F1F 		.ascii	"\341\230_\037\221\366KC\246\311\257\011\2709\017\242"
  91      91F64B43 
  91      A6C9AF09 
  91      B8390FA2 
  92 014b 75283E17 		.ascii	"u(>\027ON\315\307\247\243\221\304B2\026\237\034\213"
  92      4F4ECDC7 
  92      A7A391C4 
  92      4232169F 
  92      1C8B
  93 015d 249C9EC9 		.ascii	"$\234\236\311\201\211\341n'\332\025\2158\375\316\350"
  93      8189E16E 
  93      27DA158D 
  93      38FDCEE8 
  94 016d 48478CBE 		.ascii	"HG\214\276\0018/\216\246"
  94      01382F8E 
  94      A6
  95              		.text
  96              		.section	.gnu.lto_EZI2C_1_SCBCLK_SetFractionalDividerRegister.b369d718,"",%progbits
  97 0000 789C6D52 		.ascii	"x\234mR_H\223Q\024\277\347\336\355\333\3476\247\257"
  97      5F489351 
  97      14BFE7DE 
  97      EDDBE736 
  97      A7AF
  98 0012 910FBE88 		.ascii	"\221\017\276\210I\020Z\021=\365\320\254({\010\005\037"
  98      49105A11 
  98      3DF5D0AC 
  98      287B0805 
  98      1F
  99 0023 42903147 		.ascii	"B\2201G\210\246\260\264W\357\334\276\031\243H\202\244"
  99      88A6B0B4 
  99      57EFDCBE 
  99      19A34882 
  99      A4
 100 0034 24D98398 		.ascii	"$\331\203\230\177\323--3\205\326\312\036\244\014\303"
 100      7FD32D2D 
 100      3385D6CA 
 100      1EA40CC3 
 101 0044 8A20244C 		.ascii	"\212 $L\014\"j\232e\210\266\316\371\356,\204.\354\376"
ARM GAS  C:\Users\prana\AppData\Local\Temp\ccdwBaTg.s 			page 7


 101      0C226A9A 
 101      6588B6CE 
 101      F9EE2C84 
 101      2EECFE
 102 0057 39FBFD7E 		.ascii	"9\373\375~\347\234\337\371,\014\030\255f\301X9\236\273"
 102      E79CDFF9 
 102      2C0C18AD 
 102      66C15839 
 102      9EBB
 103 0069 F1078201 		.ascii	"\361\007\202\001o\237e,\240s\000\272H\035X\013\207\026"
 103      6F9F652C 
 103      A07300BA 
 103      481D580B 
 103      8716
 104 007b F8C1B738 		.ascii	"\370\301\2678$\333\226'xQ\257\304\365a\272\273D\366"
 104      24DB9627 
 104      7851AFC4 
 104      F561BABB 
 104      44F6
 105 008d 25C0407A 		.ascii	"%\300@z\232\233J\014z\241\010Q\323\351\365D\316\032"
 105      9A9B4A0C 
 105      7AA10851 
 105      D3E9F544 
 105      CE1A
 106 009f 37040091 		.ascii	"7\004\000\221^\245\236w9\350\311!\027\237\341\325\267"
 106      5EA59E77 
 106      39E8C921 
 106      179FE1D5 
 106      B7
 107 00b0 4B4EB117 		.ascii	"KN\261\027\030\336\007c\217\"9\205=R\266J\371\335#\255"
 107      18DE0763 
 107      8F223985 
 107      3D52B64A 
 107      F9DD23AD 
 108 00c4 86103000 		.ascii	"\206\0200\000\002\365\240\037\362\240\017\362\030\206"
 108      02F5A01F 
 108      F2A00FF2 
 108      1886
 109 00d2 180C4221 		.ascii	"\030\014B!\242\333\342\267\257\271\304!\223\331sic\010"
 109      A2DBE2B7 
 109      AFB9C421 
 109      93D97369 
 109      6308
 110 00e4 32CCF167 		.ascii	"2\314\361g\016Yl\010\013\014)\352\201<(&\242\205\301"
 110      0E596C08 
 110      0B0C29EA 
 110      813C2826 
 110      A285C1
 111 00f7 1D2824F4 		.ascii	"\035($\364\\(vK\250\212,\370\\y\321\371\321\245*\312"
 111      5C28764B 
 111      A88A2CF8 
 111      5C79D1F9 
 111      D1A52ACA 
 112 010b C7E7D74F 		.ascii	"\307\347\327O\013W\263E\251\251\373\355\206\314-\350"
 112      0B57B345 
 112      A9A9FBED 
 112      86CC2DE8 
ARM GAS  C:\Users\prana\AppData\Local\Temp\ccdwBaTg.s 			page 8


 113 011b 26D9C468 		.ascii	"&\331\304h\304uS&B\371\206\260BL)\217`Q\303X\024-\004"
 113      C4755326 
 113      42F986B0 
 113      424C298F 
 113      6051C358 
 114 0132 8F4CC55E 		.ascii	"\217L\305^sQf\022\207\257\304\207\265\01436\343\224"
 114      73516612 
 114      87AFC487 
 114      B50C3336 
 114      E394
 115 0144 ED019D88 		.ascii	"\355\001\235\210w\377K\\\214\377\276\236\255\205\310"
 115      77FF4B5C 
 115      8CFFBE9E 
 115      AD85C8
 116 0153 C77C1885 		.ascii	"\307|\030\205\002\210C\201r\021\306@\303\271\360\355"
 116      02884381 
 116      7211C640 
 116      C3B9F0ED 
 117 0163 E8487942 		.ascii	"\350HyB\246\323A\231\210\332\037o\332]\034\333\322\320"
 117      A6D34199 
 117      88DA1F6F 
 117      DA5D1CDB 
 117      D2D0
 118 0175 10FCD702 		.ascii	"\020\374\327\002d\213\225\002\032m6\332t\240\226\263"
 118      648B9502 
 118      1A6D36DA 
 118      74A096B3 
 119 0185 E86AA7CD 		.ascii	"\350j\247\315A\233\223\231\372,\205\011h\246+\234\323"
 119      419B9399 
 119      FA2C8509 
 119      68A62B9C 
 119      D3
 120 0196 299621B9 		.ascii	")\226!\271\021\371\331\177\204r\006\005\215\252\303"
 120      11F9D97F 
 120      84720605 
 120      8DAAC3
 121 01a5 48BEB491 		.ascii	"H\276\264\22116\263\247\276'\003s\240\236\227C!I\326"
 121      3136B3A7 
 121      BE270373 
 121      A09E9743 
 121      2149D6
 122 01b8 45E7C7DE 		.ascii	"E\347\307\336Y\242\320\025\010\341\344u\270\217}\335"
 122      59A2D015 
 122      08E1E475 
 122      B88F7DDD 
 123 01c8 A3BE601C 		.ascii	"\243\276`\034\242\300\226!\270\031\376\002JP(\315\265"
 123      A2C09621 
 123      B819FE02 
 123      4A5028CD 
 123      B5
 124 01d9 88B16E7A 		.ascii	"\210\261nz\257\201\015\036 v\021\270\331%\366\200 \344"
 124      AF810D1E 
 124      207611B8 
 124      D925F680 
 124      20E4
 125 01eb B4AEB6BD 		.ascii	"\264\256\266\275\031\250T$k\020\307\2062\251\360\323"
 125      19A85424 
ARM GAS  C:\Users\prana\AppData\Local\Temp\ccdwBaTg.s 			page 9


 125      6B10C786 
 125      32A9F0D3 
 126 01fb 5D2A4241 		.ascii	"]*BA\224\351\234\\\233\261\222L\026\3500\2012\010\372"
 126      94E99C5C 
 126      9BB1924C 
 126      16E83081 
 126      3208FA
 127 020e 159E1DA8 		.ascii	"\025\236\035\250R(\233\231OSj\013\333jYA\241+\265\371"
 127      52289B99 
 127      4F536A0B 
 127      DB6A5941 
 127      A12BB5F9 
 128 0222 4C51760C 		.ascii	"LQv\014\322\207\274\032\353u*5\001\017\225\332f\370"
 128      D287BC1A 
 128      EB752A35 
 128      010F95DA 
 128      66F8
 129 0234 7D26A503 		.ascii	"}&\245\003q4^c\251_W\225\247\001&\377\345<\254`N3\255"
 129      71345E63 
 129      A95F5795 
 129      A70126FF 
 129      E53CAC60 
 130 024b E36F4371 		.ascii	"\343oCqj\310\211\240d\307\312B\322F\261\035\216\005"
 130      6AC889A0 
 130      64C7CA42 
 130      D246B11D 
 130      8E05
 131 025d A474EC34 		.ascii	"\244t\3544m\012M#\312ghMl\235\"\202\371\205\2448\320"
 131      6D0A4D23 
 131      CA67684D 
 131      6C9D2282 
 131      F985A438 
 132 0272 80705C7B 		.ascii	"\200p\\{N\370\032|~O\223\257\246\272\242\261\331\357"
 132      4EF81A7C 
 132      7E4F93AF 
 132      A6BAA2B1 
 132      D9EF
 133 0284 F5559DA9 		.ascii	"\365U\235\251ht\037\254:v\366\344~wuIu\205\373\250\373"
 133      68741FAC 
 133      3A76F6E4 
 133      7E777549 
 133      7585FBA8 
 134 0299 74D93E2F 		.ascii	"t\331>/\263{\353\353Jk/\326\326\370\374\331x=\356\367"
 134      B37BEBEB 
 134      4A6B2FD6 
 134      D6F8FCD9 
 134      783DEEF7 
 135 02ad 789B6A1B 		.ascii	"x\233j\033\033<\365\232\337w\256\322So;\357\271P\207"
 135      1B3CF59A 
 135      DF77AED2 
 135      536F3BEF 
 135      B95087
 136 02c0 E71F2C77 		.ascii	"\347\037,w8\013"
 136      380B
 137              		.text
 138              		.section	.gnu.lto_EZI2C_1_SCBCLK_GetDividerRegister.b369d718,"",%progbits
 139 0000 789C2D90 		.ascii	"x\234-\220\275K\003A\020\305\347\355^\342A\020\355M"
ARM GAS  C:\Users\prana\AppData\Local\Temp\ccdwBaTg.s 			page 10


 139      BD4B0341 
 139      10C5E7ED 
 139      5EE24110 
 139      ED4D
 140 0012 61995808 		.ascii	"a\231X\010\212\376\001z\250\210\026b:\011\004\211\327"
 140      8AFE017A 
 140      A8881662 
 140      3A090489 
 140      D7
 141 0023 1A085A67 		.ascii	"\032\010Zg\223\273C\020\013\033-\204\220FH\214\232 "
 141      93BB4310 
 141      0B1B2D84 
 141      9046488C 
 141      9A20
 142 0035 58691323 		.ascii	"Xi\023#6\"\212\037\210v\"\222\302*\206\210 \350\271"
 142      36228A1F 
 142      88762292 
 142      C22A8688 
 142      20E8B9
 143 0048 435C989D 		.ascii	"C\\\230\235}\273of~\254A ^\243:\015\350\334\247\003"
 143      7DBB6F66 
 143      7EAC4120 
 143      5EA33A0D 
 143      E8DCA703 
 144 005c 922036AF 		.ascii	"\222 6\257\211\262\246\000\370\240LPF \203O\361#p\341"
 144      89B2A600 
 144      F8A04C50 
 144      4620834F 
 144      F12370E1 
 145 0070 7FD57ADA 		.ascii	"\177\325z\332\302c\233\226w\315\253|\210%\320\253ey"
 145      C2639B96 
 145      77CDAB7C 
 145      8825D0AB 
 145      6579
 146 0082 B7DA32A3 		.ascii	"\267\3322\243E\245r\352\305;\031\313:^\304\223\202|"
 146      45A572EA 
 146      C53B19CB 
 146      3A5EC493 
 146      827C
 147 0094 4128218C 		.ascii	"A(!\214\"\302<b\017Q\322\346\327\243\337\255\356\240"
 147      22C23C62 
 147      0F51D2E6 
 147      D7A3DFAD 
 147      EEA0
 148 00a6 ABF4EA67 		.ascii	"\253\364\352g\213~)#\310H\325\371\232\362}G\325\356"
 148      8B7E2923 
 148      C848D5F9 
 148      9AF27D47 
 148      D5EE
 149 00b8 43674FA1 		.ascii	"CgO\241\000\310\223R\362f\020\267\243\246\016F\373\020"
 149      00C89352 
 149      F26610B7 
 149      A3A60E46 
 149      FB10
 150 00ca 82B36CA0 		.ascii	"\202\263l\240\376\275\376X\211s\275#\245\356\275\355"
 150      FEBDFE58 
 150      8973BD23 
ARM GAS  C:\Users\prana\AppData\Local\Temp\ccdwBaTg.s 			page 11


 150      A5EEBDED 
 151 00da D56FBA98 		.ascii	"\325o\272\230\313\000\217*\235\227o\321\221\033\256"
 151      CB008F2A 
 151      9D976FD1 
 151      911BAE
 152 00e9 AB0C7D55 		.ascii	"\253\014}Ux8~6\012\310g]x2\200\003\215\267\317x8D\001"
 152      78387E36 
 152      0AC8675D 
 152      78328003 
 152      8DB7CF78 
 153 0100 D480D39A 		.ascii	"\324\200\323\232$G\242\323n\347\264}\031\340\372 LT"
 153      2447A2D3 
 153      6EE7B47D 
 153      19E0FA20 
 153      4C54
 154 0112 B4AD815C 		.ascii	"\264\255\201\\k\355\015\235\201\206\366\321;\304\277"
 154      6BED0D9D 
 154      8186F6D1 
 154      3BC4BF
 155 0121 E22F6D0A 		.ascii	"\342/m\0120\231\346\214L\331\313vzq\305^J\304R\253\351"
 155      3099E68C 
 155      4CD9CB76 
 155      7A71C55E 
 155      4AC452AB 
 156 0136 A41D9F8B 		.ascii	"\244\035\237\213\245\254\221\370\304\302\364\260\225"
 156      A5AC91F8 
 156      C4C2F4B0 
 156      95
 157 0143 184AC4AC 		.ascii	"\030J\304\254qkvf0I\177\030gv\206"
 157      716B7666 
 157      30497F18 
 157      677686
 158              		.text
 159              		.section	.gnu.lto_EZI2C_1_SCBCLK_GetFractionalDividerRegister.b369d718,"",%progbits
 160 0000 789C6361 		.ascii	"x\234ca`d\000\201i@\254\005\304\322@\314\310\314\300"
 160      60640081 
 160      6940AC05 
 160      C4D240CC 
 160      C8CCC0
 161 0013 C834E11C 		.ascii	"\3104\341\034\003C#\007\023##\210\321\300\301\310P\317"
 161      03432307 
 161      13232388 
 161      D1C0C1C8 
 161      50CF
 162 0025 C458CFF8 		.ascii	"\304X\317\370\225\351/\023\343\351\357'z\2704\22774"
 162      95E92F13 
 162      E3E9EF27 
 162      7AB83497 
 162      3734
 163 0037 34353C38 		.ascii	"45<8\372\330r\372\212\003\214\255\314\014\014\377\231"
 163      FAD872FA 
 163      8A038CAD 
 163      CC0C0CFF 
 163      99
 164 0048 18188D65 		.ascii	"\030\030\215e\030\015d@F,g\324d\000*}\264\361\337T^"
 164      180D6440 
 164      462C67D4 
ARM GAS  C:\Users\prana\AppData\Local\Temp\ccdwBaTg.s 			page 12


 164      64002A7D 
 164      B4F1DF54 
 165 005d B6960620 		.ascii	"\266\226\006 P\000)\000\312\254`d\003Y\271>\350@\303"
 165      50002900 
 165      CAAC6064 
 165      0359B93E 
 165      E840C3
 166 0070 FFFFCD0D 		.ascii	"\377\377\315\015\007\346\363\035\334\307\007\224\371"
 166      07E6F31D 
 166      DCC70794 
 166      F9
 167 007d 00C420BB 		.ascii	"\000\304 \273>21\201h\346W\214M\007v\367\361\201\324"
 167      3E323181 
 167      68E6578C 
 167      4D0776F7 
 167      F181D4
 168 0090 030D9AD6 		.ascii	"\003\015\232\326z\350<\373\027&\240=\214\014\214+\031"
 168      7AE83CFB 
 168      1726A03D 
 168      8C0C8C2B 
 168      19
 169 00a1 41760075 		.ascii	"Av\000u0\202T\002\365i\270\247\346\245\026%\226\244"
 169      30825402 
 169      F569B8A7 
 169      E6A51625 
 169      96A4
 170 00b3 A6C407E7 		.ascii	"\246\304\007\347\227\026%\247\306\004\004\347;\233\304"
 170      971625A7 
 170      C60404E7 
 170      3B9BC4
 171 00c2 B846791A 		.ascii	"\270Fy\0329\307\033\306\007;;9\373x\353%3\000\000\361"
 171      39C71BC6 
 171      073B3B39 
 171      FB78EB25 
 171      330000F1 
 172 00d6 A244A8   		.ascii	"\242D\250"
 173              		.text
 174              		.section	.gnu.lto_.symbol_nodes.b369d718,"",%progbits
 175 0000 789C6361 		.ascii	"x\234ca`d\010g\000\002&\206z\006\206\011\347\030@\324"
 175      60640867 
 175      00022686 
 175      7A068609 
 175      E71840D4 
 176 0014 AE0645A0 		.ascii	"\256\006E\240\000c=#\252\000S=\023\252\000s=3\252\000"
 176      00633D23 
 176      AA00533D 
 176      13AA0073 
 176      3D33AA00 
 177 0028 4B3D0B8A 		.ascii	"K=\013\212\000\003\000U/\023\016"
 177      00030055 
 177      2F130E
 178              		.text
 179              		.section	.gnu.lto_.refs.b369d718,"",%progbits
 180 0000 789C6361 		.ascii	"x\234ca`\004B \000\000\0009\000\007"
 180      60044220 
 180      00000039 
 180      0007
ARM GAS  C:\Users\prana\AppData\Local\Temp\ccdwBaTg.s 			page 13


 181              		.text
 182              		.section	.gnu.lto_.decls.b369d718,"",%progbits
 183 0000 789C8D54 		.ascii	"x\234\215T}L[U\024\277\347\275\322\301\243\214\005\311"
 183      7D4C5B55 
 183      14BFE7BD 
 183      D2C1A38C 
 183      05C9
 184 0012 424C6318 		.ascii	"BLc\030\177@\243\011\012\030\243\177\230\030\273\255"
 184      7F40A309 
 184      0A18A37F 
 184      9818BBAD 
 185 0022 1A8D3312 		.ascii	"\032\2153\022\371\303,!\214\275`\223\005\226\356\315"
 185      F9C32C21 
 185      8CBD6093 
 185      0596EECD 
 186 0032 B8BFBC11 		.ascii	"\270\277\274\021g:\207\021\0227\355\002qn\021\312\307"
 186      673A8711 
 186      1237ED02 
 186      716E11CA 
 186      C7
 187 0043 061BE553 		.ascii	"\006\033\345S\327\225m\024\306\350\306\307j\324)\260"
 187      D7956D14 
 187      C6E8C6C7 
 187      6AD429B0 
 188 0053 E112CD16 		.ascii	"\341\022\315\026\323M\242\002a\317s\357{\355kK1\336"
 188      D34DA202 
 188      61CF73EF 
 188      7BED6B4B 
 188      31DE
 189 0065 BCF3DEBD 		.ascii	"\274\363\336\275\347\235s~\277\363\221k\"@\330\2521"
 189      E79D737E 
 189      BFF3916B 
 189      2240D8AA 
 189      31
 190 0076 13928BDB 		.ascii	"\023\222\213\333}(*.<\222\012b\2544\224>\224A\2241\224"
 190      7D282A2E 
 190      3C920A62 
 190      AC34943E 
 190      94419431 
 191 008b 09941059 		.ascii	"\011\224\020Y\277\230M\206\356\233\203\222\213\322\215"
 191      BF984D86 
 191      EE9B8392 
 191      8BD28D
 192 009a 52843285 		.ascii	"R\2042\205\022F\271\211\262K\267\007\335'y\015\352\230"
 192      1246B989 
 192      B24BB707 
 192      DD27790D 
 192      EA98
 193 00ac 15297CA3 		.ascii	"\025)|\243~\203)\374\0307)\011\3772\212?\216G*\016c"
 193      7E8329FC 
 193      18372909 
 193      FF328A3F 
 193      8E472A0E 
 194 00c1 2962B11C 		.ascii	")b\261\0347%\305\331\310\177\"\205\177H\377\347\217"
 194      3725C5D9 
 194      C87F2285 
 194      7F48FFE7 
ARM GAS  C:\Users\prana\AppData\Local\Temp\ccdwBaTg.s 			page 14


 194      8F
 195 00d2 B34B55B3 		.ascii	"\263KU\2635\001\324\226\263\336\214[\360#\010\2407\204"
 195      3501D496 
 195      B3DE8C5B 
 195      F02308A0 
 195      3784
 196 00e4 00686FE0 		.ascii	"\000ho\340B4\341G\334\010\374Mb\252\330\207\2607\321"
 196      4234E147 
 196      DC08FC4D 
 196      62AAD887 
 196      B037D1
 197 00f7 ECB9CE08 		.ascii	"\354\271\316\010\306\237\350W\215.\036\304\210\016\272"
 197      C69FE857 
 197      8D2E1EC4 
 197      880EBA
 198 0106 13C41868 		.ascii	"\023\304\030h^\332\177A7#Zp\301p\210\213\247\321\215"
 198      5EDA7F41 
 198      37235A70 
 198      C170888B 
 198      A7D18D
 199 0119 E3048939 		.ascii	"\343\004\2119A4\351\256;k72E\214\211\373\371e\357\316"
 199      4134E9AE 
 199      3B6B3732 
 199      458C89FB 
 199      F965EFCE 
 200 012d E22E8AAB 		.ascii	"\342.\212\253\221R\341\005\2432\277\214\267w\212K\002"
 200      9152E105 
 200      A332BF8C 
 200      B7778A4B 
 200      02
 201 013e 1449C0C2 		.ascii	"\024I\300\302g\243\252\373\376\320r\226\246b\026\023"
 201      67A3AAFB 
 201      FED07296 
 201      A6621613 
 202 014e F3771F66 		.ascii	"\363w\037f\210\005|?\375QO3\263\316\221\300\204\307"
 202      88057C3F 
 202      FD514F33 
 202      B3CE91C0 
 202      84C7
 203 0160 07A1138B 		.ascii	"\007\241\023\213\233\361\230+A\376\232 \314x\356\317"
 203      9BF1982B 
 203      41FE9A20 
 203      CC78EECF 
 204 0170 9B41B2B9 		.ascii	"\233A\262\271)\375\2206\326\323\234W\010\234\005+\234"
 204      29FD9036 
 204      D6D39C57 
 204      089C052B 
 204      9C
 205 0181 012B811E 		.ascii	"\001+\201\036\260\261\210\355PL\240\023\225\035\250"
 205      B0B188ED 
 205      504CA013 
 205      951DA8
 206 0190 6C658416 		.ascii	"le\204\026z\317\2758D\351\026\350\006\011\272@\344&"
 206      7ACFBD38 
 206      44E916E8 
 206      0609BA40 
 206      E426
ARM GAS  C:\Users\prana\AppData\Local\Temp\ccdwBaTg.s 			page 15


 207 01a2 984691A4 		.ascii	"\230F\221\244\367n\301\327(\230\004\3240\203=&\246\033"
 207      F76EC1D7 
 207      289804D4 
 207      30833D26 
 207      A61B
 208 01b4 55FF0E64 		.ascii	"U\377\016dk<\004<\316D&[25\036[\360\030n\216\314f\346"
 208      6B3C043C 
 208      CE44265B 
 208      32351E5B 
 208      F0186E8E 
 209 01cb 1D67C169 		.ascii	"\035g\301i=\315\027\240b+\364\"\344y\204$\340\203<|"
 209      3DCD17A0 
 209      622BF422 
 209      E4798424 
 209      E0833C7C 
 210 01df 9F039316 		.ascii	"\237\003\223\026\276\357\201\237f\024\234\244'{\350"
 210      BEEF819F 
 210      66149CA4 
 210      277BE8
 211 01ee C240B0E8 		.ascii	"\302@\260\350x=\365\242[>3\003\257\301\006\267\354\323"
 211      783DF5A2 
 211      5B3E3303 
 211      AFC106B7 
 211      ECD3
 212 0200 06B7B0DA 		.ascii	"\006\267\260\332}P\200\236\255+WF\263E\205\027\346\236"
 212      7D50809E 
 212      AD2B5746 
 212      B3458517 
 212      E69E
 213 0212 DFA3666D 		.ascii	"\337\243fm\0109\300!\367\350\210\035m\035m\026\0151"
 213      0839C021 
 213      F7E8881D 
 213      6D1D6D16 
 213      0D31
 214 0224 F02868A1 		.ascii	"\360(h\241S\350\363\022\263\201~\003\257?\036o\220\343"
 214      53E8F312 
 214      B3817E03 
 214      AF3F1E6F 
 214      90E3
 215 0236 1DBB1D6C 		.ascii	"\035\273\035l\310\022\335\300\001\273\017\377\332\236"
 215      C812DDC0 
 215      01BB0FFF 
 215      DA9E
 216 0244 8E295BB1 		.ascii	"\216)[\261o\020\3274\253\3264O\323\342\243L\321\307"
 216      6F10D734 
 216      ABD6344F 
 216      D3E2A34C 
 216      D1C7
 217 0256 6D85D9C5 		.ascii	"m\205\331\305\316\337M`\223\364r\267k\345\366c5\277"
 217      CEDF4D60 
 217      93F472B7 
 217      6BE5F663 
 217      35BF
 218 0268 3300ADAC 		.ascii	"3\000\255\254\334\274s\221S\324\234G\240\314\012\317"
 218      DCBC7391 
 218      53D49C47 
 218      A0CC0ACF 
ARM GAS  C:\Users\prana\AppData\Local\Temp\ccdwBaTg.s 			page 16


 219 0278 60DF2E60 		.ascii	"`\337.`\337\254z\337\276\305\214\2061#\004\270\373\305"
 219      DFAC7ADF 
 219      BEC58C86 
 219      312304B8 
 219      FBC5
 220 028a 57F7CCBC 		.ascii	"W\367\314\274+\376XW\276YY\215\260\351(d\263$\306\221"
 220      2BFE5857 
 220      BE59598D 
 220      B0E92864 
 220      B324C691 
 221 029e 2AD44879 		.ascii	"*\324Hy\277\016\366J\342\260F\352\017\337\330\017Y\321"
 221      BF0EF64A 
 221      E2B046EA 
 221      0FDFD80F 
 221      59D1
 222 02b0 61C19A49 		.ascii	"a\301\232I6\022\253\030\\A\320B\035t\004\225\201\350"
 222      3612AB18 
 222      5C41D042 
 222      1D740495 
 222      81E8
 223 02c2 B004BE7F 		.ascii	"\260\004\276\177\202\012p\031!/\031\324\013\365I\231"
 223      820A7019 
 223      212F19D4 
 223      0BF54999 
 224 02d2 9C52BD16 		.ascii	"\234R\275\026\316\211\031\\\004N\352\267\225\025\323"
 224      CE89195C 
 224      044EEAB7 
 224      9515D3
 225 02e1 868D09F2 		.ascii	"\206\215\011\362\306\214Fg\301\363s\303\\vt\026>v\334"
 225      C68C4667 
 225      C1F373C3 
 225      5C767416 
 225      3E76DC
 226 02f4 394FE961 		.ascii	"9O\351a\36431;\0302\000\207\342\2333\306\233\323\366"
 226      F433313B 
 226      18320087 
 226      E29B33C6 
 226      9BD3F6
 227 0307 E96A205D 		.ascii	"\351j ]\034\321\232\263t\251\353\317\004P\306\307@\275"
 227      1CD19AB3 
 227      74A9EBCF 
 227      0450C6C7 
 227      40BD
 228 0319 9A300E23 		.ascii	"\2320\016#\017\303O\352\3230}\324\342\241\001,\007\346"
 228      0FC34FEA 
 228      D3307DD4 
 228      E2A1012C 
 228      07E6
 229 032b 8846306E 		.ascii	"\210F0n@\216\307CNp\310\320\234o\322\".j\220-\215\247"
 229      408EC743 
 229      4E70C8D0 
 229      9C6FD222 
 229      2E6A902D 
 230 0341 3B1266DE 		.ascii	";\022f\336\237\0009\231\000\371y\377Rg:b\366 f\313u"
 230      9F003999 
 230      00F979FF 
 230      52673A62 
ARM GAS  C:\Users\prana\AppData\Local\Temp\ccdwBaTg.s 			page 17


 230      F62066CB 
 231 0356 31868956 		.ascii	"1\206\211Vp\315\300\274\026\217\031b\230\342\3513\253"
 231      70CDC0BC 
 231      168F1962 
 231      98E2E933 
 231      AB
 232 0367 AD9B312A 		.ascii	"\255\2331*{\244\023\024\233\027Q\325\017Tu\023L\201"
 232      7BA41314 
 232      9B1751D5 
 232      0F547513 
 232      4C81
 233 0379 44B88236 		.ascii	"D\270\2026\235\332\356nz\234+\334\374\306I\274\011\010"
 233      9DDAEE6E 
 233      7A9C2BDC 
 233      FCC649BC 
 233      0908
 234 038b FF43E006 		.ascii	"\377C\340\006\236\257\263f\343\0219\035\271}\354\247"
 234      9EAFB366 
 234      E311391D 
 234      B97DECA7 
 235 039b 34C9CDD8 		.ascii	"4\311\315\330\377\237\253\003=\206\347hs\232\370\031"
 235      FF9FAB03 
 235      3D86E768 
 235      739AF819 
 236 03ab BFE084F0 		.ascii	"\277\340\204\360\321\201/Ec\306\227w5\035a\031\335\304"
 236      D1812F45 
 236      63C69777 
 236      351D6119 
 236      DDC4
 237 03bd 2ACC1819 		.ascii	"*\314\030\031M\203>\345\353AfS\203\374\365\317\325\006"
 237      4D833EE5 
 237      EB416653 
 237      83FCF5CF 
 237      D506
 238 03cf 8BE593D8 		.ascii	"\213\345\223\330\215\306#\032\251\204\301\302/^\366"
 238      8DC6231A 
 238      A984C1C2 
 238      2F5EF6
 239 03de DDBAE39D 		.ascii	"\335\272\343\235WK\355\225%\225\345\366\227\355\257"
 239      574BED95 
 239      2595E5F6 
 239      97EDAF
 240 03ed BF5659AE 		.ascii	"\277VY\256T\271\224\035\357\247;\336x;\337^RB\314\007"
 240      54B9941D 
 240      EFA73BDE 
 240      783BDF5E 
 240      5242CC07 
 241 0401 9DB54A59 		.ascii	"\235\265JY\3516\207\\+\273\252\024yoey\335AW\265\274"
 241      E936875C 
 241      2BBBAA14 
 241      796F6579 
 241      DD4157B5 
 242 0416 FBCDF23A 		.ascii	"\373\315\362:\373\263OW\037R\016\355\227\017\024\277"
 242      FBB34F57 
 242      1F520EED 
 242      970F14BF 
 243 0426 4B6CA92D 		.ascii	"Kl\251-v'\306/\256&\217\255C\254\333\377T\262NVv\272"
ARM GAS  C:\Users\prana\AppData\Local\Temp\ccdwBaTg.s 			page 18


 243      7627C62F 
 243      AE268FAD 
 243      43ACDBFF 
 243      54B24E56 
 244 043c AAAA1567 		.ascii	"\252\252\025g]m\325\276\355\316\367\234{e\327[r\215"
 244      5D6DD5BE 
 244      EDCEF79C 
 244      7B65D75B 
 244      728D
 245 044e F38022BB 		.ascii	"\363\200\"\273\322\030\243\3479\257\222\347\266%9:d"
 245      D218A3E7 
 245      39AF92E7 
 245      B625393A 
 245      64
 246 045f 25C93C39 		.ascii	"%\311<9\264\343\277B\273\344\232\262\322\177\001jvA"
 246      B4E3BF42 
 246      BBE49AB2 
 246      D27F016A 
 246      7641
 247 0471 A4       		.ascii	"\244"
 248              		.text
 249              		.section	.gnu.lto_.symtab.b369d718,"",%progbits
 250 0000 455A4932 		.ascii	"EZI2C_1_SCBCLK_StartEx\000"
 250      435F315F 
 250      53434243 
 250      4C4B5F53 
 250      74617274 
 251 0017 00       		.ascii	"\000"
 252 0018 00       		.ascii	"\000"
 253 0019 00       		.ascii	"\000"
 254 001a 00000000 		.ascii	"\000\000\000\000\000\000\000\000"
 254      00000000 
 255 0022 B5000000 		.ascii	"\265\000\000\000"
 256 0026 455A4932 		.ascii	"EZI2C_1_SCBCLK_Stop\000"
 256      435F315F 
 256      53434243 
 256      4C4B5F53 
 256      746F7000 
 257 003a 00       		.ascii	"\000"
 258 003b 00       		.ascii	"\000"
 259 003c 00       		.ascii	"\000"
 260 003d 00000000 		.ascii	"\000\000\000\000\000\000\000\000"
 260      00000000 
 261 0045 B8000000 		.ascii	"\270\000\000\000"
 262 0049 455A4932 		.ascii	"EZI2C_1_SCBCLK_SetFractionalDividerRegister\000"
 262      435F315F 
 262      53434243 
 262      4C4B5F53 
 262      65744672 
 263 0075 00       		.ascii	"\000"
 264 0076 00       		.ascii	"\000"
 265 0077 00       		.ascii	"\000"
 266 0078 00000000 		.ascii	"\000\000\000\000\000\000\000\000"
 266      00000000 
 267 0080 C7000000 		.ascii	"\307\000\000\000"
 268 0084 455A4932 		.ascii	"EZI2C_1_SCBCLK_GetDividerRegister\000"
 268      435F315F 
ARM GAS  C:\Users\prana\AppData\Local\Temp\ccdwBaTg.s 			page 19


 268      53434243 
 268      4C4B5F47 
 268      65744469 
 269 00a6 00       		.ascii	"\000"
 270 00a7 00       		.ascii	"\000"
 271 00a8 00       		.ascii	"\000"
 272 00a9 00000000 		.ascii	"\000\000\000\000\000\000\000\000"
 272      00000000 
 273 00b1 CA000000 		.ascii	"\312\000\000\000"
 274 00b5 455A4932 		.ascii	"EZI2C_1_SCBCLK_GetFractionalDividerRegister\000"
 274      435F315F 
 274      53434243 
 274      4C4B5F47 
 274      65744672 
 275 00e1 00       		.ascii	"\000"
 276 00e2 00       		.ascii	"\000"
 277 00e3 00       		.ascii	"\000"
 278 00e4 00000000 		.ascii	"\000\000\000\000\000\000\000\000"
 278      00000000 
 279 00ec CD000000 		.ascii	"\315\000\000\000"
 280              		.text
 281              		.section	.gnu.lto_.opts,"",%progbits
 282 0000 272D666D 		.ascii	"'-fmath-errno' '-fsigned-zeros' '-ftrapping-math' '"
 282      6174682D 
 282      6572726E 
 282      6F272027 
 282      2D667369 
 283 0033 2D666E6F 		.ascii	"-fno-trapv' '-fno-openmp' '-fno-openacc' '-mcpu=cor"
 283      2D747261 
 283      70762720 
 283      272D666E 
 283      6F2D6F70 
 284 0066 7465782D 		.ascii	"tex-m0' '-mthumb' '-g' '-Os' '-Werror' '-ffunction-"
 284      6D302720 
 284      272D6D74 
 284      68756D62 
 284      2720272D 
 285 0099 73656374 		.ascii	"sections' '-ffat-lto-objects' '-finline-functions' "
 285      696F6E73 
 285      2720272D 
 285      66666174 
 285      2D6C746F 
 286 00cc 272D666C 		.ascii	"'-flto' '-fno-strict-aliasing'\000"
 286      746F2720 
 286      272D666E 
 286      6F2D7374 
 286      72696374 
 287              		.text
 288              		.cfi_sections	.debug_frame
 289              		.section	.text.EZI2C_1_SCBCLK_StartEx,"ax",%progbits
 290              		.align	1
 291              		.global	EZI2C_1_SCBCLK_StartEx
 292              		.code	16
 293              		.thumb_func
 294              		.type	EZI2C_1_SCBCLK_StartEx, %function
 295              	EZI2C_1_SCBCLK_StartEx:
 296              	.LFB0:
ARM GAS  C:\Users\prana\AppData\Local\Temp\ccdwBaTg.s 			page 20


 297              		.file 1 "Generated_Source\\PSoC4\\EZI2C_1_SCBCLK.c"
   1:Generated_Source\PSoC4/EZI2C_1_SCBCLK.c **** /*******************************************************************************
   2:Generated_Source\PSoC4/EZI2C_1_SCBCLK.c **** * File Name: EZI2C_1_SCBCLK.c
   3:Generated_Source\PSoC4/EZI2C_1_SCBCLK.c **** * Version 2.20
   4:Generated_Source\PSoC4/EZI2C_1_SCBCLK.c **** *
   5:Generated_Source\PSoC4/EZI2C_1_SCBCLK.c **** *  Description:
   6:Generated_Source\PSoC4/EZI2C_1_SCBCLK.c **** *   Provides system API for the clocking, interrupts and watchdog timer.
   7:Generated_Source\PSoC4/EZI2C_1_SCBCLK.c **** *
   8:Generated_Source\PSoC4/EZI2C_1_SCBCLK.c **** *  Note:
   9:Generated_Source\PSoC4/EZI2C_1_SCBCLK.c **** *   Documentation of the API's in this file is located in the
  10:Generated_Source\PSoC4/EZI2C_1_SCBCLK.c **** *   System Reference Guide provided with PSoC Creator.
  11:Generated_Source\PSoC4/EZI2C_1_SCBCLK.c **** *
  12:Generated_Source\PSoC4/EZI2C_1_SCBCLK.c **** ********************************************************************************
  13:Generated_Source\PSoC4/EZI2C_1_SCBCLK.c **** * Copyright 2008-2012, Cypress Semiconductor Corporation.  All rights reserved.
  14:Generated_Source\PSoC4/EZI2C_1_SCBCLK.c **** * You may use this file only in accordance with the license, terms, conditions,
  15:Generated_Source\PSoC4/EZI2C_1_SCBCLK.c **** * disclaimers, and limitations in the end user license agreement accompanying
  16:Generated_Source\PSoC4/EZI2C_1_SCBCLK.c **** * the software package with which this file was provided.
  17:Generated_Source\PSoC4/EZI2C_1_SCBCLK.c **** *******************************************************************************/
  18:Generated_Source\PSoC4/EZI2C_1_SCBCLK.c **** 
  19:Generated_Source\PSoC4/EZI2C_1_SCBCLK.c **** #include <cydevice_trm.h>
  20:Generated_Source\PSoC4/EZI2C_1_SCBCLK.c **** #include "EZI2C_1_SCBCLK.h"
  21:Generated_Source\PSoC4/EZI2C_1_SCBCLK.c **** 
  22:Generated_Source\PSoC4/EZI2C_1_SCBCLK.c **** #if defined CYREG_PERI_DIV_CMD
  23:Generated_Source\PSoC4/EZI2C_1_SCBCLK.c **** 
  24:Generated_Source\PSoC4/EZI2C_1_SCBCLK.c **** /*******************************************************************************
  25:Generated_Source\PSoC4/EZI2C_1_SCBCLK.c **** * Function Name: EZI2C_1_SCBCLK_StartEx
  26:Generated_Source\PSoC4/EZI2C_1_SCBCLK.c **** ********************************************************************************
  27:Generated_Source\PSoC4/EZI2C_1_SCBCLK.c **** *
  28:Generated_Source\PSoC4/EZI2C_1_SCBCLK.c **** * Summary:
  29:Generated_Source\PSoC4/EZI2C_1_SCBCLK.c **** *  Starts the clock, aligned to the specified running clock.
  30:Generated_Source\PSoC4/EZI2C_1_SCBCLK.c **** *
  31:Generated_Source\PSoC4/EZI2C_1_SCBCLK.c **** * Parameters:
  32:Generated_Source\PSoC4/EZI2C_1_SCBCLK.c **** *  alignClkDiv:  The divider to which phase alignment is performed when the
  33:Generated_Source\PSoC4/EZI2C_1_SCBCLK.c **** *    clock is started.
  34:Generated_Source\PSoC4/EZI2C_1_SCBCLK.c **** *
  35:Generated_Source\PSoC4/EZI2C_1_SCBCLK.c **** * Returns:
  36:Generated_Source\PSoC4/EZI2C_1_SCBCLK.c **** *  None
  37:Generated_Source\PSoC4/EZI2C_1_SCBCLK.c **** *
  38:Generated_Source\PSoC4/EZI2C_1_SCBCLK.c **** *******************************************************************************/
  39:Generated_Source\PSoC4/EZI2C_1_SCBCLK.c **** void EZI2C_1_SCBCLK_StartEx(uint32 alignClkDiv)
  40:Generated_Source\PSoC4/EZI2C_1_SCBCLK.c **** {
 298              		.loc 1 40 0
 299              		.cfi_startproc
 300              		@ args = 0, pretend = 0, frame = 0
 301              		@ frame_needed = 0, uses_anonymous_args = 0
 302              		@ link register save eliminated.
 303              	.LVL0:
  41:Generated_Source\PSoC4/EZI2C_1_SCBCLK.c ****     /* Make sure any previous start command has finished. */
  42:Generated_Source\PSoC4/EZI2C_1_SCBCLK.c ****     while((EZI2C_1_SCBCLK_CMD_REG & EZI2C_1_SCBCLK_CMD_ENABLE_MASK) != 0u)
 304              		.loc 1 42 0
 305 0000 044A     		ldr	r2, .L5
 306              	.L2:
 307              		.loc 1 42 0 is_stmt 0 discriminator 1
 308 0002 1368     		ldr	r3, [r2]
 309 0004 002B     		cmp	r3, #0
 310 0006 FCDB     		blt	.L2
  43:Generated_Source\PSoC4/EZI2C_1_SCBCLK.c ****     {
ARM GAS  C:\Users\prana\AppData\Local\Temp\ccdwBaTg.s 			page 21


  44:Generated_Source\PSoC4/EZI2C_1_SCBCLK.c ****     }
  45:Generated_Source\PSoC4/EZI2C_1_SCBCLK.c ****     
  46:Generated_Source\PSoC4/EZI2C_1_SCBCLK.c ****     /* Specify the target divider and it's alignment divider, and enable. */
  47:Generated_Source\PSoC4/EZI2C_1_SCBCLK.c ****     EZI2C_1_SCBCLK_CMD_REG =
  48:Generated_Source\PSoC4/EZI2C_1_SCBCLK.c ****         ((uint32)EZI2C_1_SCBCLK__DIV_ID << EZI2C_1_SCBCLK_CMD_DIV_SHIFT)|
  49:Generated_Source\PSoC4/EZI2C_1_SCBCLK.c ****         (alignClkDiv << EZI2C_1_SCBCLK_CMD_PA_DIV_SHIFT) |
 311              		.loc 1 49 0 is_stmt 1
 312 0008 034B     		ldr	r3, .L5+4
 313 000a 0002     		lsls	r0, r0, #8
 314              	.LVL1:
 315 000c 1843     		orrs	r0, r3
  47:Generated_Source\PSoC4/EZI2C_1_SCBCLK.c ****         ((uint32)EZI2C_1_SCBCLK__DIV_ID << EZI2C_1_SCBCLK_CMD_DIV_SHIFT)|
 316              		.loc 1 47 0
 317 000e 014B     		ldr	r3, .L5
  50:Generated_Source\PSoC4/EZI2C_1_SCBCLK.c ****         (uint32)EZI2C_1_SCBCLK_CMD_ENABLE_MASK;
  51:Generated_Source\PSoC4/EZI2C_1_SCBCLK.c **** }
 318              		.loc 1 51 0
 319              		@ sp needed
  47:Generated_Source\PSoC4/EZI2C_1_SCBCLK.c ****         ((uint32)EZI2C_1_SCBCLK__DIV_ID << EZI2C_1_SCBCLK_CMD_DIV_SHIFT)|
 320              		.loc 1 47 0
 321 0010 1860     		str	r0, [r3]
 322              		.loc 1 51 0
 323 0012 7047     		bx	lr
 324              	.L6:
 325              		.align	2
 326              	.L5:
 327 0014 00000140 		.word	1073807360
 328 0018 03000080 		.word	-2147483645
 329              		.cfi_endproc
 330              	.LFE0:
 331              		.size	EZI2C_1_SCBCLK_StartEx, .-EZI2C_1_SCBCLK_StartEx
 332              		.section	.text.EZI2C_1_SCBCLK_Stop,"ax",%progbits
 333              		.align	1
 334              		.global	EZI2C_1_SCBCLK_Stop
 335              		.code	16
 336              		.thumb_func
 337              		.type	EZI2C_1_SCBCLK_Stop, %function
 338              	EZI2C_1_SCBCLK_Stop:
 339              	.LFB1:
  52:Generated_Source\PSoC4/EZI2C_1_SCBCLK.c **** 
  53:Generated_Source\PSoC4/EZI2C_1_SCBCLK.c **** #else
  54:Generated_Source\PSoC4/EZI2C_1_SCBCLK.c **** 
  55:Generated_Source\PSoC4/EZI2C_1_SCBCLK.c **** /*******************************************************************************
  56:Generated_Source\PSoC4/EZI2C_1_SCBCLK.c **** * Function Name: EZI2C_1_SCBCLK_Start
  57:Generated_Source\PSoC4/EZI2C_1_SCBCLK.c **** ********************************************************************************
  58:Generated_Source\PSoC4/EZI2C_1_SCBCLK.c **** *
  59:Generated_Source\PSoC4/EZI2C_1_SCBCLK.c **** * Summary:
  60:Generated_Source\PSoC4/EZI2C_1_SCBCLK.c **** *  Starts the clock.
  61:Generated_Source\PSoC4/EZI2C_1_SCBCLK.c **** *
  62:Generated_Source\PSoC4/EZI2C_1_SCBCLK.c **** * Parameters:
  63:Generated_Source\PSoC4/EZI2C_1_SCBCLK.c **** *  None
  64:Generated_Source\PSoC4/EZI2C_1_SCBCLK.c **** *
  65:Generated_Source\PSoC4/EZI2C_1_SCBCLK.c **** * Returns:
  66:Generated_Source\PSoC4/EZI2C_1_SCBCLK.c **** *  None
  67:Generated_Source\PSoC4/EZI2C_1_SCBCLK.c **** *
  68:Generated_Source\PSoC4/EZI2C_1_SCBCLK.c **** *******************************************************************************/
  69:Generated_Source\PSoC4/EZI2C_1_SCBCLK.c **** 
ARM GAS  C:\Users\prana\AppData\Local\Temp\ccdwBaTg.s 			page 22


  70:Generated_Source\PSoC4/EZI2C_1_SCBCLK.c **** void EZI2C_1_SCBCLK_Start(void)
  71:Generated_Source\PSoC4/EZI2C_1_SCBCLK.c **** {
  72:Generated_Source\PSoC4/EZI2C_1_SCBCLK.c ****     /* Set the bit to enable the clock. */
  73:Generated_Source\PSoC4/EZI2C_1_SCBCLK.c ****     EZI2C_1_SCBCLK_ENABLE_REG |= EZI2C_1_SCBCLK__ENABLE_MASK;
  74:Generated_Source\PSoC4/EZI2C_1_SCBCLK.c **** }
  75:Generated_Source\PSoC4/EZI2C_1_SCBCLK.c **** 
  76:Generated_Source\PSoC4/EZI2C_1_SCBCLK.c **** #endif /* CYREG_PERI_DIV_CMD */
  77:Generated_Source\PSoC4/EZI2C_1_SCBCLK.c **** 
  78:Generated_Source\PSoC4/EZI2C_1_SCBCLK.c **** 
  79:Generated_Source\PSoC4/EZI2C_1_SCBCLK.c **** /*******************************************************************************
  80:Generated_Source\PSoC4/EZI2C_1_SCBCLK.c **** * Function Name: EZI2C_1_SCBCLK_Stop
  81:Generated_Source\PSoC4/EZI2C_1_SCBCLK.c **** ********************************************************************************
  82:Generated_Source\PSoC4/EZI2C_1_SCBCLK.c **** *
  83:Generated_Source\PSoC4/EZI2C_1_SCBCLK.c **** * Summary:
  84:Generated_Source\PSoC4/EZI2C_1_SCBCLK.c **** *  Stops the clock and returns immediately. This API does not require the
  85:Generated_Source\PSoC4/EZI2C_1_SCBCLK.c **** *  source clock to be running but may return before the hardware is actually
  86:Generated_Source\PSoC4/EZI2C_1_SCBCLK.c **** *  disabled.
  87:Generated_Source\PSoC4/EZI2C_1_SCBCLK.c **** *
  88:Generated_Source\PSoC4/EZI2C_1_SCBCLK.c **** * Parameters:
  89:Generated_Source\PSoC4/EZI2C_1_SCBCLK.c **** *  None
  90:Generated_Source\PSoC4/EZI2C_1_SCBCLK.c **** *
  91:Generated_Source\PSoC4/EZI2C_1_SCBCLK.c **** * Returns:
  92:Generated_Source\PSoC4/EZI2C_1_SCBCLK.c **** *  None
  93:Generated_Source\PSoC4/EZI2C_1_SCBCLK.c **** *
  94:Generated_Source\PSoC4/EZI2C_1_SCBCLK.c **** *******************************************************************************/
  95:Generated_Source\PSoC4/EZI2C_1_SCBCLK.c **** void EZI2C_1_SCBCLK_Stop(void)
  96:Generated_Source\PSoC4/EZI2C_1_SCBCLK.c **** {
 340              		.loc 1 96 0
 341              		.cfi_startproc
 342              		@ args = 0, pretend = 0, frame = 0
 343              		@ frame_needed = 0, uses_anonymous_args = 0
 344              		@ link register save eliminated.
  97:Generated_Source\PSoC4/EZI2C_1_SCBCLK.c **** #if defined CYREG_PERI_DIV_CMD
  98:Generated_Source\PSoC4/EZI2C_1_SCBCLK.c **** 
  99:Generated_Source\PSoC4/EZI2C_1_SCBCLK.c ****     /* Make sure any previous start command has finished. */
 100:Generated_Source\PSoC4/EZI2C_1_SCBCLK.c ****     while((EZI2C_1_SCBCLK_CMD_REG & EZI2C_1_SCBCLK_CMD_ENABLE_MASK) != 0u)
 345              		.loc 1 100 0
 346 0000 034A     		ldr	r2, .L10
 347              	.L8:
 348              		.loc 1 100 0 is_stmt 0 discriminator 1
 349 0002 1368     		ldr	r3, [r2]
 350 0004 002B     		cmp	r3, #0
 351 0006 FCDB     		blt	.L8
 101:Generated_Source\PSoC4/EZI2C_1_SCBCLK.c ****     {
 102:Generated_Source\PSoC4/EZI2C_1_SCBCLK.c ****     }
 103:Generated_Source\PSoC4/EZI2C_1_SCBCLK.c ****     
 104:Generated_Source\PSoC4/EZI2C_1_SCBCLK.c ****     /* Specify the target divider and it's alignment divider, and disable. */
 105:Generated_Source\PSoC4/EZI2C_1_SCBCLK.c ****     EZI2C_1_SCBCLK_CMD_REG =
 352              		.loc 1 105 0 is_stmt 1
 353 0008 024A     		ldr	r2, .L10+4
 354 000a 014B     		ldr	r3, .L10
 106:Generated_Source\PSoC4/EZI2C_1_SCBCLK.c ****         ((uint32)EZI2C_1_SCBCLK__DIV_ID << EZI2C_1_SCBCLK_CMD_DIV_SHIFT)|
 107:Generated_Source\PSoC4/EZI2C_1_SCBCLK.c ****         ((uint32)EZI2C_1_SCBCLK_CMD_DISABLE_MASK);
 108:Generated_Source\PSoC4/EZI2C_1_SCBCLK.c **** 
 109:Generated_Source\PSoC4/EZI2C_1_SCBCLK.c **** #else
 110:Generated_Source\PSoC4/EZI2C_1_SCBCLK.c **** 
 111:Generated_Source\PSoC4/EZI2C_1_SCBCLK.c ****     /* Clear the bit to disable the clock. */
ARM GAS  C:\Users\prana\AppData\Local\Temp\ccdwBaTg.s 			page 23


 112:Generated_Source\PSoC4/EZI2C_1_SCBCLK.c ****     EZI2C_1_SCBCLK_ENABLE_REG &= (uint32)(~EZI2C_1_SCBCLK__ENABLE_MASK);
 113:Generated_Source\PSoC4/EZI2C_1_SCBCLK.c ****     
 114:Generated_Source\PSoC4/EZI2C_1_SCBCLK.c **** #endif /* CYREG_PERI_DIV_CMD */
 115:Generated_Source\PSoC4/EZI2C_1_SCBCLK.c **** }
 355              		.loc 1 115 0
 356              		@ sp needed
 105:Generated_Source\PSoC4/EZI2C_1_SCBCLK.c ****         ((uint32)EZI2C_1_SCBCLK__DIV_ID << EZI2C_1_SCBCLK_CMD_DIV_SHIFT)|
 357              		.loc 1 105 0
 358 000c 1A60     		str	r2, [r3]
 359              		.loc 1 115 0
 360 000e 7047     		bx	lr
 361              	.L11:
 362              		.align	2
 363              	.L10:
 364 0010 00000140 		.word	1073807360
 365 0014 03000040 		.word	1073741827
 366              		.cfi_endproc
 367              	.LFE1:
 368              		.size	EZI2C_1_SCBCLK_Stop, .-EZI2C_1_SCBCLK_Stop
 369              		.section	.text.EZI2C_1_SCBCLK_SetFractionalDividerRegister,"ax",%progbits
 370              		.align	1
 371              		.global	EZI2C_1_SCBCLK_SetFractionalDividerRegister
 372              		.code	16
 373              		.thumb_func
 374              		.type	EZI2C_1_SCBCLK_SetFractionalDividerRegister, %function
 375              	EZI2C_1_SCBCLK_SetFractionalDividerRegister:
 376              	.LFB2:
 116:Generated_Source\PSoC4/EZI2C_1_SCBCLK.c **** 
 117:Generated_Source\PSoC4/EZI2C_1_SCBCLK.c **** 
 118:Generated_Source\PSoC4/EZI2C_1_SCBCLK.c **** /*******************************************************************************
 119:Generated_Source\PSoC4/EZI2C_1_SCBCLK.c **** * Function Name: EZI2C_1_SCBCLK_SetFractionalDividerRegister
 120:Generated_Source\PSoC4/EZI2C_1_SCBCLK.c **** ********************************************************************************
 121:Generated_Source\PSoC4/EZI2C_1_SCBCLK.c **** *
 122:Generated_Source\PSoC4/EZI2C_1_SCBCLK.c **** * Summary:
 123:Generated_Source\PSoC4/EZI2C_1_SCBCLK.c **** *  Modifies the clock divider and the fractional divider.
 124:Generated_Source\PSoC4/EZI2C_1_SCBCLK.c **** *
 125:Generated_Source\PSoC4/EZI2C_1_SCBCLK.c **** * Parameters:
 126:Generated_Source\PSoC4/EZI2C_1_SCBCLK.c **** *  clkDivider:  Divider register value (0-65535). This value is NOT the
 127:Generated_Source\PSoC4/EZI2C_1_SCBCLK.c **** *    divider; the clock hardware divides by clkDivider plus one. For example,
 128:Generated_Source\PSoC4/EZI2C_1_SCBCLK.c **** *    to divide the clock by 2, this parameter should be set to 1.
 129:Generated_Source\PSoC4/EZI2C_1_SCBCLK.c **** *  fracDivider:  Fractional Divider register value (0-31).
 130:Generated_Source\PSoC4/EZI2C_1_SCBCLK.c **** * Returns:
 131:Generated_Source\PSoC4/EZI2C_1_SCBCLK.c **** *  None
 132:Generated_Source\PSoC4/EZI2C_1_SCBCLK.c **** *
 133:Generated_Source\PSoC4/EZI2C_1_SCBCLK.c **** *******************************************************************************/
 134:Generated_Source\PSoC4/EZI2C_1_SCBCLK.c **** void EZI2C_1_SCBCLK_SetFractionalDividerRegister(uint16 clkDivider, uint8 clkFractional)
 135:Generated_Source\PSoC4/EZI2C_1_SCBCLK.c **** {
 377              		.loc 1 135 0
 378              		.cfi_startproc
 379              		@ args = 0, pretend = 0, frame = 0
 380              		@ frame_needed = 0, uses_anonymous_args = 0
 381              	.LVL2:
 136:Generated_Source\PSoC4/EZI2C_1_SCBCLK.c ****     uint32 maskVal;
 137:Generated_Source\PSoC4/EZI2C_1_SCBCLK.c ****     uint32 regVal;
 138:Generated_Source\PSoC4/EZI2C_1_SCBCLK.c ****     
 139:Generated_Source\PSoC4/EZI2C_1_SCBCLK.c **** #if defined (EZI2C_1_SCBCLK__FRAC_MASK) || defined (CYREG_PERI_DIV_CMD)
 140:Generated_Source\PSoC4/EZI2C_1_SCBCLK.c ****     
ARM GAS  C:\Users\prana\AppData\Local\Temp\ccdwBaTg.s 			page 24


 141:Generated_Source\PSoC4/EZI2C_1_SCBCLK.c **** 	/* get all but divider bits */
 142:Generated_Source\PSoC4/EZI2C_1_SCBCLK.c ****     maskVal = EZI2C_1_SCBCLK_DIV_REG & 
 143:Generated_Source\PSoC4/EZI2C_1_SCBCLK.c ****                     (uint32)(~(uint32)(EZI2C_1_SCBCLK_DIV_INT_MASK | EZI2C_1_SCBCLK_DIV_FRAC_MASK))
 144:Generated_Source\PSoC4/EZI2C_1_SCBCLK.c **** 	/* combine mask and new divider vals into 32-bit value */
 145:Generated_Source\PSoC4/EZI2C_1_SCBCLK.c ****     regVal = maskVal |
 382              		.loc 1 145 0
 383 0000 FF22     		movs	r2, #255
 384 0002 C900     		lsls	r1, r1, #3
 385              	.LVL3:
 386 0004 1140     		ands	r1, r2
 387 0006 0202     		lsls	r2, r0, #8
 388 0008 1143     		orrs	r1, r2
 389 000a 0723     		movs	r3, #7
 390 000c 0800     		movs	r0, r1
 391              	.LVL4:
 135:Generated_Source\PSoC4/EZI2C_1_SCBCLK.c ****     uint32 maskVal;
 392              		.loc 1 135 0
 393 000e 30B5     		push	{r4, r5, lr}
 394              		.cfi_def_cfa_offset 12
 395              		.cfi_offset 4, -12
 396              		.cfi_offset 5, -8
 397              		.cfi_offset 14, -4
 142:Generated_Source\PSoC4/EZI2C_1_SCBCLK.c ****                     (uint32)(~(uint32)(EZI2C_1_SCBCLK_DIV_INT_MASK | EZI2C_1_SCBCLK_DIV_FRAC_MASK))
 398              		.loc 1 142 0
 399 0010 024C     		ldr	r4, .L13
 146:Generated_Source\PSoC4/EZI2C_1_SCBCLK.c ****         ((uint32)((uint32)clkDivider <<  EZI2C_1_SCBCLK_DIV_INT_SHIFT) & EZI2C_1_SCBCLK_DIV_INT_MAS
 147:Generated_Source\PSoC4/EZI2C_1_SCBCLK.c ****         ((uint32)((uint32)clkFractional << EZI2C_1_SCBCLK_DIV_FRAC_SHIFT) & EZI2C_1_SCBCLK_DIV_FRAC
 148:Generated_Source\PSoC4/EZI2C_1_SCBCLK.c ****     
 149:Generated_Source\PSoC4/EZI2C_1_SCBCLK.c **** #else
 150:Generated_Source\PSoC4/EZI2C_1_SCBCLK.c ****     /* get all but integer divider bits */
 151:Generated_Source\PSoC4/EZI2C_1_SCBCLK.c ****     maskVal = EZI2C_1_SCBCLK_DIV_REG & (uint32)(~(uint32)EZI2C_1_SCBCLK__DIVIDER_MASK);
 152:Generated_Source\PSoC4/EZI2C_1_SCBCLK.c ****     /* combine mask and new divider val into 32-bit value */
 153:Generated_Source\PSoC4/EZI2C_1_SCBCLK.c ****     regVal = clkDivider | maskVal;
 154:Generated_Source\PSoC4/EZI2C_1_SCBCLK.c ****     
 155:Generated_Source\PSoC4/EZI2C_1_SCBCLK.c **** #endif /* EZI2C_1_SCBCLK__FRAC_MASK || CYREG_PERI_DIV_CMD */
 156:Generated_Source\PSoC4/EZI2C_1_SCBCLK.c **** 
 157:Generated_Source\PSoC4/EZI2C_1_SCBCLK.c ****     EZI2C_1_SCBCLK_DIV_REG = regVal;
 158:Generated_Source\PSoC4/EZI2C_1_SCBCLK.c **** }
 400              		.loc 1 158 0
 401              		@ sp needed
 142:Generated_Source\PSoC4/EZI2C_1_SCBCLK.c ****                     (uint32)(~(uint32)(EZI2C_1_SCBCLK_DIV_INT_MASK | EZI2C_1_SCBCLK_DIV_FRAC_MASK))
 402              		.loc 1 142 0
 403 0012 2568     		ldr	r5, [r4]
 404              	.LVL5:
 145:Generated_Source\PSoC4/EZI2C_1_SCBCLK.c ****         ((uint32)((uint32)clkDivider <<  EZI2C_1_SCBCLK_DIV_INT_SHIFT) & EZI2C_1_SCBCLK_DIV_INT_MAS
 405              		.loc 1 145 0
 406 0014 2B40     		ands	r3, r5
 407              	.LVL6:
 408 0016 1843     		orrs	r0, r3
 409              	.LVL7:
 157:Generated_Source\PSoC4/EZI2C_1_SCBCLK.c **** }
 410              		.loc 1 157 0
 411 0018 2060     		str	r0, [r4]
 412              		.loc 1 158 0
 413 001a 30BD     		pop	{r4, r5, pc}
 414              	.L14:
 415              		.align	2
ARM GAS  C:\Users\prana\AppData\Local\Temp\ccdwBaTg.s 			page 25


 416              	.L13:
 417 001c 0C020140 		.word	1073807884
 418              		.cfi_endproc
 419              	.LFE2:
 420              		.size	EZI2C_1_SCBCLK_SetFractionalDividerRegister, .-EZI2C_1_SCBCLK_SetFractionalDividerRegister
 421              		.section	.text.EZI2C_1_SCBCLK_GetDividerRegister,"ax",%progbits
 422              		.align	1
 423              		.global	EZI2C_1_SCBCLK_GetDividerRegister
 424              		.code	16
 425              		.thumb_func
 426              		.type	EZI2C_1_SCBCLK_GetDividerRegister, %function
 427              	EZI2C_1_SCBCLK_GetDividerRegister:
 428              	.LFB3:
 159:Generated_Source\PSoC4/EZI2C_1_SCBCLK.c **** 
 160:Generated_Source\PSoC4/EZI2C_1_SCBCLK.c **** 
 161:Generated_Source\PSoC4/EZI2C_1_SCBCLK.c **** /*******************************************************************************
 162:Generated_Source\PSoC4/EZI2C_1_SCBCLK.c **** * Function Name: EZI2C_1_SCBCLK_GetDividerRegister
 163:Generated_Source\PSoC4/EZI2C_1_SCBCLK.c **** ********************************************************************************
 164:Generated_Source\PSoC4/EZI2C_1_SCBCLK.c **** *
 165:Generated_Source\PSoC4/EZI2C_1_SCBCLK.c **** * Summary:
 166:Generated_Source\PSoC4/EZI2C_1_SCBCLK.c **** *  Gets the clock divider register value.
 167:Generated_Source\PSoC4/EZI2C_1_SCBCLK.c **** *
 168:Generated_Source\PSoC4/EZI2C_1_SCBCLK.c **** * Parameters:
 169:Generated_Source\PSoC4/EZI2C_1_SCBCLK.c **** *  None
 170:Generated_Source\PSoC4/EZI2C_1_SCBCLK.c **** *
 171:Generated_Source\PSoC4/EZI2C_1_SCBCLK.c **** * Returns:
 172:Generated_Source\PSoC4/EZI2C_1_SCBCLK.c **** *  Divide value of the clock minus 1. For example, if the clock is set to
 173:Generated_Source\PSoC4/EZI2C_1_SCBCLK.c **** *  divide by 2, the return value will be 1.
 174:Generated_Source\PSoC4/EZI2C_1_SCBCLK.c **** *
 175:Generated_Source\PSoC4/EZI2C_1_SCBCLK.c **** *******************************************************************************/
 176:Generated_Source\PSoC4/EZI2C_1_SCBCLK.c **** uint16 EZI2C_1_SCBCLK_GetDividerRegister(void)
 177:Generated_Source\PSoC4/EZI2C_1_SCBCLK.c **** {
 429              		.loc 1 177 0
 430              		.cfi_startproc
 431              		@ args = 0, pretend = 0, frame = 0
 432              		@ frame_needed = 0, uses_anonymous_args = 0
 433              		@ link register save eliminated.
 178:Generated_Source\PSoC4/EZI2C_1_SCBCLK.c ****     return (uint16)((EZI2C_1_SCBCLK_DIV_REG & EZI2C_1_SCBCLK_DIV_INT_MASK)
 434              		.loc 1 178 0
 435 0000 024B     		ldr	r3, .L16
 179:Generated_Source\PSoC4/EZI2C_1_SCBCLK.c ****         >> EZI2C_1_SCBCLK_DIV_INT_SHIFT);
 180:Generated_Source\PSoC4/EZI2C_1_SCBCLK.c **** }
 436              		.loc 1 180 0
 437              		@ sp needed
 178:Generated_Source\PSoC4/EZI2C_1_SCBCLK.c ****     return (uint16)((EZI2C_1_SCBCLK_DIV_REG & EZI2C_1_SCBCLK_DIV_INT_MASK)
 438              		.loc 1 178 0
 439 0002 1868     		ldr	r0, [r3]
 440 0004 000A     		lsrs	r0, r0, #8
 441 0006 80B2     		uxth	r0, r0
 442              		.loc 1 180 0
 443 0008 7047     		bx	lr
 444              	.L17:
 445 000a C046     		.align	2
 446              	.L16:
 447 000c 0C020140 		.word	1073807884
 448              		.cfi_endproc
 449              	.LFE3:
ARM GAS  C:\Users\prana\AppData\Local\Temp\ccdwBaTg.s 			page 26


 450              		.size	EZI2C_1_SCBCLK_GetDividerRegister, .-EZI2C_1_SCBCLK_GetDividerRegister
 451              		.section	.text.EZI2C_1_SCBCLK_GetFractionalDividerRegister,"ax",%progbits
 452              		.align	1
 453              		.global	EZI2C_1_SCBCLK_GetFractionalDividerRegister
 454              		.code	16
 455              		.thumb_func
 456              		.type	EZI2C_1_SCBCLK_GetFractionalDividerRegister, %function
 457              	EZI2C_1_SCBCLK_GetFractionalDividerRegister:
 458              	.LFB4:
 181:Generated_Source\PSoC4/EZI2C_1_SCBCLK.c **** 
 182:Generated_Source\PSoC4/EZI2C_1_SCBCLK.c **** 
 183:Generated_Source\PSoC4/EZI2C_1_SCBCLK.c **** /*******************************************************************************
 184:Generated_Source\PSoC4/EZI2C_1_SCBCLK.c **** * Function Name: EZI2C_1_SCBCLK_GetFractionalDividerRegister
 185:Generated_Source\PSoC4/EZI2C_1_SCBCLK.c **** ********************************************************************************
 186:Generated_Source\PSoC4/EZI2C_1_SCBCLK.c **** *
 187:Generated_Source\PSoC4/EZI2C_1_SCBCLK.c **** * Summary:
 188:Generated_Source\PSoC4/EZI2C_1_SCBCLK.c **** *  Gets the clock fractional divider register value.
 189:Generated_Source\PSoC4/EZI2C_1_SCBCLK.c **** *
 190:Generated_Source\PSoC4/EZI2C_1_SCBCLK.c **** * Parameters:
 191:Generated_Source\PSoC4/EZI2C_1_SCBCLK.c **** *  None
 192:Generated_Source\PSoC4/EZI2C_1_SCBCLK.c **** *
 193:Generated_Source\PSoC4/EZI2C_1_SCBCLK.c **** * Returns:
 194:Generated_Source\PSoC4/EZI2C_1_SCBCLK.c **** *  Fractional Divide value of the clock
 195:Generated_Source\PSoC4/EZI2C_1_SCBCLK.c **** *  0 if the fractional divider is not in use.
 196:Generated_Source\PSoC4/EZI2C_1_SCBCLK.c **** *
 197:Generated_Source\PSoC4/EZI2C_1_SCBCLK.c **** *******************************************************************************/
 198:Generated_Source\PSoC4/EZI2C_1_SCBCLK.c **** uint8 EZI2C_1_SCBCLK_GetFractionalDividerRegister(void)
 199:Generated_Source\PSoC4/EZI2C_1_SCBCLK.c **** {
 459              		.loc 1 199 0
 460              		.cfi_startproc
 461              		@ args = 0, pretend = 0, frame = 0
 462              		@ frame_needed = 0, uses_anonymous_args = 0
 463              		@ link register save eliminated.
 200:Generated_Source\PSoC4/EZI2C_1_SCBCLK.c **** #if defined (EZI2C_1_SCBCLK__FRAC_MASK)
 201:Generated_Source\PSoC4/EZI2C_1_SCBCLK.c ****     /* return fractional divider bits */
 202:Generated_Source\PSoC4/EZI2C_1_SCBCLK.c ****     return (uint8)((EZI2C_1_SCBCLK_DIV_REG & EZI2C_1_SCBCLK_DIV_FRAC_MASK)
 203:Generated_Source\PSoC4/EZI2C_1_SCBCLK.c ****         >> EZI2C_1_SCBCLK_DIV_FRAC_SHIFT);
 204:Generated_Source\PSoC4/EZI2C_1_SCBCLK.c **** #else
 205:Generated_Source\PSoC4/EZI2C_1_SCBCLK.c ****     return 0u;
 206:Generated_Source\PSoC4/EZI2C_1_SCBCLK.c **** #endif /* EZI2C_1_SCBCLK__FRAC_MASK */
 207:Generated_Source\PSoC4/EZI2C_1_SCBCLK.c **** }
 464              		.loc 1 207 0
 465 0000 0020     		movs	r0, #0
 466              		@ sp needed
 467 0002 7047     		bx	lr
 468              		.cfi_endproc
 469              	.LFE4:
 470              		.size	EZI2C_1_SCBCLK_GetFractionalDividerRegister, .-EZI2C_1_SCBCLK_GetFractionalDividerRegister
 471              		.text
 472              	.Letext0:
 473              		.file 2 "Generated_Source\\PSoC4/cytypes.h"
 474              		.section	.debug_info,"",%progbits
 475              	.Ldebug_info0:
 476 0000 62010000 		.4byte	0x162
 477 0004 0400     		.2byte	0x4
 478 0006 00000000 		.4byte	.Ldebug_abbrev0
 479 000a 04       		.byte	0x4
ARM GAS  C:\Users\prana\AppData\Local\Temp\ccdwBaTg.s 			page 27


 480 000b 01       		.uleb128 0x1
 481 000c 03010000 		.4byte	.LASF25
 482 0010 0C       		.byte	0xc
 483 0011 8A020000 		.4byte	.LASF26
 484 0015 45020000 		.4byte	.LASF27
 485 0019 00000000 		.4byte	.Ldebug_ranges0+0
 486 001d 00000000 		.4byte	0
 487 0021 00000000 		.4byte	.Ldebug_line0
 488 0025 02       		.uleb128 0x2
 489 0026 01       		.byte	0x1
 490 0027 06       		.byte	0x6
 491 0028 39020000 		.4byte	.LASF0
 492 002c 02       		.uleb128 0x2
 493 002d 01       		.byte	0x1
 494 002e 08       		.byte	0x8
 495 002f 28000000 		.4byte	.LASF1
 496 0033 02       		.uleb128 0x2
 497 0034 02       		.byte	0x2
 498 0035 05       		.byte	0x5
 499 0036 FE010000 		.4byte	.LASF2
 500 003a 02       		.uleb128 0x2
 501 003b 02       		.byte	0x2
 502 003c 07       		.byte	0x7
 503 003d 48000000 		.4byte	.LASF3
 504 0041 02       		.uleb128 0x2
 505 0042 04       		.byte	0x4
 506 0043 05       		.byte	0x5
 507 0044 30020000 		.4byte	.LASF4
 508 0048 02       		.uleb128 0x2
 509 0049 04       		.byte	0x4
 510 004a 07       		.byte	0x7
 511 004b 36000000 		.4byte	.LASF5
 512 004f 02       		.uleb128 0x2
 513 0050 08       		.byte	0x8
 514 0051 05       		.byte	0x5
 515 0052 BF010000 		.4byte	.LASF6
 516 0056 02       		.uleb128 0x2
 517 0057 08       		.byte	0x8
 518 0058 07       		.byte	0x7
 519 0059 C0000000 		.4byte	.LASF7
 520 005d 03       		.uleb128 0x3
 521 005e 04       		.byte	0x4
 522 005f 05       		.byte	0x5
 523 0060 696E7400 		.ascii	"int\000"
 524 0064 02       		.uleb128 0x2
 525 0065 04       		.byte	0x4
 526 0066 07       		.byte	0x7
 527 0067 B3000000 		.4byte	.LASF8
 528 006b 04       		.uleb128 0x4
 529 006c 2A020000 		.4byte	.LASF9
 530 0070 02       		.byte	0x2
 531 0071 D201     		.2byte	0x1d2
 532 0073 2C000000 		.4byte	0x2c
 533 0077 04       		.uleb128 0x4
 534 0078 A5000000 		.4byte	.LASF10
 535 007c 02       		.byte	0x2
 536 007d D301     		.2byte	0x1d3
ARM GAS  C:\Users\prana\AppData\Local\Temp\ccdwBaTg.s 			page 28


 537 007f 3A000000 		.4byte	0x3a
 538 0083 04       		.uleb128 0x4
 539 0084 AC000000 		.4byte	.LASF11
 540 0088 02       		.byte	0x2
 541 0089 D401     		.2byte	0x1d4
 542 008b 48000000 		.4byte	0x48
 543 008f 02       		.uleb128 0x2
 544 0090 04       		.byte	0x4
 545 0091 04       		.byte	0x4
 546 0092 22000000 		.4byte	.LASF12
 547 0096 02       		.uleb128 0x2
 548 0097 08       		.byte	0x8
 549 0098 04       		.byte	0x4
 550 0099 7D000000 		.4byte	.LASF13
 551 009d 02       		.uleb128 0x2
 552 009e 01       		.byte	0x1
 553 009f 08       		.byte	0x8
 554 00a0 CD010000 		.4byte	.LASF14
 555 00a4 04       		.uleb128 0x4
 556 00a5 00000000 		.4byte	.LASF15
 557 00a9 02       		.byte	0x2
 558 00aa 7E02     		.2byte	0x27e
 559 00ac B0000000 		.4byte	0xb0
 560 00b0 05       		.uleb128 0x5
 561 00b1 83000000 		.4byte	0x83
 562 00b5 06       		.uleb128 0x6
 563 00b6 5B000000 		.4byte	.LASF16
 564 00ba 01       		.byte	0x1
 565 00bb 27       		.byte	0x27
 566 00bc 00000000 		.4byte	.LFB0
 567 00c0 1C000000 		.4byte	.LFE0-.LFB0
 568 00c4 01       		.uleb128 0x1
 569 00c5 9C       		.byte	0x9c
 570 00c6 DA000000 		.4byte	0xda
 571 00ca 07       		.uleb128 0x7
 572 00cb 8B000000 		.4byte	.LASF18
 573 00cf 01       		.byte	0x1
 574 00d0 27       		.byte	0x27
 575 00d1 83000000 		.4byte	0x83
 576 00d5 00000000 		.4byte	.LLST0
 577 00d9 00       		.byte	0
 578 00da 08       		.uleb128 0x8
 579 00db 06000000 		.4byte	.LASF28
 580 00df 01       		.byte	0x1
 581 00e0 5F       		.byte	0x5f
 582 00e1 00000000 		.4byte	.LFB1
 583 00e5 18000000 		.4byte	.LFE1-.LFB1
 584 00e9 01       		.uleb128 0x1
 585 00ea 9C       		.byte	0x9c
 586 00eb 06       		.uleb128 0x6
 587 00ec D2010000 		.4byte	.LASF17
 588 00f0 01       		.byte	0x1
 589 00f1 86       		.byte	0x86
 590 00f2 00000000 		.4byte	.LFB2
 591 00f6 20000000 		.4byte	.LFE2-.LFB2
 592 00fa 01       		.uleb128 0x1
 593 00fb 9C       		.byte	0x9c
ARM GAS  C:\Users\prana\AppData\Local\Temp\ccdwBaTg.s 			page 29


 594 00fc 3B010000 		.4byte	0x13b
 595 0100 07       		.uleb128 0x7
 596 0101 72000000 		.4byte	.LASF19
 597 0105 01       		.byte	0x1
 598 0106 86       		.byte	0x86
 599 0107 77000000 		.4byte	0x77
 600 010b 21000000 		.4byte	.LLST1
 601 010f 07       		.uleb128 0x7
 602 0110 97000000 		.4byte	.LASF20
 603 0114 01       		.byte	0x1
 604 0115 86       		.byte	0x86
 605 0116 6B000000 		.4byte	0x6b
 606 011a 42000000 		.4byte	.LLST2
 607 011e 09       		.uleb128 0x9
 608 011f 1A000000 		.4byte	.LASF21
 609 0123 01       		.byte	0x1
 610 0124 88       		.byte	0x88
 611 0125 83000000 		.4byte	0x83
 612 0129 63000000 		.4byte	.LLST3
 613 012d 0A       		.uleb128 0xa
 614 012e 84000000 		.4byte	.LASF22
 615 0132 01       		.byte	0x1
 616 0133 89       		.byte	0x89
 617 0134 83000000 		.4byte	0x83
 618 0138 01       		.uleb128 0x1
 619 0139 50       		.byte	0x50
 620 013a 00       		.byte	0
 621 013b 0B       		.uleb128 0xb
 622 013c 08020000 		.4byte	.LASF23
 623 0140 01       		.byte	0x1
 624 0141 B0       		.byte	0xb0
 625 0142 77000000 		.4byte	0x77
 626 0146 00000000 		.4byte	.LFB3
 627 014a 10000000 		.4byte	.LFE3-.LFB3
 628 014e 01       		.uleb128 0x1
 629 014f 9C       		.byte	0x9c
 630 0150 0B       		.uleb128 0xb
 631 0151 D7000000 		.4byte	.LASF24
 632 0155 01       		.byte	0x1
 633 0156 C6       		.byte	0xc6
 634 0157 6B000000 		.4byte	0x6b
 635 015b 00000000 		.4byte	.LFB4
 636 015f 04000000 		.4byte	.LFE4-.LFB4
 637 0163 01       		.uleb128 0x1
 638 0164 9C       		.byte	0x9c
 639 0165 00       		.byte	0
 640              		.section	.debug_abbrev,"",%progbits
 641              	.Ldebug_abbrev0:
 642 0000 01       		.uleb128 0x1
 643 0001 11       		.uleb128 0x11
 644 0002 01       		.byte	0x1
 645 0003 25       		.uleb128 0x25
 646 0004 0E       		.uleb128 0xe
 647 0005 13       		.uleb128 0x13
 648 0006 0B       		.uleb128 0xb
 649 0007 03       		.uleb128 0x3
 650 0008 0E       		.uleb128 0xe
ARM GAS  C:\Users\prana\AppData\Local\Temp\ccdwBaTg.s 			page 30


 651 0009 1B       		.uleb128 0x1b
 652 000a 0E       		.uleb128 0xe
 653 000b 55       		.uleb128 0x55
 654 000c 17       		.uleb128 0x17
 655 000d 11       		.uleb128 0x11
 656 000e 01       		.uleb128 0x1
 657 000f 10       		.uleb128 0x10
 658 0010 17       		.uleb128 0x17
 659 0011 00       		.byte	0
 660 0012 00       		.byte	0
 661 0013 02       		.uleb128 0x2
 662 0014 24       		.uleb128 0x24
 663 0015 00       		.byte	0
 664 0016 0B       		.uleb128 0xb
 665 0017 0B       		.uleb128 0xb
 666 0018 3E       		.uleb128 0x3e
 667 0019 0B       		.uleb128 0xb
 668 001a 03       		.uleb128 0x3
 669 001b 0E       		.uleb128 0xe
 670 001c 00       		.byte	0
 671 001d 00       		.byte	0
 672 001e 03       		.uleb128 0x3
 673 001f 24       		.uleb128 0x24
 674 0020 00       		.byte	0
 675 0021 0B       		.uleb128 0xb
 676 0022 0B       		.uleb128 0xb
 677 0023 3E       		.uleb128 0x3e
 678 0024 0B       		.uleb128 0xb
 679 0025 03       		.uleb128 0x3
 680 0026 08       		.uleb128 0x8
 681 0027 00       		.byte	0
 682 0028 00       		.byte	0
 683 0029 04       		.uleb128 0x4
 684 002a 16       		.uleb128 0x16
 685 002b 00       		.byte	0
 686 002c 03       		.uleb128 0x3
 687 002d 0E       		.uleb128 0xe
 688 002e 3A       		.uleb128 0x3a
 689 002f 0B       		.uleb128 0xb
 690 0030 3B       		.uleb128 0x3b
 691 0031 05       		.uleb128 0x5
 692 0032 49       		.uleb128 0x49
 693 0033 13       		.uleb128 0x13
 694 0034 00       		.byte	0
 695 0035 00       		.byte	0
 696 0036 05       		.uleb128 0x5
 697 0037 35       		.uleb128 0x35
 698 0038 00       		.byte	0
 699 0039 49       		.uleb128 0x49
 700 003a 13       		.uleb128 0x13
 701 003b 00       		.byte	0
 702 003c 00       		.byte	0
 703 003d 06       		.uleb128 0x6
 704 003e 2E       		.uleb128 0x2e
 705 003f 01       		.byte	0x1
 706 0040 3F       		.uleb128 0x3f
 707 0041 19       		.uleb128 0x19
ARM GAS  C:\Users\prana\AppData\Local\Temp\ccdwBaTg.s 			page 31


 708 0042 03       		.uleb128 0x3
 709 0043 0E       		.uleb128 0xe
 710 0044 3A       		.uleb128 0x3a
 711 0045 0B       		.uleb128 0xb
 712 0046 3B       		.uleb128 0x3b
 713 0047 0B       		.uleb128 0xb
 714 0048 27       		.uleb128 0x27
 715 0049 19       		.uleb128 0x19
 716 004a 11       		.uleb128 0x11
 717 004b 01       		.uleb128 0x1
 718 004c 12       		.uleb128 0x12
 719 004d 06       		.uleb128 0x6
 720 004e 40       		.uleb128 0x40
 721 004f 18       		.uleb128 0x18
 722 0050 9742     		.uleb128 0x2117
 723 0052 19       		.uleb128 0x19
 724 0053 01       		.uleb128 0x1
 725 0054 13       		.uleb128 0x13
 726 0055 00       		.byte	0
 727 0056 00       		.byte	0
 728 0057 07       		.uleb128 0x7
 729 0058 05       		.uleb128 0x5
 730 0059 00       		.byte	0
 731 005a 03       		.uleb128 0x3
 732 005b 0E       		.uleb128 0xe
 733 005c 3A       		.uleb128 0x3a
 734 005d 0B       		.uleb128 0xb
 735 005e 3B       		.uleb128 0x3b
 736 005f 0B       		.uleb128 0xb
 737 0060 49       		.uleb128 0x49
 738 0061 13       		.uleb128 0x13
 739 0062 02       		.uleb128 0x2
 740 0063 17       		.uleb128 0x17
 741 0064 00       		.byte	0
 742 0065 00       		.byte	0
 743 0066 08       		.uleb128 0x8
 744 0067 2E       		.uleb128 0x2e
 745 0068 00       		.byte	0
 746 0069 3F       		.uleb128 0x3f
 747 006a 19       		.uleb128 0x19
 748 006b 03       		.uleb128 0x3
 749 006c 0E       		.uleb128 0xe
 750 006d 3A       		.uleb128 0x3a
 751 006e 0B       		.uleb128 0xb
 752 006f 3B       		.uleb128 0x3b
 753 0070 0B       		.uleb128 0xb
 754 0071 27       		.uleb128 0x27
 755 0072 19       		.uleb128 0x19
 756 0073 11       		.uleb128 0x11
 757 0074 01       		.uleb128 0x1
 758 0075 12       		.uleb128 0x12
 759 0076 06       		.uleb128 0x6
 760 0077 40       		.uleb128 0x40
 761 0078 18       		.uleb128 0x18
 762 0079 9742     		.uleb128 0x2117
 763 007b 19       		.uleb128 0x19
 764 007c 00       		.byte	0
ARM GAS  C:\Users\prana\AppData\Local\Temp\ccdwBaTg.s 			page 32


 765 007d 00       		.byte	0
 766 007e 09       		.uleb128 0x9
 767 007f 34       		.uleb128 0x34
 768 0080 00       		.byte	0
 769 0081 03       		.uleb128 0x3
 770 0082 0E       		.uleb128 0xe
 771 0083 3A       		.uleb128 0x3a
 772 0084 0B       		.uleb128 0xb
 773 0085 3B       		.uleb128 0x3b
 774 0086 0B       		.uleb128 0xb
 775 0087 49       		.uleb128 0x49
 776 0088 13       		.uleb128 0x13
 777 0089 02       		.uleb128 0x2
 778 008a 17       		.uleb128 0x17
 779 008b 00       		.byte	0
 780 008c 00       		.byte	0
 781 008d 0A       		.uleb128 0xa
 782 008e 34       		.uleb128 0x34
 783 008f 00       		.byte	0
 784 0090 03       		.uleb128 0x3
 785 0091 0E       		.uleb128 0xe
 786 0092 3A       		.uleb128 0x3a
 787 0093 0B       		.uleb128 0xb
 788 0094 3B       		.uleb128 0x3b
 789 0095 0B       		.uleb128 0xb
 790 0096 49       		.uleb128 0x49
 791 0097 13       		.uleb128 0x13
 792 0098 02       		.uleb128 0x2
 793 0099 18       		.uleb128 0x18
 794 009a 00       		.byte	0
 795 009b 00       		.byte	0
 796 009c 0B       		.uleb128 0xb
 797 009d 2E       		.uleb128 0x2e
 798 009e 00       		.byte	0
 799 009f 3F       		.uleb128 0x3f
 800 00a0 19       		.uleb128 0x19
 801 00a1 03       		.uleb128 0x3
 802 00a2 0E       		.uleb128 0xe
 803 00a3 3A       		.uleb128 0x3a
 804 00a4 0B       		.uleb128 0xb
 805 00a5 3B       		.uleb128 0x3b
 806 00a6 0B       		.uleb128 0xb
 807 00a7 27       		.uleb128 0x27
 808 00a8 19       		.uleb128 0x19
 809 00a9 49       		.uleb128 0x49
 810 00aa 13       		.uleb128 0x13
 811 00ab 11       		.uleb128 0x11
 812 00ac 01       		.uleb128 0x1
 813 00ad 12       		.uleb128 0x12
 814 00ae 06       		.uleb128 0x6
 815 00af 40       		.uleb128 0x40
 816 00b0 18       		.uleb128 0x18
 817 00b1 9742     		.uleb128 0x2117
 818 00b3 19       		.uleb128 0x19
 819 00b4 00       		.byte	0
 820 00b5 00       		.byte	0
 821 00b6 00       		.byte	0
ARM GAS  C:\Users\prana\AppData\Local\Temp\ccdwBaTg.s 			page 33


 822              		.section	.debug_loc,"",%progbits
 823              	.Ldebug_loc0:
 824              	.LLST0:
 825 0000 00000000 		.4byte	.LVL0
 826 0004 0C000000 		.4byte	.LVL1
 827 0008 0100     		.2byte	0x1
 828 000a 50       		.byte	0x50
 829 000b 0C000000 		.4byte	.LVL1
 830 000f 1C000000 		.4byte	.LFE0
 831 0013 0400     		.2byte	0x4
 832 0015 F3       		.byte	0xf3
 833 0016 01       		.uleb128 0x1
 834 0017 50       		.byte	0x50
 835 0018 9F       		.byte	0x9f
 836 0019 00000000 		.4byte	0
 837 001d 00000000 		.4byte	0
 838              	.LLST1:
 839 0021 00000000 		.4byte	.LVL2
 840 0025 0E000000 		.4byte	.LVL4
 841 0029 0100     		.2byte	0x1
 842 002b 50       		.byte	0x50
 843 002c 0E000000 		.4byte	.LVL4
 844 0030 20000000 		.4byte	.LFE2
 845 0034 0400     		.2byte	0x4
 846 0036 F3       		.byte	0xf3
 847 0037 01       		.uleb128 0x1
 848 0038 50       		.byte	0x50
 849 0039 9F       		.byte	0x9f
 850 003a 00000000 		.4byte	0
 851 003e 00000000 		.4byte	0
 852              	.LLST2:
 853 0042 00000000 		.4byte	.LVL2
 854 0046 04000000 		.4byte	.LVL3
 855 004a 0100     		.2byte	0x1
 856 004c 51       		.byte	0x51
 857 004d 04000000 		.4byte	.LVL3
 858 0051 20000000 		.4byte	.LFE2
 859 0055 0400     		.2byte	0x4
 860 0057 F3       		.byte	0xf3
 861 0058 01       		.uleb128 0x1
 862 0059 51       		.byte	0x51
 863 005a 9F       		.byte	0x9f
 864 005b 00000000 		.4byte	0
 865 005f 00000000 		.4byte	0
 866              	.LLST3:
 867 0063 14000000 		.4byte	.LVL5
 868 0067 16000000 		.4byte	.LVL6
 869 006b 0500     		.2byte	0x5
 870 006d 75       		.byte	0x75
 871 006e 00       		.sleb128 0
 872 006f 37       		.byte	0x37
 873 0070 1A       		.byte	0x1a
 874 0071 9F       		.byte	0x9f
 875 0072 16000000 		.4byte	.LVL6
 876 0076 20000000 		.4byte	.LFE2
 877 007a 0100     		.2byte	0x1
 878 007c 53       		.byte	0x53
ARM GAS  C:\Users\prana\AppData\Local\Temp\ccdwBaTg.s 			page 34


 879 007d 00000000 		.4byte	0
 880 0081 00000000 		.4byte	0
 881              		.section	.debug_aranges,"",%progbits
 882 0000 3C000000 		.4byte	0x3c
 883 0004 0200     		.2byte	0x2
 884 0006 00000000 		.4byte	.Ldebug_info0
 885 000a 04       		.byte	0x4
 886 000b 00       		.byte	0
 887 000c 0000     		.2byte	0
 888 000e 0000     		.2byte	0
 889 0010 00000000 		.4byte	.LFB0
 890 0014 1C000000 		.4byte	.LFE0-.LFB0
 891 0018 00000000 		.4byte	.LFB1
 892 001c 18000000 		.4byte	.LFE1-.LFB1
 893 0020 00000000 		.4byte	.LFB2
 894 0024 20000000 		.4byte	.LFE2-.LFB2
 895 0028 00000000 		.4byte	.LFB3
 896 002c 10000000 		.4byte	.LFE3-.LFB3
 897 0030 00000000 		.4byte	.LFB4
 898 0034 04000000 		.4byte	.LFE4-.LFB4
 899 0038 00000000 		.4byte	0
 900 003c 00000000 		.4byte	0
 901              		.section	.debug_ranges,"",%progbits
 902              	.Ldebug_ranges0:
 903 0000 00000000 		.4byte	.LFB0
 904 0004 1C000000 		.4byte	.LFE0
 905 0008 00000000 		.4byte	.LFB1
 906 000c 18000000 		.4byte	.LFE1
 907 0010 00000000 		.4byte	.LFB2
 908 0014 20000000 		.4byte	.LFE2
 909 0018 00000000 		.4byte	.LFB3
 910 001c 10000000 		.4byte	.LFE3
 911 0020 00000000 		.4byte	.LFB4
 912 0024 04000000 		.4byte	.LFE4
 913 0028 00000000 		.4byte	0
 914 002c 00000000 		.4byte	0
 915              		.section	.debug_line,"",%progbits
 916              	.Ldebug_line0:
 917 0000 D6000000 		.section	.debug_str,"MS",%progbits,1
 917      02004B00 
 917      00000201 
 917      FB0E0D00 
 917      01010101 
 918              	.LASF15:
 919 0000 72656733 		.ascii	"reg32\000"
 919      3200
 920              	.LASF28:
 921 0006 455A4932 		.ascii	"EZI2C_1_SCBCLK_Stop\000"
 921      435F315F 
 921      53434243 
 921      4C4B5F53 
 921      746F7000 
 922              	.LASF21:
 923 001a 6D61736B 		.ascii	"maskVal\000"
 923      56616C00 
 924              	.LASF12:
 925 0022 666C6F61 		.ascii	"float\000"
ARM GAS  C:\Users\prana\AppData\Local\Temp\ccdwBaTg.s 			page 35


 925      7400
 926              	.LASF1:
 927 0028 756E7369 		.ascii	"unsigned char\000"
 927      676E6564 
 927      20636861 
 927      7200
 928              	.LASF5:
 929 0036 6C6F6E67 		.ascii	"long unsigned int\000"
 929      20756E73 
 929      69676E65 
 929      6420696E 
 929      7400
 930              	.LASF3:
 931 0048 73686F72 		.ascii	"short unsigned int\000"
 931      7420756E 
 931      7369676E 
 931      65642069 
 931      6E7400
 932              	.LASF16:
 933 005b 455A4932 		.ascii	"EZI2C_1_SCBCLK_StartEx\000"
 933      435F315F 
 933      53434243 
 933      4C4B5F53 
 933      74617274 
 934              	.LASF19:
 935 0072 636C6B44 		.ascii	"clkDivider\000"
 935      69766964 
 935      657200
 936              	.LASF13:
 937 007d 646F7562 		.ascii	"double\000"
 937      6C6500
 938              	.LASF22:
 939 0084 72656756 		.ascii	"regVal\000"
 939      616C00
 940              	.LASF18:
 941 008b 616C6967 		.ascii	"alignClkDiv\000"
 941      6E436C6B 
 941      44697600 
 942              	.LASF20:
 943 0097 636C6B46 		.ascii	"clkFractional\000"
 943      72616374 
 943      696F6E61 
 943      6C00
 944              	.LASF10:
 945 00a5 75696E74 		.ascii	"uint16\000"
 945      313600
 946              	.LASF11:
 947 00ac 75696E74 		.ascii	"uint32\000"
 947      333200
 948              	.LASF8:
 949 00b3 756E7369 		.ascii	"unsigned int\000"
 949      676E6564 
 949      20696E74 
 949      00
 950              	.LASF7:
 951 00c0 6C6F6E67 		.ascii	"long long unsigned int\000"
 951      206C6F6E 
ARM GAS  C:\Users\prana\AppData\Local\Temp\ccdwBaTg.s 			page 36


 951      6720756E 
 951      7369676E 
 951      65642069 
 952              	.LASF24:
 953 00d7 455A4932 		.ascii	"EZI2C_1_SCBCLK_GetFractionalDividerRegister\000"
 953      435F315F 
 953      53434243 
 953      4C4B5F47 
 953      65744672 
 954              	.LASF25:
 955 0103 474E5520 		.ascii	"GNU C11 5.4.1 20160609 (release) [ARM/embedded-5-br"
 955      43313120 
 955      352E342E 
 955      31203230 
 955      31363036 
 956 0136 616E6368 		.ascii	"anch revision 237715] -mcpu=cortex-m0 -mthumb -g -O"
 956      20726576 
 956      6973696F 
 956      6E203233 
 956      37373135 
 957 0169 73202D66 		.ascii	"s -ffunction-sections -ffat-lto-objects -finline-fu"
 957      66756E63 
 957      74696F6E 
 957      2D736563 
 957      74696F6E 
 958 019c 6E637469 		.ascii	"nctions -flto -fno-strict-aliasing\000"
 958      6F6E7320 
 958      2D666C74 
 958      6F202D66 
 958      6E6F2D73 
 959              	.LASF6:
 960 01bf 6C6F6E67 		.ascii	"long long int\000"
 960      206C6F6E 
 960      6720696E 
 960      7400
 961              	.LASF14:
 962 01cd 63686172 		.ascii	"char\000"
 962      00
 963              	.LASF17:
 964 01d2 455A4932 		.ascii	"EZI2C_1_SCBCLK_SetFractionalDividerRegister\000"
 964      435F315F 
 964      53434243 
 964      4C4B5F53 
 964      65744672 
 965              	.LASF2:
 966 01fe 73686F72 		.ascii	"short int\000"
 966      7420696E 
 966      7400
 967              	.LASF23:
 968 0208 455A4932 		.ascii	"EZI2C_1_SCBCLK_GetDividerRegister\000"
 968      435F315F 
 968      53434243 
 968      4C4B5F47 
 968      65744469 
 969              	.LASF9:
 970 022a 75696E74 		.ascii	"uint8\000"
 970      3800
ARM GAS  C:\Users\prana\AppData\Local\Temp\ccdwBaTg.s 			page 37


 971              	.LASF4:
 972 0230 6C6F6E67 		.ascii	"long int\000"
 972      20696E74 
 972      00
 973              	.LASF0:
 974 0239 7369676E 		.ascii	"signed char\000"
 974      65642063 
 974      68617200 
 975              	.LASF27:
 976 0245 443A5C56 		.ascii	"D:\\V-TE-PWR\\PDSS_SRC_SNK\\CYPD3171-24LQXQ_pb\\CYP"
 976      2D54452D 
 976      5057525C 
 976      50445353 
 976      5F535243 
 977 0274 44333137 		.ascii	"D3171-24LQXQ_pb.cydsn\000"
 977      312D3234 
 977      4C515851 
 977      5F70622E 
 977      63796473 
 978              	.LASF26:
 979 028a 47656E65 		.ascii	"Generated_Source\\PSoC4\\EZI2C_1_SCBCLK.c\000"
 979      72617465 
 979      645F536F 
 979      75726365 
 979      5C50536F 
 980              		.comm	__gnu_lto_v1,1,1
 981              		.ident	"GCC: (GNU Tools for ARM Embedded Processors) 5.4.1 20160609 (release) [ARM/embedded-5-bran
