ARM GAS  C:\Users\prana\AppData\Local\Temp\cc1ePSpM.s 			page 1


   1              		.syntax unified
   2              		.cpu cortex-m0
   3              		.fpu softvfp
   4              		.eabi_attribute 20, 1
   5              		.eabi_attribute 21, 1
   6              		.eabi_attribute 23, 3
   7              		.eabi_attribute 24, 1
   8              		.eabi_attribute 25, 1
   9              		.eabi_attribute 26, 1
  10              		.eabi_attribute 30, 4
  11              		.eabi_attribute 34, 0
  12              		.eabi_attribute 18, 4
  13              		.thumb
  14              		.syntax unified
  15              		.file	"grlstruct.c"
  16              		.text
  17              	.Ltext0:
  18              		.section	.gnu.lto_.profile.b369f32e,"",%progbits
  19 0000 789C6361 		.ascii	"x\234ca`\004B \000\000\0009\000\007"
  19      60044220 
  19      00000039 
  19      0007
  20              		.text
  21              		.section	.gnu.lto_.icf.b369f32e,"",%progbits
  22 0000 789C6361 		.ascii	"x\234ca`d\000\001>\006\004`b\330\373\360];+ck\367\357"
  22      60640001 
  22      3E060460 
  22      62D8FBF0 
  22      5D3B2B63 
  23 0017 25FC0C00 		.ascii	"%\374\014\000.\336\005\355"
  23      2EDE05ED 
  24              		.text
  25              		.section	.gnu.lto_.jmpfuncs.b369f32e,"",%progbits
  26 0000 789C6361 		.ascii	"x\234ca`d\000\001&\006d\000\000\000\236\000\010"
  26      60640001 
  26      26066400 
  26      00009E00 
  26      08
  27              		.text
  28              		.section	.gnu.lto_.inline.b369f32e,"",%progbits
  29 0000 789C6361 		.ascii	"x\234ca`d\000\001&\006d\000\000\000\236\000\010"
  29      60640001 
  29      26066400 
  29      00009E00 
  29      08
  30              		.text
  31              		.section	.gnu.lto_.pureconst.b369f32e,"",%progbits
  32 0000 789C6361 		.ascii	"x\234ca`\004B \000\000\0009\000\007"
  32      60044220 
  32      00000039 
  32      0007
  33              		.text
  34              		.section	.gnu.lto_.symbol_nodes.b369f32e,"",%progbits
  35 0000 789C6361 		.ascii	"x\234ca`d\020b\000\002V%\206F\020\203U\221\021L3\000"
  35      60641062 
  35      00025625 
  35      86461083 
ARM GAS  C:\Users\prana\AppData\Local\Temp\cc1ePSpM.s 			page 2


  35      5591114C 
  36 0016 00112F01 		.ascii	"\000\021/\001\214"
  36      8C
  37              		.text
  38              		.section	.gnu.lto_.refs.b369f32e,"",%progbits
  39 0000 789C6361 		.ascii	"x\234ca`\004B \000\000\0009\000\007"
  39      60044220 
  39      00000039 
  39      0007
  40              		.text
  41              		.section	.gnu.lto_.decls.b369f32e,"",%progbits
  42 0000 789CBD58 		.ascii	"x\234\275X{PSW\032\317\271'$\020\002tQ\247\356\016\273"
  42      7B505357 
  42      1ACFB927 
  42      24100274 
  42      51A7EE0E 
  43 0015 6B67A8B2 		.ascii	"kg\250\2623[[\253\355t\366\237m\325\332ug[\030\265\316"
  43      335B5BAB 
  43      ED74F69F 
  43      6DD5DA75 
  43      675B18B5 
  44 002a FEC14C9A 		.ascii	"\376\301L\232\306\230f\012\204M.\256\356_W@E\242\010"
  44      C698660A 
  44      844D2EAE 
  44      EE5F5740 
  44      45A208
  45 003d F84050AB 		.ascii	"\370@P\253\340\013\004\024T@@4\276\260\212\202\200\012"
  45      E00B0414 
  45      54404034 
  45      BEB08A82 
  45      800A
  46 004f 8A20F840 		.ascii	"\212 \370@A\240\274\224\202\017\366;\347\334\344\336"
  46      41A0BC94 
  46      820FF63B 
  46      E7DCE4DE 
  47 005f C4603BB3 		.ascii	"\304`;\2633\233\361\340\375\356\371\236\277\357q\317"
  47      339BF1E0 
  47      FDEEF99E 
  47      BFEF71CF 
  48 006f BD4A0552 		.ascii	"\275J\005R\220_\376o\025\212\022\254P\374\031\256\307"
  48      905FFE6F 
  48      158A12AC 
  48      50FC19AE 
  48      C7
  49 0080 E147EE2E 		.ascii	"\341G\356.U\270\3778X+a\343?\310\375\376K\016\275\252"
  49      55B8FF38 
  49      582B61E3 
  49      3FC8FDFE 
  49      4B0EBDAA 
  50 0094 BF9EA8C2 		.ascii	"\277\236\250\302\034\"\327\365\211E;\3610\207\2025H"
  50      1C22D7F5 
  50      89453BF1 
  50      30878235 
  50      48
  51 00a5 09E4C0D5 		.ascii	"\011\344\300\325\254\373\201@N\326\240i@\336\035\315"
  51      ACFB8140 
  51      4ED6A069 
ARM GAS  C:\Users\prana\AppData\Local\Temp\cc1ePSpM.s 			page 3


  51      40DE1DCD 
  52 00b5 5D30B340 		.ascii	"]0\263@\200_\252 p\177\224T4\364_\331\345\317\370\336"
  52      805FAA20 
  52      707F9454 
  52      34F45FD9 
  52      E5CFF8DE 
  53 00c9 02B2AC63 		.ascii	"\002\262\254c\353i?\246\245\231l?\177\274\345\026b\264"
  53      EB693FA6 
  53      A5996C3F 
  53      7FBCE516 
  53      62B4
  54 00db 16C8F8CA 		.ascii	"\026\310\370\312[iA\214\273\235l7vf'j\331\3665B?x^X"
  54      5B69418C 
  54      BB9D6C37 
  54      7666276A 
  54      D9F63542 
  55 00f3 11C86815 		.ascii	"\021\310h\025\220\225e'\253}\030\373\007@\376\320\322"
  55      90956527 
  55      AB7D18FB 
  55      0740FED0 
  55      D2
  56 0104 388EF154 		.ascii	"8\216\361T\352\356\216\241\326.?\266\025\006\344\321"
  56      EAEE8EA1 
  56      D62E3FB6 
  56      1506E4D1 
  57 0114 A19B856A 		.ascii	"\241\233\205j\374\016\335:\262\346A\236/l\205h\3208"
  57      FC0EDD3A 
  57      B2E6419E 
  57      2F6C8568 
  57      D038
  58 0126 22744FF9 		.ascii	"\"tO\371h\000\243\311\366q\307P\241\022\277O\256\271"
  58      6800A3C9 
  58      F671C750 
  58      A112BF4F 
  58      AEB9
  59 0138 FA63B72E 		.ascii	"\372c\267.\370\2410\315\001\022Y\373\320\323\317\022"
  59      F8A130CD 
  59      011259FB 
  59      D0D3CF12 
  60 0148 0401A172 		.ascii	"\004\001\241r\244Ae\010\243Ch&\004\011r\3607I\020\342"
  60      A4416508 
  60      A3436826 
  60      040972F0 
  60      374910E2 
  61 015c 85FE1C41 		.ascii	"\205\376\034A5U\201f\207\240\017B\024\350\004\012#:"
  61      35558166 
  61      87A00F42 
  61      14E8040A 
  61      233A
  62 016e 09172A45 		.ascii	"\011\027*E!\250\004\205\020\375y\273s\317\007\340\223"
  62      21A80485 
  62      10FD79BB 
  62      73CF07E0 
  62      93
  63 017f 881AE8DD 		.ascii	"\210\032\350\335\362$\011\273\014d\246\204\344\013\302"
  63      F22409BB 
  63      0C64A684 
ARM GAS  C:\Users\prana\AppData\Local\Temp\cc1ePSpM.s 			page 4


  63      E40BC2
  64 018e 5BE82418 		.ascii	"[\350$\030\250\220\014\200=\357\026*\275[\350K|\330"
  64      A8900C80 
  64      3DEF162A 
  64      BD5BE84B 
  64      7CD8
  65 01a0 2E623E15 		.ascii	".b>\025\310\361\347\025C>\270\222\245\361\352\205\306"
  65      C8F1E715 
  65      433EB892 
  65      A5F1EA85 
  65      C6
  66 01b1 ED6A7C95 		.ascii	"\355j|\225\022\312\256#\331\3334\310/\004\201,\012["
  66      12CAAE23 
  66      D9DB34C8 
  66      2F04812C 
  66      0A5B
  67 01c3 470DC4EF 		.ascii	"G\015\304\357\231\206\\\006\316\201\001\007\362\003"
  67      99865C06 
  67      CE810107 
  67      F203
  68 01d1 1FCE00CB 		.ascii	"\037\316\000\313YP\237%\370\322;YB\022\361\224\\\036"
  68      59509F25 
  68      F8D23B59 
  68      4212F194 
  68      5C1E
  69 01e3 70A65D41 		.ascii	"p\246]AHt\032aY\0115\277\350\033\016\304\215\314\370"
  69      48741A61 
  69      590935BF 
  69      E81B0EC4 
  69      8DCCF8
  70 01f6 85F11147 		.ascii	"\205\361\021G\020K\037\007\344\306\241\023\020e\027"
  70      104B1F07 
  70      E4C6A113 
  70      106517
  71 0205 DBDB3FF6 		.ascii	"\333\333?\366\274\237\324\327t\310\3128\226\245e:K\313"
  71      BC9FD4D7 
  71      74C8CA38 
  71      96A5653A 
  71      4BCB
  72 0217 E99A4B07 		.ascii	"\351\232K\007\264x\2042s\015g\267\277\364G\2320\212"
  72      B4788432 
  72      730D67B7 
  72      BFF4479A 
  72      308A
  73 0229 89902068 		.ascii	"\211\220 h\302\024(\037<\274\000\036\242\032pz\272\210"
  73      C214281F 
  73      3CBC001E 
  73      A21A707A 
  73      BA88
  74 023b CA8F70F3 		.ascii	"\312\217p\363\"\334\024\023\330\373w\232\300\313\200"
  74      22DC1413 
  74      D8FB779A 
  74      C0CB80
  75 024a EF2509DF 		.ascii	"\357%\011\337\351\032\346\353\251\264\226N\015\216\307"
  75      E91AE6EB 
  75      A9B4964E 
  75      0D8EC7
ARM GAS  C:\Users\prana\AppData\Local\Temp\cc1ePSpM.s 			page 5


  76 0259 D4C4BEFB 		.ascii	"\324\304\276\373B\245r\"\023\265\023\232\310L\231^@"
  76      42A57222 
  76      13B5139A 
  76      C84C995E 
  76      40
  77 026a 80B90A26 		.ascii	"\200\271\012&\256H&.#\321F_\351\336cZl\2476\324u\033"
  77      AE48262E 
  77      23D1465F 
  77      E9DE635A 
  77      6CA736D4 
  78 0280 BB3F45A1 		.ascii	"\273?E\241\241\223BC\303Bs\210\235\366\241\254\245\367"
  78      A1934243 
  78      C3427388 
  78      9DF6A1AC 
  78      A5F7
  79 0292 13D60AD7 		.ascii	"\023\326\012\327\276\241\012\252AA\003\232$\331}?\004"
  79      BEA10AAA 
  79      4141039A 
  79      24D97D3F 
  79      04
  80 02a3 74CD823F 		.ascii	"t\315\202?\012\312\356hI\011\310\020\034\2531\005\376"
  80      0ACAEE68 
  80      4909C810 
  80      1CAB3105 
  80      FE
  81 02b4 BCC82DE6 		.ascii	"\274\310-\346\216\362\202$0\247\211\031\022\020\344"
  81      8EF28224 
  81      30A78919 
  81      1210E4
  82 02c3 A8189415 		.ascii	"\250\030\224\025\221\333\224\031\374C7 \232k(\024\325"
  82      91DB9419 
  82      FC433720 
  82      9A6B2814 
  82      D5
  83 02d4 C3BA0EAB 		.ascii	"\303\272\016\253\021\326M\024JS\310\354\334\255\015"
  83      11D64D14 
  83      4A53C8EC 
  83      DCAD0D
  84 02e3 64764865 		.ascii	"dvHe\036\367b'\017IN\265\312\235:\345\205\271\2122S"
  84      1EF76227 
  84      0F494EB5 
  84      CA9D3AE5 
  84      85B98A32 
  85 02f8 BC1C376A 		.ascii	"\274\0347j\265\002\224\024\260(D\254$\253\003rEu^\024"
  85      B5029414 
  85      B02844AC 
  85      24AB0372 
  85      45755E14 
  86 030c 1DA38A00 		.ascii	"\035\243\212\000\325\212\343y\315j\234\3072\267c \261"
  86      D58AE379 
  86      CD6A9CC7 
  86      32B76320 
  86      B1
  87 031d 2A084D0A 		.ascii	"*\010M\012\363\0325\272\005\301\376\232\300\231{C\265"
  87      F31A35BA 
  87      05C1FE9A 
  87      C0997B43 
ARM GAS  C:\Users\prana\AppData\Local\Temp\cc1ePSpM.s 			page 6


  87      B5
  88 032e 88B8D70C 		.ascii	"\210\270\327\014\002MR6\211\267\324\256s\000\005\263"
  88      024D5236 
  88      89B7D4AE 
  88      730005B3 
  89 033e 01E41C8A 		.ascii	"\001\344\034\212\301l(\036~|z\247\206\365\241@\352\275"
  89      C16C281E 
  89      7E7C7AA7 
  89      86F5A140 
  89      EABD
  90 0350 FC442DC6 		.ascii	"\374D-\306\225\324It\242\252\367C\306\031B\374o\035"
  90      95D44974 
  90      A2AAF743 
  90      C61942FC 
  90      6F1D
  91 0362 70881DDB 		.ascii	"p\210\035\333NFRbi\331z-\276\304X\353\223\253\033\202"
  91      4E465262 
  91      69D97A2D 
  91      BEC458EB 
  91      93AB1B82 
  92 0376 702323F2 		.ascii	"p##\362\032Fs\324\232$\032Z\202\020\3747\242\001\300"
  92      1A4673D4 
  92      9A241A5A 
  92      8210FC37 
  92      A201C0
  93 0389 47B934A3 		.ascii	"G\2714\243\367H\231\00164T\340\036\273W\234\240\305"
  93      F7489901 
  93      363454E0 
  93      1EBB579C 
  93      A0C5
  94 039b 4D4CB422 		.ascii	"ML\264\"!\277(\200\031\371\003\220\255?\346\345\223"
  94      21BF2880 
  94      19F90390 
  94      AD3FE6E5 
  94      93
  95 03ac 869B411A 		.ascii	"\206\233A\032n|<H\326r3X\3135l\032\334\247\306w\031"
  95      6E7C3C48 
  95      D6723358 
  95      CB356C1A 
  95      DCA7C677 
  96 03c1 AAF9694F 		.ascii	"\252\371iO\032d\243p\277\266\234\224y\027\324\303#\011"
  96      1A64A370 
  96      BFB69C94 
  96      7917D4C3 
  96      2309
  97 03d3 9819AE41 		.ascii	"\230\031\256AE\235S\270\\C\217\001\352\031b\307t\302"
  97      459D53B8 
  97      5C438F01 
  97      EA1962C7 
  97      74C2
  98 03e5 CD87E230 		.ascii	"\315\207\3420\334\227\226\243\302\335\314\304\241\303"
  98      DC9796A3 
  98      C2DDCCC4 
  98      A1C3
  99 03f3 75D56A67 		.ascii	"u\325jg\313y*\350\361\242\300\331rsh\313=\001_\272%"
  99      CB792AE8 
  99      F1A2C0D9 
ARM GAS  C:\Users\prana\AppData\Local\Temp\cc1ePSpM.s 			page 7


  99      727368CB 
  99      3D015FBA 
 100 0408 5FBA9C2D 		.ascii	"_\272\234-\347\234:\223\331\324I\353\331\370\021\036"
 100      E79C3A93 
 100      D9D449EB 
 100      D9F8111E 
 101 0418 A21671C2 		.ascii	"\242\026q\302X\323F\037\304\346\237\206\216\264\017"
 101      58D3461F 
 101      C4E69F86 
 101      8EB40F
 102 0427 D000C891 		.ascii	"\320\000\310\221)G\376g37\336!\215D\005\275\257@\375"
 102      2947FE67 
 102      3337DE21 
 102      8D4405BD 
 102      AF40FD
 103 043a 20F2138B 		.ascii	" \362\023\213a\340\305\2562\361Q3\031\310\227\375\327"
 103      61E0C5AE 
 103      32F15133 
 103      19C897FD 
 103      D7
 104 044b 5E6A19A9 		.ascii	"^j\031\251\001\262%m\333#\214\307\231=\207\375\305\031"
 104      01B2256D 
 104      DB238CC7 
 104      993D87FD 
 104      C519
 105 045d 2535068B 		.ascii	"%5\006\213\332\353\037W\243gNKB\202C%\0333\012\272\243"
 105      DAEB1F57 
 105      A3674E4B 
 105      42824325 
 105      1B330ABA 
 106 0472 4023403F 		.ascii	"@#@?\025g/\271\003Zs\327\237\271\351\203\355J\232\247"
 106      15672FB9 
 106      035A73D7 
 106      9FB9E983 
 106      ED4A9AA7 
 107 0486 FE8CBC2B 		.ascii	"\376\214\274+*\234\301\210\363\371\366z\015\316\246"
 107      2A9CC188 
 107      F3F9F67A 
 107      0DCEA6
 108 0495 847AA067 		.ascii	"\204z\240gw\221\017\202\371\002?\261\037\310\000T\312"
 108      77910F82 
 108      F9023FB1 
 108      1FC80054 
 108      CA
 109 04a6 701D03C4 		.ascii	"p\035\003\304\236\213\375\260\232\013C/\240\007^\302"
 109      9E8BFDB0 
 109      9A0B432F 
 109      A0075EC2 
 110 04b6 1A87F54A 		.ascii	"\032\207\365J>\004\332\207n\257\310Y\263\326qVE\234"
 110      3E04DA87 
 110      6EAFC859 
 110      B3D67156 
 110      459C
 111 04c8 40A3A2DC 		.ascii	"@\243\242\334\2204\233h\006\004.T>\241\356\330\265N"
 111      90349B68 
 111      06042E54 
 111      3EA1EED8 
ARM GAS  C:\Users\prana\AppData\Local\Temp\cc1ePSpM.s 			page 8


 111      B54E
 112 04da 899FDF20 		.ascii	"\211\237\337 1$\233\037\3755\376D\004pF}\242H/rv\275"
 112      31249B1F 
 112      FD35FE44 
 112      0470467D 
 112      A2482F72 
 113 04f0 4BE2814C 		.ascii	"K\342\201L\242M22\374\006#\203N\021\322\3305\\\246\220"
 113      A24D3232 
 113      FC062383 
 113      4E11D2D8 
 113      355CA690 
 114 0504 3415856B 		.ascii	"4\025\205k\024\224\337\205\2074b\331\004h\262\007\222"
 114      1494DF85 
 114      873462D9 
 114      0468B207 
 114      92
 115 0515 09F0DC7D 		.ascii	"\011\360\334}@\001\320m\315\366\3518\227\201\336YV\325"
 115      4001D06D 
 115      CDF6E938 
 115      9781DE59 
 115      56D5
 116 0527 A4C6458C 		.ascii	"\244\306E\214\350\250?wO\215O\262\014lKX\1779\200\315"
 116      E8A83F77 
 116      4F8D4FB2 
 116      0C6C4B58 
 116      7F3980CD 
 117 053b F8D030E6 		.ascii	"\370\3200\346\355i\373\224\355B\362\357\\\230\254\343"
 117      ED69FB94 
 117      ED42F2EF 
 117      5C98ACE3 
 118 054b 5E7777BD 		.ascii	"^ww\275\007&\015\356\230\020\021\017L\326\2730\361\236"
 118      07260DEE 
 118      9810110F 
 118      4CD6BB30 
 118      F19E
 119 055d E7448E89 		.ascii	"\347D\216\211\221<\333!\317\311\300\277\006V\022\254"
 119      913CDB21 
 119      CFC9C0BF 
 119      065612AC 
 120 056d B59C7CD8 		.ascii	"\265\234|\330_sGs\"\367\344h\336\220\241I\370\275\240"
 120      5F734773 
 120      22F7E468 
 120      DE90A149 
 120      F8BDA0
 121 0580 C97457C9 		.ascii	"\311tW\311bO\340&V.K@9K\000pz$\240\252\240\255\300\007"
 121      624FE026 
 121      562E4B40 
 121      394B0070 
 121      7A24A0AA 
 122 0598 9F63A0EF 		.ascii	"\237c\240\357\255\276{Y\205\2572\242\345L\343(\3067"
 122      ADBE7B59 
 122      85AF32A2 
 122      E54CE328 
 122      C637
 123 05aa 28A17A98 		.ascii	"(\241z\230P\231\007\031\220%\240X\346\304Fp\"\325\213"
 123      50990719 
 123      9025A058 
ARM GAS  C:\Users\prana\AppData\Local\Temp\cc1ePSpM.s 			page 9


 123      E6C44670 
 123      22D58B
 124 05bd 13E9AE04 		.ascii	"\023\351\256\004x\2073E\224#pn\00187\003\377&XinP\036"
 124      78873345 
 124      9423706E 
 124      01383703 
 124      FF265869 
 125 05d4 754F5BEA 		.ascii	"uO[\352\353iK\367@\262D\206d\352\233\220\334\355\201"
 125      EB694BF7 
 125      40B24486 
 125      64EA9B90 
 125      DCED81
 126 05e7 E44441C8 		.ascii	"\344DA\310\220\334\301\220L}\015\311\315\32776a\334"
 126      90DCC190 
 126      4C7D0DC9 
 126      CDD73736 
 126      61DC
 127 05f9 C6C03BD7 		.ascii	"\306\300;\327p5\211\303\367\0301\224\261f\275/\033f"
 127      703589C3 
 127      F7183194 
 127      B166BD2F 
 127      1B66
 128 060b 6F9327DA 		.ascii	"o\223'\332\340\360a\025#\311\363\342\304\017\373~V\343"
 128      E0F06115 
 128      23C9F3E2 
 128      C40FFB7E 
 128      56E3
 129 061d 6EC63A9C 		.ascii	"n\306:\234\274f\004\263=5\220\366\261\232A%\036b{\007"
 129      BC6604B3 
 129      3D3590F6 
 129      B19A4125 
 129      1E627B07 
 130 0631 4F3EBC1F 		.ascii	"O>\274\037\210_P\002\247vn\311\322\322\011\010\377\304"
 130      885F5002 
 130      A7766EC9 
 130      D2D20908 
 130      FFC4
 131 0643 09DBFE8E 		.ascii	"\011\333\376\216l\302\356\342\310\324\373\201\013A\273"
 131      6CC2EEE2 
 131      C8D4FB81 
 131      0B41BB
 132 0652 3936F5C8 		.ascii	"96\365\310\0356.\377J\257Ae\346`\367\210\022'\372\320"
 132      1D362EFF 
 132      4AAF4165 
 132      E660F788 
 132      1227FAD0 
 133 0666 2E5BFBD0 		.ascii	".[\373\320a\367{\363\234\333\003\030e\213\011;\010\011"
 133      61F77BF3 
 133      9CDB0318 
 133      658B093B 
 133      0809
 134 0678 3B00D8EC 		.ascii	";\000\330\354\203\225\003k\257[\322^\332\247d\020d\341"
 134      8395036B 
 134      AF5BD25E 
 134      DAA76410 
 134      64E1
 135 068a 649D290A 		.ascii	"d\235)\012\315v\313\331~\020\331\316I\251x\345\236\345"
ARM GAS  C:\Users\prana\AppData\Local\Temp\cc1ePSpM.s 			page 10


 135      CD76CBD9 
 135      7E10D9CE 
 135      49A978E5 
 135      9EE5
 136 069c ECD7B34C 		.ascii	"\354\327\263L$2d\022cL\002,\354\230\320B\026'U\305\346"
 136      24326412 
 136      634C022C 
 136      EC98D042 
 136      162755C5 
 137 06b1 5AA92AB2 		.ascii	"Z\251*\262\337T\025\243\242\357\000\022\332)\252\006"
 137      DF5415A3 
 137      A2EF0012 
 137      DA29AA06 
 138 06c1 459EBA65 		.ascii	"E\236\272eE\361\224\025E\266gQ\250\237\224\344\366r"
 138      45F19415 
 138      45B66751 
 138      A89F94E4 
 138      F672
 139 06d3 88423A59 		.ascii	"\210B:Yl\234L{P\246\340H\304T\317VP_\310M\236\300\027"
 139      6C9C4C7B 
 139      50A6E048 
 139      C454CF56 
 139      505FC84D 
 140 06ea 3A1430E3 		.ascii	":\0240\343&M\036\377K\334\233SDn\342\362\266_\342.q"
 140      264D1EFF 
 140      4BDC9B53 
 140      446EE2F2 
 140      B65FE22E 
 141 06ff EA2665BF 		.ascii	"\352&e\277\341\227\270\007k\264B\252\236\316\371\373"
 141      E197B807 
 141      6BB442AA 
 141      9ECEF9FB 
 142 070f 6842DE74 		.ascii	"hB\336tou\243\240\334\244h\016C\321\344\002v\371\260"
 142      6F75A3A0 
 142      DCA4680E 
 142      43D1E402 
 142      76F9B0
 143 0722 F26015C0 		.ascii	"\362`\025\300:\304\311\017\213[k\350Y\026\004<\372\253"
 143      3AC4C90F 
 143      8B5B6BE8 
 143      5916043C 
 143      FAAB
 144 0734 A3BA620A 		.ascii	"\243\272b\012\266\323R\345\212\312\035\217\002Q\330"
 144      B6D352E5 
 144      8ACA1D8F 
 144      0251D8
 145 0743 64269291 		.ascii	"d&\222\221B\317\227\305`\343\010\347:\272\020\015\023"
 145      42CF97C5 
 145      60E308E7 
 145      3ABA100D 
 145      13
 146 0754 F8838AC0 		.ascii	"\370\203\212\300\215_\343\022\230-<\232P\304\005\247"
 146      8D5FE312 
 146      982D3C9A 
 146      50C405A7 
 147 0764 8AC7E04F 		.ascii	"\212\307\340O\225\324\314]P\324F\003;\312\005;\217\214"
 147      95D4CC5D 
ARM GAS  C:\Users\prana\AppData\Local\Temp\cc1ePSpM.s 			page 11


 147      50D44603 
 147      3BCA053B 
 147      8F8C
 148 0776 E465B0E5 		.ascii	"\344e\260\345\344\213D\310wX\350$q\300\310\317\374\355"
 148      E48B44C8 
 148      7758E824 
 148      71C0C8CF 
 148      FCED
 149 0788 005B29E7 		.ascii	"\000[)\347~\372\226O\026v\212/\345<O\361\260W\\;y5M"
 149      7EFA964F 
 149      16768A2F 
 149      E53C4FF1 
 149      B0575C3B 
 150 079f 15D8431D 		.ascii	"\025\330C\035\242\036\247\027\362\267\007\351\274\016"
 150      A21EA717 
 150      F2B707E9 
 150      BC0E
 151 07ad F1DE0186 		.ascii	"\361\336\001\206\026\352f\251\330\264\307!\330c\020"
 151      16EA66A9 
 151      D8B4C721 
 151      D86310
 152 07bc 60891460 		.ascii	"`\211\024`z\362\361\0248\3700`\223o'\367\371\272\035"
 152      7AF2F114 
 152      38F83060 
 152      936F27F7 
 152      F9BA1D
 153 07cf FB       		.ascii	"\373"
 154 07d0 656A5039 		.ascii	"ejP9HO\244\211\305P\302Rq\002\230\312\244T\220\220\334"
 154      484FA489 
 154      C550C252 
 154      710298CA 
 154      A4549090 
 155 07e5 3E6404B3 		.ascii	">d\004\263\017\031g\256;.q\270\220\232v\235\000\203"
 155      0F1967AE 
 155      3B2E71B8 
 155      909A769D 
 155      0083
 156 07f7 C513E0DD 		.ascii	"\305\023\340\335\324T5\233\204{\310i\276\373`\3468\306"
 156      D454359B 
 156      847BC869 
 156      BEFB60E6 
 156      38C6
 157 0809 A7186F6E 		.ascii	"\247\030on\347\316\024\361x\370\011\220Y\225\303\227"
 157      E7CE14F1 
 157      78F80990 
 157      5995C397 
 158 0819 C537085F 		.ascii	"\3057\010_ \2736]\272\250\306\015\214U\030M\035\011"
 158      20BB365D 
 158      BAA8C60D 
 158      8C55184D 
 158      1D09
 159 082b C4AD8C68 		.ascii	"\304\255\214h-\371\251P\211{\030Q\327W\374T\205\005"
 159      2DF9A950 
 159      897B1851 
 159      D757FC54 
 159      8505
 160 083d 1525AA0F 		.ascii	"\025%\252\017VV\372\343\015\214H\337\234\363H\213w3"
ARM GAS  C:\Users\prana\AppData\Local\Temp\cc1ePSpM.s 			page 12


 160      5656FAE3 
 160      0D8C48DF 
 160      9CF3488B 
 160      7733
 161 084f E25A4EF2 		.ascii	"\342ZN\3623\204\363\030\361\242\246\243\"\000\037g\304"
 161      3384F318 
 161      F1A2A6A3 
 161      22001F67 
 161      C4
 162 0860 70555D95 		.ascii	"pU]\225\032\237bDy\363\206D\025\256\241D\300\310\323"
 162      1A9F6244 
 162      79F38644 
 162      15AEA144 
 162      C0C8D3
 163 0873 8E121FD6 		.ascii	"\216\022\037\326\366\241\344\330\022\026\312^M\035\215"
 163      F6A1E4D8 
 163      1216CA5E 
 163      4D1D8D
 164 0882 173DDE01 		.ascii	"\027=\336\001\033\245zp\220Y\205N\313&\\\325:\331\273"
 164      1BA57A70 
 164      9059854E 
 164      CB265CD5 
 164      3AD9BB
 165 0895 DB39CE0B 		.ascii	"\3339\316\013\267\374\225\261D\256\373\2427n\331\214"
 165      B7FC95B1 
 165      44AEFBA2 
 165      376ED98C 
 166 08a5 AB94AB3E 		.ascii	"\253\224\253>\357\215\271J\246\272x\235lf]\022\271'"
 166      EF8DB94A 
 166      A6BA789D 
 166      6C665D12 
 166      B927
 167 08b7 9C9F6572 		.ascii	"\234\237erG\252\275\351\236-1\037\223\253\376\321\253"
 167      47AABDE9 
 167      9E2D311F 
 167      93ABFED1 
 167      AB
 168 08c8 6A799037 		.ascii	"jy\2207\344\272/\273\353\256\220\202t\253\337*\230\335"
 168      E4BA2FBB 
 168      EBAE9082 
 168      74ABDF2A 
 168      98DD
 169 08da 27E95EA3 		.ascii	"'\351^\243X\2747\240x\353\240x\353a]\205u\015\326MX"
 169      58BC37A0 
 169      78EBA078 
 169      EB615D85 
 169      750DD64D 
 170 08ef B5B0AEC0 		.ascii	"\265\260\256\300j\202u\035V\015\254\006\367s\335E\177"
 170      6A82751D 
 170      560DAC06 
 170      F773DD45 
 170      7F
 171 0900 A1E81B6A 		.ascii	"\241\350\033j\375\214\267\310\212e\257\345\273.\322"
 171      FD8CB7C8 
 171      8A65AFE5 
 171      BB2ED2
 172 090f 866E7CAD 		.ascii	"\206n|\255\241AO\271<\216\013\3364\345\313\242>-\317"
ARM GAS  C:\Users\prana\AppData\Local\Temp\cc1ePSpM.s 			page 13


 172      A1414FB9 
 172      3C8E0BDE 
 172      34E5CBA2 
 172      3E2DCF
 173 0922 D6596FDC 		.ascii	"\326Yo\334\256\267\370\234\033\231\035>\270\211\326"
 173      AEB7F89C 
 173      1B991D3E 
 173      B889D6
 174 0931 2197527C 		.ascii	"!\227R|h-\366lg'\034\3506\240\360\277 \"\236\355\327"
 174      682DF66C 
 174      67271CE8 
 174      36A0F0BF 
 174      20229EED 
 175 0946 D196BF05 		.ascii	"\321\226\277\005\212\232\245\226ot\266\374\235\234-"
 175      8A9AA596 
 175      6F74B6FC 
 175      9D9C2D
 176 0955 FB95AC37 		.ascii	"\373\225\2547\037\323\303\320h\357\006\216\265\256\203"
 176      1FD3C3D0 
 176      68EF068E 
 176      B5AE83
 177 0964 7C7E2CEB 		.ascii	"|~,\353\313/\023_\250\035\264\217J\256\367 \334\313"
 177      CB2F135F 
 177      A81DB48F 
 177      4AAEF720 
 177      DCCB
 178 0976 9AEAEC60 		.ascii	"\232\352\354`\321A\361\323%\371\232\225\321V:\252\235"
 178      D141F1D3 
 178      25F99A95 
 178      D1563AAA 
 178      9D
 179 0987 F0BDBD9D 		.ascii	"\360\275\275\235\023\337\333\357r\364\225\362@s\352"
 179      13DFDBEF 
 179      72F495F2 
 179      4073EA
 180 0996 9873723B 		.ascii	"\230sr;\204O\021\205Zb\357\240\223\233\012\021\356g"
 180      844F1185 
 180      5A62EFA0 
 180      939B0A11 
 180      EE67
 181 09a8 3BBA1E70 		.ascii	";\272\036p\370\225\312\355\030\026\314\216a\275\345"
 181      F895CAED 
 181      1816CC8E 
 181      61BDE5
 182 09b7 AF8AFD27 		.ascii	"\257\212\375'\264\373\300i\367>\263\273k\370@n\240\247"
 182      B4FBC069 
 182      F73EB3BB 
 182      6BF8406E 
 182      A0A7
 183 09c9 DD56009D 		.ascii	"\335V\000\235e\352!\265\373@\264\253\354h\2764H>\264"
 183      65EA21B5 
 183      FB40B4AB 
 183      EC68BE34 
 183      483EB4
 184 09dc 84864A49 		.ascii	"\204\206JI\202c\334aP_H\325w\212\031z\004\031\352\002"
 184      8263DC61 
 184      505F48D5 
ARM GAS  C:\Users\prana\AppData\Local\Temp\cc1ePSpM.s 			page 14


 184      778A197A 
 184      0419EA02 
 185 09f0 F41FBBA1 		.ascii	"\364\037\273\241?^Mk\254\323\333Cc\353\305\300\325\264"
 185      3F5E4D6B 
 185      ACD3DB43 
 185      63EBC5C0 
 185      D5B4
 186 0a02 6AC024BA 		.ascii	"j\300$\272\007\271!\252\234\216x\264\026\260\247\177"
 186      07B921AA 
 186      9C8E78B4 
 186      16B0A77F 
 187 0a12 412A1B60 		.ascii	"A*\033`Am\"\257\227\016'\031\334X\232\036\204\355jZ"
 187      416D22AF 
 187      970E2719 
 187      DC589A1E 
 187      84ED6A5A 
 188 0a26 61A5F5D9 		.ascii	"a\245\365\3319\201n\025&s\036\365\200\317o\366?\223"
 188      39816E15 
 188      26731EF5 
 188      80CF6FF6 
 188      3F93
 189 0a38 55CF1360 		.ascii	"U\317\023`\352\226\252\247S\254\036u\317\231\321n\362"
 189      EA96AAA7 
 189      53AC1E75 
 189      CF99D16E 
 189      F2
 190 0a49 E6476728 		.ascii	"\346Gg(s\363y\355\357\331\243\220T\334)\220\351\207"
 190      73F379ED 
 190      EFD9A390 
 190      54DC2990 
 190      E987
 191 0a5b FF5D35ED 		.ascii	"\377]5\355yj\311\254{\033\270\3431\375\372t\0241n\327"
 191      796AC9AC 
 191      7B1BB8E3 
 191      31FDFA74 
 191      14316ED7 
 192 0a6f 77AC23C8 		.ascii	"w\254#\310\023\204\214:Q;y\204\265\212\374\256\007\340"
 192      13848C3A 
 192      513B7984 
 192      B58AFCAE 
 192      07E0
 193 0a81 6D19BFFB 		.ascii	"m\031\277\373#\022\354\267\320\364\366\213\341\016B"
 193      2312ECB7 
 193      D0F4F68B 
 193      E10E42
 194 0a90 B8BD10EE 		.ascii	"\270\275\020\356\000\254\237`\365\221w!i\224\200\251"
 194      00AC9F60 
 194      F5917721 
 194      699480A9 
 195 0aa0 2DE1E43C 		.ascii	"-\341\344<E\354Tr\036v*d\303\235\3414\302\016\007\375"
 195      45EC5472 
 195      1E762A64 
 195      C39DE134 
 195      C20E07FD 
 196 0ab4 DEF2BCA3 		.ascii	"\336\362\274\243.\204\345\231\240x\\\364\331\225\203"
 196      2E84E599 
 196      A0785CF4 
ARM GAS  C:\Users\prana\AppData\Local\Temp\cc1ePSpM.s 			page 15


 196      D99583
 197 0ac3 02244D13 		.ascii	"\002$M\023\362!{\315@\252\022\357f\331;Z\261=;\360\265"
 197      F2217BCD 
 197      40AA12EF 
 197      66D93B5A 
 197      B13D3BF0 
 198 0ad8 C7BD180B 		.ascii	"\307\275\030\013z\006!\374\232p\230\207\2737\321L>\005"
 198      7A0621FC 
 198      9A709887 
 198      BB37D14C 
 198      3E05
 199 0aea 81612993 		.ascii	"\201a)\223\375\3169 \024\344\236Wj\223]_\245(\243\324"
 199      FDCE3920 
 199      14E49E57 
 199      6A935D5F 
 199      A528A3D4 
 200 0afe 44239C56 		.ascii	"D#\234V<\217\264=M\216\307\357\356\025\366\344\300\224"
 200      3C8FB43D 
 200      4D8EC7EF 
 200      EE15F6E4 
 200      C094
 201 0b10 ACA30F07 		.ascii	"\254\243\017\007%\331F\007\331g)\231\320A\362\225\034"
 201      25D94607 
 201      D9672999 
 201      D041F295 
 201      1C
 202 0b21 FDCCBD4B 		.ascii	"\375\314\275K\336\270\022J\357\004\342\0025\373F\336"
 202      DEB8124A 
 202      EF04E202 
 202      35FB46DE 
 203 0b31 DEFA8AEA 		.ascii	"\336\372\212\352\330\003\017\230MA\253\251\016bp\224"
 203      D8030F98 
 203      4D41ABA9 
 203      0E627094 
 204 0b41 7926CB17 		.ascii	"y&\313\027\334\201\277c\334\273\012\255I\267\230\267"
 204      DC81BF63 
 204      DCBB0AAD 
 204      49B798B7 
 205 0b51 C619785D 		.ascii	"\306\031x]\004o\365\375\342\253\257\247\315\2335K\341"
 205      046FF5FD 
 205      E2ABAFA7 
 205      CD9B354B 
 205      E1
 206 0b62 6BFA87C5 		.ascii	"k\372\207\3054_\317\353\003L\363\342l\274%z\236%f\271"
 206      345FCFEB 
 206      034CF3E2 
 206      6CBC257A 
 206      9E2566B9 
 207 0b76 D9E4A7D3 		.ascii	"\331\344\247\323\305\231c\370Ot\374jd\370Kd\254\325"
 207      C59963F8 
 207      4F74FC6A 
 207      64F84B64 
 207      ACD5
 208 0b88 62B2EAA3 		.ascii	"b\262\352\243\247-7G\031m\323\302V~\362\361\237\"\015"
 208      A72D3747 
 208      196DD3C2 
 208      567EF2F1 
ARM GAS  C:\Users\prana\AppData\Local\Temp\cc1ePSpM.s 			page 16


 208      9F220D
 209 0b9b AB62AD46 		.ascii	"\253b\255F\233-2\326f1L3X\215z\336b\215\2343s\216\373"
 209      9B2D32D6 
 209      66314C33 
 209      588D7ADE 
 209      628D9C33 
 210 0bb2 0D7374AC 		.ascii	"\015st\254\305\312G\232b\342\"\365\326\350\310\217f"
 210      C5CA479A 
 210      62E222F5 
 210      D6E8C88F 
 210      66
 211 0bc3 CE99398B 		.ascii	"\316\2319\213\\\275\027c\2111\276g\324\177k\2164\307"
 211      5CBD1763 
 211      8931BE67 
 211      D47F6B8E 
 211      34C7
 212 0bd5 18A2E296 		.ascii	"\030\242\342\226\031#\243\365\206\357\3141\306H\335"
 212      1923A3F5 
 212      86EFCC31 
 212      C648DD
 213 0be4 32E3727D 		.ascii	"2\343r}\\\024\257\343W\305\032m3\277S\250EWV\374\277"
 213      5C14AFE3 
 213      57C51A6D 
 213      33BF53A8 
 213      455756FC 
 214 0bf9 3CB1ADB2 		.ascii	"<\261\255\262E\352l\37420\013\346\177c\266}a\344\027"
 214      45EA6CFC 
 214      32300BE6 
 214      7F63B67D 
 214      61E417
 215 0c0c F37A3ECE 		.ascii	"\363z>\316\2660\306\314\033\227\371\350\346Z,QS\350"
 215      B630C6CC 
 215      1B97F9E8 
 215      E65A2C51 
 215      53E8
 216 0c1e FDB97ADE 		.ascii	"\375\271z\336m/\300\264\300j\211\236\033\267|a\3142"
 216      6D2FC0B4 
 216      C06A899E 
 216      1BB77C61 
 216      CC32
 217 0c30 E34A0DC3 		.ascii	"\343J\015\303q\326\307:\336\327y\021`\266\205\317\213"
 217      71D6C73A 
 217      DED77911 
 217      60B685CF 
 217      8B
 218 0c41 083718E2 		.ascii	"\0107\030\342\254V\343\262\240\231\357\233\254Q`\215"
 218      AC56E3B2 
 218      A099EF9B 
 218      AC51608D 
 219 0c51 A4865803 		.ascii	"\244\206X\003\012R\302R\265To\005~S\204\325\270B\267"
 219      0A52C252 
 219      B5546F05 
 219      7E5384D5 
 219      B842B7
 220 0c64 78D1BC79 		.ascii	"x\321\274y\372X\233\237\351+K\370\362\210\371\3416\014"
 220      FA589B9F 
 220      E92B4BF8 
ARM GAS  C:\Users\prana\AppData\Local\Temp\cc1ePSpM.s 			page 17


 220      F288F9E1 
 220      360C
 221 0c76 7FD4DFEA 		.ascii	"\177\324\337\352y\235\315j\020\355\314\376P\264C.\374"
 221      799DCD6A 
 221      10EDCCFE 
 221      50B4432E 
 221      FC
 222 0c87 6D71B1B1 		.ascii	"mq\261\261Q\253(\214\376\321\372\225\272\025\226(^o"
 222      51AB288C 
 222      FED1FA95 
 222      BA159628 
 222      5E6F
 223 0c99 826B738C 		.ascii	"\202ks\214\363\332\217\334\217\265\374\333hU\315\375"
 223      F3DA8FDC 
 223      8FB5FCDB 
 223      6855CDFD 
 224 0ca9 6C099850 		.ascii	"l\011\230P\257\000\223\240\220\012P\017cx\325\322\317"
 224      AF0093A0 
 224      900A500F 
 224      6378D5D2 
 224      CF
 225 0cba 16C196DF 		.ascii	"\026\301\226\337r\363J\3432\262\251\026\245}\027,\374"
 225      72F34AE3 
 225      32B2A916 
 225      A57D172C 
 225      FC
 226 0ccb E7E7F361 		.ascii	"\347\347\363a\013\257\320G\251ccmd\323\327i\312\327"
 226      0BAFD047 
 226      A963636D 
 226      64D3D769 
 226      CAD7
 227 0cdd 69472DEA 		.ascii	"iG-\352RED,\006f\177\210p\261\325\0201?\342{~\012\273"
 227      5245442C 
 227      06667F88 
 227      70B1D510 
 227      313FE27B 
 228 0cf4 2681C922 		.ascii	"&\201\311\"~\213Dl\003\313\316\240'-2\376+\316h\343"
 228      7E8B446C 
 228      03CBCEA0 
 228      272D32FE 
 228      2BCE68E3 
 229 0d08 23F486EF 		.ascii	"#\364\206\357\215<+Q\215\211\2000\317\022\027\303\007"
 229      8D3C2B51 
 229      8D898030 
 229      CF1217C3 
 229      07
 230 0d19 9A6DF3BF 		.ascii	"\232m\363\277^\242[\240\217\212\232\013\034\223@\004"
 230      5EA25BA0 
 230      8F8A9A0B 
 230      1C934004 
 231 0d29 D21965E6 		.ascii	"\322\031e\346W\351\2764\333\242\365\274\341;\177\323"
 231      57E9BE34 
 231      DBA2F5BC 
 231      E13B7FD3 
 232 0d39 7C230F05 		.ascii	"|#\017\005\266 Jo\0126\211\352>\217\321\177\033e$\267"
 232      B6204A6F 
 232      0A3689EA 
ARM GAS  C:\Users\prana\AppData\Local\Temp\cc1ePSpM.s 			page 18


 232      3E8FD17F 
 232      1B6524B7 
 233 0d4d FC8832DD 		.ascii	"\374\2102\335\022@\212\252\325\321\344\371\231\276\004"
 233      12408AAA 
 233      D5D1E4F9 
 233      99BE04
 234 0d5c C7C36375 		.ascii	"\307\303cu\013\265\246\360X\243U\317\233cL\272\205\240"
 234      0BB5A6F0 
 234      58A355CF 
 234      9B634CBA 
 234      85A0
 235 0d6e EAEB258B 		.ascii	"\352\353%\213c\215\206E\306\025\304\1777\337\230\377"
 235      638D8645 
 235      C615C47F 
 235      37DF98FF 
 236 0d7e 6E7501B5 		.ascii	"nu\001\265\240u\025\020\020\223L:\326j:\003\015DG\030"
 236      A0751510 
 236      10934C3A 
 236      D66A3A03 
 236      0D444718 
 237 0d92 480D88ED 		.ascii	"H\015\210\355\311\373\231\234W\377\005\\t\263\250"
 237      C9FB999C 
 237      57FF055C 
 237      74B3A8
 238              		.text
 239              		.section	.gnu.lto_.symtab.b369f32e,"",%progbits
 240 0000 675F5374 		.ascii	"g_Struct_Ptr\000"
 240      72756374 
 240      5F507472 
 240      00
 241 000d 00       		.ascii	"\000"
 242 000e 04       		.ascii	"\004"
 243 000f 00       		.ascii	"\000"
 244 0010 04000000 		.ascii	"\004\000\000\000\000\000\000\000"
 244      00000000 
 245 0018 78010000 		.ascii	"x\001\000\000"
 246 001c 67537472 		.ascii	"gStruct_t\000"
 246      7563745F 
 246      7400
 247 0026 00       		.ascii	"\000"
 248 0027 04       		.ascii	"\004"
 249 0028 00       		.ascii	"\000"
 250 0029 68000000 		.ascii	"h\000\000\000\000\000\000\000"
 250      00000000 
 251 0031 7A010000 		.ascii	"z\001\000\000"
 252              		.text
 253              		.section	.gnu.lto_.opts,"",%progbits
 254 0000 272D666D 		.ascii	"'-fmath-errno' '-fsigned-zeros' '-ftrapping-math' '"
 254      6174682D 
 254      6572726E 
 254      6F272027 
 254      2D667369 
 255 0033 2D666E6F 		.ascii	"-fno-trapv' '-fno-openmp' '-fno-openacc' '-mcpu=cor"
 255      2D747261 
 255      70762720 
 255      272D666E 
 255      6F2D6F70 
ARM GAS  C:\Users\prana\AppData\Local\Temp\cc1ePSpM.s 			page 19


 256 0066 7465782D 		.ascii	"tex-m0' '-mthumb' '-g' '-Os' '-Werror' '-ffunction-"
 256      6D302720 
 256      272D6D74 
 256      68756D62 
 256      2720272D 
 257 0099 73656374 		.ascii	"sections' '-ffat-lto-objects' '-finline-functions' "
 257      696F6E73 
 257      2720272D 
 257      66666174 
 257      2D6C746F 
 258 00cc 272D666C 		.ascii	"'-flto' '-fno-strict-aliasing'\000"
 258      746F2720 
 258      272D666E 
 258      6F2D7374 
 258      72696374 
 259              		.text
 260              		.cfi_sections	.debug_frame
 261              		.comm	g_Struct_Ptr,4,4
 262              		.comm	gStruct_t,104,4
 263              	.Letext0:
 264              		.file 1 "c:\\program files (x86)\\cypress\\psoc creator\\4.4\\psoc creator\\import\\gnu\\arm\\5.4.
 265              		.file 2 "c:\\program files (x86)\\cypress\\psoc creator\\4.4\\psoc creator\\import\\gnu\\arm\\5.4.
 266              		.file 3 "./grl_struct.h"
 267              		.section	.debug_info,"",%progbits
 268              	.Ldebug_info0:
 269 0000 14040000 		.4byte	0x414
 270 0004 0400     		.2byte	0x4
 271 0006 00000000 		.4byte	.Ldebug_abbrev0
 272 000a 04       		.byte	0x4
 273 000b 01       		.uleb128 0x1
 274 000c 6A020000 		.4byte	.LASF68
 275 0010 0C       		.byte	0xc
 276 0011 29040000 		.4byte	.LASF69
 277 0015 73030000 		.4byte	.LASF70
 278 0019 00000000 		.4byte	.Ldebug_line0
 279 001d 02       		.uleb128 0x2
 280 001e 01       		.byte	0x1
 281 001f 06       		.byte	0x6
 282 0020 A5010000 		.4byte	.LASF0
 283 0024 03       		.uleb128 0x3
 284 0025 3C010000 		.4byte	.LASF3
 285 0029 01       		.byte	0x1
 286 002a 1D       		.byte	0x1d
 287 002b 2F000000 		.4byte	0x2f
 288 002f 02       		.uleb128 0x2
 289 0030 01       		.byte	0x1
 290 0031 08       		.byte	0x8
 291 0032 74010000 		.4byte	.LASF1
 292 0036 02       		.uleb128 0x2
 293 0037 02       		.byte	0x2
 294 0038 05       		.byte	0x5
 295 0039 54000000 		.4byte	.LASF2
 296 003d 03       		.uleb128 0x3
 297 003e 83000000 		.4byte	.LASF4
 298 0042 01       		.byte	0x1
 299 0043 2B       		.byte	0x2b
 300 0044 48000000 		.4byte	0x48
ARM GAS  C:\Users\prana\AppData\Local\Temp\cc1ePSpM.s 			page 20


 301 0048 02       		.uleb128 0x2
 302 0049 02       		.byte	0x2
 303 004a 07       		.byte	0x7
 304 004b 18020000 		.4byte	.LASF5
 305 004f 02       		.uleb128 0x2
 306 0050 04       		.byte	0x4
 307 0051 05       		.byte	0x5
 308 0052 13010000 		.4byte	.LASF6
 309 0056 03       		.uleb128 0x3
 310 0057 78000000 		.4byte	.LASF7
 311 005b 01       		.byte	0x1
 312 005c 41       		.byte	0x41
 313 005d 61000000 		.4byte	0x61
 314 0061 02       		.uleb128 0x2
 315 0062 04       		.byte	0x4
 316 0063 07       		.byte	0x7
 317 0064 E7010000 		.4byte	.LASF8
 318 0068 02       		.uleb128 0x2
 319 0069 08       		.byte	0x8
 320 006a 05       		.byte	0x5
 321 006b DC000000 		.4byte	.LASF9
 322 006f 02       		.uleb128 0x2
 323 0070 08       		.byte	0x8
 324 0071 07       		.byte	0x7
 325 0072 B1010000 		.4byte	.LASF10
 326 0076 04       		.uleb128 0x4
 327 0077 04       		.byte	0x4
 328 0078 05       		.byte	0x5
 329 0079 696E7400 		.ascii	"int\000"
 330 007d 02       		.uleb128 0x2
 331 007e 04       		.byte	0x4
 332 007f 07       		.byte	0x7
 333 0080 D1010000 		.4byte	.LASF11
 334 0084 03       		.uleb128 0x3
 335 0085 A8000000 		.4byte	.LASF12
 336 0089 02       		.byte	0x2
 337 008a 18       		.byte	0x18
 338 008b 24000000 		.4byte	0x24
 339 008f 03       		.uleb128 0x3
 340 0090 DE010000 		.4byte	.LASF13
 341 0094 02       		.byte	0x2
 342 0095 24       		.byte	0x24
 343 0096 3D000000 		.4byte	0x3d
 344 009a 03       		.uleb128 0x3
 345 009b C8010000 		.4byte	.LASF14
 346 009f 02       		.byte	0x2
 347 00a0 30       		.byte	0x30
 348 00a1 56000000 		.4byte	0x56
 349 00a5 02       		.uleb128 0x2
 350 00a6 04       		.byte	0x4
 351 00a7 04       		.byte	0x4
 352 00a8 C7000000 		.4byte	.LASF15
 353 00ac 02       		.uleb128 0x2
 354 00ad 08       		.byte	0x8
 355 00ae 04       		.byte	0x4
 356 00af 55030000 		.4byte	.LASF16
 357 00b3 02       		.uleb128 0x2
ARM GAS  C:\Users\prana\AppData\Local\Temp\cc1ePSpM.s 			page 21


 358 00b4 01       		.byte	0x1
 359 00b5 08       		.byte	0x8
 360 00b6 2B020000 		.4byte	.LASF17
 361 00ba 02       		.uleb128 0x2
 362 00bb 08       		.byte	0x8
 363 00bc 04       		.byte	0x4
 364 00bd 00000000 		.4byte	.LASF18
 365 00c1 02       		.uleb128 0x2
 366 00c2 04       		.byte	0x4
 367 00c3 07       		.byte	0x7
 368 00c4 CE030000 		.4byte	.LASF19
 369 00c8 05       		.uleb128 0x5
 370 00c9 0C       		.byte	0xc
 371 00ca 03       		.byte	0x3
 372 00cb 5F       		.byte	0x5f
 373 00cc E9000000 		.4byte	0xe9
 374 00d0 06       		.uleb128 0x6
 375 00d1 5E000000 		.4byte	.LASF20
 376 00d5 03       		.byte	0x3
 377 00d6 61       		.byte	0x61
 378 00d7 E9000000 		.4byte	0xe9
 379 00db 00       		.byte	0
 380 00dc 06       		.uleb128 0x6
 381 00dd 8E010000 		.4byte	.LASF21
 382 00e1 03       		.byte	0x3
 383 00e2 62       		.byte	0x62
 384 00e3 F9000000 		.4byte	0xf9
 385 00e7 04       		.byte	0x4
 386 00e8 00       		.byte	0
 387 00e9 07       		.uleb128 0x7
 388 00ea 84000000 		.4byte	0x84
 389 00ee F9000000 		.4byte	0xf9
 390 00f2 08       		.uleb128 0x8
 391 00f3 C1000000 		.4byte	0xc1
 392 00f7 03       		.byte	0x3
 393 00f8 00       		.byte	0
 394 00f9 07       		.uleb128 0x7
 395 00fa 84000000 		.4byte	0x84
 396 00fe 09010000 		.4byte	0x109
 397 0102 08       		.uleb128 0x8
 398 0103 C1000000 		.4byte	0xc1
 399 0107 07       		.byte	0x7
 400 0108 00       		.byte	0
 401 0109 03       		.uleb128 0x3
 402 010a 07040000 		.4byte	.LASF22
 403 010e 03       		.byte	0x3
 404 010f 64       		.byte	0x64
 405 0110 C8000000 		.4byte	0xc8
 406 0114 05       		.uleb128 0x5
 407 0115 14       		.byte	0x14
 408 0116 03       		.byte	0x3
 409 0117 66       		.byte	0x66
 410 0118 A1010000 		.4byte	0x1a1
 411 011c 06       		.uleb128 0x6
 412 011d 06010000 		.4byte	.LASF23
 413 0121 03       		.byte	0x3
 414 0122 68       		.byte	0x68
ARM GAS  C:\Users\prana\AppData\Local\Temp\cc1ePSpM.s 			page 22


 415 0123 9A000000 		.4byte	0x9a
 416 0127 00       		.byte	0
 417 0128 06       		.uleb128 0x6
 418 0129 33000000 		.4byte	.LASF24
 419 012d 03       		.byte	0x3
 420 012e 69       		.byte	0x69
 421 012f 9A000000 		.4byte	0x9a
 422 0133 04       		.byte	0x4
 423 0134 06       		.uleb128 0x6
 424 0135 0C000000 		.4byte	.LASF25
 425 0139 03       		.byte	0x3
 426 013a 6A       		.byte	0x6a
 427 013b 84000000 		.4byte	0x84
 428 013f 08       		.byte	0x8
 429 0140 06       		.uleb128 0x6
 430 0141 29000000 		.4byte	.LASF26
 431 0145 03       		.byte	0x3
 432 0146 6B       		.byte	0x6b
 433 0147 84000000 		.4byte	0x84
 434 014b 09       		.byte	0x9
 435 014c 06       		.uleb128 0x6
 436 014d F9010000 		.4byte	.LASF27
 437 0151 03       		.byte	0x3
 438 0152 6C       		.byte	0x6c
 439 0153 84000000 		.4byte	0x84
 440 0157 0A       		.byte	0xa
 441 0158 06       		.uleb128 0x6
 442 0159 24010000 		.4byte	.LASF28
 443 015d 03       		.byte	0x3
 444 015e 6D       		.byte	0x6d
 445 015f A1010000 		.4byte	0x1a1
 446 0163 0B       		.byte	0xb
 447 0164 06       		.uleb128 0x6
 448 0165 EA000000 		.4byte	.LASF29
 449 0169 03       		.byte	0x3
 450 016a 6E       		.byte	0x6e
 451 016b A1010000 		.4byte	0x1a1
 452 016f 0C       		.byte	0xc
 453 0170 06       		.uleb128 0x6
 454 0171 CD000000 		.4byte	.LASF30
 455 0175 03       		.byte	0x3
 456 0176 6F       		.byte	0x6f
 457 0177 A1010000 		.4byte	0x1a1
 458 017b 0D       		.byte	0xd
 459 017c 06       		.uleb128 0x6
 460 017d 57010000 		.4byte	.LASF31
 461 0181 03       		.byte	0x3
 462 0182 70       		.byte	0x70
 463 0183 84000000 		.4byte	0x84
 464 0187 0E       		.byte	0xe
 465 0188 06       		.uleb128 0x6
 466 0189 8E000000 		.4byte	.LASF32
 467 018d 03       		.byte	0x3
 468 018e 71       		.byte	0x71
 469 018f 84000000 		.4byte	0x84
 470 0193 0F       		.byte	0xf
 471 0194 06       		.uleb128 0x6
ARM GAS  C:\Users\prana\AppData\Local\Temp\cc1ePSpM.s 			page 23


 472 0195 9C000000 		.4byte	.LASF33
 473 0199 03       		.byte	0x3
 474 019a 72       		.byte	0x72
 475 019b 84000000 		.4byte	0x84
 476 019f 10       		.byte	0x10
 477 01a0 00       		.byte	0
 478 01a1 02       		.uleb128 0x2
 479 01a2 01       		.byte	0x1
 480 01a3 02       		.byte	0x2
 481 01a4 45020000 		.4byte	.LASF34
 482 01a8 03       		.uleb128 0x3
 483 01a9 D7030000 		.4byte	.LASF35
 484 01ad 03       		.byte	0x3
 485 01ae 73       		.byte	0x73
 486 01af 14010000 		.4byte	0x114
 487 01b3 09       		.uleb128 0x9
 488 01b4 6F000000 		.4byte	.LASF39
 489 01b8 04       		.byte	0x4
 490 01b9 03       		.byte	0x3
 491 01ba A5       		.byte	0xa5
 492 01bb ED010000 		.4byte	0x1ed
 493 01bf 0A       		.uleb128 0xa
 494 01c0 0C020000 		.4byte	.LASF36
 495 01c4 03       		.byte	0x3
 496 01c5 A7       		.byte	0xa7
 497 01c6 9A000000 		.4byte	0x9a
 498 01ca 04       		.byte	0x4
 499 01cb 0A       		.byte	0xa
 500 01cc 16       		.byte	0x16
 501 01cd 00       		.byte	0
 502 01ce 0A       		.uleb128 0xa
 503 01cf 1C010000 		.4byte	.LASF37
 504 01d3 03       		.byte	0x3
 505 01d4 A8       		.byte	0xa8
 506 01d5 9A000000 		.4byte	0x9a
 507 01d9 04       		.byte	0x4
 508 01da 0A       		.byte	0xa
 509 01db 0C       		.byte	0xc
 510 01dc 00       		.byte	0
 511 01dd 0A       		.uleb128 0xa
 512 01de 82010000 		.4byte	.LASF38
 513 01e2 03       		.byte	0x3
 514 01e3 A9       		.byte	0xa9
 515 01e4 9A000000 		.4byte	0x9a
 516 01e8 04       		.byte	0x4
 517 01e9 02       		.byte	0x2
 518 01ea 0A       		.byte	0xa
 519 01eb 00       		.byte	0
 520 01ec 00       		.byte	0
 521 01ed 09       		.uleb128 0x9
 522 01ee 00040000 		.4byte	.LASF40
 523 01f2 04       		.byte	0x4
 524 01f3 03       		.byte	0x3
 525 01f4 AC       		.byte	0xac
 526 01f5 36020000 		.4byte	0x236
 527 01f9 0A       		.uleb128 0xa
 528 01fa 0C020000 		.4byte	.LASF36
ARM GAS  C:\Users\prana\AppData\Local\Temp\cc1ePSpM.s 			page 24


 529 01fe 03       		.byte	0x3
 530 01ff AE       		.byte	0xae
 531 0200 9A000000 		.4byte	0x9a
 532 0204 04       		.byte	0x4
 533 0205 0A       		.byte	0xa
 534 0206 16       		.byte	0x16
 535 0207 00       		.byte	0
 536 0208 0A       		.uleb128 0xa
 537 0209 26030000 		.4byte	.LASF41
 538 020d 03       		.byte	0x3
 539 020e AF       		.byte	0xaf
 540 020f 9A000000 		.4byte	0x9a
 541 0213 04       		.byte	0x4
 542 0214 0A       		.byte	0xa
 543 0215 0C       		.byte	0xc
 544 0216 00       		.byte	0
 545 0217 0A       		.uleb128 0xa
 546 0218 30010000 		.4byte	.LASF42
 547 021c 03       		.byte	0x3
 548 021d B0       		.byte	0xb0
 549 021e 9A000000 		.4byte	0x9a
 550 0222 04       		.byte	0x4
 551 0223 0A       		.byte	0xa
 552 0224 02       		.byte	0x2
 553 0225 00       		.byte	0
 554 0226 0A       		.uleb128 0xa
 555 0227 82010000 		.4byte	.LASF38
 556 022b 03       		.byte	0x3
 557 022c B1       		.byte	0xb1
 558 022d 9A000000 		.4byte	0x9a
 559 0231 04       		.byte	0x4
 560 0232 02       		.byte	0x2
 561 0233 00       		.byte	0
 562 0234 00       		.byte	0
 563 0235 00       		.byte	0
 564 0236 09       		.uleb128 0x9
 565 0237 30020000 		.4byte	.LASF43
 566 023b 04       		.byte	0x4
 567 023c 03       		.byte	0x3
 568 023d B3       		.byte	0xb3
 569 023e 7F020000 		.4byte	0x27f
 570 0242 0A       		.uleb128 0xa
 571 0243 9B010000 		.4byte	.LASF44
 572 0247 03       		.byte	0x3
 573 0248 B5       		.byte	0xb5
 574 0249 9A000000 		.4byte	0x9a
 575 024d 04       		.byte	0x4
 576 024e 0A       		.byte	0xa
 577 024f 16       		.byte	0x16
 578 0250 00       		.byte	0
 579 0251 0A       		.uleb128 0xa
 580 0252 26030000 		.4byte	.LASF41
 581 0256 03       		.byte	0x3
 582 0257 B6       		.byte	0xb6
 583 0258 9A000000 		.4byte	0x9a
 584 025c 04       		.byte	0x4
 585 025d 0A       		.byte	0xa
ARM GAS  C:\Users\prana\AppData\Local\Temp\cc1ePSpM.s 			page 25


 586 025e 0C       		.byte	0xc
 587 025f 00       		.byte	0
 588 0260 0A       		.uleb128 0xa
 589 0261 30010000 		.4byte	.LASF42
 590 0265 03       		.byte	0x3
 591 0266 B7       		.byte	0xb7
 592 0267 9A000000 		.4byte	0x9a
 593 026b 04       		.byte	0x4
 594 026c 0A       		.byte	0xa
 595 026d 02       		.byte	0x2
 596 026e 00       		.byte	0
 597 026f 0A       		.uleb128 0xa
 598 0270 82010000 		.4byte	.LASF38
 599 0274 03       		.byte	0x3
 600 0275 B8       		.byte	0xb8
 601 0276 9A000000 		.4byte	0x9a
 602 027a 04       		.byte	0x4
 603 027b 02       		.byte	0x2
 604 027c 00       		.byte	0
 605 027d 00       		.byte	0
 606 027e 00       		.byte	0
 607 027f 09       		.uleb128 0x9
 608 0280 ED030000 		.4byte	.LASF45
 609 0284 04       		.byte	0x4
 610 0285 03       		.byte	0x3
 611 0286 BA       		.byte	0xba
 612 0287 C8020000 		.4byte	0x2c8
 613 028b 0A       		.uleb128 0xa
 614 028c 46010000 		.4byte	.LASF46
 615 0290 03       		.byte	0x3
 616 0291 BC       		.byte	0xbc
 617 0292 9A000000 		.4byte	0x9a
 618 0296 04       		.byte	0x4
 619 0297 07       		.byte	0x7
 620 0298 19       		.byte	0x19
 621 0299 00       		.byte	0
 622 029a 0A       		.uleb128 0xa
 623 029b 4B020000 		.4byte	.LASF47
 624 029f 03       		.byte	0x3
 625 02a0 BD       		.byte	0xbd
 626 02a1 9A000000 		.4byte	0x9a
 627 02a5 04       		.byte	0x4
 628 02a6 08       		.byte	0x8
 629 02a7 11       		.byte	0x11
 630 02a8 00       		.byte	0
 631 02a9 0A       		.uleb128 0xa
 632 02aa BE000000 		.4byte	.LASF48
 633 02ae 03       		.byte	0x3
 634 02af BE       		.byte	0xbe
 635 02b0 9A000000 		.4byte	0x9a
 636 02b4 04       		.byte	0x4
 637 02b5 08       		.byte	0x8
 638 02b6 09       		.byte	0x9
 639 02b7 00       		.byte	0
 640 02b8 0A       		.uleb128 0xa
 641 02b9 82010000 		.4byte	.LASF38
 642 02bd 03       		.byte	0x3
ARM GAS  C:\Users\prana\AppData\Local\Temp\cc1ePSpM.s 			page 26


 643 02be BF       		.byte	0xbf
 644 02bf 9A000000 		.4byte	0x9a
 645 02c3 04       		.byte	0x4
 646 02c4 02       		.byte	0x2
 647 02c5 07       		.byte	0x7
 648 02c6 00       		.byte	0
 649 02c7 00       		.byte	0
 650 02c8 0B       		.uleb128 0xb
 651 02c9 04       		.byte	0x4
 652 02ca 03       		.byte	0x3
 653 02cb A2       		.byte	0xa2
 654 02cc 08030000 		.4byte	0x308
 655 02d0 0C       		.uleb128 0xc
 656 02d1 76616C00 		.ascii	"val\000"
 657 02d5 03       		.byte	0x3
 658 02d6 A4       		.byte	0xa4
 659 02d7 9A000000 		.4byte	0x9a
 660 02db 0D       		.uleb128 0xd
 661 02dc 5C030000 		.4byte	.LASF49
 662 02e0 03       		.byte	0x3
 663 02e1 AA       		.byte	0xaa
 664 02e2 B3010000 		.4byte	0x1b3
 665 02e6 0D       		.uleb128 0xd
 666 02e7 35040000 		.4byte	.LASF50
 667 02eb 03       		.byte	0x3
 668 02ec B2       		.byte	0xb2
 669 02ed ED010000 		.4byte	0x1ed
 670 02f1 0D       		.uleb128 0xd
 671 02f2 FE000000 		.4byte	.LASF51
 672 02f6 03       		.byte	0x3
 673 02f7 B9       		.byte	0xb9
 674 02f8 36020000 		.4byte	0x236
 675 02fc 0D       		.uleb128 0xd
 676 02fd 6C010000 		.4byte	.LASF52
 677 0301 03       		.byte	0x3
 678 0302 C1       		.byte	0xc1
 679 0303 7F020000 		.4byte	0x27f
 680 0307 00       		.byte	0
 681 0308 03       		.uleb128 0x3
 682 0309 F4030000 		.4byte	.LASF53
 683 030d 03       		.byte	0x3
 684 030e C3       		.byte	0xc3
 685 030f C8020000 		.4byte	0x2c8
 686 0313 05       		.uleb128 0x5
 687 0314 20       		.byte	0x20
 688 0315 03       		.byte	0x3
 689 0316 C5       		.byte	0xc5
 690 0317 34030000 		.4byte	0x334
 691 031b 06       		.uleb128 0x6
 692 031c 62010000 		.4byte	.LASF54
 693 0320 03       		.byte	0x3
 694 0321 C7       		.byte	0xc7
 695 0322 84000000 		.4byte	0x84
 696 0326 00       		.byte	0
 697 0327 0E       		.uleb128 0xe
 698 0328 50444F00 		.ascii	"PDO\000"
 699 032c 03       		.byte	0x3
ARM GAS  C:\Users\prana\AppData\Local\Temp\cc1ePSpM.s 			page 27


 700 032d C8       		.byte	0xc8
 701 032e 34030000 		.4byte	0x334
 702 0332 04       		.byte	0x4
 703 0333 00       		.byte	0
 704 0334 07       		.uleb128 0x7
 705 0335 08030000 		.4byte	0x308
 706 0339 44030000 		.4byte	0x344
 707 033d 08       		.uleb128 0x8
 708 033e C1000000 		.4byte	0xc1
 709 0342 06       		.byte	0x6
 710 0343 00       		.byte	0
 711 0344 03       		.uleb128 0x3
 712 0345 B8030000 		.4byte	.LASF55
 713 0349 03       		.byte	0x3
 714 034a CA       		.byte	0xca
 715 034b 13030000 		.4byte	0x313
 716 034f 05       		.uleb128 0x5
 717 0350 06       		.byte	0x6
 718 0351 03       		.byte	0x3
 719 0352 D2       		.byte	0xd2
 720 0353 94030000 		.4byte	0x394
 721 0357 06       		.uleb128 0x6
 722 0358 1B040000 		.4byte	.LASF56
 723 035c 03       		.byte	0x3
 724 035d D4       		.byte	0xd4
 725 035e 8F000000 		.4byte	0x8f
 726 0362 00       		.byte	0
 727 0363 06       		.uleb128 0x6
 728 0364 54020000 		.4byte	.LASF57
 729 0368 03       		.byte	0x3
 730 0369 D5       		.byte	0xd5
 731 036a A1010000 		.4byte	0x1a1
 732 036e 02       		.byte	0x2
 733 036f 06       		.uleb128 0x6
 734 0370 17000000 		.4byte	.LASF58
 735 0374 03       		.byte	0x3
 736 0375 D6       		.byte	0xd6
 737 0376 A1010000 		.4byte	0x1a1
 738 037a 03       		.byte	0x3
 739 037b 06       		.uleb128 0x6
 740 037c 8E000000 		.4byte	.LASF32
 741 0380 03       		.byte	0x3
 742 0381 D7       		.byte	0xd7
 743 0382 84000000 		.4byte	0x84
 744 0386 04       		.byte	0x4
 745 0387 06       		.uleb128 0x6
 746 0388 37020000 		.4byte	.LASF59
 747 038c 03       		.byte	0x3
 748 038d D8       		.byte	0xd8
 749 038e A1010000 		.4byte	0x1a1
 750 0392 05       		.byte	0x5
 751 0393 00       		.byte	0
 752 0394 03       		.uleb128 0x3
 753 0395 32030000 		.4byte	.LASF60
 754 0399 03       		.byte	0x3
 755 039a D9       		.byte	0xd9
 756 039b 4F030000 		.4byte	0x34f
ARM GAS  C:\Users\prana\AppData\Local\Temp\cc1ePSpM.s 			page 28


 757 039f 05       		.uleb128 0x5
 758 03a0 68       		.byte	0x68
 759 03a1 03       		.byte	0x3
 760 03a2 DB       		.byte	0xdb
 761 03a3 E4030000 		.4byte	0x3e4
 762 03a7 06       		.uleb128 0x6
 763 03a8 3D040000 		.4byte	.LASF61
 764 03ac 03       		.byte	0x3
 765 03ad DD       		.byte	0xdd
 766 03ae A8010000 		.4byte	0x1a8
 767 03b2 00       		.byte	0
 768 03b3 06       		.uleb128 0x6
 769 03b4 44030000 		.4byte	.LASF62
 770 03b8 03       		.byte	0x3
 771 03b9 E2       		.byte	0xe2
 772 03ba 44030000 		.4byte	0x344
 773 03be 14       		.byte	0x14
 774 03bf 06       		.uleb128 0x6
 775 03c0 B0000000 		.4byte	.LASF63
 776 03c4 03       		.byte	0x3
 777 03c5 E3       		.byte	0xe3
 778 03c6 44030000 		.4byte	0x344
 779 03ca 34       		.byte	0x34
 780 03cb 06       		.uleb128 0x6
 781 03cc 4E010000 		.4byte	.LASF64
 782 03d0 03       		.byte	0x3
 783 03d1 E4       		.byte	0xe4
 784 03d2 94030000 		.4byte	0x394
 785 03d6 54       		.byte	0x54
 786 03d7 06       		.uleb128 0x6
 787 03d8 8E000000 		.4byte	.LASF32
 788 03dc 03       		.byte	0x3
 789 03dd E5       		.byte	0xe5
 790 03de 09010000 		.4byte	0x109
 791 03e2 5A       		.byte	0x5a
 792 03e3 00       		.byte	0
 793 03e4 03       		.uleb128 0x3
 794 03e5 66030000 		.4byte	.LASF65
 795 03e9 03       		.byte	0x3
 796 03ea E7       		.byte	0xe7
 797 03eb 9F030000 		.4byte	0x39f
 798 03ef 0F       		.uleb128 0xf
 799 03f0 4A000000 		.4byte	.LASF66
 800 03f4 03       		.byte	0x3
 801 03f5 E9       		.byte	0xe9
 802 03f6 E4030000 		.4byte	0x3e4
 803 03fa 05       		.uleb128 0x5
 804 03fb 03       		.byte	0x3
 805 03fc 00000000 		.4byte	gStruct_t
 806 0400 0F       		.uleb128 0xf
 807 0401 3D000000 		.4byte	.LASF67
 808 0405 03       		.byte	0x3
 809 0406 EC       		.byte	0xec
 810 0407 11040000 		.4byte	0x411
 811 040b 05       		.uleb128 0x5
 812 040c 03       		.byte	0x3
 813 040d 00000000 		.4byte	g_Struct_Ptr
ARM GAS  C:\Users\prana\AppData\Local\Temp\cc1ePSpM.s 			page 29


 814 0411 10       		.uleb128 0x10
 815 0412 04       		.byte	0x4
 816 0413 E4030000 		.4byte	0x3e4
 817 0417 00       		.byte	0
 818              		.section	.debug_abbrev,"",%progbits
 819              	.Ldebug_abbrev0:
 820 0000 01       		.uleb128 0x1
 821 0001 11       		.uleb128 0x11
 822 0002 01       		.byte	0x1
 823 0003 25       		.uleb128 0x25
 824 0004 0E       		.uleb128 0xe
 825 0005 13       		.uleb128 0x13
 826 0006 0B       		.uleb128 0xb
 827 0007 03       		.uleb128 0x3
 828 0008 0E       		.uleb128 0xe
 829 0009 1B       		.uleb128 0x1b
 830 000a 0E       		.uleb128 0xe
 831 000b 10       		.uleb128 0x10
 832 000c 17       		.uleb128 0x17
 833 000d 00       		.byte	0
 834 000e 00       		.byte	0
 835 000f 02       		.uleb128 0x2
 836 0010 24       		.uleb128 0x24
 837 0011 00       		.byte	0
 838 0012 0B       		.uleb128 0xb
 839 0013 0B       		.uleb128 0xb
 840 0014 3E       		.uleb128 0x3e
 841 0015 0B       		.uleb128 0xb
 842 0016 03       		.uleb128 0x3
 843 0017 0E       		.uleb128 0xe
 844 0018 00       		.byte	0
 845 0019 00       		.byte	0
 846 001a 03       		.uleb128 0x3
 847 001b 16       		.uleb128 0x16
 848 001c 00       		.byte	0
 849 001d 03       		.uleb128 0x3
 850 001e 0E       		.uleb128 0xe
 851 001f 3A       		.uleb128 0x3a
 852 0020 0B       		.uleb128 0xb
 853 0021 3B       		.uleb128 0x3b
 854 0022 0B       		.uleb128 0xb
 855 0023 49       		.uleb128 0x49
 856 0024 13       		.uleb128 0x13
 857 0025 00       		.byte	0
 858 0026 00       		.byte	0
 859 0027 04       		.uleb128 0x4
 860 0028 24       		.uleb128 0x24
 861 0029 00       		.byte	0
 862 002a 0B       		.uleb128 0xb
 863 002b 0B       		.uleb128 0xb
 864 002c 3E       		.uleb128 0x3e
 865 002d 0B       		.uleb128 0xb
 866 002e 03       		.uleb128 0x3
 867 002f 08       		.uleb128 0x8
 868 0030 00       		.byte	0
 869 0031 00       		.byte	0
 870 0032 05       		.uleb128 0x5
ARM GAS  C:\Users\prana\AppData\Local\Temp\cc1ePSpM.s 			page 30


 871 0033 13       		.uleb128 0x13
 872 0034 01       		.byte	0x1
 873 0035 0B       		.uleb128 0xb
 874 0036 0B       		.uleb128 0xb
 875 0037 3A       		.uleb128 0x3a
 876 0038 0B       		.uleb128 0xb
 877 0039 3B       		.uleb128 0x3b
 878 003a 0B       		.uleb128 0xb
 879 003b 01       		.uleb128 0x1
 880 003c 13       		.uleb128 0x13
 881 003d 00       		.byte	0
 882 003e 00       		.byte	0
 883 003f 06       		.uleb128 0x6
 884 0040 0D       		.uleb128 0xd
 885 0041 00       		.byte	0
 886 0042 03       		.uleb128 0x3
 887 0043 0E       		.uleb128 0xe
 888 0044 3A       		.uleb128 0x3a
 889 0045 0B       		.uleb128 0xb
 890 0046 3B       		.uleb128 0x3b
 891 0047 0B       		.uleb128 0xb
 892 0048 49       		.uleb128 0x49
 893 0049 13       		.uleb128 0x13
 894 004a 38       		.uleb128 0x38
 895 004b 0B       		.uleb128 0xb
 896 004c 00       		.byte	0
 897 004d 00       		.byte	0
 898 004e 07       		.uleb128 0x7
 899 004f 01       		.uleb128 0x1
 900 0050 01       		.byte	0x1
 901 0051 49       		.uleb128 0x49
 902 0052 13       		.uleb128 0x13
 903 0053 01       		.uleb128 0x1
 904 0054 13       		.uleb128 0x13
 905 0055 00       		.byte	0
 906 0056 00       		.byte	0
 907 0057 08       		.uleb128 0x8
 908 0058 21       		.uleb128 0x21
 909 0059 00       		.byte	0
 910 005a 49       		.uleb128 0x49
 911 005b 13       		.uleb128 0x13
 912 005c 2F       		.uleb128 0x2f
 913 005d 0B       		.uleb128 0xb
 914 005e 00       		.byte	0
 915 005f 00       		.byte	0
 916 0060 09       		.uleb128 0x9
 917 0061 13       		.uleb128 0x13
 918 0062 01       		.byte	0x1
 919 0063 03       		.uleb128 0x3
 920 0064 0E       		.uleb128 0xe
 921 0065 0B       		.uleb128 0xb
 922 0066 0B       		.uleb128 0xb
 923 0067 3A       		.uleb128 0x3a
 924 0068 0B       		.uleb128 0xb
 925 0069 3B       		.uleb128 0x3b
 926 006a 0B       		.uleb128 0xb
 927 006b 01       		.uleb128 0x1
ARM GAS  C:\Users\prana\AppData\Local\Temp\cc1ePSpM.s 			page 31


 928 006c 13       		.uleb128 0x13
 929 006d 00       		.byte	0
 930 006e 00       		.byte	0
 931 006f 0A       		.uleb128 0xa
 932 0070 0D       		.uleb128 0xd
 933 0071 00       		.byte	0
 934 0072 03       		.uleb128 0x3
 935 0073 0E       		.uleb128 0xe
 936 0074 3A       		.uleb128 0x3a
 937 0075 0B       		.uleb128 0xb
 938 0076 3B       		.uleb128 0x3b
 939 0077 0B       		.uleb128 0xb
 940 0078 49       		.uleb128 0x49
 941 0079 13       		.uleb128 0x13
 942 007a 0B       		.uleb128 0xb
 943 007b 0B       		.uleb128 0xb
 944 007c 0D       		.uleb128 0xd
 945 007d 0B       		.uleb128 0xb
 946 007e 0C       		.uleb128 0xc
 947 007f 0B       		.uleb128 0xb
 948 0080 38       		.uleb128 0x38
 949 0081 0B       		.uleb128 0xb
 950 0082 00       		.byte	0
 951 0083 00       		.byte	0
 952 0084 0B       		.uleb128 0xb
 953 0085 17       		.uleb128 0x17
 954 0086 01       		.byte	0x1
 955 0087 0B       		.uleb128 0xb
 956 0088 0B       		.uleb128 0xb
 957 0089 3A       		.uleb128 0x3a
 958 008a 0B       		.uleb128 0xb
 959 008b 3B       		.uleb128 0x3b
 960 008c 0B       		.uleb128 0xb
 961 008d 01       		.uleb128 0x1
 962 008e 13       		.uleb128 0x13
 963 008f 00       		.byte	0
 964 0090 00       		.byte	0
 965 0091 0C       		.uleb128 0xc
 966 0092 0D       		.uleb128 0xd
 967 0093 00       		.byte	0
 968 0094 03       		.uleb128 0x3
 969 0095 08       		.uleb128 0x8
 970 0096 3A       		.uleb128 0x3a
 971 0097 0B       		.uleb128 0xb
 972 0098 3B       		.uleb128 0x3b
 973 0099 0B       		.uleb128 0xb
 974 009a 49       		.uleb128 0x49
 975 009b 13       		.uleb128 0x13
 976 009c 00       		.byte	0
 977 009d 00       		.byte	0
 978 009e 0D       		.uleb128 0xd
 979 009f 0D       		.uleb128 0xd
 980 00a0 00       		.byte	0
 981 00a1 03       		.uleb128 0x3
 982 00a2 0E       		.uleb128 0xe
 983 00a3 3A       		.uleb128 0x3a
 984 00a4 0B       		.uleb128 0xb
ARM GAS  C:\Users\prana\AppData\Local\Temp\cc1ePSpM.s 			page 32


 985 00a5 3B       		.uleb128 0x3b
 986 00a6 0B       		.uleb128 0xb
 987 00a7 49       		.uleb128 0x49
 988 00a8 13       		.uleb128 0x13
 989 00a9 00       		.byte	0
 990 00aa 00       		.byte	0
 991 00ab 0E       		.uleb128 0xe
 992 00ac 0D       		.uleb128 0xd
 993 00ad 00       		.byte	0
 994 00ae 03       		.uleb128 0x3
 995 00af 08       		.uleb128 0x8
 996 00b0 3A       		.uleb128 0x3a
 997 00b1 0B       		.uleb128 0xb
 998 00b2 3B       		.uleb128 0x3b
 999 00b3 0B       		.uleb128 0xb
 1000 00b4 49       		.uleb128 0x49
 1001 00b5 13       		.uleb128 0x13
 1002 00b6 38       		.uleb128 0x38
 1003 00b7 0B       		.uleb128 0xb
 1004 00b8 00       		.byte	0
 1005 00b9 00       		.byte	0
 1006 00ba 0F       		.uleb128 0xf
 1007 00bb 34       		.uleb128 0x34
 1008 00bc 00       		.byte	0
 1009 00bd 03       		.uleb128 0x3
 1010 00be 0E       		.uleb128 0xe
 1011 00bf 3A       		.uleb128 0x3a
 1012 00c0 0B       		.uleb128 0xb
 1013 00c1 3B       		.uleb128 0x3b
 1014 00c2 0B       		.uleb128 0xb
 1015 00c3 49       		.uleb128 0x49
 1016 00c4 13       		.uleb128 0x13
 1017 00c5 3F       		.uleb128 0x3f
 1018 00c6 19       		.uleb128 0x19
 1019 00c7 02       		.uleb128 0x2
 1020 00c8 18       		.uleb128 0x18
 1021 00c9 00       		.byte	0
 1022 00ca 00       		.byte	0
 1023 00cb 10       		.uleb128 0x10
 1024 00cc 0F       		.uleb128 0xf
 1025 00cd 00       		.byte	0
 1026 00ce 0B       		.uleb128 0xb
 1027 00cf 0B       		.uleb128 0xb
 1028 00d0 49       		.uleb128 0x49
 1029 00d1 13       		.uleb128 0x13
 1030 00d2 00       		.byte	0
 1031 00d3 00       		.byte	0
 1032 00d4 00       		.byte	0
 1033              		.section	.debug_aranges,"",%progbits
 1034 0000 14000000 		.4byte	0x14
 1035 0004 0200     		.2byte	0x2
 1036 0006 00000000 		.4byte	.Ldebug_info0
 1037 000a 04       		.byte	0x4
 1038 000b 00       		.byte	0
 1039 000c 0000     		.2byte	0
 1040 000e 0000     		.2byte	0
 1041 0010 00000000 		.4byte	0
ARM GAS  C:\Users\prana\AppData\Local\Temp\cc1ePSpM.s 			page 33


 1042 0014 00000000 		.4byte	0
 1043              		.section	.debug_line,"",%progbits
 1044              	.Ldebug_line0:
 1045 0000 28010000 		.section	.debug_str,"MS",%progbits,1
 1045      02002201 
 1045      00000201 
 1045      FB0E0D00 
 1045      01010101 
 1046              	.LASF18:
 1047 0000 6C6F6E67 		.ascii	"long double\000"
 1047      20646F75 
 1047      626C6500 
 1048              	.LASF25:
 1049 000c 6750444F 		.ascii	"gPDO_Index\000"
 1049      5F496E64 
 1049      657800
 1050              	.LASF58:
 1051 0017 69734765 		.ascii	"isGetStatusInited\000"
 1051      74537461 
 1051      74757349 
 1051      6E697465 
 1051      6400
 1052              	.LASF26:
 1053 0029 6750444F 		.ascii	"gPDO_Type\000"
 1053      5F547970 
 1053      6500
 1054              	.LASF24:
 1055 0033 674D6178 		.ascii	"gMax_Op_I\000"
 1055      5F4F705F 
 1055      4900
 1056              	.LASF67:
 1057 003d 675F5374 		.ascii	"g_Struct_Ptr\000"
 1057      72756374 
 1057      5F507472 
 1057      00
 1058              	.LASF66:
 1059 004a 67537472 		.ascii	"gStruct_t\000"
 1059      7563745F 
 1059      7400
 1060              	.LASF2:
 1061 0054 73686F72 		.ascii	"short int\000"
 1061      7420696E 
 1061      7400
 1062              	.LASF20:
 1063 005e 47657442 		.ascii	"GetBattStatusBuf\000"
 1063      61747453 
 1063      74617475 
 1063      73427566 
 1063      00
 1064              	.LASF39:
 1065 006f 46495845 		.ascii	"FIXEDSRC\000"
 1065      44535243 
 1065      00
 1066              	.LASF7:
 1067 0078 5F5F7569 		.ascii	"__uint32_t\000"
 1067      6E743332 
 1067      5F7400
ARM GAS  C:\Users\prana\AppData\Local\Temp\cc1ePSpM.s 			page 34


 1068              	.LASF4:
 1069 0083 5F5F7569 		.ascii	"__uint16_t\000"
 1069      6E743136 
 1069      5F7400
 1070              	.LASF32:
 1071 008e 67437573 		.ascii	"gCustomConfig\000"
 1071      746F6D43 
 1071      6F6E6669 
 1071      6700
 1072              	.LASF33:
 1073 009c 67445554 		.ascii	"gDUTSpecRev\000"
 1073      53706563 
 1073      52657600 
 1074              	.LASF12:
 1075 00a8 75696E74 		.ascii	"uint8_t\000"
 1075      385F7400 
 1076              	.LASF63:
 1077 00b0 67507265 		.ascii	"gPrev_SRCCaps\000"
 1077      765F5352 
 1077      43436170 
 1077      7300
 1078              	.LASF48:
 1079 00be 6D61785F 		.ascii	"max_volt\000"
 1079      766F6C74 
 1079      00
 1080              	.LASF15:
 1081 00c7 666C6F61 		.ascii	"float\000"
 1081      7400
 1082              	.LASF30:
 1083 00cd 69734455 		.ascii	"isDUT_FallBack\000"
 1083      545F4661 
 1083      6C6C4261 
 1083      636B00
 1084              	.LASF9:
 1085 00dc 6C6F6E67 		.ascii	"long long int\000"
 1085      206C6F6E 
 1085      6720696E 
 1085      7400
 1086              	.LASF29:
 1087 00ea 43617061 		.ascii	"Capability_Mismatch\000"
 1087      62696C69 
 1087      74795F4D 
 1087      69736D61 
 1087      74636800 
 1088              	.LASF51:
 1089 00fe 6261745F 		.ascii	"bat_src\000"
 1089      73726300 
 1090              	.LASF23:
 1091 0106 674F7065 		.ascii	"gOperating_I\000"
 1091      72617469 
 1091      6E675F49 
 1091      00
 1092              	.LASF6:
 1093 0113 6C6F6E67 		.ascii	"long int\000"
 1093      20696E74 
 1093      00
 1094              	.LASF37:
ARM GAS  C:\Users\prana\AppData\Local\Temp\cc1ePSpM.s 			page 35


 1095 011c 766F6C74 		.ascii	"voltage\000"
 1095      61676500 
 1096              	.LASF28:
 1097 0124 67446574 		.ascii	"gDetachFlag\000"
 1097      61636846 
 1097      6C616700 
 1098              	.LASF42:
 1099 0130 6D61785F 		.ascii	"max_voltage\000"
 1099      766F6C74 
 1099      61676500 
 1100              	.LASF3:
 1101 013c 5F5F7569 		.ascii	"__uint8_t\000"
 1101      6E74385F 
 1101      7400
 1102              	.LASF46:
 1103 0146 6D61785F 		.ascii	"max_cur\000"
 1103      63757200 
 1104              	.LASF64:
 1105 014e 674C6F67 		.ascii	"gLogData\000"
 1105      44617461 
 1105      00
 1106              	.LASF31:
 1107 0157 6750444F 		.ascii	"gPDOsCount\000"
 1107      73436F75 
 1107      6E7400
 1108              	.LASF54:
 1109 0162 674E6F4F 		.ascii	"gNoOfPDOs\000"
 1109      6650444F 
 1109      7300
 1110              	.LASF52:
 1111 016c 7070735F 		.ascii	"pps_src\000"
 1111      73726300 
 1112              	.LASF1:
 1113 0174 756E7369 		.ascii	"unsigned char\000"
 1113      676E6564 
 1113      20636861 
 1113      7200
 1114              	.LASF38:
 1115 0182 73757070 		.ascii	"supply_type\000"
 1115      6C795F74 
 1115      79706500 
 1116              	.LASF21:
 1117 018e 47657453 		.ascii	"GetStatusBuf\000"
 1117      74617475 
 1117      73427566 
 1117      00
 1118              	.LASF44:
 1119 019b 6D61785F 		.ascii	"max_power\000"
 1119      706F7765 
 1119      7200
 1120              	.LASF0:
 1121 01a5 7369676E 		.ascii	"signed char\000"
 1121      65642063 
 1121      68617200 
 1122              	.LASF10:
 1123 01b1 6C6F6E67 		.ascii	"long long unsigned int\000"
 1123      206C6F6E 
ARM GAS  C:\Users\prana\AppData\Local\Temp\cc1ePSpM.s 			page 36


 1123      6720756E 
 1123      7369676E 
 1123      65642069 
 1124              	.LASF14:
 1125 01c8 75696E74 		.ascii	"uint32_t\000"
 1125      33325F74 
 1125      00
 1126              	.LASF11:
 1127 01d1 756E7369 		.ascii	"unsigned int\000"
 1127      676E6564 
 1127      20696E74 
 1127      00
 1128              	.LASF13:
 1129 01de 75696E74 		.ascii	"uint16_t\000"
 1129      31365F74 
 1129      00
 1130              	.LASF8:
 1131 01e7 6C6F6E67 		.ascii	"long unsigned int\000"
 1131      20756E73 
 1131      69676E65 
 1131      6420696E 
 1131      7400
 1132              	.LASF27:
 1133 01f9 67526571 		.ascii	"gRequestEnableFlag\000"
 1133      75657374 
 1133      456E6162 
 1133      6C65466C 
 1133      616700
 1134              	.LASF36:
 1135 020c 6D61785F 		.ascii	"max_current\000"
 1135      63757272 
 1135      656E7400 
 1136              	.LASF5:
 1137 0218 73686F72 		.ascii	"short unsigned int\000"
 1137      7420756E 
 1137      7369676E 
 1137      65642069 
 1137      6E7400
 1138              	.LASF17:
 1139 022b 63686172 		.ascii	"char\000"
 1139      00
 1140              	.LASF43:
 1141 0230 42415453 		.ascii	"BATSRC\000"
 1141      524300
 1142              	.LASF59:
 1143 0237 69734F43 		.ascii	"isOCPOccurred\000"
 1143      504F6363 
 1143      75727265 
 1143      6400
 1144              	.LASF34:
 1145 0245 5F426F6F 		.ascii	"_Bool\000"
 1145      6C00
 1146              	.LASF47:
 1147 024b 6D696E5F 		.ascii	"min_volt\000"
 1147      766F6C74 
 1147      00
 1148              	.LASF57:
ARM GAS  C:\Users\prana\AppData\Local\Temp\cc1ePSpM.s 			page 37


 1149 0254 69734765 		.ascii	"isGetBattStatusInited\000"
 1149      74426174 
 1149      74537461 
 1149      74757349 
 1149      6E697465 
 1150              	.LASF68:
 1151 026a 474E5520 		.ascii	"GNU C11 5.4.1 20160609 (release) [ARM/embedded-5-br"
 1151      43313120 
 1151      352E342E 
 1151      31203230 
 1151      31363036 
 1152 029d 616E6368 		.ascii	"anch revision 237715] -mcpu=cortex-m0 -mthumb -g -O"
 1152      20726576 
 1152      6973696F 
 1152      6E203233 
 1152      37373135 
 1153 02d0 73202D66 		.ascii	"s -ffunction-sections -ffat-lto-objects -finline-fu"
 1153      66756E63 
 1153      74696F6E 
 1153      2D736563 
 1153      74696F6E 
 1154 0303 6E637469 		.ascii	"nctions -flto -fno-strict-aliasing\000"
 1154      6F6E7320 
 1154      2D666C74 
 1154      6F202D66 
 1154      6E6F2D73 
 1155              	.LASF41:
 1156 0326 6D696E5F 		.ascii	"min_voltage\000"
 1156      766F6C74 
 1156      61676500 
 1157              	.LASF60:
 1158 0332 67726C4C 		.ascii	"grlLogStructVar_t\000"
 1158      6F675374 
 1158      72756374 
 1158      5661725F 
 1158      7400
 1159              	.LASF62:
 1160 0344 67507265 		.ascii	"gPresent_SRCCaps\000"
 1160      73656E74 
 1160      5F535243 
 1160      43617073 
 1160      00
 1161              	.LASF16:
 1162 0355 646F7562 		.ascii	"double\000"
 1162      6C6500
 1163              	.LASF49:
 1164 035c 66697865 		.ascii	"fixed_src\000"
 1164      645F7372 
 1164      6300
 1165              	.LASF65:
 1166 0366 67726C5F 		.ascii	"grl_Struct_t\000"
 1166      53747275 
 1166      63745F74 
 1166      00
 1167              	.LASF70:
 1168 0373 443A5C56 		.ascii	"D:\\V-TE-PWR\\PDSS_SRC_SNK\\CYPD3171-24LQXQ_pb\\CYP"
 1168      2D54452D 
ARM GAS  C:\Users\prana\AppData\Local\Temp\cc1ePSpM.s 			page 38


 1168      5057525C 
 1168      50445353 
 1168      5F535243 
 1169 03a2 44333137 		.ascii	"D3171-24LQXQ_pb.cydsn\000"
 1169      312D3234 
 1169      4C515851 
 1169      5F70622E 
 1169      63796473 
 1170              	.LASF55:
 1171 03b8 67726C53 		.ascii	"grlSrcCapsStructVar_t\000"
 1171      72634361 
 1171      70735374 
 1171      72756374 
 1171      5661725F 
 1172              	.LASF19:
 1173 03ce 73697A65 		.ascii	"sizetype\000"
 1173      74797065 
 1173      00
 1174              	.LASF35:
 1175 03d7 67726C52 		.ascii	"grlRequestPacketVar_t\000"
 1175      65717565 
 1175      73745061 
 1175      636B6574 
 1175      5661725F 
 1176              	.LASF45:
 1177 03ed 50505353 		.ascii	"PPSSRC\000"
 1177      524300
 1178              	.LASF53:
 1179 03f4 67726C53 		.ascii	"grlSrcPDPkt\000"
 1179      72635044 
 1179      506B7400 
 1180              	.LASF40:
 1181 0400 56415253 		.ascii	"VARSRC\000"
 1181      524300
 1182              	.LASF22:
 1183 0407 675F4375 		.ascii	"g_Custom_config_Buf\000"
 1183      73746F6D 
 1183      5F636F6E 
 1183      6669675F 
 1183      42756600 
 1184              	.LASF56:
 1185 041b 6746726F 		.ascii	"gFromBufIndex\000"
 1185      6D427566 
 1185      496E6465 
 1185      7800
 1186              	.LASF69:
 1187 0429 67726C73 		.ascii	"grlstruct.c\000"
 1187      74727563 
 1187      742E6300 
 1188              	.LASF50:
 1189 0435 7661725F 		.ascii	"var_src\000"
 1189      73726300 
 1190              	.LASF61:
 1191 043d 52657175 		.ascii	"RequestPacketConfig\000"
 1191      65737450 
 1191      61636B65 
 1191      74436F6E 
ARM GAS  C:\Users\prana\AppData\Local\Temp\cc1ePSpM.s 			page 39


 1191      66696700 
 1192              		.comm	__gnu_lto_v1,1,1
 1193              		.ident	"GCC: (GNU Tools for ARM Embedded Processors) 5.4.1 20160609 (release) [ARM/embedded-5-bran
