ARM GAS  C:\Users\prana\AppData\Local\Temp\cchMZDwU.s 			page 1


   1              		.syntax unified
   2              		.cpu cortex-m0
   3              		.fpu softvfp
   4              		.eabi_attribute 20, 1
   5              		.eabi_attribute 21, 1
   6              		.eabi_attribute 23, 3
   7              		.eabi_attribute 24, 1
   8              		.eabi_attribute 25, 1
   9              		.eabi_attribute 26, 1
  10              		.eabi_attribute 30, 4
  11              		.eabi_attribute 34, 0
  12              		.eabi_attribute 18, 4
  13              		.thumb
  14              		.syntax unified
  15              		.file	"MasterInput.c"
  16              		.text
  17              	.Ltext0:
  18              		.section	.gnu.lto_.profile.b369ebbd,"",%progbits
  19 0000 789C6361 		.ascii	"x\234ca`d`a`\000\222\352\212\000\000\331\000S"
  19      60646061 
  19      600092EA 
  19      8A0000D9 
  19      0053
  20              		.text
  21              		.section	.gnu.lto_.icf.b369ebbd,"",%progbits
  22 0000 789C6361 		.ascii	"x\234ca`d\000\0015\006\004`cX\362}\302S^\306\275\375"
  22      60640001 
  22      35060460 
  22      6358F27D 
  22      C2535EC6 
  23 0016 C757F333 		.ascii	"\307W\3633\365\337\2730\203\231\371\370\351\346K\234"
  23      F5DFBB30 
  23      8399F9F8 
  23      E9E64B9C 
  24 0026 2C0FEF7D 		.ascii	",\017\357}=\301\302\372\360\336\243\037L\014\000j\243"
  24      3DC1C2FA 
  24      F0DEA31F 
  24      4C0C006A 
  24      A3
  25 0037 130E     		.ascii	"\023\016"
  26              		.text
  27              		.section	.gnu.lto_.jmpfuncs.b369ebbd,"",%progbits
  28 0000 789C45C9 		.ascii	"x\234E\311\261\001\000 \010\300\260\026\320+\374\225"
  28      B1010020 
  28      08C0B016 
  28      D02BFC95 
  29 0010 D795C90C 		.ascii	"\327\225\311\014]Z\3108|\033\265\235\004$Thv\257\367"
  29      5D5AC838 
  29      7C1BB59D 
  29      04245468 
  29      76AFF7
  30 0023 2E215502 		.ascii	".!U\002@"
  30      40
  31              		.text
  32              		.section	.gnu.lto_.inline.b369ebbd,"",%progbits
  33 0000 789C658D 		.ascii	"x\234e\215\311\015\2000\014\004\327\216\343\030\011"
  33      C90D8030 
ARM GAS  C:\Users\prana\AppData\Local\Temp\cchMZDwU.s 			page 2


  33      0C04D78E 
  33      E31809
  34 000f 093A4807 		.ascii	"\011:H\007\224@\245<R\012%P\012%`\203\004B\231\307>"
  34      9440A53C 
  34      520A2550 
  34      0A256083 
  34      044299C7 
  35 0024 767C0808 		.ascii	"v|\010\010\301\206\017\005\254\020\301\\%\333Wh\253"
  35      C1860F05 
  35      AC10C15C 
  35      25DB5768 
  35      AB
  36 0035 0C3E2609 		.ascii	"\014>&\011K\030\254\223\322\352-\031\232\011\254\347"
  36      4B18AC93 
  36      D2EA2D19 
  36      9A09ACE7 
  37 0045 F2F44EEA 		.ascii	"\362\364N\352+\211\023\214\331OP\204\374\237x\2141\226"
  37      2B89138C 
  37      D94F5084 
  37      FC9F788C 
  37      3196
  38 0057 51D4375F 		.ascii	"Q\3247_\031\\\353\300\017\342"
  38      195CEBC0 
  38      0FE2
  39              		.text
  40              		.section	.gnu.lto_.pureconst.b369ebbd,"",%progbits
  41 0000 789C6361 		.ascii	"x\234ca`d\340e```c\220b\224b\222b\226b\221b\225\002"
  41      6064E065 
  41      60606063 
  41      90629462 
  41      92629662 
  42 0018 00059500 		.ascii	"\000\005\225\000\304"
  42      C4
  43              		.text
  44              		.section	.gnu.lto_MasterInput_SetDriveMode.b369ebbd,"",%progbits
  45 0000 789C7D51 		.ascii	"x\234}QMK[A\024\275g\346\345=E\254[\301,\334\210\012"
  45      4D4B5B41 
  45      14BD67E6 
  45      E53D45AC 
  45      5BC12CDC 
  46 0016 2282FD07 		.ascii	"\"\202\375\007.\304\205 f\253\210\350[jJ\214k'y>\024"
  46      2EC48520 
  46      66AB88E8 
  46      5B6A4A8C 
  46      6B27793E 
  47 002b 17228801 		.ascii	"\027\"\210\001\027\342*\304\357\017\002\212\256B\244"
  47      17E22AC4 
  47      EF0F028A 
  47      AE42A4
  48 003a A5AB144A 		.ascii	"\245\253\024J\351R\244\205\007\352&~A)\255\317{_\262"
  48      E952A485 
  48      07EA267E 
  48      4129ADCF 
  48      7B5FB2
  49 004d 7660EEBD 		.ascii	"v`\356\275s8\347pf\306\"\220\254+n=\334\333xC\023\324"
  49      7338E770 
  49      66C62290 
ARM GAS  C:\Users\prana\AppData\Local\Temp\cchMZDwU.s 			page 3


  49      AC2B6E3D 
  49      DCDB7843 
  50 0063 5A8528D3 		.ascii	"Z\205(\323\240\000\031L\003hAa\001/\352\277By)\270P"
  50      A000194C 
  50      03684161 
  50      012FEABF 
  50      427929B8 
  51 0078 DD05C3EB 		.ascii	"\335\005\303\353\306\017F2\306o\3655Q\250\"'B\001\335"
  51      C60F4632 
  51      C66FF535 
  51      51A82227 
  51      4201DD
  52 008b CC7A2AE6 		.ascii	"\314z*\346\327\233t\027\210\347\207J\365\372Cg\336\230"
  52      D79B7417 
  52      88E7874A 
  52      F5FA4367 
  52      DE98
  53 009d AC31C571 		.ascii	"\2541\305q\243}\015\354@\263\002\375q\364\305\211\001"
  53      A37D0DEC 
  53      40B302FD 
  53      71F4C589 
  53      01
  54 00ae C22E3A85 		.ascii	"\302.:\205\374\353\364u\243\331^\024\373\366\232)\366"
  54      FCEBF475 
  54      A3D95E14 
  54      FBF69A29 
  54      F6
  55 00bf 604BCCE3 		.ascii	"`K\314\343\321\222\011C\317\224\212\366\3473\273Q\261"
  55      D1920943 
  55      CF948AF6 
  55      E733BB51 
  55      B1
  56 00d0 4C692916 		.ascii	"Li)\026D\034\223\321\226\342H!\252\362\226\370\017J"
  56      441C93D1 
  56      96E24821 
  56      AAF296F8 
  56      0F4A
  57 00e2 49D701CA 		.ascii	"I\327\001\312\177W~n\332\342\347i\271J\316/\177s\236"
  57      7F577E6E 
  57      DAE2E769 
  57      B94ACE2F 
  57      7F739E
  58 00f5 95AF7594 		.ascii	"\225\257u\224\263\270\372\375\265\251v\\\316\256\031"
  58      B3B8FAFD 
  58      B5A9765C 
  58      CEAE19
  59 0104 8BA1FB7C 		.ascii	"\213\241\373|\345\253\263\215\255\314\"|m\341\000q\354"
  59      E5ABB38D 
  59      ADCC227C 
  59      6DE10071 
  59      EC
  60 0115 23CE990E 		.ascii	"#\316\231\016\261\015\012\340\375\253\333\351\232\343"
  60      B10D0AE0 
  60      FDABDBE9 
  60      9AE3
  61 0123 8FC7DB53 		.ascii	"\217\307\333S%\026\012\341\3570l\301\021\263\003d\037"
  61      25160AE1 
ARM GAS  C:\Users\prana\AppData\Local\Temp\cchMZDwU.s 			page 4


  61      EF306CC1 
  61      11B30364 
  61      1F
  62 0134 9D1A2DE6 		.ascii	"\235\032-\346iKd\325\272L \226\355\237\345/!\262\030"
  62      694B64D5 
  62      BA4C2096 
  62      ED9FE52F 
  62      21B218
  63 0147 1A711C49 		.ascii	"\032q\034I\274?u\212\023\231\333\014\225s\020\350\275"
  63      BC3F758A 
  63      1399DB0C 
  63      957310E8 
  63      BD
  64 0158 58271C8B 		.ascii	"X'\034\213%t\207l\351\374\213\022z\364+U\005y\003~\221"
  64      2574876C 
  64      E9FC8B12 
  64      7AF42B55 
  64      0579037E 
  65 016d 8E4177D6 		.ascii	"\216Aw\326MM\246\335\351\211Dr>5\345\216\215$\222\003"
  65      4D4DA6DD 
  65      E9894472 
  65      3E35E58E 
  65      8D249203 
  66 0181 1FC78627 		.ascii	"\037\307\206'\347\322njh\366\323|\272w\212\254\231\344"
  66      E7D26E6A 
  66      68F6D37C 
  66      BA778AAC 
  66      99E4
  67 0193 B4FB0652 		.ascii	"\264\373\006R\311\241:"
  67      C9A13A
  68              		.text
  69              		.section	.gnu.lto_MasterInput_Write.b369ebbd,"",%progbits
  70 0000 789C5551 		.ascii	"x\234UQ\317KTQ\030\375\316\275\357\227L\322\256M\263"
  70      CF4B5451 
  70      18FDCEBD 
  70      EF974CD2 
  70      AE4DB3
  71 0013 7033981B 		.ascii	"p3\230\033\021\354?h!-\202Hh5\024\203\276U\203\3064"
  71      11EC3F68 
  71      212D8248 
  71      68351483 
  71      BE5583C6 
  72 0028 E3D63B33 		.ascii	"\343\326;3\316\014\030\204-\322U#\0215\366S-(\242\026"
  72      CE0C1884 
  72      2DD25523 
  72      1135F653 
  72      2D28A216 
  73 003c AF47206D 		.ascii	"\257G m\214(\372\001\"a8R\253I\022E\322\361\373\336"
  73      8C28FA01 
  73      22613852 
  73      AB491245 
  73      D2F1FBDE 
  74 0050 DB3497F7 		.ascii	"\3334\227\367\356\275\357\274s\316=\337w-\002\311\270"
  74      EEBDEFBC 
  74      73CE3DDF 
  74      772D02C9 
  74      B8
ARM GAS  C:\Users\prana\AppData\Local\Temp\cchMZDwU.s 			page 5


  75 0061 A2880679 		.ascii	"\242\210\006y=\311/4A\315\254\022\025=\005\310\306x"
  75      3DC92F34 
  75      41CDAC12 
  75      153D05C8 
  75      C678
  76 0073 A0498549 		.ascii	"\240I\205I\354\250\003\205\260\326|\245\372\032\206"
  76      ECA80385 
  76      B0D67CA5 
  76      FA1A86
  77 0082 C78FCDDD 		.ascii	"\307\217\315\335\001\263\020\240\242\211\332*r\"4\320"
  77      01B310A0 
  77      A289DA2A 
  77      722234D0 
  78 0092 C7ACAD37 		.ascii	"\307\254\2557\265\317\320\247@\274\257\206;\255D\357"
  78      B5CFD0A7 
  78      40BCAF86 
  78      3BAD44EF 
  79 00a2 3D634AC6 		.ascii	"=cJ\306\034\244\215\256h`\001\232\025\030Lb I\014\020"
  79      1CA48DAE 
  79      6860019A 
  79      15184C62 
  79      20490C10 
  80 00b6 1EA057C8 		.ascii	"\036\240W\310\277\302\353Y\335\037\351V^\334l#uWt\301"
  80      BFC2EB59 
  80      DD1FE956 
  80      5EDC6C23 
  80      755774C1 
  81 00ca A795EE39 		.ascii	"\247\225\3569\023\024{D\373\360\177\255\014\346n,\037"
  81      13147B44 
  81      FBF07FAD 
  81      0CE66E2C 
  81      1F
  82 00db DEEA76A6 		.ascii	"\336\352v\246$U\017\036!\025\347\301c8\\!\004Y\274\020"
  82      24550F1E 
  82      2115E7C1 
  82      63385C21 
  82      0459BC10 
  83 00ef 9876BB6C 		.ascii	"\230v\273l\202\217\356\333onB\361\251J\363\244-\222"
  83      828FEEDB 
  83      6F6E42F1 
  83      A94AF3A4 
  83      2D92
  84 0101 DF362481 		.ascii	"\3376$\201#\200+\223\027\241]\302\"j\361+\235\370\243"
  84      23802B93 
  84      17A15DC2 
  84      226AF12B 
  84      9DF8A3
  85 0114 94ACBA89 		.ascii	"\224\254\272\211p\177z\265>!\376e-]\231\255\204\037"
  85      707F7AB5 
  85      3E21FE65 
  85      2D5D99AD 
  85      841F
  86 0126 DCBFAAA2 		.ascii	"\334\277\252\242\255(\372\353\275`\316\216?Mi\306X\322"
  86      AD28FAEB 
  86      BD60CE8E 
  86      3F4D69C6 
  86      58D2
ARM GAS  C:\Users\prana\AppData\Local\Temp\cchMZDwU.s 			page 6


  87 0138 91AD97EF 		.ascii	"\221\255\227\357\217\317\343vq\212\373e\343)\222x\002"
  87      8FCFE376 
  87      718AFB65 
  87      E3299278 
  87      02
  88 0149 CE8F45CC 		.ascii	"\316\217E\314\203\232(m\327\326Tl\250\331\223\221\362"
  88      839A286D 
  88      D7D6546C 
  88      A8D99391 
  88      F2
  89 015a BFEA1A62 		.ascii	"\277\352\032b\304b\220=\326\177\336\177\007\261\325"
  89      C462903D 
  89      D67FDE7F 
  89      07B1D5
  90 0169 D8059658 		.ascii	"\330\005\226X\276\201H#Y\231%\242V\365K\375R\254\342"
  90      BE814823 
  90      599925A2 
  90      56F54BFD 
  90      52ACE2
  91 017c C7961BDB 		.ascii	"\307\226\033\333^j\034\023\225\003\215e\026uX\273\314"
  91      5E6A1C13 
  91      95038D65 
  91      167558BB 
  91      CC
  92 018d 63D2F4FE 		.ascii	"c\322\364\376\327\033\236\220\000\017\317b\322\236\023"
  92      D71B9E90 
  92      000FCF62 
  92      D29E13
  93 019c 53BC2880 		.ascii	"S\274(\200\333y\230\027g^\257\247cRW\014\205\263wN\010"
  93      DB799817 
  93      675EAFA7 
  93      6352570C 
  93      85B3774E 
  94 01b1 D05171D1 		.ascii	"\320Qq\321\230Dg\321\317\271h\326\320o\224\202\357C"
  94      984467D1 
  94      CFB968D6 
  94      D06F9482 
  94      EF43
  95 01c3 22886EB2 		.ascii	"\"\210n\262\245 \015\346v\247\206\3741?\227\311\373"
  95      A5200DE6 
  95      76A786FC 
  95      313F97C9 
  95      FB
  96 01d4 A39787C7 		.ascii	"\243\227\207\307\013\271\021?}~x\374\314\351\364\271"
  96      0BB9113F 
  96      7D7E78FC 
  96      CCE9F4B9 
  97 01e4 CCB5BC9F 		.ascii	"\314\265\274\237;;v\265\220\357\037!{\"\223-\370\366"
  97      3B3B76B5 
  97      90EF1F21 
  97      7B22932D 
  97      F8F6
  98 01f6 68EE6226 		.ascii	"h\356b&{\004*\305\327C"
  98      7B042AC5 
  98      D743
  99              		.text
 100              		.section	.gnu.lto_MasterInput_Read.b369ebbd,"",%progbits
ARM GAS  C:\Users\prana\AppData\Local\Temp\cchMZDwU.s 			page 7


 101 0000 789C2D8F 		.ascii	"x\234-\217\277KBQ\024\307\317\367\336\347\017,\377\202"
 101      BF4B4251 
 101      14C7CFF7 
 101      DEE70F2C 
 101      FF82
 102 0012 1C5A225C 		.ascii	"\034Z\"\\\"\250\245\251!(\032\202\310-\204\020{\253"
 102      22A8A5A9 
 102      21281A82 
 102      C82D8410 
 102      7BAB
 103 0024 86E9ECF5 		.ascii	"\206\351\354\365=\237B4\270T\020\204S\251\375\240\242"
 103      3D9F4234 
 103      B8541084 
 103      53A9FDA0 
 103      A2
 104 0035 68683211 		.ascii	"hh2\021\022\202\332\232+\302\241\251\244\010\242\262"
 104      1282DA9A 
 104      2BC2A1A9 
 104      A408A2B2 
 105 0045 737D1DB8 		.ascii	"s}\035\270\347\334{\356\347~\277\347\032\004\3221\311"
 105      E7DC7BEE 
 105      E77EBFE7 
 105      1A04D231 
 105      C9
 106 0056 6598EB00 		.ascii	"e\230\353\000/H\202(\335\022\345\374\002\320\033\345"
 106      2F488228 
 106      DD12E5FC 
 106      02D01BE5 
 107 0066 076505B2 		.ascii	"\007e\005\262\370\020?\0027\237\255\365@\270\242\224"
 107      F8103F02 
 107      379FADF5 
 107      40B8A294 
 108 0076 A51E9CBD 		.ascii	"\245\036\234\275\211\255j\035\216$\352\012\302X\010"
 108      89AD6A1D 
 108      8E24EA0A 
 108      C25808
 109 0085 A3212D51 		.ascii	"\243!-QA\230\030}:\375\335\010z\363\212cP\003|S\205"
 109      4198187D 
 109      3AFDDD08 
 109      7AF38A63 
 109      50037C53 
 110 009a 575B1E2F 		.ascii	"W[\036/\324U\267k\253\372Y\340\352\"\300-G\262/'C'\017"
 110      D455B76B 
 110      ABFA59E0 
 110      EA22C02D 
 110      47B22F27 
 111 00b1 69457AE5 		.ascii	"iEz\345\027\332\377M\010]e\033\215\257\265\373\332\242"
 111      17DAFF4D 
 111      085D651B 
 111      8DAFB5FB 
 111      DAA2
 112 00c3 16B1A564 		.ascii	"\026\261\245d\203M\247q\347{\027\216\024\320~V\251\365"
 112      834DA771 
 112      E77B178E 
 112      14D07E56 
 112      A9F5
 113 00d5 18748F79 		.ascii	"\030t\217y\253\244\014n\025w/\267\373\312\330\311\345"
ARM GAS  C:\Users\prana\AppData\Local\Temp\cchMZDwU.s 			page 8


 113      ABA40C6E 
 113      15772FB7 
 113      FBCAD8C9 
 113      E5
 114 00e6 794A897D 		.ascii	"yJ\211}\204P\003\317\210\003\224Am\330\235i\262%\\\271"
 114      845003CF 
 114      88039441 
 114      6DD89D69 
 114      B2255CB9 
 115 00fa 46E7A4D2 		.ascii	"F\347\244\322\257\337\033\2208d\214\357\277\013M\237"
 115      AFDF1B90 
 115      38648CEF 
 115      BF0B4D9F 
 116 010a 6B6830C7 		.ascii	"kh0\307\320y\363\272\340\327\0208\216z\220\325)>\303"
 116      D079F3BA 
 116      E0D71038 
 116      8E7A90D5 
 116      293EC3
 117 011d 853CCCD1 		.ascii	"\205<\314\321\013\304\377\211z\337\200\036\237?34c&"
 117      0BC4FF89 
 117      7ADF801E 
 117      9F3F3334 
 117      6326
 118 012f CC542C6D 		.ascii	"\314T,m./E\222\231T\334\214\316G\222S\343\321\271\330"
 118      2E2F4592 
 118      9954DC8C 
 118      CE479253 
 118      E3D1B9D8 
 119 0143 6ADA4CCD 		.ascii	"j\332L\315&V2\351\2218\375\001\3641u\301"
 119      265632E9 
 119      9138FD01 
 119      F43175C1 
 120              		.text
 121              		.section	.gnu.lto_MasterInput_ReadDataReg.b369ebbd,"",%progbits
 122 0000 789C2D8F 		.ascii	"x\234-\217=K\003A\020\206\347\335\275|`\024\177\200"
 122      3D4B0341 
 122      1086E7DD 
 122      BD7C6014 
 122      7F80
 123 0012 296C44D2 		.ascii	")lD\322\210\240\215\225\205\240X\010b:\011H\210\327"
 123      88A08D95 
 123      85A05808 
 123      623A0948 
 123      88D7
 124 0024 2612933A 		.ascii	"&\022\223:\233\\.\202X\244Q\013\321\224\211\032QQ\260"
 124      9B5C2E82 
 124      58A4510B 
 124      D194891A 
 124      5151B0
 125 0037 B0394340 		.ascii	"\2609C@E\320\277 \"\011Xi\360\013Q\343l\316\201\235"
 125      45D0BF20 
 125      22095869 
 125      F00B51E3 
 125      6CCE819D 
 126 004b D99D7DF6 		.ascii	"\331\235}\366}g\015\002\351\030\3472\310\265\217\027"
 126      7D670D02 
 126      E918E732 
ARM GAS  C:\Users\prana\AppData\Local\Temp\cchMZDwU.s 			page 9


 126      C8B58F17 
 127 005b 2441146F 		.ascii	"$A\024o\211\262~\001\350\215\362\2032\002\031\274\211"
 127      89B27E01 
 127      E88DF283 
 127      320219BC 
 127      89
 128 006c 1F819B8F 		.ascii	"\037\201\233\217\253\265\256PY\251\234\272\267O\306"
 128      ABB5AE50 
 128      59A99CBA 
 128      B74FC6
 129 007b 362B0E6C 		.ascii	"6+\016lI\324\026\204\221 \206\203Z\242\214\0201\372"
 129      49D41684 
 129      91208683 
 129      5AA28C10 
 129      31FA
 130 008d 70FCBBDE 		.ascii	"p\374\273\336\343\315+\216~\015\360M\005^my8\347\250"
 130      E3CD2B8E 
 130      7E0DF04D 
 130      055E6D79 
 130      38E7A8
 131 00a0 76DB52CE 		.ascii	"v\333R\316V\340b'\300-[\262/'C'\017iEz\346\027\332\377"
 131      56E06227 
 131      C02D5BB2 
 131      2F274327 
 131      0F69457A 
 132 00b8 45085D65 		.ascii	"E\010]e\003\265\257\325\367\352\274\026\261\244d\203"
 132      03B5AFD5 
 132      F7EABC16 
 132      B1A46483 
 133 00c8 0DBB76E7 		.ascii	"\015\273v\347{\025\266\024\320~\347\237\316\246\307"
 133      7B15B614 
 133      D07EE79F 
 133      CEA6C7
 134 00d7 3DAA5C51 		.ascii	"=\252\\Q\031\334j6\317\256{K\330\316\346yJ\211=\004"
 134      19DC6A36 
 134      CFAE7B4B 
 134      D8CEE679 
 134      4A893D04 
 135 00eb B10B9E11 		.ascii	"\261\013\236\021\373(\201\032\260Z\223dI\270r\265\326"
 135      FB28811A 
 135      B05A9364 
 135      49B872B5 
 135      D6
 136 00fc 51B95BBF 		.ascii	"Q\271[\2777 Qe\214\357\277\013u\237kh0\307\320i\375"
 136      37205165 
 136      8CEFBF0B 
 136      759F6B68 
 136      30C7D069 
 137 0111 B2E0D710 		.ascii	"\262\340\327\0208\016:P\256\265\362\010\027\3620GO\020"
 137      380E3A50 
 137      AEB5F208 
 137      17F23047 
 137      4F10
 138 0123 FF27EA7C 		.ascii	"\377'\352|\003z|\376\314\300\224\0317\223\321\224\271"
 138      037A7CFE 
 138      CCC09419 
 138      3793D194 
ARM GAS  C:\Users\prana\AppData\Local\Temp\cchMZDwU.s 			page 10


 138      B9
 139 0134 B8104EA4 		.ascii	"\270\020N\244\223132\033NL\214Ff\242\313)39\035_J\247"
 139      93313332 
 139      1B4E4C8C 
 139      4666A2CB 
 139      2933391D 
 140 014b 8662F407 		.ascii	"\206b\364\007\271\341v\330"
 140      B9E176D8 
 141              		.text
 142              		.section	.gnu.lto_MasterInput_SetInterruptMode.b369ebbd,"",%progbits
 143 0000 789C6D51 		.ascii	"x\234mQMh\023A\024\2367\263\311n\222f\353\335\034r\011"
 143      4D681341 
 143      149E37B3 
 143      C96E9266 
 143      EBDD1C72 
 144 0015 B117A120 		.ascii	"\261\027\241 \336<\365 \036\224b\257\005\011\355*9\230"
 144      DE3CF520 
 144      1E9462AF 
 144      0509ED2A 
 144      3998
 145 0027 94747BEE 		.ascii	"\224t{\356$\233M\241\210\024\305\200\245\245hY\032\255"
 145      249B4DA1 
 145      8814C580 
 145      A5A56859 
 145      1AAD
 146 0039 DA366D85 		.ascii	"\3326m\205\366\264\006\274\371C\375A\374A\244j\012\265"
 146      F6B406BC 
 146      F943FD41 
 146      FC41A46A 
 146      0AB5
 147 004b D2B42A15 		.ascii	"\322\264*\025\251\215\357\355\346Rp`w\346}|\3377\337"
 147      A98DEFED 
 147      E6527060 
 147      77E67D7C 
 147      DF37DF
 148 005e 7BA33060 		.ascii	"{\2430`\264*\234\261S\270\037\305\017\004\003>\366\214"
 148      B42A9CB1 
 148      53B81FC5 
 148      0F04033E 
 148      F68C
 149 0070 B1BCC601 		.ascii	"\261\274\306\001\350 5`\303\034\206\341\027\377\313"
 149      E8203560 
 149      C31C86E1 
 149      17FFCB
 150 007f A136525F 		.ascii	"\2416R_\341\0353\022\327\247\257\033\235\262\342\202"
 150      E11D3312 
 150      D7A7AF1B 
 150      9DB2E282 
 151 008f 2D186B72 		.ascii	"-\030kr\317\211\301\014t \353qs\317m\377\311m\001@\242"
 151      CF89C10C 
 151      7420EB71 
 151      73CF6DFF 
 151      C96D0140 
 152 00a4 178D2793 		.ascii	"\027\215'\223\021*9\034\301r|\323)\353\342\0300<o,\335"
 152      112A391C 
 152      C1727CD3 
 152      29EBE218 
ARM GAS  C:\Users\prana\AppData\Local\Temp\cchMZDwU.s 			page 11


 152      303C6F2C 
 153 00b9 7E134E3A 		.ascii	"~\023N:R\026\244\\N\311\200-\004\334\005\201~p\007b"
 153      5216A45C 
 153      4EC9802D 
 153      04DC0581 
 153      7E700762 
 154 00cd 50811843 		.ascii	"P\201\030C\210\301,$\221\375c\321\271\036\021\235\236"
 154      88C12C24 
 154      91FD63D1 
 154      B91E119D 
 154      9E
 155 00de 72D772AC 		.ascii	"r\327r\254\266\226r\257\245\274\367\037\345}H\022}\255"
 155      B69672AF 
 155      A5BCF71F 
 155      E57D4812 
 155      7DAD
 156 00f0 383F21FC 		.ascii	"8?!\374H\012\226;O\307?\353~\2448\226\263\316k\207\213"
 156      480A963B 
 156      4FC73FEB 
 156      7EA43896 
 156      B3CE6B87 
 157 0105 939EF1E8 		.ascii	"\223\236\361\350\333k\325hb\232\214\335\227W\365\233"
 157      DB6BD568 
 157      629A8CDD 
 157      9757F59B 
 158 0115 D22DC66D 		.ascii	"\322-\306m\241\300\274o>\207\346\017\320\234\026\262"
 158      A1C0BC6F 
 158      3E87E60F 
 158      D09C16B2 
 159 0125 D7170E6E 		.ascii	"\327\027\016nD\203E\032H\034\026 \341\217\002\252\020"
 159      4483451A 
 159      481C1620 
 159      E18F02AA 
 159      10
 160 0136 C4E10221 		.ascii	"\304\341\002!s\347]\331lZ\322]\323\037\275\323\3338"
 160      73E75DD9 
 160      6C5AD25D 
 160      D31FBDD3 
 160      DB38
 161 0148 C60A600A 		.ascii	"\306\012`\012\354H\241c\200~AFL\025(\255\206@0Dh\230"
 161      EC48A163 
 161      807E4146 
 161      4C1528AD 
 161      86403044 
 162 015e 7E8C35D0 		.ascii	"~\2145\320\221^b\207s\332E\035j\177F?\256v\323%\226"
 162      915E6287 
 162      73DA451D 
 162      6A7F463F 
 162      AE76D325 
 163 0173 A00197ED 		.ascii	"\240\001\227\355\332s\225\272Q\275\016\276o\257LD\375"
 163      DA7395BA 
 163      51BD0EBE 
 163      6FAF4C44 
 163      FD
 164 0184 F24A614C 		.ascii	"\362JaLR\277\325\351o_\332\247`2_\304\367\322`\011\233"
 164      52BFD5E9 
 164      6F5FDAA7 
ARM GAS  C:\Users\prana\AppData\Local\Temp\cchMZDwU.s 			page 12


 164      60325FC4 
 164      F7D26009 
 165 0199 58A42660 		.ascii	"X\244&`\031\246\200\325\241\260;\262\037\360\015\025"
 165      19A680D5 
 165      A1B03BB2 
 165      1FF00D15 
 166 01a9 0BC786C8 		.ascii	"\013\307\206\310AiK\361\221\000\202\210X\373\245-\360"
 166      41694BF1 
 166      91008288 
 166      58FBA52D 
 166      F0
 167 01ba 11BA1771 		.ascii	"\021\272\027q\266\016\334k\025\303#\350s\352\253\037"
 167      B60EDC6B 
 167      15C323E8 
 167      73EAAB1F 
 168 01ca 5A2C0D9D 		.ascii	"Z,\015\235,\241z\366\252\017\205\020%\332\357\322\253"
 168      2CA17AF6 
 168      AA0F8510 
 168      25DAEFD2 
 168      AB
 169 01db 9679D873 		.ascii	"\226y\330s\013!X+\337\212\021v(n^\312\310\341\304\017"
 169      0B21582B 
 169      DF8A1176 
 169      286E5ECA 
 169      C8E1C40F 
 170 01ef 3131CAD8 		.ascii	"11\312\330&\024\334\367\347H\340\275E\203\003M\007g"
 170      2614DCF7 
 170      E748E0BD 
 170      4583034D 
 170      0767
 171 0201 95386D64 		.ascii	"\2258md\214\\\3124\372/\364d\207r}FowO\266\353D\357"
 171      8C5CCA34 
 171      FA2FF464 
 171      87727D46 
 171      6F774FB6 
 172 0218 D9D4A069 		.ascii	"\331\324\240i\344\316d\006\206\314\343}L\033\310\016"
 172      E4CE6406 
 172      86CCE37D 
 172      4C1BC80E 
 173 0228 A6CD7436 		.ascii	"\246\315t6\243\\\316\366\033j:c\346\272.^\372\007e\206"
 173      A35CCEF6 
 173      1B6A3A63 
 173      E6BA2E5E 
 173      FA076586 
 174 023c F0A5     		.ascii	"\360\245"
 175              		.text
 176              		.section	.gnu.lto_MasterInput_ClearInterrupt.b369ebbd,"",%progbits
 177 0000 789C5590 		.ascii	"x\234U\220\317K\033A\024\307\337wf\327,%\326?\2409x"
 177      CF4B1B41 
 177      14C7DF77 
 177      66D72C25 
 177      D63FA039 
 178 0015 09E8A508 		.ascii	"\011\350\245\010z\320\263\207\322\203P\3145 A\367T\252"
 178      7AD0B387 
 178      D28350CC 
 178      352041F7 
 178      54AA
ARM GAS  C:\Users\prana\AppData\Local\Temp\cchMZDwU.s 			page 13


 179 0027 25D95CEB 		.ascii	"%\331\\\353$q-\224\202\271h@\020\017\202\261\365\367"
 179      24712D94 
 179      82B96840 
 179      100F82B1 
 179      F5F7
 180 0039 A1974A64 		.ascii	"\241\227Jd\033D\244\305\026\364\332RQ\360 \024j\260"
 180      1B44A4C5 
 180      16F4DA52 
 180      51F02014 
 180      6AB0
 181 004b 0DA8357D 		.ascii	"\015\2505}/\353A\007\226\231\371\356\373~\346\373\236"
 181      2FEB4107 
 181      9699F9EE 
 181      FB7EE6FB 
 181      9E
 182 005c 4520593F 		.ascii	"E Y?x\353\341\375\021\177\320\004U\374J\224s\024 \007"
 182      78EBE1FD 
 182      117FD004 
 182      55FC4A94 
 182      73142007 
 183 0070 E380C615 		.ascii	"\343\200\306\025\306\361G\375S\370R\337{\373\240\263"
 183      C6F147FD 
 183      53F852DF 
 183      7BFBA0B3 
 184 0080 6C4CDE1C 		.ascii	"lL\336\034\371\365\276\322R\000_\0235\024\241;\206\256"
 184      F9F5BED2 
 184      52005F13 
 184      3514A13B 
 184      86AE
 185 0092 9820CAE8 		.ascii	"\230 \312\350$.=Y\273*\267\352\016\310y\177\361\327"
 185      242E3D59 
 185      BB2AB7EA 
 185      0EC8797F 
 185      F1D7
 186 00a4 07C417C4 		.ascii	"\007\304\027\304\026T\246\242%\023\344\332\331\207%"
 186      1654A6A2 
 186      2513E4DA 
 186      D98725
 187 00b3 E8BB5692 		.ascii	"\350\273V\222\332\343\315\233\351\326\226\011\303\253"
 187      DAE3CD9B 
 187      E9D69609 
 187      C3AB
 188 00c1 1DEF1017 		.ascii	"\035\357\020\0278S\337\243\205sB\224\365\301\3004\032"
 188      3853DFA3 
 188      85734294 
 188      F5C1C034 
 188      1A
 189 00d2 05136CB5 		.ascii	"\005\023l\265}:hs\024\371\232s\373ZY$\277m\271GHr\321"
 189      7D3A6873 
 189      14F99A73 
 189      FB5A5924 
 189      BF6DB947 
 190 00e9 6FF64A17 		.ascii	"o\366J\027\347J\311\256OQ\275|\363\267\362Jp\005-\035"
 190      E74AC9AE 
 190      4F51BD7C 
 190      F3B7F24A 
 190      70052D1D 
ARM GAS  C:\Users\prana\AppData\Local\Temp\cchMZDwU.s 			page 14


 191 00fd CDF8D56F 		.ascii	"\315\370\325o\221\013\345k\335Lz\264\375\361\247\023"
 191      910BE56B 
 191      DD4C7AB4 
 191      FDF1A713 
 192 010d 5E8BF9A2 		.ascii	"^\213\371\242\261X\372~X_~8\217\271\334\004\367ja\005"
 192      B158FA7E 
 192      585F7E38 
 192      8FB9DC04 
 192      F76A6105 
 193 0121 312C83E3 		.ascii	"1,\203\343b\025\363\240S\344k\257\257U\010\324\314d"
 193      6215F3A0 
 193      53E46BAF 
 193      AF5508D4 
 193      CC64
 194 0133 A5703DB9 		.ascii	"\245p=\271\203P\261Xd\306\354\326\305g[\260\012\016"
 194      8350B158 
 194      64C6ECD6 
 194      C5675BB0 
 194      0A0E
 195 0145 D6D87D8C 		.ascii	"\326\330}\214\246E\362rQH\271\251$C\223\035J\325\231"
 195      A645F272 
 195      5148B9A9 
 195      2443931D 
 195      4AD599
 196 0158 26E45E84 		.ascii	"&\344^\204\2341\366\375\024\353\234\202-\362lmrw\273"
 196      9C31F6FD 
 196      14EB9C82 
 196      2DF26C6D 
 196      7277BB
 197 016b 37444418 		.ascii	"7DD\030\301\306jm\243\034\225wmhlp\375\031n\243F\250"
 197      C1C66A6D 
 197      A31C9577 
 197      6D686C70 
 197      FD196EA3 
 198 0181 391EC858 		.ascii	"9\036\310XxH\361'\356\250\233Ny\356\310Pb,\233\036v"
 198      7848F127 
 198      EEA89B4E 
 198      79EEC850 
 198      622C9B1E 
 199 0196 93CF1263 		.ascii	"\223\317\022c\375=\311\201T\306s\323OG_f\275\307\303"
 199      FD3DC981 
 199      54C673D3 
 199      4F475F66 
 199      BDC7C3
 200 01a9 147D91CA 		.ascii	"\024}\221\312<wG\022^\312\313f\376\003\250=\256\302"
 200      3C774712 
 200      5ECACB66 
 200      FE03A83D 
 200      AEC2
 201              		.text
 202              		.section	.gnu.lto_.symbol_nodes.b369ebbd,"",%progbits
 203 0000 789C6361 		.ascii	"x\234ca`d\310`\000\002&\206z\006\206\011\347\030@\324"
 203      6064C860 
 203      00022686 
 203      7A068609 
 203      E71840D4 
 204 0014 AE0645A0 		.ascii	"\256\006E\240\000c=#\252\000S=\023\252\000s=3\252\000"
ARM GAS  C:\Users\prana\AppData\Local\Temp\cchMZDwU.s 			page 15


 204      00633D23 
 204      AA00533D 
 204      13AA0073 
 204      3D33AA00 
 205 0028 4B3D0BAA 		.ascii	"K=\013\252\000k=+\212\000\003\000\305\333\026\342"
 205      006B3D2B 
 205      8A000300 
 205      C5DB16E2 
 206              		.text
 207              		.section	.gnu.lto_.refs.b369ebbd,"",%progbits
 208 0000 789C6361 		.ascii	"x\234ca`\004B \000\000\0009\000\007"
 208      60044220 
 208      00000039 
 208      0007
 209              		.text
 210              		.section	.gnu.lto_.decls.b369ebbd,"",%progbits
 211 0000 789C8D54 		.ascii	"x\234\215TolSU\024\277\347\275\266\333^\367\317\205"
 211      6F6C5355 
 211      14BFE7BD 
 211      B6DB5EF7 
 211      CF85
 212 0012 E862FA61 		.ascii	"\350b\372a\022m\373iq\314\030\02351\031\021HD\014\213"
 212      126DFB69 
 212      71CC1813 
 212      35311911 
 212      48440C8B 
 213 0026 F8858494 		.ascii	"\370\205\204\224\355\005\227\230m)\235\011\337n`\214"
 213      ED059798 
 213      6D299D09 
 213      DF6E608C 
 214 0036 09448711 		.ascii	"\011D\207\021]\225\205\215E]\331\272?t\033k\307l\321"
 214      5D95858D 
 214      455DD9BA 
 214      3F741B6B 
 214      C76CD1
 215 0049 6DC0287F 		.ascii	"m\300(\177ZC\"\242nd\242\222M\235\210\3020\370<\367"
 215      5A4322A2 
 215      6E64A292 
 215      4D9D88C2 
 215      30F83CF7 
 216 005d DED7BEC7 		.ascii	"\336\327\276\307\350\342n\336\271\367\236\363\316\371"
 216      E8E26EDE 
 216      B9F79EF3 
 216      CEF9
 217 006b 9D737EEF 		.ascii	"\235s~\357\344Y\010\020\2664+!w\361\354AU\303\225\205"
 217      E4590810 
 217      B6342B21 
 217      77F1EC41 
 217      55C39585 
 218 007f F72DC458 		.ascii	"\367-\304X6\224\020\312\020\312\010J\004e\034e\222<"
 218      369410CA 
 218      10CA084A 
 218      04651C65 
 218      923C
 219 0091 BC42BA3F 		.ascii	"\274B\272?\213\357Eq\241$Q\022(\233t\037\320\375\226"
 219      8BEF4571 
 219      A1245112 
ARM GAS  C:\Users\prana\AppData\Local\Temp\cchMZDwU.s 			page 16


 219      289B741F 
 219      D0FD96
 220 00a4 2E869FB5 		.ascii	".\206\237\265$\326\261L\374P\206xV\233\365\177\362\216"
 220      24D6B14C 
 220      FC508678 
 220      569BF57F 
 220      F28E
 221 00b6 64888BAC 		.ascii	"d\210\213\254 .\222!\216q\220\243\327[\204\262\012%"
 221      202E9221 
 221      8E7190A3 
 221      D75B84B2 
 221      0A25
 222 00c8 8A12D771 		.ascii	"\212\022\327q\234&\254\024\316x\006\034\306\243m\005"
 222      9C26AC14 
 222      CE78061C 
 222      C6A36D05 
 223 00d8 3D67E2FB 		.ascii	"=g\342\373\276\004Z[oW\3165\270\012\022\350\037\224"
 223      BE045A5B 
 223      6F57CE35 
 223      B80A12E8 
 223      1F94
 224 00ea 00881DB8 		.ascii	"\000\210\035\270\020!\\\305\213\304w\2226\245\017\302"
 224      10215CC5 
 224      8BC47792 
 224      36A50FC2 
 225 00fa 7622FCB9 		.ascii	"v\"\374\271\315\000\343O\352\324R\213\203\030\350\240"
 225      CD00E34F 
 225      EAD4528B 
 225      8318E8A0 
 226 010a 0741BA02 		.ascii	"\007A\272\002\021%\336K\272\033\021\340\222\021`\302"
 226      1125DE4B 
 226      BA1B11E0 
 226      921160C2 
 227 011a 13E59A6A 		.ascii	"\023\345\232j\202\007{\202T\3237\243\376\337\363e\304"
 227      82077B82 
 227      54D337A3 
 227      FEDFF365 
 227      C4
 228 012b C4FBF462 		.ascii	"\304\373\364b\327\313\245=\024W\013\245\322\363\006"
 228      D7CBA53D 
 228      14570BA5 
 228      D2F306
 229 013a 337D7B7F 		.ascii	"3}{\177\014d\337\226\300\241\200\006L\237\017/\346\011"
 229      0C64DF96 
 229      C0A18006 
 229      4C9F0F2F 
 229      E609
 230 014c 9DBDF61F 		.ascii	"\235\275\366\037\232\375\327.?\311\356\322\327\263\335"
 230      9AFDD72E 
 230      3FC9EED2 
 230      D7B3DD
 231 015b 372DE056 		.ascii	"7-\340V>c03C\201\027\303\224\026B/(\320\0032\004\240"
 231      3E633033 
 231      438117C3 
 231      9416422F 
 231      28D00332 
 232 0171 94257728 		.ascii	"\224%w(\2707S\272\233.\034\243\266b\002\345\016x\332"
ARM GAS  C:\Users\prana\AppData\Local\Temp\cchMZDwU.s 			page 17


 232      B83753BA 
 232      9B2E1CA3 
 232      B66202E5 
 232      0E78DA
 233 0184 4120086E 		.ascii	"A \010n\206\311\274\240\033\034p\034\034\014\377\306"
 233      86C9BCA0 
 233      1B1C701C 
 233      1C0CFFC6 
 234 0194 4747E76C 		.ascii	"GG\347l\026\011\003\031\316v\013\263Mhwb\005XB\221\002"
 234      16090319 
 234      CE760BB3 
 234      4D687762 
 234      05584291 
 235 01a9 12AAC985 		.ascii	"\022\252\311\205x\233\035\325U\012\024\242z\361\203"
 235      789B1DD5 
 235      550A14A2 
 235      7AF183
 236 01b8 AB4928FE 		.ascii	"\253I(\376\220\325@\367\320\022\011\266<\012\003\010"
 236      90D540F7 
 236      D01209B6 
 236      3C0A0308 
 237 01c8 D88F8004 		.ascii	"\330\217\200\004N@1\356}`\021\335-\216\006\232\354\253"
 237      4E4031EE 
 237      7D6011DD 
 237      2D8E069A 
 237      ECAB
 238 01da DB697B3F 		.ascii	"\333i{?\235\0117\275\322\321\331D/c\334K\334\021\272"
 238      9D0937BD 
 238      D2D1D944 
 238      2F63DC4B 
 238      DC11BA
 239 01ed 8CB2F1CA 		.ascii	"\214\262\361\312\216\317\341\032\222\031\202\325\030"
 239      8ECFE11A 
 239      921982D5 
 239      18
 240 01fa BBFFDEED 		.ascii	"\273\377\336\355\027d/galF\363g\011\230Xt\237\354\247"
 240      17642F67 
 240      616C46F3 
 240      67099858 
 240      749FECA7 
 241 020e B1DD8822 		.ascii	"\261\335\210\"q\220A\003d\320\0142\304A\346b\315hm\004"
 241      71904103 
 241      64D00C32 
 241      C441E662 
 241      CD686D04 
 242 0222 0ED3D6D2 		.ascii	"\016\323\326\322y\334n.\235\365l\324~\222\327\276]/"
 242      79DC6E2E 
 242      9DF56CD4 
 242      7E92D7BE 
 242      5D2F
 243 0234 FDDD5FFB 		.ascii	"\375\335_\373\336\317\326s\016L\0319\321\013\206\215"
 243      DECFD673 
 243      0E4C1939 
 243      D10B868D 
 244 0244 9CC3E69C 		.ascii	"\234\303\346\234#<g\373\225\344-\273|X\344\014\304\273"
 244      233C67FB 
 244      95E42DBB 
ARM GAS  C:\Users\prana\AppData\Local\Temp\cchMZDwU.s 			page 18


 244      7C58E40C 
 244      C4BB
 245 0256 23A0C3B4 		.ascii	"#\240\303\264\236\317\025\355s\220\260\001\0226\203"
 245      9ECF15ED 
 245      7390B001 
 245      123683
 246 0265 443848F0 		.ascii	"D8H\360\257O\016\024\310A\001\362\351\275\177\026d\374"
 246      AF4F0E14 
 246      C84101F2 
 246      E9BD7F16 
 246      64FC
 247 0277 044E1C12 		.ascii	"\004N\034\022M6M\211SLIW\307dH\221\247\270\263\364\333"
 247      4D364D89 
 247      534C4957 
 247      C7644891 
 247      A7B8B3F4 
 248 028c E0996FF2 		.ascii	"\340\231o\362@q\363!\300>\0257I7\0111\034\003\247>\006"
 248      4071F321 
 248      C03E1537 
 248      49370931 
 248      1C03A73E 
 249 02a1 63683C85 		.ascii	"ch<\205F}\236\202b\236\242\310\311\027FiNE\320\321\332"
 249      467D9E82 
 249      629EA2C8 
 249      C9174669 
 249      4E45D0D1 
 250 02b6 F99E9BCF 		.ascii	"\371\236\233\317I4='\247\203?\305\225\264\3554p\343"
 250      49343D27 
 250      A7833FC5 
 250      95B4ED34 
 250      70E3
 251 02c8 B15FE686 		.ascii	"\261_\346\206\363\226\035\217\2578\305_\246\306\343"
 251      F3961D8F 
 251      AF38C55F 
 251      A6C6E3
 252 02d7 E0BEEB63 		.ascii	"\340\276\353crj<&7\315\236\240t/\306Y\230\037\214\032"
 252      726A3C26 
 252      37CD9EA0 
 252      742FC659 
 252      981F8C1A 
 253 02eb 458C9AF9 		.ascii	"E\214\232\371\031\347\374,\206\216&\362\345\204\340"
 253      19E7FC2C 
 253      868E26F2 
 253      E584E0
 254 02fa A7E3CEA1 		.ascii	"\247\343\316\241\357\012t\222\303\227\036\374V\023\006"
 254      EF0A7492 
 254      C3971EFC 
 254      561306
 255 0309 CC841966 		.ascii	"\314\204\031f\222\303$\032\373\217\310b\326-\250\376"
 255      92C3241A 
 255      FB8FC862 
 255      D62DA8FE 
 256 0319 71E1E3D9 		.ascii	"q\341\343\331|1\353%\250~\1776\320\315\336\272\030\357"
 256      7C31EB25 
 256      A87E7F36 
 256      D0CDDEBA 
 256      18EF
ARM GAS  C:\Users\prana\AppData\Local\Temp\cchMZDwU.s 			page 19


 257 032b 9A566062 		.ascii	"\232V`b\336%\230\237\232\276q+G\236\027\314'\375\363"
 257      DE25989F 
 257      9ABE712B 
 257      479E17CC 
 257      27FDF3
 258 033e D3B614F3 		.ascii	"\323\266\024\363-{h\321z\002g\261\3673\214\371\013\310"
 258      2D7B68D1 
 258      7A0267B1 
 258      F7338CF9 
 258      0BC8
 259 0350 BC4B677E 		.ascii	"\274Kg~\012\215\347\014\346\007\004\363qd\361\274Q\255"
 259      0A8DE70C 
 259      E60704F3 
 259      7164F1BC 
 259      51AD
 260 0362 4B67FE9D 		.ascii	"Kg\376\235\353\207\277\265*\315\214\316\225`bD\344\007"
 260      EB87BFB5 
 260      2ACD8CCE 
 260      95606244 
 260      E407
 261 0374 7AC42AFF 		.ascii	"z\304*\377)\212\272r\340d\253\234\372k\304\356\377\274"
 261      298ABA72 
 261      E064AB9C 
 261      FA6BC4EE 
 261      FFBC
 262 0386 BE915280 		.ascii	"\276\221R\200\004\346\272d\344\272\010\372o\343\341"
 262      04E6BA64 
 262      E4BA08FA 
 262      6FE3E1
 263 0395 1C9733E7 		.ascii	"\034\2273\347\370\373\356\271\203\271\271\373\323\235"
 263      F8FBEEB9 
 263      83B9B9FB 
 263      D39D
 264 03a3 72C45410 		.ascii	"r\304T\020\201$\344\362\037\";\2137zv\372T\357\206\332"
 264      8124E4F2 
 264      1F223B8B 
 264      377A76FA 
 264      54EF86DA 
 265 03b7 FA06DFB6 		.ascii	"\372\006\337\266J\325\267\326[\363\266\272\261\256Z"
 265      4AD5B7D6 
 265      5BF3B6BA 
 265      B1AE5A
 266 03c6 CD5EF7EA 		.ascii	"\315^\367\352\353%\025ee\304\332PS\353{\356\211uj\255"
 266      EB251565 
 266      65C4DA50 
 266      53EB7BEE 
 266      89756AAD 
 267 03da EAF5F8D4 		.ascii	"\352\365\370\324\352m\225u\015\336*u\353k\225u\025\317"
 267      EA6D9575 
 267      0DDE2A75 
 267      EB6B9575 
 267      15CF
 268 03ec 6CADDAE5 		.ascii	"l\255\332\345\333U\257\356,}\223<\265\214\207)Ai\025"
 268      DB55AFEE 
 268      2C7D933C 
 268      B58C8729 
 268      416915
ARM GAS  C:\Users\prana\AppData\Local\Temp\cchMZDwU.s 			page 20


 269 03ff 79C49CEF 		.ascii	"y\304\234\357\015o\215O-4[6\253\236\352\307\226\032"
 269      0D6F8D4F 
 269      2D345B36 
 269      AB9EEAC7 
 269      961A
 270 0411 D67A7C9E 		.ascii	"\326z|\236\315\352\016\307\222R7\324\242\346m\250\367"
 270      CDEA0EC7 
 270      925237D4 
 270      A2E66DA8 
 270      F7
 271 0422 B1726DAC 		.ascii	"\261rm\254\312\262g\0377\373T\274\245z\274i/\356Q\276"
 271      CAB2671F 
 271      37FB54BC 
 271      A57ABC69 
 271      2FEE51BE 
 272 0436 C6EA5577 		.ascii	"\306\352Uw\224\257\371\017\022-*g"
 272      94AFF90F 
 272      122D2A67 
 273              		.text
 274              		.section	.gnu.lto_.symtab.b369ebbd,"",%progbits
 275 0000 4D617374 		.ascii	"MasterInput_SetDriveMode\000"
 275      6572496E 
 275      7075745F 
 275      53657444 
 275      72697665 
 276 0019 00       		.ascii	"\000"
 277 001a 00       		.ascii	"\000"
 278 001b 00       		.ascii	"\000"
 279 001c 00000000 		.ascii	"\000\000\000\000\000\000\000\000"
 279      00000000 
 280 0024 B3000000 		.ascii	"\263\000\000\000"
 281 0028 4D617374 		.ascii	"MasterInput_Write\000"
 281      6572496E 
 281      7075745F 
 281      57726974 
 281      6500
 282 003a 00       		.ascii	"\000"
 283 003b 00       		.ascii	"\000"
 284 003c 00       		.ascii	"\000"
 285 003d 00000000 		.ascii	"\000\000\000\000\000\000\000\000"
 285      00000000 
 286 0045 B5000000 		.ascii	"\265\000\000\000"
 287 0049 4D617374 		.ascii	"MasterInput_Read\000"
 287      6572496E 
 287      7075745F 
 287      52656164 
 287      00
 288 005a 00       		.ascii	"\000"
 289 005b 00       		.ascii	"\000"
 290 005c 00       		.ascii	"\000"
 291 005d 00000000 		.ascii	"\000\000\000\000\000\000\000\000"
 291      00000000 
 292 0065 B8000000 		.ascii	"\270\000\000\000"
 293 0069 4D617374 		.ascii	"MasterInput_ReadDataReg\000"
 293      6572496E 
 293      7075745F 
 293      52656164 
ARM GAS  C:\Users\prana\AppData\Local\Temp\cchMZDwU.s 			page 21


 293      44617461 
 294 0081 00       		.ascii	"\000"
 295 0082 00       		.ascii	"\000"
 296 0083 00       		.ascii	"\000"
 297 0084 00000000 		.ascii	"\000\000\000\000\000\000\000\000"
 297      00000000 
 298 008c BA000000 		.ascii	"\272\000\000\000"
 299 0090 4D617374 		.ascii	"MasterInput_SetInterruptMode\000"
 299      6572496E 
 299      7075745F 
 299      53657449 
 299      6E746572 
 300 00ad 00       		.ascii	"\000"
 301 00ae 00       		.ascii	"\000"
 302 00af 00       		.ascii	"\000"
 303 00b0 00000000 		.ascii	"\000\000\000\000\000\000\000\000"
 303      00000000 
 304 00b8 C4000000 		.ascii	"\304\000\000\000"
 305 00bc 4D617374 		.ascii	"MasterInput_ClearInterrupt\000"
 305      6572496E 
 305      7075745F 
 305      436C6561 
 305      72496E74 
 306 00d7 00       		.ascii	"\000"
 307 00d8 00       		.ascii	"\000"
 308 00d9 00       		.ascii	"\000"
 309 00da 00000000 		.ascii	"\000\000\000\000\000\000\000\000"
 309      00000000 
 310 00e2 C6000000 		.ascii	"\306\000\000\000"
 311              		.text
 312              		.section	.gnu.lto_.opts,"",%progbits
 313 0000 272D666D 		.ascii	"'-fmath-errno' '-fsigned-zeros' '-ftrapping-math' '"
 313      6174682D 
 313      6572726E 
 313      6F272027 
 313      2D667369 
 314 0033 2D666E6F 		.ascii	"-fno-trapv' '-fno-openmp' '-fno-openacc' '-mcpu=cor"
 314      2D747261 
 314      70762720 
 314      272D666E 
 314      6F2D6F70 
 315 0066 7465782D 		.ascii	"tex-m0' '-mthumb' '-g' '-Os' '-Werror' '-ffunction-"
 315      6D302720 
 315      272D6D74 
 315      68756D62 
 315      2720272D 
 316 0099 73656374 		.ascii	"sections' '-ffat-lto-objects' '-finline-functions' "
 316      696F6E73 
 316      2720272D 
 316      66666174 
 316      2D6C746F 
 317 00cc 272D666C 		.ascii	"'-flto' '-fno-strict-aliasing'\000"
 317      746F2720 
 317      272D666E 
 317      6F2D7374 
 317      72696374 
 318              		.text
ARM GAS  C:\Users\prana\AppData\Local\Temp\cchMZDwU.s 			page 22


 319              		.cfi_sections	.debug_frame
 320              		.section	.text.MasterInput_SetDriveMode,"ax",%progbits
 321              		.align	1
 322              		.global	MasterInput_SetDriveMode
 323              		.code	16
 324              		.thumb_func
 325              		.type	MasterInput_SetDriveMode, %function
 326              	MasterInput_SetDriveMode:
 327              	.LFB0:
 328              		.file 1 "Generated_Source\\PSoC4\\MasterInput.c"
   1:Generated_Source\PSoC4/MasterInput.c **** /*******************************************************************************
   2:Generated_Source\PSoC4/MasterInput.c **** * File Name: MasterInput.c  
   3:Generated_Source\PSoC4/MasterInput.c **** * Version 2.20
   4:Generated_Source\PSoC4/MasterInput.c **** *
   5:Generated_Source\PSoC4/MasterInput.c **** * Description:
   6:Generated_Source\PSoC4/MasterInput.c **** *  This file contains API to enable firmware control of a Pins component.
   7:Generated_Source\PSoC4/MasterInput.c **** *
   8:Generated_Source\PSoC4/MasterInput.c **** ********************************************************************************
   9:Generated_Source\PSoC4/MasterInput.c **** * Copyright 2008-2015, Cypress Semiconductor Corporation.  All rights reserved.
  10:Generated_Source\PSoC4/MasterInput.c **** * You may use this file only in accordance with the license, terms, conditions, 
  11:Generated_Source\PSoC4/MasterInput.c **** * disclaimers, and limitations in the end user license agreement accompanying 
  12:Generated_Source\PSoC4/MasterInput.c **** * the software package with which this file was provided.
  13:Generated_Source\PSoC4/MasterInput.c **** *******************************************************************************/
  14:Generated_Source\PSoC4/MasterInput.c **** 
  15:Generated_Source\PSoC4/MasterInput.c **** #include "cytypes.h"
  16:Generated_Source\PSoC4/MasterInput.c **** #include "MasterInput.h"
  17:Generated_Source\PSoC4/MasterInput.c **** 
  18:Generated_Source\PSoC4/MasterInput.c **** 
  19:Generated_Source\PSoC4/MasterInput.c **** #if defined(MasterInput__PC)
  20:Generated_Source\PSoC4/MasterInput.c ****     #define MasterInput_SetP4PinDriveMode(shift, mode)  \
  21:Generated_Source\PSoC4/MasterInput.c ****     do { \
  22:Generated_Source\PSoC4/MasterInput.c ****         MasterInput_PC =   (MasterInput_PC & \
  23:Generated_Source\PSoC4/MasterInput.c ****                                 (uint32)(~(uint32)(MasterInput_DRIVE_MODE_IND_MASK << \
  24:Generated_Source\PSoC4/MasterInput.c ****                                 (MasterInput_DRIVE_MODE_BITS * (shift))))) | \
  25:Generated_Source\PSoC4/MasterInput.c ****                                 (uint32)((uint32)(mode) << \
  26:Generated_Source\PSoC4/MasterInput.c ****                                 (MasterInput_DRIVE_MODE_BITS * (shift))); \
  27:Generated_Source\PSoC4/MasterInput.c ****     } while (0)
  28:Generated_Source\PSoC4/MasterInput.c **** #else
  29:Generated_Source\PSoC4/MasterInput.c ****     #if (CY_PSOC4_4200L)
  30:Generated_Source\PSoC4/MasterInput.c ****         #define MasterInput_SetP4PinDriveMode(shift, mode)  \
  31:Generated_Source\PSoC4/MasterInput.c ****         do { \
  32:Generated_Source\PSoC4/MasterInput.c ****             MasterInput_USBIO_CTRL_REG = (MasterInput_USBIO_CTRL_REG & \
  33:Generated_Source\PSoC4/MasterInput.c ****                                     (uint32)(~(uint32)(MasterInput_DRIVE_MODE_IND_MASK << \
  34:Generated_Source\PSoC4/MasterInput.c ****                                     (MasterInput_DRIVE_MODE_BITS * (shift))))) | \
  35:Generated_Source\PSoC4/MasterInput.c ****                                     (uint32)((uint32)(mode) << \
  36:Generated_Source\PSoC4/MasterInput.c ****                                     (MasterInput_DRIVE_MODE_BITS * (shift))); \
  37:Generated_Source\PSoC4/MasterInput.c ****         } while (0)
  38:Generated_Source\PSoC4/MasterInput.c ****     #endif
  39:Generated_Source\PSoC4/MasterInput.c **** #endif
  40:Generated_Source\PSoC4/MasterInput.c ****   
  41:Generated_Source\PSoC4/MasterInput.c **** 
  42:Generated_Source\PSoC4/MasterInput.c **** #if defined(MasterInput__PC) || (CY_PSOC4_4200L) 
  43:Generated_Source\PSoC4/MasterInput.c ****     /*******************************************************************************
  44:Generated_Source\PSoC4/MasterInput.c ****     * Function Name: MasterInput_SetDriveMode
  45:Generated_Source\PSoC4/MasterInput.c ****     ****************************************************************************//**
  46:Generated_Source\PSoC4/MasterInput.c ****     *
  47:Generated_Source\PSoC4/MasterInput.c ****     * \brief Sets the drive mode for each of the Pins component's pins.
ARM GAS  C:\Users\prana\AppData\Local\Temp\cchMZDwU.s 			page 23


  48:Generated_Source\PSoC4/MasterInput.c ****     * 
  49:Generated_Source\PSoC4/MasterInput.c ****     * <b>Note</b> This affects all pins in the Pins component instance. Use the
  50:Generated_Source\PSoC4/MasterInput.c ****     * Per-Pin APIs if you wish to control individual pin's drive modes.
  51:Generated_Source\PSoC4/MasterInput.c ****     *
  52:Generated_Source\PSoC4/MasterInput.c ****     * <b>Note</b> USBIOs have limited drive functionality. Refer to the Drive Mode
  53:Generated_Source\PSoC4/MasterInput.c ****     * parameter for more information.
  54:Generated_Source\PSoC4/MasterInput.c ****     *
  55:Generated_Source\PSoC4/MasterInput.c ****     * \param mode
  56:Generated_Source\PSoC4/MasterInput.c ****     *  Mode for the selected signals. Valid options are documented in 
  57:Generated_Source\PSoC4/MasterInput.c ****     *  \ref driveMode.
  58:Generated_Source\PSoC4/MasterInput.c ****     *
  59:Generated_Source\PSoC4/MasterInput.c ****     * \return
  60:Generated_Source\PSoC4/MasterInput.c ****     *  None
  61:Generated_Source\PSoC4/MasterInput.c ****     *
  62:Generated_Source\PSoC4/MasterInput.c ****     * \sideeffect
  63:Generated_Source\PSoC4/MasterInput.c ****     *  If you use read-modify-write operations that are not atomic, the ISR can
  64:Generated_Source\PSoC4/MasterInput.c ****     *  cause corruption of this function. An ISR that interrupts this function 
  65:Generated_Source\PSoC4/MasterInput.c ****     *  and performs writes to the Pins component Drive Mode registers can cause 
  66:Generated_Source\PSoC4/MasterInput.c ****     *  corrupted port data. To avoid this issue, you should either use the Per-Pin
  67:Generated_Source\PSoC4/MasterInput.c ****     *  APIs (primary method) or disable interrupts around this function.
  68:Generated_Source\PSoC4/MasterInput.c ****     *
  69:Generated_Source\PSoC4/MasterInput.c ****     * \funcusage
  70:Generated_Source\PSoC4/MasterInput.c ****     *  \snippet MasterInput_SUT.c usage_MasterInput_SetDriveMode
  71:Generated_Source\PSoC4/MasterInput.c ****     *******************************************************************************/
  72:Generated_Source\PSoC4/MasterInput.c ****     void MasterInput_SetDriveMode(uint8 mode)
  73:Generated_Source\PSoC4/MasterInput.c ****     {
 329              		.loc 1 73 0
 330              		.cfi_startproc
 331              		@ args = 0, pretend = 0, frame = 0
 332              		@ frame_needed = 0, uses_anonymous_args = 0
 333              		@ link register save eliminated.
 334              	.LVL0:
  74:Generated_Source\PSoC4/MasterInput.c **** 		MasterInput_SetP4PinDriveMode(MasterInput__0__SHIFT, mode);
 335              		.loc 1 74 0
 336 0000 034A     		ldr	r2, .L2
 337 0002 044B     		ldr	r3, .L2+4
 338 0004 1168     		ldr	r1, [r2]
 339 0006 4002     		lsls	r0, r0, #9
 340              	.LVL1:
 341 0008 0B40     		ands	r3, r1
 342 000a 1843     		orrs	r0, r3
 343 000c 1060     		str	r0, [r2]
  75:Generated_Source\PSoC4/MasterInput.c ****     }
 344              		.loc 1 75 0
 345              		@ sp needed
 346 000e 7047     		bx	lr
 347              	.L3:
 348              		.align	2
 349              	.L2:
 350 0010 08010440 		.word	1074004232
 351 0014 FFF1FFFF 		.word	-3585
 352              		.cfi_endproc
 353              	.LFE0:
 354              		.size	MasterInput_SetDriveMode, .-MasterInput_SetDriveMode
 355              		.section	.text.MasterInput_Write,"ax",%progbits
 356              		.align	1
 357              		.global	MasterInput_Write
ARM GAS  C:\Users\prana\AppData\Local\Temp\cchMZDwU.s 			page 24


 358              		.code	16
 359              		.thumb_func
 360              		.type	MasterInput_Write, %function
 361              	MasterInput_Write:
 362              	.LFB1:
  76:Generated_Source\PSoC4/MasterInput.c **** #endif
  77:Generated_Source\PSoC4/MasterInput.c **** 
  78:Generated_Source\PSoC4/MasterInput.c **** 
  79:Generated_Source\PSoC4/MasterInput.c **** /*******************************************************************************
  80:Generated_Source\PSoC4/MasterInput.c **** * Function Name: MasterInput_Write
  81:Generated_Source\PSoC4/MasterInput.c **** ****************************************************************************//**
  82:Generated_Source\PSoC4/MasterInput.c **** *
  83:Generated_Source\PSoC4/MasterInput.c **** * \brief Writes the value to the physical port (data output register), masking
  84:Generated_Source\PSoC4/MasterInput.c **** *  and shifting the bits appropriately. 
  85:Generated_Source\PSoC4/MasterInput.c **** *
  86:Generated_Source\PSoC4/MasterInput.c **** * The data output register controls the signal applied to the physical pin in 
  87:Generated_Source\PSoC4/MasterInput.c **** * conjunction with the drive mode parameter. This function avoids changing 
  88:Generated_Source\PSoC4/MasterInput.c **** * other bits in the port by using the appropriate method (read-modify-write or
  89:Generated_Source\PSoC4/MasterInput.c **** * bit banding).
  90:Generated_Source\PSoC4/MasterInput.c **** *
  91:Generated_Source\PSoC4/MasterInput.c **** * <b>Note</b> This function should not be used on a hardware digital output pin 
  92:Generated_Source\PSoC4/MasterInput.c **** * as it is driven by the hardware signal attached to it.
  93:Generated_Source\PSoC4/MasterInput.c **** *
  94:Generated_Source\PSoC4/MasterInput.c **** * \param value
  95:Generated_Source\PSoC4/MasterInput.c **** *  Value to write to the component instance.
  96:Generated_Source\PSoC4/MasterInput.c **** *
  97:Generated_Source\PSoC4/MasterInput.c **** * \return 
  98:Generated_Source\PSoC4/MasterInput.c **** *  None 
  99:Generated_Source\PSoC4/MasterInput.c **** *
 100:Generated_Source\PSoC4/MasterInput.c **** * \sideeffect
 101:Generated_Source\PSoC4/MasterInput.c **** *  If you use read-modify-write operations that are not atomic; the Interrupt 
 102:Generated_Source\PSoC4/MasterInput.c **** *  Service Routines (ISR) can cause corruption of this function. An ISR that 
 103:Generated_Source\PSoC4/MasterInput.c **** *  interrupts this function and performs writes to the Pins component data 
 104:Generated_Source\PSoC4/MasterInput.c **** *  register can cause corrupted port data. To avoid this issue, you should 
 105:Generated_Source\PSoC4/MasterInput.c **** *  either use the Per-Pin APIs (primary method) or disable interrupts around 
 106:Generated_Source\PSoC4/MasterInput.c **** *  this function.
 107:Generated_Source\PSoC4/MasterInput.c **** *
 108:Generated_Source\PSoC4/MasterInput.c **** * \funcusage
 109:Generated_Source\PSoC4/MasterInput.c **** *  \snippet MasterInput_SUT.c usage_MasterInput_Write
 110:Generated_Source\PSoC4/MasterInput.c **** *******************************************************************************/
 111:Generated_Source\PSoC4/MasterInput.c **** void MasterInput_Write(uint8 value)
 112:Generated_Source\PSoC4/MasterInput.c **** {
 363              		.loc 1 112 0
 364              		.cfi_startproc
 365              		@ args = 0, pretend = 0, frame = 0
 366              		@ frame_needed = 0, uses_anonymous_args = 0
 367              		@ link register save eliminated.
 368              	.LVL2:
 113:Generated_Source\PSoC4/MasterInput.c ****     uint8 drVal = (uint8)(MasterInput_DR & (uint8)(~MasterInput_MASK));
 369              		.loc 1 113 0
 370 0000 0823     		movs	r3, #8
 371 0002 0449     		ldr	r1, .L5
 114:Generated_Source\PSoC4/MasterInput.c ****     drVal = (drVal | ((uint8)(value << MasterInput_SHIFT) & MasterInput_MASK));
 115:Generated_Source\PSoC4/MasterInput.c ****     MasterInput_DR = (uint32)drVal;
 372              		.loc 1 115 0
 373 0004 C000     		lsls	r0, r0, #3
 374              	.LVL3:
ARM GAS  C:\Users\prana\AppData\Local\Temp\cchMZDwU.s 			page 25


 113:Generated_Source\PSoC4/MasterInput.c ****     uint8 drVal = (uint8)(MasterInput_DR & (uint8)(~MasterInput_MASK));
 375              		.loc 1 113 0
 376 0006 0A68     		ldr	r2, [r1]
 116:Generated_Source\PSoC4/MasterInput.c **** }
 377              		.loc 1 116 0
 378              		@ sp needed
 113:Generated_Source\PSoC4/MasterInput.c ****     uint8 drVal = (uint8)(MasterInput_DR & (uint8)(~MasterInput_MASK));
 379              		.loc 1 113 0
 380 0008 9A43     		bics	r2, r3
 381 000a D2B2     		uxtb	r2, r2
 115:Generated_Source\PSoC4/MasterInput.c **** }
 382              		.loc 1 115 0
 383 000c 0340     		ands	r3, r0
 384 000e 1343     		orrs	r3, r2
 385 0010 0B60     		str	r3, [r1]
 386              		.loc 1 116 0
 387 0012 7047     		bx	lr
 388              	.L6:
 389              		.align	2
 390              	.L5:
 391 0014 00010440 		.word	1074004224
 392              		.cfi_endproc
 393              	.LFE1:
 394              		.size	MasterInput_Write, .-MasterInput_Write
 395              		.section	.text.MasterInput_Read,"ax",%progbits
 396              		.align	1
 397              		.global	MasterInput_Read
 398              		.code	16
 399              		.thumb_func
 400              		.type	MasterInput_Read, %function
 401              	MasterInput_Read:
 402              	.LFB2:
 117:Generated_Source\PSoC4/MasterInput.c **** 
 118:Generated_Source\PSoC4/MasterInput.c **** 
 119:Generated_Source\PSoC4/MasterInput.c **** /*******************************************************************************
 120:Generated_Source\PSoC4/MasterInput.c **** * Function Name: MasterInput_Read
 121:Generated_Source\PSoC4/MasterInput.c **** ****************************************************************************//**
 122:Generated_Source\PSoC4/MasterInput.c **** *
 123:Generated_Source\PSoC4/MasterInput.c **** * \brief Reads the associated physical port (pin status register) and masks 
 124:Generated_Source\PSoC4/MasterInput.c **** *  the required bits according to the width and bit position of the component
 125:Generated_Source\PSoC4/MasterInput.c **** *  instance. 
 126:Generated_Source\PSoC4/MasterInput.c **** *
 127:Generated_Source\PSoC4/MasterInput.c **** * The pin's status register returns the current logic level present on the 
 128:Generated_Source\PSoC4/MasterInput.c **** * physical pin.
 129:Generated_Source\PSoC4/MasterInput.c **** *
 130:Generated_Source\PSoC4/MasterInput.c **** * \return 
 131:Generated_Source\PSoC4/MasterInput.c **** *  The current value for the pins in the component as a right justified number.
 132:Generated_Source\PSoC4/MasterInput.c **** *
 133:Generated_Source\PSoC4/MasterInput.c **** * \funcusage
 134:Generated_Source\PSoC4/MasterInput.c **** *  \snippet MasterInput_SUT.c usage_MasterInput_Read  
 135:Generated_Source\PSoC4/MasterInput.c **** *******************************************************************************/
 136:Generated_Source\PSoC4/MasterInput.c **** uint8 MasterInput_Read(void)
 137:Generated_Source\PSoC4/MasterInput.c **** {
 403              		.loc 1 137 0
 404              		.cfi_startproc
 405              		@ args = 0, pretend = 0, frame = 0
 406              		@ frame_needed = 0, uses_anonymous_args = 0
ARM GAS  C:\Users\prana\AppData\Local\Temp\cchMZDwU.s 			page 26


 407              		@ link register save eliminated.
 138:Generated_Source\PSoC4/MasterInput.c ****     return (uint8)((MasterInput_PS & MasterInput_MASK) >> MasterInput_SHIFT);
 408              		.loc 1 138 0
 409 0000 024B     		ldr	r3, .L8
 139:Generated_Source\PSoC4/MasterInput.c **** }
 410              		.loc 1 139 0
 411              		@ sp needed
 138:Generated_Source\PSoC4/MasterInput.c ****     return (uint8)((MasterInput_PS & MasterInput_MASK) >> MasterInput_SHIFT);
 412              		.loc 1 138 0
 413 0002 1868     		ldr	r0, [r3]
 414 0004 0007     		lsls	r0, r0, #28
 415 0006 C00F     		lsrs	r0, r0, #31
 416              		.loc 1 139 0
 417 0008 7047     		bx	lr
 418              	.L9:
 419 000a C046     		.align	2
 420              	.L8:
 421 000c 04010440 		.word	1074004228
 422              		.cfi_endproc
 423              	.LFE2:
 424              		.size	MasterInput_Read, .-MasterInput_Read
 425              		.section	.text.MasterInput_ReadDataReg,"ax",%progbits
 426              		.align	1
 427              		.global	MasterInput_ReadDataReg
 428              		.code	16
 429              		.thumb_func
 430              		.type	MasterInput_ReadDataReg, %function
 431              	MasterInput_ReadDataReg:
 432              	.LFB3:
 140:Generated_Source\PSoC4/MasterInput.c **** 
 141:Generated_Source\PSoC4/MasterInput.c **** 
 142:Generated_Source\PSoC4/MasterInput.c **** /*******************************************************************************
 143:Generated_Source\PSoC4/MasterInput.c **** * Function Name: MasterInput_ReadDataReg
 144:Generated_Source\PSoC4/MasterInput.c **** ****************************************************************************//**
 145:Generated_Source\PSoC4/MasterInput.c **** *
 146:Generated_Source\PSoC4/MasterInput.c **** * \brief Reads the associated physical port's data output register and masks 
 147:Generated_Source\PSoC4/MasterInput.c **** *  the correct bits according to the width and bit position of the component 
 148:Generated_Source\PSoC4/MasterInput.c **** *  instance. 
 149:Generated_Source\PSoC4/MasterInput.c **** *
 150:Generated_Source\PSoC4/MasterInput.c **** * The data output register controls the signal applied to the physical pin in 
 151:Generated_Source\PSoC4/MasterInput.c **** * conjunction with the drive mode parameter. This is not the same as the 
 152:Generated_Source\PSoC4/MasterInput.c **** * preferred MasterInput_Read() API because the 
 153:Generated_Source\PSoC4/MasterInput.c **** * MasterInput_ReadDataReg() reads the data register instead of the status 
 154:Generated_Source\PSoC4/MasterInput.c **** * register. For output pins this is a useful function to determine the value 
 155:Generated_Source\PSoC4/MasterInput.c **** * just written to the pin.
 156:Generated_Source\PSoC4/MasterInput.c **** *
 157:Generated_Source\PSoC4/MasterInput.c **** * \return 
 158:Generated_Source\PSoC4/MasterInput.c **** *  The current value of the data register masked and shifted into a right 
 159:Generated_Source\PSoC4/MasterInput.c **** *  justified number for the component instance.
 160:Generated_Source\PSoC4/MasterInput.c **** *
 161:Generated_Source\PSoC4/MasterInput.c **** * \funcusage
 162:Generated_Source\PSoC4/MasterInput.c **** *  \snippet MasterInput_SUT.c usage_MasterInput_ReadDataReg 
 163:Generated_Source\PSoC4/MasterInput.c **** *******************************************************************************/
 164:Generated_Source\PSoC4/MasterInput.c **** uint8 MasterInput_ReadDataReg(void)
 165:Generated_Source\PSoC4/MasterInput.c **** {
 433              		.loc 1 165 0
 434              		.cfi_startproc
ARM GAS  C:\Users\prana\AppData\Local\Temp\cchMZDwU.s 			page 27


 435              		@ args = 0, pretend = 0, frame = 0
 436              		@ frame_needed = 0, uses_anonymous_args = 0
 437              		@ link register save eliminated.
 166:Generated_Source\PSoC4/MasterInput.c ****     return (uint8)((MasterInput_DR & MasterInput_MASK) >> MasterInput_SHIFT);
 438              		.loc 1 166 0
 439 0000 024B     		ldr	r3, .L11
 167:Generated_Source\PSoC4/MasterInput.c **** }
 440              		.loc 1 167 0
 441              		@ sp needed
 166:Generated_Source\PSoC4/MasterInput.c ****     return (uint8)((MasterInput_DR & MasterInput_MASK) >> MasterInput_SHIFT);
 442              		.loc 1 166 0
 443 0002 1868     		ldr	r0, [r3]
 444 0004 0007     		lsls	r0, r0, #28
 445 0006 C00F     		lsrs	r0, r0, #31
 446              		.loc 1 167 0
 447 0008 7047     		bx	lr
 448              	.L12:
 449 000a C046     		.align	2
 450              	.L11:
 451 000c 00010440 		.word	1074004224
 452              		.cfi_endproc
 453              	.LFE3:
 454              		.size	MasterInput_ReadDataReg, .-MasterInput_ReadDataReg
 455              		.section	.text.MasterInput_SetInterruptMode,"ax",%progbits
 456              		.align	1
 457              		.global	MasterInput_SetInterruptMode
 458              		.code	16
 459              		.thumb_func
 460              		.type	MasterInput_SetInterruptMode, %function
 461              	MasterInput_SetInterruptMode:
 462              	.LFB4:
 168:Generated_Source\PSoC4/MasterInput.c **** 
 169:Generated_Source\PSoC4/MasterInput.c **** 
 170:Generated_Source\PSoC4/MasterInput.c **** /*******************************************************************************
 171:Generated_Source\PSoC4/MasterInput.c **** * Function Name: MasterInput_SetInterruptMode
 172:Generated_Source\PSoC4/MasterInput.c **** ****************************************************************************//**
 173:Generated_Source\PSoC4/MasterInput.c **** *
 174:Generated_Source\PSoC4/MasterInput.c **** * \brief Configures the interrupt mode for each of the Pins component's
 175:Generated_Source\PSoC4/MasterInput.c **** *  pins. Alternatively you may set the interrupt mode for all the pins
 176:Generated_Source\PSoC4/MasterInput.c **** *  specified in the Pins component.
 177:Generated_Source\PSoC4/MasterInput.c **** *
 178:Generated_Source\PSoC4/MasterInput.c **** *  <b>Note</b> The interrupt is port-wide and therefore any enabled pin
 179:Generated_Source\PSoC4/MasterInput.c **** *  interrupt may trigger it.
 180:Generated_Source\PSoC4/MasterInput.c **** *
 181:Generated_Source\PSoC4/MasterInput.c **** * \param position
 182:Generated_Source\PSoC4/MasterInput.c **** *  The pin position as listed in the Pins component. You may OR these to be 
 183:Generated_Source\PSoC4/MasterInput.c **** *  able to configure the interrupt mode of multiple pins within a Pins 
 184:Generated_Source\PSoC4/MasterInput.c **** *  component. Or you may use MasterInput_INTR_ALL to configure the
 185:Generated_Source\PSoC4/MasterInput.c **** *  interrupt mode of all the pins in the Pins component.       
 186:Generated_Source\PSoC4/MasterInput.c **** *  - MasterInput_0_INTR       (First pin in the list)
 187:Generated_Source\PSoC4/MasterInput.c **** *  - MasterInput_1_INTR       (Second pin in the list)
 188:Generated_Source\PSoC4/MasterInput.c **** *  - ...
 189:Generated_Source\PSoC4/MasterInput.c **** *  - MasterInput_INTR_ALL     (All pins in Pins component)
 190:Generated_Source\PSoC4/MasterInput.c **** *
 191:Generated_Source\PSoC4/MasterInput.c **** * \param mode
 192:Generated_Source\PSoC4/MasterInput.c **** *  Interrupt mode for the selected pins. Valid options are documented in
 193:Generated_Source\PSoC4/MasterInput.c **** *  \ref intrMode.
ARM GAS  C:\Users\prana\AppData\Local\Temp\cchMZDwU.s 			page 28


 194:Generated_Source\PSoC4/MasterInput.c **** *
 195:Generated_Source\PSoC4/MasterInput.c **** * \return 
 196:Generated_Source\PSoC4/MasterInput.c **** *  None
 197:Generated_Source\PSoC4/MasterInput.c **** *  
 198:Generated_Source\PSoC4/MasterInput.c **** * \sideeffect
 199:Generated_Source\PSoC4/MasterInput.c **** *  It is recommended that the interrupt be disabled before calling this 
 200:Generated_Source\PSoC4/MasterInput.c **** *  function to avoid unintended interrupt requests. Note that the interrupt
 201:Generated_Source\PSoC4/MasterInput.c **** *  type is port wide, and therefore will trigger for any enabled pin on the 
 202:Generated_Source\PSoC4/MasterInput.c **** *  port.
 203:Generated_Source\PSoC4/MasterInput.c **** *
 204:Generated_Source\PSoC4/MasterInput.c **** * \funcusage
 205:Generated_Source\PSoC4/MasterInput.c **** *  \snippet MasterInput_SUT.c usage_MasterInput_SetInterruptMode
 206:Generated_Source\PSoC4/MasterInput.c **** *******************************************************************************/
 207:Generated_Source\PSoC4/MasterInput.c **** void MasterInput_SetInterruptMode(uint16 position, uint16 mode)
 208:Generated_Source\PSoC4/MasterInput.c **** {
 463              		.loc 1 208 0
 464              		.cfi_startproc
 465              		@ args = 0, pretend = 0, frame = 0
 466              		@ frame_needed = 0, uses_anonymous_args = 0
 467              		@ link register save eliminated.
 468              	.LVL4:
 209:Generated_Source\PSoC4/MasterInput.c ****     uint32 intrCfg;
 210:Generated_Source\PSoC4/MasterInput.c ****     
 211:Generated_Source\PSoC4/MasterInput.c ****     intrCfg =  MasterInput_INTCFG & (uint32)(~(uint32)position);
 469              		.loc 1 211 0
 470 0000 034A     		ldr	r2, .L14
 212:Generated_Source\PSoC4/MasterInput.c ****     MasterInput_INTCFG = intrCfg | ((uint32)position & (uint32)mode);
 213:Generated_Source\PSoC4/MasterInput.c **** }
 471              		.loc 1 213 0
 472              		@ sp needed
 211:Generated_Source\PSoC4/MasterInput.c ****     MasterInput_INTCFG = intrCfg | ((uint32)position & (uint32)mode);
 473              		.loc 1 211 0
 474 0002 1368     		ldr	r3, [r2]
 475              	.LVL5:
 212:Generated_Source\PSoC4/MasterInput.c ****     MasterInput_INTCFG = intrCfg | ((uint32)position & (uint32)mode);
 476              		.loc 1 212 0
 477 0004 8343     		bics	r3, r0
 478              	.LVL6:
 479 0006 0840     		ands	r0, r1
 480              	.LVL7:
 481 0008 1843     		orrs	r0, r3
 482 000a 1060     		str	r0, [r2]
 483              		.loc 1 213 0
 484 000c 7047     		bx	lr
 485              	.L15:
 486 000e C046     		.align	2
 487              	.L14:
 488 0010 0C010440 		.word	1074004236
 489              		.cfi_endproc
 490              	.LFE4:
 491              		.size	MasterInput_SetInterruptMode, .-MasterInput_SetInterruptMode
 492              		.section	.text.MasterInput_ClearInterrupt,"ax",%progbits
 493              		.align	1
 494              		.global	MasterInput_ClearInterrupt
 495              		.code	16
 496              		.thumb_func
 497              		.type	MasterInput_ClearInterrupt, %function
ARM GAS  C:\Users\prana\AppData\Local\Temp\cchMZDwU.s 			page 29


 498              	MasterInput_ClearInterrupt:
 499              	.LFB5:
 214:Generated_Source\PSoC4/MasterInput.c **** 
 215:Generated_Source\PSoC4/MasterInput.c **** 
 216:Generated_Source\PSoC4/MasterInput.c **** /*******************************************************************************
 217:Generated_Source\PSoC4/MasterInput.c **** * Function Name: MasterInput_ClearInterrupt
 218:Generated_Source\PSoC4/MasterInput.c **** ****************************************************************************//**
 219:Generated_Source\PSoC4/MasterInput.c **** *
 220:Generated_Source\PSoC4/MasterInput.c **** * \brief Clears any active interrupts attached with the component and returns 
 221:Generated_Source\PSoC4/MasterInput.c **** *  the value of the interrupt status register allowing determination of which
 222:Generated_Source\PSoC4/MasterInput.c **** *  pins generated an interrupt event.
 223:Generated_Source\PSoC4/MasterInput.c **** *
 224:Generated_Source\PSoC4/MasterInput.c **** * \return 
 225:Generated_Source\PSoC4/MasterInput.c **** *  The right-shifted current value of the interrupt status register. Each pin 
 226:Generated_Source\PSoC4/MasterInput.c **** *  has one bit set if it generated an interrupt event. For example, bit 0 is 
 227:Generated_Source\PSoC4/MasterInput.c **** *  for pin 0 and bit 1 is for pin 1 of the Pins component.
 228:Generated_Source\PSoC4/MasterInput.c **** *  
 229:Generated_Source\PSoC4/MasterInput.c **** * \sideeffect
 230:Generated_Source\PSoC4/MasterInput.c **** *  Clears all bits of the physical port's interrupt status register, not just
 231:Generated_Source\PSoC4/MasterInput.c **** *  those associated with the Pins component.
 232:Generated_Source\PSoC4/MasterInput.c **** *
 233:Generated_Source\PSoC4/MasterInput.c **** * \funcusage
 234:Generated_Source\PSoC4/MasterInput.c **** *  \snippet MasterInput_SUT.c usage_MasterInput_ClearInterrupt
 235:Generated_Source\PSoC4/MasterInput.c **** *******************************************************************************/
 236:Generated_Source\PSoC4/MasterInput.c **** uint8 MasterInput_ClearInterrupt(void)
 237:Generated_Source\PSoC4/MasterInput.c **** {
 500              		.loc 1 237 0
 501              		.cfi_startproc
 502              		@ args = 0, pretend = 0, frame = 0
 503              		@ frame_needed = 0, uses_anonymous_args = 0
 504              		@ link register save eliminated.
 238:Generated_Source\PSoC4/MasterInput.c **** 	uint8 maskedStatus = (uint8)(MasterInput_INTSTAT & MasterInput_MASK);
 505              		.loc 1 238 0
 506 0000 0823     		movs	r3, #8
 507 0002 034A     		ldr	r2, .L17
 239:Generated_Source\PSoC4/MasterInput.c **** 	MasterInput_INTSTAT = maskedStatus;
 240:Generated_Source\PSoC4/MasterInput.c ****     return maskedStatus >> MasterInput_SHIFT;
 241:Generated_Source\PSoC4/MasterInput.c **** }
 508              		.loc 1 241 0
 509              		@ sp needed
 238:Generated_Source\PSoC4/MasterInput.c **** 	uint8 maskedStatus = (uint8)(MasterInput_INTSTAT & MasterInput_MASK);
 510              		.loc 1 238 0
 511 0004 1068     		ldr	r0, [r2]
 512 0006 1840     		ands	r0, r3
 513              	.LVL8:
 239:Generated_Source\PSoC4/MasterInput.c **** 	MasterInput_INTSTAT = maskedStatus;
 514              		.loc 1 239 0
 515 0008 1060     		str	r0, [r2]
 240:Generated_Source\PSoC4/MasterInput.c **** }
 516              		.loc 1 240 0
 517 000a C008     		lsrs	r0, r0, #3
 518              	.LVL9:
 519 000c C0B2     		uxtb	r0, r0
 520              		.loc 1 241 0
 521 000e 7047     		bx	lr
 522              	.L18:
 523              		.align	2
ARM GAS  C:\Users\prana\AppData\Local\Temp\cchMZDwU.s 			page 30


 524              	.L17:
 525 0010 10010440 		.word	1074004240
 526              		.cfi_endproc
 527              	.LFE5:
 528              		.size	MasterInput_ClearInterrupt, .-MasterInput_ClearInterrupt
 529              		.text
 530              	.Letext0:
 531              		.file 2 "Generated_Source\\PSoC4\\cytypes.h"
 532              		.section	.debug_info,"",%progbits
 533              	.Ldebug_info0:
 534 0000 97010000 		.4byte	0x197
 535 0004 0400     		.2byte	0x4
 536 0006 00000000 		.4byte	.Ldebug_abbrev0
 537 000a 04       		.byte	0x4
 538 000b 01       		.uleb128 0x1
 539 000c 03010000 		.4byte	.LASF27
 540 0010 0C       		.byte	0xc
 541 0011 B2000000 		.4byte	.LASF28
 542 0015 31020000 		.4byte	.LASF29
 543 0019 00000000 		.4byte	.Ldebug_ranges0+0
 544 001d 00000000 		.4byte	0
 545 0021 00000000 		.4byte	.Ldebug_line0
 546 0025 02       		.uleb128 0x2
 547 0026 01       		.byte	0x1
 548 0027 06       		.byte	0x6
 549 0028 25020000 		.4byte	.LASF0
 550 002c 02       		.uleb128 0x2
 551 002d 01       		.byte	0x1
 552 002e 08       		.byte	0x8
 553 002f 31000000 		.4byte	.LASF1
 554 0033 02       		.uleb128 0x2
 555 0034 02       		.byte	0x2
 556 0035 05       		.byte	0x5
 557 0036 0C020000 		.4byte	.LASF2
 558 003a 02       		.uleb128 0x2
 559 003b 02       		.byte	0x2
 560 003c 07       		.byte	0x7
 561 003d 81000000 		.4byte	.LASF3
 562 0041 02       		.uleb128 0x2
 563 0042 04       		.byte	0x4
 564 0043 05       		.byte	0x5
 565 0044 1C020000 		.4byte	.LASF4
 566 0048 02       		.uleb128 0x2
 567 0049 04       		.byte	0x4
 568 004a 07       		.byte	0x7
 569 004b 6F000000 		.4byte	.LASF5
 570 004f 02       		.uleb128 0x2
 571 0050 08       		.byte	0x8
 572 0051 05       		.byte	0x5
 573 0052 C4010000 		.4byte	.LASF6
 574 0056 02       		.uleb128 0x2
 575 0057 08       		.byte	0x8
 576 0058 07       		.byte	0x7
 577 0059 EC000000 		.4byte	.LASF7
 578 005d 03       		.uleb128 0x3
 579 005e 04       		.byte	0x4
 580 005f 05       		.byte	0x5
ARM GAS  C:\Users\prana\AppData\Local\Temp\cchMZDwU.s 			page 31


 581 0060 696E7400 		.ascii	"int\000"
 582 0064 02       		.uleb128 0x2
 583 0065 04       		.byte	0x4
 584 0066 07       		.byte	0x7
 585 0067 DF000000 		.4byte	.LASF8
 586 006b 04       		.uleb128 0x4
 587 006c 16020000 		.4byte	.LASF9
 588 0070 02       		.byte	0x2
 589 0071 D201     		.2byte	0x1d2
 590 0073 2C000000 		.4byte	0x2c
 591 0077 04       		.uleb128 0x4
 592 0078 9B000000 		.4byte	.LASF10
 593 007c 02       		.byte	0x2
 594 007d D301     		.2byte	0x1d3
 595 007f 3A000000 		.4byte	0x3a
 596 0083 04       		.uleb128 0x4
 597 0084 AB000000 		.4byte	.LASF11
 598 0088 02       		.byte	0x2
 599 0089 D401     		.2byte	0x1d4
 600 008b 48000000 		.4byte	0x48
 601 008f 02       		.uleb128 0x2
 602 0090 04       		.byte	0x4
 603 0091 04       		.byte	0x4
 604 0092 2B000000 		.4byte	.LASF12
 605 0096 02       		.uleb128 0x2
 606 0097 08       		.byte	0x8
 607 0098 04       		.byte	0x4
 608 0099 94000000 		.4byte	.LASF13
 609 009d 02       		.uleb128 0x2
 610 009e 01       		.byte	0x1
 611 009f 08       		.byte	0x8
 612 00a0 EF010000 		.4byte	.LASF14
 613 00a4 04       		.uleb128 0x4
 614 00a5 00000000 		.4byte	.LASF15
 615 00a9 02       		.byte	0x2
 616 00aa 7E02     		.2byte	0x27e
 617 00ac B0000000 		.4byte	0xb0
 618 00b0 05       		.uleb128 0x5
 619 00b1 83000000 		.4byte	0x83
 620 00b5 06       		.uleb128 0x6
 621 00b6 56000000 		.4byte	.LASF16
 622 00ba 01       		.byte	0x1
 623 00bb 48       		.byte	0x48
 624 00bc 00000000 		.4byte	.LFB0
 625 00c0 18000000 		.4byte	.LFE0-.LFB0
 626 00c4 01       		.uleb128 0x1
 627 00c5 9C       		.byte	0x9c
 628 00c6 DA000000 		.4byte	0xda
 629 00ca 07       		.uleb128 0x7
 630 00cb BF010000 		.4byte	.LASF18
 631 00cf 01       		.byte	0x1
 632 00d0 48       		.byte	0x48
 633 00d1 6B000000 		.4byte	0x6b
 634 00d5 00000000 		.4byte	.LLST0
 635 00d9 00       		.byte	0
 636 00da 06       		.uleb128 0x6
 637 00db 19000000 		.4byte	.LASF17
ARM GAS  C:\Users\prana\AppData\Local\Temp\cchMZDwU.s 			page 32


 638 00df 01       		.byte	0x1
 639 00e0 6F       		.byte	0x6f
 640 00e1 00000000 		.4byte	.LFB1
 641 00e5 18000000 		.4byte	.LFE1-.LFB1
 642 00e9 01       		.uleb128 0x1
 643 00ea 9C       		.byte	0x9c
 644 00eb 0A010000 		.4byte	0x10a
 645 00ef 07       		.uleb128 0x7
 646 00f0 13000000 		.4byte	.LASF19
 647 00f4 01       		.byte	0x1
 648 00f5 6F       		.byte	0x6f
 649 00f6 6B000000 		.4byte	0x6b
 650 00fa 21000000 		.4byte	.LLST1
 651 00fe 08       		.uleb128 0x8
 652 00ff 50000000 		.4byte	.LASF30
 653 0103 01       		.byte	0x1
 654 0104 71       		.byte	0x71
 655 0105 6B000000 		.4byte	0x6b
 656 0109 00       		.byte	0
 657 010a 09       		.uleb128 0x9
 658 010b 3F000000 		.4byte	.LASF20
 659 010f 01       		.byte	0x1
 660 0110 88       		.byte	0x88
 661 0111 6B000000 		.4byte	0x6b
 662 0115 00000000 		.4byte	.LFB2
 663 0119 10000000 		.4byte	.LFE2-.LFB2
 664 011d 01       		.uleb128 0x1
 665 011e 9C       		.byte	0x9c
 666 011f 09       		.uleb128 0x9
 667 0120 F4010000 		.4byte	.LASF21
 668 0124 01       		.byte	0x1
 669 0125 A4       		.byte	0xa4
 670 0126 6B000000 		.4byte	0x6b
 671 012a 00000000 		.4byte	.LFB3
 672 012e 10000000 		.4byte	.LFE3-.LFB3
 673 0132 01       		.uleb128 0x1
 674 0133 9C       		.byte	0x9c
 675 0134 06       		.uleb128 0x6
 676 0135 D2010000 		.4byte	.LASF22
 677 0139 01       		.byte	0x1
 678 013a CF       		.byte	0xcf
 679 013b 00000000 		.4byte	.LFB4
 680 013f 14000000 		.4byte	.LFE4-.LFB4
 681 0143 01       		.uleb128 0x1
 682 0144 9C       		.byte	0x9c
 683 0145 75010000 		.4byte	0x175
 684 0149 07       		.uleb128 0x7
 685 014a A2000000 		.4byte	.LASF23
 686 014e 01       		.byte	0x1
 687 014f CF       		.byte	0xcf
 688 0150 77000000 		.4byte	0x77
 689 0154 42000000 		.4byte	.LLST2
 690 0158 0A       		.uleb128 0xa
 691 0159 BF010000 		.4byte	.LASF18
 692 015d 01       		.byte	0x1
 693 015e CF       		.byte	0xcf
 694 015f 77000000 		.4byte	0x77
ARM GAS  C:\Users\prana\AppData\Local\Temp\cchMZDwU.s 			page 33


 695 0163 01       		.uleb128 0x1
 696 0164 51       		.byte	0x51
 697 0165 0B       		.uleb128 0xb
 698 0166 D7000000 		.4byte	.LASF25
 699 016a 01       		.byte	0x1
 700 016b D1       		.byte	0xd1
 701 016c 83000000 		.4byte	0x83
 702 0170 63000000 		.4byte	.LLST3
 703 0174 00       		.byte	0
 704 0175 0C       		.uleb128 0xc
 705 0176 76020000 		.4byte	.LASF24
 706 017a 01       		.byte	0x1
 707 017b EC       		.byte	0xec
 708 017c 6B000000 		.4byte	0x6b
 709 0180 00000000 		.4byte	.LFB5
 710 0184 14000000 		.4byte	.LFE5-.LFB5
 711 0188 01       		.uleb128 0x1
 712 0189 9C       		.byte	0x9c
 713 018a 0B       		.uleb128 0xb
 714 018b 06000000 		.4byte	.LASF26
 715 018f 01       		.byte	0x1
 716 0190 EE       		.byte	0xee
 717 0191 6B000000 		.4byte	0x6b
 718 0195 80000000 		.4byte	.LLST4
 719 0199 00       		.byte	0
 720 019a 00       		.byte	0
 721              		.section	.debug_abbrev,"",%progbits
 722              	.Ldebug_abbrev0:
 723 0000 01       		.uleb128 0x1
 724 0001 11       		.uleb128 0x11
 725 0002 01       		.byte	0x1
 726 0003 25       		.uleb128 0x25
 727 0004 0E       		.uleb128 0xe
 728 0005 13       		.uleb128 0x13
 729 0006 0B       		.uleb128 0xb
 730 0007 03       		.uleb128 0x3
 731 0008 0E       		.uleb128 0xe
 732 0009 1B       		.uleb128 0x1b
 733 000a 0E       		.uleb128 0xe
 734 000b 55       		.uleb128 0x55
 735 000c 17       		.uleb128 0x17
 736 000d 11       		.uleb128 0x11
 737 000e 01       		.uleb128 0x1
 738 000f 10       		.uleb128 0x10
 739 0010 17       		.uleb128 0x17
 740 0011 00       		.byte	0
 741 0012 00       		.byte	0
 742 0013 02       		.uleb128 0x2
 743 0014 24       		.uleb128 0x24
 744 0015 00       		.byte	0
 745 0016 0B       		.uleb128 0xb
 746 0017 0B       		.uleb128 0xb
 747 0018 3E       		.uleb128 0x3e
 748 0019 0B       		.uleb128 0xb
 749 001a 03       		.uleb128 0x3
 750 001b 0E       		.uleb128 0xe
 751 001c 00       		.byte	0
ARM GAS  C:\Users\prana\AppData\Local\Temp\cchMZDwU.s 			page 34


 752 001d 00       		.byte	0
 753 001e 03       		.uleb128 0x3
 754 001f 24       		.uleb128 0x24
 755 0020 00       		.byte	0
 756 0021 0B       		.uleb128 0xb
 757 0022 0B       		.uleb128 0xb
 758 0023 3E       		.uleb128 0x3e
 759 0024 0B       		.uleb128 0xb
 760 0025 03       		.uleb128 0x3
 761 0026 08       		.uleb128 0x8
 762 0027 00       		.byte	0
 763 0028 00       		.byte	0
 764 0029 04       		.uleb128 0x4
 765 002a 16       		.uleb128 0x16
 766 002b 00       		.byte	0
 767 002c 03       		.uleb128 0x3
 768 002d 0E       		.uleb128 0xe
 769 002e 3A       		.uleb128 0x3a
 770 002f 0B       		.uleb128 0xb
 771 0030 3B       		.uleb128 0x3b
 772 0031 05       		.uleb128 0x5
 773 0032 49       		.uleb128 0x49
 774 0033 13       		.uleb128 0x13
 775 0034 00       		.byte	0
 776 0035 00       		.byte	0
 777 0036 05       		.uleb128 0x5
 778 0037 35       		.uleb128 0x35
 779 0038 00       		.byte	0
 780 0039 49       		.uleb128 0x49
 781 003a 13       		.uleb128 0x13
 782 003b 00       		.byte	0
 783 003c 00       		.byte	0
 784 003d 06       		.uleb128 0x6
 785 003e 2E       		.uleb128 0x2e
 786 003f 01       		.byte	0x1
 787 0040 3F       		.uleb128 0x3f
 788 0041 19       		.uleb128 0x19
 789 0042 03       		.uleb128 0x3
 790 0043 0E       		.uleb128 0xe
 791 0044 3A       		.uleb128 0x3a
 792 0045 0B       		.uleb128 0xb
 793 0046 3B       		.uleb128 0x3b
 794 0047 0B       		.uleb128 0xb
 795 0048 27       		.uleb128 0x27
 796 0049 19       		.uleb128 0x19
 797 004a 11       		.uleb128 0x11
 798 004b 01       		.uleb128 0x1
 799 004c 12       		.uleb128 0x12
 800 004d 06       		.uleb128 0x6
 801 004e 40       		.uleb128 0x40
 802 004f 18       		.uleb128 0x18
 803 0050 9742     		.uleb128 0x2117
 804 0052 19       		.uleb128 0x19
 805 0053 01       		.uleb128 0x1
 806 0054 13       		.uleb128 0x13
 807 0055 00       		.byte	0
 808 0056 00       		.byte	0
ARM GAS  C:\Users\prana\AppData\Local\Temp\cchMZDwU.s 			page 35


 809 0057 07       		.uleb128 0x7
 810 0058 05       		.uleb128 0x5
 811 0059 00       		.byte	0
 812 005a 03       		.uleb128 0x3
 813 005b 0E       		.uleb128 0xe
 814 005c 3A       		.uleb128 0x3a
 815 005d 0B       		.uleb128 0xb
 816 005e 3B       		.uleb128 0x3b
 817 005f 0B       		.uleb128 0xb
 818 0060 49       		.uleb128 0x49
 819 0061 13       		.uleb128 0x13
 820 0062 02       		.uleb128 0x2
 821 0063 17       		.uleb128 0x17
 822 0064 00       		.byte	0
 823 0065 00       		.byte	0
 824 0066 08       		.uleb128 0x8
 825 0067 34       		.uleb128 0x34
 826 0068 00       		.byte	0
 827 0069 03       		.uleb128 0x3
 828 006a 0E       		.uleb128 0xe
 829 006b 3A       		.uleb128 0x3a
 830 006c 0B       		.uleb128 0xb
 831 006d 3B       		.uleb128 0x3b
 832 006e 0B       		.uleb128 0xb
 833 006f 49       		.uleb128 0x49
 834 0070 13       		.uleb128 0x13
 835 0071 00       		.byte	0
 836 0072 00       		.byte	0
 837 0073 09       		.uleb128 0x9
 838 0074 2E       		.uleb128 0x2e
 839 0075 00       		.byte	0
 840 0076 3F       		.uleb128 0x3f
 841 0077 19       		.uleb128 0x19
 842 0078 03       		.uleb128 0x3
 843 0079 0E       		.uleb128 0xe
 844 007a 3A       		.uleb128 0x3a
 845 007b 0B       		.uleb128 0xb
 846 007c 3B       		.uleb128 0x3b
 847 007d 0B       		.uleb128 0xb
 848 007e 27       		.uleb128 0x27
 849 007f 19       		.uleb128 0x19
 850 0080 49       		.uleb128 0x49
 851 0081 13       		.uleb128 0x13
 852 0082 11       		.uleb128 0x11
 853 0083 01       		.uleb128 0x1
 854 0084 12       		.uleb128 0x12
 855 0085 06       		.uleb128 0x6
 856 0086 40       		.uleb128 0x40
 857 0087 18       		.uleb128 0x18
 858 0088 9742     		.uleb128 0x2117
 859 008a 19       		.uleb128 0x19
 860 008b 00       		.byte	0
 861 008c 00       		.byte	0
 862 008d 0A       		.uleb128 0xa
 863 008e 05       		.uleb128 0x5
 864 008f 00       		.byte	0
 865 0090 03       		.uleb128 0x3
ARM GAS  C:\Users\prana\AppData\Local\Temp\cchMZDwU.s 			page 36


 866 0091 0E       		.uleb128 0xe
 867 0092 3A       		.uleb128 0x3a
 868 0093 0B       		.uleb128 0xb
 869 0094 3B       		.uleb128 0x3b
 870 0095 0B       		.uleb128 0xb
 871 0096 49       		.uleb128 0x49
 872 0097 13       		.uleb128 0x13
 873 0098 02       		.uleb128 0x2
 874 0099 18       		.uleb128 0x18
 875 009a 00       		.byte	0
 876 009b 00       		.byte	0
 877 009c 0B       		.uleb128 0xb
 878 009d 34       		.uleb128 0x34
 879 009e 00       		.byte	0
 880 009f 03       		.uleb128 0x3
 881 00a0 0E       		.uleb128 0xe
 882 00a1 3A       		.uleb128 0x3a
 883 00a2 0B       		.uleb128 0xb
 884 00a3 3B       		.uleb128 0x3b
 885 00a4 0B       		.uleb128 0xb
 886 00a5 49       		.uleb128 0x49
 887 00a6 13       		.uleb128 0x13
 888 00a7 02       		.uleb128 0x2
 889 00a8 17       		.uleb128 0x17
 890 00a9 00       		.byte	0
 891 00aa 00       		.byte	0
 892 00ab 0C       		.uleb128 0xc
 893 00ac 2E       		.uleb128 0x2e
 894 00ad 01       		.byte	0x1
 895 00ae 3F       		.uleb128 0x3f
 896 00af 19       		.uleb128 0x19
 897 00b0 03       		.uleb128 0x3
 898 00b1 0E       		.uleb128 0xe
 899 00b2 3A       		.uleb128 0x3a
 900 00b3 0B       		.uleb128 0xb
 901 00b4 3B       		.uleb128 0x3b
 902 00b5 0B       		.uleb128 0xb
 903 00b6 27       		.uleb128 0x27
 904 00b7 19       		.uleb128 0x19
 905 00b8 49       		.uleb128 0x49
 906 00b9 13       		.uleb128 0x13
 907 00ba 11       		.uleb128 0x11
 908 00bb 01       		.uleb128 0x1
 909 00bc 12       		.uleb128 0x12
 910 00bd 06       		.uleb128 0x6
 911 00be 40       		.uleb128 0x40
 912 00bf 18       		.uleb128 0x18
 913 00c0 9742     		.uleb128 0x2117
 914 00c2 19       		.uleb128 0x19
 915 00c3 00       		.byte	0
 916 00c4 00       		.byte	0
 917 00c5 00       		.byte	0
 918              		.section	.debug_loc,"",%progbits
 919              	.Ldebug_loc0:
 920              	.LLST0:
 921 0000 00000000 		.4byte	.LVL0
 922 0004 08000000 		.4byte	.LVL1
ARM GAS  C:\Users\prana\AppData\Local\Temp\cchMZDwU.s 			page 37


 923 0008 0100     		.2byte	0x1
 924 000a 50       		.byte	0x50
 925 000b 08000000 		.4byte	.LVL1
 926 000f 18000000 		.4byte	.LFE0
 927 0013 0400     		.2byte	0x4
 928 0015 F3       		.byte	0xf3
 929 0016 01       		.uleb128 0x1
 930 0017 50       		.byte	0x50
 931 0018 9F       		.byte	0x9f
 932 0019 00000000 		.4byte	0
 933 001d 00000000 		.4byte	0
 934              	.LLST1:
 935 0021 00000000 		.4byte	.LVL2
 936 0025 06000000 		.4byte	.LVL3
 937 0029 0100     		.2byte	0x1
 938 002b 50       		.byte	0x50
 939 002c 06000000 		.4byte	.LVL3
 940 0030 18000000 		.4byte	.LFE1
 941 0034 0400     		.2byte	0x4
 942 0036 F3       		.byte	0xf3
 943 0037 01       		.uleb128 0x1
 944 0038 50       		.byte	0x50
 945 0039 9F       		.byte	0x9f
 946 003a 00000000 		.4byte	0
 947 003e 00000000 		.4byte	0
 948              	.LLST2:
 949 0042 00000000 		.4byte	.LVL4
 950 0046 08000000 		.4byte	.LVL7
 951 004a 0100     		.2byte	0x1
 952 004c 50       		.byte	0x50
 953 004d 08000000 		.4byte	.LVL7
 954 0051 14000000 		.4byte	.LFE4
 955 0055 0400     		.2byte	0x4
 956 0057 F3       		.byte	0xf3
 957 0058 01       		.uleb128 0x1
 958 0059 50       		.byte	0x50
 959 005a 9F       		.byte	0x9f
 960 005b 00000000 		.4byte	0
 961 005f 00000000 		.4byte	0
 962              	.LLST3:
 963 0063 04000000 		.4byte	.LVL5
 964 0067 06000000 		.4byte	.LVL6
 965 006b 0B00     		.2byte	0xb
 966 006d 70       		.byte	0x70
 967 006e 00       		.sleb128 0
 968 006f 0A       		.byte	0xa
 969 0070 FFFF     		.2byte	0xffff
 970 0072 1A       		.byte	0x1a
 971 0073 20       		.byte	0x20
 972 0074 73       		.byte	0x73
 973 0075 00       		.sleb128 0
 974 0076 1A       		.byte	0x1a
 975 0077 9F       		.byte	0x9f
 976 0078 00000000 		.4byte	0
 977 007c 00000000 		.4byte	0
 978              	.LLST4:
 979 0080 08000000 		.4byte	.LVL8
ARM GAS  C:\Users\prana\AppData\Local\Temp\cchMZDwU.s 			page 38


 980 0084 0C000000 		.4byte	.LVL9
 981 0088 0100     		.2byte	0x1
 982 008a 50       		.byte	0x50
 983 008b 0C000000 		.4byte	.LVL9
 984 008f 14000000 		.4byte	.LFE5
 985 0093 0400     		.2byte	0x4
 986 0095 72       		.byte	0x72
 987 0096 00       		.sleb128 0
 988 0097 06       		.byte	0x6
 989 0098 9F       		.byte	0x9f
 990 0099 00000000 		.4byte	0
 991 009d 00000000 		.4byte	0
 992              		.section	.debug_aranges,"",%progbits
 993 0000 44000000 		.4byte	0x44
 994 0004 0200     		.2byte	0x2
 995 0006 00000000 		.4byte	.Ldebug_info0
 996 000a 04       		.byte	0x4
 997 000b 00       		.byte	0
 998 000c 0000     		.2byte	0
 999 000e 0000     		.2byte	0
 1000 0010 00000000 		.4byte	.LFB0
 1001 0014 18000000 		.4byte	.LFE0-.LFB0
 1002 0018 00000000 		.4byte	.LFB1
 1003 001c 18000000 		.4byte	.LFE1-.LFB1
 1004 0020 00000000 		.4byte	.LFB2
 1005 0024 10000000 		.4byte	.LFE2-.LFB2
 1006 0028 00000000 		.4byte	.LFB3
 1007 002c 10000000 		.4byte	.LFE3-.LFB3
 1008 0030 00000000 		.4byte	.LFB4
 1009 0034 14000000 		.4byte	.LFE4-.LFB4
 1010 0038 00000000 		.4byte	.LFB5
 1011 003c 14000000 		.4byte	.LFE5-.LFB5
 1012 0040 00000000 		.4byte	0
 1013 0044 00000000 		.4byte	0
 1014              		.section	.debug_ranges,"",%progbits
 1015              	.Ldebug_ranges0:
 1016 0000 00000000 		.4byte	.LFB0
 1017 0004 18000000 		.4byte	.LFE0
 1018 0008 00000000 		.4byte	.LFB1
 1019 000c 18000000 		.4byte	.LFE1
 1020 0010 00000000 		.4byte	.LFB2
 1021 0014 10000000 		.4byte	.LFE2
 1022 0018 00000000 		.4byte	.LFB3
 1023 001c 10000000 		.4byte	.LFE3
 1024 0020 00000000 		.4byte	.LFB4
 1025 0024 14000000 		.4byte	.LFE4
 1026 0028 00000000 		.4byte	.LFB5
 1027 002c 14000000 		.4byte	.LFE5
 1028 0030 00000000 		.4byte	0
 1029 0034 00000000 		.4byte	0
 1030              		.section	.debug_line,"",%progbits
 1031              	.Ldebug_line0:
 1032 0000 CA000000 		.section	.debug_str,"MS",%progbits,1
 1032      02004800 
 1032      00000201 
 1032      FB0E0D00 
 1032      01010101 
ARM GAS  C:\Users\prana\AppData\Local\Temp\cchMZDwU.s 			page 39


 1033              	.LASF15:
 1034 0000 72656733 		.ascii	"reg32\000"
 1034      3200
 1035              	.LASF26:
 1036 0006 6D61736B 		.ascii	"maskedStatus\000"
 1036      65645374 
 1036      61747573 
 1036      00
 1037              	.LASF19:
 1038 0013 76616C75 		.ascii	"value\000"
 1038      6500
 1039              	.LASF17:
 1040 0019 4D617374 		.ascii	"MasterInput_Write\000"
 1040      6572496E 
 1040      7075745F 
 1040      57726974 
 1040      6500
 1041              	.LASF12:
 1042 002b 666C6F61 		.ascii	"float\000"
 1042      7400
 1043              	.LASF1:
 1044 0031 756E7369 		.ascii	"unsigned char\000"
 1044      676E6564 
 1044      20636861 
 1044      7200
 1045              	.LASF20:
 1046 003f 4D617374 		.ascii	"MasterInput_Read\000"
 1046      6572496E 
 1046      7075745F 
 1046      52656164 
 1046      00
 1047              	.LASF30:
 1048 0050 64725661 		.ascii	"drVal\000"
 1048      6C00
 1049              	.LASF16:
 1050 0056 4D617374 		.ascii	"MasterInput_SetDriveMode\000"
 1050      6572496E 
 1050      7075745F 
 1050      53657444 
 1050      72697665 
 1051              	.LASF5:
 1052 006f 6C6F6E67 		.ascii	"long unsigned int\000"
 1052      20756E73 
 1052      69676E65 
 1052      6420696E 
 1052      7400
 1053              	.LASF3:
 1054 0081 73686F72 		.ascii	"short unsigned int\000"
 1054      7420756E 
 1054      7369676E 
 1054      65642069 
 1054      6E7400
 1055              	.LASF13:
 1056 0094 646F7562 		.ascii	"double\000"
 1056      6C6500
 1057              	.LASF10:
 1058 009b 75696E74 		.ascii	"uint16\000"
ARM GAS  C:\Users\prana\AppData\Local\Temp\cchMZDwU.s 			page 40


 1058      313600
 1059              	.LASF23:
 1060 00a2 706F7369 		.ascii	"position\000"
 1060      74696F6E 
 1060      00
 1061              	.LASF11:
 1062 00ab 75696E74 		.ascii	"uint32\000"
 1062      333200
 1063              	.LASF28:
 1064 00b2 47656E65 		.ascii	"Generated_Source\\PSoC4\\MasterInput.c\000"
 1064      72617465 
 1064      645F536F 
 1064      75726365 
 1064      5C50536F 
 1065              	.LASF25:
 1066 00d7 696E7472 		.ascii	"intrCfg\000"
 1066      43666700 
 1067              	.LASF8:
 1068 00df 756E7369 		.ascii	"unsigned int\000"
 1068      676E6564 
 1068      20696E74 
 1068      00
 1069              	.LASF7:
 1070 00ec 6C6F6E67 		.ascii	"long long unsigned int\000"
 1070      206C6F6E 
 1070      6720756E 
 1070      7369676E 
 1070      65642069 
 1071              	.LASF27:
 1072 0103 474E5520 		.ascii	"GNU C11 5.4.1 20160609 (release) [ARM/embedded-5-br"
 1072      43313120 
 1072      352E342E 
 1072      31203230 
 1072      31363036 
 1073 0136 616E6368 		.ascii	"anch revision 237715] -mcpu=cortex-m0 -mthumb -g -O"
 1073      20726576 
 1073      6973696F 
 1073      6E203233 
 1073      37373135 
 1074 0169 73202D66 		.ascii	"s -ffunction-sections -ffat-lto-objects -finline-fu"
 1074      66756E63 
 1074      74696F6E 
 1074      2D736563 
 1074      74696F6E 
 1075 019c 6E637469 		.ascii	"nctions -flto -fno-strict-aliasing\000"
 1075      6F6E7320 
 1075      2D666C74 
 1075      6F202D66 
 1075      6E6F2D73 
 1076              	.LASF18:
 1077 01bf 6D6F6465 		.ascii	"mode\000"
 1077      00
 1078              	.LASF6:
 1079 01c4 6C6F6E67 		.ascii	"long long int\000"
 1079      206C6F6E 
 1079      6720696E 
 1079      7400
ARM GAS  C:\Users\prana\AppData\Local\Temp\cchMZDwU.s 			page 41


 1080              	.LASF22:
 1081 01d2 4D617374 		.ascii	"MasterInput_SetInterruptMode\000"
 1081      6572496E 
 1081      7075745F 
 1081      53657449 
 1081      6E746572 
 1082              	.LASF14:
 1083 01ef 63686172 		.ascii	"char\000"
 1083      00
 1084              	.LASF21:
 1085 01f4 4D617374 		.ascii	"MasterInput_ReadDataReg\000"
 1085      6572496E 
 1085      7075745F 
 1085      52656164 
 1085      44617461 
 1086              	.LASF2:
 1087 020c 73686F72 		.ascii	"short int\000"
 1087      7420696E 
 1087      7400
 1088              	.LASF9:
 1089 0216 75696E74 		.ascii	"uint8\000"
 1089      3800
 1090              	.LASF4:
 1091 021c 6C6F6E67 		.ascii	"long int\000"
 1091      20696E74 
 1091      00
 1092              	.LASF0:
 1093 0225 7369676E 		.ascii	"signed char\000"
 1093      65642063 
 1093      68617200 
 1094              	.LASF29:
 1095 0231 443A5C56 		.ascii	"D:\\V-TE-PWR\\PDSS_SRC_SNK\\CYPD3171-24LQXQ_pb\\CYP"
 1095      2D54452D 
 1095      5057525C 
 1095      50445353 
 1095      5F535243 
 1096 0260 44333137 		.ascii	"D3171-24LQXQ_pb.cydsn\000"
 1096      312D3234 
 1096      4C515851 
 1096      5F70622E 
 1096      63796473 
 1097              	.LASF24:
 1098 0276 4D617374 		.ascii	"MasterInput_ClearInterrupt\000"
 1098      6572496E 
 1098      7075745F 
 1098      436C6561 
 1098      72496E74 
 1099              		.comm	__gnu_lto_v1,1,1
 1100              		.ident	"GCC: (GNU Tools for ARM Embedded Processors) 5.4.1 20160609 (release) [ARM/embedded-5-bran
