ARM GAS  C:\Users\prana\AppData\Local\Temp\ccI9tumh.s 			page 1


   1              		.syntax unified
   2              		.cpu cortex-m0
   3              		.fpu softvfp
   4              		.eabi_attribute 20, 1
   5              		.eabi_attribute 21, 1
   6              		.eabi_attribute 23, 3
   7              		.eabi_attribute 24, 1
   8              		.eabi_attribute 25, 1
   9              		.eabi_attribute 26, 1
  10              		.eabi_attribute 30, 4
  11              		.eabi_attribute 34, 0
  12              		.eabi_attribute 18, 4
  13              		.thumb
  14              		.syntax unified
  15              		.file	"PDSS_PORT0_SAR_CLK.c"
  16              		.text
  17              	.Ltext0:
  18              		.section	.gnu.lto_.profile.b369a865,"",%progbits
  19 0000 789C6361 		.ascii	"x\234ca`d`a`\000\222r\222\000\000\277\000B"
  19      60646061 
  19      60009272 
  19      920000BF 
  19      0042
  20              		.text
  21              		.section	.gnu.lto_.icf.b369a865,"",%progbits
  22 0000 789C6361 		.ascii	"x\234ca`d\000\001\005\006\004`eh\355\272\325\302\313"
  22      60640001 
  22      05060460 
  22      6568EDBA 
  22      D5C2CB
  23 0013 D87E74D1 		.ascii	"\330~t\321\015N\246\366\343\355?y\231\017\376\230\276"
  23      0D4EA6F6 
  23      E3ED3F79 
  23      990FFE98 
  23      BE
  24 0024 90996576 		.ascii	"\220\231ev\323\274)<\014\000\345\036\015\250"
  24      D3BC293C 
  24      0C00E51E 
  24      0DA8
  25              		.text
  26              		.section	.gnu.lto_.jmpfuncs.b369a865,"",%progbits
  27 0000 789C6361 		.ascii	"x\234ca`d\000\001q\006\004`e`dd\254\007\21231122\327"
  27      60640001 
  27      71060460 
  27      65606464 
  27      AC078A33 
  28 0019 D7333330 		.ascii	"\327330\260\000\205\001\026\322\001\263"
  28      B0008501 
  28      16D201B3 
  29              		.text
  30              		.section	.gnu.lto_.inline.b369a865,"",%progbits
  31 0000 789C458B 		.ascii	"x\234E\213\261\015\2000\014\004\337\316\007B(`\003("
  31      B10D8030 
  31      0C04DFCE 
  31      07422860 
  31      0328
  32 0012 10E33013 		.ascii	"\020\3430\023#PRf\016\246`$l!\310\027\226\375\347#\004"
ARM GAS  C:\Users\prana\AppData\Local\Temp\ccI9tumh.s 			page 2


  32      23505266 
  32      0EA66024 
  32      6C21C817 
  32      96FDE723 
  33 0027 9E1D3511 		.ascii	"\236\0355\021\350V\021\314\206B\272N\242)\223\202e\242"
  33      E85611CC 
  33      8642BA4E 
  33      A2299382 
  33      65A2
  34 0039 6341BB08 		.ascii	"cA\273\010\264\002\213\242\317\242\030\315\220d\203"
  34      B4028BA2 
  34      CFA218CD 
  34      906483
  35 0048 F9D85EA8 		.ascii	"\371\330^\250\367@W\223\277\005D\232j\347o\022A\255"
  35      F7405793 
  35      BF05449A 
  35      6AE76F12 
  35      41AD
  36 005a B2ED6BF0 		.ascii	"\262\355k\360\000t\\\014$"
  36      00745C0C 
  36      24
  37              		.text
  38              		.section	.gnu.lto_.pureconst.b369a865,"",%progbits
  39 0000 789C6361 		.ascii	"x\234ca`d\340f```e\220b\224b\222b\226ba\000\000\003"
  39      6064E066 
  39      60606065 
  39      90629462 
  39      92629662 
  40 0018 E40088   		.ascii	"\344\000\210"
  41              		.text
  42              		.section	.gnu.lto_PDSS_PORT0_SAR_CLK_StartEx.b369a865,"",%progbits
  43 0000 789C5551 		.ascii	"x\234UQ=h\024Q\020\236\357\275\335\275\325\374\364B"
  43      3D681451 
  43      109EEFBD 
  43      DDBDD5FC 
  43      F442
  44 0012 8A742120 		.ascii	"\212t! jae\027.\250\240\340qk\0318B\\$\032\022\010j"
  44      6A616517 
  44      2EA8A0E0 
  44      716B1938 
  44      425C241A 
  45 0029 EBBBDBDD 		.ascii	"\353\273\333\335\034\212\205(\246\010\312\241 I\324"
  45      1C8A8528 
  45      A608CAA1 
  45      2049D4
  46 0038 7839C542 		.ascii	"x9\305Bl\326\023\021\004O\322\230V#n!\026wz\212(z\316"
  46      6CD61311 
  46      044FD298 
  46      56236E21 
  46      16777A8A 
  47 004f ECA63003 		.ascii	"\354\2460\003;\363f\370f\346\373f-\002\211\015*\242"
  47      3BF366F8 
  47      66E6FB66 
  47      2D02890D 
  47      2AA2
  48 0061 431C0FF3 		.ascii	"C\034\017\363\007\207\240\256\266\210\312\256\202\316"
  48      0787A0AE 
ARM GAS  C:\Users\prana\AppData\Local\Temp\ccI9tumh.s 			page 3


  48      B688CAAE 
  48      82CE
  49 006f 1E5AD957 		.ascii	"\036Z\331W^\021\231\335V\230#\323og\3651\013\220h\\"
  49      5E1199DD 
  49      569823D3 
  49      6F67F531 
  49      0B90685C 
  50 0083 D045A56D 		.ascii	"\320E\245m\013\354)\263\357\352\217B\263\232<U\243\313"
  50      0BEC29B3 
  50      EFEA8F42 
  50      B39A3C55 
  50      A3CB
  51 0095 86EDFDA7 		.ascii	"\206\355\375\247\353\332\254\304\210\030\320S\031\006"
  51      EBDAACC4 
  51      8818D053 
  51      1906
  52 00a3 CB1865D4 		.ascii	"\313\030e\324F\270~SwU\244\001\213\323\316\233\245\217"
  52      46B87E53 
  52      7755A401 
  52      8BD3CE9B 
  52      A58F
  53 00b5 83922A0C 		.ascii	"\203\222*\014sz\351\305\217\347\226\336\017\342w\343"
  53      737AE9C5 
  53      8FE796DE 
  53      0FE277E3 
  54 00c5 5B2D1918 		.ascii	"[-\031\030\271kL\305\230\206ovEZ\343\0364\317\303*\206"
  54      B96B4CC5 
  54      98866F76 
  54      455AE31E 
  54      34CFC32A 
  55 00da B08221E2 		.ascii	"\260\202!\342\022\341>F\004\276\325\370{c\300\011e\375"
  55      12E13E46 
  55      04BED5F8 
  55      7B63C009 
  55      65FD
  56 00ec 70B6140F 		.ascii	"p\266\024\017\340\210\342z16\275^`\342\206\275\246]"
  56      E088E27A 
  56      3136BD5E 
  56      60E286BD 
  56      A65D
  57 00fe C55D9666 		.ascii	"\305]\226f\307\012\244\327\226\334\021G\324\3466\326"
  57      C70AA4D7 
  57      96DC1147 
  57      D4E636D6 
  58 010e DC568A83 		.ascii	"\334V\212\203\356\260>V\254\0234\177]~\367R\313\274"
  58      EEB03E56 
  58      AC13347F 
  58      5D7EF752 
  58      CBBC
  59 0120 408BD4C5 		.ascii	"@\213\324\305\250\3716'\254\235\224\351\235\333\277"
  59      A8F93627 
  59      AC9D94E9 
  59      9DDBBF
  60 012f 37ED2C35 		.ascii	"7\355,5&4\242\253\032m\254\366\327p\253\034\362\021"
  60      2634A2AB 
  60      1A6DACF6 
  60      D770AB1C 
ARM GAS  C:\Users\prana\AppData\Local\Temp\ccI9tumh.s 			page 4


  60      F211
  61 0141 7278C884 		.ascii	"rx\310\204\327\2300\241\216\032(A\345k\365\313\236l"
  61      D79830A1 
  61      8E1A2841 
  61      E56BF5CB 
  61      9E6C
  62 0153 A0E699F4 		.ascii	"\240\346\231\364\001a+8\263]\370\177\203\015\302\272"
  62      01612B38 
  62      B35DF87F 
  62      830DC2BA 
  63 0163 7492D0B3 		.ascii	"t\222\320\263\211\377\014:\312\022~\011\202\366B+\261"
  63      89FF0C3A 
  63      CA127E09 
  63      82F6422B 
  63      B1
  64 0174 B32E3BD0 		.ascii	"\263.;\320\262x\351Y\367u\312\305\205\213\00672\352"
  64      B278E959 
  64      F775CAC5 
  64      858B0637 
  64      32EA
  65 0186 E7423797 		.ascii	"\347B7\227\201\004'\247\335\272\366$\275\272\205\230"
  65      810427A7 
  65      DDBAF624 
  65      BDBA8598 
  66 0196 EFE5E251 		.ascii	"\357\345\342Q\012l.v\352G\005\270C@\331\230\276\235"
  66      0A6C2E76 
  66      EA4705B8 
  66      4340D998 
  66      BE9D
  67 01a8 1A1EB306 		.ascii	"\032\036\263\006\236E\237Q\2117\323\365\333\364\300"
  67      9E459F51 
  67      8937D3F5 
  67      DBF4C0
  68 01b7 B4F8847B 		.ascii	"\264\370\204{\217\370\263\376\374\3449\377T\311\233"
  68      8FF8B3FE 
  68      FCE439FF 
  68      54C99B
  69 01c6 3B3F3FE5 		.ascii	";??\345O\024\274\271\374\301\211\302\270\347\225\012"
  69      4F14BCB9 
  69      FCC189C2 
  69      B8E7950A 
  70 01d6 278A270F 		.ascii	"'\212'\017\224\274\261b)\177\374\330\276)\352\233\234"
  70      94BCB162 
  70      297FFCD8 
  70      BE29EA9B 
  70      9C
  71 01e7 993E3D9B 		.ascii	"\231>=\233\2379;>}\341\037s6\304K"
  71      9F393B3E 
  71      7DE11F73 
  71      36C44B
  72              		.text
  73              		.section	.gnu.lto_PDSS_PORT0_SAR_CLK_Stop.b369a865,"",%progbits
  74 0000 789C5590 		.ascii	"x\234U\220\273K\003A\020\306\347\333\275K|\304?@Ha\033"
  74      BB4B0341 
  74      10C6E7DB 
  74      BD4B7CC4 
  74      3F404861 
ARM GAS  C:\Users\prana\AppData\Local\Temp\ccI9tumh.s 			page 5


  75 0015 9090C2C2 		.ascii	"\220\220\302\302V\"\246P0\344,\003Ab\032A\005\321\332"
  75      5622A650 
  75      30E42C03 
  75      41621A41 
  75      05D1DA
  76 0028 4D724740 		.ascii	"MrG@,\264\320*\022\264I\342\023K\2733\215\235b\243\245"
  76      2CB4D02A 
  76      12B449E2 
  76      134BBB33 
  76      8D9D62A3 
  77 003d 0F308588 		.ascii	"\0170\205\210F\211\215\242q\326Ka\006vgw\366\333\371"
  77      46898DA2 
  77      71D64B61 
  77      06766777 
  77      F6DBF9
  78 0050 7E8C4120 		.ascii	"~\214A \035s\234\302\234\307x\301G\020\353\027D\331"
  78      1D739CC2 
  78      9CC778C1 
  78      4710EB17 
  78      44D9
  79 0062 2E01E91D 		.ascii	".\001\351\035\2440\327\316\211T\217a\373I\005L\257>"
  79      A430D7CE 
  79      89548F61 
  79      FB49054C 
  79      AF3E
  80 0074 62003AAB 		.ascii	"b\000:\253.\320\212\220\246\001\336\311\213\017\361"
  80      2ED08A90 
  80      A601DEC9 
  80      8B0FF1
  81 0083 2D502BD4 		.ascii	"-P+\324OE\250\2548\356\036_#\252\342\302aAKx\032\224"
  81      4F45A8AC 
  81      38EE1E5F 
  81      23AAE2C2 
  81      61414B78 
  82 0099 1122963D 		.ascii	"\021\"\226=\234\374l\366\371l-\033\360\036Q\201O\223"
  82      9CFC6CF6 
  82      F96C2D1B 
  82      F01E5181 
  82      4F93
  83 00ab 1D275CD5 		.ascii	"\035'\\\325j\345\225\273\341?\273\366\233\202\034\011"
  83      6AE595BB 
  83      E13FBBF6 
  83      9B821C09 
  84 00bb C91B6B1A 		.ascii	"\311\033k\032\274\030\246!\004'\371\306\306\214\"\353"
  84      BC18A621 
  84      0427F9C6 
  84      C68C22EB 
  85 00cb A87DAED6 		.ascii	"\250}\256\326\213\303\272A^j\206-\247v\351o\012GJh\257"
  85      8BC3BA41 
  85      5E6A862D 
  85      A776E96F 
  85      0A474A68 
  86 00e0 DD9DAF1B 		.ascii	"\335\235\257\033\323\273*e+\203K\005\347\252\032(a;"
  86      D3BB2A65 
  86      2B834B05 
  86      E7AA1A28 
  86      613B
ARM GAS  C:\Users\prana\AppData\Local\Temp\ccI9tumh.s 			page 6


  87 00f2 6B339D81 		.ascii	"k3\235\201=\004QE\220!\366Q\002\325\221{/<\367{\015"
  87      3D045145 
  87      9021F651 
  87      02D5917B 
  87      2F3CF77B 
  88 0107 25F7A47B 		.ascii	"%\367\244{\330\027\371\331v\341\277\203\000\341@\377"
  88      D817F9D9 
  88      76E1BF83 
  88      00E140FF 
  89 0117 248D6712 		.ascii	"$\215g\022\217\014o\302\320|\314\325l<g\273\365\257"
  89      8F0C6FC2 
  89      D07CCCD5 
  89      6C3C67BB 
  89      F5AF
  90 0129 0ECBAC52 		.ascii	"\016\313\254R\275\235\256\207\354\312\222\333\242\363"
  90      BD9DAE87 
  90      ECCA92DB 
  90      A2F3
  91 0137 F2070AB8 		.ascii	"\362\007\012\270<\030\003G\374\372\204\234{\023\323"
  91      3C180347 
  91      FCFA849C 
  91      7B13D3
  92 0146 4DDA26E0 		.ascii	"M\332&\340\346<\210\301Xf>\2638\275\224\231IY\013\313"
  92      E63C88C1 
  92      58663EB3 
  92      38BD9499 
  92      49590BCB 
  93 015a 8BE94C32 		.ascii	"\213\351L2n-D\207\222\361Q\313J\305'\023S\221\2245\222"
  93      6E2D4487 
  93      92F151CB 
  93      4AC52713 
  93      53919435 
  94 016f 484527C6 		.ascii	"HE'\306\303i\372\005\\\021\217\353"
  94      C369FA05 
  94      5C118FEB 
  95              		.text
  96              		.section	.gnu.lto_PDSS_PORT0_SAR_CLK_SetFractionalDividerRegister.b369a865,"",%progbits
  97 0000 789C6D52 		.ascii	"x\234mR[HTQ\024=\373\234y\334y8\372\033\371\341\217"
  97      5B485451 
  97      143DFB9C 
  97      79DC7938 
  97      FA1BF9E1 
  98 0015 881065D4 		.ascii	"\210\020e\324G\364\021\204RQ\201\342\204_\3020\214C"
  98      47F41184 
  98      525181E2 
  98      845FC230 
  98      8C43
  99 0027 88A63069 		.ascii	"\210\2460i\277\236y\3341\006$\011\222\222DH\314\267"
  99      BF9E79DC 
  99      31062409 
  99      92924448 
  99      CCB7
 100 0039 CE642F53 		.ascii	"\316d/Sp\034\260@\312(z\374\204\204\211A\204\215b\031"
 100      701CB040 
 100      CA287AFC 
 100      84848941 
 100      848D6219 
ARM GAS  C:\Users\prana\AppData\Local\Temp\ccI9tumh.s 			page 7


 101 004d 3636ED7D 		.ascii	"66\355}\317X\010\035\230\363\330\263\326\332{\257}M"
 101      CF58081D 
 101      98F3D8B3 
 101      D6DA7BAF 
 101      7D4D
 102 005f 0C18AD56 		.ascii	"\014\030\255V\301X\015\236\373\361\007\202\001\357\\"
 102      C1580D9E 
 102      FBF10782 
 102      01EF5C
 103 006e 642CA871 		.ascii	"d,\250q\000\272H\015X\033\2076\370\316w8\244\332W\247"
 103      00BA480D 
 103      581B8736 
 103      F8CE7738 
 103      A4DA57A7 
 104 0082 78E980C4 		.ascii	"x\351\200\304\365q\276\357\260\034L\202\216\364,7\224"
 104      F571BEEF 
 104      B01C4C82 
 104      8EF42C37 
 104      94
 105 0093 180C4029 		.ascii	"\030\014@)\242\346\263[\311\374M\256\013\000\"\275N"
 105      A2E6B35B 
 105      C9FC4DAE 
 105      0B0022BD 
 105      4E
 106 00a4 3FEF71D0 		.ascii	"?\357q\320\223C\001>\243\033\357W\234\342\0200\274\217"
 106      9343013E 
 106      A31BEF57 
 106      9CE21030 
 106      BC8F
 107 00b6 C46763F9 		.ascii	"\304gc\371%\375R\206\244\374\345\225f]\010\030\006\201"
 107      25FD5286 
 107      A4FCE595 
 107      665D0818 
 107      0681
 108 00c8 7A300485 		.ascii	"z0\004\2050\010\205\014C\014F\240\004\321\355\211\273"
 108      3008850C 
 108      430C46A0 
 108      04D1ED89 
 108      BB
 109 00d9 D75DE2B8 		.ascii	"\327]\342\270\301\354\277\272=\0129\346\354S\207,\323"
 109      C1ECBFBA 
 109      3D0A39E6 
 109      EC53872C 
 109      D3
 110 00ea 85094615 		.ascii	"\205\011F\025\365H!\224\021\321\304`\014J\010\375*\022"
 110      F5482194 
 110      11D1C460 
 110      0C4A08FD 
 110      2A12
 111 00fc BF2D5445 		.ascii	"\277-TE&|\256\277\350\376\344R\025\025\341s\355\363"
 111      267CAEBF 
 111      E8FEE452 
 111      1515E173 
 111      EDF3
 112 010e D2B53C71 		.ascii	"\322\265<q\306\320\375vS\026\024\367\221lr2\346\272"
 112      C6D0FD76 
 112      531614F7 
ARM GAS  C:\Users\prana\AppData\Local\Temp\ccI9tumh.s 			page 8


 112      916C7232 
 112      E6BA
 113 0120 25939122 		.ascii	"%\223\221\"]\230!\256\224'\260\250q,\212\026\202'f\342"
 113      5D9821AE 
 113      9427B0A8 
 113      712C8A16 
 113      822766E2 
 114 0134 6FB9A834 		.ascii	"o\271\2504\210\343\035\211qK\216\031_p\312\316\240F"
 114      88E31D89 
 114      714B8E19 
 114      5F70CACE 
 114      A046
 115 0146 C47BFF25 		.ascii	"\304{\377%.'~\337\310\263D\310\307\"\230\204bH@\261"
 115      2E277EDF 
 115      C8B344C8 
 115      C7229884 
 115      624840B1 
 116 015a 7211EE83 		.ascii	"r\021\356\203\005\347\302w\243\023\325I\231\315\206"
 116      05E7C277 
 116      A313D549 
 116      99CD86
 117 0169 65B2D73E 		.ascii	"e\262\327>\227\261\2738\266eAC\360_\023\220-f\012Xh"
 117      97B1BB38 
 117      B6654143 
 117      F05F1390 
 117      2D660A58 
 118 017e B3D2A601 		.ascii	"\263\322\246\001\265l\243\253\2356\007mNf\350\2634&"
 118      B56CA3AB 
 118      9D36076D 
 118      4E66E8B3 
 118      3426
 119 0190 A099AE73 		.ascii	"\240\231\256sN\247X\205\324v\354\307\320\011\312\031"
 119      4EA75885 
 119      D476ECC7 
 119      D009CA19 
 120 01a0 1634AA2E 		.ascii	"\0264\252.=\365\322J\306X\215\236\026>\314\335\311W"
 120      3DF5D24A 
 120      C6588D9E 
 120      163ECCDD 
 120      C957
 121 01b2 4F198D48 		.ascii	"O\031\215H\262n\255c\354\231\253\027z\202\021\234\274"
 121      B26EAD63 
 121      EC99AB17 
 121      7A82119C 
 121      BC
 122 01c3 060FB1AF 		.ascii	"\006\017\261\257\007\324\027<\202^`\253\020\316D\277"
 122      07D4173C 
 122      825E60AB 
 122      10CE44BF 
 123 01d3 8212144A 		.ascii	"\202\022\024Js3\246o\031\336[\300\012\217\021\273\014"
 123      7333A66F 
 123      19DE5BC0 
 123      0A8F11BB 
 123      0C
 124 01e4 DCE8127B 		.ascii	"\334\350\022{@\020rB\033\355\357\206k\024\311\034\306"
 124      40107242 
 124      1BEDEF86 
ARM GAS  C:\Users\prana\AppData\Local\Temp\ccI9tumh.s 			page 9


 124      6B14C91C 
 124      C6
 125 01f5 B1A14C3A 		.ascii	"\261\241L:\272\262OE(\2102\335\323\233\013f\222\261"
 125      BAB24F45 
 125      288832DD 
 125      D39B0B66 
 125      92B1
 126 0207 81065328 		.ascii	"\201\006S(\203\240\237\321\305\341Z\205\262\032\371"
 126      83A09FD1 
 126      C5E15A85 
 126      B21AF9
 127 0216 2C4A6D69 		.ascii	",JmiW\315\026\026\232R{\223+\312\216A\372\2207\342\003"
 127      57CD1616 
 127      9A527B93 
 127      2BCA8E41 
 127      FA9037E2 
 128 022b 4EA526E0 		.ascii	"N\245&\340\211R\313D3\271\224\016\304\321x\365\225!"
 128      8952CB44 
 128      33B9940E 
 128      C4D178F5 
 128      9521
 129 023d 4D559E05 		.ascii	"MU\236\005\230\376\227\363\230\2029\215\264\216\277"
 129      98FE97F3 
 129      9882398D 
 129      B48EBF
 130 024c 0D25A821 		.ascii	"\015%\250!'\202R]\353K!\033\305\3668\026\224\322\261"
 130      2782525D 
 130      EB4B211B 
 130      C5F63816 
 130      94D2B1
 131 025f D7B41934 		.ascii	"\327\264\0314\215(_ \224\3349K\004\343\013Is\240\001"
 131      8D285F20 
 131      94DC394B 
 131      04E30B49 
 131      73A001
 132 0272 E1B80E9C 		.ascii	"\341\270\016\234\3667\371\003\336\026\177\235\307\335"
 132      F637F903 
 132      DE167F9D 
 132      C7DD
 133 0280 DC1AF0F9 		.ascii	"\334\032\360\371k\253\334\315\345Gk\253*\334nOUe\365"
 133      6BABDCCD 
 133      E5476BAB 
 133      2ADC6E4F 
 133      5565F5
 134 0293 85328FFB 		.ascii	"\2052\217\373d\265\247\374\374\271\203>f\36756T\324"
 134      64B5A7FC 
 134      FCB9833E 
 134      66F73536 
 134      54D4
 135 02a5 5FA9AFF3 		.ascii	"_\251\257\363\007\362\360z*\340\365\265\32477y\033-"
 135      07F2F07A 
 135      2AE0F5B5 
 135      D4373779 
 135      1B2D
 136 02b7 01FFC51A 		.ascii	"\001\377\305\032o\243\365\222\367r\003\236\177\000\354"
 136      6FA3F592 
 136      F772039E 
ARM GAS  C:\Users\prana\AppData\Local\Temp\ccI9tumh.s 			page 10


 136      7F00EC
 137 02c6 B839DC   		.ascii	"\2709\334"
 138              		.text
 139              		.section	.gnu.lto_PDSS_PORT0_SAR_CLK_GetDividerRegister.b369a865,"",%progbits
 140 0000 789C2D90 		.ascii	"x\234-\220\301KBA\020\306\347\333}\332\003)\273\347"
 140      C14B4241 
 140      10C6E7DB 
 140      7DDA0329 
 140      BBE7
 141 0012 A1634248 		.ascii	"\241cBH\207\372\003\304\250CA\342\353(H\230\327\004"
 141      87FA03C4 
 141      A84341E2 
 141      EB284898 
 141      D704
 142 0024 A9B3ABCF 		.ascii	"\251\263\253\317W\020\004]\352\020\204\020\201e\251"
 142      5710045D 
 142      EA108410 
 142      8165A9
 143 0033 74AD8B0A 		.ascii	"t\255\213\012\021H\024\024D\207\016\021\341\241C\230"
 143      11481414 
 143      44870E11 
 143      E1A14398 
 144 0043 184150AF 		.ascii	"\030AP\257\035lav\366\333\375f\346\307\032\004\3425"
 144      1D6C6176 
 144      F6DBFD66 
 144      E6C71A04 
 144      E235
 145 0055 A55348E7 		.ascii	"\245SH\347\021\035\220\004\261}C\2243\005\300\007e\202"
 145      111D9004 
 145      B17D4394 
 145      3305C007 
 145      6582
 146 0067 B202597C 		.ascii	"\262\002Y|\212\037\201K\367\253\356\357\011\207mZ\336"
 146      8A1F814B 
 146      F7ABEEEF 
 146      09876D5A 
 146      DE
 147 0078 75AEF77D 		.ascii	"u\256\367},\201a-\313\207\265\256\031,)\225W\317\316"
 147      2C81612D 
 147      CB87B5AE 
 147      192C2995 
 147      57CFCE
 148 008b 7938673B 		.ascii	"y8g;c\216\024\344\012\302\021\002(!\300#\216\021$m~"
 148      638E14E4 
 148      0AC21102 
 148      2821C023 
 148      8E11246D 
 149 00a0 39FBDD19 		.ascii	"9\373\335\031\364\026\224^\243l\321/ex\031\251\026\253"
 149      F416945E 
 149      A36CD12F 
 149      657819A9 
 149      16AB
 150 00b2 2BD7B555 		.ascii	"+\327\265U\375\336\327x\364y@\216\224\2227\203\270\035"
 150      FDDED778 
 150      F479408E 
 150      94923783 
 150      B81D
ARM GAS  C:\Users\prana\AppData\Local\Temp\ccI9tumh.s 			page 11


 151 00c4 757430DA 		.ascii	"ut0\332\207\020\234e\033\315\357\315\207j\234\353m)"
 151      87109C65 
 151      1BCDEFCD 
 151      876A9CEB 
 151      6D29
 152 00d6 75EF5DA7 		.ascii	"u\357]\247y;\300\\\006xT\353\251q\340\357K\265^P\206"
 152      793BC05C 
 152      067854EB 
 152      A971E0EF 
 152      4BB55E50 
 153 00eb BE7ADFAA 		.ascii	"\276z\337\252\\\015\025\261\237+\300\221\036\234j\274"
 153      5C0D15B1 
 153      9F2BC091 
 153      1E9C6ABC 
 154 00fb 13C64305 		.ascii	"\023\306C\005EP\033vw\206l\211~\273\275\213^\313\303"
 154      45501B76 
 154      77866C89 
 154      7EBBBD8B 
 154      5ECBC3
 155 010e F55E98A8 		.ascii	"\365^\230\250j[\033\371\356\306+\372\003\015\355\243"
 155      6A5B1BF9 
 155      EEC62BFA 
 155      030DEDA3 
 156 011e 37887FC5 		.ascii	"7\210\177\305_\332\021`2\3159>\233ZIe\226VS\313\011"
 156      5FDA1160 
 156      32CD393E 
 156      9B5A4965 
 156      965653CB 
 157 0133 2BBD9649 		.ascii	"+\275\226I\246\342Q+\035\231\214G\247-+\021]\210-N$"
 157      A6E2512B 
 157      1D998C47 
 157      A72D2B11 
 157      5D882D4E 
 158 0148 AC702C11 		.ascii	"\254p,\021\231\237\013%\351\017\031nx<"
 158      999F0B25 
 158      E90F196E 
 158      783C
 159              		.text
 160              		.section	.gnu.lto_PDSS_PORT0_SAR_CLK_GetFractionalDividerRegister.b369a865,"",%progbits
 161 0000 789C6361 		.ascii	"x\234ca`d\000\201i@\254\007\304\322@\314\310\314\300"
 161      60640081 
 161      6940AC07 
 161      C4D240CC 
 161      C8CCC0
 162 0013 C834E11C 		.ascii	"\3104\341\034\003C#\007\023##\210\321\300\301\310P\317"
 162      03432307 
 162      13232388 
 162      D1C0C1C8 
 162      50CF
 163 0025 C458CFF8 		.ascii	"\304X\317\370\225\351/\023\343\351\357'z\2704\22774"
 163      95E92F13 
 163      E3E9EF27 
 163      7AB83497 
 163      3734
 164 0037 34353C38 		.ascii	"45<8\372\330r\372\212\003\214\255\314\014\014\377\231"
 164      FAD872FA 
 164      8A038CAD 
ARM GAS  C:\Users\prana\AppData\Local\Temp\ccI9tumh.s 			page 12


 164      CC0C0CFF 
 164      99
 165 0048 18188D65 		.ascii	"\030\030\215e\030\015d@F,g\324d\000*}\264\361\337T^"
 165      180D6440 
 165      462C67D4 
 165      64002A7D 
 165      B4F1DF54 
 166 005d B6960620 		.ascii	"\266\226\006 P\000)\000\312\254`d\003Y\271>\350@\303"
 166      50002900 
 166      CAAC6064 
 166      0359B93E 
 166      E840C3
 167 0070 FFFFCD0D 		.ascii	"\377\377\315\015\007\346\363\035\334\307\007\224\371"
 167      07E6F31D 
 167      DCC70794 
 167      F9
 168 007d 00C420BB 		.ascii	"\000\304 \273>21\201h\346W\214M\007v\367\361\201\324"
 168      3E323181 
 168      68E6578C 
 168      4D0776F7 
 168      F181D4
 169 0090 030D9AD6 		.ascii	"\003\015\232\326z\350<\373\027&\240=\214\014\214+\031"
 169      7AE83CFB 
 169      1726A03D 
 169      8C0C8C2B 
 169      19
 170 00a1 41760075 		.ascii	"Av\000u0\202T\002\365\351\270\247\346\245\026%\226\244"
 170      30825402 
 170      F5E9B8A7 
 170      E6A51625 
 170      96A4
 171 00b3 A6C407E7 		.ascii	"\246\304\007\347\227\026%\247\306\004\004\347;\233\304"
 171      971625A7 
 171      C60404E7 
 171      3B9BC4
 172 00c2 04B80407 		.ascii	"\004\270\004\007\307\007\370\007\205\030\304\007;\006"
 172      C707F807 
 172      8518C407 
 172      3B06
 173 00d0 C53BFB78 		.ascii	"\305;\373x\353%3\000\000\022SF>"
 173      EB253300 
 173      00125346 
 173      3E
 174              		.text
 175              		.section	.gnu.lto_.symbol_nodes.b369a865,"",%progbits
 176 0000 789C6361 		.ascii	"x\234ca`d\010g\000\002&\206z\006\206\011\347\030@\324"
 176      60640867 
 176      00022686 
 176      7A068609 
 176      E71840D4 
 177 0014 AE0645A0 		.ascii	"\256\006E\240\000c=#\252\000S=\023\252\000s=3\252\000"
 177      00633D23 
 177      AA00533D 
 177      13AA0073 
 177      3D33AA00 
 178 0028 4B3D0B8A 		.ascii	"K=\013\212\000\003\000U/\023\016"
 178      00030055 
ARM GAS  C:\Users\prana\AppData\Local\Temp\ccI9tumh.s 			page 13


 178      2F130E
 179              		.text
 180              		.section	.gnu.lto_.refs.b369a865,"",%progbits
 181 0000 789C6361 		.ascii	"x\234ca`\004B \000\000\0009\000\007"
 181      60044220 
 181      00000039 
 181      0007
 182              		.text
 183              		.section	.gnu.lto_.decls.b369a865,"",%progbits
 184 0000 789C8D54 		.ascii	"x\234\215T}LSW\024\277\347\275\266\312\243\210!f#\246"
 184      7D4C5357 
 184      14BFE7BD 
 184      B6CAA388 
 184      216623A6 
 185 0014 5998C90A 		.ascii	"Y\230\311\012&\006E\226e\377\230l\201\331%[\006\241"
 185      26064596 
 185      65FF986C 
 185      81D9255B 
 185      06A1
 186 0026 1B7F9934 		.ascii	"\033\177\2314\210/\254\211\001S\3532\223%\273\033j\312"
 186      882FAC89 
 186      0153EB32 
 186      9325BB1B 
 186      6ACA
 187 0038 DC1F25D9 		.ascii	"\334\037%\331`\030\2729\315\264\025\344CQAg)~\000V`"
 187      6018BA39 
 187      CDB415E4 
 187      43514167 
 187      297E0056 
 188 004d 7C886E33 		.ascii	"|\210n3\023&3\331\2421\035\3239 \372v\356}\257}-<\226"
 188      132633D9 
 188      A2311DD3 
 188      3920FA76 
 188      EE7DAF7D 
 189 0064 DDBCF3DE 		.ascii	"\335\274\363\336\275\347\235s~\277\363\221k\"@\330\252"
 189      BDE79D73 
 189      7EBFF391 
 189      6B2240D8 
 189      AA
 190 0075 B210B201 		.ascii	"\262\020\262\001\267;Q\024\\x$\345D_f\2243(\335(\003"
 190      B73B5114 
 190      5C7824E5 
 190      445F6694 
 190      3328DD28 
 191 008a 28519461 		.ascii	"(Q\224a\262t1\2334\3157\013e\015J;J.\312(\312$\312\015"
 191      B274319B 
 191      34CD370B 
 191      650D4A3B 
 191      4A2ECA28 
 192 00a2 9412CD1E 		.ascii	"\224\022\315\0364\237\305\253[\303,7\360\215\373u\033"
 192      349FC5AB 
 192      5BC32C37 
 192      F08DFB75 
 192      1B
 193 00b3 F8316ED2 		.ascii	"\3701n\322\"\374\313(\341$\036F\034\006\014b\261\034"
 193      22FCCB28 
 193      E1241E46 
ARM GAS  C:\Users\prana\AppData\Local\Temp\ccI9tumh.s 			page 14


 193      1C060C62 
 193      B11C
 194 00c5 572C8AB3 		.ascii	"W,\212\263\234\177\324\300\177X\373\027N\2623\252\331"
 194      9C7FD4C0 
 194      7F58FB17 
 194      4EB233AA 
 194      D9
 195 00d6 53019440 		.ascii	"S\001\224@[0\3556\374\004\002h\015!\000\352\033\270"
 195      5B30ED36 
 195      FC040268 
 195      0D2100EA 
 195      1BB8
 196 00e8 1055F811 		.ascii	"\020U\370\0217\002\177\223\204*\361!\354MT{\256\323"
 196      37027F93 
 196      842AF121 
 196      EC4D547B 
 196      AED3
 197 00fa 83F127FE 		.ascii	"\203\361'\376U\342\213\007\321\243\203\346\004\011\006"
 197      55E28B07 
 197      D1A383E6 
 197      040906
 198 0109 AA97FA5F 		.ascii	"\252\227\372_\320\314\210\032\\\320\035\222\342\251"
 198      D0CC881A 
 198      5CD01D92 
 198      E2A9
 199 0117 74933841 		.ascii	"t\2238AjN\020O\372b\313\255\2214\021c\342~j.\2705\277"
 199      6A4E104F 
 199      FA62CBAD 
 199      91341163 
 199      E27E6A2E 
 200 012e 95E2F253 		.ascii	"\225\342\362S*l\321+\363\313`\250E|$@\256\004,|&\252"
 200      2A6CD12B 
 200      F3CB60A8 
 200      457C2440 
 200      AE042C7C 
 201 0144 DA1FF4CC 		.ascii	"\332\037\364\314e\250*f\021\235\2727\233&\332\371~l"
 201      65A82A66 
 201      119DBA37 
 201      9B26DAF9 
 201      7E6C
 202 0156 5F4733B3 		.ascii	"_G3\263\316\222\300\204\307?\207\017\315\254\302\343"
 202      CE92C084 
 202      C73F870F 
 202      CDACC2E3 
 203 0166 1A09729E 		.ascii	"\032\011r\236\012\302x\323\203)\013Hy>J?\245\376Z\232"
 203      0AC278D3 
 203      83290B48 
 203      793E4A3F 
 203      A5FE5A9A 
 204 017a F5268136 		.ascii	"\365&\2016\260\301I\260\021\350\200<\0261\004\371\004"
 204      B0C149B0 
 204      11E8803C 
 204      163104F9 
 204      04
 205 018b 5A507902 		.ascii	"ZPy\002\225\307\030\241\351\013\235[z(]\015\355 A+\210"
 205      95C718A1 
 205      E90B9D5B 
ARM GAS  C:\Users\prana\AppData\Local\Temp\ccI9tumh.s 			page 15


 205      7A285D0D 
 205      ED20412B 
 206 01a0 DC04D3C8 		.ascii	"\334\004\323\310\225\264\336Mw\371\005\223\200\032f"
 206      95B4DE4D 
 206      77F90593 
 206      801A66
 207 01af B0DDC474 		.ascii	"\260\335\304tW\225'\221L\225\207\200\307\361\330P ]"
 207      57952791 
 207      4C958780 
 207      C7F1D850 
 207      205D
 208 01c1 E5B11A8F 		.ascii	"\345\261\032\217\223\315\261\211\364\354\006\026\234"
 208      93CDB189 
 208      F4EC0616 
 208      9C
 209 01ce D6D21C01 		.ascii	"\326\322\034\001\312\237\203\323\010y\012!\011tA6\276"
 209      CA9F83D3 
 209      08790A21 
 209      09744136 
 209      BE
 210 01df 3BC1A486 		.ascii	";\301\244\206\357\014\335iM_w\230\036\356\240\323\275"
 210      EF0CDD69 
 210      4D5F7798 
 210      1EEEA0D3 
 210      BD
 211 01f0 FDB90DB5 		.ascii	"\375\271\015\2654\210n9\314\014\202:\033\334\262\317"
 211      34886E39 
 211      CC0C823A 
 211      1BDCB2CF 
 212 0200 71B88DD5 		.ascii	"q\270\215\325>\003\353\320s\366f\337\240Y\374\210\027"
 212      3E03EBD0 
 212      73F666DF 
 212      A059FC88 
 212      17
 213 0211 E67EB849 		.ascii	"\346~\270I\311X\026\362\034\207\334\256!6LL\335\025"
 213      C95816F2 
 213      1C87DCAE 
 213      21364C4C 
 213      DD15
 214 0223 55C4C8B3 		.ascii	"U\304\310\263~+\035E\237\327\230\015\234\325\361\316"
 214      7E2B1D45 
 214      9FD7980D 
 214      9CD5F1CE 
 215 0233 26E37573 		.ascii	"&\343us\274F\337\327\007$\361\013\340\200\355\373\177"
 215      BC46DFD7 
 215      0724F10B 
 215      E080EDFB 
 215      7F
 216 0244 0BADC494 		.ascii	"\013\255\304\224m\3307Hj\232MmZS\375\314\263t\361\012"
 216      6DD83748 
 216      6A9A4D6D 
 216      5A53FDCC 
 216      B374F10A 
 217 0258 B7152666 		.ascii	"\267\025&fZ\3760A\236\244\225;\244\226;\214\325\374"
 217      5AFE3041 
 217      9EA4953B 
 217      A4963B8C 
ARM GAS  C:\Users\prana\AppData\Local\Temp\ccI9tumh.s 			page 16


 217      D5FC
 218 026a 5E07B4B1 		.ascii	"^\007\264\261r\363\316\305\216PK6\201B\033l\302\276"
 218      72F3CEC5 
 218      8E504B36 
 218      81421B6C 
 218      C2BE
 219 027c 5DC4BED9 		.ascii	"]\304\276\331\264\276]\300\214\316cF\010p\257\361\233"
 219      B4BE5DC0 
 219      8CCE6346 
 219      0870AFF1 
 219      9B
 220 028d FB16DE95 		.ascii	"\373\026\336\225p\242+\337\315/\304\330t\330\331,\211"
 220      70A22BDF 
 220      CD2FC4D8 
 220      74D8D92C 
 220      89
 221 029e 49A4EC2A 		.ascii	"I\244\354*\251\340\267\375\247%1\252\222z\3305\360c"
 221      A9E0B7FD 
 221      A72531AA 
 221      927AD835 
 221      F063
 222 02b0 467C58B0 		.ascii	"F|X\260fR\036IT\014\256 \250]\003\355Ce$>,\221\233/"
 222      66521E49 
 222      540CAE20 
 222      A85D03ED 
 222      4365243E 
 223 02c8 50012E23 		.ascii	"P\001.#\344%\235\272]\233\224\241Q%h\345\234\230A/p"
 223      E4259DBA 
 223      5D9B94A1 
 223      512568E5 
 223      9C98412F 
 224 02dd 52BFCFCF 		.ascii	"R\277\317\317\233\226mL?o\314\325\370,\004>\331\367"
 224      9B966D4C 
 224      3F6FCCD5 
 224      F82C043E 
 224      D9F7
 225 02ef 588ACFC2 		.ascii	"X\212\317\302\001\307\335S\224\356G?\023\263\203\036"
 225      01C7DD53 
 225      94EE473F 
 225      13B3831E 
 226 02ff 1DB027B9 		.ascii	"\035\260'\2719\003\2749\013\263\312zqL\355\315\243K"
 226      3903BC39 
 226      0BB3CA7A 
 226      714CEDCD 
 226      A34B
 227 0311 AD7FA560 		.ascii	"\255\177\245`2::\350\265\224ixx\253\356\2616\177\221"
 227      323A3AE8 
 227      B5946978 
 227      78ABEEB1 
 227      367F91
 228 0324 B183D626 		.ascii	"\261\203\326&\032\301r`\216h\005\203:\344`2d\224C6\370"
 228      1AC17260 
 228      8E680583 
 228      3AE46032 
 228      64944336 
 229 0339 1A8399E2 		.ascii	"\032\203\231\342\023\0253\340?z\"e\346\303)\230C)\230"
 229      131533E0 
ARM GAS  C:\Users\prana\AppData\Local\Temp\ccI9tumh.s 			page 17


 229      3F7A2265 
 229      E6C32998 
 229      432998
 230 034c 7D6DBD7E 		.ascii	"}m\275~6\201\035\210\031\030\021\023\230h\005\327u\314"
 230      36811D88 
 230      19181113 
 230      986805D7 
 230      75CC
 231 035e EBC998C3 		.ascii	"\353\311\230\303\014S<zr\341\330*\214\312\036\351\020"
 231      0C533C7A 
 231      72E1D82A 
 231      8CCA1EE9 
 231      10
 232 036f C5E6C514 		.ascii	"\305\346\305\024\345cEY\001\243 \021\256\240\365G\212"
 232      E5634559 
 232      01A32011 
 232      AEA0F547 
 232      8A
 233 0380 7DF56BB9 		.ascii	"}\365k\271\302\307o\234\324\233\200\360?\004~\300\363"
 233      C2C76F9C 
 233      D49B80F0 
 233      3F047EC0 
 233      F3
 234 0391 086B361E 		.ascii	"\010k6\036\221S\335\257_\376l\226|\214\375\377\271:"
 234      9153DDAF 
 234      5FFE6C96 
 234      7C8CFDFF 
 234      B93A
 235 03a3 D0E3FC1D 		.ascii	"\320\343\374\035\332l\026\217\363\013N\230<x\356+Q\237"
 235      DA6C168F 
 235      F30B4E98 
 235      3C78EE2B 
 235      519F
 236 03b5 F1B992FA 		.ascii	"\361\271\222\372:\226\321\015\254\302\270\236\321\030"
 236      3A96D10D 
 236      ACC2B89E 
 236      D118
 237 03c3 6853BE14 		.ascii	"hS\276\024d\302\030\344\357\177\256}n\265~\226\270\321"
 237      64C218E4 
 237      EF7FAE7D 
 237      6EB57E96 
 237      B8D1
 238 03d5 78443D95 		.ascii	"xD=\225I\260\362\213\227}\327\226\026;\235\256\322\222"
 238      49B0F28B 
 238      977DD796 
 238      163B9DAE 
 238      D292
 239 03e7 B27737B9 		.ascii	"\262w7\271\234\257\227\271\212\336~\313\345\364Vx\274"
 239      9CAF97B9 
 239      8ADE7ECB 
 239      E5F45678 
 239      BC
 240 03f8 6F7CB8D2 		.ascii	"o|\270\322\361\316{9E\005\005\304\262\307]\355-\334"
 240      F1CE7B39 
 240      450505C4 
 240      B2C75DED 
 240      2DDC
ARM GAS  C:\Users\prana\AppData\Local\Temp\ccI9tumh.s 			page 18


 241 040a FCA243AE 		.ascii	"\374\242C\256\226=\025^y\207\313Y\263\307S)o+u\326\024"
 241      963D155E 
 241      7987CB59 
 241      B3C75329 
 241      6F2B75D6 
 242 041f BDBCB172 		.ascii	"\275\274\261r\257w\357.yw\376\373d\203\261\305\266\245"
 242      AF77EF2E 
 242      7977FEFB 
 242      6483B1C5 
 242      B6A5
 243 0431 18F995E4 		.ascii	"\030\371\225\344yC\344\232]\033\215\364\262w\253\247"
 243      7943E49A 
 243      5D1B8DF4 
 243      B277ABA7 
 244 0441 A2D2EBAE 		.ascii	"\242\322\353\256\251\256\330Y\354\376\300\275C\366\224"
 244      A9AED859 
 244      ECFEC0BD 
 244      43F694
 245 0450 C955EEDD 		.ascii	"\311U\356\335^\331cf\354^\345\034\013^y\311\300\331"
 245      5ED96366 
 245      EC5EE51C 
 245      0B5E79C9 
 245      C0D9
 246 0462 217B17B9 		.ascii	"!{\027\271\030A8\376\013\302#W\025n\376\027\007\342"
 246      184138FE 
 246      0BC22357 
 246      156EFE17 
 246      07E2
 247 0474 4B02     		.ascii	"K\002"
 248              		.text
 249              		.section	.gnu.lto_.symtab.b369a865,"",%progbits
 250 0000 50445353 		.ascii	"PDSS_PORT0_SAR_CLK_StartEx\000"
 250      5F504F52 
 250      54305F53 
 250      41525F43 
 250      4C4B5F53 
 251 001b 00       		.ascii	"\000"
 252 001c 00       		.ascii	"\000"
 253 001d 00       		.ascii	"\000"
 254 001e 00000000 		.ascii	"\000\000\000\000\000\000\000\000"
 254      00000000 
 255 0026 B5000000 		.ascii	"\265\000\000\000"
 256 002a 50445353 		.ascii	"PDSS_PORT0_SAR_CLK_Stop\000"
 256      5F504F52 
 256      54305F53 
 256      41525F43 
 256      4C4B5F53 
 257 0042 00       		.ascii	"\000"
 258 0043 00       		.ascii	"\000"
 259 0044 00       		.ascii	"\000"
 260 0045 00000000 		.ascii	"\000\000\000\000\000\000\000\000"
 260      00000000 
 261 004d B8000000 		.ascii	"\270\000\000\000"
 262 0051 50445353 		.ascii	"PDSS_PORT0_SAR_CLK_SetFractionalDividerRegister\000"
 262      5F504F52 
 262      54305F53 
 262      41525F43 
ARM GAS  C:\Users\prana\AppData\Local\Temp\ccI9tumh.s 			page 19


 262      4C4B5F53 
 263 0081 00       		.ascii	"\000"
 264 0082 00       		.ascii	"\000"
 265 0083 00       		.ascii	"\000"
 266 0084 00000000 		.ascii	"\000\000\000\000\000\000\000\000"
 266      00000000 
 267 008c C7000000 		.ascii	"\307\000\000\000"
 268 0090 50445353 		.ascii	"PDSS_PORT0_SAR_CLK_GetDividerRegister\000"
 268      5F504F52 
 268      54305F53 
 268      41525F43 
 268      4C4B5F47 
 269 00b6 00       		.ascii	"\000"
 270 00b7 00       		.ascii	"\000"
 271 00b8 00       		.ascii	"\000"
 272 00b9 00000000 		.ascii	"\000\000\000\000\000\000\000\000"
 272      00000000 
 273 00c1 CA000000 		.ascii	"\312\000\000\000"
 274 00c5 50445353 		.ascii	"PDSS_PORT0_SAR_CLK_GetFractionalDividerRegister\000"
 274      5F504F52 
 274      54305F53 
 274      41525F43 
 274      4C4B5F47 
 275 00f5 00       		.ascii	"\000"
 276 00f6 00       		.ascii	"\000"
 277 00f7 00       		.ascii	"\000"
 278 00f8 00000000 		.ascii	"\000\000\000\000\000\000\000\000"
 278      00000000 
 279 0100 CD000000 		.ascii	"\315\000\000\000"
 280              		.text
 281              		.section	.gnu.lto_.opts,"",%progbits
 282 0000 272D666D 		.ascii	"'-fmath-errno' '-fsigned-zeros' '-ftrapping-math' '"
 282      6174682D 
 282      6572726E 
 282      6F272027 
 282      2D667369 
 283 0033 2D666E6F 		.ascii	"-fno-trapv' '-fno-openmp' '-fno-openacc' '-mcpu=cor"
 283      2D747261 
 283      70762720 
 283      272D666E 
 283      6F2D6F70 
 284 0066 7465782D 		.ascii	"tex-m0' '-mthumb' '-g' '-Os' '-Werror' '-ffunction-"
 284      6D302720 
 284      272D6D74 
 284      68756D62 
 284      2720272D 
 285 0099 73656374 		.ascii	"sections' '-ffat-lto-objects' '-finline-functions' "
 285      696F6E73 
 285      2720272D 
 285      66666174 
 285      2D6C746F 
 286 00cc 272D666C 		.ascii	"'-flto' '-fno-strict-aliasing'\000"
 286      746F2720 
 286      272D666E 
 286      6F2D7374 
 286      72696374 
 287              		.text
ARM GAS  C:\Users\prana\AppData\Local\Temp\ccI9tumh.s 			page 20


 288              		.cfi_sections	.debug_frame
 289              		.section	.text.PDSS_PORT0_SAR_CLK_StartEx,"ax",%progbits
 290              		.align	1
 291              		.global	PDSS_PORT0_SAR_CLK_StartEx
 292              		.code	16
 293              		.thumb_func
 294              		.type	PDSS_PORT0_SAR_CLK_StartEx, %function
 295              	PDSS_PORT0_SAR_CLK_StartEx:
 296              	.LFB0:
 297              		.file 1 "Generated_Source\\PSoC4\\PDSS_PORT0_SAR_CLK.c"
   1:Generated_Source\PSoC4/PDSS_PORT0_SAR_CLK.c **** /*******************************************************************************
   2:Generated_Source\PSoC4/PDSS_PORT0_SAR_CLK.c **** * File Name: PDSS_PORT0_SAR_CLK.c
   3:Generated_Source\PSoC4/PDSS_PORT0_SAR_CLK.c **** * Version 2.20
   4:Generated_Source\PSoC4/PDSS_PORT0_SAR_CLK.c **** *
   5:Generated_Source\PSoC4/PDSS_PORT0_SAR_CLK.c **** *  Description:
   6:Generated_Source\PSoC4/PDSS_PORT0_SAR_CLK.c **** *   Provides system API for the clocking, interrupts and watchdog timer.
   7:Generated_Source\PSoC4/PDSS_PORT0_SAR_CLK.c **** *
   8:Generated_Source\PSoC4/PDSS_PORT0_SAR_CLK.c **** *  Note:
   9:Generated_Source\PSoC4/PDSS_PORT0_SAR_CLK.c **** *   Documentation of the API's in this file is located in the
  10:Generated_Source\PSoC4/PDSS_PORT0_SAR_CLK.c **** *   System Reference Guide provided with PSoC Creator.
  11:Generated_Source\PSoC4/PDSS_PORT0_SAR_CLK.c **** *
  12:Generated_Source\PSoC4/PDSS_PORT0_SAR_CLK.c **** ********************************************************************************
  13:Generated_Source\PSoC4/PDSS_PORT0_SAR_CLK.c **** * Copyright 2008-2012, Cypress Semiconductor Corporation.  All rights reserved.
  14:Generated_Source\PSoC4/PDSS_PORT0_SAR_CLK.c **** * You may use this file only in accordance with the license, terms, conditions,
  15:Generated_Source\PSoC4/PDSS_PORT0_SAR_CLK.c **** * disclaimers, and limitations in the end user license agreement accompanying
  16:Generated_Source\PSoC4/PDSS_PORT0_SAR_CLK.c **** * the software package with which this file was provided.
  17:Generated_Source\PSoC4/PDSS_PORT0_SAR_CLK.c **** *******************************************************************************/
  18:Generated_Source\PSoC4/PDSS_PORT0_SAR_CLK.c **** 
  19:Generated_Source\PSoC4/PDSS_PORT0_SAR_CLK.c **** #include <cydevice_trm.h>
  20:Generated_Source\PSoC4/PDSS_PORT0_SAR_CLK.c **** #include "PDSS_PORT0_SAR_CLK.h"
  21:Generated_Source\PSoC4/PDSS_PORT0_SAR_CLK.c **** 
  22:Generated_Source\PSoC4/PDSS_PORT0_SAR_CLK.c **** #if defined CYREG_PERI_DIV_CMD
  23:Generated_Source\PSoC4/PDSS_PORT0_SAR_CLK.c **** 
  24:Generated_Source\PSoC4/PDSS_PORT0_SAR_CLK.c **** /*******************************************************************************
  25:Generated_Source\PSoC4/PDSS_PORT0_SAR_CLK.c **** * Function Name: PDSS_PORT0_SAR_CLK_StartEx
  26:Generated_Source\PSoC4/PDSS_PORT0_SAR_CLK.c **** ********************************************************************************
  27:Generated_Source\PSoC4/PDSS_PORT0_SAR_CLK.c **** *
  28:Generated_Source\PSoC4/PDSS_PORT0_SAR_CLK.c **** * Summary:
  29:Generated_Source\PSoC4/PDSS_PORT0_SAR_CLK.c **** *  Starts the clock, aligned to the specified running clock.
  30:Generated_Source\PSoC4/PDSS_PORT0_SAR_CLK.c **** *
  31:Generated_Source\PSoC4/PDSS_PORT0_SAR_CLK.c **** * Parameters:
  32:Generated_Source\PSoC4/PDSS_PORT0_SAR_CLK.c **** *  alignClkDiv:  The divider to which phase alignment is performed when the
  33:Generated_Source\PSoC4/PDSS_PORT0_SAR_CLK.c **** *    clock is started.
  34:Generated_Source\PSoC4/PDSS_PORT0_SAR_CLK.c **** *
  35:Generated_Source\PSoC4/PDSS_PORT0_SAR_CLK.c **** * Returns:
  36:Generated_Source\PSoC4/PDSS_PORT0_SAR_CLK.c **** *  None
  37:Generated_Source\PSoC4/PDSS_PORT0_SAR_CLK.c **** *
  38:Generated_Source\PSoC4/PDSS_PORT0_SAR_CLK.c **** *******************************************************************************/
  39:Generated_Source\PSoC4/PDSS_PORT0_SAR_CLK.c **** void PDSS_PORT0_SAR_CLK_StartEx(uint32 alignClkDiv)
  40:Generated_Source\PSoC4/PDSS_PORT0_SAR_CLK.c **** {
 298              		.loc 1 40 0
 299              		.cfi_startproc
 300              		@ args = 0, pretend = 0, frame = 0
 301              		@ frame_needed = 0, uses_anonymous_args = 0
 302              		@ link register save eliminated.
 303              	.LVL0:
  41:Generated_Source\PSoC4/PDSS_PORT0_SAR_CLK.c ****     /* Make sure any previous start command has finished. */
ARM GAS  C:\Users\prana\AppData\Local\Temp\ccI9tumh.s 			page 21


  42:Generated_Source\PSoC4/PDSS_PORT0_SAR_CLK.c ****     while((PDSS_PORT0_SAR_CLK_CMD_REG & PDSS_PORT0_SAR_CLK_CMD_ENABLE_MASK) != 0u)
 304              		.loc 1 42 0
 305 0000 044A     		ldr	r2, .L5
 306              	.L2:
 307              		.loc 1 42 0 is_stmt 0 discriminator 1
 308 0002 1368     		ldr	r3, [r2]
 309 0004 002B     		cmp	r3, #0
 310 0006 FCDB     		blt	.L2
  43:Generated_Source\PSoC4/PDSS_PORT0_SAR_CLK.c ****     {
  44:Generated_Source\PSoC4/PDSS_PORT0_SAR_CLK.c ****     }
  45:Generated_Source\PSoC4/PDSS_PORT0_SAR_CLK.c ****     
  46:Generated_Source\PSoC4/PDSS_PORT0_SAR_CLK.c ****     /* Specify the target divider and it's alignment divider, and enable. */
  47:Generated_Source\PSoC4/PDSS_PORT0_SAR_CLK.c ****     PDSS_PORT0_SAR_CLK_CMD_REG =
  48:Generated_Source\PSoC4/PDSS_PORT0_SAR_CLK.c ****         ((uint32)PDSS_PORT0_SAR_CLK__DIV_ID << PDSS_PORT0_SAR_CLK_CMD_DIV_SHIFT)|
  49:Generated_Source\PSoC4/PDSS_PORT0_SAR_CLK.c ****         (alignClkDiv << PDSS_PORT0_SAR_CLK_CMD_PA_DIV_SHIFT) |
 311              		.loc 1 49 0 is_stmt 1
 312 0008 034B     		ldr	r3, .L5+4
 313 000a 0002     		lsls	r0, r0, #8
 314              	.LVL1:
 315 000c 1843     		orrs	r0, r3
  47:Generated_Source\PSoC4/PDSS_PORT0_SAR_CLK.c ****         ((uint32)PDSS_PORT0_SAR_CLK__DIV_ID << PDSS_PORT0_SAR_CLK_CMD_DIV_SHIFT)|
 316              		.loc 1 47 0
 317 000e 014B     		ldr	r3, .L5
  50:Generated_Source\PSoC4/PDSS_PORT0_SAR_CLK.c ****         (uint32)PDSS_PORT0_SAR_CLK_CMD_ENABLE_MASK;
  51:Generated_Source\PSoC4/PDSS_PORT0_SAR_CLK.c **** }
 318              		.loc 1 51 0
 319              		@ sp needed
  47:Generated_Source\PSoC4/PDSS_PORT0_SAR_CLK.c ****         ((uint32)PDSS_PORT0_SAR_CLK__DIV_ID << PDSS_PORT0_SAR_CLK_CMD_DIV_SHIFT)|
 320              		.loc 1 47 0
 321 0010 1860     		str	r0, [r3]
 322              		.loc 1 51 0
 323 0012 7047     		bx	lr
 324              	.L6:
 325              		.align	2
 326              	.L5:
 327 0014 00000140 		.word	1073807360
 328 0018 40000080 		.word	-2147483584
 329              		.cfi_endproc
 330              	.LFE0:
 331              		.size	PDSS_PORT0_SAR_CLK_StartEx, .-PDSS_PORT0_SAR_CLK_StartEx
 332              		.section	.text.PDSS_PORT0_SAR_CLK_Stop,"ax",%progbits
 333              		.align	1
 334              		.global	PDSS_PORT0_SAR_CLK_Stop
 335              		.code	16
 336              		.thumb_func
 337              		.type	PDSS_PORT0_SAR_CLK_Stop, %function
 338              	PDSS_PORT0_SAR_CLK_Stop:
 339              	.LFB1:
  52:Generated_Source\PSoC4/PDSS_PORT0_SAR_CLK.c **** 
  53:Generated_Source\PSoC4/PDSS_PORT0_SAR_CLK.c **** #else
  54:Generated_Source\PSoC4/PDSS_PORT0_SAR_CLK.c **** 
  55:Generated_Source\PSoC4/PDSS_PORT0_SAR_CLK.c **** /*******************************************************************************
  56:Generated_Source\PSoC4/PDSS_PORT0_SAR_CLK.c **** * Function Name: PDSS_PORT0_SAR_CLK_Start
  57:Generated_Source\PSoC4/PDSS_PORT0_SAR_CLK.c **** ********************************************************************************
  58:Generated_Source\PSoC4/PDSS_PORT0_SAR_CLK.c **** *
  59:Generated_Source\PSoC4/PDSS_PORT0_SAR_CLK.c **** * Summary:
  60:Generated_Source\PSoC4/PDSS_PORT0_SAR_CLK.c **** *  Starts the clock.
ARM GAS  C:\Users\prana\AppData\Local\Temp\ccI9tumh.s 			page 22


  61:Generated_Source\PSoC4/PDSS_PORT0_SAR_CLK.c **** *
  62:Generated_Source\PSoC4/PDSS_PORT0_SAR_CLK.c **** * Parameters:
  63:Generated_Source\PSoC4/PDSS_PORT0_SAR_CLK.c **** *  None
  64:Generated_Source\PSoC4/PDSS_PORT0_SAR_CLK.c **** *
  65:Generated_Source\PSoC4/PDSS_PORT0_SAR_CLK.c **** * Returns:
  66:Generated_Source\PSoC4/PDSS_PORT0_SAR_CLK.c **** *  None
  67:Generated_Source\PSoC4/PDSS_PORT0_SAR_CLK.c **** *
  68:Generated_Source\PSoC4/PDSS_PORT0_SAR_CLK.c **** *******************************************************************************/
  69:Generated_Source\PSoC4/PDSS_PORT0_SAR_CLK.c **** 
  70:Generated_Source\PSoC4/PDSS_PORT0_SAR_CLK.c **** void PDSS_PORT0_SAR_CLK_Start(void)
  71:Generated_Source\PSoC4/PDSS_PORT0_SAR_CLK.c **** {
  72:Generated_Source\PSoC4/PDSS_PORT0_SAR_CLK.c ****     /* Set the bit to enable the clock. */
  73:Generated_Source\PSoC4/PDSS_PORT0_SAR_CLK.c ****     PDSS_PORT0_SAR_CLK_ENABLE_REG |= PDSS_PORT0_SAR_CLK__ENABLE_MASK;
  74:Generated_Source\PSoC4/PDSS_PORT0_SAR_CLK.c **** }
  75:Generated_Source\PSoC4/PDSS_PORT0_SAR_CLK.c **** 
  76:Generated_Source\PSoC4/PDSS_PORT0_SAR_CLK.c **** #endif /* CYREG_PERI_DIV_CMD */
  77:Generated_Source\PSoC4/PDSS_PORT0_SAR_CLK.c **** 
  78:Generated_Source\PSoC4/PDSS_PORT0_SAR_CLK.c **** 
  79:Generated_Source\PSoC4/PDSS_PORT0_SAR_CLK.c **** /*******************************************************************************
  80:Generated_Source\PSoC4/PDSS_PORT0_SAR_CLK.c **** * Function Name: PDSS_PORT0_SAR_CLK_Stop
  81:Generated_Source\PSoC4/PDSS_PORT0_SAR_CLK.c **** ********************************************************************************
  82:Generated_Source\PSoC4/PDSS_PORT0_SAR_CLK.c **** *
  83:Generated_Source\PSoC4/PDSS_PORT0_SAR_CLK.c **** * Summary:
  84:Generated_Source\PSoC4/PDSS_PORT0_SAR_CLK.c **** *  Stops the clock and returns immediately. This API does not require the
  85:Generated_Source\PSoC4/PDSS_PORT0_SAR_CLK.c **** *  source clock to be running but may return before the hardware is actually
  86:Generated_Source\PSoC4/PDSS_PORT0_SAR_CLK.c **** *  disabled.
  87:Generated_Source\PSoC4/PDSS_PORT0_SAR_CLK.c **** *
  88:Generated_Source\PSoC4/PDSS_PORT0_SAR_CLK.c **** * Parameters:
  89:Generated_Source\PSoC4/PDSS_PORT0_SAR_CLK.c **** *  None
  90:Generated_Source\PSoC4/PDSS_PORT0_SAR_CLK.c **** *
  91:Generated_Source\PSoC4/PDSS_PORT0_SAR_CLK.c **** * Returns:
  92:Generated_Source\PSoC4/PDSS_PORT0_SAR_CLK.c **** *  None
  93:Generated_Source\PSoC4/PDSS_PORT0_SAR_CLK.c **** *
  94:Generated_Source\PSoC4/PDSS_PORT0_SAR_CLK.c **** *******************************************************************************/
  95:Generated_Source\PSoC4/PDSS_PORT0_SAR_CLK.c **** void PDSS_PORT0_SAR_CLK_Stop(void)
  96:Generated_Source\PSoC4/PDSS_PORT0_SAR_CLK.c **** {
 340              		.loc 1 96 0
 341              		.cfi_startproc
 342              		@ args = 0, pretend = 0, frame = 0
 343              		@ frame_needed = 0, uses_anonymous_args = 0
 344              		@ link register save eliminated.
  97:Generated_Source\PSoC4/PDSS_PORT0_SAR_CLK.c **** #if defined CYREG_PERI_DIV_CMD
  98:Generated_Source\PSoC4/PDSS_PORT0_SAR_CLK.c **** 
  99:Generated_Source\PSoC4/PDSS_PORT0_SAR_CLK.c ****     /* Make sure any previous start command has finished. */
 100:Generated_Source\PSoC4/PDSS_PORT0_SAR_CLK.c ****     while((PDSS_PORT0_SAR_CLK_CMD_REG & PDSS_PORT0_SAR_CLK_CMD_ENABLE_MASK) != 0u)
 345              		.loc 1 100 0
 346 0000 034A     		ldr	r2, .L10
 347              	.L8:
 348              		.loc 1 100 0 is_stmt 0 discriminator 1
 349 0002 1368     		ldr	r3, [r2]
 350 0004 002B     		cmp	r3, #0
 351 0006 FCDB     		blt	.L8
 101:Generated_Source\PSoC4/PDSS_PORT0_SAR_CLK.c ****     {
 102:Generated_Source\PSoC4/PDSS_PORT0_SAR_CLK.c ****     }
 103:Generated_Source\PSoC4/PDSS_PORT0_SAR_CLK.c ****     
 104:Generated_Source\PSoC4/PDSS_PORT0_SAR_CLK.c ****     /* Specify the target divider and it's alignment divider, and disable. */
 105:Generated_Source\PSoC4/PDSS_PORT0_SAR_CLK.c ****     PDSS_PORT0_SAR_CLK_CMD_REG =
ARM GAS  C:\Users\prana\AppData\Local\Temp\ccI9tumh.s 			page 23


 352              		.loc 1 105 0 is_stmt 1
 353 0008 024A     		ldr	r2, .L10+4
 354 000a 014B     		ldr	r3, .L10
 106:Generated_Source\PSoC4/PDSS_PORT0_SAR_CLK.c ****         ((uint32)PDSS_PORT0_SAR_CLK__DIV_ID << PDSS_PORT0_SAR_CLK_CMD_DIV_SHIFT)|
 107:Generated_Source\PSoC4/PDSS_PORT0_SAR_CLK.c ****         ((uint32)PDSS_PORT0_SAR_CLK_CMD_DISABLE_MASK);
 108:Generated_Source\PSoC4/PDSS_PORT0_SAR_CLK.c **** 
 109:Generated_Source\PSoC4/PDSS_PORT0_SAR_CLK.c **** #else
 110:Generated_Source\PSoC4/PDSS_PORT0_SAR_CLK.c **** 
 111:Generated_Source\PSoC4/PDSS_PORT0_SAR_CLK.c ****     /* Clear the bit to disable the clock. */
 112:Generated_Source\PSoC4/PDSS_PORT0_SAR_CLK.c ****     PDSS_PORT0_SAR_CLK_ENABLE_REG &= (uint32)(~PDSS_PORT0_SAR_CLK__ENABLE_MASK);
 113:Generated_Source\PSoC4/PDSS_PORT0_SAR_CLK.c ****     
 114:Generated_Source\PSoC4/PDSS_PORT0_SAR_CLK.c **** #endif /* CYREG_PERI_DIV_CMD */
 115:Generated_Source\PSoC4/PDSS_PORT0_SAR_CLK.c **** }
 355              		.loc 1 115 0
 356              		@ sp needed
 105:Generated_Source\PSoC4/PDSS_PORT0_SAR_CLK.c ****         ((uint32)PDSS_PORT0_SAR_CLK__DIV_ID << PDSS_PORT0_SAR_CLK_CMD_DIV_SHIFT)|
 357              		.loc 1 105 0
 358 000c 1A60     		str	r2, [r3]
 359              		.loc 1 115 0
 360 000e 7047     		bx	lr
 361              	.L11:
 362              		.align	2
 363              	.L10:
 364 0010 00000140 		.word	1073807360
 365 0014 40000040 		.word	1073741888
 366              		.cfi_endproc
 367              	.LFE1:
 368              		.size	PDSS_PORT0_SAR_CLK_Stop, .-PDSS_PORT0_SAR_CLK_Stop
 369              		.section	.text.PDSS_PORT0_SAR_CLK_SetFractionalDividerRegister,"ax",%progbits
 370              		.align	1
 371              		.global	PDSS_PORT0_SAR_CLK_SetFractionalDividerRegister
 372              		.code	16
 373              		.thumb_func
 374              		.type	PDSS_PORT0_SAR_CLK_SetFractionalDividerRegister, %function
 375              	PDSS_PORT0_SAR_CLK_SetFractionalDividerRegister:
 376              	.LFB2:
 116:Generated_Source\PSoC4/PDSS_PORT0_SAR_CLK.c **** 
 117:Generated_Source\PSoC4/PDSS_PORT0_SAR_CLK.c **** 
 118:Generated_Source\PSoC4/PDSS_PORT0_SAR_CLK.c **** /*******************************************************************************
 119:Generated_Source\PSoC4/PDSS_PORT0_SAR_CLK.c **** * Function Name: PDSS_PORT0_SAR_CLK_SetFractionalDividerRegister
 120:Generated_Source\PSoC4/PDSS_PORT0_SAR_CLK.c **** ********************************************************************************
 121:Generated_Source\PSoC4/PDSS_PORT0_SAR_CLK.c **** *
 122:Generated_Source\PSoC4/PDSS_PORT0_SAR_CLK.c **** * Summary:
 123:Generated_Source\PSoC4/PDSS_PORT0_SAR_CLK.c **** *  Modifies the clock divider and the fractional divider.
 124:Generated_Source\PSoC4/PDSS_PORT0_SAR_CLK.c **** *
 125:Generated_Source\PSoC4/PDSS_PORT0_SAR_CLK.c **** * Parameters:
 126:Generated_Source\PSoC4/PDSS_PORT0_SAR_CLK.c **** *  clkDivider:  Divider register value (0-65535). This value is NOT the
 127:Generated_Source\PSoC4/PDSS_PORT0_SAR_CLK.c **** *    divider; the clock hardware divides by clkDivider plus one. For example,
 128:Generated_Source\PSoC4/PDSS_PORT0_SAR_CLK.c **** *    to divide the clock by 2, this parameter should be set to 1.
 129:Generated_Source\PSoC4/PDSS_PORT0_SAR_CLK.c **** *  fracDivider:  Fractional Divider register value (0-31).
 130:Generated_Source\PSoC4/PDSS_PORT0_SAR_CLK.c **** * Returns:
 131:Generated_Source\PSoC4/PDSS_PORT0_SAR_CLK.c **** *  None
 132:Generated_Source\PSoC4/PDSS_PORT0_SAR_CLK.c **** *
 133:Generated_Source\PSoC4/PDSS_PORT0_SAR_CLK.c **** *******************************************************************************/
 134:Generated_Source\PSoC4/PDSS_PORT0_SAR_CLK.c **** void PDSS_PORT0_SAR_CLK_SetFractionalDividerRegister(uint16 clkDivider, uint8 clkFractional)
 135:Generated_Source\PSoC4/PDSS_PORT0_SAR_CLK.c **** {
 377              		.loc 1 135 0
ARM GAS  C:\Users\prana\AppData\Local\Temp\ccI9tumh.s 			page 24


 378              		.cfi_startproc
 379              		@ args = 0, pretend = 0, frame = 0
 380              		@ frame_needed = 0, uses_anonymous_args = 0
 381              	.LVL2:
 136:Generated_Source\PSoC4/PDSS_PORT0_SAR_CLK.c ****     uint32 maskVal;
 137:Generated_Source\PSoC4/PDSS_PORT0_SAR_CLK.c ****     uint32 regVal;
 138:Generated_Source\PSoC4/PDSS_PORT0_SAR_CLK.c ****     
 139:Generated_Source\PSoC4/PDSS_PORT0_SAR_CLK.c **** #if defined (PDSS_PORT0_SAR_CLK__FRAC_MASK) || defined (CYREG_PERI_DIV_CMD)
 140:Generated_Source\PSoC4/PDSS_PORT0_SAR_CLK.c ****     
 141:Generated_Source\PSoC4/PDSS_PORT0_SAR_CLK.c **** 	/* get all but divider bits */
 142:Generated_Source\PSoC4/PDSS_PORT0_SAR_CLK.c ****     maskVal = PDSS_PORT0_SAR_CLK_DIV_REG & 
 143:Generated_Source\PSoC4/PDSS_PORT0_SAR_CLK.c ****                     (uint32)(~(uint32)(PDSS_PORT0_SAR_CLK_DIV_INT_MASK | PDSS_PORT0_SAR_CLK_DIV_FRA
 144:Generated_Source\PSoC4/PDSS_PORT0_SAR_CLK.c **** 	/* combine mask and new divider vals into 32-bit value */
 145:Generated_Source\PSoC4/PDSS_PORT0_SAR_CLK.c ****     regVal = maskVal |
 382              		.loc 1 145 0
 383 0000 FF22     		movs	r2, #255
 384 0002 C900     		lsls	r1, r1, #3
 385              	.LVL3:
 386 0004 1140     		ands	r1, r2
 387 0006 0202     		lsls	r2, r0, #8
 388 0008 1143     		orrs	r1, r2
 389 000a 0723     		movs	r3, #7
 390 000c 0800     		movs	r0, r1
 391              	.LVL4:
 135:Generated_Source\PSoC4/PDSS_PORT0_SAR_CLK.c ****     uint32 maskVal;
 392              		.loc 1 135 0
 393 000e 30B5     		push	{r4, r5, lr}
 394              		.cfi_def_cfa_offset 12
 395              		.cfi_offset 4, -12
 396              		.cfi_offset 5, -8
 397              		.cfi_offset 14, -4
 142:Generated_Source\PSoC4/PDSS_PORT0_SAR_CLK.c ****                     (uint32)(~(uint32)(PDSS_PORT0_SAR_CLK_DIV_INT_MASK | PDSS_PORT0_SAR_CLK_DIV_FRA
 398              		.loc 1 142 0
 399 0010 024C     		ldr	r4, .L13
 146:Generated_Source\PSoC4/PDSS_PORT0_SAR_CLK.c ****         ((uint32)((uint32)clkDivider <<  PDSS_PORT0_SAR_CLK_DIV_INT_SHIFT) & PDSS_PORT0_SAR_CLK_DIV
 147:Generated_Source\PSoC4/PDSS_PORT0_SAR_CLK.c ****         ((uint32)((uint32)clkFractional << PDSS_PORT0_SAR_CLK_DIV_FRAC_SHIFT) & PDSS_PORT0_SAR_CLK_
 148:Generated_Source\PSoC4/PDSS_PORT0_SAR_CLK.c ****     
 149:Generated_Source\PSoC4/PDSS_PORT0_SAR_CLK.c **** #else
 150:Generated_Source\PSoC4/PDSS_PORT0_SAR_CLK.c ****     /* get all but integer divider bits */
 151:Generated_Source\PSoC4/PDSS_PORT0_SAR_CLK.c ****     maskVal = PDSS_PORT0_SAR_CLK_DIV_REG & (uint32)(~(uint32)PDSS_PORT0_SAR_CLK__DIVIDER_MASK);
 152:Generated_Source\PSoC4/PDSS_PORT0_SAR_CLK.c ****     /* combine mask and new divider val into 32-bit value */
 153:Generated_Source\PSoC4/PDSS_PORT0_SAR_CLK.c ****     regVal = clkDivider | maskVal;
 154:Generated_Source\PSoC4/PDSS_PORT0_SAR_CLK.c ****     
 155:Generated_Source\PSoC4/PDSS_PORT0_SAR_CLK.c **** #endif /* PDSS_PORT0_SAR_CLK__FRAC_MASK || CYREG_PERI_DIV_CMD */
 156:Generated_Source\PSoC4/PDSS_PORT0_SAR_CLK.c **** 
 157:Generated_Source\PSoC4/PDSS_PORT0_SAR_CLK.c ****     PDSS_PORT0_SAR_CLK_DIV_REG = regVal;
 158:Generated_Source\PSoC4/PDSS_PORT0_SAR_CLK.c **** }
 400              		.loc 1 158 0
 401              		@ sp needed
 142:Generated_Source\PSoC4/PDSS_PORT0_SAR_CLK.c ****                     (uint32)(~(uint32)(PDSS_PORT0_SAR_CLK_DIV_INT_MASK | PDSS_PORT0_SAR_CLK_DIV_FRA
 402              		.loc 1 142 0
 403 0012 2568     		ldr	r5, [r4]
 404              	.LVL5:
 145:Generated_Source\PSoC4/PDSS_PORT0_SAR_CLK.c ****         ((uint32)((uint32)clkDivider <<  PDSS_PORT0_SAR_CLK_DIV_INT_SHIFT) & PDSS_PORT0_SAR_CLK_DIV
 405              		.loc 1 145 0
 406 0014 2B40     		ands	r3, r5
 407              	.LVL6:
ARM GAS  C:\Users\prana\AppData\Local\Temp\ccI9tumh.s 			page 25


 408 0016 1843     		orrs	r0, r3
 409              	.LVL7:
 157:Generated_Source\PSoC4/PDSS_PORT0_SAR_CLK.c **** }
 410              		.loc 1 157 0
 411 0018 2060     		str	r0, [r4]
 412              		.loc 1 158 0
 413 001a 30BD     		pop	{r4, r5, pc}
 414              	.L14:
 415              		.align	2
 416              	.L13:
 417 001c 00030140 		.word	1073808128
 418              		.cfi_endproc
 419              	.LFE2:
 420              		.size	PDSS_PORT0_SAR_CLK_SetFractionalDividerRegister, .-PDSS_PORT0_SAR_CLK_SetFractionalDividerRe
 421              		.section	.text.PDSS_PORT0_SAR_CLK_GetDividerRegister,"ax",%progbits
 422              		.align	1
 423              		.global	PDSS_PORT0_SAR_CLK_GetDividerRegister
 424              		.code	16
 425              		.thumb_func
 426              		.type	PDSS_PORT0_SAR_CLK_GetDividerRegister, %function
 427              	PDSS_PORT0_SAR_CLK_GetDividerRegister:
 428              	.LFB3:
 159:Generated_Source\PSoC4/PDSS_PORT0_SAR_CLK.c **** 
 160:Generated_Source\PSoC4/PDSS_PORT0_SAR_CLK.c **** 
 161:Generated_Source\PSoC4/PDSS_PORT0_SAR_CLK.c **** /*******************************************************************************
 162:Generated_Source\PSoC4/PDSS_PORT0_SAR_CLK.c **** * Function Name: PDSS_PORT0_SAR_CLK_GetDividerRegister
 163:Generated_Source\PSoC4/PDSS_PORT0_SAR_CLK.c **** ********************************************************************************
 164:Generated_Source\PSoC4/PDSS_PORT0_SAR_CLK.c **** *
 165:Generated_Source\PSoC4/PDSS_PORT0_SAR_CLK.c **** * Summary:
 166:Generated_Source\PSoC4/PDSS_PORT0_SAR_CLK.c **** *  Gets the clock divider register value.
 167:Generated_Source\PSoC4/PDSS_PORT0_SAR_CLK.c **** *
 168:Generated_Source\PSoC4/PDSS_PORT0_SAR_CLK.c **** * Parameters:
 169:Generated_Source\PSoC4/PDSS_PORT0_SAR_CLK.c **** *  None
 170:Generated_Source\PSoC4/PDSS_PORT0_SAR_CLK.c **** *
 171:Generated_Source\PSoC4/PDSS_PORT0_SAR_CLK.c **** * Returns:
 172:Generated_Source\PSoC4/PDSS_PORT0_SAR_CLK.c **** *  Divide value of the clock minus 1. For example, if the clock is set to
 173:Generated_Source\PSoC4/PDSS_PORT0_SAR_CLK.c **** *  divide by 2, the return value will be 1.
 174:Generated_Source\PSoC4/PDSS_PORT0_SAR_CLK.c **** *
 175:Generated_Source\PSoC4/PDSS_PORT0_SAR_CLK.c **** *******************************************************************************/
 176:Generated_Source\PSoC4/PDSS_PORT0_SAR_CLK.c **** uint16 PDSS_PORT0_SAR_CLK_GetDividerRegister(void)
 177:Generated_Source\PSoC4/PDSS_PORT0_SAR_CLK.c **** {
 429              		.loc 1 177 0
 430              		.cfi_startproc
 431              		@ args = 0, pretend = 0, frame = 0
 432              		@ frame_needed = 0, uses_anonymous_args = 0
 433              		@ link register save eliminated.
 178:Generated_Source\PSoC4/PDSS_PORT0_SAR_CLK.c ****     return (uint16)((PDSS_PORT0_SAR_CLK_DIV_REG & PDSS_PORT0_SAR_CLK_DIV_INT_MASK)
 434              		.loc 1 178 0
 435 0000 024B     		ldr	r3, .L16
 179:Generated_Source\PSoC4/PDSS_PORT0_SAR_CLK.c ****         >> PDSS_PORT0_SAR_CLK_DIV_INT_SHIFT);
 180:Generated_Source\PSoC4/PDSS_PORT0_SAR_CLK.c **** }
 436              		.loc 1 180 0
 437              		@ sp needed
 178:Generated_Source\PSoC4/PDSS_PORT0_SAR_CLK.c ****     return (uint16)((PDSS_PORT0_SAR_CLK_DIV_REG & PDSS_PORT0_SAR_CLK_DIV_INT_MASK)
 438              		.loc 1 178 0
 439 0002 1868     		ldr	r0, [r3]
 440 0004 000A     		lsrs	r0, r0, #8
ARM GAS  C:\Users\prana\AppData\Local\Temp\ccI9tumh.s 			page 26


 441 0006 80B2     		uxth	r0, r0
 442              		.loc 1 180 0
 443 0008 7047     		bx	lr
 444              	.L17:
 445 000a C046     		.align	2
 446              	.L16:
 447 000c 00030140 		.word	1073808128
 448              		.cfi_endproc
 449              	.LFE3:
 450              		.size	PDSS_PORT0_SAR_CLK_GetDividerRegister, .-PDSS_PORT0_SAR_CLK_GetDividerRegister
 451              		.section	.text.PDSS_PORT0_SAR_CLK_GetFractionalDividerRegister,"ax",%progbits
 452              		.align	1
 453              		.global	PDSS_PORT0_SAR_CLK_GetFractionalDividerRegister
 454              		.code	16
 455              		.thumb_func
 456              		.type	PDSS_PORT0_SAR_CLK_GetFractionalDividerRegister, %function
 457              	PDSS_PORT0_SAR_CLK_GetFractionalDividerRegister:
 458              	.LFB4:
 181:Generated_Source\PSoC4/PDSS_PORT0_SAR_CLK.c **** 
 182:Generated_Source\PSoC4/PDSS_PORT0_SAR_CLK.c **** 
 183:Generated_Source\PSoC4/PDSS_PORT0_SAR_CLK.c **** /*******************************************************************************
 184:Generated_Source\PSoC4/PDSS_PORT0_SAR_CLK.c **** * Function Name: PDSS_PORT0_SAR_CLK_GetFractionalDividerRegister
 185:Generated_Source\PSoC4/PDSS_PORT0_SAR_CLK.c **** ********************************************************************************
 186:Generated_Source\PSoC4/PDSS_PORT0_SAR_CLK.c **** *
 187:Generated_Source\PSoC4/PDSS_PORT0_SAR_CLK.c **** * Summary:
 188:Generated_Source\PSoC4/PDSS_PORT0_SAR_CLK.c **** *  Gets the clock fractional divider register value.
 189:Generated_Source\PSoC4/PDSS_PORT0_SAR_CLK.c **** *
 190:Generated_Source\PSoC4/PDSS_PORT0_SAR_CLK.c **** * Parameters:
 191:Generated_Source\PSoC4/PDSS_PORT0_SAR_CLK.c **** *  None
 192:Generated_Source\PSoC4/PDSS_PORT0_SAR_CLK.c **** *
 193:Generated_Source\PSoC4/PDSS_PORT0_SAR_CLK.c **** * Returns:
 194:Generated_Source\PSoC4/PDSS_PORT0_SAR_CLK.c **** *  Fractional Divide value of the clock
 195:Generated_Source\PSoC4/PDSS_PORT0_SAR_CLK.c **** *  0 if the fractional divider is not in use.
 196:Generated_Source\PSoC4/PDSS_PORT0_SAR_CLK.c **** *
 197:Generated_Source\PSoC4/PDSS_PORT0_SAR_CLK.c **** *******************************************************************************/
 198:Generated_Source\PSoC4/PDSS_PORT0_SAR_CLK.c **** uint8 PDSS_PORT0_SAR_CLK_GetFractionalDividerRegister(void)
 199:Generated_Source\PSoC4/PDSS_PORT0_SAR_CLK.c **** {
 459              		.loc 1 199 0
 460              		.cfi_startproc
 461              		@ args = 0, pretend = 0, frame = 0
 462              		@ frame_needed = 0, uses_anonymous_args = 0
 463              		@ link register save eliminated.
 200:Generated_Source\PSoC4/PDSS_PORT0_SAR_CLK.c **** #if defined (PDSS_PORT0_SAR_CLK__FRAC_MASK)
 201:Generated_Source\PSoC4/PDSS_PORT0_SAR_CLK.c ****     /* return fractional divider bits */
 202:Generated_Source\PSoC4/PDSS_PORT0_SAR_CLK.c ****     return (uint8)((PDSS_PORT0_SAR_CLK_DIV_REG & PDSS_PORT0_SAR_CLK_DIV_FRAC_MASK)
 203:Generated_Source\PSoC4/PDSS_PORT0_SAR_CLK.c ****         >> PDSS_PORT0_SAR_CLK_DIV_FRAC_SHIFT);
 204:Generated_Source\PSoC4/PDSS_PORT0_SAR_CLK.c **** #else
 205:Generated_Source\PSoC4/PDSS_PORT0_SAR_CLK.c ****     return 0u;
 206:Generated_Source\PSoC4/PDSS_PORT0_SAR_CLK.c **** #endif /* PDSS_PORT0_SAR_CLK__FRAC_MASK */
 207:Generated_Source\PSoC4/PDSS_PORT0_SAR_CLK.c **** }
 464              		.loc 1 207 0
 465 0000 0020     		movs	r0, #0
 466              		@ sp needed
 467 0002 7047     		bx	lr
 468              		.cfi_endproc
 469              	.LFE4:
 470              		.size	PDSS_PORT0_SAR_CLK_GetFractionalDividerRegister, .-PDSS_PORT0_SAR_CLK_GetFractionalDividerRe
ARM GAS  C:\Users\prana\AppData\Local\Temp\ccI9tumh.s 			page 27


 471              		.text
 472              	.Letext0:
 473              		.file 2 "Generated_Source\\PSoC4/cytypes.h"
 474              		.section	.debug_info,"",%progbits
 475              	.Ldebug_info0:
 476 0000 62010000 		.4byte	0x162
 477 0004 0400     		.2byte	0x4
 478 0006 00000000 		.4byte	.Ldebug_abbrev0
 479 000a 04       		.byte	0x4
 480 000b 01       		.uleb128 0x1
 481 000c 79010000 		.4byte	.LASF25
 482 0010 0C       		.byte	0xc
 483 0011 01010000 		.4byte	.LASF26
 484 0015 85020000 		.4byte	.LASF27
 485 0019 00000000 		.4byte	.Ldebug_ranges0+0
 486 001d 00000000 		.4byte	0
 487 0021 00000000 		.4byte	.Ldebug_line0
 488 0025 02       		.uleb128 0x2
 489 0026 01       		.byte	0x1
 490 0027 06       		.byte	0x6
 491 0028 79020000 		.4byte	.LASF0
 492 002c 02       		.uleb128 0x2
 493 002d 01       		.byte	0x1
 494 002e 08       		.byte	0x8
 495 002f 44000000 		.4byte	.LASF1
 496 0033 02       		.uleb128 0x2
 497 0034 02       		.byte	0x2
 498 0035 05       		.byte	0x5
 499 0036 48020000 		.4byte	.LASF2
 500 003a 02       		.uleb128 0x2
 501 003b 02       		.byte	0x2
 502 003c 07       		.byte	0x7
 503 003d A5000000 		.4byte	.LASF3
 504 0041 02       		.uleb128 0x2
 505 0042 04       		.byte	0x4
 506 0043 05       		.byte	0x5
 507 0044 58020000 		.4byte	.LASF4
 508 0048 02       		.uleb128 0x2
 509 0049 04       		.byte	0x4
 510 004a 07       		.byte	0x7
 511 004b 78000000 		.4byte	.LASF5
 512 004f 02       		.uleb128 0x2
 513 0050 08       		.byte	0x8
 514 0051 05       		.byte	0x5
 515 0052 35020000 		.4byte	.LASF6
 516 0056 02       		.uleb128 0x2
 517 0057 08       		.byte	0x8
 518 0058 07       		.byte	0x7
 519 0059 62010000 		.4byte	.LASF7
 520 005d 03       		.uleb128 0x3
 521 005e 04       		.byte	0x4
 522 005f 05       		.byte	0x5
 523 0060 696E7400 		.ascii	"int\000"
 524 0064 02       		.uleb128 0x2
 525 0065 04       		.byte	0x4
 526 0066 07       		.byte	0x7
 527 0067 55010000 		.4byte	.LASF8
ARM GAS  C:\Users\prana\AppData\Local\Temp\ccI9tumh.s 			page 28


 528 006b 04       		.uleb128 0x4
 529 006c 52020000 		.4byte	.LASF9
 530 0070 02       		.byte	0x2
 531 0071 D201     		.2byte	0x1d2
 532 0073 2C000000 		.4byte	0x2c
 533 0077 04       		.uleb128 0x4
 534 0078 47010000 		.4byte	.LASF10
 535 007c 02       		.byte	0x2
 536 007d D301     		.2byte	0x1d3
 537 007f 3A000000 		.4byte	0x3a
 538 0083 04       		.uleb128 0x4
 539 0084 4E010000 		.4byte	.LASF11
 540 0088 02       		.byte	0x2
 541 0089 D401     		.2byte	0x1d4
 542 008b 48000000 		.4byte	0x48
 543 008f 02       		.uleb128 0x2
 544 0090 04       		.byte	0x4
 545 0091 04       		.byte	0x4
 546 0092 3E000000 		.4byte	.LASF12
 547 0096 02       		.uleb128 0x2
 548 0097 08       		.byte	0x8
 549 0098 04       		.byte	0x4
 550 0099 FA000000 		.4byte	.LASF13
 551 009d 02       		.uleb128 0x2
 552 009e 01       		.byte	0x1
 553 009f 08       		.byte	0x8
 554 00a0 43020000 		.4byte	.LASF14
 555 00a4 04       		.uleb128 0x4
 556 00a5 00000000 		.4byte	.LASF15
 557 00a9 02       		.byte	0x2
 558 00aa 7E02     		.2byte	0x27e
 559 00ac B0000000 		.4byte	0xb0
 560 00b0 05       		.uleb128 0x5
 561 00b1 83000000 		.4byte	0x83
 562 00b5 06       		.uleb128 0x6
 563 00b6 8A000000 		.4byte	.LASF16
 564 00ba 01       		.byte	0x1
 565 00bb 27       		.byte	0x27
 566 00bc 00000000 		.4byte	.LFB0
 567 00c0 1C000000 		.4byte	.LFE0-.LFB0
 568 00c4 01       		.uleb128 0x1
 569 00c5 9C       		.byte	0x9c
 570 00c6 DA000000 		.4byte	0xda
 571 00ca 07       		.uleb128 0x7
 572 00cb 2D010000 		.4byte	.LASF18
 573 00cf 01       		.byte	0x1
 574 00d0 27       		.byte	0x27
 575 00d1 83000000 		.4byte	0x83
 576 00d5 00000000 		.4byte	.LLST0
 577 00d9 00       		.byte	0
 578 00da 08       		.uleb128 0x8
 579 00db 61020000 		.4byte	.LASF28
 580 00df 01       		.byte	0x1
 581 00e0 5F       		.byte	0x5f
 582 00e1 00000000 		.4byte	.LFB1
 583 00e5 18000000 		.4byte	.LFE1-.LFB1
 584 00e9 01       		.uleb128 0x1
ARM GAS  C:\Users\prana\AppData\Local\Temp\ccI9tumh.s 			page 29


 585 00ea 9C       		.byte	0x9c
 586 00eb 06       		.uleb128 0x6
 587 00ec B8000000 		.4byte	.LASF17
 588 00f0 01       		.byte	0x1
 589 00f1 86       		.byte	0x86
 590 00f2 00000000 		.4byte	.LFB2
 591 00f6 20000000 		.4byte	.LFE2-.LFB2
 592 00fa 01       		.uleb128 0x1
 593 00fb 9C       		.byte	0x9c
 594 00fc 3B010000 		.4byte	0x13b
 595 0100 07       		.uleb128 0x7
 596 0101 EF000000 		.4byte	.LASF19
 597 0105 01       		.byte	0x1
 598 0106 86       		.byte	0x86
 599 0107 77000000 		.4byte	0x77
 600 010b 21000000 		.4byte	.LLST1
 601 010f 07       		.uleb128 0x7
 602 0110 39010000 		.4byte	.LASF20
 603 0114 01       		.byte	0x1
 604 0115 86       		.byte	0x86
 605 0116 6B000000 		.4byte	0x6b
 606 011a 42000000 		.4byte	.LLST2
 607 011e 09       		.uleb128 0x9
 608 011f 06000000 		.4byte	.LASF21
 609 0123 01       		.byte	0x1
 610 0124 88       		.byte	0x88
 611 0125 83000000 		.4byte	0x83
 612 0129 63000000 		.4byte	.LLST3
 613 012d 0A       		.uleb128 0xa
 614 012e E8000000 		.4byte	.LASF22
 615 0132 01       		.byte	0x1
 616 0133 89       		.byte	0x89
 617 0134 83000000 		.4byte	0x83
 618 0138 01       		.uleb128 0x1
 619 0139 50       		.byte	0x50
 620 013a 00       		.byte	0
 621 013b 0B       		.uleb128 0xb
 622 013c 52000000 		.4byte	.LASF23
 623 0140 01       		.byte	0x1
 624 0141 B0       		.byte	0xb0
 625 0142 77000000 		.4byte	0x77
 626 0146 00000000 		.4byte	.LFB3
 627 014a 10000000 		.4byte	.LFE3-.LFB3
 628 014e 01       		.uleb128 0x1
 629 014f 9C       		.byte	0x9c
 630 0150 0B       		.uleb128 0xb
 631 0151 0E000000 		.4byte	.LASF24
 632 0155 01       		.byte	0x1
 633 0156 C6       		.byte	0xc6
 634 0157 6B000000 		.4byte	0x6b
 635 015b 00000000 		.4byte	.LFB4
 636 015f 04000000 		.4byte	.LFE4-.LFB4
 637 0163 01       		.uleb128 0x1
 638 0164 9C       		.byte	0x9c
 639 0165 00       		.byte	0
 640              		.section	.debug_abbrev,"",%progbits
 641              	.Ldebug_abbrev0:
ARM GAS  C:\Users\prana\AppData\Local\Temp\ccI9tumh.s 			page 30


 642 0000 01       		.uleb128 0x1
 643 0001 11       		.uleb128 0x11
 644 0002 01       		.byte	0x1
 645 0003 25       		.uleb128 0x25
 646 0004 0E       		.uleb128 0xe
 647 0005 13       		.uleb128 0x13
 648 0006 0B       		.uleb128 0xb
 649 0007 03       		.uleb128 0x3
 650 0008 0E       		.uleb128 0xe
 651 0009 1B       		.uleb128 0x1b
 652 000a 0E       		.uleb128 0xe
 653 000b 55       		.uleb128 0x55
 654 000c 17       		.uleb128 0x17
 655 000d 11       		.uleb128 0x11
 656 000e 01       		.uleb128 0x1
 657 000f 10       		.uleb128 0x10
 658 0010 17       		.uleb128 0x17
 659 0011 00       		.byte	0
 660 0012 00       		.byte	0
 661 0013 02       		.uleb128 0x2
 662 0014 24       		.uleb128 0x24
 663 0015 00       		.byte	0
 664 0016 0B       		.uleb128 0xb
 665 0017 0B       		.uleb128 0xb
 666 0018 3E       		.uleb128 0x3e
 667 0019 0B       		.uleb128 0xb
 668 001a 03       		.uleb128 0x3
 669 001b 0E       		.uleb128 0xe
 670 001c 00       		.byte	0
 671 001d 00       		.byte	0
 672 001e 03       		.uleb128 0x3
 673 001f 24       		.uleb128 0x24
 674 0020 00       		.byte	0
 675 0021 0B       		.uleb128 0xb
 676 0022 0B       		.uleb128 0xb
 677 0023 3E       		.uleb128 0x3e
 678 0024 0B       		.uleb128 0xb
 679 0025 03       		.uleb128 0x3
 680 0026 08       		.uleb128 0x8
 681 0027 00       		.byte	0
 682 0028 00       		.byte	0
 683 0029 04       		.uleb128 0x4
 684 002a 16       		.uleb128 0x16
 685 002b 00       		.byte	0
 686 002c 03       		.uleb128 0x3
 687 002d 0E       		.uleb128 0xe
 688 002e 3A       		.uleb128 0x3a
 689 002f 0B       		.uleb128 0xb
 690 0030 3B       		.uleb128 0x3b
 691 0031 05       		.uleb128 0x5
 692 0032 49       		.uleb128 0x49
 693 0033 13       		.uleb128 0x13
 694 0034 00       		.byte	0
 695 0035 00       		.byte	0
 696 0036 05       		.uleb128 0x5
 697 0037 35       		.uleb128 0x35
 698 0038 00       		.byte	0
ARM GAS  C:\Users\prana\AppData\Local\Temp\ccI9tumh.s 			page 31


 699 0039 49       		.uleb128 0x49
 700 003a 13       		.uleb128 0x13
 701 003b 00       		.byte	0
 702 003c 00       		.byte	0
 703 003d 06       		.uleb128 0x6
 704 003e 2E       		.uleb128 0x2e
 705 003f 01       		.byte	0x1
 706 0040 3F       		.uleb128 0x3f
 707 0041 19       		.uleb128 0x19
 708 0042 03       		.uleb128 0x3
 709 0043 0E       		.uleb128 0xe
 710 0044 3A       		.uleb128 0x3a
 711 0045 0B       		.uleb128 0xb
 712 0046 3B       		.uleb128 0x3b
 713 0047 0B       		.uleb128 0xb
 714 0048 27       		.uleb128 0x27
 715 0049 19       		.uleb128 0x19
 716 004a 11       		.uleb128 0x11
 717 004b 01       		.uleb128 0x1
 718 004c 12       		.uleb128 0x12
 719 004d 06       		.uleb128 0x6
 720 004e 40       		.uleb128 0x40
 721 004f 18       		.uleb128 0x18
 722 0050 9742     		.uleb128 0x2117
 723 0052 19       		.uleb128 0x19
 724 0053 01       		.uleb128 0x1
 725 0054 13       		.uleb128 0x13
 726 0055 00       		.byte	0
 727 0056 00       		.byte	0
 728 0057 07       		.uleb128 0x7
 729 0058 05       		.uleb128 0x5
 730 0059 00       		.byte	0
 731 005a 03       		.uleb128 0x3
 732 005b 0E       		.uleb128 0xe
 733 005c 3A       		.uleb128 0x3a
 734 005d 0B       		.uleb128 0xb
 735 005e 3B       		.uleb128 0x3b
 736 005f 0B       		.uleb128 0xb
 737 0060 49       		.uleb128 0x49
 738 0061 13       		.uleb128 0x13
 739 0062 02       		.uleb128 0x2
 740 0063 17       		.uleb128 0x17
 741 0064 00       		.byte	0
 742 0065 00       		.byte	0
 743 0066 08       		.uleb128 0x8
 744 0067 2E       		.uleb128 0x2e
 745 0068 00       		.byte	0
 746 0069 3F       		.uleb128 0x3f
 747 006a 19       		.uleb128 0x19
 748 006b 03       		.uleb128 0x3
 749 006c 0E       		.uleb128 0xe
 750 006d 3A       		.uleb128 0x3a
 751 006e 0B       		.uleb128 0xb
 752 006f 3B       		.uleb128 0x3b
 753 0070 0B       		.uleb128 0xb
 754 0071 27       		.uleb128 0x27
 755 0072 19       		.uleb128 0x19
ARM GAS  C:\Users\prana\AppData\Local\Temp\ccI9tumh.s 			page 32


 756 0073 11       		.uleb128 0x11
 757 0074 01       		.uleb128 0x1
 758 0075 12       		.uleb128 0x12
 759 0076 06       		.uleb128 0x6
 760 0077 40       		.uleb128 0x40
 761 0078 18       		.uleb128 0x18
 762 0079 9742     		.uleb128 0x2117
 763 007b 19       		.uleb128 0x19
 764 007c 00       		.byte	0
 765 007d 00       		.byte	0
 766 007e 09       		.uleb128 0x9
 767 007f 34       		.uleb128 0x34
 768 0080 00       		.byte	0
 769 0081 03       		.uleb128 0x3
 770 0082 0E       		.uleb128 0xe
 771 0083 3A       		.uleb128 0x3a
 772 0084 0B       		.uleb128 0xb
 773 0085 3B       		.uleb128 0x3b
 774 0086 0B       		.uleb128 0xb
 775 0087 49       		.uleb128 0x49
 776 0088 13       		.uleb128 0x13
 777 0089 02       		.uleb128 0x2
 778 008a 17       		.uleb128 0x17
 779 008b 00       		.byte	0
 780 008c 00       		.byte	0
 781 008d 0A       		.uleb128 0xa
 782 008e 34       		.uleb128 0x34
 783 008f 00       		.byte	0
 784 0090 03       		.uleb128 0x3
 785 0091 0E       		.uleb128 0xe
 786 0092 3A       		.uleb128 0x3a
 787 0093 0B       		.uleb128 0xb
 788 0094 3B       		.uleb128 0x3b
 789 0095 0B       		.uleb128 0xb
 790 0096 49       		.uleb128 0x49
 791 0097 13       		.uleb128 0x13
 792 0098 02       		.uleb128 0x2
 793 0099 18       		.uleb128 0x18
 794 009a 00       		.byte	0
 795 009b 00       		.byte	0
 796 009c 0B       		.uleb128 0xb
 797 009d 2E       		.uleb128 0x2e
 798 009e 00       		.byte	0
 799 009f 3F       		.uleb128 0x3f
 800 00a0 19       		.uleb128 0x19
 801 00a1 03       		.uleb128 0x3
 802 00a2 0E       		.uleb128 0xe
 803 00a3 3A       		.uleb128 0x3a
 804 00a4 0B       		.uleb128 0xb
 805 00a5 3B       		.uleb128 0x3b
 806 00a6 0B       		.uleb128 0xb
 807 00a7 27       		.uleb128 0x27
 808 00a8 19       		.uleb128 0x19
 809 00a9 49       		.uleb128 0x49
 810 00aa 13       		.uleb128 0x13
 811 00ab 11       		.uleb128 0x11
 812 00ac 01       		.uleb128 0x1
ARM GAS  C:\Users\prana\AppData\Local\Temp\ccI9tumh.s 			page 33


 813 00ad 12       		.uleb128 0x12
 814 00ae 06       		.uleb128 0x6
 815 00af 40       		.uleb128 0x40
 816 00b0 18       		.uleb128 0x18
 817 00b1 9742     		.uleb128 0x2117
 818 00b3 19       		.uleb128 0x19
 819 00b4 00       		.byte	0
 820 00b5 00       		.byte	0
 821 00b6 00       		.byte	0
 822              		.section	.debug_loc,"",%progbits
 823              	.Ldebug_loc0:
 824              	.LLST0:
 825 0000 00000000 		.4byte	.LVL0
 826 0004 0C000000 		.4byte	.LVL1
 827 0008 0100     		.2byte	0x1
 828 000a 50       		.byte	0x50
 829 000b 0C000000 		.4byte	.LVL1
 830 000f 1C000000 		.4byte	.LFE0
 831 0013 0400     		.2byte	0x4
 832 0015 F3       		.byte	0xf3
 833 0016 01       		.uleb128 0x1
 834 0017 50       		.byte	0x50
 835 0018 9F       		.byte	0x9f
 836 0019 00000000 		.4byte	0
 837 001d 00000000 		.4byte	0
 838              	.LLST1:
 839 0021 00000000 		.4byte	.LVL2
 840 0025 0E000000 		.4byte	.LVL4
 841 0029 0100     		.2byte	0x1
 842 002b 50       		.byte	0x50
 843 002c 0E000000 		.4byte	.LVL4
 844 0030 20000000 		.4byte	.LFE2
 845 0034 0400     		.2byte	0x4
 846 0036 F3       		.byte	0xf3
 847 0037 01       		.uleb128 0x1
 848 0038 50       		.byte	0x50
 849 0039 9F       		.byte	0x9f
 850 003a 00000000 		.4byte	0
 851 003e 00000000 		.4byte	0
 852              	.LLST2:
 853 0042 00000000 		.4byte	.LVL2
 854 0046 04000000 		.4byte	.LVL3
 855 004a 0100     		.2byte	0x1
 856 004c 51       		.byte	0x51
 857 004d 04000000 		.4byte	.LVL3
 858 0051 20000000 		.4byte	.LFE2
 859 0055 0400     		.2byte	0x4
 860 0057 F3       		.byte	0xf3
 861 0058 01       		.uleb128 0x1
 862 0059 51       		.byte	0x51
 863 005a 9F       		.byte	0x9f
 864 005b 00000000 		.4byte	0
 865 005f 00000000 		.4byte	0
 866              	.LLST3:
 867 0063 14000000 		.4byte	.LVL5
 868 0067 16000000 		.4byte	.LVL6
 869 006b 0500     		.2byte	0x5
ARM GAS  C:\Users\prana\AppData\Local\Temp\ccI9tumh.s 			page 34


 870 006d 75       		.byte	0x75
 871 006e 00       		.sleb128 0
 872 006f 37       		.byte	0x37
 873 0070 1A       		.byte	0x1a
 874 0071 9F       		.byte	0x9f
 875 0072 16000000 		.4byte	.LVL6
 876 0076 20000000 		.4byte	.LFE2
 877 007a 0100     		.2byte	0x1
 878 007c 53       		.byte	0x53
 879 007d 00000000 		.4byte	0
 880 0081 00000000 		.4byte	0
 881              		.section	.debug_aranges,"",%progbits
 882 0000 3C000000 		.4byte	0x3c
 883 0004 0200     		.2byte	0x2
 884 0006 00000000 		.4byte	.Ldebug_info0
 885 000a 04       		.byte	0x4
 886 000b 00       		.byte	0
 887 000c 0000     		.2byte	0
 888 000e 0000     		.2byte	0
 889 0010 00000000 		.4byte	.LFB0
 890 0014 1C000000 		.4byte	.LFE0-.LFB0
 891 0018 00000000 		.4byte	.LFB1
 892 001c 18000000 		.4byte	.LFE1-.LFB1
 893 0020 00000000 		.4byte	.LFB2
 894 0024 20000000 		.4byte	.LFE2-.LFB2
 895 0028 00000000 		.4byte	.LFB3
 896 002c 10000000 		.4byte	.LFE3-.LFB3
 897 0030 00000000 		.4byte	.LFB4
 898 0034 04000000 		.4byte	.LFE4-.LFB4
 899 0038 00000000 		.4byte	0
 900 003c 00000000 		.4byte	0
 901              		.section	.debug_ranges,"",%progbits
 902              	.Ldebug_ranges0:
 903 0000 00000000 		.4byte	.LFB0
 904 0004 1C000000 		.4byte	.LFE0
 905 0008 00000000 		.4byte	.LFB1
 906 000c 18000000 		.4byte	.LFE1
 907 0010 00000000 		.4byte	.LFB2
 908 0014 20000000 		.4byte	.LFE2
 909 0018 00000000 		.4byte	.LFB3
 910 001c 10000000 		.4byte	.LFE3
 911 0020 00000000 		.4byte	.LFB4
 912 0024 04000000 		.4byte	.LFE4
 913 0028 00000000 		.4byte	0
 914 002c 00000000 		.4byte	0
 915              		.section	.debug_line,"",%progbits
 916              	.Ldebug_line0:
 917 0000 DA000000 		.section	.debug_str,"MS",%progbits,1
 917      02004F00 
 917      00000201 
 917      FB0E0D00 
 917      01010101 
 918              	.LASF15:
 919 0000 72656733 		.ascii	"reg32\000"
 919      3200
 920              	.LASF21:
 921 0006 6D61736B 		.ascii	"maskVal\000"
ARM GAS  C:\Users\prana\AppData\Local\Temp\ccI9tumh.s 			page 35


 921      56616C00 
 922              	.LASF24:
 923 000e 50445353 		.ascii	"PDSS_PORT0_SAR_CLK_GetFractionalDividerRegister\000"
 923      5F504F52 
 923      54305F53 
 923      41525F43 
 923      4C4B5F47 
 924              	.LASF12:
 925 003e 666C6F61 		.ascii	"float\000"
 925      7400
 926              	.LASF1:
 927 0044 756E7369 		.ascii	"unsigned char\000"
 927      676E6564 
 927      20636861 
 927      7200
 928              	.LASF23:
 929 0052 50445353 		.ascii	"PDSS_PORT0_SAR_CLK_GetDividerRegister\000"
 929      5F504F52 
 929      54305F53 
 929      41525F43 
 929      4C4B5F47 
 930              	.LASF5:
 931 0078 6C6F6E67 		.ascii	"long unsigned int\000"
 931      20756E73 
 931      69676E65 
 931      6420696E 
 931      7400
 932              	.LASF16:
 933 008a 50445353 		.ascii	"PDSS_PORT0_SAR_CLK_StartEx\000"
 933      5F504F52 
 933      54305F53 
 933      41525F43 
 933      4C4B5F53 
 934              	.LASF3:
 935 00a5 73686F72 		.ascii	"short unsigned int\000"
 935      7420756E 
 935      7369676E 
 935      65642069 
 935      6E7400
 936              	.LASF17:
 937 00b8 50445353 		.ascii	"PDSS_PORT0_SAR_CLK_SetFractionalDividerRegister\000"
 937      5F504F52 
 937      54305F53 
 937      41525F43 
 937      4C4B5F53 
 938              	.LASF22:
 939 00e8 72656756 		.ascii	"regVal\000"
 939      616C00
 940              	.LASF19:
 941 00ef 636C6B44 		.ascii	"clkDivider\000"
 941      69766964 
 941      657200
 942              	.LASF13:
 943 00fa 646F7562 		.ascii	"double\000"
 943      6C6500
 944              	.LASF26:
 945 0101 47656E65 		.ascii	"Generated_Source\\PSoC4\\PDSS_PORT0_SAR_CLK.c\000"
ARM GAS  C:\Users\prana\AppData\Local\Temp\ccI9tumh.s 			page 36


 945      72617465 
 945      645F536F 
 945      75726365 
 945      5C50536F 
 946              	.LASF18:
 947 012d 616C6967 		.ascii	"alignClkDiv\000"
 947      6E436C6B 
 947      44697600 
 948              	.LASF20:
 949 0139 636C6B46 		.ascii	"clkFractional\000"
 949      72616374 
 949      696F6E61 
 949      6C00
 950              	.LASF10:
 951 0147 75696E74 		.ascii	"uint16\000"
 951      313600
 952              	.LASF11:
 953 014e 75696E74 		.ascii	"uint32\000"
 953      333200
 954              	.LASF8:
 955 0155 756E7369 		.ascii	"unsigned int\000"
 955      676E6564 
 955      20696E74 
 955      00
 956              	.LASF7:
 957 0162 6C6F6E67 		.ascii	"long long unsigned int\000"
 957      206C6F6E 
 957      6720756E 
 957      7369676E 
 957      65642069 
 958              	.LASF25:
 959 0179 474E5520 		.ascii	"GNU C11 5.4.1 20160609 (release) [ARM/embedded-5-br"
 959      43313120 
 959      352E342E 
 959      31203230 
 959      31363036 
 960 01ac 616E6368 		.ascii	"anch revision 237715] -mcpu=cortex-m0 -mthumb -g -O"
 960      20726576 
 960      6973696F 
 960      6E203233 
 960      37373135 
 961 01df 73202D66 		.ascii	"s -ffunction-sections -ffat-lto-objects -finline-fu"
 961      66756E63 
 961      74696F6E 
 961      2D736563 
 961      74696F6E 
 962 0212 6E637469 		.ascii	"nctions -flto -fno-strict-aliasing\000"
 962      6F6E7320 
 962      2D666C74 
 962      6F202D66 
 962      6E6F2D73 
 963              	.LASF6:
 964 0235 6C6F6E67 		.ascii	"long long int\000"
 964      206C6F6E 
 964      6720696E 
 964      7400
 965              	.LASF14:
ARM GAS  C:\Users\prana\AppData\Local\Temp\ccI9tumh.s 			page 37


 966 0243 63686172 		.ascii	"char\000"
 966      00
 967              	.LASF2:
 968 0248 73686F72 		.ascii	"short int\000"
 968      7420696E 
 968      7400
 969              	.LASF9:
 970 0252 75696E74 		.ascii	"uint8\000"
 970      3800
 971              	.LASF4:
 972 0258 6C6F6E67 		.ascii	"long int\000"
 972      20696E74 
 972      00
 973              	.LASF28:
 974 0261 50445353 		.ascii	"PDSS_PORT0_SAR_CLK_Stop\000"
 974      5F504F52 
 974      54305F53 
 974      41525F43 
 974      4C4B5F53 
 975              	.LASF0:
 976 0279 7369676E 		.ascii	"signed char\000"
 976      65642063 
 976      68617200 
 977              	.LASF27:
 978 0285 443A5C56 		.ascii	"D:\\V-TE-PWR\\PDSS_SRC_SNK\\CYPD3171-24LQXQ_pb\\CYP"
 978      2D54452D 
 978      5057525C 
 978      50445353 
 978      5F535243 
 979 02b4 44333137 		.ascii	"D3171-24LQXQ_pb.cydsn\000"
 979      312D3234 
 979      4C515851 
 979      5F70622E 
 979      63796473 
 980              		.comm	__gnu_lto_v1,1,1
 981              		.ident	"GCC: (GNU Tools for ARM Embedded Processors) 5.4.1 20160609 (release) [ARM/embedded-5-bran
