ARM GAS  C:\Users\prana\AppData\Local\Temp\ccSkxqFa.s 			page 1


   1              		.syntax unified
   2              		.cpu cortex-m0
   3              		.fpu softvfp
   4              		.eabi_attribute 20, 1
   5              		.eabi_attribute 21, 1
   6              		.eabi_attribute 23, 3
   7              		.eabi_attribute 24, 1
   8              		.eabi_attribute 25, 1
   9              		.eabi_attribute 26, 1
  10              		.eabi_attribute 30, 4
  11              		.eabi_attribute 34, 0
  12              		.eabi_attribute 18, 4
  13              		.thumb
  14              		.syntax unified
  15              		.file	"PDSS_PORT0_TX_CLK.c"
  16              		.text
  17              	.Ltext0:
  18              		.section	.gnu.lto_.profile.b369a44e,"",%progbits
  19 0000 789C6361 		.ascii	"x\234ca`d`a`\000\222r\222\000\000\277\000B"
  19      60646061 
  19      60009272 
  19      920000BF 
  19      0042
  20              		.text
  21              		.section	.gnu.lto_.icf.b369a44e,"",%progbits
  22 0000 789C6361 		.ascii	"x\234ca`d\000\001\005\006\004`e\3305\377\355%\026\306"
  22      60640001 
  22      05060460 
  22      65D835FF 
  22      ED2516C6 
  23 0014 1753677D 		.ascii	"\027Sg}bf\372\322\262\357\006;\363\374\017\367\316\361"
  23      6266FAD2 
  23      B2EF063B 
  23      F3FC0FF7 
  23      CEF1
  24 0026 B3CC6E9A 		.ascii	"\263\314n\2327\205\207\001\000\004\031\017\027"
  24      37858701 
  24      0004190F 
  24      17
  25              		.text
  26              		.section	.gnu.lto_.jmpfuncs.b369a44e,"",%progbits
  27 0000 789C6361 		.ascii	"x\234ca`d\000\001q\006\004`e`dd\254\007\21231122\327"
  27      60640001 
  27      71060460 
  27      65606464 
  27      AC078A33 
  28 0019 D7333330 		.ascii	"\327330\260\000\205\001\026\322\001\263"
  28      B0008501 
  28      16D201B3 
  29              		.text
  30              		.section	.gnu.lto_.inline.b369a44e,"",%progbits
  31 0000 789C458B 		.ascii	"x\234E\213\261\015\2000\014\004\337\316\007B(`\003("
  31      B10D8030 
  31      0C04DFCE 
  31      07422860 
  31      0328
  32 0012 10E33013 		.ascii	"\020\3430\023#PRf\016\246`$l!\310\027\226\375\347#\004"
ARM GAS  C:\Users\prana\AppData\Local\Temp\ccSkxqFa.s 			page 2


  32      23505266 
  32      0EA66024 
  32      6C21C817 
  32      96FDE723 
  33 0027 9E1D3511 		.ascii	"\236\0355\021\350V\021\314\206B\272N\242)\223\202e\242"
  33      E85611CC 
  33      8642BA4E 
  33      A2299382 
  33      65A2
  34 0039 6341BB08 		.ascii	"cA\273\010\264\002\213\242\317\242\030\315\220d\203"
  34      B4028BA2 
  34      CFA218CD 
  34      906483
  35 0048 F9D85EA8 		.ascii	"\371\330^\250\367@W\223\277\005D\232j\347o\022A\255"
  35      F7405793 
  35      BF05449A 
  35      6AE76F12 
  35      41AD
  36 005a B2ED6BF0 		.ascii	"\262\355k\360\000t\\\014$"
  36      00745C0C 
  36      24
  37              		.text
  38              		.section	.gnu.lto_.pureconst.b369a44e,"",%progbits
  39 0000 789C6361 		.ascii	"x\234ca`d\340f```e\220b\224b\222b\226ba\000\000\003"
  39      6064E066 
  39      60606065 
  39      90629462 
  39      92629662 
  40 0018 E40088   		.ascii	"\344\000\210"
  41              		.text
  42              		.section	.gnu.lto_PDSS_PORT0_TX_CLK_StartEx.b369a44e,"",%progbits
  43 0000 789C5551 		.ascii	"x\234UQ=h\024Q\020\236\357\275}{\253\271\244\027R\244"
  43      3D681451 
  43      109EEFBD 
  43      7D7BABB9 
  43      A41752A4 
  44 0014 0B410816 		.ascii	"\013A\010\0266V\"\027\264P\360\310\245\260\010\034!"
  44      36562217 
  44      B450F0C8 
  44      A5B0081C 
  44      21
  45 0025 2E120D09 		.ascii	".\022\015\011\004\265\365\335\335n\016\305B\020\003"
  45      04B5F5DD 
  45      DD6E0EC5 
  45      421003
  46 0034 06E550D0 		.ascii	"\006\345P\320\374h\274\234Vbs\256\210 x\222\3064\026"
  46      FC68BC9C 
  46      566273AE 
  46      88207892 
  46      C63416
  47 0047 26E21662 		.ascii	"&\342\026bq\247\361\007\203\2363\267)\314\300\316\274"
  47      71A7F107 
  47      839E33B7 
  47      29CCC0CE 
  47      BC
  48 0058 19BE99F9 		.ascii	"\031\276\231\371\276Y\207@b=\212\350\020\307\243\374"
  48      BE598740 
ARM GAS  C:\Users\prana\AppData\Local\Temp\ccSkxqFa.s 			page 3


  48      623D8AE8 
  48      10C7A3FC 
  49 0068 C125A86B 		.ascii	"\301%\250k\015\242\202\247\240\223\207V\346\352+\"\273"
  49      0DA282A7 
  49      A0938756 
  49      E6EA2B22 
  49      BB
  50 0079 D7095264 		.ascii	"\327\011Rd\323&\251\037q\000\211\326\003]R\3328`O\211"
  50      D326A91F 
  50      710089D6 
  50      035D52DA 
  50      38604F89 
  51 008d 7D577F14 		.ascii	"}W\177\024\242r\374T\015,X\266\017\237\256k\273XG\310"
  51      A272FC54 
  51      0D2C58B6 
  51      0F9FAE6B 
  51      BB5847C8 
  52 00a1 80B64A30 		.ascii	"\200\266J0X\300\000\243\326\202\325[zK\205\032p8m\275"
  52      58C000A3 
  52      D682D55B 
  52      7A4B851A 
  52      70386DBD 
  53 00b5 99FFD823 		.ascii	"\231\377\330#\251B\037\247\227_\374x\356\350A\020\277"
  53      A9421FA7 
  53      975FFC78 
  53      EEE84110 
  53      BF
  54 00c6 6BDF2A71 		.ascii	"k\337*qw\377=k\213\326V|\273'\324\032\313\320<\017K"
  54      77FF3D6B 
  54      8BD6567C 
  54      BB27D41A 
  54      CBD03C0F 
  55 00db E8C5227A 		.ascii	"\350\305\"z\211K\204\007\350\027\370f\355\357\215n7"
  55      894B8407 
  55      E817F866 
  55      EDEF8D6E 
  55      37
  56 00ec 90F57DC9 		.ascii	"\220\365}\311R<\204+\212\253\303u\333n\227l\275fV\264"
  56      523C842B 
  56      8AABC375 
  56      DB6E976C 
  56      BD6656B4 
  57 0100 A7B8CBD1 		.ascii	"\247\270\313\321\354X\201\364\032\311]qDMnc\315M\245"
  57      EC5881F4 
  57      1AC95D71 
  57      444D6E63 
  57      CD4DA5
  58 0113 38E816EB 		.ascii	"8\350\026\353c\305:F\364\373\312\273\227Z\346\225\264"
  58      63C53A46 
  58      F4FBCABB 
  58      975AE695 
  58      B4
  59 0124 489D0BA3 		.ascii	"H\235\013\243\267)a\355v\230\336\275\263\275n\222\324"
  59      B72961ED 
  59      7698DEBD 
  59      B3BD6E92 
  59      D4
ARM GAS  C:\Users\prana\AppData\Local\Temp\ccSkxqFa.s 			page 4


  60 0135 DAC08AAE 		.ascii	"\332\300\212\256r\270\266\224\256\340v!\340#\244\360"
  60      72B8B694 
  60      AEE07621 
  60      E023A4F0 
  61 0145 8809AF30 		.ascii	"\210\011\2570aB\025\025P\214\342\327\362\373}\311@\315"
  61      61421515 
  61      508CE2D7 
  61      F2FB7DC9 
  61      40CD
  62 0157 33690341 		.ascii	"3i\003A\243tv\247\360\377\006\003\302\252t\222\3203"
  62      A37476A7 
  62      F0FF0603 
  62      C2AA7492 
  62      D033
  63 0169 C47F062D 		.ascii	"\304\177\006-\345\010\277\030\245\346l#6I\227)iY<\377"
  63      E508BF18 
  63      A5E66C23 
  63      36499729 
  63      69593CFF 
  64 017d 6CEB7587 		.ascii	"l\353u\207\213\007\0175nd\324\257\331/\251\004$8\006"
  64      8B070F35 
  64      6E64D4AF 
  64      D92FA904 
  64      243806
  65 0190 DDFC797F 		.ascii	"\335\374y\1779- \007\021\337\313\303\343\0160\232kU"
  65      392D2007 
  65      11DFCBC3 
  65      E30E309A 
  65      6B55
  66 01a2 0F0B7097 		.ascii	"\017\013p\227\200\202\265]\2735<a\015<\213>\243X_\357"
  66      8082B55D 
  66      BB353C61 
  66      0D3C8B3E 
  66      A3585FEF 
  67 01b6 ACDFA107 		.ascii	"\254\337\241\007\246\305'\334\177\314\237\362g\306\316"
  67      A6C527DC 
  67      7FCC9FF2 
  67      67C6CE
  68 01c5 FBA7F3B9 		.ascii	"\373\247\363\271\351\0133\343\376h67\23598\232\035\312"
  68      E90B33E3 
  68      FE683637 
  68      9D39389A 
  68      1DCA
  69 01d7 E5F2D993 		.ascii	"\345\362\331\223\303#\007\362#\247\362\231\023\307\007"
  69      C32307F2 
  69      23A7F299 
  69      13C707
  70 01e6 C7A96B6C 		.ascii	"\307\251klr\342\314Tf\362\334\320\304\305\177r\207\303"
  70      72E2CC54 
  70      66F2DCD0 
  70      C4C57F72 
  70      87C3
  71 01f8 E1       		.ascii	"\341"
  72              		.text
  73              		.section	.gnu.lto_PDSS_PORT0_TX_CLK_Stop.b369a44e,"",%progbits
  74 0000 789C5550 		.ascii	"x\234UP\277KBQ\024>\337\275\357\371\244\364\017\010"
  74      BF4B4251 
ARM GAS  C:\Users\prana\AppData\Local\Temp\ccSkxqFa.s 			page 5


  74      143EDFBD 
  74      EFF9A4F4 
  74      0F08
  75 0012 1C5A230A 		.ascii	"\034Z#\012\207\206\326(r(H\324\241!\2200\227\240\004"
  75      8786D628 
  75      722848D4 
  75      A1219030 
  75      97A004
  76 0025 A9B9ABBE 		.ascii	"\251\271\253\276\207\021A5\324TH-\366;\032\333\314\245"
  76      87114135 
  76      D454482D 
  76      F63B1ADB 
  76      CCA5
  77 0037 CD68C9A5 		.ascii	"\315h\311\245\241\202\034\"H\243\226~\331\271<\207<"
  77      A1821C22 
  77      48A3967E 
  77      D9B93C87 
  77      3C
  78 0048 70CEB9F7 		.ascii	"p\316\271\367\334\357~\337\3071\010\244c\216[\037\367"
  78      DCEF7EDF 
  78      C73108A4 
  78      638E5B1F 
  78      F7
  79 0059 514E7808 		.ascii	"QNx\010b\275B\224\361\012H\367 \205\271zE\244:\014\333"
  79      62BD4294 
  79      F10A48F7 
  79      2085B97A 
  79      45A43A0C 
  80 006e 22E533DD 		.ascii	"\"\3453\335\371\220\001\350\256\274\240%!M\003\\\311"
  80      F99001E8 
  80      AEBCA025 
  80      214D035C 
  80      C9
  81 007f 8D0FF123 		.ascii	"\215\017\361#P\316\327.DOQq\334?\275\006\325~\011\016"
  81      50CED72E 
  81      444F5171 
  81      DC3FBD06 
  81      D57E090E 
  82 0093 039AC2C5 		.ascii	"\003\232\302\305\240\210\036b\330\343\371\357\246\337"
  82      A0881E62 
  82      D8E3F9EF 
  82      A6DF
  83 00a1 636B58B7 		.ascii	"ckX\267\373\210}x\264\263\263HI5\2339U\332\260.o-S\220"
  83      FB887D78 
  83      B4B3B348 
  83      49359B39 
  83      55DAB02E 
  84 00b9 2321B930 		.ascii	"#!\2710\246\316\311f\352Bp\223\015\026f+\262\206\362"
  84      A6CEC966 
  84      EA427093 
  84      0D16662B 
  84      B286F2
  85 00cc E74A6D7B 		.ascii	"\347Jm{P\023\344\244\366\260\345\224\257\255w\341H\011"
  85      5013E4A4 
  85      F6B0E594 
  85      AFAD77E1 
  85      4809
ARM GAS  C:\Users\prana\AppData\Local\Temp\ccSkxqFa.s 			page 6


  86 00de ADB5B7FB 		.ascii	"\255\265\267\373U5\335\253R\2662x\224wn\016|\005\354"
  86      5535DDAB 
  86      52B63278 
  86      94776E0E 
  86      7C05EC
  87 00f1 646C7667 		.ascii	"dlvg\340\020\001\034 \300&\216P\000\325\220}\313\337"
  87      E010011C 
  87      20C0268E 
  87      5000D590 
  87      7DCBDF
  88 0104 75B98492 		.ascii	"u\271\204\2229\351\001v%7\333\032\374W\020 \034\353"
  88      39E90176 
  88      2537DB1A 
  88      FC571020 
  88      1CEB
  89 0116 9FA4ED99 		.ascii	"\237\244\355\231\304+CC\030\332\037\373z\257\2774,\375"
  89      C42B4343 
  89      18DA1FFB 
  89      7AAFBF34 
  89      2CFD
  90 0128 AB4D32A3 		.ascii	"\253M2\243Tg\273\352\011\2532d\355\273\271\354\327\254"
  90      5467BBEA 
  90      09AB3264 
  90      EDBBB9EC 
  90      D7AC
  91 013a 40991763 		.ascii	"@\231\027c\340\224_\237\221-UC\232\244%\002&\347E\364"
  91      E0945F9F 
  91      912D5543 
  91      9AA42502 
  91      26E745F4 
  92 014e 8692F3C9 		.ascii	"\206\222\363\311\364\364Br&\036M-\246\023\311\251p4"
  92      F4F44272 
  92      261E4D2D 
  92      A613C9A9 
  92      7034
  93 0160 353C3015 		.ascii	"5<0\025\036\211F\343\341\211H,\030\217M\306\207\307"
  93      1E8946E3 
  93      E189482C 
  93      188F4DC6 
  93      87C7
  94 0172 C7FA13F4 		.ascii	"\307\372\023\364\007\006m\220;"
  94      07066D90 
  94      3B
  95              		.text
  96              		.section	.gnu.lto_PDSS_PORT0_TX_CLK_SetFractionalDividerRegister.b369a44e,"",%progbits
  97 0000 789C6D52 		.ascii	"x\234mR]H\223a\024~\317\373n\337>\267\371s\033y\341"
  97      5D489361 
  97      147ECFFB 
  97      6EDF3EB7 
  97      F9731B79 
  98 0015 8D880462 		.ascii	"\215\210\004b\324E\335t\243$T\2248\223.\2041\346\010"
  98      D445DD74 
  98      A3245494 
  98      38932E84 
  98      31E608
  99 0028 D1149676 		.ascii	"\321\024\226v\353;\267o\312 \222()I\274\020\3637\335"
  99      EB3BB76F 
ARM GAS  C:\Users\prana\AppData\Local\Temp\ccSkxqFa.s 			page 7


  99      CA209228 
  99      2949BC10 
  99      F337DD
 100 003b B23FD368 		.ascii	"\262?\323h\015\354B\312(\254nB\302\304 \242\346ZY\242"
 100      0DEC42CA 
 100      28AC6E42 
 100      C2C420A2 
 100      E65A59A2 
 101 004f AD73BE77 		.ascii	"\255s\276w\026B/\354\3759{\236\347\234\363\234\317\302"
 101      16422FEC 
 101      FD397B9E 
 101      E79CF39C 
 101      CFC2
 102 0061 80D16A17 		.ascii	"\200\321j\027\214\235\306s/\376@0\340=\213\214\005t"
 102      8C9DC673 
 102      2FFE4030 
 102      E03D8B8C 
 102      0574
 103 0073 0E4017A9 		.ascii	"\016@\027\251\003\353\340\320\001\337\3716\207D\327"
 103      03EBE0D0 
 103      01DFF936 
 103      8744D7
 104 0082 DA0C2F1D 		.ascii	"\332\014/\035\226\270\336\317\017\356\227#q0\220\236"
 104      96B8DECF 
 104      0FEE9723 
 104      7130909E 
 105 0092 E1A61283 		.ascii	"\341\246\022\203a(E\324|f#\236\237\346\206\000 \322"
 105      612845D4 
 105      7C66239E 
 105      9FE68600 
 105      20D2
 106 00a4 ABE4B37E 		.ascii	"\253\344\263~\007=9\024\3403\234z\273\352\024e\300\360"
 106      073D3914 
 106      E0339C7A 
 106      BBEA1465 
 106      C0F0
 107 00b6 3E1E7D1C 		.ascii	">\036}\034\311/\031\222\262S\312_\036i5\204\2001\020"
 107      C92F1992 
 107      B253CA5F 
 107      1E693584 
 107      803110
 108 00c9 A807A350 		.ascii	"\250\007\243P\010#P\3100\304`\034J\020\335\025\273y"
 108      082350C8 
 108      30C4601C 
 108      4A10DD15 
 108      BB79
 109 00db 394F1C36 		.ascii	"9O\0346\231C\335\233\023\220e>z\352\220\345\206\260"
 109      9943DD9B 
 109      1390653E 
 109      7AEA90E5 
 109      86B0
 110 00ed C084A21E 		.ascii	"\300\204\242\036(\204r\"Z\030\334\202\022B\277\014E"
 110      28847222 
 110      5A18DC82 
 110      1242BF0C 
 110      45
 111 00fe 6F085591 		.ascii	"o\010U\221\005\237\353\317\373>\344\251\212\212\360"
ARM GAS  C:\Users\prana\AppData\Local\Temp\ccSkxqFa.s 			page 8


 111      059FEBCF 
 111      FB3EE4A9 
 111      8A8AF0
 112 010d F9E5E3F2 		.ascii	"\371\345\343\362\245\\Qe\352~\275&\013\212\007I6>\035"
 112      A55C5165 
 112      EA7EBD26 
 112      0B8A0749 
 112      363E1D
 113 0120 C9BB2EE3 		.ascii	"\311\273.\343\241\"CX!\252\224\247\260\250I,\212\026"
 113      A1224358 
 113      21AA94A7 
 113      B0A8492C 
 113      8A16
 114 0132 82A7E6A2 		.ascii	"\202\247\346\242\257\2718i\022'/\306&\265,3\272\340"
 114      AFB93869 
 114      12272FC6 
 114      26B52C33 
 114      BAE0
 115 0144 943D019D 		.ascii	"\224=\001\235\210\267\377K\\\211\375\276\232\253\205"
 115      88B7FF4B 
 115      5C89FDBE 
 115      9AAB85
 116 0153 C8C72298 		.ascii	"\310\307\"\230\206b\210A\261r\021\356\200\206s\341;"
 116      86628841 
 116      B17211EE 
 116      808673E1 
 116      3B
 117 0164 D1A99AB8 		.ascii	"\321\251\232\270\314d\2022>`\177\262e\317\343\330\226"
 117      CC648232 
 117      3E607FB2 
 117      65CFE3D8 
 117      96
 118 0175 8686E0BF 		.ascii	"\206\206\340\277\026 [\254\024\320h\263\321\246\003"
 118      16205BAC 
 118      14D068B3 
 118      D1A603
 119 0184 B59C4357 		.ascii	"\265\234CW;m\016\332\234\314\324gIL@3]\347\234N\261"
 119      3B6D0EDA 
 119      9CCCD467 
 119      494C4033 
 119      5DE79C4E 
 120 0199 0689CDC8 		.ascii	"\006\211\315\310\217\321#\2243(hT\275F\342\205\215\214"
 120      8FD12394 
 120      33286854 
 120      BD46E285 
 120      8D8C
 121 01ab B1993DAD 		.ascii	"\261\231=\255\004\267\227@=\273\303!I\326m\016}\273"
 121      04B79740 
 121      3DBBC321 
 121      49D66D0E 
 121      7DBB
 122 01bd A20F407F 		.ascii	"\242\017@\177 \204\223\327\341\036\366u\227\372\202"
 122      208493D7 
 122      E11EF675 
 122      97FA82
 123 01cc FB30006C 		.ascii	"\3730\000l\015\202[\341\317\240\004\205\322LG\214\015"
 123      0D825BE1 
ARM GAS  C:\Users\prana\AppData\Local\Temp\ccSkxqFa.s 			page 9


 123      CFA00485 
 123      D24C478C 
 123      0D
 124 01dd D37B0D6C 		.ascii	"\323{\015l\360\000\261+\300\315.\261\007\004!\2473\325"
 124      F000B12B 
 124      C0CD2EB1 
 124      070421A7 
 124      33D5
 125 01ef F566AC4E 		.ascii	"\365f\254N\221\254A\034\033\312$\303\357\366\250\010"
 125      91AC411C 
 125      1BCA24C3 
 125      EFF6A808 
 126 01ff 0551A66F 		.ascii	"\005Q\246o6\275`%\231\034\320a\006e\020\3643\2748V\257"
 126      36BD6025 
 126      991CD061 
 126      066510F4 
 126      33BC3856 
 127 0214 5036339F 		.ascii	"P63\237\246\324\226w\324r\202BWjK\331\242\354\030\244"
 127      A6D49677 
 127      D4728242 
 127      576A4BD9 
 127      A2EC18A4 
 128 0228 0F39151D 		.ascii	"\0179\025\035v*5\001\017\225\332V8\235M\351@\034\215"
 128      762A3501 
 128      0F95DA56 
 128      389D4DE9 
 128      401C8D
 129 023b D7581DD5 		.ascii	"\327X\035\325U\345\031\200\331\1779\017)\230\323L\353"
 129      55E51980 
 129      D97F390F 
 129      2998D34C 
 129      EB
 130 024c F8DB508C 		.ascii	"\370\333P\214\032r\"(\321\273\276\234\262Ql\227c\001"
 130      1A722228 
 130      D1BBBE9C 
 130      B2516C97 
 130      6301
 131 025e 291DBB4D 		.ascii	")\035\273M\233C\323\210\362\011:\343\333\307\210`~!"
 131      9B43D388 
 131      F2093AE3 
 131      DBC78860 
 131      7E21
 132 0270 490E3420 		.ascii	"I\0164 \034\327\276*_\213\317\357i\3635\270]\255\355"
 132      1CD7BE2A 
 132      5F8BCFEF 
 132      69F335B8 
 132      5DADED
 133 0283 7EAFAFBE 		.ascii	"~\257\257\276\332\325Zq\260\276\272\322\345rW\237\252"
 133      DAD55A71 
 133      B0BEBAD2 
 133      E572579F 
 133      AA
 134 0294 A92D77D7 		.ascii	"\251-w\327\236qW\2348^\346evosSe\343\205\306\006\237"
 134      9E71579C 
 134      385EE665 
 134      766F7353 
 134      65E385C6 
ARM GAS  C:\Users\prana\AppData\Local\Temp\ccSkxqFa.s 			page 10


 135 02aa 3F17AF47 		.ascii	"?\027\257G\375\036o[ck\213\247Y\363\373\316\326y\232"
 135      FD1E6F5B 
 135      636B8BA7 
 135      59F3FBCE 
 135      D6799A
 136 02bd 6DE73CE7 		.ascii	"m\347<\347\233\360\374\003\204\035:\177"
 136      9BF0FC03 
 136      841D3A7F 
 137              		.text
 138              		.section	.gnu.lto_PDSS_PORT0_TX_CLK_GetDividerRegister.b369a44e,"",%progbits
 139 0000 789C2D90 		.ascii	"x\234-\220\261KBQ\024\306\317w\357\323\036H\324\236"
 139      B14B4251 
 139      14C6CF77 
 139      EFD31E48 
 139      D49E
 140 0012 43631245 		.ascii	"Cc\022EC\375\001a\324P\220\370\034\032\204G\330[\023"
 140      43FD0161 
 140      D45090F8 
 140      1C1A8447 
 140      D85B13
 141 0025 A4669F3E 		.ascii	"\244f\237>_ESC5\004\342RXVJk-&\264D\024TDcD84\231\031"
 141      5F455343 
 141      3504E252 
 141      58564A6B 
 141      2D26B444 
 142 0042 8160AF7B 		.ascii	"\201`\257{\262\013\347\236\373\335\373\235s~\\\215@"
 142      B20BE79E 
 142      FBDDFB9D 
 142      737E5C8D 
 142      40
 143 0053 BC26541A 		.ascii	"\274&T\032Qy@\005$Al\335\022et\001\360\301\326Ai\201"
 143      51794005 
 143      24416CDD 
 143      12657401 
 143      F0C1D641 
 144 0069 34BE4447 		.ascii	"4\276DG\340\312\373\256\366\265\204\3136%\357\0337\371"
 144      E0CAFBAE 
 144      F6B584CB 
 144      3625EF1B 
 144      37F9
 145 007b 004BA05F 		.ascii	"\000K\240_\311\322~\245\251\207\212\266\235\265_\334"
 145      C9D27EA5 
 145      A9878AB6 
 145      9DB55FDC 
 146 008b F3C98CE3 		.ascii	"\363\311\214\343\016\271R\220'\010\207\010\242\210 "
 146      0EB95290 
 146      27088708 
 146      A28820
 147 009a 8F384288 		.ascii	"\2178B\210\224\371\365\354g\247\327\237\263\325\032"
 147      94F9F5EC 
 147      67A7D79F 
 147      B3D51A
 148 00a9 648B7A29 		.ascii	"d\213z)\301\317H\225h\325\366<\307\256>\004.\237\003"
 148      C1CF4895 
 148      68D5F63C 
 148      C7AE3E04 
 148      2E9F03
ARM GAS  C:\Users\prana\AppData\Local\Temp\ccSkxqFa.s 			page 11


 149 00bc 3E902BA5 		.ascii	">\220+\245\344M#nG\015\025\214\366!\004gYG\255\275\371"
 149      E44D236E 
 149      470D158C 
 149      F6210467 
 149      5947ADBD 
 150 00d1 548E73BD 		.ascii	"T\216s\275#\245\352\275\353\326\356z\230K\303\337(\247"
 150      23A5EABD 
 150      EBD6EE7A 
 150      984BC3DF 
 150      28A7
 151 00e3 F388AEDC 		.ascii	"\363\210\256\334X\313\331\232\272j\037|n\353\005\344"
 151      58CBD99A 
 151      BA6A1F7C 
 151      6EEB05E4 
 152 00f3 3339B8D2 		.ascii	"39\270\322\207\023\205w\314x8E\001T\207\323\234&G\242"
 152      87138577 
 152      CC783845 
 152      015487D3 
 152      9C2647A2 
 153 0107 DB6EEFA2 		.ascii	"\333n\357\242u\355\343z?t\224\225\255\216ls\375\015"
 153      75EDE37A 
 153      3F749495 
 153      AD8E6C73 
 153      FD0D
 154 0119 DD819AF2 		.ascii	"\335\201\232\362\321;\304\277\342/m\0100\231\342\034"
 154      D13BC4BF 
 154      E22F6D08 
 154      3099E21C 
 155 0129 9EB196AD 		.ascii	"\236\261\226\255\324\342\212\265d\032\311\325T\302\212"
 155      D4E28AB5 
 155      641AC9D5 
 155      54C28A
 156 0138 478C6478 		.ascii	"G\214dx<\036\2312\01432\037\215\215\231\261\0053<7;"
 156      3C1E9932 
 156      0C33321F 
 156      8D8D99B1 
 156      05333C37 
 157 014d 9AA05FD4 		.ascii	"\232\240_\324\274xX"
 157      BC7858
 158              		.text
 159              		.section	.gnu.lto_PDSS_PORT0_TX_CLK_GetFractionalDividerRegister.b369a44e,"",%progbits
 160 0000 789C6361 		.ascii	"x\234ca`d\000\201i@\254\013\304\322@\314\310\314\300"
 160      60640081 
 160      6940AC0B 
 160      C4D240CC 
 160      C8CCC0
 161 0013 C834E11C 		.ascii	"\3104\341\034\003C#\007\023##\210\321\300\301\310P\317"
 161      03432307 
 161      13232388 
 161      D1C0C1C8 
 161      50CF
 162 0025 C458CFF8 		.ascii	"\304X\317\370\225\351/\023\343\351\357'z\2704\22774"
 162      95E92F13 
 162      E3E9EF27 
 162      7AB83497 
 162      3734
 163 0037 34353C38 		.ascii	"45<8\372\330r\372\212\003\214\255\314\014\014\377\231"
ARM GAS  C:\Users\prana\AppData\Local\Temp\ccSkxqFa.s 			page 12


 163      FAD872FA 
 163      8A038CAD 
 163      CC0C0CFF 
 163      99
 164 0048 18188D65 		.ascii	"\030\030\215e\030\015d@F,g\324d\000*}\264\361\337T^"
 164      180D6440 
 164      462C67D4 
 164      64002A7D 
 164      B4F1DF54 
 165 005d B6960620 		.ascii	"\266\226\006 P\000)\000\312\254`d\003Y\271>\350@\303"
 165      50002900 
 165      CAAC6064 
 165      0359B93E 
 165      E840C3
 166 0070 FFFFCD0D 		.ascii	"\377\377\315\015\007\346\363\035\334\307\007\224\371"
 166      07E6F31D 
 166      DCC70794 
 166      F9
 167 007d 00C420BB 		.ascii	"\000\304 \273>21\201h\346W\214M\007v\367\361\201\324"
 167      3E323181 
 167      68E6578C 
 167      4D0776F7 
 167      F181D4
 168 0090 030D9AD6 		.ascii	"\003\015\232\326z\350<\373\027&\240=\214\014\214+\031"
 168      7AE83CFB 
 168      1726A03D 
 168      8C0C8C2B 
 168      19
 169 00a1 41760075 		.ascii	"Av\000u0\202T\002\365i\273\247\346\245\026%\226\244"
 169      30825402 
 169      F569BBA7 
 169      E6A51625 
 169      96A4
 170 00b3 A6C407E7 		.ascii	"\246\304\007\347\227\026%\247\306\004\004\347;\233\304"
 170      971625A7 
 170      C60404E7 
 170      3B9BC4
 171 00c2 04B80407 		.ascii	"\004\270\004\007\307\007\370\007\205\030\304\207D\304"
 171      C707F807 
 171      8518C487 
 171      44C4
 172 00d0 3BFB78EB 		.ascii	";\373x\353%3\000\000\313AF\002"
 172      25330000 
 172      CB414602 
 173              		.text
 174              		.section	.gnu.lto_.symbol_nodes.b369a44e,"",%progbits
 175 0000 789C6361 		.ascii	"x\234ca`d\010g\000\002&\206z\006\206\011\347\030@\324"
 175      60640867 
 175      00022686 
 175      7A068609 
 175      E71840D4 
 176 0014 AE0645A0 		.ascii	"\256\006E\240\000c=#\252\000S=\023\252\000s=3\252\000"
 176      00633D23 
 176      AA00533D 
 176      13AA0073 
 176      3D33AA00 
 177 0028 4B3D0B8A 		.ascii	"K=\013\212\000\003\000U/\023\016"
ARM GAS  C:\Users\prana\AppData\Local\Temp\ccSkxqFa.s 			page 13


 177      00030055 
 177      2F130E
 178              		.text
 179              		.section	.gnu.lto_.refs.b369a44e,"",%progbits
 180 0000 789C6361 		.ascii	"x\234ca`\004B \000\000\0009\000\007"
 180      60044220 
 180      00000039 
 180      0007
 181              		.text
 182              		.section	.gnu.lto_.decls.b369a44e,"",%progbits
 183 0000 789C8D54 		.ascii	"x\234\215ToL[U\024\277\347\275\322\301\243\260\205,"
 183      6F4C5B55 
 183      14BFE7BD 
 183      D2C1A3B0 
 183      852C
 184 0012 0B9AC6E0 		.ascii	"\013\232\306\340\242\205\304\244\216a\214\03741\001"
 184      A285C4A4 
 184      8E618C1F 
 184      343101
 185 0021 57138D90 		.ascii	"W\023\215\2201\211\037\2264\214\275 \311\002K\327\031"
 185      31891F96 
 185      348CBD20 
 185      C9024BD7 
 185      19
 186 0032 E717AF43 		.ascii	"\347\027\257CL\221}\240\0376-B\366\2078\313\200\301"
 186      4C917DA0 
 186      1F362D42 
 186      F68738CB 
 186      80C1
 187 0044 3660748E 		.ascii	"6`t\216Z7i\201Q\344\257Q\027\001\355\210\232-\006\347"
 187      5A376981 
 187      51E4AF51 
 187      1701ED88 
 187      9A2D06E7 
 188 0058 A2C2DCEA 		.ascii	"\242\302\334\352\271\367\275\366\275\302\303x\363\316"
 188      B9F7BDF6 
 188      BDC2C378 
 188      F3CE
 189 0066 7BF79E77 		.ascii	"{\367\236w\316\371\375\316\237\\\023\001\302V\265\231"
 189      CEF9FDCE 
 189      9F5C1301 
 189      C256B599 
 190 0076 101B6E0F 		.ascii	"\020\033n\017\240\304q\341\221T\020m\245\241\364\243"
 190      A0C471E1 
 190      9154106D 
 190      A5A1F4A3 
 191 0086 0CA24450 		.ascii	"\014\242DP\306P\242d\375b6\031\252o\016\312V\224\036"
 191      C650A264 
 191      FD623619 
 191      AA6F0ECA 
 191      56941E
 192 0099 947C9449 		.ascii	"\224|\224I\2249\224Y\224R\325\036T\237\265kP\305\254"
 192      94399459 
 192      9452D51E 
 192      549FB56B 
 192      50C5AC
 193 00ac 30F04DF8 		.ascii	"0\360M\370\015\032\3701n\322\032\374\353(A\035\017#"
ARM GAS  C:\Users\prana\AppData\Local\Temp\ccSkxqFa.s 			page 14


 193      0D1AF831 
 193      6ED21AFC 
 193      EB28411D 
 193      0F23
 194 00be 0E118358 		.ascii	"\016\021\203X,\307Mk\342l\344?f\340\037U\377\005uvF"
 194      2CC74D6B 
 194      E26CE43F 
 194      66E01F55 
 194      FF057576 
 195 00d3 357B2040 		.ascii	"5{ @\274\355\274?\343&|\007\002\250\015!\000\312\033"
 195      BCEDBC3F 
 195      E3267C07 
 195      02A80D21 
 195      00CA1B
 196 00e6 B81045F8 		.ascii	"\270\020E\370\0217\002\177\223\244*\371!\354M\024{\256"
 196      1137027F 
 196      93A42AF9 
 196      21EC4D14 
 196      7BAE
 197 00f8 D382F127 		.ascii	"\323\202\361'\361\215'\026\017\242E\007\325\011\222"
 197      F18D2716 
 197      0FA24507 
 197      D50992
 198 0107 0C142FE5 		.ascii	"\014\024/\345\277\240\232\021%\270\2409\350\342)tu\234"
 198      BFA09A11 
 198      25B8A039 
 198      E8E22974 
 198      759C
 199 0119 20352748 		.ascii	" 5'H$\3352\377I\267I\304\230\270_X\361\357\262wQ\\\315"
 199      24DD32FF 
 199      49B749C4 
 199      98B85F58 
 199      F1EFB277 
 200 0130 940ACF6B 		.ascii	"\224\012\317k\225\371a\244\243S\274'@\276\004,\374f"
 200      95F961A4 
 200      A353BC27 
 200      40BE042C 
 200      FC66
 201 0142 54F5DC09 		.ascii	"T\365\334\011\254d)*f1\266\260t7C|\222\357\247\336\357"
 201      AC64292A 
 201      6631B6B0 
 201      7437437C 
 201      92EFA7DE 
 202 0157 6D65D639 		.ascii	"me\3269\022\230\360\370{\264%\226\215\307\255\022\344"
 202      1298F0F8 
 202      7BB42596 
 202      8DC7AD12 
 202      E4
 203 0168 3D108469 		.ascii	"=\020\204i\337\235\0053H\005\036J\217\322\346z\232\363"
 203      DF9D0533 
 203      48051E4A 
 203      8FD2E67A 
 203      9AF3
 204 017a 3281F360 		.ascii	"2\201\363`\205n\260\022\350\205\002\026\261\003\354"
 204      856EB012 
 204      E8850216 
 204      B103EC
ARM GAS  C:\Users\prana\AppData\Local\Temp\ccSkxqFa.s 			page 15


 205 0189 043A5179 		.ascii	"\004:Qy\016\225g\031\241\305\300\205\027\002\224n\201"
 205      0E956719 
 205      A1C5C085 
 205      1702946E 
 205      81
 206 019a 1E90A00B 		.ascii	"\036\220\240\013Dn\202i\344Kj\357\026\373\232\005\223"
 206      446E8269 
 206      E44B6AEF 
 206      16FB9A05 
 206      93
 207 01ab 801A66B0 		.ascii	"\200\032f\260\317\304t\303\361\277B\233\025\036\002"
 207      CFC474C3 
 207      F1BF429B 
 207      151E02
 208 01ba 1EA797C7 		.ascii	"\036\247\227\307\3332\025\036[\3608\327\272<\223\231"
 208      DB32151E 
 208      5BF038D7 
 208      BA3C9399 
 209 01ca 7B8205A7 		.ascii	"{\202\005\247\3654O\200\212mp\011!/\"$\201>\310\305"
 209      F5344F80 
 209      8A6D7009 
 209      212F2224 
 209      813EC8C5 
 210 01de F7053029 		.ascii	"\367\0050)\341#\377\364\307L\333O\321S\275tq(\234\177"
 210      E123FFF4 
 210      C74CDB4F 
 210      D153BD74 
 210      71289C7F 
 211 01f2 A29EFAD1 		.ascii	"\242\236\372\321-\217\231\201_c\203[\366\371\014nb\265"
 211      2D8F9981 
 211      5F63835B 
 211      F6F90C6E 
 211      62B5
 212 0204 FB613B7A 		.ascii	"\373a;z\216\016\274\267\230-\276\303\013s;\350\213g"
 212      8E0EBCB7 
 212      982DBEC3 
 212      0B733BE8 
 212      8B67
 213 0216 6D087999 		.ascii	"m\010y\231C\356S\021\217\371f\216\247+\210\241\207a"
 213      43EE5311 
 213      8FF9668E 
 213      A72B88A1 
 213      8761
 214 0228 0B9D449F 		.ascii	"\013\235D\237\027\231\015\014hx\003z\274A\2167\3539"
 214      17990D0C 
 214      6878037A 
 214      BC418E37 
 214      EB39
 215 023a DA24895E 		.ascii	"\332$\211^\340\200=\015\267:\3221e+\366\015tM\263*M"
 215      E0803D0D 
 215      B73AD231 
 215      652BF60D 
 215      744DB32A 
 216 024f F379630F 		.ascii	"\363yc\0173\305\020\267\025fb\235\277\232\240@R\313"
 216      33C510B7 
 216      1566629D 
 216      BF9AA040 
ARM GAS  C:\Users\prana\AppData\Local\Temp\ccSkxqFa.s 			page 16


 216      52CB
 217 0261 DDA1943B 		.ascii	"\335\241\224;\210\325\274\252\001ZY\271y\347\226\317"
 217      88D5BCAA 
 217      015A59B9 
 217      79E796CF 
 218 0271 50732E81 		.ascii	"Ps.\201\"+\354\300\276\015a\337\254j\337>\307\214\256"
 218      222BECC0 
 218      BE0D61DF 
 218      AC6ADF3E 
 218      C78CAE
 219 0284 604608B0 		.ascii	"`F\010\260\364\321\311\333f\336\225`\262+\237\256\336"
 219      F4D1C9DB 
 219      66DE9560 
 219      B22B9FAE 
 219      DE
 220 0295 5F66D361 		.ascii	"_f\323ac\263$\352H\331\024R\376\323\341K\222\030VH\375"
 220      63B324EA 
 220      48D91452 
 220      FED3E14B 
 220      92185648 
 221 02aa D617F936 		.ascii	"\326\027\3716+1,X3\251\200$+\006_!\250M\005\375\022"
 221      2B312C58 
 221      33A98024 
 221      2B065F21 
 221      A84D05FD 
 222 02bf 95A1C4B0 		.ascii	"\225\241\304\260\204\276y\214\012p\035!\257i\324m\352"
 222      84BE798C 
 222      0A701D21 
 222      AF69D46D 
 222      EA
 223 02d0 A48C4FC6 		.ascii	"\244\214O\306\375\026\316\211\031|\001\234\324/\253"
 223      FD16CE89 
 223      197C019C 
 223      D42FAB
 224 02df ABA60D1B 		.ascii	"\253\246\015\033\023\346\215\031N\314B\317R\373-)1\013"
 224      13E68D19 
 224      4ECC42CF 
 224      52FB2D29 
 224      310B
 225 02f1 1F387EBA 		.ascii	"\0378~\272Hi\003\372\231\230\035\0044\300\200\2769\021"
 225      486903FA 
 225      99981D04 
 225      34C080BE 
 225      3911
 226 0303 DE9C89FE 		.ascii	"\336\234\211\376v\263\030Uzs\357Z\327\037)\230\214\216"
 226      76B31855 
 226      7A73EF5A 
 226      D71F2998 
 226      8C8E
 227 0315 063A9A32 		.ascii	"\006:\2322\015C\363\303Mfu\032\246\232,>\032\302r`\216"
 227      0D43F3C3 
 227      4D66751A 
 227      A69A2C3E 
 227      1AC27260 
 228 032a 6805231A 		.ascii	"h\005#\032\344\210\036r\214C6\304\256\376l\026\357*"
 228      E4881E72 
 228      8C4336C4 
ARM GAS  C:\Users\prana\AppData\Local\Temp\ccSkxqFa.s 			page 17


 228      AEFE6C16 
 228      EF2A
 229 033c 986DCDED 		.ascii	"\230m\315\355\347Rf>\230\2029\236\202\331\3358u2\003"
 229      E752663E 
 229      9882399E 
 229      82D9DD38 
 229      753203
 230 034f 317B11B3 		.ascii	"1{\021\263mBLb\242\025\334\3200o\3501\243\014Sl\357"
 230      6D424C62 
 230      A215DCD0 
 230      306FE831 
 230      A30C536C 
 231 0364 BE7F361B 		.ascii	"\276\1776\033\243\262Gj\241\330\274\345x\374\335x|\023"
 231      A3B2476A 
 231      A1D8BCE5 
 231      78FCDD78 
 231      7C13
 232 0376 4C8244B8 		.ascii	"L\202D\270\202z\317\224x\274\217r\205\207\3378\2517"
 232      827ACF94 
 232      78BC8F72 
 232      8587DF38 
 232      A937
 233 0388 01E17F08 		.ascii	"\001\341\177\010|\215\347\011\326l<\"\247\306\037\217"
 233      7C8DE709 
 233      D66C3C22 
 233      A7C61F8F 
 234 0398 7F9F2679 		.ascii	"\177\237&y\030\373\377su\240\307\225y\332\232&\236\346"
 234      18FBFF73 
 234      75A0C795 
 234      79DA9A26 
 234      9EE6
 235 03aa 179C30D7 		.ascii	"\027\2340\327t\371cQ\233\361\225Ro#\313h\026\2530\255"
 235      74F96351 
 235      9BF19552 
 235      6F23CB68 
 235      16AB30AD 
 236 03be 653405EA 		.ascii	"e4\005\352\224\257\007\2311\006\371\363\357\321c\026"
 236      94AF0799 
 236      3106F9F3 
 236      EFD16316 
 237 03ce CB87C91B 		.ascii	"\313\207\311\033\215G\324R\231\003\013\277x\331\367"
 237      8D47D452 
 237      99030BBF 
 237      78D9F7
 238 03dd 91B292F2 		.ascii	"\221\262\222\362rgY\351\356=;\234{\336p\026\277\372"
 238      726759E9 
 238      EE3D3B9C 
 238      7BDE7016 
 238      BFFA
 239 03ef 8AB3DC5D 		.ascii	"\212\263\334]\351r\277\364v\272\343\265\327\363\212"
 239      E972BFF4 
 239      76BAE3B5 
 239      D7F38A
 240 03fe 0B0B89F9 		.ascii	"\013\013\211\371pM\255\273h\347\343\016\271VvU\272\345"
 240      704DADBB 
 240      68E7E30E 
 240      B9567655 
ARM GAS  C:\Users\prana\AppData\Local\Temp\ccSkxqFa.s 			page 18


 240      BAE5
 241 0410 FDCEF2BA 		.ascii	"\375\316\362\272\303\256*yoYy]\3613OW\035q\0379(\037"
 241      C3AE2A79 
 241      6F59795D 
 241      F1334F57 
 241      1D711F39 
 242 0426 B2BF499E 		.ascii	"\262\277I\2362\266\330\273\016\302^E\266\031\341\326"
 242      32B6D8BB 
 242      0EC25E45 
 242      B619E1D6 
 243 0436 1DB41BA8 		.ascii	"\035\264\033\250e\367.We\225\273\246\256\266\362@I\315"
 243      65F72E57 
 243      6595BBA6 
 243      AEB6F240 
 243      49CD
 244 0448 5B35FB65 		.ascii	"[5\373e\327n\271\272\346\220[v\2451j\317q\202\205\317"
 244      D76EB9BA 
 244      E6905B76 
 244      A5316ACF 
 244      718285CF 
 245 045c 3EB1DED7 		.ascii	">\261\336\327!\273\327x\030\0008\376\013\300%W\027\355"
 245      21BBD778 
 245      180038FE 
 245      0BC02557 
 245      17ED
 246 046e FC172F31 		.ascii	"\374\027/1H\207"
 246      4887
 247              		.text
 248              		.section	.gnu.lto_.symtab.b369a44e,"",%progbits
 249 0000 50445353 		.ascii	"PDSS_PORT0_TX_CLK_StartEx\000"
 249      5F504F52 
 249      54305F54 
 249      585F434C 
 249      4B5F5374 
 250 001a 00       		.ascii	"\000"
 251 001b 00       		.ascii	"\000"
 252 001c 00       		.ascii	"\000"
 253 001d 00000000 		.ascii	"\000\000\000\000\000\000\000\000"
 253      00000000 
 254 0025 B5000000 		.ascii	"\265\000\000\000"
 255 0029 50445353 		.ascii	"PDSS_PORT0_TX_CLK_Stop\000"
 255      5F504F52 
 255      54305F54 
 255      585F434C 
 255      4B5F5374 
 256 0040 00       		.ascii	"\000"
 257 0041 00       		.ascii	"\000"
 258 0042 00       		.ascii	"\000"
 259 0043 00000000 		.ascii	"\000\000\000\000\000\000\000\000"
 259      00000000 
 260 004b B8000000 		.ascii	"\270\000\000\000"
 261 004f 50445353 		.ascii	"PDSS_PORT0_TX_CLK_SetFractionalDividerRegister\000"
 261      5F504F52 
 261      54305F54 
 261      585F434C 
 261      4B5F5365 
 262 007e 00       		.ascii	"\000"
ARM GAS  C:\Users\prana\AppData\Local\Temp\ccSkxqFa.s 			page 19


 263 007f 00       		.ascii	"\000"
 264 0080 00       		.ascii	"\000"
 265 0081 00000000 		.ascii	"\000\000\000\000\000\000\000\000"
 265      00000000 
 266 0089 C7000000 		.ascii	"\307\000\000\000"
 267 008d 50445353 		.ascii	"PDSS_PORT0_TX_CLK_GetDividerRegister\000"
 267      5F504F52 
 267      54305F54 
 267      585F434C 
 267      4B5F4765 
 268 00b2 00       		.ascii	"\000"
 269 00b3 00       		.ascii	"\000"
 270 00b4 00       		.ascii	"\000"
 271 00b5 00000000 		.ascii	"\000\000\000\000\000\000\000\000"
 271      00000000 
 272 00bd CA000000 		.ascii	"\312\000\000\000"
 273 00c1 50445353 		.ascii	"PDSS_PORT0_TX_CLK_GetFractionalDividerRegister\000"
 273      5F504F52 
 273      54305F54 
 273      585F434C 
 273      4B5F4765 
 274 00f0 00       		.ascii	"\000"
 275 00f1 00       		.ascii	"\000"
 276 00f2 00       		.ascii	"\000"
 277 00f3 00000000 		.ascii	"\000\000\000\000\000\000\000\000"
 277      00000000 
 278 00fb CD000000 		.ascii	"\315\000\000\000"
 279              		.text
 280              		.section	.gnu.lto_.opts,"",%progbits
 281 0000 272D666D 		.ascii	"'-fmath-errno' '-fsigned-zeros' '-ftrapping-math' '"
 281      6174682D 
 281      6572726E 
 281      6F272027 
 281      2D667369 
 282 0033 2D666E6F 		.ascii	"-fno-trapv' '-fno-openmp' '-fno-openacc' '-mcpu=cor"
 282      2D747261 
 282      70762720 
 282      272D666E 
 282      6F2D6F70 
 283 0066 7465782D 		.ascii	"tex-m0' '-mthumb' '-g' '-Os' '-Werror' '-ffunction-"
 283      6D302720 
 283      272D6D74 
 283      68756D62 
 283      2720272D 
 284 0099 73656374 		.ascii	"sections' '-ffat-lto-objects' '-finline-functions' "
 284      696F6E73 
 284      2720272D 
 284      66666174 
 284      2D6C746F 
 285 00cc 272D666C 		.ascii	"'-flto' '-fno-strict-aliasing'\000"
 285      746F2720 
 285      272D666E 
 285      6F2D7374 
 285      72696374 
 286              		.text
 287              		.cfi_sections	.debug_frame
 288              		.section	.text.PDSS_PORT0_TX_CLK_StartEx,"ax",%progbits
ARM GAS  C:\Users\prana\AppData\Local\Temp\ccSkxqFa.s 			page 20


 289              		.align	1
 290              		.global	PDSS_PORT0_TX_CLK_StartEx
 291              		.code	16
 292              		.thumb_func
 293              		.type	PDSS_PORT0_TX_CLK_StartEx, %function
 294              	PDSS_PORT0_TX_CLK_StartEx:
 295              	.LFB0:
 296              		.file 1 "Generated_Source\\PSoC4\\PDSS_PORT0_TX_CLK.c"
   1:Generated_Source\PSoC4/PDSS_PORT0_TX_CLK.c **** /*******************************************************************************
   2:Generated_Source\PSoC4/PDSS_PORT0_TX_CLK.c **** * File Name: PDSS_PORT0_TX_CLK.c
   3:Generated_Source\PSoC4/PDSS_PORT0_TX_CLK.c **** * Version 2.20
   4:Generated_Source\PSoC4/PDSS_PORT0_TX_CLK.c **** *
   5:Generated_Source\PSoC4/PDSS_PORT0_TX_CLK.c **** *  Description:
   6:Generated_Source\PSoC4/PDSS_PORT0_TX_CLK.c **** *   Provides system API for the clocking, interrupts and watchdog timer.
   7:Generated_Source\PSoC4/PDSS_PORT0_TX_CLK.c **** *
   8:Generated_Source\PSoC4/PDSS_PORT0_TX_CLK.c **** *  Note:
   9:Generated_Source\PSoC4/PDSS_PORT0_TX_CLK.c **** *   Documentation of the API's in this file is located in the
  10:Generated_Source\PSoC4/PDSS_PORT0_TX_CLK.c **** *   System Reference Guide provided with PSoC Creator.
  11:Generated_Source\PSoC4/PDSS_PORT0_TX_CLK.c **** *
  12:Generated_Source\PSoC4/PDSS_PORT0_TX_CLK.c **** ********************************************************************************
  13:Generated_Source\PSoC4/PDSS_PORT0_TX_CLK.c **** * Copyright 2008-2012, Cypress Semiconductor Corporation.  All rights reserved.
  14:Generated_Source\PSoC4/PDSS_PORT0_TX_CLK.c **** * You may use this file only in accordance with the license, terms, conditions,
  15:Generated_Source\PSoC4/PDSS_PORT0_TX_CLK.c **** * disclaimers, and limitations in the end user license agreement accompanying
  16:Generated_Source\PSoC4/PDSS_PORT0_TX_CLK.c **** * the software package with which this file was provided.
  17:Generated_Source\PSoC4/PDSS_PORT0_TX_CLK.c **** *******************************************************************************/
  18:Generated_Source\PSoC4/PDSS_PORT0_TX_CLK.c **** 
  19:Generated_Source\PSoC4/PDSS_PORT0_TX_CLK.c **** #include <cydevice_trm.h>
  20:Generated_Source\PSoC4/PDSS_PORT0_TX_CLK.c **** #include "PDSS_PORT0_TX_CLK.h"
  21:Generated_Source\PSoC4/PDSS_PORT0_TX_CLK.c **** 
  22:Generated_Source\PSoC4/PDSS_PORT0_TX_CLK.c **** #if defined CYREG_PERI_DIV_CMD
  23:Generated_Source\PSoC4/PDSS_PORT0_TX_CLK.c **** 
  24:Generated_Source\PSoC4/PDSS_PORT0_TX_CLK.c **** /*******************************************************************************
  25:Generated_Source\PSoC4/PDSS_PORT0_TX_CLK.c **** * Function Name: PDSS_PORT0_TX_CLK_StartEx
  26:Generated_Source\PSoC4/PDSS_PORT0_TX_CLK.c **** ********************************************************************************
  27:Generated_Source\PSoC4/PDSS_PORT0_TX_CLK.c **** *
  28:Generated_Source\PSoC4/PDSS_PORT0_TX_CLK.c **** * Summary:
  29:Generated_Source\PSoC4/PDSS_PORT0_TX_CLK.c **** *  Starts the clock, aligned to the specified running clock.
  30:Generated_Source\PSoC4/PDSS_PORT0_TX_CLK.c **** *
  31:Generated_Source\PSoC4/PDSS_PORT0_TX_CLK.c **** * Parameters:
  32:Generated_Source\PSoC4/PDSS_PORT0_TX_CLK.c **** *  alignClkDiv:  The divider to which phase alignment is performed when the
  33:Generated_Source\PSoC4/PDSS_PORT0_TX_CLK.c **** *    clock is started.
  34:Generated_Source\PSoC4/PDSS_PORT0_TX_CLK.c **** *
  35:Generated_Source\PSoC4/PDSS_PORT0_TX_CLK.c **** * Returns:
  36:Generated_Source\PSoC4/PDSS_PORT0_TX_CLK.c **** *  None
  37:Generated_Source\PSoC4/PDSS_PORT0_TX_CLK.c **** *
  38:Generated_Source\PSoC4/PDSS_PORT0_TX_CLK.c **** *******************************************************************************/
  39:Generated_Source\PSoC4/PDSS_PORT0_TX_CLK.c **** void PDSS_PORT0_TX_CLK_StartEx(uint32 alignClkDiv)
  40:Generated_Source\PSoC4/PDSS_PORT0_TX_CLK.c **** {
 297              		.loc 1 40 0
 298              		.cfi_startproc
 299              		@ args = 0, pretend = 0, frame = 0
 300              		@ frame_needed = 0, uses_anonymous_args = 0
 301              		@ link register save eliminated.
 302              	.LVL0:
  41:Generated_Source\PSoC4/PDSS_PORT0_TX_CLK.c ****     /* Make sure any previous start command has finished. */
  42:Generated_Source\PSoC4/PDSS_PORT0_TX_CLK.c ****     while((PDSS_PORT0_TX_CLK_CMD_REG & PDSS_PORT0_TX_CLK_CMD_ENABLE_MASK) != 0u)
 303              		.loc 1 42 0
ARM GAS  C:\Users\prana\AppData\Local\Temp\ccSkxqFa.s 			page 21


 304 0000 044A     		ldr	r2, .L5
 305              	.L2:
 306              		.loc 1 42 0 is_stmt 0 discriminator 1
 307 0002 1368     		ldr	r3, [r2]
 308 0004 002B     		cmp	r3, #0
 309 0006 FCDB     		blt	.L2
  43:Generated_Source\PSoC4/PDSS_PORT0_TX_CLK.c ****     {
  44:Generated_Source\PSoC4/PDSS_PORT0_TX_CLK.c ****     }
  45:Generated_Source\PSoC4/PDSS_PORT0_TX_CLK.c ****     
  46:Generated_Source\PSoC4/PDSS_PORT0_TX_CLK.c ****     /* Specify the target divider and it's alignment divider, and enable. */
  47:Generated_Source\PSoC4/PDSS_PORT0_TX_CLK.c ****     PDSS_PORT0_TX_CLK_CMD_REG =
  48:Generated_Source\PSoC4/PDSS_PORT0_TX_CLK.c ****         ((uint32)PDSS_PORT0_TX_CLK__DIV_ID << PDSS_PORT0_TX_CLK_CMD_DIV_SHIFT)|
  49:Generated_Source\PSoC4/PDSS_PORT0_TX_CLK.c ****         (alignClkDiv << PDSS_PORT0_TX_CLK_CMD_PA_DIV_SHIFT) |
 310              		.loc 1 49 0 is_stmt 1
 311 0008 034B     		ldr	r3, .L5+4
 312 000a 0002     		lsls	r0, r0, #8
 313              	.LVL1:
 314 000c 1843     		orrs	r0, r3
  47:Generated_Source\PSoC4/PDSS_PORT0_TX_CLK.c ****         ((uint32)PDSS_PORT0_TX_CLK__DIV_ID << PDSS_PORT0_TX_CLK_CMD_DIV_SHIFT)|
 315              		.loc 1 47 0
 316 000e 014B     		ldr	r3, .L5
  50:Generated_Source\PSoC4/PDSS_PORT0_TX_CLK.c ****         (uint32)PDSS_PORT0_TX_CLK_CMD_ENABLE_MASK;
  51:Generated_Source\PSoC4/PDSS_PORT0_TX_CLK.c **** }
 317              		.loc 1 51 0
 318              		@ sp needed
  47:Generated_Source\PSoC4/PDSS_PORT0_TX_CLK.c ****         ((uint32)PDSS_PORT0_TX_CLK__DIV_ID << PDSS_PORT0_TX_CLK_CMD_DIV_SHIFT)|
 319              		.loc 1 47 0
 320 0010 1860     		str	r0, [r3]
 321              		.loc 1 51 0
 322 0012 7047     		bx	lr
 323              	.L6:
 324              		.align	2
 325              	.L5:
 326 0014 00000140 		.word	1073807360
 327 0018 42000080 		.word	-2147483582
 328              		.cfi_endproc
 329              	.LFE0:
 330              		.size	PDSS_PORT0_TX_CLK_StartEx, .-PDSS_PORT0_TX_CLK_StartEx
 331              		.section	.text.PDSS_PORT0_TX_CLK_Stop,"ax",%progbits
 332              		.align	1
 333              		.global	PDSS_PORT0_TX_CLK_Stop
 334              		.code	16
 335              		.thumb_func
 336              		.type	PDSS_PORT0_TX_CLK_Stop, %function
 337              	PDSS_PORT0_TX_CLK_Stop:
 338              	.LFB1:
  52:Generated_Source\PSoC4/PDSS_PORT0_TX_CLK.c **** 
  53:Generated_Source\PSoC4/PDSS_PORT0_TX_CLK.c **** #else
  54:Generated_Source\PSoC4/PDSS_PORT0_TX_CLK.c **** 
  55:Generated_Source\PSoC4/PDSS_PORT0_TX_CLK.c **** /*******************************************************************************
  56:Generated_Source\PSoC4/PDSS_PORT0_TX_CLK.c **** * Function Name: PDSS_PORT0_TX_CLK_Start
  57:Generated_Source\PSoC4/PDSS_PORT0_TX_CLK.c **** ********************************************************************************
  58:Generated_Source\PSoC4/PDSS_PORT0_TX_CLK.c **** *
  59:Generated_Source\PSoC4/PDSS_PORT0_TX_CLK.c **** * Summary:
  60:Generated_Source\PSoC4/PDSS_PORT0_TX_CLK.c **** *  Starts the clock.
  61:Generated_Source\PSoC4/PDSS_PORT0_TX_CLK.c **** *
  62:Generated_Source\PSoC4/PDSS_PORT0_TX_CLK.c **** * Parameters:
ARM GAS  C:\Users\prana\AppData\Local\Temp\ccSkxqFa.s 			page 22


  63:Generated_Source\PSoC4/PDSS_PORT0_TX_CLK.c **** *  None
  64:Generated_Source\PSoC4/PDSS_PORT0_TX_CLK.c **** *
  65:Generated_Source\PSoC4/PDSS_PORT0_TX_CLK.c **** * Returns:
  66:Generated_Source\PSoC4/PDSS_PORT0_TX_CLK.c **** *  None
  67:Generated_Source\PSoC4/PDSS_PORT0_TX_CLK.c **** *
  68:Generated_Source\PSoC4/PDSS_PORT0_TX_CLK.c **** *******************************************************************************/
  69:Generated_Source\PSoC4/PDSS_PORT0_TX_CLK.c **** 
  70:Generated_Source\PSoC4/PDSS_PORT0_TX_CLK.c **** void PDSS_PORT0_TX_CLK_Start(void)
  71:Generated_Source\PSoC4/PDSS_PORT0_TX_CLK.c **** {
  72:Generated_Source\PSoC4/PDSS_PORT0_TX_CLK.c ****     /* Set the bit to enable the clock. */
  73:Generated_Source\PSoC4/PDSS_PORT0_TX_CLK.c ****     PDSS_PORT0_TX_CLK_ENABLE_REG |= PDSS_PORT0_TX_CLK__ENABLE_MASK;
  74:Generated_Source\PSoC4/PDSS_PORT0_TX_CLK.c **** }
  75:Generated_Source\PSoC4/PDSS_PORT0_TX_CLK.c **** 
  76:Generated_Source\PSoC4/PDSS_PORT0_TX_CLK.c **** #endif /* CYREG_PERI_DIV_CMD */
  77:Generated_Source\PSoC4/PDSS_PORT0_TX_CLK.c **** 
  78:Generated_Source\PSoC4/PDSS_PORT0_TX_CLK.c **** 
  79:Generated_Source\PSoC4/PDSS_PORT0_TX_CLK.c **** /*******************************************************************************
  80:Generated_Source\PSoC4/PDSS_PORT0_TX_CLK.c **** * Function Name: PDSS_PORT0_TX_CLK_Stop
  81:Generated_Source\PSoC4/PDSS_PORT0_TX_CLK.c **** ********************************************************************************
  82:Generated_Source\PSoC4/PDSS_PORT0_TX_CLK.c **** *
  83:Generated_Source\PSoC4/PDSS_PORT0_TX_CLK.c **** * Summary:
  84:Generated_Source\PSoC4/PDSS_PORT0_TX_CLK.c **** *  Stops the clock and returns immediately. This API does not require the
  85:Generated_Source\PSoC4/PDSS_PORT0_TX_CLK.c **** *  source clock to be running but may return before the hardware is actually
  86:Generated_Source\PSoC4/PDSS_PORT0_TX_CLK.c **** *  disabled.
  87:Generated_Source\PSoC4/PDSS_PORT0_TX_CLK.c **** *
  88:Generated_Source\PSoC4/PDSS_PORT0_TX_CLK.c **** * Parameters:
  89:Generated_Source\PSoC4/PDSS_PORT0_TX_CLK.c **** *  None
  90:Generated_Source\PSoC4/PDSS_PORT0_TX_CLK.c **** *
  91:Generated_Source\PSoC4/PDSS_PORT0_TX_CLK.c **** * Returns:
  92:Generated_Source\PSoC4/PDSS_PORT0_TX_CLK.c **** *  None
  93:Generated_Source\PSoC4/PDSS_PORT0_TX_CLK.c **** *
  94:Generated_Source\PSoC4/PDSS_PORT0_TX_CLK.c **** *******************************************************************************/
  95:Generated_Source\PSoC4/PDSS_PORT0_TX_CLK.c **** void PDSS_PORT0_TX_CLK_Stop(void)
  96:Generated_Source\PSoC4/PDSS_PORT0_TX_CLK.c **** {
 339              		.loc 1 96 0
 340              		.cfi_startproc
 341              		@ args = 0, pretend = 0, frame = 0
 342              		@ frame_needed = 0, uses_anonymous_args = 0
 343              		@ link register save eliminated.
  97:Generated_Source\PSoC4/PDSS_PORT0_TX_CLK.c **** #if defined CYREG_PERI_DIV_CMD
  98:Generated_Source\PSoC4/PDSS_PORT0_TX_CLK.c **** 
  99:Generated_Source\PSoC4/PDSS_PORT0_TX_CLK.c ****     /* Make sure any previous start command has finished. */
 100:Generated_Source\PSoC4/PDSS_PORT0_TX_CLK.c ****     while((PDSS_PORT0_TX_CLK_CMD_REG & PDSS_PORT0_TX_CLK_CMD_ENABLE_MASK) != 0u)
 344              		.loc 1 100 0
 345 0000 034A     		ldr	r2, .L10
 346              	.L8:
 347              		.loc 1 100 0 is_stmt 0 discriminator 1
 348 0002 1368     		ldr	r3, [r2]
 349 0004 002B     		cmp	r3, #0
 350 0006 FCDB     		blt	.L8
 101:Generated_Source\PSoC4/PDSS_PORT0_TX_CLK.c ****     {
 102:Generated_Source\PSoC4/PDSS_PORT0_TX_CLK.c ****     }
 103:Generated_Source\PSoC4/PDSS_PORT0_TX_CLK.c ****     
 104:Generated_Source\PSoC4/PDSS_PORT0_TX_CLK.c ****     /* Specify the target divider and it's alignment divider, and disable. */
 105:Generated_Source\PSoC4/PDSS_PORT0_TX_CLK.c ****     PDSS_PORT0_TX_CLK_CMD_REG =
 351              		.loc 1 105 0 is_stmt 1
 352 0008 024A     		ldr	r2, .L10+4
ARM GAS  C:\Users\prana\AppData\Local\Temp\ccSkxqFa.s 			page 23


 353 000a 014B     		ldr	r3, .L10
 106:Generated_Source\PSoC4/PDSS_PORT0_TX_CLK.c ****         ((uint32)PDSS_PORT0_TX_CLK__DIV_ID << PDSS_PORT0_TX_CLK_CMD_DIV_SHIFT)|
 107:Generated_Source\PSoC4/PDSS_PORT0_TX_CLK.c ****         ((uint32)PDSS_PORT0_TX_CLK_CMD_DISABLE_MASK);
 108:Generated_Source\PSoC4/PDSS_PORT0_TX_CLK.c **** 
 109:Generated_Source\PSoC4/PDSS_PORT0_TX_CLK.c **** #else
 110:Generated_Source\PSoC4/PDSS_PORT0_TX_CLK.c **** 
 111:Generated_Source\PSoC4/PDSS_PORT0_TX_CLK.c ****     /* Clear the bit to disable the clock. */
 112:Generated_Source\PSoC4/PDSS_PORT0_TX_CLK.c ****     PDSS_PORT0_TX_CLK_ENABLE_REG &= (uint32)(~PDSS_PORT0_TX_CLK__ENABLE_MASK);
 113:Generated_Source\PSoC4/PDSS_PORT0_TX_CLK.c ****     
 114:Generated_Source\PSoC4/PDSS_PORT0_TX_CLK.c **** #endif /* CYREG_PERI_DIV_CMD */
 115:Generated_Source\PSoC4/PDSS_PORT0_TX_CLK.c **** }
 354              		.loc 1 115 0
 355              		@ sp needed
 105:Generated_Source\PSoC4/PDSS_PORT0_TX_CLK.c ****         ((uint32)PDSS_PORT0_TX_CLK__DIV_ID << PDSS_PORT0_TX_CLK_CMD_DIV_SHIFT)|
 356              		.loc 1 105 0
 357 000c 1A60     		str	r2, [r3]
 358              		.loc 1 115 0
 359 000e 7047     		bx	lr
 360              	.L11:
 361              		.align	2
 362              	.L10:
 363 0010 00000140 		.word	1073807360
 364 0014 42000040 		.word	1073741890
 365              		.cfi_endproc
 366              	.LFE1:
 367              		.size	PDSS_PORT0_TX_CLK_Stop, .-PDSS_PORT0_TX_CLK_Stop
 368              		.section	.text.PDSS_PORT0_TX_CLK_SetFractionalDividerRegister,"ax",%progbits
 369              		.align	1
 370              		.global	PDSS_PORT0_TX_CLK_SetFractionalDividerRegister
 371              		.code	16
 372              		.thumb_func
 373              		.type	PDSS_PORT0_TX_CLK_SetFractionalDividerRegister, %function
 374              	PDSS_PORT0_TX_CLK_SetFractionalDividerRegister:
 375              	.LFB2:
 116:Generated_Source\PSoC4/PDSS_PORT0_TX_CLK.c **** 
 117:Generated_Source\PSoC4/PDSS_PORT0_TX_CLK.c **** 
 118:Generated_Source\PSoC4/PDSS_PORT0_TX_CLK.c **** /*******************************************************************************
 119:Generated_Source\PSoC4/PDSS_PORT0_TX_CLK.c **** * Function Name: PDSS_PORT0_TX_CLK_SetFractionalDividerRegister
 120:Generated_Source\PSoC4/PDSS_PORT0_TX_CLK.c **** ********************************************************************************
 121:Generated_Source\PSoC4/PDSS_PORT0_TX_CLK.c **** *
 122:Generated_Source\PSoC4/PDSS_PORT0_TX_CLK.c **** * Summary:
 123:Generated_Source\PSoC4/PDSS_PORT0_TX_CLK.c **** *  Modifies the clock divider and the fractional divider.
 124:Generated_Source\PSoC4/PDSS_PORT0_TX_CLK.c **** *
 125:Generated_Source\PSoC4/PDSS_PORT0_TX_CLK.c **** * Parameters:
 126:Generated_Source\PSoC4/PDSS_PORT0_TX_CLK.c **** *  clkDivider:  Divider register value (0-65535). This value is NOT the
 127:Generated_Source\PSoC4/PDSS_PORT0_TX_CLK.c **** *    divider; the clock hardware divides by clkDivider plus one. For example,
 128:Generated_Source\PSoC4/PDSS_PORT0_TX_CLK.c **** *    to divide the clock by 2, this parameter should be set to 1.
 129:Generated_Source\PSoC4/PDSS_PORT0_TX_CLK.c **** *  fracDivider:  Fractional Divider register value (0-31).
 130:Generated_Source\PSoC4/PDSS_PORT0_TX_CLK.c **** * Returns:
 131:Generated_Source\PSoC4/PDSS_PORT0_TX_CLK.c **** *  None
 132:Generated_Source\PSoC4/PDSS_PORT0_TX_CLK.c **** *
 133:Generated_Source\PSoC4/PDSS_PORT0_TX_CLK.c **** *******************************************************************************/
 134:Generated_Source\PSoC4/PDSS_PORT0_TX_CLK.c **** void PDSS_PORT0_TX_CLK_SetFractionalDividerRegister(uint16 clkDivider, uint8 clkFractional)
 135:Generated_Source\PSoC4/PDSS_PORT0_TX_CLK.c **** {
 376              		.loc 1 135 0
 377              		.cfi_startproc
 378              		@ args = 0, pretend = 0, frame = 0
ARM GAS  C:\Users\prana\AppData\Local\Temp\ccSkxqFa.s 			page 24


 379              		@ frame_needed = 0, uses_anonymous_args = 0
 380              	.LVL2:
 136:Generated_Source\PSoC4/PDSS_PORT0_TX_CLK.c ****     uint32 maskVal;
 137:Generated_Source\PSoC4/PDSS_PORT0_TX_CLK.c ****     uint32 regVal;
 138:Generated_Source\PSoC4/PDSS_PORT0_TX_CLK.c ****     
 139:Generated_Source\PSoC4/PDSS_PORT0_TX_CLK.c **** #if defined (PDSS_PORT0_TX_CLK__FRAC_MASK) || defined (CYREG_PERI_DIV_CMD)
 140:Generated_Source\PSoC4/PDSS_PORT0_TX_CLK.c ****     
 141:Generated_Source\PSoC4/PDSS_PORT0_TX_CLK.c **** 	/* get all but divider bits */
 142:Generated_Source\PSoC4/PDSS_PORT0_TX_CLK.c ****     maskVal = PDSS_PORT0_TX_CLK_DIV_REG & 
 143:Generated_Source\PSoC4/PDSS_PORT0_TX_CLK.c ****                     (uint32)(~(uint32)(PDSS_PORT0_TX_CLK_DIV_INT_MASK | PDSS_PORT0_TX_CLK_DIV_FRAC_
 144:Generated_Source\PSoC4/PDSS_PORT0_TX_CLK.c **** 	/* combine mask and new divider vals into 32-bit value */
 145:Generated_Source\PSoC4/PDSS_PORT0_TX_CLK.c ****     regVal = maskVal |
 381              		.loc 1 145 0
 382 0000 FF22     		movs	r2, #255
 383 0002 C900     		lsls	r1, r1, #3
 384              	.LVL3:
 385 0004 1140     		ands	r1, r2
 386 0006 0202     		lsls	r2, r0, #8
 387 0008 1143     		orrs	r1, r2
 388 000a 0723     		movs	r3, #7
 389 000c 0800     		movs	r0, r1
 390              	.LVL4:
 135:Generated_Source\PSoC4/PDSS_PORT0_TX_CLK.c ****     uint32 maskVal;
 391              		.loc 1 135 0
 392 000e 30B5     		push	{r4, r5, lr}
 393              		.cfi_def_cfa_offset 12
 394              		.cfi_offset 4, -12
 395              		.cfi_offset 5, -8
 396              		.cfi_offset 14, -4
 142:Generated_Source\PSoC4/PDSS_PORT0_TX_CLK.c ****                     (uint32)(~(uint32)(PDSS_PORT0_TX_CLK_DIV_INT_MASK | PDSS_PORT0_TX_CLK_DIV_FRAC_
 397              		.loc 1 142 0
 398 0010 024C     		ldr	r4, .L13
 146:Generated_Source\PSoC4/PDSS_PORT0_TX_CLK.c ****         ((uint32)((uint32)clkDivider <<  PDSS_PORT0_TX_CLK_DIV_INT_SHIFT) & PDSS_PORT0_TX_CLK_DIV_I
 147:Generated_Source\PSoC4/PDSS_PORT0_TX_CLK.c ****         ((uint32)((uint32)clkFractional << PDSS_PORT0_TX_CLK_DIV_FRAC_SHIFT) & PDSS_PORT0_TX_CLK_DI
 148:Generated_Source\PSoC4/PDSS_PORT0_TX_CLK.c ****     
 149:Generated_Source\PSoC4/PDSS_PORT0_TX_CLK.c **** #else
 150:Generated_Source\PSoC4/PDSS_PORT0_TX_CLK.c ****     /* get all but integer divider bits */
 151:Generated_Source\PSoC4/PDSS_PORT0_TX_CLK.c ****     maskVal = PDSS_PORT0_TX_CLK_DIV_REG & (uint32)(~(uint32)PDSS_PORT0_TX_CLK__DIVIDER_MASK);
 152:Generated_Source\PSoC4/PDSS_PORT0_TX_CLK.c ****     /* combine mask and new divider val into 32-bit value */
 153:Generated_Source\PSoC4/PDSS_PORT0_TX_CLK.c ****     regVal = clkDivider | maskVal;
 154:Generated_Source\PSoC4/PDSS_PORT0_TX_CLK.c ****     
 155:Generated_Source\PSoC4/PDSS_PORT0_TX_CLK.c **** #endif /* PDSS_PORT0_TX_CLK__FRAC_MASK || CYREG_PERI_DIV_CMD */
 156:Generated_Source\PSoC4/PDSS_PORT0_TX_CLK.c **** 
 157:Generated_Source\PSoC4/PDSS_PORT0_TX_CLK.c ****     PDSS_PORT0_TX_CLK_DIV_REG = regVal;
 158:Generated_Source\PSoC4/PDSS_PORT0_TX_CLK.c **** }
 399              		.loc 1 158 0
 400              		@ sp needed
 142:Generated_Source\PSoC4/PDSS_PORT0_TX_CLK.c ****                     (uint32)(~(uint32)(PDSS_PORT0_TX_CLK_DIV_INT_MASK | PDSS_PORT0_TX_CLK_DIV_FRAC_
 401              		.loc 1 142 0
 402 0012 2568     		ldr	r5, [r4]
 403              	.LVL5:
 145:Generated_Source\PSoC4/PDSS_PORT0_TX_CLK.c ****         ((uint32)((uint32)clkDivider <<  PDSS_PORT0_TX_CLK_DIV_INT_SHIFT) & PDSS_PORT0_TX_CLK_DIV_I
 404              		.loc 1 145 0
 405 0014 2B40     		ands	r3, r5
 406              	.LVL6:
 407 0016 1843     		orrs	r0, r3
 408              	.LVL7:
ARM GAS  C:\Users\prana\AppData\Local\Temp\ccSkxqFa.s 			page 25


 157:Generated_Source\PSoC4/PDSS_PORT0_TX_CLK.c **** }
 409              		.loc 1 157 0
 410 0018 2060     		str	r0, [r4]
 411              		.loc 1 158 0
 412 001a 30BD     		pop	{r4, r5, pc}
 413              	.L14:
 414              		.align	2
 415              	.L13:
 416 001c 08030140 		.word	1073808136
 417              		.cfi_endproc
 418              	.LFE2:
 419              		.size	PDSS_PORT0_TX_CLK_SetFractionalDividerRegister, .-PDSS_PORT0_TX_CLK_SetFractionalDividerRegi
 420              		.section	.text.PDSS_PORT0_TX_CLK_GetDividerRegister,"ax",%progbits
 421              		.align	1
 422              		.global	PDSS_PORT0_TX_CLK_GetDividerRegister
 423              		.code	16
 424              		.thumb_func
 425              		.type	PDSS_PORT0_TX_CLK_GetDividerRegister, %function
 426              	PDSS_PORT0_TX_CLK_GetDividerRegister:
 427              	.LFB3:
 159:Generated_Source\PSoC4/PDSS_PORT0_TX_CLK.c **** 
 160:Generated_Source\PSoC4/PDSS_PORT0_TX_CLK.c **** 
 161:Generated_Source\PSoC4/PDSS_PORT0_TX_CLK.c **** /*******************************************************************************
 162:Generated_Source\PSoC4/PDSS_PORT0_TX_CLK.c **** * Function Name: PDSS_PORT0_TX_CLK_GetDividerRegister
 163:Generated_Source\PSoC4/PDSS_PORT0_TX_CLK.c **** ********************************************************************************
 164:Generated_Source\PSoC4/PDSS_PORT0_TX_CLK.c **** *
 165:Generated_Source\PSoC4/PDSS_PORT0_TX_CLK.c **** * Summary:
 166:Generated_Source\PSoC4/PDSS_PORT0_TX_CLK.c **** *  Gets the clock divider register value.
 167:Generated_Source\PSoC4/PDSS_PORT0_TX_CLK.c **** *
 168:Generated_Source\PSoC4/PDSS_PORT0_TX_CLK.c **** * Parameters:
 169:Generated_Source\PSoC4/PDSS_PORT0_TX_CLK.c **** *  None
 170:Generated_Source\PSoC4/PDSS_PORT0_TX_CLK.c **** *
 171:Generated_Source\PSoC4/PDSS_PORT0_TX_CLK.c **** * Returns:
 172:Generated_Source\PSoC4/PDSS_PORT0_TX_CLK.c **** *  Divide value of the clock minus 1. For example, if the clock is set to
 173:Generated_Source\PSoC4/PDSS_PORT0_TX_CLK.c **** *  divide by 2, the return value will be 1.
 174:Generated_Source\PSoC4/PDSS_PORT0_TX_CLK.c **** *
 175:Generated_Source\PSoC4/PDSS_PORT0_TX_CLK.c **** *******************************************************************************/
 176:Generated_Source\PSoC4/PDSS_PORT0_TX_CLK.c **** uint16 PDSS_PORT0_TX_CLK_GetDividerRegister(void)
 177:Generated_Source\PSoC4/PDSS_PORT0_TX_CLK.c **** {
 428              		.loc 1 177 0
 429              		.cfi_startproc
 430              		@ args = 0, pretend = 0, frame = 0
 431              		@ frame_needed = 0, uses_anonymous_args = 0
 432              		@ link register save eliminated.
 178:Generated_Source\PSoC4/PDSS_PORT0_TX_CLK.c ****     return (uint16)((PDSS_PORT0_TX_CLK_DIV_REG & PDSS_PORT0_TX_CLK_DIV_INT_MASK)
 433              		.loc 1 178 0
 434 0000 024B     		ldr	r3, .L16
 179:Generated_Source\PSoC4/PDSS_PORT0_TX_CLK.c ****         >> PDSS_PORT0_TX_CLK_DIV_INT_SHIFT);
 180:Generated_Source\PSoC4/PDSS_PORT0_TX_CLK.c **** }
 435              		.loc 1 180 0
 436              		@ sp needed
 178:Generated_Source\PSoC4/PDSS_PORT0_TX_CLK.c ****     return (uint16)((PDSS_PORT0_TX_CLK_DIV_REG & PDSS_PORT0_TX_CLK_DIV_INT_MASK)
 437              		.loc 1 178 0
 438 0002 1868     		ldr	r0, [r3]
 439 0004 000A     		lsrs	r0, r0, #8
 440 0006 80B2     		uxth	r0, r0
 441              		.loc 1 180 0
ARM GAS  C:\Users\prana\AppData\Local\Temp\ccSkxqFa.s 			page 26


 442 0008 7047     		bx	lr
 443              	.L17:
 444 000a C046     		.align	2
 445              	.L16:
 446 000c 08030140 		.word	1073808136
 447              		.cfi_endproc
 448              	.LFE3:
 449              		.size	PDSS_PORT0_TX_CLK_GetDividerRegister, .-PDSS_PORT0_TX_CLK_GetDividerRegister
 450              		.section	.text.PDSS_PORT0_TX_CLK_GetFractionalDividerRegister,"ax",%progbits
 451              		.align	1
 452              		.global	PDSS_PORT0_TX_CLK_GetFractionalDividerRegister
 453              		.code	16
 454              		.thumb_func
 455              		.type	PDSS_PORT0_TX_CLK_GetFractionalDividerRegister, %function
 456              	PDSS_PORT0_TX_CLK_GetFractionalDividerRegister:
 457              	.LFB4:
 181:Generated_Source\PSoC4/PDSS_PORT0_TX_CLK.c **** 
 182:Generated_Source\PSoC4/PDSS_PORT0_TX_CLK.c **** 
 183:Generated_Source\PSoC4/PDSS_PORT0_TX_CLK.c **** /*******************************************************************************
 184:Generated_Source\PSoC4/PDSS_PORT0_TX_CLK.c **** * Function Name: PDSS_PORT0_TX_CLK_GetFractionalDividerRegister
 185:Generated_Source\PSoC4/PDSS_PORT0_TX_CLK.c **** ********************************************************************************
 186:Generated_Source\PSoC4/PDSS_PORT0_TX_CLK.c **** *
 187:Generated_Source\PSoC4/PDSS_PORT0_TX_CLK.c **** * Summary:
 188:Generated_Source\PSoC4/PDSS_PORT0_TX_CLK.c **** *  Gets the clock fractional divider register value.
 189:Generated_Source\PSoC4/PDSS_PORT0_TX_CLK.c **** *
 190:Generated_Source\PSoC4/PDSS_PORT0_TX_CLK.c **** * Parameters:
 191:Generated_Source\PSoC4/PDSS_PORT0_TX_CLK.c **** *  None
 192:Generated_Source\PSoC4/PDSS_PORT0_TX_CLK.c **** *
 193:Generated_Source\PSoC4/PDSS_PORT0_TX_CLK.c **** * Returns:
 194:Generated_Source\PSoC4/PDSS_PORT0_TX_CLK.c **** *  Fractional Divide value of the clock
 195:Generated_Source\PSoC4/PDSS_PORT0_TX_CLK.c **** *  0 if the fractional divider is not in use.
 196:Generated_Source\PSoC4/PDSS_PORT0_TX_CLK.c **** *
 197:Generated_Source\PSoC4/PDSS_PORT0_TX_CLK.c **** *******************************************************************************/
 198:Generated_Source\PSoC4/PDSS_PORT0_TX_CLK.c **** uint8 PDSS_PORT0_TX_CLK_GetFractionalDividerRegister(void)
 199:Generated_Source\PSoC4/PDSS_PORT0_TX_CLK.c **** {
 458              		.loc 1 199 0
 459              		.cfi_startproc
 460              		@ args = 0, pretend = 0, frame = 0
 461              		@ frame_needed = 0, uses_anonymous_args = 0
 462              		@ link register save eliminated.
 200:Generated_Source\PSoC4/PDSS_PORT0_TX_CLK.c **** #if defined (PDSS_PORT0_TX_CLK__FRAC_MASK)
 201:Generated_Source\PSoC4/PDSS_PORT0_TX_CLK.c ****     /* return fractional divider bits */
 202:Generated_Source\PSoC4/PDSS_PORT0_TX_CLK.c ****     return (uint8)((PDSS_PORT0_TX_CLK_DIV_REG & PDSS_PORT0_TX_CLK_DIV_FRAC_MASK)
 203:Generated_Source\PSoC4/PDSS_PORT0_TX_CLK.c ****         >> PDSS_PORT0_TX_CLK_DIV_FRAC_SHIFT);
 204:Generated_Source\PSoC4/PDSS_PORT0_TX_CLK.c **** #else
 205:Generated_Source\PSoC4/PDSS_PORT0_TX_CLK.c ****     return 0u;
 206:Generated_Source\PSoC4/PDSS_PORT0_TX_CLK.c **** #endif /* PDSS_PORT0_TX_CLK__FRAC_MASK */
 207:Generated_Source\PSoC4/PDSS_PORT0_TX_CLK.c **** }
 463              		.loc 1 207 0
 464 0000 0020     		movs	r0, #0
 465              		@ sp needed
 466 0002 7047     		bx	lr
 467              		.cfi_endproc
 468              	.LFE4:
 469              		.size	PDSS_PORT0_TX_CLK_GetFractionalDividerRegister, .-PDSS_PORT0_TX_CLK_GetFractionalDividerRegi
 470              		.text
 471              	.Letext0:
ARM GAS  C:\Users\prana\AppData\Local\Temp\ccSkxqFa.s 			page 27


 472              		.file 2 "Generated_Source\\PSoC4/cytypes.h"
 473              		.section	.debug_info,"",%progbits
 474              	.Ldebug_info0:
 475 0000 62010000 		.4byte	0x162
 476 0004 0400     		.2byte	0x4
 477 0006 00000000 		.4byte	.Ldebug_abbrev0
 478 000a 04       		.byte	0x4
 479 000b 01       		.uleb128 0x1
 480 000c 8B010000 		.4byte	.LASF25
 481 0010 0C       		.byte	0xc
 482 0011 97000000 		.4byte	.LASF26
 483 0015 7F020000 		.4byte	.LASF27
 484 0019 00000000 		.4byte	.Ldebug_ranges0+0
 485 001d 00000000 		.4byte	0
 486 0021 00000000 		.4byte	.Ldebug_line0
 487 0025 02       		.uleb128 0x2
 488 0026 01       		.byte	0x1
 489 0027 06       		.byte	0x6
 490 0028 73020000 		.4byte	.LASF0
 491 002c 02       		.uleb128 0x2
 492 002d 01       		.byte	0x1
 493 002e 08       		.byte	0x8
 494 002f 89000000 		.4byte	.LASF1
 495 0033 02       		.uleb128 0x2
 496 0034 02       		.byte	0x2
 497 0035 05       		.byte	0x5
 498 0036 5A020000 		.4byte	.LASF2
 499 003a 02       		.uleb128 0x2
 500 003b 02       		.byte	0x2
 501 003c 07       		.byte	0x7
 502 003d C2000000 		.4byte	.LASF3
 503 0041 02       		.uleb128 0x2
 504 0042 04       		.byte	0x4
 505 0043 05       		.byte	0x5
 506 0044 6A020000 		.4byte	.LASF4
 507 0048 02       		.uleb128 0x2
 508 0049 04       		.byte	0x4
 509 004a 07       		.byte	0x7
 510 004b 26010000 		.4byte	.LASF5
 511 004f 02       		.uleb128 0x2
 512 0050 08       		.byte	0x8
 513 0051 05       		.byte	0x5
 514 0052 47020000 		.4byte	.LASF6
 515 0056 02       		.uleb128 0x2
 516 0057 08       		.byte	0x8
 517 0058 07       		.byte	0x7
 518 0059 74010000 		.4byte	.LASF7
 519 005d 03       		.uleb128 0x3
 520 005e 04       		.byte	0x4
 521 005f 05       		.byte	0x5
 522 0060 696E7400 		.ascii	"int\000"
 523 0064 02       		.uleb128 0x2
 524 0065 04       		.byte	0x4
 525 0066 07       		.byte	0x7
 526 0067 67010000 		.4byte	.LASF8
 527 006b 04       		.uleb128 0x4
 528 006c 64020000 		.4byte	.LASF9
ARM GAS  C:\Users\prana\AppData\Local\Temp\ccSkxqFa.s 			page 28


 529 0070 02       		.byte	0x2
 530 0071 D201     		.2byte	0x1d2
 531 0073 2C000000 		.4byte	0x2c
 532 0077 04       		.uleb128 0x4
 533 0078 59010000 		.4byte	.LASF10
 534 007c 02       		.byte	0x2
 535 007d D301     		.2byte	0x1d3
 536 007f 3A000000 		.4byte	0x3a
 537 0083 04       		.uleb128 0x4
 538 0084 60010000 		.4byte	.LASF11
 539 0088 02       		.byte	0x2
 540 0089 D401     		.2byte	0x1d4
 541 008b 48000000 		.4byte	0x48
 542 008f 02       		.uleb128 0x2
 543 0090 04       		.byte	0x4
 544 0091 04       		.byte	0x4
 545 0092 83000000 		.4byte	.LASF12
 546 0096 02       		.uleb128 0x2
 547 0097 08       		.byte	0x8
 548 0098 04       		.byte	0x4
 549 0099 28000000 		.4byte	.LASF13
 550 009d 02       		.uleb128 0x2
 551 009e 01       		.byte	0x1
 552 009f 08       		.byte	0x8
 553 00a0 55020000 		.4byte	.LASF14
 554 00a4 04       		.uleb128 0x4
 555 00a5 00000000 		.4byte	.LASF15
 556 00a9 02       		.byte	0x2
 557 00aa 7E02     		.2byte	0x27e
 558 00ac B0000000 		.4byte	0xb0
 559 00b0 05       		.uleb128 0x5
 560 00b1 83000000 		.4byte	0x83
 561 00b5 06       		.uleb128 0x6
 562 00b6 0E000000 		.4byte	.LASF16
 563 00ba 01       		.byte	0x1
 564 00bb 27       		.byte	0x27
 565 00bc 00000000 		.4byte	.LFB0
 566 00c0 1C000000 		.4byte	.LFE0-.LFB0
 567 00c4 01       		.uleb128 0x1
 568 00c5 9C       		.byte	0x9c
 569 00c6 DA000000 		.4byte	0xda
 570 00ca 07       		.uleb128 0x7
 571 00cb 3F010000 		.4byte	.LASF18
 572 00cf 01       		.byte	0x1
 573 00d0 27       		.byte	0x27
 574 00d1 83000000 		.4byte	0x83
 575 00d5 00000000 		.4byte	.LLST0
 576 00d9 00       		.byte	0
 577 00da 08       		.uleb128 0x8
 578 00db D5000000 		.4byte	.LASF28
 579 00df 01       		.byte	0x1
 580 00e0 5F       		.byte	0x5f
 581 00e1 00000000 		.4byte	.LFB1
 582 00e5 18000000 		.4byte	.LFE1-.LFB1
 583 00e9 01       		.uleb128 0x1
 584 00ea 9C       		.byte	0x9c
 585 00eb 06       		.uleb128 0x6
ARM GAS  C:\Users\prana\AppData\Local\Temp\ccSkxqFa.s 			page 29


 586 00ec 2F000000 		.4byte	.LASF17
 587 00f0 01       		.byte	0x1
 588 00f1 86       		.byte	0x86
 589 00f2 00000000 		.4byte	.LFB2
 590 00f6 20000000 		.4byte	.LFE2-.LFB2
 591 00fa 01       		.uleb128 0x1
 592 00fb 9C       		.byte	0x9c
 593 00fc 3B010000 		.4byte	0x13b
 594 0100 07       		.uleb128 0x7
 595 0101 1B010000 		.4byte	.LASF19
 596 0105 01       		.byte	0x1
 597 0106 86       		.byte	0x86
 598 0107 77000000 		.4byte	0x77
 599 010b 21000000 		.4byte	.LLST1
 600 010f 07       		.uleb128 0x7
 601 0110 4B010000 		.4byte	.LASF20
 602 0114 01       		.byte	0x1
 603 0115 86       		.byte	0x86
 604 0116 6B000000 		.4byte	0x6b
 605 011a 42000000 		.4byte	.LLST2
 606 011e 09       		.uleb128 0x9
 607 011f 06000000 		.4byte	.LASF21
 608 0123 01       		.byte	0x1
 609 0124 88       		.byte	0x88
 610 0125 83000000 		.4byte	0x83
 611 0129 63000000 		.4byte	.LLST3
 612 012d 0A       		.uleb128 0xa
 613 012e 38010000 		.4byte	.LASF22
 614 0132 01       		.byte	0x1
 615 0133 89       		.byte	0x89
 616 0134 83000000 		.4byte	0x83
 617 0138 01       		.uleb128 0x1
 618 0139 50       		.byte	0x50
 619 013a 00       		.byte	0
 620 013b 0B       		.uleb128 0xb
 621 013c 5E000000 		.4byte	.LASF23
 622 0140 01       		.byte	0x1
 623 0141 B0       		.byte	0xb0
 624 0142 77000000 		.4byte	0x77
 625 0146 00000000 		.4byte	.LFB3
 626 014a 10000000 		.4byte	.LFE3-.LFB3
 627 014e 01       		.uleb128 0x1
 628 014f 9C       		.byte	0x9c
 629 0150 0B       		.uleb128 0xb
 630 0151 EC000000 		.4byte	.LASF24
 631 0155 01       		.byte	0x1
 632 0156 C6       		.byte	0xc6
 633 0157 6B000000 		.4byte	0x6b
 634 015b 00000000 		.4byte	.LFB4
 635 015f 04000000 		.4byte	.LFE4-.LFB4
 636 0163 01       		.uleb128 0x1
 637 0164 9C       		.byte	0x9c
 638 0165 00       		.byte	0
 639              		.section	.debug_abbrev,"",%progbits
 640              	.Ldebug_abbrev0:
 641 0000 01       		.uleb128 0x1
 642 0001 11       		.uleb128 0x11
ARM GAS  C:\Users\prana\AppData\Local\Temp\ccSkxqFa.s 			page 30


 643 0002 01       		.byte	0x1
 644 0003 25       		.uleb128 0x25
 645 0004 0E       		.uleb128 0xe
 646 0005 13       		.uleb128 0x13
 647 0006 0B       		.uleb128 0xb
 648 0007 03       		.uleb128 0x3
 649 0008 0E       		.uleb128 0xe
 650 0009 1B       		.uleb128 0x1b
 651 000a 0E       		.uleb128 0xe
 652 000b 55       		.uleb128 0x55
 653 000c 17       		.uleb128 0x17
 654 000d 11       		.uleb128 0x11
 655 000e 01       		.uleb128 0x1
 656 000f 10       		.uleb128 0x10
 657 0010 17       		.uleb128 0x17
 658 0011 00       		.byte	0
 659 0012 00       		.byte	0
 660 0013 02       		.uleb128 0x2
 661 0014 24       		.uleb128 0x24
 662 0015 00       		.byte	0
 663 0016 0B       		.uleb128 0xb
 664 0017 0B       		.uleb128 0xb
 665 0018 3E       		.uleb128 0x3e
 666 0019 0B       		.uleb128 0xb
 667 001a 03       		.uleb128 0x3
 668 001b 0E       		.uleb128 0xe
 669 001c 00       		.byte	0
 670 001d 00       		.byte	0
 671 001e 03       		.uleb128 0x3
 672 001f 24       		.uleb128 0x24
 673 0020 00       		.byte	0
 674 0021 0B       		.uleb128 0xb
 675 0022 0B       		.uleb128 0xb
 676 0023 3E       		.uleb128 0x3e
 677 0024 0B       		.uleb128 0xb
 678 0025 03       		.uleb128 0x3
 679 0026 08       		.uleb128 0x8
 680 0027 00       		.byte	0
 681 0028 00       		.byte	0
 682 0029 04       		.uleb128 0x4
 683 002a 16       		.uleb128 0x16
 684 002b 00       		.byte	0
 685 002c 03       		.uleb128 0x3
 686 002d 0E       		.uleb128 0xe
 687 002e 3A       		.uleb128 0x3a
 688 002f 0B       		.uleb128 0xb
 689 0030 3B       		.uleb128 0x3b
 690 0031 05       		.uleb128 0x5
 691 0032 49       		.uleb128 0x49
 692 0033 13       		.uleb128 0x13
 693 0034 00       		.byte	0
 694 0035 00       		.byte	0
 695 0036 05       		.uleb128 0x5
 696 0037 35       		.uleb128 0x35
 697 0038 00       		.byte	0
 698 0039 49       		.uleb128 0x49
 699 003a 13       		.uleb128 0x13
ARM GAS  C:\Users\prana\AppData\Local\Temp\ccSkxqFa.s 			page 31


 700 003b 00       		.byte	0
 701 003c 00       		.byte	0
 702 003d 06       		.uleb128 0x6
 703 003e 2E       		.uleb128 0x2e
 704 003f 01       		.byte	0x1
 705 0040 3F       		.uleb128 0x3f
 706 0041 19       		.uleb128 0x19
 707 0042 03       		.uleb128 0x3
 708 0043 0E       		.uleb128 0xe
 709 0044 3A       		.uleb128 0x3a
 710 0045 0B       		.uleb128 0xb
 711 0046 3B       		.uleb128 0x3b
 712 0047 0B       		.uleb128 0xb
 713 0048 27       		.uleb128 0x27
 714 0049 19       		.uleb128 0x19
 715 004a 11       		.uleb128 0x11
 716 004b 01       		.uleb128 0x1
 717 004c 12       		.uleb128 0x12
 718 004d 06       		.uleb128 0x6
 719 004e 40       		.uleb128 0x40
 720 004f 18       		.uleb128 0x18
 721 0050 9742     		.uleb128 0x2117
 722 0052 19       		.uleb128 0x19
 723 0053 01       		.uleb128 0x1
 724 0054 13       		.uleb128 0x13
 725 0055 00       		.byte	0
 726 0056 00       		.byte	0
 727 0057 07       		.uleb128 0x7
 728 0058 05       		.uleb128 0x5
 729 0059 00       		.byte	0
 730 005a 03       		.uleb128 0x3
 731 005b 0E       		.uleb128 0xe
 732 005c 3A       		.uleb128 0x3a
 733 005d 0B       		.uleb128 0xb
 734 005e 3B       		.uleb128 0x3b
 735 005f 0B       		.uleb128 0xb
 736 0060 49       		.uleb128 0x49
 737 0061 13       		.uleb128 0x13
 738 0062 02       		.uleb128 0x2
 739 0063 17       		.uleb128 0x17
 740 0064 00       		.byte	0
 741 0065 00       		.byte	0
 742 0066 08       		.uleb128 0x8
 743 0067 2E       		.uleb128 0x2e
 744 0068 00       		.byte	0
 745 0069 3F       		.uleb128 0x3f
 746 006a 19       		.uleb128 0x19
 747 006b 03       		.uleb128 0x3
 748 006c 0E       		.uleb128 0xe
 749 006d 3A       		.uleb128 0x3a
 750 006e 0B       		.uleb128 0xb
 751 006f 3B       		.uleb128 0x3b
 752 0070 0B       		.uleb128 0xb
 753 0071 27       		.uleb128 0x27
 754 0072 19       		.uleb128 0x19
 755 0073 11       		.uleb128 0x11
 756 0074 01       		.uleb128 0x1
ARM GAS  C:\Users\prana\AppData\Local\Temp\ccSkxqFa.s 			page 32


 757 0075 12       		.uleb128 0x12
 758 0076 06       		.uleb128 0x6
 759 0077 40       		.uleb128 0x40
 760 0078 18       		.uleb128 0x18
 761 0079 9742     		.uleb128 0x2117
 762 007b 19       		.uleb128 0x19
 763 007c 00       		.byte	0
 764 007d 00       		.byte	0
 765 007e 09       		.uleb128 0x9
 766 007f 34       		.uleb128 0x34
 767 0080 00       		.byte	0
 768 0081 03       		.uleb128 0x3
 769 0082 0E       		.uleb128 0xe
 770 0083 3A       		.uleb128 0x3a
 771 0084 0B       		.uleb128 0xb
 772 0085 3B       		.uleb128 0x3b
 773 0086 0B       		.uleb128 0xb
 774 0087 49       		.uleb128 0x49
 775 0088 13       		.uleb128 0x13
 776 0089 02       		.uleb128 0x2
 777 008a 17       		.uleb128 0x17
 778 008b 00       		.byte	0
 779 008c 00       		.byte	0
 780 008d 0A       		.uleb128 0xa
 781 008e 34       		.uleb128 0x34
 782 008f 00       		.byte	0
 783 0090 03       		.uleb128 0x3
 784 0091 0E       		.uleb128 0xe
 785 0092 3A       		.uleb128 0x3a
 786 0093 0B       		.uleb128 0xb
 787 0094 3B       		.uleb128 0x3b
 788 0095 0B       		.uleb128 0xb
 789 0096 49       		.uleb128 0x49
 790 0097 13       		.uleb128 0x13
 791 0098 02       		.uleb128 0x2
 792 0099 18       		.uleb128 0x18
 793 009a 00       		.byte	0
 794 009b 00       		.byte	0
 795 009c 0B       		.uleb128 0xb
 796 009d 2E       		.uleb128 0x2e
 797 009e 00       		.byte	0
 798 009f 3F       		.uleb128 0x3f
 799 00a0 19       		.uleb128 0x19
 800 00a1 03       		.uleb128 0x3
 801 00a2 0E       		.uleb128 0xe
 802 00a3 3A       		.uleb128 0x3a
 803 00a4 0B       		.uleb128 0xb
 804 00a5 3B       		.uleb128 0x3b
 805 00a6 0B       		.uleb128 0xb
 806 00a7 27       		.uleb128 0x27
 807 00a8 19       		.uleb128 0x19
 808 00a9 49       		.uleb128 0x49
 809 00aa 13       		.uleb128 0x13
 810 00ab 11       		.uleb128 0x11
 811 00ac 01       		.uleb128 0x1
 812 00ad 12       		.uleb128 0x12
 813 00ae 06       		.uleb128 0x6
ARM GAS  C:\Users\prana\AppData\Local\Temp\ccSkxqFa.s 			page 33


 814 00af 40       		.uleb128 0x40
 815 00b0 18       		.uleb128 0x18
 816 00b1 9742     		.uleb128 0x2117
 817 00b3 19       		.uleb128 0x19
 818 00b4 00       		.byte	0
 819 00b5 00       		.byte	0
 820 00b6 00       		.byte	0
 821              		.section	.debug_loc,"",%progbits
 822              	.Ldebug_loc0:
 823              	.LLST0:
 824 0000 00000000 		.4byte	.LVL0
 825 0004 0C000000 		.4byte	.LVL1
 826 0008 0100     		.2byte	0x1
 827 000a 50       		.byte	0x50
 828 000b 0C000000 		.4byte	.LVL1
 829 000f 1C000000 		.4byte	.LFE0
 830 0013 0400     		.2byte	0x4
 831 0015 F3       		.byte	0xf3
 832 0016 01       		.uleb128 0x1
 833 0017 50       		.byte	0x50
 834 0018 9F       		.byte	0x9f
 835 0019 00000000 		.4byte	0
 836 001d 00000000 		.4byte	0
 837              	.LLST1:
 838 0021 00000000 		.4byte	.LVL2
 839 0025 0E000000 		.4byte	.LVL4
 840 0029 0100     		.2byte	0x1
 841 002b 50       		.byte	0x50
 842 002c 0E000000 		.4byte	.LVL4
 843 0030 20000000 		.4byte	.LFE2
 844 0034 0400     		.2byte	0x4
 845 0036 F3       		.byte	0xf3
 846 0037 01       		.uleb128 0x1
 847 0038 50       		.byte	0x50
 848 0039 9F       		.byte	0x9f
 849 003a 00000000 		.4byte	0
 850 003e 00000000 		.4byte	0
 851              	.LLST2:
 852 0042 00000000 		.4byte	.LVL2
 853 0046 04000000 		.4byte	.LVL3
 854 004a 0100     		.2byte	0x1
 855 004c 51       		.byte	0x51
 856 004d 04000000 		.4byte	.LVL3
 857 0051 20000000 		.4byte	.LFE2
 858 0055 0400     		.2byte	0x4
 859 0057 F3       		.byte	0xf3
 860 0058 01       		.uleb128 0x1
 861 0059 51       		.byte	0x51
 862 005a 9F       		.byte	0x9f
 863 005b 00000000 		.4byte	0
 864 005f 00000000 		.4byte	0
 865              	.LLST3:
 866 0063 14000000 		.4byte	.LVL5
 867 0067 16000000 		.4byte	.LVL6
 868 006b 0500     		.2byte	0x5
 869 006d 75       		.byte	0x75
 870 006e 00       		.sleb128 0
ARM GAS  C:\Users\prana\AppData\Local\Temp\ccSkxqFa.s 			page 34


 871 006f 37       		.byte	0x37
 872 0070 1A       		.byte	0x1a
 873 0071 9F       		.byte	0x9f
 874 0072 16000000 		.4byte	.LVL6
 875 0076 20000000 		.4byte	.LFE2
 876 007a 0100     		.2byte	0x1
 877 007c 53       		.byte	0x53
 878 007d 00000000 		.4byte	0
 879 0081 00000000 		.4byte	0
 880              		.section	.debug_aranges,"",%progbits
 881 0000 3C000000 		.4byte	0x3c
 882 0004 0200     		.2byte	0x2
 883 0006 00000000 		.4byte	.Ldebug_info0
 884 000a 04       		.byte	0x4
 885 000b 00       		.byte	0
 886 000c 0000     		.2byte	0
 887 000e 0000     		.2byte	0
 888 0010 00000000 		.4byte	.LFB0
 889 0014 1C000000 		.4byte	.LFE0-.LFB0
 890 0018 00000000 		.4byte	.LFB1
 891 001c 18000000 		.4byte	.LFE1-.LFB1
 892 0020 00000000 		.4byte	.LFB2
 893 0024 20000000 		.4byte	.LFE2-.LFB2
 894 0028 00000000 		.4byte	.LFB3
 895 002c 10000000 		.4byte	.LFE3-.LFB3
 896 0030 00000000 		.4byte	.LFB4
 897 0034 04000000 		.4byte	.LFE4-.LFB4
 898 0038 00000000 		.4byte	0
 899 003c 00000000 		.4byte	0
 900              		.section	.debug_ranges,"",%progbits
 901              	.Ldebug_ranges0:
 902 0000 00000000 		.4byte	.LFB0
 903 0004 1C000000 		.4byte	.LFE0
 904 0008 00000000 		.4byte	.LFB1
 905 000c 18000000 		.4byte	.LFE1
 906 0010 00000000 		.4byte	.LFB2
 907 0014 20000000 		.4byte	.LFE2
 908 0018 00000000 		.4byte	.LFB3
 909 001c 10000000 		.4byte	.LFE3
 910 0020 00000000 		.4byte	.LFB4
 911 0024 04000000 		.4byte	.LFE4
 912 0028 00000000 		.4byte	0
 913 002c 00000000 		.4byte	0
 914              		.section	.debug_line,"",%progbits
 915              	.Ldebug_line0:
 916 0000 D9000000 		.section	.debug_str,"MS",%progbits,1
 916      02004E00 
 916      00000201 
 916      FB0E0D00 
 916      01010101 
 917              	.LASF15:
 918 0000 72656733 		.ascii	"reg32\000"
 918      3200
 919              	.LASF21:
 920 0006 6D61736B 		.ascii	"maskVal\000"
 920      56616C00 
 921              	.LASF16:
ARM GAS  C:\Users\prana\AppData\Local\Temp\ccSkxqFa.s 			page 35


 922 000e 50445353 		.ascii	"PDSS_PORT0_TX_CLK_StartEx\000"
 922      5F504F52 
 922      54305F54 
 922      585F434C 
 922      4B5F5374 
 923              	.LASF13:
 924 0028 646F7562 		.ascii	"double\000"
 924      6C6500
 925              	.LASF17:
 926 002f 50445353 		.ascii	"PDSS_PORT0_TX_CLK_SetFractionalDividerRegister\000"
 926      5F504F52 
 926      54305F54 
 926      585F434C 
 926      4B5F5365 
 927              	.LASF23:
 928 005e 50445353 		.ascii	"PDSS_PORT0_TX_CLK_GetDividerRegister\000"
 928      5F504F52 
 928      54305F54 
 928      585F434C 
 928      4B5F4765 
 929              	.LASF12:
 930 0083 666C6F61 		.ascii	"float\000"
 930      7400
 931              	.LASF1:
 932 0089 756E7369 		.ascii	"unsigned char\000"
 932      676E6564 
 932      20636861 
 932      7200
 933              	.LASF26:
 934 0097 47656E65 		.ascii	"Generated_Source\\PSoC4\\PDSS_PORT0_TX_CLK.c\000"
 934      72617465 
 934      645F536F 
 934      75726365 
 934      5C50536F 
 935              	.LASF3:
 936 00c2 73686F72 		.ascii	"short unsigned int\000"
 936      7420756E 
 936      7369676E 
 936      65642069 
 936      6E7400
 937              	.LASF28:
 938 00d5 50445353 		.ascii	"PDSS_PORT0_TX_CLK_Stop\000"
 938      5F504F52 
 938      54305F54 
 938      585F434C 
 938      4B5F5374 
 939              	.LASF24:
 940 00ec 50445353 		.ascii	"PDSS_PORT0_TX_CLK_GetFractionalDividerRegister\000"
 940      5F504F52 
 940      54305F54 
 940      585F434C 
 940      4B5F4765 
 941              	.LASF19:
 942 011b 636C6B44 		.ascii	"clkDivider\000"
 942      69766964 
 942      657200
 943              	.LASF5:
ARM GAS  C:\Users\prana\AppData\Local\Temp\ccSkxqFa.s 			page 36


 944 0126 6C6F6E67 		.ascii	"long unsigned int\000"
 944      20756E73 
 944      69676E65 
 944      6420696E 
 944      7400
 945              	.LASF22:
 946 0138 72656756 		.ascii	"regVal\000"
 946      616C00
 947              	.LASF18:
 948 013f 616C6967 		.ascii	"alignClkDiv\000"
 948      6E436C6B 
 948      44697600 
 949              	.LASF20:
 950 014b 636C6B46 		.ascii	"clkFractional\000"
 950      72616374 
 950      696F6E61 
 950      6C00
 951              	.LASF10:
 952 0159 75696E74 		.ascii	"uint16\000"
 952      313600
 953              	.LASF11:
 954 0160 75696E74 		.ascii	"uint32\000"
 954      333200
 955              	.LASF8:
 956 0167 756E7369 		.ascii	"unsigned int\000"
 956      676E6564 
 956      20696E74 
 956      00
 957              	.LASF7:
 958 0174 6C6F6E67 		.ascii	"long long unsigned int\000"
 958      206C6F6E 
 958      6720756E 
 958      7369676E 
 958      65642069 
 959              	.LASF25:
 960 018b 474E5520 		.ascii	"GNU C11 5.4.1 20160609 (release) [ARM/embedded-5-br"
 960      43313120 
 960      352E342E 
 960      31203230 
 960      31363036 
 961 01be 616E6368 		.ascii	"anch revision 237715] -mcpu=cortex-m0 -mthumb -g -O"
 961      20726576 
 961      6973696F 
 961      6E203233 
 961      37373135 
 962 01f1 73202D66 		.ascii	"s -ffunction-sections -ffat-lto-objects -finline-fu"
 962      66756E63 
 962      74696F6E 
 962      2D736563 
 962      74696F6E 
 963 0224 6E637469 		.ascii	"nctions -flto -fno-strict-aliasing\000"
 963      6F6E7320 
 963      2D666C74 
 963      6F202D66 
 963      6E6F2D73 
 964              	.LASF6:
 965 0247 6C6F6E67 		.ascii	"long long int\000"
ARM GAS  C:\Users\prana\AppData\Local\Temp\ccSkxqFa.s 			page 37


 965      206C6F6E 
 965      6720696E 
 965      7400
 966              	.LASF14:
 967 0255 63686172 		.ascii	"char\000"
 967      00
 968              	.LASF2:
 969 025a 73686F72 		.ascii	"short int\000"
 969      7420696E 
 969      7400
 970              	.LASF9:
 971 0264 75696E74 		.ascii	"uint8\000"
 971      3800
 972              	.LASF4:
 973 026a 6C6F6E67 		.ascii	"long int\000"
 973      20696E74 
 973      00
 974              	.LASF0:
 975 0273 7369676E 		.ascii	"signed char\000"
 975      65642063 
 975      68617200 
 976              	.LASF27:
 977 027f 443A5C56 		.ascii	"D:\\V-TE-PWR\\PDSS_SRC_SNK\\CYPD3171-24LQXQ_pb\\CYP"
 977      2D54452D 
 977      5057525C 
 977      50445353 
 977      5F535243 
 978 02ae 44333137 		.ascii	"D3171-24LQXQ_pb.cydsn\000"
 978      312D3234 
 978      4C515851 
 978      5F70622E 
 978      63796473 
 979              		.comm	__gnu_lto_v1,1,1
 980              		.ident	"GCC: (GNU Tools for ARM Embedded Processors) 5.4.1 20160609 (release) [ARM/embedded-5-bran
