ARM GAS  C:\Users\prana\AppData\Local\Temp\ccSoBIKg.s 			page 1


   1              		.syntax unified
   2              		.cpu cortex-m0
   3              		.fpu softvfp
   4              		.eabi_attribute 20, 1
   5              		.eabi_attribute 21, 1
   6              		.eabi_attribute 23, 3
   7              		.eabi_attribute 24, 1
   8              		.eabi_attribute 25, 1
   9              		.eabi_attribute 26, 1
  10              		.eabi_attribute 30, 4
  11              		.eabi_attribute 34, 0
  12              		.eabi_attribute 18, 4
  13              		.thumb
  14              		.syntax unified
  15              		.file	"PDSS_PORT0_BCH_CLK.c"
  16              		.text
  17              	.Ltext0:
  18              		.section	.gnu.lto_.profile.b369d47b,"",%progbits
  19 0000 789C6361 		.ascii	"x\234ca`d`a`\000\222r\222\000\000\277\000B"
  19      60646061 
  19      60009272 
  19      920000BF 
  19      0042
  20              		.text
  21              		.section	.gnu.lto_.icf.b369d47b,"",%progbits
  22 0000 789C6361 		.ascii	"x\234ca`d\000\001\005\006\004`e\370\276\243\361\001"
  22      60640001 
  22      05060460 
  22      65F8BEA3 
  22      F101
  23 0012 27E3815F 		.ascii	"'\343\201_\217'\3623-\331yt2\027\363\376\247;\216s\261"
  23      8F27F233 
  23      2DD97974 
  23      3217F3FE 
  23      A73B8E73 
  24 0027 CC6E9A37 		.ascii	"\314n\2327\205\207\001\000\002l\016\322"
  24      85870100 
  24      026C0ED2 
  25              		.text
  26              		.section	.gnu.lto_.jmpfuncs.b369d47b,"",%progbits
  27 0000 789C6361 		.ascii	"x\234ca`d\000\001q\006\004`e`dd\254\007\21231122\327"
  27      60640001 
  27      71060460 
  27      65606464 
  27      AC078A33 
  28 0019 D7333330 		.ascii	"\327330\260\000\205\001\026\322\001\263"
  28      B0008501 
  28      16D201B3 
  29              		.text
  30              		.section	.gnu.lto_.inline.b369d47b,"",%progbits
  31 0000 789C458B 		.ascii	"x\234E\213\261\015\2000\014\004\337\316\007B(`\003("
  31      B10D8030 
  31      0C04DFCE 
  31      07422860 
  31      0328
  32 0012 10E33013 		.ascii	"\020\3430\023#PRf\016\246`$l!\310\027\226\375\347#\004"
  32      23505266 
ARM GAS  C:\Users\prana\AppData\Local\Temp\ccSoBIKg.s 			page 2


  32      0EA66024 
  32      6C21C817 
  32      96FDE723 
  33 0027 9E1D3511 		.ascii	"\236\0355\021\350V\021\314\206B\272N\242)\223\202e\242"
  33      E85611CC 
  33      8642BA4E 
  33      A2299382 
  33      65A2
  34 0039 6341BB08 		.ascii	"cA\273\010\264\002\213\242\317\242\030\315\220d\203"
  34      B4028BA2 
  34      CFA218CD 
  34      906483
  35 0048 F9D85EA8 		.ascii	"\371\330^\250\367@W\223\277\005D\232j\347o\022A\255"
  35      F7405793 
  35      BF05449A 
  35      6AE76F12 
  35      41AD
  36 005a B2ED6BF0 		.ascii	"\262\355k\360\000t\\\014$"
  36      00745C0C 
  36      24
  37              		.text
  38              		.section	.gnu.lto_.pureconst.b369d47b,"",%progbits
  39 0000 789C6361 		.ascii	"x\234ca`d\340f```e\220b\224b\222b\226ba\000\000\003"
  39      6064E066 
  39      60606065 
  39      90629462 
  39      92629662 
  40 0018 E40088   		.ascii	"\344\000\210"
  41              		.text
  42              		.section	.gnu.lto_PDSS_PORT0_BCH_CLK_StartEx.b369d47b,"",%progbits
  43 0000 789C5551 		.ascii	"x\234UQMh\023Q\020\236\357\275}\233\325\246\275\013"
  43      4D681351 
  43      109EEFBD 
  43      7D9BD5A6 
  43      BD0B
  44 0012 3DF4560A 		.ascii	"=\364V\012\242\036<y\323\024-(\030\032\217\205P\352"
  44      A21E3C79 
  44      D3142D28 
  44      181A8F85 
  44      50EA
  45 0024 22D5D242 		.ascii	"\"\325\322BQ\257\276$\273\015\212\007E\254P\224\240"
  45      51AFBE24 
  45      BB0D8A07 
  45      45AC5094 
  45      A0
  46 0035 206DD59A 		.ascii	" m\325\232n=\211\2274\242\202`\244\027{\365\007\367"
  46      6E3D8997 
  46      34A28260 
  46      A4177BF5 
  46      07F7
  47 0047 201E128D 		.ascii	" \036\022\215\"\026\2153\331\036\354\300\316\274\031"
  47      22168D33 
  47      D91EECC0 
  47      CEBC19
  48 0056 BE99F9BE 		.ascii	"\276\231\371\276Y\207@b}\212\350\020\307\243\374\301"
  48      59874062 
  48      7D8AE810 
ARM GAS  C:\Users\prana\AppData\Local\Temp\ccSoBIKg.s 			page 3


  48      C7A3FCC1 
  49 0066 25A86B0D 		.ascii	"%\250k\015\242\202\247\240\223\207V\346\352+\"\273\333"
  49      A282A7A0 
  49      938756E6 
  49      EA2B22BB 
  49      DB
  50 0077 095264D3 		.ascii	"\011Rd\323&\251\037v\000\211\326\003]R\3328`O\211\375"
  50      26A91F76 
  50      0089D603 
  50      5D52DA38 
  50      604F89FD 
  51 008b 507F14EA 		.ascii	"P\177\024\352\345\370\251\032Z\264l\357?\337\320v\251"
  51      E5F8A91A 
  51      5AB46CEF 
  51      3FDFD076 
  51      A9
  52 009c 8690011D 		.ascii	"\206\220\001\035\225`\260\210!Fm\004\253\267u[\205\032"
  52      9560B088 
  52      21466D04 
  52      ABB7755B 
  52      851A
  53 00ae 70386DBD 		.ascii	"p8m\275Y\370\324'\251\302\000\247\227\237\377\\w\364"
  53      59F8D427 
  53      A9C200A7 
  53      979FFF5C 
  53      77F4
  54 00c0 7E10BFA3 		.ascii	"~\020\277\243\357\225\270w\360\276\265Ek#\337\356\012"
  54      EF95B877 
  54      F0BEB545 
  54      6B23DFEE 
  54      0A
  55 00d1 B5C60368 		.ascii	"\265\306\003h\236\207e\364c\011\375\304%\302C\014\012"
  55      9E8765F4 
  55      6309FDC4 
  55      25C2430C 
  55      0A
  56 00e2 FC63F4F7 		.ascii	"\374c\364\367f\257\033\310\372\201d)\036\301\025\305"
  56      66AF1BC8 
  56      FA816429 
  56      1EC115C5 
  57 00f2 D5D19AED 		.ascii	"\325\321\232\355tJ\266\026\231\025\355)\356r4;V \275"
  57      744AB616 
  57      9915ED29 
  57      EE72343B 
  57      5620BD
  58 0105 4672571C 		.ascii	"FrW\034Q\223\333XsS)\016\272\305\372X\261\216Q\377}"
  58      5193DB58 
  58      7353290E 
  58      BAC5FA58 
  58      B18E51FF 
  59 011a E5DD0B2D 		.ascii	"\345\335\013-\363JZ\244\316\207\365\267)a\355v\231\336"
  59      F34A5AA4 
  59      CE87F5B7 
  59      2961ED76 
  59      99DE
  60 012c BBBBB569 		.ascii	"\273\273\265i\222\324\332\300\212\256r\270\261\234\256"
  60      92D4DAC0 
ARM GAS  C:\Users\prana\AppData\Local\Temp\ccSoBIKg.s 			page 4


  60      8AAE72B8 
  60      B19CAE
  61 013b E04E21E0 		.ascii	"\340N!\340#\244\360\230\011\2570aB\025\025P\214\342"
  61      23A4F098 
  61      09AF3061 
  61      42151550 
  61      8CE2
  62 014d B7F2D73D 		.ascii	"\267\362\327=\311@\3153\351\003\202F\351\354v\341\377"
  62      C940CD33 
  62      E9038246 
  62      E9EC76E1 
  62      FF
  63 015e 0D068455 		.ascii	"\015\006\204U\351$\241g\210\377\014Z\312\021~1J\315"
  63      E924A167 
  63      88FF0C5A 
  63      CA117E31 
  63      4ACD
  64 0170 B9466C92 		.ascii	"\271Fl\222.S\322\262x\341Y\373u\227\213\007\017\021"
  64      2E53D2B2 
  64      78E159FB 
  64      75978B07 
  64      0F11
  65 0182 3732EAD7 		.ascii	"72\352\327\\;\225\200\004\307\240\353/o\255\245\005"
  65      5C3B9580 
  65      04C7A0EB 
  65      2F6FADA5 
  65      05
  66 0193 E4609DEF 		.ascii	"\344`\235\357\345a\255\013\254\317\267\252#\002\334"
  66      E561AD0B 
  66      ACCFB7AA 
  66      2302DC
  67 01a2 21A0606D 		.ascii	"!\240`m\317N\015OX\003\317\242/(\3266\273\353\267\351"
  67      CF4E0D4F 
  67      5803CFA2 
  67      2F28D636 
  67      BBEBB7E9 
  68 01b6 8169F109 		.ascii	"\201i\361\011\367\036\363\247\375\331\361\363\376\351"
  68      F71EF3A7 
  68      FDD9F1F3 
  68      FEE9
  69 01c4 7C6EE6C2 		.ascii	"|n\346\302\354\204?\226\315\315d\016\216e\207s\271|"
  69      EC843F96 
  69      CDCD640E 
  69      8E658773 
  69      B97C
  70 01d6 F6E4E8A9 		.ascii	"\366\344\350\251\003\371#\231\221|\346\304\361}\023"
  70      03F92399 
  70      917CE6C4 
  70      F17D13
  71 01e5 D4333E35 		.ascii	"\3243>5yf:3unx\362\342?N2\303\367"
  71      79663A33 
  71      756E78F2 
  71      E23F4E32 
  71      C3F7
  72              		.text
  73              		.section	.gnu.lto_PDSS_PORT0_BCH_CLK_Stop.b369d47b,"",%progbits
  74 0000 789C5550 		.ascii	"x\234UP\277K\202Q\024\275\347\275\357S\373\365\007\004"
ARM GAS  C:\Users\prana\AppData\Local\Temp\ccSoBIKg.s 			page 5


  74      BF4B8251 
  74      14BDE7BD 
  74      EF53FBF5 
  74      0704
  75 0012 0EAD4288 		.ascii	"\016\255B\210CCk\031\031\024$\332(H\230KP\202\324\334"
  75      43436B19 
  75      191424DA 
  75      2848984B 
  75      5082D4DC 
  76 0026 33BF0F21 		.ascii	"3\277\017!\032*\250\251\220\"\260\337\321\0304\250K"
  76      1A2AA8A9 
  76      9022B0DF 
  76      D11834A8 
  76      4B
  77 0037 9B5143AE 		.ascii	"\233QC\256\025\344\020B\032\265\024e\367\3615\344\205"
  77      15E41042 
  77      1AB51465 
  77      F7F135E4 
  77      85
  78 0048 7BEF7BF7 		.ascii	"{\357{\367\235w\316\341\032\004\3221\307\315\317}\224"
  78      9D77CEE1 
  78      1A04D231 
  78      C7CDCF7D 
  78      94
  79 0059 132E8258 		.ascii	"\023.\202X\253\020e<\002\3229Ha\256^\023\251N\303r\223"
  79      AB10653C 
  79      02D23948 
  79      61AE5E13 
  79      A94EC372 
  80 006e EA369DF9 		.ascii	"\3526\235\371\220\001\350\256<\240%!M\003\\\311\211"
  80      9001E8AE 
  80      3CA02521 
  80      4D035CC9 
  80      89
  81 007f 0FF12D50 		.ascii	"\017\361-P\316\325.\205\257\2408\036\236_\003\352\240"
  81      CED52E85 
  81      AFA0381E 
  81      9E5F03EA 
  81      A0
  82 0090 089B012D 		.ascii	"\010\233\001-\341`P\200\217\030\366t\361\263\331\343"
  82      E1605080 
  82      8F18F674 
  82      F1B3D9E3 
  83 00a0 B234ACCF 		.ascii	"\2624\254\317y\304\001\\\332\331y\244\250Z\255\254*"
  83      79C4015C 
  83      DAD979A4 
  83      A85AADAC 
  83      2A
  84 00b1 AEBB4BF7 		.ascii	"\256\273K\367nS\220-!\2710\246\301\311f\032Bp\223M\026"
  84      6E53902D 
  84      21B930A6 
  84      C1C9661A 
  84      4270934D 
  85 00c6 662BB286 		.ascii	"f+\262\206\362\347Jm{P\023d\245\366\260e\227o\334\357"
  85      F2E74A6D 
  85      7B501364 
  85      A5F6B065 
ARM GAS  C:\Users\prana\AppData\Local\Temp\ccSoBIKg.s 			page 6


  85      976FDCEF 
  86 00da C296125A 		.ascii	"\302\226\022Zko\367\253j:W\245,e\360(g\337\036v\347"
  86      6B6FF7AB 
  86      6A3A57A5 
  86      2C65F028 
  86      67DF1E76 
  87 00ef B193B1D8 		.ascii	"\261\223\261\330\235\201#xq\010/\2338F\036T\303\362"
  87      9D812378 
  87      71082F9B 
  87      38461E54 
  87      C3F2
  88 0101 5BAEDEEB 		.ascii	"[\256\336\353\020J\346\244GX\225\354\354\337\340\277"
  88      104AE6A4 
  88      475895EC 
  88      ECDFE0BF 
  89 0111 8200E144 		.ascii	"\202\000\341D\377$m\317$^\031\232\302\320\376\330\327"
  89      FF246DCF 
  89      245E199A 
  89      C2D0FED8 
  89      D7
  90 0122 7BA39EE9 		.ascii	"{\243\236\351\320\277\332$3Ju\265\253\236\262*C\356"
  90      D0BFDA24 
  90      334A75B5 
  90      AB9EB22A 
  90      43EE
  91 0134 AE36F63D 		.ascii	"\2566\366=\232\025(\361b\014\234\361\353\013\226\213"
  91      9A1528F1 
  91      620C9CF1 
  91      EB0B968B 
  92 0144 D59026F9 		.ascii	"\325\220&\371\023\001\223\363\"\372C\311\371dzz!9\023"
  92      130193F3 
  92      22FA43C9 
  92      F9647A7A 
  92      213913
  93 0157 8FA616D3 		.ascii	"\217\246\026\323\211d,\034M\005\007b\341\221h4\036\236"
  93      89642C1C 
  93      4D050762 
  93      E1916834 
  93      1E9E
  94 0169 8C4C05E2 		.ascii	"\214L\005\342\303\301\261xpb\334\237\240_NZ\217\254"
  94      C3C1B178 
  94      7062DC9F 
  94      A05F4E5A 
  94      8FAC
  95              		.text
  96              		.section	.gnu.lto_PDSS_PORT0_BCH_CLK_SetFractionalDividerRegister.b369d47b,"",%progbits
  97 0000 789C6D52 		.ascii	"x\234mRKH\224Q\024\276\347\336y\374\363pt\033\271p#"
  97      4B489451 
  97      14BEE7DE 
  97      79FCF370 
  97      741BB970 
  98 0015 224419B5 		.ascii	"\"D\031\265\210\026-RJ*P\234p%\014\3038\204h\012\223"
  98      88162D52 
  98      4A2A509C 
  98      70250CC3 
  98      3884680A 
  99 002a B6F5CEE3 		.ascii	"\266\365\316\343\037c \224\250(I\\\230\371\314\231\311"
ARM GAS  C:\Users\prana\AppData\Local\Temp\ccSoBIKg.s 			page 7


  99      1F632094 
  99      A828495C 
  99      98F9CC99 
  99      C9
 100 003b 5EA6E034 		.ascii	"^\246\3404d\013)\243\350\261\22301\212\250Q,\303\306"
 100      640B29A3 
 100      E8B19330 
 100      318AA851 
 100      2CC3C6
 101 004e A673FE3B 		.ascii	"\246s\376;\026B\027\346>\316|\337w\316\371\316ob\300"
 101      164217E6 
 101      3ECE7CDF 
 101      77CEF9CE 
 101      6F62C0
 102 0061 687508C6 		.ascii	"hu\010\306\352\361\334\215?\020\014x\317\002cA\215\003"
 102      EAF1DC8D 
 102      3F100C78 
 102      CF026341 
 102      8D03
 103 0073 D0456AC0 		.ascii	"\320Ej\300:9t\302w\276\305!\335\2652\305\313\207$\256"
 103      3A3974C2 
 103      77BEC521 
 103      DDB532C5 
 103      CB8724AE 
 104 0087 F77303FB 		.ascii	"\367s\003\373\345p\012t\244\347\270\241\304`\010\312"
 104      E5700A74 
 104      A4E7B8A1 
 104      C46008CA 
 105 0097 113597DB 		.ascii	"\0215\227\333H\025\256s]\000\020\351U\346Y\237\203\236"
 105      4815AE73 
 105      5D0010E9 
 105      55E6599F 
 105      839E
 106 00a9 1C8AF019 		.ascii	"\034\212\360\031]{\267\354\024\373\200\341},1\033+,"
 106      5D7BB7EC 
 106      14FB80E1 
 106      7D2C311B 
 106      2B2C
 107 00bb 1B943224 		.ascii	"\033\2242$\345/\2574\353B\300(\010\324\203\021(\206"
 107      E52FAF34 
 107      EB42C028 
 107      08D48311 
 107      2886
 108 00cd 61286618 		.ascii	"a(f\030b0\006e\210\356J\336\272\344\022\207\015\346"
 108      62300665 
 108      88EE4ADE 
 108      BAE41287 
 108      0DE6
 109 00df E085CD71 		.ascii	"\340\205\315q\3103g\237:d\205.L0\256\250\007\212\241"
 109      C833679F 
 109      3A64852E 
 109      4C30AEA8 
 109      078AA1
 110 00f2 82882606 		.ascii	"\202\210&\006\267\241\214\320/#\211\033BUd\302\347\352"
 110      B7A18CD0 
 110      2F23891B 
 110      425564C2 
ARM GAS  C:\Users\prana\AppData\Local\Temp\ccSoBIKg.s 			page 8


 110      E7EA
 111 0104 F3DE0F2E 		.ascii	"\363\336\017.UQ\011>\277~\\\354.\020\325\206\356\267"
 111      5551093E 
 111      BF7E5CEC 
 111      2E10D586 
 111      EEB7
 112 0116 6BB2A874 		.ascii	"k\262\250t\200dS\2231\327u\231\212\224\350\302\014\011"
 112      80645393 
 112      31D77599 
 112      8A94E8C2 
 112      0C09
 113 0128 A51CC7A2 		.ascii	"\245\034\307\242&\260(Z\010\216\317$\336pQc\020'.&'"
 113      26B0285A 
 113      088ECF24 
 113      DE705163 
 113      10272E26 
 114 013d 2C796662 		.ascii	",yfb\336){\202\032\021\357\374\227\270\224\374}\245"
 114      DE297B82 
 114      1A11EFFC 
 114      97B894FC 
 114      7DA5
 115 014f C012211F 		.ascii	"\300\022!\037K`\022J!\011\245\312E\270\013\026\234\013"
 115      4B60124A 
 115      2109A5CA 
 115      45B80B16 
 115      9C0B
 116 0161 DF8EC6EB 		.ascii	"\337\216\306\353R2\227\013\313T\277\375q\326\356\342"
 116      5232970B 
 116      CB54BFFD 
 116      71D6EEE2 
 117 0171 D896050D 		.ascii	"\330\226\005\015\301\177M@\266\230)`\241\315J\233\006"
 117      C17F4D40 
 117      B6982960 
 117      A1CD4A9B 
 117      06
 118 0182 D4B28DAE 		.ascii	"\324\262\215\256v\332\034\2649\231\241\3172\230\200"
 118      76DA1CB4 
 118      3999A1CF 
 118      329880
 119 0191 66BACA39 		.ascii	"f\272\3129\235b\005\322\233\261\037#G(gX\320\250\256"
 119      9D6205D2 
 119      9BB11F23 
 119      47286758 
 119      D0A8AE
 120 01a4 EAE91756 		.ascii	"\352\351\027V2\306j\364t\363Iw\334\245\236\221hD\222"
 120      32C66AF4 
 120      74F34977 
 120      DCA59E91 
 120      684492
 121 01b7 757D9F2E 		.ascii	"u}\237.\353\366~\350\013Fp\362\032\334\307\276\356Q"
 121      EBF67EE8 
 121      0B4670F2 
 121      1ADCC7BE 
 121      EE51
 122 01c9 5FF000FA 		.ascii	"_\360\000\372\201\255@8\033\375\002JP(\315\365\230\276"
 122      81AD4038 
 122      1BFD024A 
ARM GAS  C:\Users\prana\AppData\Local\Temp\ccSoBIKg.s 			page 9


 122      5028CDF5 
 122      98BE
 123 01db 61786F01 		.ascii	"axo\001+<D\354\022p\243K\354\001A\310\011\255u\275\035"
 123      2B3C44EC 
 123      1270A34B 
 123      EC0141C8 
 123      09AD75BD 
 124 01f0 AD572473 		.ascii	"\255W$s\030\307\2062\231\350\362.\025\241 \312\364N"
 124      18C78632 
 124      99E8F22E 
 124      15A120CA 
 124      F44E
 125 0202 AFCF9B49 		.ascii	"\257\317\233I\306\006\032L\241\014\202~F\027F\033\024"
 125      C6061A4C 
 125      A10C827E 
 125      4617461B 
 125      14
 126 0213 CA6AE4B3 		.ascii	"\312j\344\263(\265\305m5[XhJ\355u\276(;\006\351C^K\014"
 126      28B5C56D 
 126      355B5868 
 126      4AED75BE 
 126      283B06E9 
 127 022b 39959A80 		.ascii	"9\225\232\200GJ-\033\315\346S:\020G\343\325\227G4Uy"
 127      474A2D1B 
 127      CDE6533A 
 127      1047E3D5 
 127      97473455 
 128 0240 0E60FA5F 		.ascii	"\016`\372_\316C\012\3464\322:\3766\224\244\206\234\010"
 128      CE430AE6 
 128      34D23AFE 
 128      3694A486 
 128      9C08
 129 0252 4A5F5D5D 		.ascii	"J_]]\014\331(\266\303\261\240\224\216\235\246\315\240"
 129      0CD928B6 
 129      C3B1A094 
 129      8E9DA6CD 
 129      A0
 130 0263 6944F90C 		.ascii	"iD\371\014\241\324\326\011\"\030_H\206\003\015\010\307"
 130      A1D4D609 
 130      22185F48 
 130      86030D08 
 130      C7
 131 0274 B5E7B8BF 		.ascii	"\265\347\270\277\325\037\360\266\373\033=\356\266\216"
 131      D51FF0B6 
 131      FB1B3DEE 
 131      B68E
 132 0282 80CFDF50 		.ascii	"\200\317\337P\353n\253<\330P[\345v{jk\352NWx\216VV{"
 132      EB6EAB3C 
 132      D8505BE5 
 132      767B6A6B 
 132      EA4E5778 
 133 029a 2A4F9DDC 		.ascii	"*O\235\334\353cv_KsU\323\371\246F\177\240\000\257\307"
 133      EB63765F 
 133      4B7355D3 
 133      F9A6467F 
 133      A000AFC7 
 134 02ae 025E5F7B 		.ascii	"\002^_{S[\253\267\305\022\360\237\251\367\266X\317z"
ARM GAS  C:\Users\prana\AppData\Local\Temp\ccSoBIKg.s 			page 10


 134      535BABB7 
 134      C512F09F 
 134      A9F7B658 
 134      CF7A
 135 02c0 CF35E3F9 		.ascii	"\3175\343\371\007t\2068\273"
 135      07748638 
 135      BB
 136              		.text
 137              		.section	.gnu.lto_PDSS_PORT0_BCH_CLK_GetDividerRegister.b369d47b,"",%progbits
 138 0000 789C2D90 		.ascii	"x\234-\220\317K\002A\024\307\347;\263\332\222\364\343"
 138      CF4B0241 
 138      14C7E73B 
 138      B3DA92F4 
 138      E3
 139 0011 9E878E09 		.ascii	"\236\207\216\011!\035\352\017(\243\202\202\304\355("
 139      211DEA0F 
 139      28A38282 
 139      C4ED28
 140 0020 2C617B4D 		.ascii	",a{M\220:;\266;\005]\352P\035\002\361\"XVJ\327\272\230"
 140      903A3BB6 
 140      3B055DEA 
 140      501D02F1 
 140      2258564A 
 141 0037 D425A2A0 		.ascii	"\324%\242\240 :F\204P'\023#\010j\233\207\015\274y\363"
 141      203A4684 
 141      50271323 
 141      086A9B87 
 141      0DBC79F3 
 142 004b 9DF9BEF7 		.ascii	"\235\371\276\367>\214\301\300h\215\351\024\325y@\007"
 142      3E8CC1C0 
 142      688DE914 
 142      D5794007 
 143 005b 0403DFBE 		.ascii	"\004\003\337\276e,gr\200\016\322\004\313rd\361\311\177"
 143      652C6772 
 143      800ED204 
 143      CB7264F1 
 143      C97F
 144 006d 38AEFCAF 		.ascii	"8\256\374\257Z_\233+\262iy\337\274\311\207H\002\375"
 144      5A5F9B2B 
 144      B26979DF 
 144      BCC98748 
 144      02FD
 145 007f 5A968BD5 		.ascii	"Z\226\213\325\226\031)I\271&\237\325\331x\316UCJp\346"
 145      96192949 
 145      B9269FD5 
 145      D978CE55 
 145      434A70E6 
 146 0093 73860384 		.ascii	"s\206\003\204QB\230F\034\"\302\264\371\345\364w\267"
 146      51429846 
 146      1C22C2B4 
 146      F9E5F477 
 146      B7
 147 00a4 27E849BD 		.ascii	"'\350I\275\006\311\242_\312\010\022R5Q\223\276\357\312"
 147      06C9A25F 
 147      CA081252 
 147      355193BE 
 147      EFCA
ARM GAS  C:\Users\prana\AppData\Local\Temp\ccSoBIKg.s 			page 11


 148 00b6 DA43E8E2 		.ascii	"\332C\350\342)\024\000SB\010\332\014F\355XS\007\241"
 148      29140053 
 148      4208DA0C 
 148      46ED5853 
 148      07A1
 149 00c8 7D704E59 		.ascii	"}pNY4P\377\336|\254$\251\336\025B\367\336S\365\273."
 149      3450FFDE 
 149      7CAC24A9 
 149      DE1542F7 
 149      DE53F5BB 
 150 00dd E23240A3 		.ascii	"\3422@\243\212\227[\325\336\216\364\326=i\350\253\374"
 150      8A975BD5 
 150      DE8EF4D6 
 150      3D69E8AB 
 150      FC
 151 00ee DB8EEA2E 		.ascii	"\333\216\352. \237\363\240D\000\307\032\357\210\360"
 151      209FF3A0 
 151      4400C71A 
 151      EF88F0
 152 00fd 70820258 		.ascii	"p\202\002X\003nk\212\271\002\235v\373\347\355\353\000"
 152      036E6B8A 
 152      B9029D76 
 152      FBE7EDEB 
 152      00
 153 010e D50761A2 		.ascii	"\325\007a\242\242m\015\254\2656^\321\031hh\037{\007"
 153      A26D0DAC 
 153      B5365ED1 
 153      1968681F 
 153      7B07
 154 0120 FF57F4A5 		.ascii	"\377W\364\245M\016\"\323\234\303\323\316\262\223Y\\"
 154      4D0E22D3 
 154      9CC3D3CE 
 154      B293595C 
 155 0130 71966C2B 		.ascii	"q\226l+\275\232I9\311\270\225\216\215&\343\223\226e"
 155      BD9A4939 
 155      C9B8958E 
 155      8D26E393 
 155      9665
 156 0142 C7E7130B 		.ascii	"\307\347\023\013#\366Dl\306\216\315\315FS\354\017\251"
 156      23F6446C 
 156      C68ECDCD 
 156      4653EC0F 
 156      A9
 157 0153 6C776F   		.ascii	"lwo"
 158              		.text
 159              		.section	.gnu.lto_PDSS_PORT0_BCH_CLK_GetFractionalDividerRegister.b369d47b,"",%progbits
 160 0000 789C6361 		.ascii	"x\234ca`d\000\201i@\254\007\304\322@\314\310\314\300"
 160      60640081 
 160      6940AC07 
 160      C4D240CC 
 160      C8CCC0
 161 0013 C834E11C 		.ascii	"\3104\341\034\003C#\007\023##\210\321\300\301\310P\317"
 161      03432307 
 161      13232388 
 161      D1C0C1C8 
 161      50CF
 162 0025 C458CFF8 		.ascii	"\304X\317\370\225\351/\023\343\351\357'z\2704\22774"
ARM GAS  C:\Users\prana\AppData\Local\Temp\ccSoBIKg.s 			page 12


 162      95E92F13 
 162      E3E9EF27 
 162      7AB83497 
 162      3734
 163 0037 34353C38 		.ascii	"45<8\372\330r\372\212\003\214\255\314\014\014\377\231"
 163      FAD872FA 
 163      8A038CAD 
 163      CC0C0CFF 
 163      99
 164 0048 18188D65 		.ascii	"\030\030\215e\030\015d@F,g\324d\000*}\264\361\337T^"
 164      180D6440 
 164      462C67D4 
 164      64002A7D 
 164      B4F1DF54 
 165 005d B6960620 		.ascii	"\266\226\006 P\000)\000\312\254`d\003Y\271>\350@\303"
 165      50002900 
 165      CAAC6064 
 165      0359B93E 
 165      E840C3
 166 0070 FFFFCD0D 		.ascii	"\377\377\315\015\007\346\363\035\334\307\007\224\371"
 166      07E6F31D 
 166      DCC70794 
 166      F9
 167 007d 00C420BB 		.ascii	"\000\304 \273>21\201h\346W\214M\007v\367\361\201\324"
 167      3E323181 
 167      68E6578C 
 167      4D0776F7 
 167      F181D4
 168 0090 030D9AD6 		.ascii	"\003\015\232\326z\350<\373\027&\240=\214\014\214+\031"
 168      7AE83CFB 
 168      1726A03D 
 168      8C0C8C2B 
 168      19
 169 00a1 41760075 		.ascii	"Av\000u0\202T\002\365\351\270\247\346\245\026%\226\244"
 169      30825402 
 169      F5E9B8A7 
 169      E6A51625 
 169      96A4
 170 00b3 A6C407E7 		.ascii	"\246\304\007\347\227\026%\247\306\004\004\347;\233\304"
 170      971625A7 
 170      C60404E7 
 170      3B9BC4
 171 00c2 04B80407 		.ascii	"\004\270\004\007\307\007\370\007\205\030\304;9{\304"
 171      C707F807 
 171      8518C43B 
 171      397BC4
 172 00d1 3BFB78EB 		.ascii	";\373x\353%3\000\000\021kF%"
 172      25330000 
 172      116B4625 
 173              		.text
 174              		.section	.gnu.lto_.symbol_nodes.b369d47b,"",%progbits
 175 0000 789C6361 		.ascii	"x\234ca`d\010g\000\002&\206z\006\206\011\347\030@\324"
 175      60640867 
 175      00022686 
 175      7A068609 
 175      E71840D4 
 176 0014 AE0645A0 		.ascii	"\256\006E\240\000c=#\252\000S=\023\252\000s=3\252\000"
ARM GAS  C:\Users\prana\AppData\Local\Temp\ccSoBIKg.s 			page 13


 176      00633D23 
 176      AA00533D 
 176      13AA0073 
 176      3D33AA00 
 177 0028 4B3D0B8A 		.ascii	"K=\013\212\000\003\000U/\023\016"
 177      00030055 
 177      2F130E
 178              		.text
 179              		.section	.gnu.lto_.refs.b369d47b,"",%progbits
 180 0000 789C6361 		.ascii	"x\234ca`\004B \000\000\0009\000\007"
 180      60044220 
 180      00000039 
 180      0007
 181              		.text
 182              		.section	.gnu.lto_.decls.b369d47b,"",%progbits
 183 0000 789C8D54 		.ascii	"x\234\215T}LSW\024\277\347\275R\345Q\300\020\263\021"
 183      7D4C5357 
 183      14BFE7BD 
 183      52E551C0 
 183      10B311
 184 0013 D32CCC64 		.ascii	"\323,\314d\205?\014\212,\313\3761Y\006\263&[\006\261"
 184      853F0C8A 
 184      2CCBFE31 
 184      5906B326 
 184      5B06B1
 185 0026 1B7F9934 		.ascii	"\033\177\2314\210/\254\211\001S\3532\223%\273\031s\303"
 185      882FAC89 
 185      0153EB32 
 185      9325BB19 
 185      73C3
 186 0038 B164349B 		.ascii	"\261d4\233n\020\330\300F-\202\026\021\004t\253\365\003"
 186      6E10D8C0 
 186      462D8216 
 186      110474AB 
 186      F503
 187 004a 5A2B757C 		.ascii	"Z+u|\330e\223 Lf2\243Y\272\215\314\201\321\356\334\373"
 187      D8659320 
 187      4C6632A3 
 187      59BA8DCC 
 187      81D1EEDC 
 188 005f 5EFB5A78 		.ascii	"^\373Zx,\273y\347\275{\317;\347\374~\347#\327@\200\260"
 188      2CBB79E7 
 188      BD7BCF3B 
 188      E7FC7EE7 
 188      23D74080 
 189 0074 556B2464 		.ascii	"Uk$d\023n\367\242\304q\341\221T\021me\240\014\240\014"
 189      136EF7A2 
 189      C471E191 
 189      54116D65 
 189      A00CA00C 
 190 0088 A10451C2 		.ascii	"\241\004Q\302(\021\262r1\233L\3257\017e=\212\017\245"
 190      2811B272 
 190      319B4CD5 
 190      370F653D 
 190      8A0FA5
 191 009b 10651C25 		.ascii	"\020e\034%\212r\013\245B\265\007\325g\371\032R1\253"
 191      8A720BA5 
ARM GAS  C:\Users\prana\AppData\Local\Temp\ccSoBIKg.s 			page 14


 191      42B507D5 
 191      67F91A52 
 191      31AB
 192 00ad 747C137E 		.ascii	"t|\023~C:~\214\233\264\014\377*\212?\205\207\036\207"
 192      433A7E8C 
 192      9BB40CFF 
 192      2A8A3F85 
 192      871E87
 193 00c0 A04E2C96 		.ascii	"\240N,\226\343\232eqV\363\017\353\370G\324\177\376\024"
 193      E39A6571 
 193      56F30FEB 
 193      F847D47F 
 193      FE14
 194 00d2 3BBD9A3D 		.ascii	";\275\232=\021 \336~\306\2339\015?\203\000jC\010\200"
 194      1120DE7E 
 194      C69B390D 
 194      3F83006A 
 194      430880
 195 00e5 F2062E44 		.ascii	"\362\006.D\021~\304\215\300\337$\251J~\010{\023\305"
 195      117EC48D 
 195      C0DF24A9 
 195      4A7E087B 
 195      13C5
 196 00f7 9EEBB460 		.ascii	"\236\353\264`\374I|\343\211\305\203h\321Au\202$\003"
 196      FC497CE3 
 196      89C58368 
 196      D1417582 
 196      2403
 197 0109 C54BF92F 		.ascii	"\305K\371/\250fD\011.h\016)\361\024\272)\234 ='H$\375"
 197      A8664409 
 197      2E680E29 
 197      F114BA29 
 197      9C203D27 
 198 0120 F917A148 		.ascii	"\371\027\241H\216\2101q?\273\350\335^\334Cq5S*l\323"
 198      8E883171 
 198      3FBBE8DD 
 198      5EDC4371 
 198      35532A6C 
 199 0135 2A3313EA 		.ascii	"*3\023\352\352\026\027\004(\224\200\205\317E\225\357"
 199      EA161704 
 199      28948085 
 199      CF4595EF 
 200 0145 E1F062B6 		.ascii	"\341\360b\266\242b\026\341\331{\177f\212\026\276\237"
 200      A26216E1 
 200      D97B7F66 
 200      8A16BE9F 
 201 0155 F8A8B78D 		.ascii	"\370\250\267\215Y\347I`\300\343\037\221\326\371\034"
 201      59E74960 
 201      C0E31F91 
 201      D6F91C
 202 0164 3CAE97A0 		.ascii	"<\256\227\240\340\211 L\266<\2345\202T\324H\351\207"
 202      E089204C 
 202      B63C9C35 
 202      8254D448 
 202      E987
 203 0176 B4B981E6 		.ascii	"\264\271\201\346\355 p\006\314p\032\314\004z\241\210"
 203      ED207006 
ARM GAS  C:\Users\prana\AppData\Local\Temp\ccSoBIKg.s 			page 15


 203      CC701ACC 
 203      047AA188 
 204 0186 45EC8262 		.ascii	"E\354\202b\002\335\250<\205\312\023\214\320\334\305"
 204      02DDA83C 
 204      85CA138C 
 204      D0DCC5
 205 0195 B3DB8629 		.ascii	"\263\333\206)]\007>\220\240\007Dn\202i\024Jj\357\346"
 205      5D073E90 
 205      A007446E 
 205      8269144A 
 205      6AEFE6
 206 01a8 FA9B0583 		.ascii	"\372\233\005\203\200\032f\260\333\300t#\361G\201\\\205"
 206      801A66B0 
 206      DBC07423 
 206      F147815C 
 206      85
 207 01b9 8780C7C9 		.ascii	"\207\200\307\311\330X{\226\302c\035\036\243m\261\251"
 207      D8587B96 
 207      C2631D1E 
 207      A36DB1A9 
 208 01c9 ACFCA32C 		.ascii	"\254\374\243,8m\240\005\002T=\003\347\020\262\017!\011"
 208      386DA005 
 208      02543D03 
 208      E710B20F 
 208      2109
 209 01db F4433EBE 		.ascii	"\364C>\276\317\202A\011\177\267s\244\333\264\261\203"
 209      CF824109 
 209      7FB773A4 
 209      DBB4B183 
 210 01eb 76F4D2B9 		.ascii	"v\364\322\271K\243\205G\033\250\027\335\012\230\031"
 210      4BA38547 
 210      1BA817DD 
 210      0A9819
 211 01fa 783536B8 		.ascii	"x56\270e\237\2230\215\325\036\200\215\350\331\341\031"
 211      659F9330 
 211      8DD51E80 
 211      8DE8D9E1 
 211      19
 212 020b 983189EF 		.ascii	"\2301\211\357\363\302<\360\267\304\263W\205\034\344"
 212      F3C23CF0 
 212      B7C4B357 
 212      851CE4
 213 021a 90BB55C4 		.ascii	"\220\273U\304\373}GT\300\300\323Q\023\035G\227W\230"
 213      FB7D4754 
 213      C0C0D351 
 213      131D4797 
 213      5798
 214 022c 099CD7E0 		.ascii	"\011\234\327\340\316\247\302\015q8\217\347\362\022\210"
 214      CEA7C20D 
 214      71388FE7 
 214      F21288
 215 023b 5F02C7F3 		.ascii	"_\002\307\363\035\372\265k-fl\306\266AJ\317\314J\317"
 215      1DFAB56B 
 215      2D666CC6 
 215      B6414ACF 
 215      CC4ACF
 216 024e 5ADCF34F 		.ascii	"Z\334\363O\263\304k\334V\230\232\357\276o\200\"I\255"
ARM GAS  C:\Users\prana\AppData\Local\Temp\ccSoBIKg.s 			page 16


 216      B3C46BDC 
 216      56989AEF 
 216      BE6F8022 
 216      49AD
 217 0260 7697526D 		.ascii	"v\227Rm?\026\363;\015\320\314\252\315\033\027;F\215"
 217      3F16F33B 
 217      0DD0CCAA 
 217      CD1B173B 
 217      468D
 218 0272 F9044ACD 		.ascii	"\371\004J\315\260\005\333\366=\266\315\254\266\355\""
 218      B005DBF6 
 218      3DB6CDAC 
 218      B6ED22
 219 0281 26740113 		.ascii	"&t\001\023B\200{_}\373\300\310\233\342O6\345\370\322"
 219      42807B5F 
 219      7DFBC0C8 
 219      9BE24F36 
 219      E5F8D2
 220 0294 E3181B0E 		.ascii	"\343\030\033\016\013\033%1\205\224E!\345\355\034='\211"
 220      0B1B2531 
 220      85944521 
 220      E5ED1C3D 
 220      2789
 221 02a6 6185D4EF 		.ascii	"a\205\324\357\375\301\237\262\023\263\202%\223\212H"
 221      FDC19FB2 
 221      13B38225 
 221      938A48
 222 02b5 B260700D 		.ascii	"\262`p\015A-*\350eT\006\022\263\022\370\3619*\300U\204"
 222      412D2AE8 
 222      65540612 
 222      B312F8F1 
 222      392AC055 
 223 02ca BCA251B7 		.ascii	"\274\242Q\267\250\20326\036\367\2328'fp\0118\251\337"
 223      A8833236 
 223      1EF79A38 
 223      27667009 
 223      38A9DF
 224 02dd 96960CAB 		.ascii	"\226\226\014\253\366e\224\367e$1\012!\367\344\202\230"
 224      F66594F7 
 224      6524310A 
 224      21F7E482 
 224      98
 225 02ee 18858FAD 		.ascii	"\030\205\217\255w\373(=\204~\006f\007\303\032\340pj"
 225      77FB283D 
 225      847E0666 
 225      07C31AE0 
 225      706A
 226 0300 7382BC39 		.ascii	"s\202\2749\307?\271\335i\022'\224\346,\\\351\371+\015"
 226      C73FB9DD 
 226      69122794 
 226      E62C5CE9 
 226      F92B0D
 227 0313 94F1D150 		.ascii	"\224\361\321P\257\247MCt\372\316tb\034&\232L-4\200\365"
 227      AFA74D43 
 227      74FACE74 
 227      621C269A 
 227      4C2D3480 
ARM GAS  C:\Users\prana\AppData\Local\Temp\ccSoBIKg.s 			page 17


 228 0328 C024D10A 		.ascii	"\300$\321\012B\032f(\0253\3141g|\337\320\\\361\221\202"
 228      421A6628 
 228      1533CC31 
 228      677CDFD0 
 228      5CF19182 
 229 033c D9DEEC39 		.ascii	"\331\336\3549\2256\363\3764\314\2614\314\326\246\340"
 229      9536F3FE 
 229      34CCB134 
 229      CCD6A6E0 
 230 034c 603662F6 		.ascii	"`6b\366\"f\373M1\211\211VpC\303\274\221\212\031a\230"
 230      2266FB4D 
 230      31898956 
 230      7043C3BC 
 230      918A1961 
 231 0361 A2E7F4E3 		.ascii	"\242\347\364\343\0239\030\225=R+\305\356\305\342\361"
 231      13391895 
 231      3D522BC5 
 231      EEC5E2F1 
 232 0371 0FE2F135 		.ascii	"\017\342\36150\016\022\341\012\352>V\336\350\336\300"
 232      300E12E1 
 232      0AEA3E56 
 232      DEE8DEC0 
 233 0381 158DFCC6 		.ascii	"\025\215\374\306I\277\011\010\377C\340\007<\337d\335"
 233      49BF0908 
 233      FF43E007 
 233      3CDF64DD 
 234 0391 C623723A 		.ascii	"\306#r:\374\313\221\333\031R#c\377\177\256\016\364\270"
 234      FCCB91DB 
 234      19522363 
 234      FF7FAE0E 
 234      F4B8
 235 03a3 7087B665 		.ascii	"p\207\266e\210'\371\005'D\233\006\277\026\265!_\254"
 235      8827F905 
 235      27449B06 
 235      BF16B521 
 235      5FAC
 236 03b5 701F6619 		.ascii	"p\037f\031\335\302*Lj\031M\200:\346+A\246\364A\376\376"
 236      DDC22A4C 
 236      6A194D80 
 236      3AE62B41 
 236      A6F441FE 
 237 03ca E7FA6726 		.ascii	"\347\372g&\323\247\311\033\215G\324R\211\202\211_\274"
 237      D3A7C91B 
 237      8D47D452 
 237      8982895F 
 237      BC
 238 03db ECBBA1B2 		.ascii	"\354\273\241\262\334f\263WV\354|k\213\375\325\262\035"
 238      DC66B357 
 238      56EC7C6B 
 238      8BFDD5B2 
 238      1D
 239 03ec F6B2375E 		.ascii	"\366\2627^\267\333\\\325N\327k\357\255\265\276\371v"
 239      B7DB5CD5 
 239      4ED76BEF 
 239      ADB5BEF9 
 239      76
 240 03fd 41594909 		.ascii	"AYI\0111\036p\324\271J\267>o\225\353dg\265K\336c\267"
ARM GAS  C:\Users\prana\AppData\Local\Temp\ccSoBIKg.s 			page 18


 240      311E70D4 
 240      B94AB73E 
 240      6F95EB64 
 240      67B54BDE 
 241 0413 D51F70D6 		.ascii	"\325\037p\326\310\273*m\365e/n\2569\350:\270O\336_\374"
 241      C8BB2A6D 
 241      F5652F6E 
 241      AE39E83A 
 241      B84FDE5F 
 242 0428 0ED9A46F 		.ascii	"\016\331\244o\261k%Fq\015yV\027\271~\337f=\275\354\332"
 242      B16B2546 
 242      710D7956 
 242      17B97EDF 
 242      663DBDEC 
 243 043d EEACAE71 		.ascii	"\356\254\256q9\352\353\252\367\226;\336u\354\221\235"
 243      39EAEBAA 
 243      F7963BDE 
 243      75EC919D 
 244 044d 3BE55AC7 		.ascii	";\345Z\307~\227\354\314`\354^\346\034K^zA\307\331*\273"
 244      7E97ECCC 
 244      60EC5EE6 
 244      1C4B5E7A 
 244      41C7D92A 
 245 0462 96B9E841 		.ascii	"\226\271\350AX\377\013\302)\327\226n\375\027c4I\374"
 245      58FF0BC2 
 245      29D7966E 
 245      FD176334 
 245      49FC
 246              		.text
 247              		.section	.gnu.lto_.symtab.b369d47b,"",%progbits
 248 0000 50445353 		.ascii	"PDSS_PORT0_BCH_CLK_StartEx\000"
 248      5F504F52 
 248      54305F42 
 248      43485F43 
 248      4C4B5F53 
 249 001b 00       		.ascii	"\000"
 250 001c 00       		.ascii	"\000"
 251 001d 00       		.ascii	"\000"
 252 001e 00000000 		.ascii	"\000\000\000\000\000\000\000\000"
 252      00000000 
 253 0026 B5000000 		.ascii	"\265\000\000\000"
 254 002a 50445353 		.ascii	"PDSS_PORT0_BCH_CLK_Stop\000"
 254      5F504F52 
 254      54305F42 
 254      43485F43 
 254      4C4B5F53 
 255 0042 00       		.ascii	"\000"
 256 0043 00       		.ascii	"\000"
 257 0044 00       		.ascii	"\000"
 258 0045 00000000 		.ascii	"\000\000\000\000\000\000\000\000"
 258      00000000 
 259 004d B8000000 		.ascii	"\270\000\000\000"
 260 0051 50445353 		.ascii	"PDSS_PORT0_BCH_CLK_SetFractionalDividerRegister\000"
 260      5F504F52 
 260      54305F42 
 260      43485F43 
 260      4C4B5F53 
ARM GAS  C:\Users\prana\AppData\Local\Temp\ccSoBIKg.s 			page 19


 261 0081 00       		.ascii	"\000"
 262 0082 00       		.ascii	"\000"
 263 0083 00       		.ascii	"\000"
 264 0084 00000000 		.ascii	"\000\000\000\000\000\000\000\000"
 264      00000000 
 265 008c C7000000 		.ascii	"\307\000\000\000"
 266 0090 50445353 		.ascii	"PDSS_PORT0_BCH_CLK_GetDividerRegister\000"
 266      5F504F52 
 266      54305F42 
 266      43485F43 
 266      4C4B5F47 
 267 00b6 00       		.ascii	"\000"
 268 00b7 00       		.ascii	"\000"
 269 00b8 00       		.ascii	"\000"
 270 00b9 00000000 		.ascii	"\000\000\000\000\000\000\000\000"
 270      00000000 
 271 00c1 CA000000 		.ascii	"\312\000\000\000"
 272 00c5 50445353 		.ascii	"PDSS_PORT0_BCH_CLK_GetFractionalDividerRegister\000"
 272      5F504F52 
 272      54305F42 
 272      43485F43 
 272      4C4B5F47 
 273 00f5 00       		.ascii	"\000"
 274 00f6 00       		.ascii	"\000"
 275 00f7 00       		.ascii	"\000"
 276 00f8 00000000 		.ascii	"\000\000\000\000\000\000\000\000"
 276      00000000 
 277 0100 CD000000 		.ascii	"\315\000\000\000"
 278              		.text
 279              		.section	.gnu.lto_.opts,"",%progbits
 280 0000 272D666D 		.ascii	"'-fmath-errno' '-fsigned-zeros' '-ftrapping-math' '"
 280      6174682D 
 280      6572726E 
 280      6F272027 
 280      2D667369 
 281 0033 2D666E6F 		.ascii	"-fno-trapv' '-fno-openmp' '-fno-openacc' '-mcpu=cor"
 281      2D747261 
 281      70762720 
 281      272D666E 
 281      6F2D6F70 
 282 0066 7465782D 		.ascii	"tex-m0' '-mthumb' '-g' '-Os' '-Werror' '-ffunction-"
 282      6D302720 
 282      272D6D74 
 282      68756D62 
 282      2720272D 
 283 0099 73656374 		.ascii	"sections' '-ffat-lto-objects' '-finline-functions' "
 283      696F6E73 
 283      2720272D 
 283      66666174 
 283      2D6C746F 
 284 00cc 272D666C 		.ascii	"'-flto' '-fno-strict-aliasing'\000"
 284      746F2720 
 284      272D666E 
 284      6F2D7374 
 284      72696374 
 285              		.text
 286              		.cfi_sections	.debug_frame
ARM GAS  C:\Users\prana\AppData\Local\Temp\ccSoBIKg.s 			page 20


 287              		.section	.text.PDSS_PORT0_BCH_CLK_StartEx,"ax",%progbits
 288              		.align	1
 289              		.global	PDSS_PORT0_BCH_CLK_StartEx
 290              		.code	16
 291              		.thumb_func
 292              		.type	PDSS_PORT0_BCH_CLK_StartEx, %function
 293              	PDSS_PORT0_BCH_CLK_StartEx:
 294              	.LFB0:
 295              		.file 1 "Generated_Source\\PSoC4\\PDSS_PORT0_BCH_CLK.c"
   1:Generated_Source\PSoC4/PDSS_PORT0_BCH_CLK.c **** /*******************************************************************************
   2:Generated_Source\PSoC4/PDSS_PORT0_BCH_CLK.c **** * File Name: PDSS_PORT0_BCH_CLK.c
   3:Generated_Source\PSoC4/PDSS_PORT0_BCH_CLK.c **** * Version 2.20
   4:Generated_Source\PSoC4/PDSS_PORT0_BCH_CLK.c **** *
   5:Generated_Source\PSoC4/PDSS_PORT0_BCH_CLK.c **** *  Description:
   6:Generated_Source\PSoC4/PDSS_PORT0_BCH_CLK.c **** *   Provides system API for the clocking, interrupts and watchdog timer.
   7:Generated_Source\PSoC4/PDSS_PORT0_BCH_CLK.c **** *
   8:Generated_Source\PSoC4/PDSS_PORT0_BCH_CLK.c **** *  Note:
   9:Generated_Source\PSoC4/PDSS_PORT0_BCH_CLK.c **** *   Documentation of the API's in this file is located in the
  10:Generated_Source\PSoC4/PDSS_PORT0_BCH_CLK.c **** *   System Reference Guide provided with PSoC Creator.
  11:Generated_Source\PSoC4/PDSS_PORT0_BCH_CLK.c **** *
  12:Generated_Source\PSoC4/PDSS_PORT0_BCH_CLK.c **** ********************************************************************************
  13:Generated_Source\PSoC4/PDSS_PORT0_BCH_CLK.c **** * Copyright 2008-2012, Cypress Semiconductor Corporation.  All rights reserved.
  14:Generated_Source\PSoC4/PDSS_PORT0_BCH_CLK.c **** * You may use this file only in accordance with the license, terms, conditions,
  15:Generated_Source\PSoC4/PDSS_PORT0_BCH_CLK.c **** * disclaimers, and limitations in the end user license agreement accompanying
  16:Generated_Source\PSoC4/PDSS_PORT0_BCH_CLK.c **** * the software package with which this file was provided.
  17:Generated_Source\PSoC4/PDSS_PORT0_BCH_CLK.c **** *******************************************************************************/
  18:Generated_Source\PSoC4/PDSS_PORT0_BCH_CLK.c **** 
  19:Generated_Source\PSoC4/PDSS_PORT0_BCH_CLK.c **** #include <cydevice_trm.h>
  20:Generated_Source\PSoC4/PDSS_PORT0_BCH_CLK.c **** #include "PDSS_PORT0_BCH_CLK.h"
  21:Generated_Source\PSoC4/PDSS_PORT0_BCH_CLK.c **** 
  22:Generated_Source\PSoC4/PDSS_PORT0_BCH_CLK.c **** #if defined CYREG_PERI_DIV_CMD
  23:Generated_Source\PSoC4/PDSS_PORT0_BCH_CLK.c **** 
  24:Generated_Source\PSoC4/PDSS_PORT0_BCH_CLK.c **** /*******************************************************************************
  25:Generated_Source\PSoC4/PDSS_PORT0_BCH_CLK.c **** * Function Name: PDSS_PORT0_BCH_CLK_StartEx
  26:Generated_Source\PSoC4/PDSS_PORT0_BCH_CLK.c **** ********************************************************************************
  27:Generated_Source\PSoC4/PDSS_PORT0_BCH_CLK.c **** *
  28:Generated_Source\PSoC4/PDSS_PORT0_BCH_CLK.c **** * Summary:
  29:Generated_Source\PSoC4/PDSS_PORT0_BCH_CLK.c **** *  Starts the clock, aligned to the specified running clock.
  30:Generated_Source\PSoC4/PDSS_PORT0_BCH_CLK.c **** *
  31:Generated_Source\PSoC4/PDSS_PORT0_BCH_CLK.c **** * Parameters:
  32:Generated_Source\PSoC4/PDSS_PORT0_BCH_CLK.c **** *  alignClkDiv:  The divider to which phase alignment is performed when the
  33:Generated_Source\PSoC4/PDSS_PORT0_BCH_CLK.c **** *    clock is started.
  34:Generated_Source\PSoC4/PDSS_PORT0_BCH_CLK.c **** *
  35:Generated_Source\PSoC4/PDSS_PORT0_BCH_CLK.c **** * Returns:
  36:Generated_Source\PSoC4/PDSS_PORT0_BCH_CLK.c **** *  None
  37:Generated_Source\PSoC4/PDSS_PORT0_BCH_CLK.c **** *
  38:Generated_Source\PSoC4/PDSS_PORT0_BCH_CLK.c **** *******************************************************************************/
  39:Generated_Source\PSoC4/PDSS_PORT0_BCH_CLK.c **** void PDSS_PORT0_BCH_CLK_StartEx(uint32 alignClkDiv)
  40:Generated_Source\PSoC4/PDSS_PORT0_BCH_CLK.c **** {
 296              		.loc 1 40 0
 297              		.cfi_startproc
 298              		@ args = 0, pretend = 0, frame = 0
 299              		@ frame_needed = 0, uses_anonymous_args = 0
 300              		@ link register save eliminated.
 301              	.LVL0:
  41:Generated_Source\PSoC4/PDSS_PORT0_BCH_CLK.c ****     /* Make sure any previous start command has finished. */
  42:Generated_Source\PSoC4/PDSS_PORT0_BCH_CLK.c ****     while((PDSS_PORT0_BCH_CLK_CMD_REG & PDSS_PORT0_BCH_CLK_CMD_ENABLE_MASK) != 0u)
ARM GAS  C:\Users\prana\AppData\Local\Temp\ccSoBIKg.s 			page 21


 302              		.loc 1 42 0
 303 0000 044A     		ldr	r2, .L5
 304              	.L2:
 305              		.loc 1 42 0 is_stmt 0 discriminator 1
 306 0002 1368     		ldr	r3, [r2]
 307 0004 002B     		cmp	r3, #0
 308 0006 FCDB     		blt	.L2
  43:Generated_Source\PSoC4/PDSS_PORT0_BCH_CLK.c ****     {
  44:Generated_Source\PSoC4/PDSS_PORT0_BCH_CLK.c ****     }
  45:Generated_Source\PSoC4/PDSS_PORT0_BCH_CLK.c ****     
  46:Generated_Source\PSoC4/PDSS_PORT0_BCH_CLK.c ****     /* Specify the target divider and it's alignment divider, and enable. */
  47:Generated_Source\PSoC4/PDSS_PORT0_BCH_CLK.c ****     PDSS_PORT0_BCH_CLK_CMD_REG =
  48:Generated_Source\PSoC4/PDSS_PORT0_BCH_CLK.c ****         ((uint32)PDSS_PORT0_BCH_CLK__DIV_ID << PDSS_PORT0_BCH_CLK_CMD_DIV_SHIFT)|
  49:Generated_Source\PSoC4/PDSS_PORT0_BCH_CLK.c ****         (alignClkDiv << PDSS_PORT0_BCH_CLK_CMD_PA_DIV_SHIFT) |
 309              		.loc 1 49 0 is_stmt 1
 310 0008 034B     		ldr	r3, .L5+4
 311 000a 0002     		lsls	r0, r0, #8
 312              	.LVL1:
 313 000c 1843     		orrs	r0, r3
  47:Generated_Source\PSoC4/PDSS_PORT0_BCH_CLK.c ****         ((uint32)PDSS_PORT0_BCH_CLK__DIV_ID << PDSS_PORT0_BCH_CLK_CMD_DIV_SHIFT)|
 314              		.loc 1 47 0
 315 000e 014B     		ldr	r3, .L5
  50:Generated_Source\PSoC4/PDSS_PORT0_BCH_CLK.c ****         (uint32)PDSS_PORT0_BCH_CLK_CMD_ENABLE_MASK;
  51:Generated_Source\PSoC4/PDSS_PORT0_BCH_CLK.c **** }
 316              		.loc 1 51 0
 317              		@ sp needed
  47:Generated_Source\PSoC4/PDSS_PORT0_BCH_CLK.c ****         ((uint32)PDSS_PORT0_BCH_CLK__DIV_ID << PDSS_PORT0_BCH_CLK_CMD_DIV_SHIFT)|
 318              		.loc 1 47 0
 319 0010 1860     		str	r0, [r3]
 320              		.loc 1 51 0
 321 0012 7047     		bx	lr
 322              	.L6:
 323              		.align	2
 324              	.L5:
 325 0014 00000140 		.word	1073807360
 326 0018 41000080 		.word	-2147483583
 327              		.cfi_endproc
 328              	.LFE0:
 329              		.size	PDSS_PORT0_BCH_CLK_StartEx, .-PDSS_PORT0_BCH_CLK_StartEx
 330              		.section	.text.PDSS_PORT0_BCH_CLK_Stop,"ax",%progbits
 331              		.align	1
 332              		.global	PDSS_PORT0_BCH_CLK_Stop
 333              		.code	16
 334              		.thumb_func
 335              		.type	PDSS_PORT0_BCH_CLK_Stop, %function
 336              	PDSS_PORT0_BCH_CLK_Stop:
 337              	.LFB1:
  52:Generated_Source\PSoC4/PDSS_PORT0_BCH_CLK.c **** 
  53:Generated_Source\PSoC4/PDSS_PORT0_BCH_CLK.c **** #else
  54:Generated_Source\PSoC4/PDSS_PORT0_BCH_CLK.c **** 
  55:Generated_Source\PSoC4/PDSS_PORT0_BCH_CLK.c **** /*******************************************************************************
  56:Generated_Source\PSoC4/PDSS_PORT0_BCH_CLK.c **** * Function Name: PDSS_PORT0_BCH_CLK_Start
  57:Generated_Source\PSoC4/PDSS_PORT0_BCH_CLK.c **** ********************************************************************************
  58:Generated_Source\PSoC4/PDSS_PORT0_BCH_CLK.c **** *
  59:Generated_Source\PSoC4/PDSS_PORT0_BCH_CLK.c **** * Summary:
  60:Generated_Source\PSoC4/PDSS_PORT0_BCH_CLK.c **** *  Starts the clock.
  61:Generated_Source\PSoC4/PDSS_PORT0_BCH_CLK.c **** *
ARM GAS  C:\Users\prana\AppData\Local\Temp\ccSoBIKg.s 			page 22


  62:Generated_Source\PSoC4/PDSS_PORT0_BCH_CLK.c **** * Parameters:
  63:Generated_Source\PSoC4/PDSS_PORT0_BCH_CLK.c **** *  None
  64:Generated_Source\PSoC4/PDSS_PORT0_BCH_CLK.c **** *
  65:Generated_Source\PSoC4/PDSS_PORT0_BCH_CLK.c **** * Returns:
  66:Generated_Source\PSoC4/PDSS_PORT0_BCH_CLK.c **** *  None
  67:Generated_Source\PSoC4/PDSS_PORT0_BCH_CLK.c **** *
  68:Generated_Source\PSoC4/PDSS_PORT0_BCH_CLK.c **** *******************************************************************************/
  69:Generated_Source\PSoC4/PDSS_PORT0_BCH_CLK.c **** 
  70:Generated_Source\PSoC4/PDSS_PORT0_BCH_CLK.c **** void PDSS_PORT0_BCH_CLK_Start(void)
  71:Generated_Source\PSoC4/PDSS_PORT0_BCH_CLK.c **** {
  72:Generated_Source\PSoC4/PDSS_PORT0_BCH_CLK.c ****     /* Set the bit to enable the clock. */
  73:Generated_Source\PSoC4/PDSS_PORT0_BCH_CLK.c ****     PDSS_PORT0_BCH_CLK_ENABLE_REG |= PDSS_PORT0_BCH_CLK__ENABLE_MASK;
  74:Generated_Source\PSoC4/PDSS_PORT0_BCH_CLK.c **** }
  75:Generated_Source\PSoC4/PDSS_PORT0_BCH_CLK.c **** 
  76:Generated_Source\PSoC4/PDSS_PORT0_BCH_CLK.c **** #endif /* CYREG_PERI_DIV_CMD */
  77:Generated_Source\PSoC4/PDSS_PORT0_BCH_CLK.c **** 
  78:Generated_Source\PSoC4/PDSS_PORT0_BCH_CLK.c **** 
  79:Generated_Source\PSoC4/PDSS_PORT0_BCH_CLK.c **** /*******************************************************************************
  80:Generated_Source\PSoC4/PDSS_PORT0_BCH_CLK.c **** * Function Name: PDSS_PORT0_BCH_CLK_Stop
  81:Generated_Source\PSoC4/PDSS_PORT0_BCH_CLK.c **** ********************************************************************************
  82:Generated_Source\PSoC4/PDSS_PORT0_BCH_CLK.c **** *
  83:Generated_Source\PSoC4/PDSS_PORT0_BCH_CLK.c **** * Summary:
  84:Generated_Source\PSoC4/PDSS_PORT0_BCH_CLK.c **** *  Stops the clock and returns immediately. This API does not require the
  85:Generated_Source\PSoC4/PDSS_PORT0_BCH_CLK.c **** *  source clock to be running but may return before the hardware is actually
  86:Generated_Source\PSoC4/PDSS_PORT0_BCH_CLK.c **** *  disabled.
  87:Generated_Source\PSoC4/PDSS_PORT0_BCH_CLK.c **** *
  88:Generated_Source\PSoC4/PDSS_PORT0_BCH_CLK.c **** * Parameters:
  89:Generated_Source\PSoC4/PDSS_PORT0_BCH_CLK.c **** *  None
  90:Generated_Source\PSoC4/PDSS_PORT0_BCH_CLK.c **** *
  91:Generated_Source\PSoC4/PDSS_PORT0_BCH_CLK.c **** * Returns:
  92:Generated_Source\PSoC4/PDSS_PORT0_BCH_CLK.c **** *  None
  93:Generated_Source\PSoC4/PDSS_PORT0_BCH_CLK.c **** *
  94:Generated_Source\PSoC4/PDSS_PORT0_BCH_CLK.c **** *******************************************************************************/
  95:Generated_Source\PSoC4/PDSS_PORT0_BCH_CLK.c **** void PDSS_PORT0_BCH_CLK_Stop(void)
  96:Generated_Source\PSoC4/PDSS_PORT0_BCH_CLK.c **** {
 338              		.loc 1 96 0
 339              		.cfi_startproc
 340              		@ args = 0, pretend = 0, frame = 0
 341              		@ frame_needed = 0, uses_anonymous_args = 0
 342              		@ link register save eliminated.
  97:Generated_Source\PSoC4/PDSS_PORT0_BCH_CLK.c **** #if defined CYREG_PERI_DIV_CMD
  98:Generated_Source\PSoC4/PDSS_PORT0_BCH_CLK.c **** 
  99:Generated_Source\PSoC4/PDSS_PORT0_BCH_CLK.c ****     /* Make sure any previous start command has finished. */
 100:Generated_Source\PSoC4/PDSS_PORT0_BCH_CLK.c ****     while((PDSS_PORT0_BCH_CLK_CMD_REG & PDSS_PORT0_BCH_CLK_CMD_ENABLE_MASK) != 0u)
 343              		.loc 1 100 0
 344 0000 034A     		ldr	r2, .L10
 345              	.L8:
 346              		.loc 1 100 0 is_stmt 0 discriminator 1
 347 0002 1368     		ldr	r3, [r2]
 348 0004 002B     		cmp	r3, #0
 349 0006 FCDB     		blt	.L8
 101:Generated_Source\PSoC4/PDSS_PORT0_BCH_CLK.c ****     {
 102:Generated_Source\PSoC4/PDSS_PORT0_BCH_CLK.c ****     }
 103:Generated_Source\PSoC4/PDSS_PORT0_BCH_CLK.c ****     
 104:Generated_Source\PSoC4/PDSS_PORT0_BCH_CLK.c ****     /* Specify the target divider and it's alignment divider, and disable. */
 105:Generated_Source\PSoC4/PDSS_PORT0_BCH_CLK.c ****     PDSS_PORT0_BCH_CLK_CMD_REG =
 350              		.loc 1 105 0 is_stmt 1
ARM GAS  C:\Users\prana\AppData\Local\Temp\ccSoBIKg.s 			page 23


 351 0008 024A     		ldr	r2, .L10+4
 352 000a 014B     		ldr	r3, .L10
 106:Generated_Source\PSoC4/PDSS_PORT0_BCH_CLK.c ****         ((uint32)PDSS_PORT0_BCH_CLK__DIV_ID << PDSS_PORT0_BCH_CLK_CMD_DIV_SHIFT)|
 107:Generated_Source\PSoC4/PDSS_PORT0_BCH_CLK.c ****         ((uint32)PDSS_PORT0_BCH_CLK_CMD_DISABLE_MASK);
 108:Generated_Source\PSoC4/PDSS_PORT0_BCH_CLK.c **** 
 109:Generated_Source\PSoC4/PDSS_PORT0_BCH_CLK.c **** #else
 110:Generated_Source\PSoC4/PDSS_PORT0_BCH_CLK.c **** 
 111:Generated_Source\PSoC4/PDSS_PORT0_BCH_CLK.c ****     /* Clear the bit to disable the clock. */
 112:Generated_Source\PSoC4/PDSS_PORT0_BCH_CLK.c ****     PDSS_PORT0_BCH_CLK_ENABLE_REG &= (uint32)(~PDSS_PORT0_BCH_CLK__ENABLE_MASK);
 113:Generated_Source\PSoC4/PDSS_PORT0_BCH_CLK.c ****     
 114:Generated_Source\PSoC4/PDSS_PORT0_BCH_CLK.c **** #endif /* CYREG_PERI_DIV_CMD */
 115:Generated_Source\PSoC4/PDSS_PORT0_BCH_CLK.c **** }
 353              		.loc 1 115 0
 354              		@ sp needed
 105:Generated_Source\PSoC4/PDSS_PORT0_BCH_CLK.c ****         ((uint32)PDSS_PORT0_BCH_CLK__DIV_ID << PDSS_PORT0_BCH_CLK_CMD_DIV_SHIFT)|
 355              		.loc 1 105 0
 356 000c 1A60     		str	r2, [r3]
 357              		.loc 1 115 0
 358 000e 7047     		bx	lr
 359              	.L11:
 360              		.align	2
 361              	.L10:
 362 0010 00000140 		.word	1073807360
 363 0014 41000040 		.word	1073741889
 364              		.cfi_endproc
 365              	.LFE1:
 366              		.size	PDSS_PORT0_BCH_CLK_Stop, .-PDSS_PORT0_BCH_CLK_Stop
 367              		.section	.text.PDSS_PORT0_BCH_CLK_SetFractionalDividerRegister,"ax",%progbits
 368              		.align	1
 369              		.global	PDSS_PORT0_BCH_CLK_SetFractionalDividerRegister
 370              		.code	16
 371              		.thumb_func
 372              		.type	PDSS_PORT0_BCH_CLK_SetFractionalDividerRegister, %function
 373              	PDSS_PORT0_BCH_CLK_SetFractionalDividerRegister:
 374              	.LFB2:
 116:Generated_Source\PSoC4/PDSS_PORT0_BCH_CLK.c **** 
 117:Generated_Source\PSoC4/PDSS_PORT0_BCH_CLK.c **** 
 118:Generated_Source\PSoC4/PDSS_PORT0_BCH_CLK.c **** /*******************************************************************************
 119:Generated_Source\PSoC4/PDSS_PORT0_BCH_CLK.c **** * Function Name: PDSS_PORT0_BCH_CLK_SetFractionalDividerRegister
 120:Generated_Source\PSoC4/PDSS_PORT0_BCH_CLK.c **** ********************************************************************************
 121:Generated_Source\PSoC4/PDSS_PORT0_BCH_CLK.c **** *
 122:Generated_Source\PSoC4/PDSS_PORT0_BCH_CLK.c **** * Summary:
 123:Generated_Source\PSoC4/PDSS_PORT0_BCH_CLK.c **** *  Modifies the clock divider and the fractional divider.
 124:Generated_Source\PSoC4/PDSS_PORT0_BCH_CLK.c **** *
 125:Generated_Source\PSoC4/PDSS_PORT0_BCH_CLK.c **** * Parameters:
 126:Generated_Source\PSoC4/PDSS_PORT0_BCH_CLK.c **** *  clkDivider:  Divider register value (0-65535). This value is NOT the
 127:Generated_Source\PSoC4/PDSS_PORT0_BCH_CLK.c **** *    divider; the clock hardware divides by clkDivider plus one. For example,
 128:Generated_Source\PSoC4/PDSS_PORT0_BCH_CLK.c **** *    to divide the clock by 2, this parameter should be set to 1.
 129:Generated_Source\PSoC4/PDSS_PORT0_BCH_CLK.c **** *  fracDivider:  Fractional Divider register value (0-31).
 130:Generated_Source\PSoC4/PDSS_PORT0_BCH_CLK.c **** * Returns:
 131:Generated_Source\PSoC4/PDSS_PORT0_BCH_CLK.c **** *  None
 132:Generated_Source\PSoC4/PDSS_PORT0_BCH_CLK.c **** *
 133:Generated_Source\PSoC4/PDSS_PORT0_BCH_CLK.c **** *******************************************************************************/
 134:Generated_Source\PSoC4/PDSS_PORT0_BCH_CLK.c **** void PDSS_PORT0_BCH_CLK_SetFractionalDividerRegister(uint16 clkDivider, uint8 clkFractional)
 135:Generated_Source\PSoC4/PDSS_PORT0_BCH_CLK.c **** {
 375              		.loc 1 135 0
 376              		.cfi_startproc
ARM GAS  C:\Users\prana\AppData\Local\Temp\ccSoBIKg.s 			page 24


 377              		@ args = 0, pretend = 0, frame = 0
 378              		@ frame_needed = 0, uses_anonymous_args = 0
 379              	.LVL2:
 136:Generated_Source\PSoC4/PDSS_PORT0_BCH_CLK.c ****     uint32 maskVal;
 137:Generated_Source\PSoC4/PDSS_PORT0_BCH_CLK.c ****     uint32 regVal;
 138:Generated_Source\PSoC4/PDSS_PORT0_BCH_CLK.c ****     
 139:Generated_Source\PSoC4/PDSS_PORT0_BCH_CLK.c **** #if defined (PDSS_PORT0_BCH_CLK__FRAC_MASK) || defined (CYREG_PERI_DIV_CMD)
 140:Generated_Source\PSoC4/PDSS_PORT0_BCH_CLK.c ****     
 141:Generated_Source\PSoC4/PDSS_PORT0_BCH_CLK.c **** 	/* get all but divider bits */
 142:Generated_Source\PSoC4/PDSS_PORT0_BCH_CLK.c ****     maskVal = PDSS_PORT0_BCH_CLK_DIV_REG & 
 143:Generated_Source\PSoC4/PDSS_PORT0_BCH_CLK.c ****                     (uint32)(~(uint32)(PDSS_PORT0_BCH_CLK_DIV_INT_MASK | PDSS_PORT0_BCH_CLK_DIV_FRA
 144:Generated_Source\PSoC4/PDSS_PORT0_BCH_CLK.c **** 	/* combine mask and new divider vals into 32-bit value */
 145:Generated_Source\PSoC4/PDSS_PORT0_BCH_CLK.c ****     regVal = maskVal |
 380              		.loc 1 145 0
 381 0000 FF22     		movs	r2, #255
 382 0002 C900     		lsls	r1, r1, #3
 383              	.LVL3:
 384 0004 1140     		ands	r1, r2
 385 0006 0202     		lsls	r2, r0, #8
 386 0008 1143     		orrs	r1, r2
 387 000a 0723     		movs	r3, #7
 388 000c 0800     		movs	r0, r1
 389              	.LVL4:
 135:Generated_Source\PSoC4/PDSS_PORT0_BCH_CLK.c ****     uint32 maskVal;
 390              		.loc 1 135 0
 391 000e 30B5     		push	{r4, r5, lr}
 392              		.cfi_def_cfa_offset 12
 393              		.cfi_offset 4, -12
 394              		.cfi_offset 5, -8
 395              		.cfi_offset 14, -4
 142:Generated_Source\PSoC4/PDSS_PORT0_BCH_CLK.c ****                     (uint32)(~(uint32)(PDSS_PORT0_BCH_CLK_DIV_INT_MASK | PDSS_PORT0_BCH_CLK_DIV_FRA
 396              		.loc 1 142 0
 397 0010 024C     		ldr	r4, .L13
 146:Generated_Source\PSoC4/PDSS_PORT0_BCH_CLK.c ****         ((uint32)((uint32)clkDivider <<  PDSS_PORT0_BCH_CLK_DIV_INT_SHIFT) & PDSS_PORT0_BCH_CLK_DIV
 147:Generated_Source\PSoC4/PDSS_PORT0_BCH_CLK.c ****         ((uint32)((uint32)clkFractional << PDSS_PORT0_BCH_CLK_DIV_FRAC_SHIFT) & PDSS_PORT0_BCH_CLK_
 148:Generated_Source\PSoC4/PDSS_PORT0_BCH_CLK.c ****     
 149:Generated_Source\PSoC4/PDSS_PORT0_BCH_CLK.c **** #else
 150:Generated_Source\PSoC4/PDSS_PORT0_BCH_CLK.c ****     /* get all but integer divider bits */
 151:Generated_Source\PSoC4/PDSS_PORT0_BCH_CLK.c ****     maskVal = PDSS_PORT0_BCH_CLK_DIV_REG & (uint32)(~(uint32)PDSS_PORT0_BCH_CLK__DIVIDER_MASK);
 152:Generated_Source\PSoC4/PDSS_PORT0_BCH_CLK.c ****     /* combine mask and new divider val into 32-bit value */
 153:Generated_Source\PSoC4/PDSS_PORT0_BCH_CLK.c ****     regVal = clkDivider | maskVal;
 154:Generated_Source\PSoC4/PDSS_PORT0_BCH_CLK.c ****     
 155:Generated_Source\PSoC4/PDSS_PORT0_BCH_CLK.c **** #endif /* PDSS_PORT0_BCH_CLK__FRAC_MASK || CYREG_PERI_DIV_CMD */
 156:Generated_Source\PSoC4/PDSS_PORT0_BCH_CLK.c **** 
 157:Generated_Source\PSoC4/PDSS_PORT0_BCH_CLK.c ****     PDSS_PORT0_BCH_CLK_DIV_REG = regVal;
 158:Generated_Source\PSoC4/PDSS_PORT0_BCH_CLK.c **** }
 398              		.loc 1 158 0
 399              		@ sp needed
 142:Generated_Source\PSoC4/PDSS_PORT0_BCH_CLK.c ****                     (uint32)(~(uint32)(PDSS_PORT0_BCH_CLK_DIV_INT_MASK | PDSS_PORT0_BCH_CLK_DIV_FRA
 400              		.loc 1 142 0
 401 0012 2568     		ldr	r5, [r4]
 402              	.LVL5:
 145:Generated_Source\PSoC4/PDSS_PORT0_BCH_CLK.c ****         ((uint32)((uint32)clkDivider <<  PDSS_PORT0_BCH_CLK_DIV_INT_SHIFT) & PDSS_PORT0_BCH_CLK_DIV
 403              		.loc 1 145 0
 404 0014 2B40     		ands	r3, r5
 405              	.LVL6:
 406 0016 1843     		orrs	r0, r3
ARM GAS  C:\Users\prana\AppData\Local\Temp\ccSoBIKg.s 			page 25


 407              	.LVL7:
 157:Generated_Source\PSoC4/PDSS_PORT0_BCH_CLK.c **** }
 408              		.loc 1 157 0
 409 0018 2060     		str	r0, [r4]
 410              		.loc 1 158 0
 411 001a 30BD     		pop	{r4, r5, pc}
 412              	.L14:
 413              		.align	2
 414              	.L13:
 415 001c 04030140 		.word	1073808132
 416              		.cfi_endproc
 417              	.LFE2:
 418              		.size	PDSS_PORT0_BCH_CLK_SetFractionalDividerRegister, .-PDSS_PORT0_BCH_CLK_SetFractionalDividerRe
 419              		.section	.text.PDSS_PORT0_BCH_CLK_GetDividerRegister,"ax",%progbits
 420              		.align	1
 421              		.global	PDSS_PORT0_BCH_CLK_GetDividerRegister
 422              		.code	16
 423              		.thumb_func
 424              		.type	PDSS_PORT0_BCH_CLK_GetDividerRegister, %function
 425              	PDSS_PORT0_BCH_CLK_GetDividerRegister:
 426              	.LFB3:
 159:Generated_Source\PSoC4/PDSS_PORT0_BCH_CLK.c **** 
 160:Generated_Source\PSoC4/PDSS_PORT0_BCH_CLK.c **** 
 161:Generated_Source\PSoC4/PDSS_PORT0_BCH_CLK.c **** /*******************************************************************************
 162:Generated_Source\PSoC4/PDSS_PORT0_BCH_CLK.c **** * Function Name: PDSS_PORT0_BCH_CLK_GetDividerRegister
 163:Generated_Source\PSoC4/PDSS_PORT0_BCH_CLK.c **** ********************************************************************************
 164:Generated_Source\PSoC4/PDSS_PORT0_BCH_CLK.c **** *
 165:Generated_Source\PSoC4/PDSS_PORT0_BCH_CLK.c **** * Summary:
 166:Generated_Source\PSoC4/PDSS_PORT0_BCH_CLK.c **** *  Gets the clock divider register value.
 167:Generated_Source\PSoC4/PDSS_PORT0_BCH_CLK.c **** *
 168:Generated_Source\PSoC4/PDSS_PORT0_BCH_CLK.c **** * Parameters:
 169:Generated_Source\PSoC4/PDSS_PORT0_BCH_CLK.c **** *  None
 170:Generated_Source\PSoC4/PDSS_PORT0_BCH_CLK.c **** *
 171:Generated_Source\PSoC4/PDSS_PORT0_BCH_CLK.c **** * Returns:
 172:Generated_Source\PSoC4/PDSS_PORT0_BCH_CLK.c **** *  Divide value of the clock minus 1. For example, if the clock is set to
 173:Generated_Source\PSoC4/PDSS_PORT0_BCH_CLK.c **** *  divide by 2, the return value will be 1.
 174:Generated_Source\PSoC4/PDSS_PORT0_BCH_CLK.c **** *
 175:Generated_Source\PSoC4/PDSS_PORT0_BCH_CLK.c **** *******************************************************************************/
 176:Generated_Source\PSoC4/PDSS_PORT0_BCH_CLK.c **** uint16 PDSS_PORT0_BCH_CLK_GetDividerRegister(void)
 177:Generated_Source\PSoC4/PDSS_PORT0_BCH_CLK.c **** {
 427              		.loc 1 177 0
 428              		.cfi_startproc
 429              		@ args = 0, pretend = 0, frame = 0
 430              		@ frame_needed = 0, uses_anonymous_args = 0
 431              		@ link register save eliminated.
 178:Generated_Source\PSoC4/PDSS_PORT0_BCH_CLK.c ****     return (uint16)((PDSS_PORT0_BCH_CLK_DIV_REG & PDSS_PORT0_BCH_CLK_DIV_INT_MASK)
 432              		.loc 1 178 0
 433 0000 024B     		ldr	r3, .L16
 179:Generated_Source\PSoC4/PDSS_PORT0_BCH_CLK.c ****         >> PDSS_PORT0_BCH_CLK_DIV_INT_SHIFT);
 180:Generated_Source\PSoC4/PDSS_PORT0_BCH_CLK.c **** }
 434              		.loc 1 180 0
 435              		@ sp needed
 178:Generated_Source\PSoC4/PDSS_PORT0_BCH_CLK.c ****     return (uint16)((PDSS_PORT0_BCH_CLK_DIV_REG & PDSS_PORT0_BCH_CLK_DIV_INT_MASK)
 436              		.loc 1 178 0
 437 0002 1868     		ldr	r0, [r3]
 438 0004 000A     		lsrs	r0, r0, #8
 439 0006 80B2     		uxth	r0, r0
ARM GAS  C:\Users\prana\AppData\Local\Temp\ccSoBIKg.s 			page 26


 440              		.loc 1 180 0
 441 0008 7047     		bx	lr
 442              	.L17:
 443 000a C046     		.align	2
 444              	.L16:
 445 000c 04030140 		.word	1073808132
 446              		.cfi_endproc
 447              	.LFE3:
 448              		.size	PDSS_PORT0_BCH_CLK_GetDividerRegister, .-PDSS_PORT0_BCH_CLK_GetDividerRegister
 449              		.section	.text.PDSS_PORT0_BCH_CLK_GetFractionalDividerRegister,"ax",%progbits
 450              		.align	1
 451              		.global	PDSS_PORT0_BCH_CLK_GetFractionalDividerRegister
 452              		.code	16
 453              		.thumb_func
 454              		.type	PDSS_PORT0_BCH_CLK_GetFractionalDividerRegister, %function
 455              	PDSS_PORT0_BCH_CLK_GetFractionalDividerRegister:
 456              	.LFB4:
 181:Generated_Source\PSoC4/PDSS_PORT0_BCH_CLK.c **** 
 182:Generated_Source\PSoC4/PDSS_PORT0_BCH_CLK.c **** 
 183:Generated_Source\PSoC4/PDSS_PORT0_BCH_CLK.c **** /*******************************************************************************
 184:Generated_Source\PSoC4/PDSS_PORT0_BCH_CLK.c **** * Function Name: PDSS_PORT0_BCH_CLK_GetFractionalDividerRegister
 185:Generated_Source\PSoC4/PDSS_PORT0_BCH_CLK.c **** ********************************************************************************
 186:Generated_Source\PSoC4/PDSS_PORT0_BCH_CLK.c **** *
 187:Generated_Source\PSoC4/PDSS_PORT0_BCH_CLK.c **** * Summary:
 188:Generated_Source\PSoC4/PDSS_PORT0_BCH_CLK.c **** *  Gets the clock fractional divider register value.
 189:Generated_Source\PSoC4/PDSS_PORT0_BCH_CLK.c **** *
 190:Generated_Source\PSoC4/PDSS_PORT0_BCH_CLK.c **** * Parameters:
 191:Generated_Source\PSoC4/PDSS_PORT0_BCH_CLK.c **** *  None
 192:Generated_Source\PSoC4/PDSS_PORT0_BCH_CLK.c **** *
 193:Generated_Source\PSoC4/PDSS_PORT0_BCH_CLK.c **** * Returns:
 194:Generated_Source\PSoC4/PDSS_PORT0_BCH_CLK.c **** *  Fractional Divide value of the clock
 195:Generated_Source\PSoC4/PDSS_PORT0_BCH_CLK.c **** *  0 if the fractional divider is not in use.
 196:Generated_Source\PSoC4/PDSS_PORT0_BCH_CLK.c **** *
 197:Generated_Source\PSoC4/PDSS_PORT0_BCH_CLK.c **** *******************************************************************************/
 198:Generated_Source\PSoC4/PDSS_PORT0_BCH_CLK.c **** uint8 PDSS_PORT0_BCH_CLK_GetFractionalDividerRegister(void)
 199:Generated_Source\PSoC4/PDSS_PORT0_BCH_CLK.c **** {
 457              		.loc 1 199 0
 458              		.cfi_startproc
 459              		@ args = 0, pretend = 0, frame = 0
 460              		@ frame_needed = 0, uses_anonymous_args = 0
 461              		@ link register save eliminated.
 200:Generated_Source\PSoC4/PDSS_PORT0_BCH_CLK.c **** #if defined (PDSS_PORT0_BCH_CLK__FRAC_MASK)
 201:Generated_Source\PSoC4/PDSS_PORT0_BCH_CLK.c ****     /* return fractional divider bits */
 202:Generated_Source\PSoC4/PDSS_PORT0_BCH_CLK.c ****     return (uint8)((PDSS_PORT0_BCH_CLK_DIV_REG & PDSS_PORT0_BCH_CLK_DIV_FRAC_MASK)
 203:Generated_Source\PSoC4/PDSS_PORT0_BCH_CLK.c ****         >> PDSS_PORT0_BCH_CLK_DIV_FRAC_SHIFT);
 204:Generated_Source\PSoC4/PDSS_PORT0_BCH_CLK.c **** #else
 205:Generated_Source\PSoC4/PDSS_PORT0_BCH_CLK.c ****     return 0u;
 206:Generated_Source\PSoC4/PDSS_PORT0_BCH_CLK.c **** #endif /* PDSS_PORT0_BCH_CLK__FRAC_MASK */
 207:Generated_Source\PSoC4/PDSS_PORT0_BCH_CLK.c **** }
 462              		.loc 1 207 0
 463 0000 0020     		movs	r0, #0
 464              		@ sp needed
 465 0002 7047     		bx	lr
 466              		.cfi_endproc
 467              	.LFE4:
 468              		.size	PDSS_PORT0_BCH_CLK_GetFractionalDividerRegister, .-PDSS_PORT0_BCH_CLK_GetFractionalDividerRe
 469              		.text
ARM GAS  C:\Users\prana\AppData\Local\Temp\ccSoBIKg.s 			page 27


 470              	.Letext0:
 471              		.file 2 "Generated_Source\\PSoC4/cytypes.h"
 472              		.section	.debug_info,"",%progbits
 473              	.Ldebug_info0:
 474 0000 62010000 		.4byte	0x162
 475 0004 0400     		.2byte	0x4
 476 0006 00000000 		.4byte	.Ldebug_abbrev0
 477 000a 04       		.byte	0x4
 478 000b 01       		.uleb128 0x1
 479 000c 0F010000 		.4byte	.LASF25
 480 0010 0C       		.byte	0xc
 481 0011 D9010000 		.4byte	.LASF26
 482 0015 85020000 		.4byte	.LASF27
 483 0019 00000000 		.4byte	.Ldebug_ranges0+0
 484 001d 00000000 		.4byte	0
 485 0021 00000000 		.4byte	.Ldebug_line0
 486 0025 02       		.uleb128 0x2
 487 0026 01       		.byte	0x1
 488 0027 06       		.byte	0x6
 489 0028 79020000 		.4byte	.LASF0
 490 002c 02       		.uleb128 0x2
 491 002d 01       		.byte	0x1
 492 002e 08       		.byte	0x8
 493 002f 5C000000 		.4byte	.LASF1
 494 0033 02       		.uleb128 0x2
 495 0034 02       		.byte	0x2
 496 0035 05       		.byte	0x5
 497 0036 05020000 		.4byte	.LASF2
 498 003a 02       		.uleb128 0x2
 499 003b 02       		.byte	0x2
 500 003c 07       		.byte	0x7
 501 003d 7C000000 		.4byte	.LASF3
 502 0041 02       		.uleb128 0x2
 503 0042 04       		.byte	0x4
 504 0043 05       		.byte	0x5
 505 0044 15020000 		.4byte	.LASF4
 506 0048 02       		.uleb128 0x2
 507 0049 04       		.byte	0x4
 508 004a 07       		.byte	0x7
 509 004b 6A000000 		.4byte	.LASF5
 510 004f 02       		.uleb128 0x2
 511 0050 08       		.byte	0x8
 512 0051 05       		.byte	0x5
 513 0052 CB010000 		.4byte	.LASF6
 514 0056 02       		.uleb128 0x2
 515 0057 08       		.byte	0x8
 516 0058 07       		.byte	0x7
 517 0059 F8000000 		.4byte	.LASF7
 518 005d 03       		.uleb128 0x3
 519 005e 04       		.byte	0x4
 520 005f 05       		.byte	0x5
 521 0060 696E7400 		.ascii	"int\000"
 522 0064 02       		.uleb128 0x2
 523 0065 04       		.byte	0x4
 524 0066 07       		.byte	0x7
 525 0067 D0000000 		.4byte	.LASF8
 526 006b 04       		.uleb128 0x4
ARM GAS  C:\Users\prana\AppData\Local\Temp\ccSoBIKg.s 			page 28


 527 006c 0F020000 		.4byte	.LASF9
 528 0070 02       		.byte	0x2
 529 0071 D201     		.2byte	0x1d2
 530 0073 2C000000 		.4byte	0x2c
 531 0077 04       		.uleb128 0x4
 532 0078 C2000000 		.4byte	.LASF10
 533 007c 02       		.byte	0x2
 534 007d D301     		.2byte	0x1d3
 535 007f 3A000000 		.4byte	0x3a
 536 0083 04       		.uleb128 0x4
 537 0084 C9000000 		.4byte	.LASF11
 538 0088 02       		.byte	0x2
 539 0089 D401     		.2byte	0x1d4
 540 008b 48000000 		.4byte	0x48
 541 008f 02       		.uleb128 0x2
 542 0090 04       		.byte	0x4
 543 0091 04       		.byte	0x4
 544 0092 56000000 		.4byte	.LASF12
 545 0096 02       		.uleb128 0x2
 546 0097 08       		.byte	0x8
 547 0098 04       		.byte	0x4
 548 0099 9A000000 		.4byte	.LASF13
 549 009d 02       		.uleb128 0x2
 550 009e 01       		.byte	0x1
 551 009f 08       		.byte	0x8
 552 00a0 1E020000 		.4byte	.LASF14
 553 00a4 04       		.uleb128 0x4
 554 00a5 00000000 		.4byte	.LASF15
 555 00a9 02       		.byte	0x2
 556 00aa 7E02     		.2byte	0x27e
 557 00ac B0000000 		.4byte	0xb0
 558 00b0 05       		.uleb128 0x5
 559 00b1 83000000 		.4byte	0x83
 560 00b5 06       		.uleb128 0x6
 561 00b6 DD000000 		.4byte	.LASF16
 562 00ba 01       		.byte	0x1
 563 00bb 27       		.byte	0x27
 564 00bc 00000000 		.4byte	.LFB0
 565 00c0 1C000000 		.4byte	.LFE0-.LFB0
 566 00c4 01       		.uleb128 0x1
 567 00c5 9C       		.byte	0x9c
 568 00c6 DA000000 		.4byte	0xda
 569 00ca 07       		.uleb128 0x7
 570 00cb A8000000 		.4byte	.LASF18
 571 00cf 01       		.byte	0x1
 572 00d0 27       		.byte	0x27
 573 00d1 83000000 		.4byte	0x83
 574 00d5 00000000 		.4byte	.LLST0
 575 00d9 00       		.byte	0
 576 00da 08       		.uleb128 0x8
 577 00db 0E000000 		.4byte	.LASF28
 578 00df 01       		.byte	0x1
 579 00e0 5F       		.byte	0x5f
 580 00e1 00000000 		.4byte	.LFB1
 581 00e5 18000000 		.4byte	.LFE1-.LFB1
 582 00e9 01       		.uleb128 0x1
 583 00ea 9C       		.byte	0x9c
ARM GAS  C:\Users\prana\AppData\Local\Temp\ccSoBIKg.s 			page 29


 584 00eb 06       		.uleb128 0x6
 585 00ec 26000000 		.4byte	.LASF17
 586 00f0 01       		.byte	0x1
 587 00f1 86       		.byte	0x86
 588 00f2 00000000 		.4byte	.LFB2
 589 00f6 20000000 		.4byte	.LFE2-.LFB2
 590 00fa 01       		.uleb128 0x1
 591 00fb 9C       		.byte	0x9c
 592 00fc 3B010000 		.4byte	0x13b
 593 0100 07       		.uleb128 0x7
 594 0101 8F000000 		.4byte	.LASF19
 595 0105 01       		.byte	0x1
 596 0106 86       		.byte	0x86
 597 0107 77000000 		.4byte	0x77
 598 010b 21000000 		.4byte	.LLST1
 599 010f 07       		.uleb128 0x7
 600 0110 B4000000 		.4byte	.LASF20
 601 0114 01       		.byte	0x1
 602 0115 86       		.byte	0x86
 603 0116 6B000000 		.4byte	0x6b
 604 011a 42000000 		.4byte	.LLST2
 605 011e 09       		.uleb128 0x9
 606 011f 06000000 		.4byte	.LASF21
 607 0123 01       		.byte	0x1
 608 0124 88       		.byte	0x88
 609 0125 83000000 		.4byte	0x83
 610 0129 63000000 		.4byte	.LLST3
 611 012d 0A       		.uleb128 0xa
 612 012e A1000000 		.4byte	.LASF22
 613 0132 01       		.byte	0x1
 614 0133 89       		.byte	0x89
 615 0134 83000000 		.4byte	0x83
 616 0138 01       		.uleb128 0x1
 617 0139 50       		.byte	0x50
 618 013a 00       		.byte	0
 619 013b 0B       		.uleb128 0xb
 620 013c 53020000 		.4byte	.LASF23
 621 0140 01       		.byte	0x1
 622 0141 B0       		.byte	0xb0
 623 0142 77000000 		.4byte	0x77
 624 0146 00000000 		.4byte	.LFB3
 625 014a 10000000 		.4byte	.LFE3-.LFB3
 626 014e 01       		.uleb128 0x1
 627 014f 9C       		.byte	0x9c
 628 0150 0B       		.uleb128 0xb
 629 0151 23020000 		.4byte	.LASF24
 630 0155 01       		.byte	0x1
 631 0156 C6       		.byte	0xc6
 632 0157 6B000000 		.4byte	0x6b
 633 015b 00000000 		.4byte	.LFB4
 634 015f 04000000 		.4byte	.LFE4-.LFB4
 635 0163 01       		.uleb128 0x1
 636 0164 9C       		.byte	0x9c
 637 0165 00       		.byte	0
 638              		.section	.debug_abbrev,"",%progbits
 639              	.Ldebug_abbrev0:
 640 0000 01       		.uleb128 0x1
ARM GAS  C:\Users\prana\AppData\Local\Temp\ccSoBIKg.s 			page 30


 641 0001 11       		.uleb128 0x11
 642 0002 01       		.byte	0x1
 643 0003 25       		.uleb128 0x25
 644 0004 0E       		.uleb128 0xe
 645 0005 13       		.uleb128 0x13
 646 0006 0B       		.uleb128 0xb
 647 0007 03       		.uleb128 0x3
 648 0008 0E       		.uleb128 0xe
 649 0009 1B       		.uleb128 0x1b
 650 000a 0E       		.uleb128 0xe
 651 000b 55       		.uleb128 0x55
 652 000c 17       		.uleb128 0x17
 653 000d 11       		.uleb128 0x11
 654 000e 01       		.uleb128 0x1
 655 000f 10       		.uleb128 0x10
 656 0010 17       		.uleb128 0x17
 657 0011 00       		.byte	0
 658 0012 00       		.byte	0
 659 0013 02       		.uleb128 0x2
 660 0014 24       		.uleb128 0x24
 661 0015 00       		.byte	0
 662 0016 0B       		.uleb128 0xb
 663 0017 0B       		.uleb128 0xb
 664 0018 3E       		.uleb128 0x3e
 665 0019 0B       		.uleb128 0xb
 666 001a 03       		.uleb128 0x3
 667 001b 0E       		.uleb128 0xe
 668 001c 00       		.byte	0
 669 001d 00       		.byte	0
 670 001e 03       		.uleb128 0x3
 671 001f 24       		.uleb128 0x24
 672 0020 00       		.byte	0
 673 0021 0B       		.uleb128 0xb
 674 0022 0B       		.uleb128 0xb
 675 0023 3E       		.uleb128 0x3e
 676 0024 0B       		.uleb128 0xb
 677 0025 03       		.uleb128 0x3
 678 0026 08       		.uleb128 0x8
 679 0027 00       		.byte	0
 680 0028 00       		.byte	0
 681 0029 04       		.uleb128 0x4
 682 002a 16       		.uleb128 0x16
 683 002b 00       		.byte	0
 684 002c 03       		.uleb128 0x3
 685 002d 0E       		.uleb128 0xe
 686 002e 3A       		.uleb128 0x3a
 687 002f 0B       		.uleb128 0xb
 688 0030 3B       		.uleb128 0x3b
 689 0031 05       		.uleb128 0x5
 690 0032 49       		.uleb128 0x49
 691 0033 13       		.uleb128 0x13
 692 0034 00       		.byte	0
 693 0035 00       		.byte	0
 694 0036 05       		.uleb128 0x5
 695 0037 35       		.uleb128 0x35
 696 0038 00       		.byte	0
 697 0039 49       		.uleb128 0x49
ARM GAS  C:\Users\prana\AppData\Local\Temp\ccSoBIKg.s 			page 31


 698 003a 13       		.uleb128 0x13
 699 003b 00       		.byte	0
 700 003c 00       		.byte	0
 701 003d 06       		.uleb128 0x6
 702 003e 2E       		.uleb128 0x2e
 703 003f 01       		.byte	0x1
 704 0040 3F       		.uleb128 0x3f
 705 0041 19       		.uleb128 0x19
 706 0042 03       		.uleb128 0x3
 707 0043 0E       		.uleb128 0xe
 708 0044 3A       		.uleb128 0x3a
 709 0045 0B       		.uleb128 0xb
 710 0046 3B       		.uleb128 0x3b
 711 0047 0B       		.uleb128 0xb
 712 0048 27       		.uleb128 0x27
 713 0049 19       		.uleb128 0x19
 714 004a 11       		.uleb128 0x11
 715 004b 01       		.uleb128 0x1
 716 004c 12       		.uleb128 0x12
 717 004d 06       		.uleb128 0x6
 718 004e 40       		.uleb128 0x40
 719 004f 18       		.uleb128 0x18
 720 0050 9742     		.uleb128 0x2117
 721 0052 19       		.uleb128 0x19
 722 0053 01       		.uleb128 0x1
 723 0054 13       		.uleb128 0x13
 724 0055 00       		.byte	0
 725 0056 00       		.byte	0
 726 0057 07       		.uleb128 0x7
 727 0058 05       		.uleb128 0x5
 728 0059 00       		.byte	0
 729 005a 03       		.uleb128 0x3
 730 005b 0E       		.uleb128 0xe
 731 005c 3A       		.uleb128 0x3a
 732 005d 0B       		.uleb128 0xb
 733 005e 3B       		.uleb128 0x3b
 734 005f 0B       		.uleb128 0xb
 735 0060 49       		.uleb128 0x49
 736 0061 13       		.uleb128 0x13
 737 0062 02       		.uleb128 0x2
 738 0063 17       		.uleb128 0x17
 739 0064 00       		.byte	0
 740 0065 00       		.byte	0
 741 0066 08       		.uleb128 0x8
 742 0067 2E       		.uleb128 0x2e
 743 0068 00       		.byte	0
 744 0069 3F       		.uleb128 0x3f
 745 006a 19       		.uleb128 0x19
 746 006b 03       		.uleb128 0x3
 747 006c 0E       		.uleb128 0xe
 748 006d 3A       		.uleb128 0x3a
 749 006e 0B       		.uleb128 0xb
 750 006f 3B       		.uleb128 0x3b
 751 0070 0B       		.uleb128 0xb
 752 0071 27       		.uleb128 0x27
 753 0072 19       		.uleb128 0x19
 754 0073 11       		.uleb128 0x11
ARM GAS  C:\Users\prana\AppData\Local\Temp\ccSoBIKg.s 			page 32


 755 0074 01       		.uleb128 0x1
 756 0075 12       		.uleb128 0x12
 757 0076 06       		.uleb128 0x6
 758 0077 40       		.uleb128 0x40
 759 0078 18       		.uleb128 0x18
 760 0079 9742     		.uleb128 0x2117
 761 007b 19       		.uleb128 0x19
 762 007c 00       		.byte	0
 763 007d 00       		.byte	0
 764 007e 09       		.uleb128 0x9
 765 007f 34       		.uleb128 0x34
 766 0080 00       		.byte	0
 767 0081 03       		.uleb128 0x3
 768 0082 0E       		.uleb128 0xe
 769 0083 3A       		.uleb128 0x3a
 770 0084 0B       		.uleb128 0xb
 771 0085 3B       		.uleb128 0x3b
 772 0086 0B       		.uleb128 0xb
 773 0087 49       		.uleb128 0x49
 774 0088 13       		.uleb128 0x13
 775 0089 02       		.uleb128 0x2
 776 008a 17       		.uleb128 0x17
 777 008b 00       		.byte	0
 778 008c 00       		.byte	0
 779 008d 0A       		.uleb128 0xa
 780 008e 34       		.uleb128 0x34
 781 008f 00       		.byte	0
 782 0090 03       		.uleb128 0x3
 783 0091 0E       		.uleb128 0xe
 784 0092 3A       		.uleb128 0x3a
 785 0093 0B       		.uleb128 0xb
 786 0094 3B       		.uleb128 0x3b
 787 0095 0B       		.uleb128 0xb
 788 0096 49       		.uleb128 0x49
 789 0097 13       		.uleb128 0x13
 790 0098 02       		.uleb128 0x2
 791 0099 18       		.uleb128 0x18
 792 009a 00       		.byte	0
 793 009b 00       		.byte	0
 794 009c 0B       		.uleb128 0xb
 795 009d 2E       		.uleb128 0x2e
 796 009e 00       		.byte	0
 797 009f 3F       		.uleb128 0x3f
 798 00a0 19       		.uleb128 0x19
 799 00a1 03       		.uleb128 0x3
 800 00a2 0E       		.uleb128 0xe
 801 00a3 3A       		.uleb128 0x3a
 802 00a4 0B       		.uleb128 0xb
 803 00a5 3B       		.uleb128 0x3b
 804 00a6 0B       		.uleb128 0xb
 805 00a7 27       		.uleb128 0x27
 806 00a8 19       		.uleb128 0x19
 807 00a9 49       		.uleb128 0x49
 808 00aa 13       		.uleb128 0x13
 809 00ab 11       		.uleb128 0x11
 810 00ac 01       		.uleb128 0x1
 811 00ad 12       		.uleb128 0x12
ARM GAS  C:\Users\prana\AppData\Local\Temp\ccSoBIKg.s 			page 33


 812 00ae 06       		.uleb128 0x6
 813 00af 40       		.uleb128 0x40
 814 00b0 18       		.uleb128 0x18
 815 00b1 9742     		.uleb128 0x2117
 816 00b3 19       		.uleb128 0x19
 817 00b4 00       		.byte	0
 818 00b5 00       		.byte	0
 819 00b6 00       		.byte	0
 820              		.section	.debug_loc,"",%progbits
 821              	.Ldebug_loc0:
 822              	.LLST0:
 823 0000 00000000 		.4byte	.LVL0
 824 0004 0C000000 		.4byte	.LVL1
 825 0008 0100     		.2byte	0x1
 826 000a 50       		.byte	0x50
 827 000b 0C000000 		.4byte	.LVL1
 828 000f 1C000000 		.4byte	.LFE0
 829 0013 0400     		.2byte	0x4
 830 0015 F3       		.byte	0xf3
 831 0016 01       		.uleb128 0x1
 832 0017 50       		.byte	0x50
 833 0018 9F       		.byte	0x9f
 834 0019 00000000 		.4byte	0
 835 001d 00000000 		.4byte	0
 836              	.LLST1:
 837 0021 00000000 		.4byte	.LVL2
 838 0025 0E000000 		.4byte	.LVL4
 839 0029 0100     		.2byte	0x1
 840 002b 50       		.byte	0x50
 841 002c 0E000000 		.4byte	.LVL4
 842 0030 20000000 		.4byte	.LFE2
 843 0034 0400     		.2byte	0x4
 844 0036 F3       		.byte	0xf3
 845 0037 01       		.uleb128 0x1
 846 0038 50       		.byte	0x50
 847 0039 9F       		.byte	0x9f
 848 003a 00000000 		.4byte	0
 849 003e 00000000 		.4byte	0
 850              	.LLST2:
 851 0042 00000000 		.4byte	.LVL2
 852 0046 04000000 		.4byte	.LVL3
 853 004a 0100     		.2byte	0x1
 854 004c 51       		.byte	0x51
 855 004d 04000000 		.4byte	.LVL3
 856 0051 20000000 		.4byte	.LFE2
 857 0055 0400     		.2byte	0x4
 858 0057 F3       		.byte	0xf3
 859 0058 01       		.uleb128 0x1
 860 0059 51       		.byte	0x51
 861 005a 9F       		.byte	0x9f
 862 005b 00000000 		.4byte	0
 863 005f 00000000 		.4byte	0
 864              	.LLST3:
 865 0063 14000000 		.4byte	.LVL5
 866 0067 16000000 		.4byte	.LVL6
 867 006b 0500     		.2byte	0x5
 868 006d 75       		.byte	0x75
ARM GAS  C:\Users\prana\AppData\Local\Temp\ccSoBIKg.s 			page 34


 869 006e 00       		.sleb128 0
 870 006f 37       		.byte	0x37
 871 0070 1A       		.byte	0x1a
 872 0071 9F       		.byte	0x9f
 873 0072 16000000 		.4byte	.LVL6
 874 0076 20000000 		.4byte	.LFE2
 875 007a 0100     		.2byte	0x1
 876 007c 53       		.byte	0x53
 877 007d 00000000 		.4byte	0
 878 0081 00000000 		.4byte	0
 879              		.section	.debug_aranges,"",%progbits
 880 0000 3C000000 		.4byte	0x3c
 881 0004 0200     		.2byte	0x2
 882 0006 00000000 		.4byte	.Ldebug_info0
 883 000a 04       		.byte	0x4
 884 000b 00       		.byte	0
 885 000c 0000     		.2byte	0
 886 000e 0000     		.2byte	0
 887 0010 00000000 		.4byte	.LFB0
 888 0014 1C000000 		.4byte	.LFE0-.LFB0
 889 0018 00000000 		.4byte	.LFB1
 890 001c 18000000 		.4byte	.LFE1-.LFB1
 891 0020 00000000 		.4byte	.LFB2
 892 0024 20000000 		.4byte	.LFE2-.LFB2
 893 0028 00000000 		.4byte	.LFB3
 894 002c 10000000 		.4byte	.LFE3-.LFB3
 895 0030 00000000 		.4byte	.LFB4
 896 0034 04000000 		.4byte	.LFE4-.LFB4
 897 0038 00000000 		.4byte	0
 898 003c 00000000 		.4byte	0
 899              		.section	.debug_ranges,"",%progbits
 900              	.Ldebug_ranges0:
 901 0000 00000000 		.4byte	.LFB0
 902 0004 1C000000 		.4byte	.LFE0
 903 0008 00000000 		.4byte	.LFB1
 904 000c 18000000 		.4byte	.LFE1
 905 0010 00000000 		.4byte	.LFB2
 906 0014 20000000 		.4byte	.LFE2
 907 0018 00000000 		.4byte	.LFB3
 908 001c 10000000 		.4byte	.LFE3
 909 0020 00000000 		.4byte	.LFB4
 910 0024 04000000 		.4byte	.LFE4
 911 0028 00000000 		.4byte	0
 912 002c 00000000 		.4byte	0
 913              		.section	.debug_line,"",%progbits
 914              	.Ldebug_line0:
 915 0000 DA000000 		.section	.debug_str,"MS",%progbits,1
 915      02004F00 
 915      00000201 
 915      FB0E0D00 
 915      01010101 
 916              	.LASF15:
 917 0000 72656733 		.ascii	"reg32\000"
 917      3200
 918              	.LASF21:
 919 0006 6D61736B 		.ascii	"maskVal\000"
 919      56616C00 
ARM GAS  C:\Users\prana\AppData\Local\Temp\ccSoBIKg.s 			page 35


 920              	.LASF28:
 921 000e 50445353 		.ascii	"PDSS_PORT0_BCH_CLK_Stop\000"
 921      5F504F52 
 921      54305F42 
 921      43485F43 
 921      4C4B5F53 
 922              	.LASF17:
 923 0026 50445353 		.ascii	"PDSS_PORT0_BCH_CLK_SetFractionalDividerRegister\000"
 923      5F504F52 
 923      54305F42 
 923      43485F43 
 923      4C4B5F53 
 924              	.LASF12:
 925 0056 666C6F61 		.ascii	"float\000"
 925      7400
 926              	.LASF1:
 927 005c 756E7369 		.ascii	"unsigned char\000"
 927      676E6564 
 927      20636861 
 927      7200
 928              	.LASF5:
 929 006a 6C6F6E67 		.ascii	"long unsigned int\000"
 929      20756E73 
 929      69676E65 
 929      6420696E 
 929      7400
 930              	.LASF3:
 931 007c 73686F72 		.ascii	"short unsigned int\000"
 931      7420756E 
 931      7369676E 
 931      65642069 
 931      6E7400
 932              	.LASF19:
 933 008f 636C6B44 		.ascii	"clkDivider\000"
 933      69766964 
 933      657200
 934              	.LASF13:
 935 009a 646F7562 		.ascii	"double\000"
 935      6C6500
 936              	.LASF22:
 937 00a1 72656756 		.ascii	"regVal\000"
 937      616C00
 938              	.LASF18:
 939 00a8 616C6967 		.ascii	"alignClkDiv\000"
 939      6E436C6B 
 939      44697600 
 940              	.LASF20:
 941 00b4 636C6B46 		.ascii	"clkFractional\000"
 941      72616374 
 941      696F6E61 
 941      6C00
 942              	.LASF10:
 943 00c2 75696E74 		.ascii	"uint16\000"
 943      313600
 944              	.LASF11:
 945 00c9 75696E74 		.ascii	"uint32\000"
 945      333200
ARM GAS  C:\Users\prana\AppData\Local\Temp\ccSoBIKg.s 			page 36


 946              	.LASF8:
 947 00d0 756E7369 		.ascii	"unsigned int\000"
 947      676E6564 
 947      20696E74 
 947      00
 948              	.LASF16:
 949 00dd 50445353 		.ascii	"PDSS_PORT0_BCH_CLK_StartEx\000"
 949      5F504F52 
 949      54305F42 
 949      43485F43 
 949      4C4B5F53 
 950              	.LASF7:
 951 00f8 6C6F6E67 		.ascii	"long long unsigned int\000"
 951      206C6F6E 
 951      6720756E 
 951      7369676E 
 951      65642069 
 952              	.LASF25:
 953 010f 474E5520 		.ascii	"GNU C11 5.4.1 20160609 (release) [ARM/embedded-5-br"
 953      43313120 
 953      352E342E 
 953      31203230 
 953      31363036 
 954 0142 616E6368 		.ascii	"anch revision 237715] -mcpu=cortex-m0 -mthumb -g -O"
 954      20726576 
 954      6973696F 
 954      6E203233 
 954      37373135 
 955 0175 73202D66 		.ascii	"s -ffunction-sections -ffat-lto-objects -finline-fu"
 955      66756E63 
 955      74696F6E 
 955      2D736563 
 955      74696F6E 
 956 01a8 6E637469 		.ascii	"nctions -flto -fno-strict-aliasing\000"
 956      6F6E7320 
 956      2D666C74 
 956      6F202D66 
 956      6E6F2D73 
 957              	.LASF6:
 958 01cb 6C6F6E67 		.ascii	"long long int\000"
 958      206C6F6E 
 958      6720696E 
 958      7400
 959              	.LASF26:
 960 01d9 47656E65 		.ascii	"Generated_Source\\PSoC4\\PDSS_PORT0_BCH_CLK.c\000"
 960      72617465 
 960      645F536F 
 960      75726365 
 960      5C50536F 
 961              	.LASF2:
 962 0205 73686F72 		.ascii	"short int\000"
 962      7420696E 
 962      7400
 963              	.LASF9:
 964 020f 75696E74 		.ascii	"uint8\000"
 964      3800
 965              	.LASF4:
ARM GAS  C:\Users\prana\AppData\Local\Temp\ccSoBIKg.s 			page 37


 966 0215 6C6F6E67 		.ascii	"long int\000"
 966      20696E74 
 966      00
 967              	.LASF14:
 968 021e 63686172 		.ascii	"char\000"
 968      00
 969              	.LASF24:
 970 0223 50445353 		.ascii	"PDSS_PORT0_BCH_CLK_GetFractionalDividerRegister\000"
 970      5F504F52 
 970      54305F42 
 970      43485F43 
 970      4C4B5F47 
 971              	.LASF23:
 972 0253 50445353 		.ascii	"PDSS_PORT0_BCH_CLK_GetDividerRegister\000"
 972      5F504F52 
 972      54305F42 
 972      43485F43 
 972      4C4B5F47 
 973              	.LASF0:
 974 0279 7369676E 		.ascii	"signed char\000"
 974      65642063 
 974      68617200 
 975              	.LASF27:
 976 0285 443A5C56 		.ascii	"D:\\V-TE-PWR\\PDSS_SRC_SNK\\CYPD3171-24LQXQ_pb\\CYP"
 976      2D54452D 
 976      5057525C 
 976      50445353 
 976      5F535243 
 977 02b4 44333137 		.ascii	"D3171-24LQXQ_pb.cydsn\000"
 977      312D3234 
 977      4C515851 
 977      5F70622E 
 977      63796473 
 978              		.comm	__gnu_lto_v1,1,1
 979              		.ident	"GCC: (GNU Tools for ARM Embedded Processors) 5.4.1 20160609 (release) [ARM/embedded-5-bran
