ARM GAS  C:\Users\prana\AppData\Local\Temp\ccrMjeVz.s 			page 1


   1              		.syntax unified
   2              		.cpu cortex-m0
   3              		.fpu softvfp
   4              		.eabi_attribute 20, 1
   5              		.eabi_attribute 21, 1
   6              		.eabi_attribute 23, 3
   7              		.eabi_attribute 24, 1
   8              		.eabi_attribute 25, 1
   9              		.eabi_attribute 26, 1
  10              		.eabi_attribute 30, 4
  11              		.eabi_attribute 34, 0
  12              		.eabi_attribute 18, 4
  13              		.thumb
  14              		.syntax unified
  15              		.file	"PDSS_PORTX_REFGEN_CLK.c"
  16              		.text
  17              	.Ltext0:
  18              		.section	.gnu.lto_.profile.b369b28d,"",%progbits
  19 0000 789C6361 		.ascii	"x\234ca`d`a`\000\222r\222\000\000\277\000B"
  19      60646061 
  19      60009272 
  19      920000BF 
  19      0042
  20              		.text
  21              		.section	.gnu.lto_.icf.b369b28d,"",%progbits
  22 0000 789C6361 		.ascii	"x\234ca`d\000\001\005\006\004`e\230\371c\333b.\306\347"
  22      60640001 
  22      05060460 
  22      6598F963 
  22      DB622EC6 
  23 0015 1B2F4FE0 		.ascii	"\033/O\340c\372\326q\3413?\363\324\313o[8Xf7\315\233"
  23      63FAD671 
  23      E1333FF3 
  23      D4CB6F5B 
  23      38586637 
  24 002b C2C30000 		.ascii	"\302\303\000\000\377\242\016\276"
  24      FFA20EBE 
  25              		.text
  26              		.section	.gnu.lto_.jmpfuncs.b369b28d,"",%progbits
  27 0000 789C6361 		.ascii	"x\234ca`d\000\001q\006\004`e`dd\254\007\21231122\327"
  27      60640001 
  27      71060460 
  27      65606464 
  27      AC078A33 
  28 0019 D7333330 		.ascii	"\327330\260\000\205\001\026\322\001\263"
  28      B0008501 
  28      16D201B3 
  29              		.text
  30              		.section	.gnu.lto_.inline.b369b28d,"",%progbits
  31 0000 789C458B 		.ascii	"x\234E\213\261\015\2000\014\004\337\316\007B(`\003("
  31      B10D8030 
  31      0C04DFCE 
  31      07422860 
  31      0328
  32 0012 10E33013 		.ascii	"\020\3430\023#PRf\016\246`$l!\310\027\226\375\347#\004"
  32      23505266 
  32      0EA66024 
ARM GAS  C:\Users\prana\AppData\Local\Temp\ccrMjeVz.s 			page 2


  32      6C21C817 
  32      96FDE723 
  33 0027 9E1D3511 		.ascii	"\236\0355\021\350V\021\314\206B\272N\242)\223\202e\242"
  33      E85611CC 
  33      8642BA4E 
  33      A2299382 
  33      65A2
  34 0039 6341BB08 		.ascii	"cA\273\010\264\002\213\242\317\242\030\315\220d\203"
  34      B4028BA2 
  34      CFA218CD 
  34      906483
  35 0048 F9D85EA8 		.ascii	"\371\330^\250\367@W\223\277\005D\232j\347o\022A\255"
  35      F7405793 
  35      BF05449A 
  35      6AE76F12 
  35      41AD
  36 005a B2ED6BF0 		.ascii	"\262\355k\360\000t\\\014$"
  36      00745C0C 
  36      24
  37              		.text
  38              		.section	.gnu.lto_.pureconst.b369b28d,"",%progbits
  39 0000 789C6361 		.ascii	"x\234ca`d\340f```e\220b\224b\222b\226ba\000\000\003"
  39      6064E066 
  39      60606065 
  39      90629462 
  39      92629662 
  40 0018 E40088   		.ascii	"\344\000\210"
  41              		.text
  42              		.section	.gnu.lto_PDSS_PORTX_REFGEN_CLK_StartEx.b369b28d,"",%progbits
  43 0000 789C5551 		.ascii	"x\234UQ=h\024Q\020\236\357\275}{\253\371\251ER\244\013"
  43      3D681451 
  43      109EEFBD 
  43      7D7BABF9 
  43      A94552A4 
  44 0015 6914C4D6 		.ascii	"i\024\304\326B.?ED\217;\013\213\300\021\342\"\321\220"
  44      422E3F45 
  44      448F3B0B 
  44      8BC011E2 
  44      22D190
  45 0028 40505BDF 		.ascii	"@P[\337\335\356\346P,\0041EP\016\005M\242\306\313\231"
  45      DDEEE650 
  45      2C043145 
  45      500E054D 
  45      A2C6CB99 
  46 003c 42C4E6BC 		.ascii	"B\304\346\274 \202\350I\032\323X\370\203[\210\305\235"
  46      2082E849 
  46      1AD358F8 
  46      835B88C5 
  46      9D
  47 004d 46094A3C 		.ascii	"F\011J<\347\355Ka\006v\346\315\360\315\314\367\315:"
  47      E7ED4B61 
  47      0676E6CD 
  47      F0CDCCF7 
  47      CD3A
  48 005f 0432D62D 		.ascii	"\0042\326-\210\216p\034\342\017.A\\k\020\025<\001i\037"
  48      888E701C 
  48      E20F2E41 
ARM GAS  C:\Users\prana\AppData\Local\Temp\ccrMjeVz.s 			page 3


  48      5C6B1015 
  48      3C01691F 
  49 0073 52A8AB2F 		.ascii	"R\250\253/\211\364^'L\221\356T\266~\324\001L\324\036"
  49      89F45E27 
  49      4C91EE54 
  49      B67ED401 
  49      4CD41E
  50 0086 E89290CA 		.ascii	"\350\222\220\312\001{\262\366Sl\013\324K\361S\321\277"
  50      017BB2F6 
  50      536C0BD4 
  50      4BF153D1 
  50      BF
  51 0097 A0D93E7C 		.ascii	"\240\331>|\271.\365b\015\021\003\332\302b\260\200~F"
  51      B92EF562 
  51      0D1103DA 
  51      C262B080 
  51      7E46
  52 00a9 AD872B37 		.ascii	"\255\207+7\345\246\210$\340p\332z3\377\271\333\244\002"
  52      E5A68824 
  52      E070DA7A 
  52      33FFB9DB 
  52      A402
  53 00bb BD9C5E5E 		.ascii	"\275\234^^\373\365\334\221\207@\374\256\376(\307]}w"
  53      FBF5DC91 
  53      8740FCAE 
  53      FE28C75D 
  53      7D77
  54 00cd B52E6AFD 		.ascii	"\265.j\375\304\327{\")q\037\222\347a\011=XD\017q\211"
  54      C4D77B22 
  54      29711F92 
  54      E761093D 
  54      58440F71 
  55 00e2 F0007D06 		.ascii	"\360\000}\006\376\251\372\367F\227\033\232\365\275v"
  55      FEA9FAF7 
  55      46971B9A 
  55      F5BD76
  56 00f1 291EC235 		.ascii	")\036\3025\212+\331\232n\267\003]\253\252e\351\011\356"
  56      8A2BD99A 
  56      6EB7035D 
  56      ABAA65E9 
  56      09EE
  57 0103 72243B56 		.ascii	"r$;V`z\225\311]\343\210\232\334\306\232\233Bp\220-\326"
  57      607A95C9 
  57      5DE3889A 
  57      DCC69A9B 
  57      4270902D 
  58 0118 C78A658C 		.ascii	"\307\212e\214\372\357+\357^H3/\220F\352\\T\177\2332"
  58      FAEF2BEF 
  58      5E48332F 
  58      9046EA5C 
  58      547F9B32 
  59 012c ACDD84E9 		.ascii	"\254\335\204\351\235\333\1776\224M\265\016\265\321U"
  59      9DDB7F36 
  59      944DB50E 
  59      B5D155
  60 013b 8AD6973A 		.ascii	"\212\326\227:\313\270U\010\371\010)<b\302\313L\230P"
  60      CBB85508 
ARM GAS  C:\Users\prana\AppData\Local\Temp\ccrMjeVz.s 			page 4


  60      F908293C 
  60      62C2CB4C 
  60      9850
  61 014d 411914A3 		.ascii	"A\031\024\243\370\275\364~\277\035(y&}D\330\010\316"
  61      F8BDF47E 
  61      BF1D2879 
  61      267D44D8 
  61      08CE
  62 015f EE14FEDF 		.ascii	"\356\024\376\337\240@X1\235d\350)\342?\203\226p\014"
  62      A0405831 
  62      9D64E829 
  62      E23F8396 
  62      700C
  63 0171 BF184173 		.ascii	"\277\030As\266\021+\333\245\002i\026\317?\333|\225p"
  63      B6112BDB 
  63      A5026916 
  63      CF3FDB7C 
  63      9570
  64 0183 F1E0A1CA 		.ascii	"\361\340\241\312\215\214\332\232}\275\317\202\014\216"
  64      8D8CDA9A 
  64      7DBDCF82 
  64      0C8E
  65 0191 41ABDBDF 		.ascii	"A\253\333\337\356%\323\035\254\361\275<<N\200\365\271"
  65      EE25D31D 
  65      ACF1BD3C 
  65      3C4E80F5 
  65      B9
  66 01a2 5665C400 		.ascii	"Ve\304\000w\011(h\335\261[\303*k\340Y\364\025\305\332"
  66      77092868 
  66      DDB15BC3 
  66      2A6BE059 
  66      F415C5DA 
  67 01b6 46B27E87 		.ascii	"F\262~\207\036\230\026\237\360\340\260?\345\317\214"
  67      1E98169F 
  67      F0E0B03F 
  67      E5CF8C
  68 01c5 9DF74FE7 		.ascii	"\235\367O\347s\323\027f\306\375\321Ln:}x43\220\313\345"
  68      73D31766 
  68      C6FDD14C 
  68      6E3A7D78 
  68      343390CB 
  69 01da 3327B227 		.ascii	"3'\262'O\345\263\203C\303\203\307\363\351c#\007\306"
  69      4FE5B383 
  69      43C383C7 
  69      F3E96323 
  69      07C6
  70 01ec A9636C72 		.ascii	"\251clr\342\314Tz\362\334\300\304\305\177\372\326\305"
  70      E2CC547A 
  70      F2DCC0C4 
  70      C57FFAD6 
  70      C5
  71 01fd 94       		.ascii	"\224"
  72              		.text
  73              		.section	.gnu.lto_PDSS_PORTX_REFGEN_CLK_Stop.b369b28d,"",%progbits
  74 0000 789C5550 		.ascii	"x\234UP\277/\203Q\024\275\347\275\357kK\353\037\220"
  74      BF2F8351 
  74      14BDE7BD 
ARM GAS  C:\Users\prana\AppData\Local\Temp\ccrMjeVz.s 			page 5


  74      EF6B4BEB 
  74      1F90
  75 0012 0E568B1F 		.ascii	"\016V\213\037\211\301*\325v 4\255\301\320\244\021\272"
  75      89C12AD5 
  75      762034AD 
  75      C1D0A411 
  75      BA
  76 0023 489008B3 		.ascii	"H\220\010\263\327\366\373\322\004C\015L\244a\321\372"
  76      D7F6FBD2 
  76      04430D4C 
  76      A461D1FA 
  77 0033 19A3AD6A 		.ascii	"\031\243\255j\260\021\013\213\001\211JD\242\225Z\010"
  77      B0110B8B 
  77      01894A44 
  77      A2955A08 
  78 0043 755FBE0E 		.ascii	"u_\276\016\334\344\336\373\336}\347\235sr\015\002\351"
  78      DCE4DEFB 
  78      DE7DE79D 
  78      73720D02 
  78      E9
  79 0054 98E1D6CB 		.ascii	"\230\341\326\313=\304\011\027A\344.\211R\036\001\351"
  79      3DC40917 
  79      41E42E89 
  79      521E01E9 
  80 0064 1CA43057 		.ascii	"\034\2440W/\210T\253a\271I\371Lg>`\000\272+\017hIH\323"
  80      2F8854AB 
  80      61B949F9 
  80      4C673E60 
  80      00BA2B0F 
  81 007c 005772E2 		.ascii	"\000Wr\342C|\013\224\263\225S\321\271\2538\356\237\336"
  81      437C0B94 
  81      B39553D1 
  81      B9AB38EE 
  81      9FDE
  82 008e 7A54A104 		.ascii	"zT\241\004\233\001\015\341`\260\213Nb\330\343\311\317"
  82      9B010DE1 
  82      60B08B4E 
  82      62D8E3C9 
  82      CF
  83 009f 7A9BCBD2 		.ascii	"z\233\313\322\260\016\347\021\005\270\264\263\343hI"
  83      B00EE711 
  83      05B8B4B3 
  83      E36849
  84 00ae 351A1955 		.ascii	"5\032\031UZs\237\335\270MA\266\204\344\302\230*'\233"
  84      5A739FDD 
  84      B84D41B6 
  84      84E4C298 
  84      2A279B
  85 00c1 A90AC14D 		.ascii	"\251\012\301M\326X\230\255\310\012\312\237\313\225\315"
  85      D65898AD 
  85      C80ACA9F 
  85      CB95CD
  86 00d0 7E4D9091 		.ascii	"~M\220\221\332\303\206]\276r\327\205-%\264\326\316\366"
  86      DAC3865D 
  86      BE72D785 
  86      2D25B4D6 
  86      CEF6
ARM GAS  C:\Users\prana\AppData\Local\Temp\ccrMjeVz.s 			page 6


  87 00e2 D7ADE95C 		.ascii	"\327\255\351\\\225\262\224\301\243\254}]\364\345\261"
  87      95B294C1 
  87      A3AC7D5D 
  87      F4E5B1
  88 00f1 95B2D89D 		.ascii	"\225\262\330\235\201=\370Q\204\237M\354#\017\252 \375"
  88      813DF851 
  88      849F4DEC 
  88      230FAA20 
  88      FD
  89 0102 9EBD6B77 		.ascii	"\236\275kw\010%s\322\003\254\313\314ts\360WA\200p\240"
  89      082573D2 
  89      03ACCBCC 
  89      7473F057 
  89      418070A0 
  90 0116 7F92B667 		.ascii	"\177\222\266g\022\257\0145ah\177\354\253^}=i\321\277"
  90      12AF0C35 
  90      61687FEC 
  90      AB5E7D3D 
  90      69D1BF
  91 0129 FE49A694 		.ascii	"\376I\246\224\362\376W=dU\206\344V\322\317^\315\012"
  91      F2FE573D 
  91      645586E4 
  91      56D2CF5E 
  91      CD0A
  92 013b 9CF3620C 		.ascii	"\234\363b\014\034\361\353\013\322\245\333\260&i\212"
  92      1CF1EB0B 
  92      D2A5DBB0 
  92      26698A
  93 014a 80C97911 		.ascii	"\200\311y\021\335\341\344lr~b!9\225\210\315-\316O&\343"
  93      DDE1E46C 
  93      727E6221 
  93      399588CD 
  93      2DCE4F26 
  94 015f 91D85CA0 		.ascii	"\221\330\\\240/\036\031\214\305\022\221\321\350\330"
  94      2F1E198C 
  94      C51291D1 
  94      E8D8
  95 016d 78221A0C 		.ascii	"x\"\032\014\205\203#\211\300\360P\327$\375\002\000\265"
  95      85832389 
  95      C0F050D7 
  95      24FD0200 
  95      B5
  96 017e 90AA     		.ascii	"\220\252"
  97              		.text
  98              		.section	.gnu.lto_PDSS_PORTX_REFGEN_CLK_SetFractionalDividerRegister.b369b28d,"",%progbits
  99 0000 789C6D52 		.ascii	"x\234mR]H\323Q\024\277\347\336}o~\274V>\370\"\342K\331"
  99      5D48D351 
  99      14BFE7DE 
  99      7D6F7EBC 
  99      563EF822 
 100 0017 C7432FF5 		.ascii	"\307C/\365\342\027d\324\330B\012\2041\346\010\321\024"
 100      E21764D4 
 100      D8420A84 
 100      31E608D1 
 100      14
 101 0028 96F9EA9D 		.ascii	"\226\371\352\235\3730F\221\005IIb \246S\233\233\226"
 101      FB304691 
ARM GAS  C:\Users\prana\AppData\Local\Temp\ccrMjeVz.s 			page 7


 101      05494962 
 101      20A6539B 
 101      9B96
 102 003a 650AAD41 		.ascii	"e\012\255A\005RF\241\365&abP\221S,Cf\353\234\377\325"
 102      055246A1 
 102      F5266162 
 102      5091532C 
 102      4366EB9C 
 103 0050 42E8C2EE 		.ascii	"B\350\302\356\307\331\357\367;\347\374\316_\307\200"
 103      C7D9EFF7 
 103      3BE7FCCE 
 103      5FC780
 104 005f D16A158C 		.ascii	"\321j\025\214\235\303s\037\376@0\340\235\263\214\371"
 104      9DC3731F 
 104      FE4030E0 
 104      9DB38CF9 
 105 006f 4D1C802E 		.ascii	"M\034\200.\322\004\254\215C\033\374\340[\034R\035\313"
 105      D204AC8D 
 105      431BFCE0 
 105      5B1C521D 
 105      CB
 106 0080 93BC6440 		.ascii	"\223\274d@\342\372\370\274\357\240\034LB\010\351Y\256"
 106      E2FAF8BC 
 106      EFA01C4C 
 106      4208E959 
 106      AE
 107 0091 29311880 		.ascii	")1\030\200\022D=\317n$\363\326yH\000\020\351]\372U\217"
 107      12443DCF 
 107      6E24F3D6 
 107      79480010 
 107      E95DFA55 
 108 00a6 959E1CF2 		.ascii	"\225\236\034\362\361\031^\373\260d\023\207\200\341}"
 108      F1195EFB 
 108      B0641387 
 108      80E17D
 109 00b5 38FE3492 		.ascii	"8\3764\222W\334/e\273\224\327\3036i\017\011\001C P\020"
 109      57DC2F65 
 109      BB94D7C3 
 109      36690F09 
 109      01432050 
 110 00ca A2500083 		.ascii	"\242P\000\203P\3000\304`\030\212\021\336\221\270w#W"
 110      50C030C4 
 110      60188A11 
 110      DE91B877 
 110      2357
 111 00dc 1CD3A8FD 		.ascii	"\034\323\250\375\2277G`\233:\377\302*KCB\007#\212z\270"
 111      97374760 
 111      9B3AFFC2 
 111      2A4B4342 
 111      07238A7A 
 112 00f1 004A89A8 		.ascii	"\000J\211\250cp\037\212\011\3756\030\277#TI:|\256\276"
 112      63701F8A 
 112      09FD3618 
 112      BF235449 
 112      3A7CAEBE 
 113 0105 EEFE94AB 		.ascii	"\356\376\224\253J*\304\347\367\317\013\327rD\265\246"
 113      4A2AC4E7 
ARM GAS  C:\Users\prana\AppData\Local\Temp\ccrMjeVz.s 			page 8


 113      F7CF0BD7 
 113      7244B5A6 
 114 0115 BB724BE6 		.ascii	"\273rK\346\027\365\221lr<\222{[&\203\205!\241\207\270"
 114      17F5916C 
 114      723C927B 
 114      5B268385 
 114      21A187B8 
 115 0129 521EC5A2 		.ascii	"R\036\305\242bX\024-\004\217N\307\347\271ph\304\330"
 115      6258142D 
 115      048F4EC7 
 115      E7B97068 
 115      C4D8
 116 013b D544CCB0 		.ascii	"\325D\314\260\315\214\317\330d\247\337D\304\261\377"
 116      CD8CCFD8 
 116      64A7DF44 
 116      C4B1FF
 117 014a 121713BF 		.ascii	"\022\027\023\277o\346\030\202dd!\214C\021$\240H\331"
 117      6FE61882 
 117      6464218C 
 117      431124A0 
 117      48D9
 118 015c 080FC080 		.ascii	"\010\017\300\200\203\341;\321QGRf\263\001\231\354\265"
 118      83E13BD1 
 118      51475266 
 118      B30199EC 
 118      B5
 119 016d 3CCB5872 		.ascii	"<\313Xr9\266e@C\360_\035\220-z\012\030h3\322f\002j\331"
 119      39B66540 
 119      43F05F1D 
 119      902D7A0A 
 119      186833D2 
 120 0185 4C570B6D 		.ascii	"LW\013mV\332lL\323giL@C]\345\234N\261\014\251\315\310"
 120      56DA6C4C 
 120      D367694C 
 120      40435DE5 
 120      9C4EB10C 
 121 019c CFE871CA 		.ascii	"\317\350q\312\031\0204\253\256P\352\215\221\2141j=E"
 121      191034AB 
 121      AE50EA8D 
 121      918C316A 
 121      3D45
 122 01ae C32FEF72 		.ascii	"\303/\357r\365\274\022\016J\262n\345klB\327\013=\376"
 122      F5BC120E 
 122      4AB26EE5 
 122      6B6C42D7 
 122      0B3DFE
 123 01c1 208EDE04 		.ascii	" \216\336\004\023\330\327C\352\013\036A/\260e\010d\302"
 123      13D8D743 
 123      EA0B1E41 
 123      2FB06508 
 123      64C2
 124 01d3 DF40090A 		.ascii	"\337@\011\012\245\271\036\011mh\336\033\300\010\217"
 124      A5B91E09 
 124      6D68DE1B 
 124      C0088F
 125 01e2 11BB085C 		.ascii	"\021\273\010\\\353\022{@\020r\332\327:\336\017\325("
 125      EB127B40 
ARM GAS  C:\Users\prana\AppData\Local\Temp\ccrMjeVz.s 			page 9


 125      1072DAD7 
 125      3ADE0FD5 
 125      28
 126 01f3 923E8063 		.ascii	"\222>\200cC\231t8\263GE(\2102\335S\3533z\2221\203\011"
 126      43997438 
 126      B3474528 
 126      8832DD53 
 126      EB337A92 
 127 020a 26510641 		.ascii	"&Q\006A\277\302\263C\265\012e\324\362\031\224\332\302"
 127      BFC2B343 
 127      B50A65D4 
 127      F21994DA 
 127      C2
 128 021b 8E9A3920 		.ascii	"\216\2329 LJmn\273(\013\006\351K^\213\017\330\224\232"
 128      4C4A6D6E 
 128      BB280B06 
 128      E94B5E8B 
 128      0FD8949A 
 129 022f 80274A2D 		.ascii	"\200'J-\023\236\333\253@V\304\321xCKQ\223\252<\0130"
 129      139EDBAB 
 129      4056C4D1 
 129      78434B51 
 129      93AA3C0B 
 130 0244 F52FE751 		.ascii	"\365/\347Q\005\263ii\255\177\033JPC6\004\245\272V\027"
 130      05B36969 
 130      AD7F1B4A 
 130      50433604 
 130      A5BA5617 
 131 0258 C6CC14DB 		.ascii	"\306\314\024\333\345\230_J\353n\323\246\3214\242|\201"
 131      E5985F4A 
 131      EB6ED3A6 
 131      D134A27C 
 131      81
 132 0269 F6E4D609 		.ascii	"\366\344\326\011\"h_H\232\003\015\010\307u\240\312\333"
 132      22685F48 
 132      9A030D08 
 132      C775A0CA 
 132      DB
 133 027a E4F5B95B 		.ascii	"\344\365\271[\274u.g\363%\237\307[kw6\227\035\251\265"
 133      BC752E67 
 133      F3259FC7 
 133      5B6B7736 
 133      971DA9B5 
 134 028e 973B9D2E 		.ascii	"\227;\235.\373i\307\231\263.GEeU\305)W\331\311\352\375"
 134      FB69C799 
 134      B32E4745 
 134      6555C529 
 134      57D9C9EA 
 135 02a3 1E66F134 		.ascii	"\036f\36146\224\327\267\326\327y}9x\255\364\271=-\365"
 135      3694D7B7 
 135      D6D7797D 
 135      3978ADF4 
 135      B93D2DF5 
 136 02b7 CD4DEE46 		.ascii	"\315M\356F\203\317{\276\306\335h\274\340\276\330\200"
 136      83CF7BBE 
 136      C6DD68BC 
 136      E0BED880 
ARM GAS  C:\Users\prana\AppData\Local\Temp\ccrMjeVz.s 			page 10


 137 02c7 E71F6618 		.ascii	"\347\037f\030;G"
 137      3B47
 138              		.text
 139              		.section	.gnu.lto_PDSS_PORTX_REFGEN_CLK_GetDividerRegister.b369b28d,"",%progbits
 140 0000 789C2D90 		.ascii	"x\234-\220\261KBQ\024\306\317w\357\323\036H\324^Cc."
 140      B14B4251 
 140      14C6CF77 
 140      EFD31E48 
 140      D45E4363 
 141 0015 45507F40 		.ascii	"EP\177@\230:\024%\332\320 <\302\336\232 5\373\364\371"
 141      983A1425 
 141      DAD0203C 
 141      C2DE9A20 
 141      35FBF4F9 
 142 0029 0CA2A1A5 		.ascii	"\014\242\241\245\206@l\010L+\245\245\241\026\023\"\210"
 142      86406C08 
 142      4C2BA5A5 
 142      A1161322 
 142      88
 143 003a 282888C6 		.ascii	"((\210\306\210p\250!\023#\010\352u\017v\341\334s\277"
 143      8870A821 
 143      132308EA 
 143      750F76E1 
 143      DC73BF
 144 004d 7BBF73CE 		.ascii	"{\277s\316\217\253\021\210\327\204Jc*\017\250\200$\210"
 144      8FAB1188 
 144      D7844A63 
 144      2A0FA880 
 144      2488
 145 005f CD1BA28C 		.ascii	"\315\033\242\214.\000>X:(-\220\306\247\370\021\270p"
 145      2E003E58 
 145      3A282D90 
 145      C6A7F811 
 145      B870
 146 0071 BFEA7D1D 		.ascii	"\277\352}\035\341\260M\311\273\326u\301\307\022\350"
 146      E1B04DC9 
 146      BBD675C1 
 146      C712E8
 147 0080 57B2B257 		.ascii	"W\262\262Wk\353\376\222ee\255'\347t2c;\303\216\024\344"
 147      6BEBFE92 
 147      6565AD27 
 147      E7743263 
 147      3BC38E14 
 148 0095 0AC23E06 		.ascii	"\012\302>\006Q\302 \217(\303O\312\374|\374\273\325\353"
 148      51C2208F 
 148      28C34FCA 
 148      FC7CFCBB 
 148      D5EB
 149 00a7 CD596A0D 		.ascii	"\315Yj\015\261E\275T\340e\244Z\264n\271\256m\325\357"
 149      B145BD54 
 149      E065A45A 
 149      B46EB9AE 
 149      6DD5EF
 150 00ba 7DE78F3E 		.ascii	"}\347\217>\017\310\221R\362\246\021\267\243\226\012"
 150      0FC89152 
 150      F2A611B7 
 150      A3960A
ARM GAS  C:\Users\prana\AppData\Local\Temp\ccrMjeVz.s 			page 11


 151 00c9 46FB1082 		.ascii	"F\373\020\202\263l\242\361\275\376P\215s\275-\245\352"
 151      B36CA2F1 
 151      BDFE508D 
 151      73BD2DA5 
 151      EA
 152 00da BDED346E 		.ascii	"\275\3554n{\230K\003\217*\347/wEWn\344s\226\246\256"
 152      7B984B03 
 152      8F2AE72F 
 152      7745576E 
 152      E47396A6 
 153 00ef DEDFAA27 		.ascii	"\336\337\252'Z\021\205L\016\216\364\340P\341\0350\036"
 153      5A11854C 
 153      0E8EF4E0 
 153      50E11D30 
 153      1E
 154 0100 8E500435 		.ascii	"\216P\0045a\267CdKt\333\355\234u\256<\\\357\205\216"
 154      61B74364 
 154      4B74DBED 
 154      9C75AE3C 
 154      5CEF858E 
 155 0114 AAB23591 		.ascii	"\252\2625\221m\257\275\240;PS>z\205\370W\374\245-\001"
 155      6DAFBDA0 
 155      3B50533E 
 155      7A85F857 
 155      FCA52D01 
 156 0128 26539CA3 		.ascii	"&S\234\243as\331L-\256\230KF,\271\232J\230\361H,\031"
 156      6173D94C 
 156      2DAE984B 
 156      462CB99A 
 156      4A98F148 
 157 013e 188F47A6 		.ascii	"\030\217G\246b1#2\027\235_0\242\301P88k\004f\246G\022"
 157      62312332 
 157      179D5F30 
 157      A2C15038 
 157      386B0466 
 158 0155 F407670F 		.ascii	"\364\007g\017y\014"
 158      790C
 159              		.text
 160              		.section	.gnu.lto_PDSS_PORTX_REFGEN_CLK_GetFractionalDividerRegister.b369b28d,"",%progbits
 161 0000 789C6361 		.ascii	"x\234ca`d\000\201i@l\010\304\322@\314\310\314\300\310"
 161      60640081 
 161      69406C08 
 161      C4D240CC 
 161      C8CCC0C8 
 162 0014 34E11C03 		.ascii	"4\341\034\003C#\007\023##\210\321\300\301\310P\317\304"
 162      43230713 
 162      232388D1 
 162      C0C1C850 
 162      CFC4
 163 0026 58CFF895 		.ascii	"X\317\370\225\351/\023\343\351\357'z\2704\2277445<8"
 163      E92F13E3 
 163      E9EF277A 
 163      B8349737 
 163      3434353C 
 164 003b FAD872FA 		.ascii	"\372\330r\372\212\003\214\255\314\014\014\377\231\030"
 164      8A038CAD 
 164      CC0C0CFF 
ARM GAS  C:\Users\prana\AppData\Local\Temp\ccrMjeVz.s 			page 12


 164      9918
 165 0049 188D6518 		.ascii	"\030\215e\030\015d@F,g\324d\000*}\264\361\337T^\266"
 165      0D644046 
 165      2C67D464 
 165      002A7DB4 
 165      F1DF545E 
 166 005e 96062050 		.ascii	"\226\006 P\000)\000\312\254`d\003Y\271>\350@\303\377"
 166      002900CA 
 166      AC606403 
 166      59B93EE8 
 166      40C3FF
 167 0071 FFCD0D07 		.ascii	"\377\315\015\007\346\363\035\334\307\007\224\371\000"
 167      E6F31DDC 
 167      C70794F9 
 167      00
 168 007e C420BB3E 		.ascii	"\304 \273>21\201h\346W\214M\007v\367\361\201\324\003"
 168      32318168 
 168      E6578C4D 
 168      0776F7F1 
 168      81D403
 169 0091 0D9AD67A 		.ascii	"\015\232\326z\350<\373\027&\240=\214\014\214+\031Av"
 169      E83CFB17 
 169      26A03D8C 
 169      0C8C2B19 
 169      4176
 170 00a3 00753082 		.ascii	"\000u0\202T\002\365\351\273\247\346\245\026%\226\244"
 170      5402F5E9 
 170      BBA7E6A5 
 170      162596A4 
 171 00b3 A6C407E7 		.ascii	"\246\304\007\347\227\026%\247\306\004\004\347;\233\304"
 171      971625A7 
 171      C60404E7 
 171      3B9BC4
 172 00c2 04B80407 		.ascii	"\004\270\004\007\307\007\370\007\205D\304\007\271\272"
 172      C707F807 
 172      8544C407 
 172      B9BA
 173 00d0 B9BBFAC5 		.ascii	"\271\273\372\305;\373x\353%3\000\000\354\227G="
 173      3BFB78EB 
 173      25330000 
 173      EC97473D 
 174              		.text
 175              		.section	.gnu.lto_.symbol_nodes.b369b28d,"",%progbits
 176 0000 789C6361 		.ascii	"x\234ca`d\010g\000\002&\206z\006\206\011\347\030@\324"
 176      60640867 
 176      00022686 
 176      7A068609 
 176      E71840D4 
 177 0014 AE0645A0 		.ascii	"\256\006E\240\000c=#\252\000S=\023\252\000s=3\252\000"
 177      00633D23 
 177      AA00533D 
 177      13AA0073 
 177      3D33AA00 
 178 0028 4B3D0B8A 		.ascii	"K=\013\212\000\003\000U/\023\016"
 178      00030055 
 178      2F130E
 179              		.text
ARM GAS  C:\Users\prana\AppData\Local\Temp\ccrMjeVz.s 			page 13


 180              		.section	.gnu.lto_.refs.b369b28d,"",%progbits
 181 0000 789C6361 		.ascii	"x\234ca`\004B \000\000\0009\000\007"
 181      60044220 
 181      00000039 
 181      0007
 182              		.text
 183              		.section	.gnu.lto_.decls.b369b28d,"",%progbits
 184 0000 789C8D54 		.ascii	"x\234\215ToLSW\024\277\347\275R\344Q\304\020\263\020"
 184      6F4C5357 
 184      14BFE7BD 
 184      52E451C4 
 184      10B310
 185 0013 D32DCC0F 		.ascii	"\323-\314\017P\277\340\200e\331\227-K\370S\223-B\350"
 185      50BFE080 
 185      65D9972D 
 185      4BF85393 
 185      2D42E8
 186 0026 46F6C1A4 		.ascii	"F\366\301\244A|qM\014\230Z\227\371i7\026\015\216}\200"
 186      417C714D 
 186      0C985A97 
 186      F9693716 
 186      0D8E7D80 
 187 003a 0FD3D5D0 		.ascii	"\017\323\325\320L4\272\"(\250\374\253\333\272\016\006"
 187      4C34BA22 
 187      28A8FCAB 
 187      DBBA0E06 
 188 004a 45042C60 		.ascii	"E\004,`\315\234Cp\250\331\202\316n\232M0\330\235{\337"
 188      CD9C4370 
 188      A8D982CE 
 188      6E9A4D30 
 188      D89D7BDF 
 189 005e 6B5F8BED 		.ascii	"k_\213\355\262\233\236\367\356=\357\234\363\373\235"
 189      B29B9EF7 
 189      EE3DEF9C 
 189      F3FB9D
 190 006d 3FBD3A02 		.ascii	"?\275:\002\204-\233\236\220\267q\273\007%\202\013\217"
 190      842D9B9E 
 190      90B771BB 
 190      0725820B 
 190      8F
 191 007e A486682B 		.ascii	"\244\206h+\015\245\017e\020%\2002\2162I^\\\314&C\365"
 191      0DA50F65 
 191      10258032 
 191      8E32495E 
 191      5CCC2643 
 192 0093 CD41D988 		.ascii	"\315A\331\210\322\215R\200\022D\011\241\\G\251T\355"
 192      D28D5280 
 192      124409A1 
 192      5C47A954 
 192      ED
 193 00a4 41F559BB 		.ascii	"A\365Y\273\006U\314\232$\276Q\277\301$~\214\233\264"
 193      0655CC9A 
 193      24BE51BF 
 193      C1247E8C 
 193      9BB4
 194 00b6 067F18C5 		.ascii	"\006\177\030\305\027\307#\031\207@\222X,\307\3645qR"
 194      17C72319 
ARM GAS  C:\Users\prana\AppData\Local\Temp\ccrMjeVz.s 			page 14


 194      87409258 
 194      2CC7F435 
 194      7152
 195 00c8 F98F27F1 		.ascii	"\371\217'\361\237T\277\371\342\354\222\325lU\200\210"
 195      9F54BFF9 
 195      E2EC92D5 
 195      6C558088 
 196 00d8 FBBC27E3 		.ascii	"\373\274'\343\026\334\004\001\324\206\020\000\345\011"
 196      16DC0401 
 196      D4861000 
 196      E509
 197 00e6 5C8822FC 		.ascii	"\\\210\"\374\210\033\201?IL\025{\021\366$\212=\327i"
 197      881B813F 
 197      494C157B 
 197      11F6248A 
 197      3DD769
 198 00f9 C1F82FFA 		.ascii	"\301\370/\372\216D\027\017\242E\007\325\011b\014\024"
 198      8E44170F 
 198      A24507D5 
 198      09620C14 
 199 0109 2FE5BBA0 		.ascii	"/\345\273\240\232\021%\270\2409\304\305S\350\306q\202"
 199      9A1125B8 
 199      A039C4C5 
 199      53E8C671 
 199      82
 200 011a C49C209A 		.ascii	"\304\234 \232\264\253}\351\230(bL\334\317/{*\012\273"
 200      B4AB7DE9 
 200      9828624C 
 200      DCCF2F7B 
 200      2A0ABB
 201 012d 28AE164A 		.ascii	"(\256\026J\205mZe\346\306::\305'\002\024H\300\302g\243"
 201      856D5A65 
 201      E6C63A3A 
 201      C5270214 
 201      48C0C267 
 202 0142 AAFB8177 		.ascii	"\252\373\201w9KQ1\213\361\371{\177e\210[\370~\272\261"
 202      394B5131 
 202      8BF1F97B 
 202      7F65885B 
 202      F87EBAB1 
 203 0156 A78D59E7 		.ascii	"\247\215Y\347H\240\303\343\237\223\307\027\327\343q"
 203      48A0C3E3 
 203      9F93C717 
 203      D7E371
 204 0165 A30479AB 		.ascii	"\243\004y\253\2020\343z0\257\007\311\324D\351A\332\342"
 204      8230E37A 
 204      30AF07C9 
 204      D444E941 
 204      DAE2
 205 0177 A439DB08 		.ascii	"\2449\333\010\234\007#\234\003#\201\0360\261\210\035"
 205      9C07239C 
 205      0323811E 
 205      30B1881D 
 206 0187 5048A013 		.ascii	"PH\240\023\225gQy\206\021Z\230\276\360\226\227\322\015"
 206      95675179 
 206      86115A98 
 206      BEF09697 
ARM GAS  C:\Users\prana\AppData\Local\Temp\ccrMjeVz.s 			page 15


 206      D20D
 207 0199 D00D1274 		.ascii	"\320\015\022t\201\310M0\215\002I\355\335Bo\213\240\023"
 207      81C84D30 
 207      8D0249ED 
 207      DD426F8B 
 207      A013
 208 01ab 50C30C76 		.ascii	"P\303\014v\352\230n$\362\217?[\341!\340q&<\341\316T"
 208      EA986E24 
 208      F28F3F5B 
 208      E121E071 
 208      263CE1CE 
 209 01c0 786CC063 		.ascii	"xl\300c\250-<\233\231{\224\005\247N\232'@\315Kp\011"
 209      A82D3C9B 
 209      997B9405 
 209      A74E9A27 
 209      40CD4B70 
 210 01d5 212F2224 		.ascii	"!/\"$\201^\310\305\347\005\320)\341\257\015;\347\262"
 210      815EC8C5 
 210      E705D029 
 210      E1AF0D3B 
 210      E7B2
 211 01e7 379FA027 		.ascii	"7\237\240'z\350Bh\264\340\250\223z\320-\217\231\201"
 211      7AE84268 
 211      B4E0A893 
 211      7AD02D8F 
 211      9981
 212 01f9 4763835B 		.ascii	"Gc\203[\366\372\032na\265\373`3z>\014\254>\006\361 "
 212      F6FA1A6E 
 212      61B5FB60 
 212      337A3E0C 
 212      AC3E06F1 
 213 020e F0CA2CF9 		.ascii	"\360\312,\371\\\221\254\224\230\003\034s\247\0129r:"
 213      5C91AC94 
 213      98031C73 
 213      A70A3972 
 213      3A
 214 021f 38A15320 		.ascii	"8\241S \375\317G\0154\210>\3570\033\350\327\000\373"
 214      FDCF470D 
 214      34883EEF 
 214      301BE8D7 
 214      00FB
 215 0231 E3010739 		.ascii	"\343\001\0079`\337\243\221\233\231\242[\001\354>t\267"
 215      60DFA391 
 215      9B99A25B 
 215      01EC3E74 
 215      B7
 216 0242 631DE66C 		.ascii	"c\035\346l\304\306A\\\327\214J\327\\\255\213\3173\305"
 216      C4C6415C 
 216      D78C4AD7 
 216      5CAD8BCF 
 216      33C5
 217 0254 20B71566 		.ascii	" \267\025f\027;\177\327\201IR\353\335\241\324\333\207"
 217      173B7FD7 
 217      814952EB 
 217      DDA1D4DB 
 217      87
 218 0265 E5FC5603 		.ascii	"\345\374V\0034\262z\363\326\205OR}.\201\022#\274\206"
ARM GAS  C:\Users\prana\AppData\Local\Temp\ccrMjeVz.s 			page 16


 218      34B27AF3 
 218      D6854F52 
 218      7D2E8112 
 218      23BC86
 219 0278 8DFB0E1B 		.ascii	"\215\373\016\033gT\033\367\015ft\0313B\200{\307\276"
 219      67541BF7 
 219      0D667419 
 219      3342807B 
 219      C7BE
 220 028a 5AD2F3B6 		.ascii	"Z\322\363\266\370bm9\275\362,\314\306#\237\015\223\030"
 220      F8626D39 
 220      BDF22CCC 
 220      C6239F0D 
 220      9318
 221 029c 472A5F21 		.ascii	"G*_!\345i\037\275$\2117\024R\177\364\006~\312\212N\013"
 221      E5691FBD 
 221      24893714 
 221      527FF406 
 221      7ECA8A4E 
 222 02b1 D64C3291 		.ascii	"\326L2\221X\305\340G\004\315WA\177@\245?:-\376\033\257"
 222      58C5E047 
 222      04CD5741 
 222      7F40A53F 
 222      3A2DFE1B 
 223 02c6 50018611 		.ascii	"P\001\206\021rH\243\236\257\216\312D0\3421pN\314\340"
 223      7248A39E 
 223      AF8ECA44 
 223      30E23170 
 223      4ECCE0
 224 02d9 7BE0A47E 		.ascii	"{\340\244~[Y\321\245l\314(o\314Ht\030f\036\266?J\217"
 224      5B59D1A5 
 224      6CCC286F 
 224      CC487418 
 224      661EB63F 
 225 02ef 0EC361F3 		.ascii	"\016\303a\363\257\027)=\204~:f\007^\015\320\033\337"
 225      AF17293D 
 225      847E3A66 
 225      075E0DD0 
 225      1BDF
 226 0301 9C006FCE 		.ascii	"\234\000o\316\375\305\306!\2038\2474\347\311P\327\343"
 226      FDC5C621 
 226      8338A734 
 226      E7C950D7 
 226      E3
 227 0312 0450C647 		.ascii	"\004P\306GC\275\2220\016S\003\375\367\015\3528L7\033"
 227      43BD9230 
 227      0E5303FD 
 227      F70DEA38 
 227      4C371B
 228 0325 5CD48FF5 		.ascii	"\\\324\217\365\300$\321\012\3064\314\261x\314q\216y"
 228      C024D10A 
 228      C634CCB1 
 228      78CC718E 
 228      79
 229 0336 DBF9B459 		.ascii	"\333\371\264Y\022\017+\177qw\313\251\263\011S\357K\300"
 229      120F2B7F 
 229      7177CBA9 
ARM GAS  C:\Users\prana\AppData\Local\Temp\ccrMjeVz.s 			page 17


 229      B30953EF 
 229      4BC0
 230 0348 9C48C0BC 		.ascii	"\234H\300\274\333x\347\027@\314\036\304tO\2111L\264"
 230      DB78E717 
 230      40CC1EC4 
 230      744F8931 
 230      4CB4
 231 035a 82AB1AE6 		.ascii	"\202\253\032\346\325x\314I\206)\236:\367\354\314z\214"
 231      D578CC49 
 231      86299E3A 
 231      F7ECCC7A 
 231      8C
 232 036b CA7ED271 		.ascii	"\312~\322q\212\335\013G\"\237F\"\351\020\004\211p\005"
 232      8ADD0B47 
 232      229F4622 
 232      E9100489 
 232      7005
 233 037d 6D3D59D6 		.ascii	"m=Y\326\324\272\211+\232\370\235\223x\027\020\376\205"
 233      D4BA892B 
 233      9AF89D93 
 233      781710FE 
 233      85
 234 038e C0353C4F 		.ascii	"\3005<O\261n\343\0219\035\271\363\305\317iR\023c\377"
 234      B16EE311 
 234      391DB9F3 
 234      C5CF6952 
 234      1363FF
 235 03a1 7F2E0FF4 		.ascii	"\177.\017\364\270|\233\266\245\211^\236\277\020j\036"
 235      B87C9BB6 
 235      A5895E9E 
 235      BF106A1E 
 236 03b1 F852D486 		.ascii	"\370R\324\206|\271\262\365\010\313\350:VaF\313h\032"
 236      7CB9B2F5 
 236      08CBE83A 
 236      566146CB 
 236      681A
 237 03c3 D4317F11 		.ascii	"\3241\177\021d69\310\337O\257|n0|\026\273\323xD-\225"
 237      643639C8 
 237      DF4FAF7C 
 237      6E307C16 
 237      BBD37844 
 238 03d9 1018F8D5 		.ascii	"\020\030\370\325\313\336/W\225Y,\326\252\312\352\367"
 238      CBDE2F57 
 238      95592CD6 
 238      AACAEAF7 
 239 03e9 3FB45697 		.ascii	"?\264V\227W\230\313\267[K\337{\327jq\324\332\035\345"
 239      5798CBB7 
 239      5B4BDF7B 
 239      D76A71D4 
 239      DA1DE5
 240 03fc 9FAC336F 		.ascii	"\237\2543o\377 \257\264\250\210\350\367\333\352\035"
 240      FF20AFB4 
 240      A888E8F7 
 240      DBEA1D
 241 040b 25C5AF9A 		.ascii	"%\305\257\232\345z\331^\353\220wY-\015\373\355u\362"
 241      E57AD95E 
 241      EB907759 
ARM GAS  C:\Users\prana\AppData\Local\Temp\ccrMjeVz.s 			page 18


 241      2D0DFBED 
 241      75F2
 242 041d 8E2A4B43 		.ascii	"\216*KC\351\353[\353\0168\016\354\225\367\025~D\266"
 242      E9EB5BEB 
 242      0E380EEC 
 242      95F7157E 
 242      44B6
 243 042f 26B7D891 		.ascii	"&\267\330\221\024\246\260\216lJ\205\337\260\2678\305"
 243      14A6B08E 
 243      6C4A85DF 
 243      B0B738C5 
 244 043f 27D95161 		.ascii	"'\331Qa\257\255s\330\032\352k\367\224\331>\266\355\222"
 244      AFAD73D8 
 244      1AEA6BF7 
 244      94D93EB6 
 244      ED92
 245 0451 EDD5F26E 		.ascii	"\355\325\362n\333>\207lOc4\337\344d\213\3360%\3677\313"
 245      DB3E876C 
 245      4F6334DF 
 245      E4648BDE 
 245      3025F737 
 246 0466 8E355E29 		.ascii	"\2165^)\200\314\377\005d\227w\227\024\377\013\201\323"
 246      80CCFF05 
 246      64977797 
 246      14FF0B81 
 246      D3
 247 0477 53B8     		.ascii	"S\270"
 248              		.text
 249              		.section	.gnu.lto_.symtab.b369b28d,"",%progbits
 250 0000 50445353 		.ascii	"PDSS_PORTX_REFGEN_CLK_StartEx\000"
 250      5F504F52 
 250      54585F52 
 250      45464745 
 250      4E5F434C 
 251 001e 00       		.ascii	"\000"
 252 001f 00       		.ascii	"\000"
 253 0020 00       		.ascii	"\000"
 254 0021 00000000 		.ascii	"\000\000\000\000\000\000\000\000"
 254      00000000 
 255 0029 B5000000 		.ascii	"\265\000\000\000"
 256 002d 50445353 		.ascii	"PDSS_PORTX_REFGEN_CLK_Stop\000"
 256      5F504F52 
 256      54585F52 
 256      45464745 
 256      4E5F434C 
 257 0048 00       		.ascii	"\000"
 258 0049 00       		.ascii	"\000"
 259 004a 00       		.ascii	"\000"
 260 004b 00000000 		.ascii	"\000\000\000\000\000\000\000\000"
 260      00000000 
 261 0053 B8000000 		.ascii	"\270\000\000\000"
 262 0057 50445353 		.ascii	"PDSS_PORTX_REFGEN_CLK_SetFractionalDividerRegister\000"
 262      5F504F52 
 262      54585F52 
 262      45464745 
 262      4E5F434C 
 263 008a 00       		.ascii	"\000"
ARM GAS  C:\Users\prana\AppData\Local\Temp\ccrMjeVz.s 			page 19


 264 008b 00       		.ascii	"\000"
 265 008c 00       		.ascii	"\000"
 266 008d 00000000 		.ascii	"\000\000\000\000\000\000\000\000"
 266      00000000 
 267 0095 C7000000 		.ascii	"\307\000\000\000"
 268 0099 50445353 		.ascii	"PDSS_PORTX_REFGEN_CLK_GetDividerRegister\000"
 268      5F504F52 
 268      54585F52 
 268      45464745 
 268      4E5F434C 
 269 00c2 00       		.ascii	"\000"
 270 00c3 00       		.ascii	"\000"
 271 00c4 00       		.ascii	"\000"
 272 00c5 00000000 		.ascii	"\000\000\000\000\000\000\000\000"
 272      00000000 
 273 00cd CA000000 		.ascii	"\312\000\000\000"
 274 00d1 50445353 		.ascii	"PDSS_PORTX_REFGEN_CLK_GetFractionalDividerRegister\000"
 274      5F504F52 
 274      54585F52 
 274      45464745 
 274      4E5F434C 
 275 0104 00       		.ascii	"\000"
 276 0105 00       		.ascii	"\000"
 277 0106 00       		.ascii	"\000"
 278 0107 00000000 		.ascii	"\000\000\000\000\000\000\000\000"
 278      00000000 
 279 010f CD000000 		.ascii	"\315\000\000\000"
 280              		.text
 281              		.section	.gnu.lto_.opts,"",%progbits
 282 0000 272D666D 		.ascii	"'-fmath-errno' '-fsigned-zeros' '-ftrapping-math' '"
 282      6174682D 
 282      6572726E 
 282      6F272027 
 282      2D667369 
 283 0033 2D666E6F 		.ascii	"-fno-trapv' '-fno-openmp' '-fno-openacc' '-mcpu=cor"
 283      2D747261 
 283      70762720 
 283      272D666E 
 283      6F2D6F70 
 284 0066 7465782D 		.ascii	"tex-m0' '-mthumb' '-g' '-Os' '-Werror' '-ffunction-"
 284      6D302720 
 284      272D6D74 
 284      68756D62 
 284      2720272D 
 285 0099 73656374 		.ascii	"sections' '-ffat-lto-objects' '-finline-functions' "
 285      696F6E73 
 285      2720272D 
 285      66666174 
 285      2D6C746F 
 286 00cc 272D666C 		.ascii	"'-flto' '-fno-strict-aliasing'\000"
 286      746F2720 
 286      272D666E 
 286      6F2D7374 
 286      72696374 
 287              		.text
 288              		.cfi_sections	.debug_frame
 289              		.section	.text.PDSS_PORTX_REFGEN_CLK_StartEx,"ax",%progbits
ARM GAS  C:\Users\prana\AppData\Local\Temp\ccrMjeVz.s 			page 20


 290              		.align	1
 291              		.global	PDSS_PORTX_REFGEN_CLK_StartEx
 292              		.code	16
 293              		.thumb_func
 294              		.type	PDSS_PORTX_REFGEN_CLK_StartEx, %function
 295              	PDSS_PORTX_REFGEN_CLK_StartEx:
 296              	.LFB0:
 297              		.file 1 "Generated_Source\\PSoC4\\PDSS_PORTX_REFGEN_CLK.c"
   1:Generated_Source\PSoC4/PDSS_PORTX_REFGEN_CLK.c **** /*******************************************************************************
   2:Generated_Source\PSoC4/PDSS_PORTX_REFGEN_CLK.c **** * File Name: PDSS_PORTX_REFGEN_CLK.c
   3:Generated_Source\PSoC4/PDSS_PORTX_REFGEN_CLK.c **** * Version 2.20
   4:Generated_Source\PSoC4/PDSS_PORTX_REFGEN_CLK.c **** *
   5:Generated_Source\PSoC4/PDSS_PORTX_REFGEN_CLK.c **** *  Description:
   6:Generated_Source\PSoC4/PDSS_PORTX_REFGEN_CLK.c **** *   Provides system API for the clocking, interrupts and watchdog timer.
   7:Generated_Source\PSoC4/PDSS_PORTX_REFGEN_CLK.c **** *
   8:Generated_Source\PSoC4/PDSS_PORTX_REFGEN_CLK.c **** *  Note:
   9:Generated_Source\PSoC4/PDSS_PORTX_REFGEN_CLK.c **** *   Documentation of the API's in this file is located in the
  10:Generated_Source\PSoC4/PDSS_PORTX_REFGEN_CLK.c **** *   System Reference Guide provided with PSoC Creator.
  11:Generated_Source\PSoC4/PDSS_PORTX_REFGEN_CLK.c **** *
  12:Generated_Source\PSoC4/PDSS_PORTX_REFGEN_CLK.c **** ********************************************************************************
  13:Generated_Source\PSoC4/PDSS_PORTX_REFGEN_CLK.c **** * Copyright 2008-2012, Cypress Semiconductor Corporation.  All rights reserved.
  14:Generated_Source\PSoC4/PDSS_PORTX_REFGEN_CLK.c **** * You may use this file only in accordance with the license, terms, conditions,
  15:Generated_Source\PSoC4/PDSS_PORTX_REFGEN_CLK.c **** * disclaimers, and limitations in the end user license agreement accompanying
  16:Generated_Source\PSoC4/PDSS_PORTX_REFGEN_CLK.c **** * the software package with which this file was provided.
  17:Generated_Source\PSoC4/PDSS_PORTX_REFGEN_CLK.c **** *******************************************************************************/
  18:Generated_Source\PSoC4/PDSS_PORTX_REFGEN_CLK.c **** 
  19:Generated_Source\PSoC4/PDSS_PORTX_REFGEN_CLK.c **** #include <cydevice_trm.h>
  20:Generated_Source\PSoC4/PDSS_PORTX_REFGEN_CLK.c **** #include "PDSS_PORTX_REFGEN_CLK.h"
  21:Generated_Source\PSoC4/PDSS_PORTX_REFGEN_CLK.c **** 
  22:Generated_Source\PSoC4/PDSS_PORTX_REFGEN_CLK.c **** #if defined CYREG_PERI_DIV_CMD
  23:Generated_Source\PSoC4/PDSS_PORTX_REFGEN_CLK.c **** 
  24:Generated_Source\PSoC4/PDSS_PORTX_REFGEN_CLK.c **** /*******************************************************************************
  25:Generated_Source\PSoC4/PDSS_PORTX_REFGEN_CLK.c **** * Function Name: PDSS_PORTX_REFGEN_CLK_StartEx
  26:Generated_Source\PSoC4/PDSS_PORTX_REFGEN_CLK.c **** ********************************************************************************
  27:Generated_Source\PSoC4/PDSS_PORTX_REFGEN_CLK.c **** *
  28:Generated_Source\PSoC4/PDSS_PORTX_REFGEN_CLK.c **** * Summary:
  29:Generated_Source\PSoC4/PDSS_PORTX_REFGEN_CLK.c **** *  Starts the clock, aligned to the specified running clock.
  30:Generated_Source\PSoC4/PDSS_PORTX_REFGEN_CLK.c **** *
  31:Generated_Source\PSoC4/PDSS_PORTX_REFGEN_CLK.c **** * Parameters:
  32:Generated_Source\PSoC4/PDSS_PORTX_REFGEN_CLK.c **** *  alignClkDiv:  The divider to which phase alignment is performed when the
  33:Generated_Source\PSoC4/PDSS_PORTX_REFGEN_CLK.c **** *    clock is started.
  34:Generated_Source\PSoC4/PDSS_PORTX_REFGEN_CLK.c **** *
  35:Generated_Source\PSoC4/PDSS_PORTX_REFGEN_CLK.c **** * Returns:
  36:Generated_Source\PSoC4/PDSS_PORTX_REFGEN_CLK.c **** *  None
  37:Generated_Source\PSoC4/PDSS_PORTX_REFGEN_CLK.c **** *
  38:Generated_Source\PSoC4/PDSS_PORTX_REFGEN_CLK.c **** *******************************************************************************/
  39:Generated_Source\PSoC4/PDSS_PORTX_REFGEN_CLK.c **** void PDSS_PORTX_REFGEN_CLK_StartEx(uint32 alignClkDiv)
  40:Generated_Source\PSoC4/PDSS_PORTX_REFGEN_CLK.c **** {
 298              		.loc 1 40 0
 299              		.cfi_startproc
 300              		@ args = 0, pretend = 0, frame = 0
 301              		@ frame_needed = 0, uses_anonymous_args = 0
 302              		@ link register save eliminated.
 303              	.LVL0:
  41:Generated_Source\PSoC4/PDSS_PORTX_REFGEN_CLK.c ****     /* Make sure any previous start command has finished. */
  42:Generated_Source\PSoC4/PDSS_PORTX_REFGEN_CLK.c ****     while((PDSS_PORTX_REFGEN_CLK_CMD_REG & PDSS_PORTX_REFGEN_CLK_CMD_ENABLE_MASK) != 0u)
 304              		.loc 1 42 0
ARM GAS  C:\Users\prana\AppData\Local\Temp\ccrMjeVz.s 			page 21


 305 0000 044A     		ldr	r2, .L5
 306              	.L2:
 307              		.loc 1 42 0 is_stmt 0 discriminator 1
 308 0002 1368     		ldr	r3, [r2]
 309 0004 002B     		cmp	r3, #0
 310 0006 FCDB     		blt	.L2
  43:Generated_Source\PSoC4/PDSS_PORTX_REFGEN_CLK.c ****     {
  44:Generated_Source\PSoC4/PDSS_PORTX_REFGEN_CLK.c ****     }
  45:Generated_Source\PSoC4/PDSS_PORTX_REFGEN_CLK.c ****     
  46:Generated_Source\PSoC4/PDSS_PORTX_REFGEN_CLK.c ****     /* Specify the target divider and it's alignment divider, and enable. */
  47:Generated_Source\PSoC4/PDSS_PORTX_REFGEN_CLK.c ****     PDSS_PORTX_REFGEN_CLK_CMD_REG =
  48:Generated_Source\PSoC4/PDSS_PORTX_REFGEN_CLK.c ****         ((uint32)PDSS_PORTX_REFGEN_CLK__DIV_ID << PDSS_PORTX_REFGEN_CLK_CMD_DIV_SHIFT)|
  49:Generated_Source\PSoC4/PDSS_PORTX_REFGEN_CLK.c ****         (alignClkDiv << PDSS_PORTX_REFGEN_CLK_CMD_PA_DIV_SHIFT) |
 311              		.loc 1 49 0 is_stmt 1
 312 0008 034B     		ldr	r3, .L5+4
 313 000a 0002     		lsls	r0, r0, #8
 314              	.LVL1:
 315 000c 1843     		orrs	r0, r3
  47:Generated_Source\PSoC4/PDSS_PORTX_REFGEN_CLK.c ****         ((uint32)PDSS_PORTX_REFGEN_CLK__DIV_ID << PDSS_PORTX_REFGEN_CLK_CMD_DIV_SHIFT)|
 316              		.loc 1 47 0
 317 000e 014B     		ldr	r3, .L5
  50:Generated_Source\PSoC4/PDSS_PORTX_REFGEN_CLK.c ****         (uint32)PDSS_PORTX_REFGEN_CLK_CMD_ENABLE_MASK;
  51:Generated_Source\PSoC4/PDSS_PORTX_REFGEN_CLK.c **** }
 318              		.loc 1 51 0
 319              		@ sp needed
  47:Generated_Source\PSoC4/PDSS_PORTX_REFGEN_CLK.c ****         ((uint32)PDSS_PORTX_REFGEN_CLK__DIV_ID << PDSS_PORTX_REFGEN_CLK_CMD_DIV_SHIFT)|
 320              		.loc 1 47 0
 321 0010 1860     		str	r0, [r3]
 322              		.loc 1 51 0
 323 0012 7047     		bx	lr
 324              	.L6:
 325              		.align	2
 326              	.L5:
 327 0014 00000140 		.word	1073807360
 328 0018 43000080 		.word	-2147483581
 329              		.cfi_endproc
 330              	.LFE0:
 331              		.size	PDSS_PORTX_REFGEN_CLK_StartEx, .-PDSS_PORTX_REFGEN_CLK_StartEx
 332              		.section	.text.PDSS_PORTX_REFGEN_CLK_Stop,"ax",%progbits
 333              		.align	1
 334              		.global	PDSS_PORTX_REFGEN_CLK_Stop
 335              		.code	16
 336              		.thumb_func
 337              		.type	PDSS_PORTX_REFGEN_CLK_Stop, %function
 338              	PDSS_PORTX_REFGEN_CLK_Stop:
 339              	.LFB1:
  52:Generated_Source\PSoC4/PDSS_PORTX_REFGEN_CLK.c **** 
  53:Generated_Source\PSoC4/PDSS_PORTX_REFGEN_CLK.c **** #else
  54:Generated_Source\PSoC4/PDSS_PORTX_REFGEN_CLK.c **** 
  55:Generated_Source\PSoC4/PDSS_PORTX_REFGEN_CLK.c **** /*******************************************************************************
  56:Generated_Source\PSoC4/PDSS_PORTX_REFGEN_CLK.c **** * Function Name: PDSS_PORTX_REFGEN_CLK_Start
  57:Generated_Source\PSoC4/PDSS_PORTX_REFGEN_CLK.c **** ********************************************************************************
  58:Generated_Source\PSoC4/PDSS_PORTX_REFGEN_CLK.c **** *
  59:Generated_Source\PSoC4/PDSS_PORTX_REFGEN_CLK.c **** * Summary:
  60:Generated_Source\PSoC4/PDSS_PORTX_REFGEN_CLK.c **** *  Starts the clock.
  61:Generated_Source\PSoC4/PDSS_PORTX_REFGEN_CLK.c **** *
  62:Generated_Source\PSoC4/PDSS_PORTX_REFGEN_CLK.c **** * Parameters:
ARM GAS  C:\Users\prana\AppData\Local\Temp\ccrMjeVz.s 			page 22


  63:Generated_Source\PSoC4/PDSS_PORTX_REFGEN_CLK.c **** *  None
  64:Generated_Source\PSoC4/PDSS_PORTX_REFGEN_CLK.c **** *
  65:Generated_Source\PSoC4/PDSS_PORTX_REFGEN_CLK.c **** * Returns:
  66:Generated_Source\PSoC4/PDSS_PORTX_REFGEN_CLK.c **** *  None
  67:Generated_Source\PSoC4/PDSS_PORTX_REFGEN_CLK.c **** *
  68:Generated_Source\PSoC4/PDSS_PORTX_REFGEN_CLK.c **** *******************************************************************************/
  69:Generated_Source\PSoC4/PDSS_PORTX_REFGEN_CLK.c **** 
  70:Generated_Source\PSoC4/PDSS_PORTX_REFGEN_CLK.c **** void PDSS_PORTX_REFGEN_CLK_Start(void)
  71:Generated_Source\PSoC4/PDSS_PORTX_REFGEN_CLK.c **** {
  72:Generated_Source\PSoC4/PDSS_PORTX_REFGEN_CLK.c ****     /* Set the bit to enable the clock. */
  73:Generated_Source\PSoC4/PDSS_PORTX_REFGEN_CLK.c ****     PDSS_PORTX_REFGEN_CLK_ENABLE_REG |= PDSS_PORTX_REFGEN_CLK__ENABLE_MASK;
  74:Generated_Source\PSoC4/PDSS_PORTX_REFGEN_CLK.c **** }
  75:Generated_Source\PSoC4/PDSS_PORTX_REFGEN_CLK.c **** 
  76:Generated_Source\PSoC4/PDSS_PORTX_REFGEN_CLK.c **** #endif /* CYREG_PERI_DIV_CMD */
  77:Generated_Source\PSoC4/PDSS_PORTX_REFGEN_CLK.c **** 
  78:Generated_Source\PSoC4/PDSS_PORTX_REFGEN_CLK.c **** 
  79:Generated_Source\PSoC4/PDSS_PORTX_REFGEN_CLK.c **** /*******************************************************************************
  80:Generated_Source\PSoC4/PDSS_PORTX_REFGEN_CLK.c **** * Function Name: PDSS_PORTX_REFGEN_CLK_Stop
  81:Generated_Source\PSoC4/PDSS_PORTX_REFGEN_CLK.c **** ********************************************************************************
  82:Generated_Source\PSoC4/PDSS_PORTX_REFGEN_CLK.c **** *
  83:Generated_Source\PSoC4/PDSS_PORTX_REFGEN_CLK.c **** * Summary:
  84:Generated_Source\PSoC4/PDSS_PORTX_REFGEN_CLK.c **** *  Stops the clock and returns immediately. This API does not require the
  85:Generated_Source\PSoC4/PDSS_PORTX_REFGEN_CLK.c **** *  source clock to be running but may return before the hardware is actually
  86:Generated_Source\PSoC4/PDSS_PORTX_REFGEN_CLK.c **** *  disabled.
  87:Generated_Source\PSoC4/PDSS_PORTX_REFGEN_CLK.c **** *
  88:Generated_Source\PSoC4/PDSS_PORTX_REFGEN_CLK.c **** * Parameters:
  89:Generated_Source\PSoC4/PDSS_PORTX_REFGEN_CLK.c **** *  None
  90:Generated_Source\PSoC4/PDSS_PORTX_REFGEN_CLK.c **** *
  91:Generated_Source\PSoC4/PDSS_PORTX_REFGEN_CLK.c **** * Returns:
  92:Generated_Source\PSoC4/PDSS_PORTX_REFGEN_CLK.c **** *  None
  93:Generated_Source\PSoC4/PDSS_PORTX_REFGEN_CLK.c **** *
  94:Generated_Source\PSoC4/PDSS_PORTX_REFGEN_CLK.c **** *******************************************************************************/
  95:Generated_Source\PSoC4/PDSS_PORTX_REFGEN_CLK.c **** void PDSS_PORTX_REFGEN_CLK_Stop(void)
  96:Generated_Source\PSoC4/PDSS_PORTX_REFGEN_CLK.c **** {
 340              		.loc 1 96 0
 341              		.cfi_startproc
 342              		@ args = 0, pretend = 0, frame = 0
 343              		@ frame_needed = 0, uses_anonymous_args = 0
 344              		@ link register save eliminated.
  97:Generated_Source\PSoC4/PDSS_PORTX_REFGEN_CLK.c **** #if defined CYREG_PERI_DIV_CMD
  98:Generated_Source\PSoC4/PDSS_PORTX_REFGEN_CLK.c **** 
  99:Generated_Source\PSoC4/PDSS_PORTX_REFGEN_CLK.c ****     /* Make sure any previous start command has finished. */
 100:Generated_Source\PSoC4/PDSS_PORTX_REFGEN_CLK.c ****     while((PDSS_PORTX_REFGEN_CLK_CMD_REG & PDSS_PORTX_REFGEN_CLK_CMD_ENABLE_MASK) != 0u)
 345              		.loc 1 100 0
 346 0000 034A     		ldr	r2, .L10
 347              	.L8:
 348              		.loc 1 100 0 is_stmt 0 discriminator 1
 349 0002 1368     		ldr	r3, [r2]
 350 0004 002B     		cmp	r3, #0
 351 0006 FCDB     		blt	.L8
 101:Generated_Source\PSoC4/PDSS_PORTX_REFGEN_CLK.c ****     {
 102:Generated_Source\PSoC4/PDSS_PORTX_REFGEN_CLK.c ****     }
 103:Generated_Source\PSoC4/PDSS_PORTX_REFGEN_CLK.c ****     
 104:Generated_Source\PSoC4/PDSS_PORTX_REFGEN_CLK.c ****     /* Specify the target divider and it's alignment divider, and disable. */
 105:Generated_Source\PSoC4/PDSS_PORTX_REFGEN_CLK.c ****     PDSS_PORTX_REFGEN_CLK_CMD_REG =
 352              		.loc 1 105 0 is_stmt 1
 353 0008 024A     		ldr	r2, .L10+4
ARM GAS  C:\Users\prana\AppData\Local\Temp\ccrMjeVz.s 			page 23


 354 000a 014B     		ldr	r3, .L10
 106:Generated_Source\PSoC4/PDSS_PORTX_REFGEN_CLK.c ****         ((uint32)PDSS_PORTX_REFGEN_CLK__DIV_ID << PDSS_PORTX_REFGEN_CLK_CMD_DIV_SHIFT)|
 107:Generated_Source\PSoC4/PDSS_PORTX_REFGEN_CLK.c ****         ((uint32)PDSS_PORTX_REFGEN_CLK_CMD_DISABLE_MASK);
 108:Generated_Source\PSoC4/PDSS_PORTX_REFGEN_CLK.c **** 
 109:Generated_Source\PSoC4/PDSS_PORTX_REFGEN_CLK.c **** #else
 110:Generated_Source\PSoC4/PDSS_PORTX_REFGEN_CLK.c **** 
 111:Generated_Source\PSoC4/PDSS_PORTX_REFGEN_CLK.c ****     /* Clear the bit to disable the clock. */
 112:Generated_Source\PSoC4/PDSS_PORTX_REFGEN_CLK.c ****     PDSS_PORTX_REFGEN_CLK_ENABLE_REG &= (uint32)(~PDSS_PORTX_REFGEN_CLK__ENABLE_MASK);
 113:Generated_Source\PSoC4/PDSS_PORTX_REFGEN_CLK.c ****     
 114:Generated_Source\PSoC4/PDSS_PORTX_REFGEN_CLK.c **** #endif /* CYREG_PERI_DIV_CMD */
 115:Generated_Source\PSoC4/PDSS_PORTX_REFGEN_CLK.c **** }
 355              		.loc 1 115 0
 356              		@ sp needed
 105:Generated_Source\PSoC4/PDSS_PORTX_REFGEN_CLK.c ****         ((uint32)PDSS_PORTX_REFGEN_CLK__DIV_ID << PDSS_PORTX_REFGEN_CLK_CMD_DIV_SHIFT)|
 357              		.loc 1 105 0
 358 000c 1A60     		str	r2, [r3]
 359              		.loc 1 115 0
 360 000e 7047     		bx	lr
 361              	.L11:
 362              		.align	2
 363              	.L10:
 364 0010 00000140 		.word	1073807360
 365 0014 43000040 		.word	1073741891
 366              		.cfi_endproc
 367              	.LFE1:
 368              		.size	PDSS_PORTX_REFGEN_CLK_Stop, .-PDSS_PORTX_REFGEN_CLK_Stop
 369              		.section	.text.PDSS_PORTX_REFGEN_CLK_SetFractionalDividerRegister,"ax",%progbits
 370              		.align	1
 371              		.global	PDSS_PORTX_REFGEN_CLK_SetFractionalDividerRegister
 372              		.code	16
 373              		.thumb_func
 374              		.type	PDSS_PORTX_REFGEN_CLK_SetFractionalDividerRegister, %function
 375              	PDSS_PORTX_REFGEN_CLK_SetFractionalDividerRegister:
 376              	.LFB2:
 116:Generated_Source\PSoC4/PDSS_PORTX_REFGEN_CLK.c **** 
 117:Generated_Source\PSoC4/PDSS_PORTX_REFGEN_CLK.c **** 
 118:Generated_Source\PSoC4/PDSS_PORTX_REFGEN_CLK.c **** /*******************************************************************************
 119:Generated_Source\PSoC4/PDSS_PORTX_REFGEN_CLK.c **** * Function Name: PDSS_PORTX_REFGEN_CLK_SetFractionalDividerRegister
 120:Generated_Source\PSoC4/PDSS_PORTX_REFGEN_CLK.c **** ********************************************************************************
 121:Generated_Source\PSoC4/PDSS_PORTX_REFGEN_CLK.c **** *
 122:Generated_Source\PSoC4/PDSS_PORTX_REFGEN_CLK.c **** * Summary:
 123:Generated_Source\PSoC4/PDSS_PORTX_REFGEN_CLK.c **** *  Modifies the clock divider and the fractional divider.
 124:Generated_Source\PSoC4/PDSS_PORTX_REFGEN_CLK.c **** *
 125:Generated_Source\PSoC4/PDSS_PORTX_REFGEN_CLK.c **** * Parameters:
 126:Generated_Source\PSoC4/PDSS_PORTX_REFGEN_CLK.c **** *  clkDivider:  Divider register value (0-65535). This value is NOT the
 127:Generated_Source\PSoC4/PDSS_PORTX_REFGEN_CLK.c **** *    divider; the clock hardware divides by clkDivider plus one. For example,
 128:Generated_Source\PSoC4/PDSS_PORTX_REFGEN_CLK.c **** *    to divide the clock by 2, this parameter should be set to 1.
 129:Generated_Source\PSoC4/PDSS_PORTX_REFGEN_CLK.c **** *  fracDivider:  Fractional Divider register value (0-31).
 130:Generated_Source\PSoC4/PDSS_PORTX_REFGEN_CLK.c **** * Returns:
 131:Generated_Source\PSoC4/PDSS_PORTX_REFGEN_CLK.c **** *  None
 132:Generated_Source\PSoC4/PDSS_PORTX_REFGEN_CLK.c **** *
 133:Generated_Source\PSoC4/PDSS_PORTX_REFGEN_CLK.c **** *******************************************************************************/
 134:Generated_Source\PSoC4/PDSS_PORTX_REFGEN_CLK.c **** void PDSS_PORTX_REFGEN_CLK_SetFractionalDividerRegister(uint16 clkDivider, uint8 clkFractional)
 135:Generated_Source\PSoC4/PDSS_PORTX_REFGEN_CLK.c **** {
 377              		.loc 1 135 0
 378              		.cfi_startproc
 379              		@ args = 0, pretend = 0, frame = 0
ARM GAS  C:\Users\prana\AppData\Local\Temp\ccrMjeVz.s 			page 24


 380              		@ frame_needed = 0, uses_anonymous_args = 0
 381              	.LVL2:
 136:Generated_Source\PSoC4/PDSS_PORTX_REFGEN_CLK.c ****     uint32 maskVal;
 137:Generated_Source\PSoC4/PDSS_PORTX_REFGEN_CLK.c ****     uint32 regVal;
 138:Generated_Source\PSoC4/PDSS_PORTX_REFGEN_CLK.c ****     
 139:Generated_Source\PSoC4/PDSS_PORTX_REFGEN_CLK.c **** #if defined (PDSS_PORTX_REFGEN_CLK__FRAC_MASK) || defined (CYREG_PERI_DIV_CMD)
 140:Generated_Source\PSoC4/PDSS_PORTX_REFGEN_CLK.c ****     
 141:Generated_Source\PSoC4/PDSS_PORTX_REFGEN_CLK.c **** 	/* get all but divider bits */
 142:Generated_Source\PSoC4/PDSS_PORTX_REFGEN_CLK.c ****     maskVal = PDSS_PORTX_REFGEN_CLK_DIV_REG & 
 143:Generated_Source\PSoC4/PDSS_PORTX_REFGEN_CLK.c ****                     (uint32)(~(uint32)(PDSS_PORTX_REFGEN_CLK_DIV_INT_MASK | PDSS_PORTX_REFGEN_CLK_D
 144:Generated_Source\PSoC4/PDSS_PORTX_REFGEN_CLK.c **** 	/* combine mask and new divider vals into 32-bit value */
 145:Generated_Source\PSoC4/PDSS_PORTX_REFGEN_CLK.c ****     regVal = maskVal |
 382              		.loc 1 145 0
 383 0000 FF22     		movs	r2, #255
 384 0002 C900     		lsls	r1, r1, #3
 385              	.LVL3:
 386 0004 1140     		ands	r1, r2
 387 0006 0202     		lsls	r2, r0, #8
 388 0008 1143     		orrs	r1, r2
 389 000a 0723     		movs	r3, #7
 390 000c 0800     		movs	r0, r1
 391              	.LVL4:
 135:Generated_Source\PSoC4/PDSS_PORTX_REFGEN_CLK.c ****     uint32 maskVal;
 392              		.loc 1 135 0
 393 000e 30B5     		push	{r4, r5, lr}
 394              		.cfi_def_cfa_offset 12
 395              		.cfi_offset 4, -12
 396              		.cfi_offset 5, -8
 397              		.cfi_offset 14, -4
 142:Generated_Source\PSoC4/PDSS_PORTX_REFGEN_CLK.c ****                     (uint32)(~(uint32)(PDSS_PORTX_REFGEN_CLK_DIV_INT_MASK | PDSS_PORTX_REFGEN_CLK_D
 398              		.loc 1 142 0
 399 0010 024C     		ldr	r4, .L13
 146:Generated_Source\PSoC4/PDSS_PORTX_REFGEN_CLK.c ****         ((uint32)((uint32)clkDivider <<  PDSS_PORTX_REFGEN_CLK_DIV_INT_SHIFT) & PDSS_PORTX_REFGEN_C
 147:Generated_Source\PSoC4/PDSS_PORTX_REFGEN_CLK.c ****         ((uint32)((uint32)clkFractional << PDSS_PORTX_REFGEN_CLK_DIV_FRAC_SHIFT) & PDSS_PORTX_REFGE
 148:Generated_Source\PSoC4/PDSS_PORTX_REFGEN_CLK.c ****     
 149:Generated_Source\PSoC4/PDSS_PORTX_REFGEN_CLK.c **** #else
 150:Generated_Source\PSoC4/PDSS_PORTX_REFGEN_CLK.c ****     /* get all but integer divider bits */
 151:Generated_Source\PSoC4/PDSS_PORTX_REFGEN_CLK.c ****     maskVal = PDSS_PORTX_REFGEN_CLK_DIV_REG & (uint32)(~(uint32)PDSS_PORTX_REFGEN_CLK__DIVIDER_MASK
 152:Generated_Source\PSoC4/PDSS_PORTX_REFGEN_CLK.c ****     /* combine mask and new divider val into 32-bit value */
 153:Generated_Source\PSoC4/PDSS_PORTX_REFGEN_CLK.c ****     regVal = clkDivider | maskVal;
 154:Generated_Source\PSoC4/PDSS_PORTX_REFGEN_CLK.c ****     
 155:Generated_Source\PSoC4/PDSS_PORTX_REFGEN_CLK.c **** #endif /* PDSS_PORTX_REFGEN_CLK__FRAC_MASK || CYREG_PERI_DIV_CMD */
 156:Generated_Source\PSoC4/PDSS_PORTX_REFGEN_CLK.c **** 
 157:Generated_Source\PSoC4/PDSS_PORTX_REFGEN_CLK.c ****     PDSS_PORTX_REFGEN_CLK_DIV_REG = regVal;
 158:Generated_Source\PSoC4/PDSS_PORTX_REFGEN_CLK.c **** }
 400              		.loc 1 158 0
 401              		@ sp needed
 142:Generated_Source\PSoC4/PDSS_PORTX_REFGEN_CLK.c ****                     (uint32)(~(uint32)(PDSS_PORTX_REFGEN_CLK_DIV_INT_MASK | PDSS_PORTX_REFGEN_CLK_D
 402              		.loc 1 142 0
 403 0012 2568     		ldr	r5, [r4]
 404              	.LVL5:
 145:Generated_Source\PSoC4/PDSS_PORTX_REFGEN_CLK.c ****         ((uint32)((uint32)clkDivider <<  PDSS_PORTX_REFGEN_CLK_DIV_INT_SHIFT) & PDSS_PORTX_REFGEN_C
 405              		.loc 1 145 0
 406 0014 2B40     		ands	r3, r5
 407              	.LVL6:
 408 0016 1843     		orrs	r0, r3
 409              	.LVL7:
ARM GAS  C:\Users\prana\AppData\Local\Temp\ccrMjeVz.s 			page 25


 157:Generated_Source\PSoC4/PDSS_PORTX_REFGEN_CLK.c **** }
 410              		.loc 1 157 0
 411 0018 2060     		str	r0, [r4]
 412              		.loc 1 158 0
 413 001a 30BD     		pop	{r4, r5, pc}
 414              	.L14:
 415              		.align	2
 416              	.L13:
 417 001c 0C030140 		.word	1073808140
 418              		.cfi_endproc
 419              	.LFE2:
 420              		.size	PDSS_PORTX_REFGEN_CLK_SetFractionalDividerRegister, .-PDSS_PORTX_REFGEN_CLK_SetFractionalDiv
 421              		.section	.text.PDSS_PORTX_REFGEN_CLK_GetDividerRegister,"ax",%progbits
 422              		.align	1
 423              		.global	PDSS_PORTX_REFGEN_CLK_GetDividerRegister
 424              		.code	16
 425              		.thumb_func
 426              		.type	PDSS_PORTX_REFGEN_CLK_GetDividerRegister, %function
 427              	PDSS_PORTX_REFGEN_CLK_GetDividerRegister:
 428              	.LFB3:
 159:Generated_Source\PSoC4/PDSS_PORTX_REFGEN_CLK.c **** 
 160:Generated_Source\PSoC4/PDSS_PORTX_REFGEN_CLK.c **** 
 161:Generated_Source\PSoC4/PDSS_PORTX_REFGEN_CLK.c **** /*******************************************************************************
 162:Generated_Source\PSoC4/PDSS_PORTX_REFGEN_CLK.c **** * Function Name: PDSS_PORTX_REFGEN_CLK_GetDividerRegister
 163:Generated_Source\PSoC4/PDSS_PORTX_REFGEN_CLK.c **** ********************************************************************************
 164:Generated_Source\PSoC4/PDSS_PORTX_REFGEN_CLK.c **** *
 165:Generated_Source\PSoC4/PDSS_PORTX_REFGEN_CLK.c **** * Summary:
 166:Generated_Source\PSoC4/PDSS_PORTX_REFGEN_CLK.c **** *  Gets the clock divider register value.
 167:Generated_Source\PSoC4/PDSS_PORTX_REFGEN_CLK.c **** *
 168:Generated_Source\PSoC4/PDSS_PORTX_REFGEN_CLK.c **** * Parameters:
 169:Generated_Source\PSoC4/PDSS_PORTX_REFGEN_CLK.c **** *  None
 170:Generated_Source\PSoC4/PDSS_PORTX_REFGEN_CLK.c **** *
 171:Generated_Source\PSoC4/PDSS_PORTX_REFGEN_CLK.c **** * Returns:
 172:Generated_Source\PSoC4/PDSS_PORTX_REFGEN_CLK.c **** *  Divide value of the clock minus 1. For example, if the clock is set to
 173:Generated_Source\PSoC4/PDSS_PORTX_REFGEN_CLK.c **** *  divide by 2, the return value will be 1.
 174:Generated_Source\PSoC4/PDSS_PORTX_REFGEN_CLK.c **** *
 175:Generated_Source\PSoC4/PDSS_PORTX_REFGEN_CLK.c **** *******************************************************************************/
 176:Generated_Source\PSoC4/PDSS_PORTX_REFGEN_CLK.c **** uint16 PDSS_PORTX_REFGEN_CLK_GetDividerRegister(void)
 177:Generated_Source\PSoC4/PDSS_PORTX_REFGEN_CLK.c **** {
 429              		.loc 1 177 0
 430              		.cfi_startproc
 431              		@ args = 0, pretend = 0, frame = 0
 432              		@ frame_needed = 0, uses_anonymous_args = 0
 433              		@ link register save eliminated.
 178:Generated_Source\PSoC4/PDSS_PORTX_REFGEN_CLK.c ****     return (uint16)((PDSS_PORTX_REFGEN_CLK_DIV_REG & PDSS_PORTX_REFGEN_CLK_DIV_INT_MASK)
 434              		.loc 1 178 0
 435 0000 024B     		ldr	r3, .L16
 179:Generated_Source\PSoC4/PDSS_PORTX_REFGEN_CLK.c ****         >> PDSS_PORTX_REFGEN_CLK_DIV_INT_SHIFT);
 180:Generated_Source\PSoC4/PDSS_PORTX_REFGEN_CLK.c **** }
 436              		.loc 1 180 0
 437              		@ sp needed
 178:Generated_Source\PSoC4/PDSS_PORTX_REFGEN_CLK.c ****     return (uint16)((PDSS_PORTX_REFGEN_CLK_DIV_REG & PDSS_PORTX_REFGEN_CLK_DIV_INT_MASK)
 438              		.loc 1 178 0
 439 0002 1868     		ldr	r0, [r3]
 440 0004 000A     		lsrs	r0, r0, #8
 441 0006 80B2     		uxth	r0, r0
 442              		.loc 1 180 0
ARM GAS  C:\Users\prana\AppData\Local\Temp\ccrMjeVz.s 			page 26


 443 0008 7047     		bx	lr
 444              	.L17:
 445 000a C046     		.align	2
 446              	.L16:
 447 000c 0C030140 		.word	1073808140
 448              		.cfi_endproc
 449              	.LFE3:
 450              		.size	PDSS_PORTX_REFGEN_CLK_GetDividerRegister, .-PDSS_PORTX_REFGEN_CLK_GetDividerRegister
 451              		.section	.text.PDSS_PORTX_REFGEN_CLK_GetFractionalDividerRegister,"ax",%progbits
 452              		.align	1
 453              		.global	PDSS_PORTX_REFGEN_CLK_GetFractionalDividerRegister
 454              		.code	16
 455              		.thumb_func
 456              		.type	PDSS_PORTX_REFGEN_CLK_GetFractionalDividerRegister, %function
 457              	PDSS_PORTX_REFGEN_CLK_GetFractionalDividerRegister:
 458              	.LFB4:
 181:Generated_Source\PSoC4/PDSS_PORTX_REFGEN_CLK.c **** 
 182:Generated_Source\PSoC4/PDSS_PORTX_REFGEN_CLK.c **** 
 183:Generated_Source\PSoC4/PDSS_PORTX_REFGEN_CLK.c **** /*******************************************************************************
 184:Generated_Source\PSoC4/PDSS_PORTX_REFGEN_CLK.c **** * Function Name: PDSS_PORTX_REFGEN_CLK_GetFractionalDividerRegister
 185:Generated_Source\PSoC4/PDSS_PORTX_REFGEN_CLK.c **** ********************************************************************************
 186:Generated_Source\PSoC4/PDSS_PORTX_REFGEN_CLK.c **** *
 187:Generated_Source\PSoC4/PDSS_PORTX_REFGEN_CLK.c **** * Summary:
 188:Generated_Source\PSoC4/PDSS_PORTX_REFGEN_CLK.c **** *  Gets the clock fractional divider register value.
 189:Generated_Source\PSoC4/PDSS_PORTX_REFGEN_CLK.c **** *
 190:Generated_Source\PSoC4/PDSS_PORTX_REFGEN_CLK.c **** * Parameters:
 191:Generated_Source\PSoC4/PDSS_PORTX_REFGEN_CLK.c **** *  None
 192:Generated_Source\PSoC4/PDSS_PORTX_REFGEN_CLK.c **** *
 193:Generated_Source\PSoC4/PDSS_PORTX_REFGEN_CLK.c **** * Returns:
 194:Generated_Source\PSoC4/PDSS_PORTX_REFGEN_CLK.c **** *  Fractional Divide value of the clock
 195:Generated_Source\PSoC4/PDSS_PORTX_REFGEN_CLK.c **** *  0 if the fractional divider is not in use.
 196:Generated_Source\PSoC4/PDSS_PORTX_REFGEN_CLK.c **** *
 197:Generated_Source\PSoC4/PDSS_PORTX_REFGEN_CLK.c **** *******************************************************************************/
 198:Generated_Source\PSoC4/PDSS_PORTX_REFGEN_CLK.c **** uint8 PDSS_PORTX_REFGEN_CLK_GetFractionalDividerRegister(void)
 199:Generated_Source\PSoC4/PDSS_PORTX_REFGEN_CLK.c **** {
 459              		.loc 1 199 0
 460              		.cfi_startproc
 461              		@ args = 0, pretend = 0, frame = 0
 462              		@ frame_needed = 0, uses_anonymous_args = 0
 463              		@ link register save eliminated.
 200:Generated_Source\PSoC4/PDSS_PORTX_REFGEN_CLK.c **** #if defined (PDSS_PORTX_REFGEN_CLK__FRAC_MASK)
 201:Generated_Source\PSoC4/PDSS_PORTX_REFGEN_CLK.c ****     /* return fractional divider bits */
 202:Generated_Source\PSoC4/PDSS_PORTX_REFGEN_CLK.c ****     return (uint8)((PDSS_PORTX_REFGEN_CLK_DIV_REG & PDSS_PORTX_REFGEN_CLK_DIV_FRAC_MASK)
 203:Generated_Source\PSoC4/PDSS_PORTX_REFGEN_CLK.c ****         >> PDSS_PORTX_REFGEN_CLK_DIV_FRAC_SHIFT);
 204:Generated_Source\PSoC4/PDSS_PORTX_REFGEN_CLK.c **** #else
 205:Generated_Source\PSoC4/PDSS_PORTX_REFGEN_CLK.c ****     return 0u;
 206:Generated_Source\PSoC4/PDSS_PORTX_REFGEN_CLK.c **** #endif /* PDSS_PORTX_REFGEN_CLK__FRAC_MASK */
 207:Generated_Source\PSoC4/PDSS_PORTX_REFGEN_CLK.c **** }
 464              		.loc 1 207 0
 465 0000 0020     		movs	r0, #0
 466              		@ sp needed
 467 0002 7047     		bx	lr
 468              		.cfi_endproc
 469              	.LFE4:
 470              		.size	PDSS_PORTX_REFGEN_CLK_GetFractionalDividerRegister, .-PDSS_PORTX_REFGEN_CLK_GetFractionalDiv
 471              		.text
 472              	.Letext0:
ARM GAS  C:\Users\prana\AppData\Local\Temp\ccrMjeVz.s 			page 27


 473              		.file 2 "Generated_Source\\PSoC4/cytypes.h"
 474              		.section	.debug_info,"",%progbits
 475              	.Ldebug_info0:
 476 0000 62010000 		.4byte	0x162
 477 0004 0400     		.2byte	0x4
 478 0006 00000000 		.4byte	.Ldebug_abbrev0
 479 000a 04       		.byte	0x4
 480 000b 01       		.uleb128 0x1
 481 000c 74010000 		.4byte	.LASF25
 482 0010 0C       		.byte	0xc
 483 0011 AD020000 		.4byte	.LASF26
 484 0015 68020000 		.4byte	.LASF27
 485 0019 00000000 		.4byte	.Ldebug_ranges0+0
 486 001d 00000000 		.4byte	0
 487 0021 00000000 		.4byte	.Ldebug_line0
 488 0025 02       		.uleb128 0x2
 489 0026 01       		.byte	0x1
 490 0027 06       		.byte	0x6
 491 0028 5C020000 		.4byte	.LASF0
 492 002c 02       		.uleb128 0x2
 493 002d 01       		.byte	0x1
 494 002e 08       		.byte	0x8
 495 002f BE000000 		.4byte	.LASF1
 496 0033 02       		.uleb128 0x2
 497 0034 02       		.byte	0x2
 498 0035 05       		.byte	0x5
 499 0036 43020000 		.4byte	.LASF2
 500 003a 02       		.uleb128 0x2
 501 003b 02       		.byte	0x2
 502 003c 07       		.byte	0x7
 503 003d DE000000 		.4byte	.LASF3
 504 0041 02       		.uleb128 0x2
 505 0042 04       		.byte	0x4
 506 0043 05       		.byte	0x5
 507 0044 53020000 		.4byte	.LASF4
 508 0048 02       		.uleb128 0x2
 509 0049 04       		.byte	0x4
 510 004a 07       		.byte	0x7
 511 004b CC000000 		.4byte	.LASF5
 512 004f 02       		.uleb128 0x2
 513 0050 08       		.byte	0x8
 514 0051 05       		.byte	0x5
 515 0052 30020000 		.4byte	.LASF6
 516 0056 02       		.uleb128 0x2
 517 0057 08       		.byte	0x8
 518 0058 07       		.byte	0x7
 519 0059 5D010000 		.4byte	.LASF7
 520 005d 03       		.uleb128 0x3
 521 005e 04       		.byte	0x4
 522 005f 05       		.byte	0x5
 523 0060 696E7400 		.ascii	"int\000"
 524 0064 02       		.uleb128 0x2
 525 0065 04       		.byte	0x4
 526 0066 07       		.byte	0x7
 527 0067 50010000 		.4byte	.LASF8
 528 006b 04       		.uleb128 0x4
 529 006c 4D020000 		.4byte	.LASF9
ARM GAS  C:\Users\prana\AppData\Local\Temp\ccrMjeVz.s 			page 28


 530 0070 02       		.byte	0x2
 531 0071 D201     		.2byte	0x1d2
 532 0073 2C000000 		.4byte	0x2c
 533 0077 04       		.uleb128 0x4
 534 0078 42010000 		.4byte	.LASF10
 535 007c 02       		.byte	0x2
 536 007d D301     		.2byte	0x1d3
 537 007f 3A000000 		.4byte	0x3a
 538 0083 04       		.uleb128 0x4
 539 0084 49010000 		.4byte	.LASF11
 540 0088 02       		.byte	0x2
 541 0089 D401     		.2byte	0x1d4
 542 008b 48000000 		.4byte	0x48
 543 008f 02       		.uleb128 0x2
 544 0090 04       		.byte	0x4
 545 0091 04       		.byte	0x4
 546 0092 B8000000 		.4byte	.LASF12
 547 0096 02       		.uleb128 0x2
 548 0097 08       		.byte	0x8
 549 0098 04       		.byte	0x4
 550 0099 FC000000 		.4byte	.LASF13
 551 009d 02       		.uleb128 0x2
 552 009e 01       		.byte	0x1
 553 009f 08       		.byte	0x8
 554 00a0 3E020000 		.4byte	.LASF14
 555 00a4 04       		.uleb128 0x4
 556 00a5 00000000 		.4byte	.LASF15
 557 00a9 02       		.byte	0x2
 558 00aa 7E02     		.2byte	0x27e
 559 00ac B0000000 		.4byte	0xb0
 560 00b0 05       		.uleb128 0x5
 561 00b1 83000000 		.4byte	0x83
 562 00b5 06       		.uleb128 0x6
 563 00b6 16010000 		.4byte	.LASF16
 564 00ba 01       		.byte	0x1
 565 00bb 27       		.byte	0x27
 566 00bc 00000000 		.4byte	.LFB0
 567 00c0 1C000000 		.4byte	.LFE0-.LFB0
 568 00c4 01       		.uleb128 0x1
 569 00c5 9C       		.byte	0x9c
 570 00c6 DA000000 		.4byte	0xda
 571 00ca 07       		.uleb128 0x7
 572 00cb 0A010000 		.4byte	.LASF18
 573 00cf 01       		.byte	0x1
 574 00d0 27       		.byte	0x27
 575 00d1 83000000 		.4byte	0x83
 576 00d5 00000000 		.4byte	.LLST0
 577 00d9 00       		.byte	0
 578 00da 08       		.uleb128 0x8
 579 00db 41000000 		.4byte	.LASF28
 580 00df 01       		.byte	0x1
 581 00e0 5F       		.byte	0x5f
 582 00e1 00000000 		.4byte	.LFB1
 583 00e5 18000000 		.4byte	.LFE1-.LFB1
 584 00e9 01       		.uleb128 0x1
 585 00ea 9C       		.byte	0x9c
 586 00eb 06       		.uleb128 0x6
ARM GAS  C:\Users\prana\AppData\Local\Temp\ccrMjeVz.s 			page 29


 587 00ec 85000000 		.4byte	.LASF17
 588 00f0 01       		.byte	0x1
 589 00f1 86       		.byte	0x86
 590 00f2 00000000 		.4byte	.LFB2
 591 00f6 20000000 		.4byte	.LFE2-.LFB2
 592 00fa 01       		.uleb128 0x1
 593 00fb 9C       		.byte	0x9c
 594 00fc 3B010000 		.4byte	0x13b
 595 0100 07       		.uleb128 0x7
 596 0101 F1000000 		.4byte	.LASF19
 597 0105 01       		.byte	0x1
 598 0106 86       		.byte	0x86
 599 0107 77000000 		.4byte	0x77
 600 010b 21000000 		.4byte	.LLST1
 601 010f 07       		.uleb128 0x7
 602 0110 34010000 		.4byte	.LASF20
 603 0114 01       		.byte	0x1
 604 0115 86       		.byte	0x86
 605 0116 6B000000 		.4byte	0x6b
 606 011a 42000000 		.4byte	.LLST2
 607 011e 09       		.uleb128 0x9
 608 011f 39000000 		.4byte	.LASF21
 609 0123 01       		.byte	0x1
 610 0124 88       		.byte	0x88
 611 0125 83000000 		.4byte	0x83
 612 0129 63000000 		.4byte	.LLST3
 613 012d 0A       		.uleb128 0xa
 614 012e 03010000 		.4byte	.LASF22
 615 0132 01       		.byte	0x1
 616 0133 89       		.byte	0x89
 617 0134 83000000 		.4byte	0x83
 618 0138 01       		.uleb128 0x1
 619 0139 50       		.byte	0x50
 620 013a 00       		.byte	0
 621 013b 0B       		.uleb128 0xb
 622 013c 5C000000 		.4byte	.LASF23
 623 0140 01       		.byte	0x1
 624 0141 B0       		.byte	0xb0
 625 0142 77000000 		.4byte	0x77
 626 0146 00000000 		.4byte	.LFB3
 627 014a 10000000 		.4byte	.LFE3-.LFB3
 628 014e 01       		.uleb128 0x1
 629 014f 9C       		.byte	0x9c
 630 0150 0B       		.uleb128 0xb
 631 0151 06000000 		.4byte	.LASF24
 632 0155 01       		.byte	0x1
 633 0156 C6       		.byte	0xc6
 634 0157 6B000000 		.4byte	0x6b
 635 015b 00000000 		.4byte	.LFB4
 636 015f 04000000 		.4byte	.LFE4-.LFB4
 637 0163 01       		.uleb128 0x1
 638 0164 9C       		.byte	0x9c
 639 0165 00       		.byte	0
 640              		.section	.debug_abbrev,"",%progbits
 641              	.Ldebug_abbrev0:
 642 0000 01       		.uleb128 0x1
 643 0001 11       		.uleb128 0x11
ARM GAS  C:\Users\prana\AppData\Local\Temp\ccrMjeVz.s 			page 30


 644 0002 01       		.byte	0x1
 645 0003 25       		.uleb128 0x25
 646 0004 0E       		.uleb128 0xe
 647 0005 13       		.uleb128 0x13
 648 0006 0B       		.uleb128 0xb
 649 0007 03       		.uleb128 0x3
 650 0008 0E       		.uleb128 0xe
 651 0009 1B       		.uleb128 0x1b
 652 000a 0E       		.uleb128 0xe
 653 000b 55       		.uleb128 0x55
 654 000c 17       		.uleb128 0x17
 655 000d 11       		.uleb128 0x11
 656 000e 01       		.uleb128 0x1
 657 000f 10       		.uleb128 0x10
 658 0010 17       		.uleb128 0x17
 659 0011 00       		.byte	0
 660 0012 00       		.byte	0
 661 0013 02       		.uleb128 0x2
 662 0014 24       		.uleb128 0x24
 663 0015 00       		.byte	0
 664 0016 0B       		.uleb128 0xb
 665 0017 0B       		.uleb128 0xb
 666 0018 3E       		.uleb128 0x3e
 667 0019 0B       		.uleb128 0xb
 668 001a 03       		.uleb128 0x3
 669 001b 0E       		.uleb128 0xe
 670 001c 00       		.byte	0
 671 001d 00       		.byte	0
 672 001e 03       		.uleb128 0x3
 673 001f 24       		.uleb128 0x24
 674 0020 00       		.byte	0
 675 0021 0B       		.uleb128 0xb
 676 0022 0B       		.uleb128 0xb
 677 0023 3E       		.uleb128 0x3e
 678 0024 0B       		.uleb128 0xb
 679 0025 03       		.uleb128 0x3
 680 0026 08       		.uleb128 0x8
 681 0027 00       		.byte	0
 682 0028 00       		.byte	0
 683 0029 04       		.uleb128 0x4
 684 002a 16       		.uleb128 0x16
 685 002b 00       		.byte	0
 686 002c 03       		.uleb128 0x3
 687 002d 0E       		.uleb128 0xe
 688 002e 3A       		.uleb128 0x3a
 689 002f 0B       		.uleb128 0xb
 690 0030 3B       		.uleb128 0x3b
 691 0031 05       		.uleb128 0x5
 692 0032 49       		.uleb128 0x49
 693 0033 13       		.uleb128 0x13
 694 0034 00       		.byte	0
 695 0035 00       		.byte	0
 696 0036 05       		.uleb128 0x5
 697 0037 35       		.uleb128 0x35
 698 0038 00       		.byte	0
 699 0039 49       		.uleb128 0x49
 700 003a 13       		.uleb128 0x13
ARM GAS  C:\Users\prana\AppData\Local\Temp\ccrMjeVz.s 			page 31


 701 003b 00       		.byte	0
 702 003c 00       		.byte	0
 703 003d 06       		.uleb128 0x6
 704 003e 2E       		.uleb128 0x2e
 705 003f 01       		.byte	0x1
 706 0040 3F       		.uleb128 0x3f
 707 0041 19       		.uleb128 0x19
 708 0042 03       		.uleb128 0x3
 709 0043 0E       		.uleb128 0xe
 710 0044 3A       		.uleb128 0x3a
 711 0045 0B       		.uleb128 0xb
 712 0046 3B       		.uleb128 0x3b
 713 0047 0B       		.uleb128 0xb
 714 0048 27       		.uleb128 0x27
 715 0049 19       		.uleb128 0x19
 716 004a 11       		.uleb128 0x11
 717 004b 01       		.uleb128 0x1
 718 004c 12       		.uleb128 0x12
 719 004d 06       		.uleb128 0x6
 720 004e 40       		.uleb128 0x40
 721 004f 18       		.uleb128 0x18
 722 0050 9742     		.uleb128 0x2117
 723 0052 19       		.uleb128 0x19
 724 0053 01       		.uleb128 0x1
 725 0054 13       		.uleb128 0x13
 726 0055 00       		.byte	0
 727 0056 00       		.byte	0
 728 0057 07       		.uleb128 0x7
 729 0058 05       		.uleb128 0x5
 730 0059 00       		.byte	0
 731 005a 03       		.uleb128 0x3
 732 005b 0E       		.uleb128 0xe
 733 005c 3A       		.uleb128 0x3a
 734 005d 0B       		.uleb128 0xb
 735 005e 3B       		.uleb128 0x3b
 736 005f 0B       		.uleb128 0xb
 737 0060 49       		.uleb128 0x49
 738 0061 13       		.uleb128 0x13
 739 0062 02       		.uleb128 0x2
 740 0063 17       		.uleb128 0x17
 741 0064 00       		.byte	0
 742 0065 00       		.byte	0
 743 0066 08       		.uleb128 0x8
 744 0067 2E       		.uleb128 0x2e
 745 0068 00       		.byte	0
 746 0069 3F       		.uleb128 0x3f
 747 006a 19       		.uleb128 0x19
 748 006b 03       		.uleb128 0x3
 749 006c 0E       		.uleb128 0xe
 750 006d 3A       		.uleb128 0x3a
 751 006e 0B       		.uleb128 0xb
 752 006f 3B       		.uleb128 0x3b
 753 0070 0B       		.uleb128 0xb
 754 0071 27       		.uleb128 0x27
 755 0072 19       		.uleb128 0x19
 756 0073 11       		.uleb128 0x11
 757 0074 01       		.uleb128 0x1
ARM GAS  C:\Users\prana\AppData\Local\Temp\ccrMjeVz.s 			page 32


 758 0075 12       		.uleb128 0x12
 759 0076 06       		.uleb128 0x6
 760 0077 40       		.uleb128 0x40
 761 0078 18       		.uleb128 0x18
 762 0079 9742     		.uleb128 0x2117
 763 007b 19       		.uleb128 0x19
 764 007c 00       		.byte	0
 765 007d 00       		.byte	0
 766 007e 09       		.uleb128 0x9
 767 007f 34       		.uleb128 0x34
 768 0080 00       		.byte	0
 769 0081 03       		.uleb128 0x3
 770 0082 0E       		.uleb128 0xe
 771 0083 3A       		.uleb128 0x3a
 772 0084 0B       		.uleb128 0xb
 773 0085 3B       		.uleb128 0x3b
 774 0086 0B       		.uleb128 0xb
 775 0087 49       		.uleb128 0x49
 776 0088 13       		.uleb128 0x13
 777 0089 02       		.uleb128 0x2
 778 008a 17       		.uleb128 0x17
 779 008b 00       		.byte	0
 780 008c 00       		.byte	0
 781 008d 0A       		.uleb128 0xa
 782 008e 34       		.uleb128 0x34
 783 008f 00       		.byte	0
 784 0090 03       		.uleb128 0x3
 785 0091 0E       		.uleb128 0xe
 786 0092 3A       		.uleb128 0x3a
 787 0093 0B       		.uleb128 0xb
 788 0094 3B       		.uleb128 0x3b
 789 0095 0B       		.uleb128 0xb
 790 0096 49       		.uleb128 0x49
 791 0097 13       		.uleb128 0x13
 792 0098 02       		.uleb128 0x2
 793 0099 18       		.uleb128 0x18
 794 009a 00       		.byte	0
 795 009b 00       		.byte	0
 796 009c 0B       		.uleb128 0xb
 797 009d 2E       		.uleb128 0x2e
 798 009e 00       		.byte	0
 799 009f 3F       		.uleb128 0x3f
 800 00a0 19       		.uleb128 0x19
 801 00a1 03       		.uleb128 0x3
 802 00a2 0E       		.uleb128 0xe
 803 00a3 3A       		.uleb128 0x3a
 804 00a4 0B       		.uleb128 0xb
 805 00a5 3B       		.uleb128 0x3b
 806 00a6 0B       		.uleb128 0xb
 807 00a7 27       		.uleb128 0x27
 808 00a8 19       		.uleb128 0x19
 809 00a9 49       		.uleb128 0x49
 810 00aa 13       		.uleb128 0x13
 811 00ab 11       		.uleb128 0x11
 812 00ac 01       		.uleb128 0x1
 813 00ad 12       		.uleb128 0x12
 814 00ae 06       		.uleb128 0x6
ARM GAS  C:\Users\prana\AppData\Local\Temp\ccrMjeVz.s 			page 33


 815 00af 40       		.uleb128 0x40
 816 00b0 18       		.uleb128 0x18
 817 00b1 9742     		.uleb128 0x2117
 818 00b3 19       		.uleb128 0x19
 819 00b4 00       		.byte	0
 820 00b5 00       		.byte	0
 821 00b6 00       		.byte	0
 822              		.section	.debug_loc,"",%progbits
 823              	.Ldebug_loc0:
 824              	.LLST0:
 825 0000 00000000 		.4byte	.LVL0
 826 0004 0C000000 		.4byte	.LVL1
 827 0008 0100     		.2byte	0x1
 828 000a 50       		.byte	0x50
 829 000b 0C000000 		.4byte	.LVL1
 830 000f 1C000000 		.4byte	.LFE0
 831 0013 0400     		.2byte	0x4
 832 0015 F3       		.byte	0xf3
 833 0016 01       		.uleb128 0x1
 834 0017 50       		.byte	0x50
 835 0018 9F       		.byte	0x9f
 836 0019 00000000 		.4byte	0
 837 001d 00000000 		.4byte	0
 838              	.LLST1:
 839 0021 00000000 		.4byte	.LVL2
 840 0025 0E000000 		.4byte	.LVL4
 841 0029 0100     		.2byte	0x1
 842 002b 50       		.byte	0x50
 843 002c 0E000000 		.4byte	.LVL4
 844 0030 20000000 		.4byte	.LFE2
 845 0034 0400     		.2byte	0x4
 846 0036 F3       		.byte	0xf3
 847 0037 01       		.uleb128 0x1
 848 0038 50       		.byte	0x50
 849 0039 9F       		.byte	0x9f
 850 003a 00000000 		.4byte	0
 851 003e 00000000 		.4byte	0
 852              	.LLST2:
 853 0042 00000000 		.4byte	.LVL2
 854 0046 04000000 		.4byte	.LVL3
 855 004a 0100     		.2byte	0x1
 856 004c 51       		.byte	0x51
 857 004d 04000000 		.4byte	.LVL3
 858 0051 20000000 		.4byte	.LFE2
 859 0055 0400     		.2byte	0x4
 860 0057 F3       		.byte	0xf3
 861 0058 01       		.uleb128 0x1
 862 0059 51       		.byte	0x51
 863 005a 9F       		.byte	0x9f
 864 005b 00000000 		.4byte	0
 865 005f 00000000 		.4byte	0
 866              	.LLST3:
 867 0063 14000000 		.4byte	.LVL5
 868 0067 16000000 		.4byte	.LVL6
 869 006b 0500     		.2byte	0x5
 870 006d 75       		.byte	0x75
 871 006e 00       		.sleb128 0
ARM GAS  C:\Users\prana\AppData\Local\Temp\ccrMjeVz.s 			page 34


 872 006f 37       		.byte	0x37
 873 0070 1A       		.byte	0x1a
 874 0071 9F       		.byte	0x9f
 875 0072 16000000 		.4byte	.LVL6
 876 0076 20000000 		.4byte	.LFE2
 877 007a 0100     		.2byte	0x1
 878 007c 53       		.byte	0x53
 879 007d 00000000 		.4byte	0
 880 0081 00000000 		.4byte	0
 881              		.section	.debug_aranges,"",%progbits
 882 0000 3C000000 		.4byte	0x3c
 883 0004 0200     		.2byte	0x2
 884 0006 00000000 		.4byte	.Ldebug_info0
 885 000a 04       		.byte	0x4
 886 000b 00       		.byte	0
 887 000c 0000     		.2byte	0
 888 000e 0000     		.2byte	0
 889 0010 00000000 		.4byte	.LFB0
 890 0014 1C000000 		.4byte	.LFE0-.LFB0
 891 0018 00000000 		.4byte	.LFB1
 892 001c 18000000 		.4byte	.LFE1-.LFB1
 893 0020 00000000 		.4byte	.LFB2
 894 0024 20000000 		.4byte	.LFE2-.LFB2
 895 0028 00000000 		.4byte	.LFB3
 896 002c 10000000 		.4byte	.LFE3-.LFB3
 897 0030 00000000 		.4byte	.LFB4
 898 0034 04000000 		.4byte	.LFE4-.LFB4
 899 0038 00000000 		.4byte	0
 900 003c 00000000 		.4byte	0
 901              		.section	.debug_ranges,"",%progbits
 902              	.Ldebug_ranges0:
 903 0000 00000000 		.4byte	.LFB0
 904 0004 1C000000 		.4byte	.LFE0
 905 0008 00000000 		.4byte	.LFB1
 906 000c 18000000 		.4byte	.LFE1
 907 0010 00000000 		.4byte	.LFB2
 908 0014 20000000 		.4byte	.LFE2
 909 0018 00000000 		.4byte	.LFB3
 910 001c 10000000 		.4byte	.LFE3
 911 0020 00000000 		.4byte	.LFB4
 912 0024 04000000 		.4byte	.LFE4
 913 0028 00000000 		.4byte	0
 914 002c 00000000 		.4byte	0
 915              		.section	.debug_line,"",%progbits
 916              	.Ldebug_line0:
 917 0000 DD000000 		.section	.debug_str,"MS",%progbits,1
 917      02005200 
 917      00000201 
 917      FB0E0D00 
 917      01010101 
 918              	.LASF15:
 919 0000 72656733 		.ascii	"reg32\000"
 919      3200
 920              	.LASF24:
 921 0006 50445353 		.ascii	"PDSS_PORTX_REFGEN_CLK_GetFractionalDividerRegister\000"
 921      5F504F52 
 921      54585F52 
ARM GAS  C:\Users\prana\AppData\Local\Temp\ccrMjeVz.s 			page 35


 921      45464745 
 921      4E5F434C 
 922              	.LASF21:
 923 0039 6D61736B 		.ascii	"maskVal\000"
 923      56616C00 
 924              	.LASF28:
 925 0041 50445353 		.ascii	"PDSS_PORTX_REFGEN_CLK_Stop\000"
 925      5F504F52 
 925      54585F52 
 925      45464745 
 925      4E5F434C 
 926              	.LASF23:
 927 005c 50445353 		.ascii	"PDSS_PORTX_REFGEN_CLK_GetDividerRegister\000"
 927      5F504F52 
 927      54585F52 
 927      45464745 
 927      4E5F434C 
 928              	.LASF17:
 929 0085 50445353 		.ascii	"PDSS_PORTX_REFGEN_CLK_SetFractionalDividerRegister\000"
 929      5F504F52 
 929      54585F52 
 929      45464745 
 929      4E5F434C 
 930              	.LASF12:
 931 00b8 666C6F61 		.ascii	"float\000"
 931      7400
 932              	.LASF1:
 933 00be 756E7369 		.ascii	"unsigned char\000"
 933      676E6564 
 933      20636861 
 933      7200
 934              	.LASF5:
 935 00cc 6C6F6E67 		.ascii	"long unsigned int\000"
 935      20756E73 
 935      69676E65 
 935      6420696E 
 935      7400
 936              	.LASF3:
 937 00de 73686F72 		.ascii	"short unsigned int\000"
 937      7420756E 
 937      7369676E 
 937      65642069 
 937      6E7400
 938              	.LASF19:
 939 00f1 636C6B44 		.ascii	"clkDivider\000"
 939      69766964 
 939      657200
 940              	.LASF13:
 941 00fc 646F7562 		.ascii	"double\000"
 941      6C6500
 942              	.LASF22:
 943 0103 72656756 		.ascii	"regVal\000"
 943      616C00
 944              	.LASF18:
 945 010a 616C6967 		.ascii	"alignClkDiv\000"
 945      6E436C6B 
 945      44697600 
ARM GAS  C:\Users\prana\AppData\Local\Temp\ccrMjeVz.s 			page 36


 946              	.LASF16:
 947 0116 50445353 		.ascii	"PDSS_PORTX_REFGEN_CLK_StartEx\000"
 947      5F504F52 
 947      54585F52 
 947      45464745 
 947      4E5F434C 
 948              	.LASF20:
 949 0134 636C6B46 		.ascii	"clkFractional\000"
 949      72616374 
 949      696F6E61 
 949      6C00
 950              	.LASF10:
 951 0142 75696E74 		.ascii	"uint16\000"
 951      313600
 952              	.LASF11:
 953 0149 75696E74 		.ascii	"uint32\000"
 953      333200
 954              	.LASF8:
 955 0150 756E7369 		.ascii	"unsigned int\000"
 955      676E6564 
 955      20696E74 
 955      00
 956              	.LASF7:
 957 015d 6C6F6E67 		.ascii	"long long unsigned int\000"
 957      206C6F6E 
 957      6720756E 
 957      7369676E 
 957      65642069 
 958              	.LASF25:
 959 0174 474E5520 		.ascii	"GNU C11 5.4.1 20160609 (release) [ARM/embedded-5-br"
 959      43313120 
 959      352E342E 
 959      31203230 
 959      31363036 
 960 01a7 616E6368 		.ascii	"anch revision 237715] -mcpu=cortex-m0 -mthumb -g -O"
 960      20726576 
 960      6973696F 
 960      6E203233 
 960      37373135 
 961 01da 73202D66 		.ascii	"s -ffunction-sections -ffat-lto-objects -finline-fu"
 961      66756E63 
 961      74696F6E 
 961      2D736563 
 961      74696F6E 
 962 020d 6E637469 		.ascii	"nctions -flto -fno-strict-aliasing\000"
 962      6F6E7320 
 962      2D666C74 
 962      6F202D66 
 962      6E6F2D73 
 963              	.LASF6:
 964 0230 6C6F6E67 		.ascii	"long long int\000"
 964      206C6F6E 
 964      6720696E 
 964      7400
 965              	.LASF14:
 966 023e 63686172 		.ascii	"char\000"
 966      00
ARM GAS  C:\Users\prana\AppData\Local\Temp\ccrMjeVz.s 			page 37


 967              	.LASF2:
 968 0243 73686F72 		.ascii	"short int\000"
 968      7420696E 
 968      7400
 969              	.LASF9:
 970 024d 75696E74 		.ascii	"uint8\000"
 970      3800
 971              	.LASF4:
 972 0253 6C6F6E67 		.ascii	"long int\000"
 972      20696E74 
 972      00
 973              	.LASF0:
 974 025c 7369676E 		.ascii	"signed char\000"
 974      65642063 
 974      68617200 
 975              	.LASF27:
 976 0268 443A5C56 		.ascii	"D:\\V-TE-PWR\\PDSS_SRC_SNK\\CYPD3171-24LQXQ_pb\\CYP"
 976      2D54452D 
 976      5057525C 
 976      50445353 
 976      5F535243 
 977 0297 44333137 		.ascii	"D3171-24LQXQ_pb.cydsn\000"
 977      312D3234 
 977      4C515851 
 977      5F70622E 
 977      63796473 
 978              	.LASF26:
 979 02ad 47656E65 		.ascii	"Generated_Source\\PSoC4\\PDSS_PORTX_REFGEN_CLK.c\000"
 979      72617465 
 979      645F536F 
 979      75726365 
 979      5C50536F 
 980              		.comm	__gnu_lto_v1,1,1
 981              		.ident	"GCC: (GNU Tools for ARM Embedded Processors) 5.4.1 20160609 (release) [ARM/embedded-5-bran
