ARM GAS  C:\Users\prana\AppData\Local\Temp\ccNtoKqk.s 			page 1


   1              		.syntax unified
   2              		.cpu cortex-m0
   3              		.fpu softvfp
   4              		.eabi_attribute 20, 1
   5              		.eabi_attribute 21, 1
   6              		.eabi_attribute 23, 3
   7              		.eabi_attribute 24, 1
   8              		.eabi_attribute 25, 1
   9              		.eabi_attribute 26, 1
  10              		.eabi_attribute 30, 4
  11              		.eabi_attribute 34, 0
  12              		.eabi_attribute 18, 4
  13              		.thumb
  14              		.syntax unified
  15              		.file	"PDSS_PORT0_FILT_CLK_SEL.c"
  16              		.text
  17              	.Ltext0:
  18              		.section	.gnu.lto_.profile.b369b216,"",%progbits
  19 0000 789C6361 		.ascii	"x\234ca`d`a`\000\222\2122\000\000\310\000H"
  19      60646061 
  19      6000928A 
  19      320000C8 
  19      0048
  20              		.text
  21              		.section	.gnu.lto_.icf.b369b216,"",%progbits
  22 0000 789C6361 		.ascii	"x\234ca`d\000\001\005\006\004`e8\177\371\343A\026\306"
  22      60640001 
  22      05060460 
  22      65387FF9 
  22      E34116C6 
  23 0014 3DFB0FF7 		.ascii	"=\373\017\367\2633\235\230?o\015\027\363\323\253\217"
  23      B3339D98 
  23      3F6F0D17 
  23      F3D3AB8F 
  24 0024 A773B3AC 		.ascii	"\247s\263\254<\277\363?\013\003\000\004r\017\217"
  24      3CBFF33F 
  24      0B030004 
  24      720F8F
  25              		.text
  26              		.section	.gnu.lto_.jmpfuncs.b369b216,"",%progbits
  27 0000 789C6361 		.ascii	"x\234ca`d\000\001q\006\004`e`dd\254\007\21231122\327"
  27      60640001 
  27      71060460 
  27      65606464 
  27      AC078A33 
  28 0019 D7333330 		.ascii	"\327330\260\000\205\001\026\322\001\263"
  28      B0008501 
  28      16D201B3 
  29              		.text
  30              		.section	.gnu.lto_.inline.b369b216,"",%progbits
  31 0000 789C458C 		.ascii	"x\234E\214\261\015\2000\014\004\337\216\023B(`\203P"
  31      B10D8030 
  31      0C04DF8E 
  31      13422860 
  31      8350
  32 0012 204A4661 		.ascii	" JFa'6\240\244\314\034L\301(\214\200-\244\344\013K\376"
  32      2736A0A4 
ARM GAS  C:\Users\prana\AppData\Local\Temp\ccNtoKqk.s 			page 2


  32      CC1C4CC1 
  32      288C802D 
  32      A4E40B4B 
  33 0027 F35940B0 		.ascii	"\363Y@\260\034h\361@\277\022aV\344\342}\011B\311\014"
  33      1C68F140 
  33      BF126156 
  33      E4E27D09 
  33      42C90C
  34 003a 29590C13 		.ascii	")Y\014\023\272\205\300\015h\030C\"\306\244\006E\035"
  34      BA85C00D 
  34      68184322 
  34      C6A40645 
  34      1D
  35 004b 92CEFD87 		.ascii	"\222\316\375\207\374\214bj\2643\007/\252\352ZM\375\341"
  35      FC8C626A 
  35      B433072F 
  35      AAEA5A4D 
  35      FDE1
  36 005d B50AEF56 		.ascii	"\265\012\357V+|\2167\015O"
  36      2B7C8E37 
  36      0D4F
  37              		.text
  38              		.section	.gnu.lto_.pureconst.b369b216,"",%progbits
  39 0000 789C6361 		.ascii	"x\234ca`d\340f```e\220b\224b\222b\226b\221\002\000\003"
  39      6064E066 
  39      60606065 
  39      90629462 
  39      92629662 
  40 0018 FE00A2   		.ascii	"\376\000\242"
  41              		.text
  42              		.section	.gnu.lto_PDSS_PORT0_FILT_CLK_SEL_StartEx.b369b216,"",%progbits
  43 0000 789C5551 		.ascii	"x\234UQMh\023Q\020\236\357\275\335\315j\177\274\212"
  43      4D681351 
  43      109EEFBD 
  43      DDCD6A7F 
  43      BC8A
  44 0012 F4D05BE9 		.ascii	"\364\320[\351E\024z\027I\255\210\021C\267\307\302R\352"
  44      45147A17 
  44      49AD8811 
  44      43B7C7C2 
  44      52EA
  45 0024 22D5D242 		.ascii	"\"\325\322BQ\257\276$\273\015\212\007Q\354\241(AQ\332"
  45      51AFBE24 
  45      BB0D8A07 
  45      51ECA128 
  45      4151DA
  46 0037 AA358D9E 		.ascii	"\2525\215\236\244\227\030\021A0\022\017\366\342\301"
  46      A4971811 
  46      4130120F 
  46      F6E2C1
  47 0046 1FDC83A7 		.ascii	"\037\334\203\247D\253\210\177q&\333\203\035x3o\206o"
  47      44AB887F 
  47      7126DB83 
  47      1D78336F 
  47      866F
  48 0058 66BEEF3D 		.ascii	"f\276\357=\213@b\275\212\350\000\307\021>p\010\352r"
  48      8B4062BD 
ARM GAS  C:\Users\prana\AppData\Local\Temp\ccNtoKqk.s 			page 3


  48      8AE800C7 
  48      113E7008 
  48      EA72
  49 006a 9D28E72A 		.ascii	"\235(\347*\350\344\242\225}\3519\221\331i\205)2\335"
  49      E8E4A295 
  49      7DE93991 
  49      D9698529 
  49      32DD
  50 007c 76523F68 		.ascii	"vR?h\001\022\215\013:\257\264m\201=%\366M\375Q\250\025"
  50      01128D0B 
  50      3AAFB46D 
  50      813D25F6 
  50      4DFD51A8 
  51 0091 E3C76A70 		.ascii	"\343\307jp\311\260\275\373tU\233\345*\"\006\264U\202"
  51      C9B0BDFB 
  51      74559BE5 
  51      2A2206B4 
  51      5582
  52 00a3 C1120619 		.ascii	"\301\022\006\031\325\010\327\256\353M\025i\300\342\264"
  52      D508D7AE 
  52      EB4D1569 
  52      C0E2B4
  53 00b2 F572F163 		.ascii	"\365r\361c\257\244\012\375\234^x\372\375\211\245\207"
  53      AFA40AFD 
  53      9C5E78FA 
  53      FD89A587 
  54 00c2 407CAF7C 		.ascii	"@|\257|-\305=\003w\214\311\033\263\036\230\035\221\326"
  54      2DC53D03 
  54      778CC91B 
  54      B31E981D 
  54      91D6
  55 00d4 B80BCDF3 		.ascii	"\270\013\315\363\260\202>,\243\217\270D\270\207\001"
  55      B0823E2C 
  55      A38FB844 
  55      B88701
  56 00e3 817FA8FC 		.ascii	"\201\177\250\374\275\326\343\204\262\276?Y\212\373p"
  56      BDD6E384 
  56      B2BE3F59 
  56      8AFB70
  57 00f2 447179B4 		.ascii	"Dqy\264j\332\355\202\251V\354U\355*\356\2624;V \275"
  57      6ADAED82 
  57      A956EC55 
  57      ED2AEEB2 
  57      343B5620 
  58 0107 B6E48E38 		.ascii	"\266\344\2168\242&\267\261\346\246R\034t\213\365\261"
  58      A226B7B1 
  58      E6A6521C 
  58      748BF5B1 
  59 0117 621DA3F6 		.ascii	"b\035\243\366\363\342\233gZ\346\025\264H]\210j\257R"
  59      F3E29B67 
  59      5AE615B4 
  59      485D886A 
  59      AF52
  60 0129 C2DAE930 		.ascii	"\302\332\3510\275u\363\327\206\235\244\306\204Ft\025"
  60      BD75F3D7 
  60      869DA4C6 
  60      84467415 
ARM GAS  C:\Users\prana\AppData\Local\Temp\ccNtoKqk.s 			page 4


  61 0139 A3C64A77 		.ascii	"\243\306Jw\0117r!?B\012\017\230\360*\023&\224Q\002\305"
  61      09377221 
  61      3F420A0F 
  61      98F02A13 
  61      26945102 
  62 014e C87F29FE 		.ascii	"\310\177)\376\336\223\014\324<\223\336#\254\027Nm\025"
  62      DE930CD4 
  62      3C93DE23 
  62      AC174E6D 
  62      15
  63 015f FEDF6083 		.ascii	"\376\337`\203\260&\235$\364l\342\237AKY\302/F\2419_"
  63      B0269D24 
  63      F46CE29F 
  63      414B59C2 
  63      2F46A139 
  64 0174 8FEDA4CB 		.ascii	"\217\355\244\313.hY\274\270\276\371\242\303\305\205"
  64      2E6859BC 
  64      B8BEF9A2 
  64      C3C585
  65 0183 8B0A3732 		.ascii	"\213\01272\352\307\374\333\335\011Hp\014z\335\270r{"
  65      EAC7FCDB 
  65      DD094870 
  65      0C7ADDB8 
  65      727B
  66 0195 97802C98 		.ascii	"\227\200,\230\234\341\037}\330\001\326\026Z\345c\002"
  66      9CE11F7D 
  66      D801D616 
  66      5AE56302 
  67 01a5 DC268001 		.ascii	"\334&\200\001]\3335<b\015<\213>#_\335\350\254\337\242"
  67      5DDB353C 
  67      620D3C8B 
  67      3E235FDD 
  67      E8ACDFA2 
  68 01b9 07A6C54F 		.ascii	"\007\246\305O\270\377p0\023\314M\234\011N\370\336\354"
  68      B8FF7030 
  68      13CC4D9C 
  68      094EF8DE 
  68      EC
  69 01ca D9B9C960 		.ascii	"\331\271\311`<\353\315\246\207\306\263\303\236\347g"
  69      3CEBCDA6 
  69      87C6B3C3 
  69      9EE767
  70 01d9 8F8F8EED 		.ascii	"\217\217\216\355\363G\216d\306\374t\346\250\357\035"
  70      F3478E64 
  70      C6FC74E6 
  70      A8EF1D
  71 01e8 CAEC9DA4 		.ascii	"\312\354\235\244\256\211\351\251\2233\351\351\323\303"
  71      AE89E9A9 
  71      9333E9E9 
  71      D3C3
  72 01f6 53E7FE01 		.ascii	"S\347\376\001dG\305\300"
  72      6447C5C0 
  73              		.text
  74              		.section	.gnu.lto_PDSS_PORT0_FILT_CLK_SEL_Stop.b369b216,"",%progbits
  75 0000 789C5590 		.ascii	"x\234U\220;K\003A\024\205\357\231\331M\242\306? )lm"
  75      3B4B0341 
  75      1485EF99 
ARM GAS  C:\Users\prana\AppData\Local\Temp\ccNtoKqk.s 			page 5


  75      D94DA2C6 
  75      3F20296C 
  76 0015 44D1C256 		.ascii	"D\321\302V\324\210\0300d-\003\213h\032A\005\321\332"
  76      D4881830 
  76      642D038B 
  76      681A4105 
  76      D1DA
  77 0027 89D92520 		.ascii	"\211\331% \026Zh\245\004m\362\360\205\245]Lc\247\330"
  77      165A68A5 
  77      046DF2F0 
  77      85A55D4C 
  77      63A7D8
  78 003a 985685A4 		.ascii	"\230V\205\244\020\301Dc\343+\336a-\314\205\231\273{"
  78      10C14463 
  78      E32BDE61 
  78      2DCC8599 
  78      BB7B
  79 004c E7CC391F 		.ascii	"\347\3149\037c\020H\327\002\267\001\356a^\360\021\304"
  79      631048D7 
  79      02B701EE 
  79      615EF011 
  79      C4
  80 005d D6355132 		.ascii	"\3265Q2  \275\017)\314\315+\"\325n8~RA\323\233\017\033"
  80      2020BD0F 
  80      29CCCD2B 
  80      22D56E38 
  80      7E5241D3 
  81 0074 80EE2A00 		.ascii	"\200\356*\000Z\023\3224\300;y\365.\276\005J\351\352"
  81      5A13D234 
  81      C03B79F5 
  81      2EBE054A 
  81      E9EA
  82 0086 85E8C92A 		.ascii	"\205\350\311*\256\373\312K\237\312\025\341\262\240)"
  82      AEFBCA4B 
  82      9FCA15E1 
  82      B2A029
  83 0095 3C0DB2E8 		.ascii	"<\015\262\350!\226=\236\377\354t\372\034-\353\366\016"
  83      21963D9E 
  83      FFEC74FA 
  83      1C2DEBF6 
  83      0E
  84 00a6 91834F93 		.ascii	"\221\203O\223\235\305\212\252\331L\251\342\266\377\362"
  84      9DC58AAA 
  84      D94CA9E2 
  84      B6FFF2
  85 00b5 CE6F0A72 		.ascii	"\316o\012r%$o\254\251\361b\230\232\020\334d\235\203"
  85      25246FAC 
  85      A9F16298 
  85      9A10DC64 
  85      9D83
  86 00c7 19455651 		.ascii	"\031EVQ\372\330\250\356\015i\203\224\324\014\273n\351"
  86      FAD8A8EE 
  86      0D698394 
  86      D40CBB6E 
  86      E9
  87 00d8 C6DF10AE 		.ascii	"\306\337\020\256\224\320Y\207\007\237e\323\373U\312"
  87      94D05987 
ARM GAS  C:\Users\prana\AppData\Local\Temp\ccNtoKqk.s 			page 6


  87      079F65D3 
  87      FB55CA
  88 00e7 51068FD2 		.ascii	"Q\006\217\322\356m>\230\301~\322a:\003\005\204\220G"
  88      EE6D3E98 
  88      C17ED261 
  88      3A030584 
  88      9047
  89 00f9 88218E90 		.ascii	"\210!\216\220\001U\261\376\232\376\352\362\014%{\322"
  89      0155B1FE 
  89      9AFEEAF2 
  89      0C257BD2 
  90 0109 039CEBD4 		.ascii	"\003\234\353\324\374\337\340\177\202\000\341X\337$\215"
  90      FCDFE07F 
  90      8200E158 
  90      DF248D
  91 0118 67123F19 		.ascii	"g\022?\031\352\302\320|\314\325\250=\337\266\351[-\221"
  91      EAC2D07C 
  91      CCD5A83D 
  91      DFB6E95B 
  91      2D91
  92 012a 49A53A5A 		.ascii	"I\245:ZSO8\225%\205\367\312[P\273\002\212E\006N\371"
  92      534F3895 
  92      2585F7CA 
  92      5B50BB02 
  92      8A45064E 
  93 013f F409EBC5 		.ascii	"\364\011\353\305\362\2706\371\013\001\233\363C\364\217"
  93      F2B836F9 
  93      0B019BF3 
  93      43F48F
  94 014e 271613CB 		.ascii	"'\026\023\3133+\2119\333ZZ]\236M\304\243\326\322\310"
  94      332B8939 
  94      DB5A5A5D 
  94      9E4DC4A3 
  94      D6D2C8
  95 0161 603C3A6A 		.ascii	"`<:jYvt*6\335g\207'\"\323\366Hd\322\266\306\"\275\263"
  95      5976742A 
  95      36DD6787 
  95      2722D3F6 
  95      4864D2B6 
  96 0179 F40B95AA 		.ascii	"\364\013\225\252\2223"
  96      9233
  97              		.text
  98              		.section	.gnu.lto_PDSS_PORT0_FILT_CLK_SEL_SetFractionalDividerRegister.b369b216,"",%progbits
  99 0000 789C6D52 		.ascii	"x\234mR]H\223a\024~\317\373n\337\276\3758\275./\274"
  99      5D489361 
  99      147ECFFB 
  99      6EDFBEFD 
  99      38BD2E2F 
 100 0015 11F12694 		.ascii	"\021\361&\224\274\350\252.4\2432\032N\274I\030c\216"
 100      BCE8AA2E 
 100      34A3321A 
 100      4EBC4918 
 100      638E
 101 0027 104D6199 		.ascii	"\020Ma\231\267\276s\373\246\014$\011\214\222\304\013"
 101      B7BE73FB 
 101      A60C2409 
 101      8C92C40B 
ARM GAS  C:\Users\prana\AppData\Local\Temp\ccNtoKqk.s 			page 7


 102 0037 317F9B5B 		.ascii	"1\177\233[\332\217)\264\006v!fdYtcab\020QS,C\264u\316"
 102      DA8F29B4 
 102      06762166 
 102      64597463 
 102      61621051 
 103 0051 F7CD42E8 		.ascii	"\367\315B\350\205\275?g\317\363\234s\236\363\231\030"
 103      85BD3F67 
 103      CFF39C73 
 103      9EF39918 
 104 0061 305A6D82 		.ascii	"0Zm\202\261Kx\036\305\037\010\006\274g\211\261\240\312"
 104      B14B781E 
 104      C51F0806 
 104      BC6789B1 
 104      A0CA
 105 0073 01E82255 		.ascii	"\001\350\"U`\355\034\332\341\007\337\347\220\352\334"
 105      60ED1CDA 
 105      E107DFE7 
 105      90EADC
 106 0082 98E1C5C3 		.ascii	"\230\341\305\303\022\327\307\371\301R9\222\004\015\351"
 106      12D7C7F9 
 106      C1523992 
 106      040DE9
 107 0091 19AE2B31 		.ascii	"\031\256+1\030\206bD\315gv\222\271\333\\\023\000DZN"
 107      18866244 
 107      CD677692 
 107      B9DB5C13 
 107      00445A4E 
 108 00a5 2FF6DBE9 		.ascii	"/\366\333\351\311!\017\237\221\255w\353\016Q\006\014"
 108      C9210F9F 
 108      91AD77EB 
 108      0E51060C 
 109 00b5 EFE3F1A7 		.ascii	"\357\343\361\247\321\334\242!);\244\354\2158\244K\023"
 109      D1DCA221 
 109      293BA4EC 
 109      8D38A44B 
 109      13
 110 00c6 02C640A0 		.ascii	"\002\306@\240 \214B>\214@>\303\020\203q(Bxg\342\356"
 110      208C423E 
 110      8C403EC3 
 110      10837128 
 110      427867E2 
 111 00db 0DA738A5 		.ascii	"\015\2478\245S\207\272v' K}\377\334.K4a\202\011\203"
 111      5387BA76 
 111      27204B7D 
 111      FFDC2E4B 
 111      34618209 
 112 00f0 7A3C1F4A 		.ascii	"z<\037J\210hbp\017\212\010\375*\034\277#\214\222L\370"
 112      88686270 
 112      0F8A08FD 
 112      2A1CBF23 
 112      8C924CF8 
 113 0104 DC7CD1F7 		.ascii	"\334|\321\367\311i\224T\200\317o\237W\257\347\210\013"
 113      C9699454 
 113      80CF6F9F 
 113      57AFE788 
 113      0B
 114 0115 BAEEF75B 		.ascii	"\272\356\367[2\257p\220d\223SQ\347m\231\014\027h\302"
ARM GAS  C:\Users\prana\AppData\Local\Temp\ccNtoKqk.s 			page 8


 114      32AF7090 
 114      64935351 
 114      E76D990C 
 114      1768C2
 115 0128 0C714379 		.ascii	"\014qCy\022\213\212aQ\264\020<9\027_\341\242F'\306\272"
 115      128B8A61 
 115      51B4103C 
 115      39175FE1 
 115      A24627C6 
 116 013d 133125CB 		.ascii	"\0231%\313\214/8dOP%\342\375\377\022\327\022\277{s\224"
 116      8C2F3864 
 116      4F5025E2 
 116      FDFF12D7 
 116      12BF7B73 
 117 0152 30195900 		.ascii	"0\031Y\000SP\010\011(4l\204iPp0\374 :Y\235\224\231L"
 117      53500809 
 117      28346C84 
 117      69507030 
 117      FC203A59 
 118 016a 4826076C 		.ascii	"H&\007l\317\366lN\216m)h\010\376k\002\262\305L\001\205"
 118      CFF66C4E 
 118      8E6D2968 
 118      08FE6B02 
 118      B2C54C01 
 119 017f 360B6D2A 		.ascii	"6\013m*P\313V\272\332h\263\323\346`\272>Kc\002\032\352"
 119      50CB56BA 
 119      DA68B3D3 
 119      E660BA3E 
 119      4B63021A 
 120 0194 26E7748A 		.ascii	"&\347t\212\015H\355F\177\216\236\244\234!A\263\272\251"
 120      0D48ED46 
 120      7F8E9EA4 
 120      9C2141B3 
 120      BAA9
 121 01a6 A55E5AC8 		.ascii	"\245^Z\310\030\213\336S\367\353\330J\366)\273\302\222"
 121      188BDE53 
 121      F7EBD84A 
 121      F629BBC2 
 121      92
 122 01b7 AC9B9B5E 		.ascii	"\254\233\233^\372`\033\200\376`\030G\257\302C\354\353"
 122      FA601B80 
 122      FE601847 
 122      AFC243EC 
 122      EB
 123 01c8 01F5058F 		.ascii	"\001\365\005\217`\000\330\006\204\366\"_\301\020\024"
 123      6000D806 
 123      84F6225F 
 123      C11014
 124 01d7 86E67654 		.ascii	"\206\346vT\333\321\275W\300\002\217\021\273\006\\\357"
 124      DBD1BD57 
 124      C0028F11 
 124      BB065CEF 
 125 01e7 127B4010 		.ascii	"\022{@\020r:\266:\337\216\325\032$s\010\307\2062\351"
 125      723AB63A 
 125      DF8ED51A 
 125      247308C7 
 125      8632E9
ARM GAS  C:\Users\prana\AppData\Local\Temp\ccNtoKqk.s 			page 9


 126 01fa C8E21123 		.ascii	"\310\342\021#BA\224\351\233\335^0\223\214\025T\230A"
 126      424194E9 
 126      9BDD5E30 
 126      938C1554 
 126      9841
 127 020c 1904FD8A 		.ascii	"\031\004\375\212,\215\325\031(\213\236O1\324V\017\324"
 127      2C8DD519 
 127      288B9E4F 
 127      31D4560F 
 127      D4
 128 021d AC21A11A 		.ascii	"\254!\241\032jo\262E\3310H_\362V|\330a\250\011xb\250"
 128      6A6FB245 
 128      D930485F 
 128      F2567CD8 
 128      61A80978 
 129 0233 ED45D6B3 		.ascii	"\355E\326\263)\355\210\243\361j\353\243\252Qy\006`\366"
 129      29ED88A3 
 129      F16AEBA3 
 129      AA517906 
 129      60F6
 130 0245 5FCE1306 		.ascii	"_\316\023\006\314\241\247\265\377m(A\0159\020\224\272"
 130      CCA1A7B5 
 130      FF6D2841 
 130      0D391094 
 130      BA
 131 0256 B9B9BA6C 		.ascii	"\271\271\272l\245\330!\307\202R\332\017\2336\207\246"
 131      A5D821C7 
 131      8252DA0F 
 131      9B3687A6 
 132 0266 11E50B74 		.ascii	"\021\345\013t$\367\317\021A\377B\322\034h@8\256\322"
 132      24F7CF11 
 132      41FF42D2 
 132      1C684038 
 132      AED2
 133 0278 33FE667F 		.ascii	"3\376f\177\300\333\352\257\367\270[\256\005|\376:\227"
 133      C0DBEAAF 
 133      F7B85BAE 
 133      057CFE3A 
 133      97
 134 0289 BBA5BCAC 		.ascii	"\273\245\274\254\316U\341v{\\\027\253kJ<\225g\253j<"
 134      CE55E176 
 134      7B5C17AB 
 134      6B4A3C95 
 134      67AB6A3C 
 135 029d E555E73D 		.ascii	"\345U\347=\356\323U\307|\314\346kj\254hhk\250\367\007"
 135      EED355C7 
 135      7CCCE66B 
 135      6AAC6868 
 135      6BA8F707 
 136 02b1 72F05A19 		.ascii	"r\360Z\031\360\372Z\033Z\232\275MJ\300\177\271\326\333"
 136      F0FA5A1B 
 136      5A9ABD4D 
 136      4AC07FB9 
 136      D6DB
 137 02c3 64B9E2BD 		.ascii	"d\271\342\275\332\210\347\03790<\001"
 137      DA88E71F 
 137      39303C01 
ARM GAS  C:\Users\prana\AppData\Local\Temp\ccNtoKqk.s 			page 10


 138              		.text
 139              		.section	.gnu.lto_PDSS_PORT0_FILT_CLK_SEL_GetDividerRegister.b369b216,"",%progbits
 140 0000 789C2D90 		.ascii	"x\234-\220\301K\002A\024\306\347\233YmI\242\356y\350"
 140      C14B0241 
 140      14C6E79B 
 140      596D49A2 
 140      EE79E8
 141 0013 989728AA 		.ascii	"\230\227(\252? ,#\022\022\327\243\260\204\3555A\352"
 141      3F202C23 
 141      1212D7A3 
 141      B084ED35 
 141      41EA
 142 0025 ECE8BA14 		.ascii	"\354\350\272\024A\320\245\016\201x\011,+%\350T\035L"
 142      41D0A50E 
 142      8178092C 
 142      2B25E854 
 142      1D4C
 143 0037 E8126190 		.ascii	"\350\022a\220\024\335\212\010\017\235L\214 \250m\036"
 143      14DD8A08 
 143      0F9D4C8C 
 143      20A86D1E 
 144 0047 3AF0E6CD 		.ascii	":\360\346\3157\363\275\367~\214\306\300hM\2534\251\362"
 144      37F3BDF7 
 144      7E8CC6C0 
 144      684DAB34 
 144      A9F2
 145 0059 B00A0806 		.ascii	"\260\012\010\006\276Sg,\243s\200\016R\007Ks\244\361"
 145      BE53672C 
 145      A373800E 
 145      52074B73 
 145      A4F1
 146 006b C57F396E 		.ascii	"\305\1779n\334\357\352`\207;dS\362\241u\227\367\221"
 146      DCEFEA60 
 146      873B6453 
 146      F2A17597 
 146      F791
 147 007d 0486942C 		.ascii	"\004\206\224,\035T\332z\240(eV\276:\0273\031\333\031"
 147      1D54DA7A 
 147      A0286556 
 147      BE3A1733 
 147      19DB19
 148 0090 7504672E 		.ascii	"u\004g.g8\204\037E\370i\304\021\002L\231\337\316\376"
 148      6738841F 
 148      45F869C4 
 148      11024C99 
 148      DFCEFE
 149 00a3 7607BC39 		.ascii	"v\007\2749\251\326\010Y\324K\011^B\252D\253\322umYm"
 149      A9D60859 
 149      D44B095E 
 149      42AA44AB 
 149      D2756D59 
 150 00b8 F8AE9F7D 		.ascii	"\370\256\237}\0360G\010A\233\306\250\035k\251 \264O"
 150      1E304708 
 150      419BC6A8 
 150      1D6BA920 
 150      B44F
 151 00ca CE298B26 		.ascii	"\316)\213&j?[O\3458\325\333B\250\336{N\355\276\217\270"
ARM GAS  C:\Users\prana\AppData\Local\Temp\ccNtoKqk.s 			page 11


 151      6A3F5B4F 
 151      E538D5DB 
 151      42A8DE7B 
 151      4EEDBE8F 
 152 00df 34D0A8ED 		.ascii	"4\320\250\355F\371\261'\345fNj\352\352\352\274\376\322"
 152      46F9B127 
 152      E5664E6A 
 152      EAEAEABC 
 152      FED2
 153 00f1 5F403E93 		.ascii	"_@>\223\203#<8Qx\307\204\207S\024\300\232\260\333!f"
 153      83233C38 
 153      5178C784 
 153      875314C0 
 153      9AB0DB21 
 154 0106 0B74DBED 		.ascii	"\013t\333\355_vn=T\357\205\216\262\2625\221mo\274\243"
 154      5F766E3D 
 154      54EF858E 
 154      B2B23591 
 154      6D6FBCA3 
 155 011a 3B50533E 		.ascii	";PS>\366\001\336S\364\245-\016\"S\234\023\363\326\252"
 155      F601DE53 
 155      F4A52D0E 
 155      22539C13 
 155      F3D6AA
 156 012d 955A5EB3 		.ascii	"\225Z^\263VL#\271\236JX\361\210\221\014N\305#\263\206"
 156      564C23B9 
 156      9E4A58F1 
 156      88910C4E 
 156      C523B386 
 157 0141 614696A2 		.ascii	"aF\226\242\261q3\264\020\216\231\301\360\242i\314\205"
 157      B17133B4 
 157      108E99C1 
 157      F0A269CC 
 157      85
 158 0152 C712EC1F 		.ascii	"\307\022\354\037|Cy\320"
 158      7C4379D0 
 159              		.text
 160              		.section	.gnu.lto_PDSS_PORT0_FILT_CLK_SEL_GetFractionalDividerRegister.b369b216,"",%progbits
 161 0000 789C2D8F 		.ascii	"x\234-\217\337+\203Q\030\307\237\3579\357X\262\375\003"
 161      DF2B8351 
 161      18C79FEF 
 161      39EF58B2 
 161      FD03
 162 0012 56DCEE46 		.ascii	"V\334\356F\230\013.5&YY{w%\365\246\331-\265\270v\266"
 162      980B2E35 
 162      2659597B 
 162      7725F5A6 
 162      D92DB5B8 
 163 0028 7743A294 		.ascii	"wC\242\224p\245\335\250\315o\312\315J\232\225Rj.\304"
 163      70A5DDA8 
 163      CD6FCACD 
 163      4A9A9552 
 163      6A2EC4
 164 003b 25A25CB8 		.ascii	"%\242\\\270b\221\022\3469\333N\235\363\234\347y>\347"
 164      629112E6 
 164      39DB4E9D 
 164      F39CE779 
ARM GAS  C:\Users\prana\AppData\Local\Temp\ccNtoKqk.s 			page 12


 164      3EE7
 165 004d FB3D8F41 		.ascii	"\373=\217A \275\3728\3708\266\360\206$\210\225\022Q"
 165      20BDFA38 
 165      F838B6F0 
 165      86248895 
 165      1251
 166 005f C229007D 		.ascii	"\302)\000}QN\320\254\300,>\305\257\300\325\327\345R"
 166      514ED0AC 
 166      C02C3EC5 
 166      AFC0D5D7 
 166      E552
 167 0071 9337AB54 		.ascii	"\2237\253TR=^<\367n\344\012HK\242\212 \370<\350\360"
 167      523D5E3C 
 167      F76EE40A 
 167      484BA28A 
 167      20F83CE8 
 168 0086 68892CBC 		.ascii	"h\211,\274\304\350\323\361\337\232\253!\245x\265i\200"
 168      C4E8D3F1 
 168      DF9AAB21 
 168      A578B569 
 168      80
 169 0097 3B393468 		.ascii	";94h\313\303pAU*\266*d\334\347gn.\245%\373\362a\350"
 169      CBC37041 
 169      552AB62A 
 169      64DCE767 
 169      6E2EA525 
 170 00af C3415A91 		.ascii	"\303AZ\221\336\370\205\366\177\027BG\371\202\342\367"
 170      DEF885F6 
 170      7F174247 
 170      F982E2F7 
 171 00bf E25D7E54 		.ascii	"\342]~T\213\330R\262\301z\272x\335\370!\322R@\373-\337"
 171      8BD852B2 
 171      C17ABA78 
 171      DDF821D2 
 171      5240FB2D 
 172 00d4 1CDCD653 		.ascii	"\034\334\326S\265\220R\006\227NOJ\017M\031l&R\374K\211"
 172      B5905206 
 172      974E4F4A 
 172      0F4D196C 
 172      2652FC4B 
 173 00e9 1D78B00D 		.ascii	"\035x\260\015\376#v\221\001\275\300.\007\310\226\250"
 173      FE237691 
 173      01BDC02E 
 173      07C896A8 
 174 00f9 C915CB47 		.ascii	"\311\025\313G\331f\375\336\200\304\036c\334\377\231"
 174      D966FDDE 
 174      80C41E63 
 174      DCFF99
 175 0108 BBCF77D5 		.ascii	"\273\317w\325\034\015\006\231Z\335:\310\2734\005\264"
 175      1C0D0699 
 175      5ADD3AC8 
 175      BB3405B4 
 176 0118 62BF4A25 		.ascii	"b\277J%\313\363w\371\236\032\345`\220^!\352\031U\007"
 176      CBF377F9 
 176      9E1AE560 
 176      905E21EA 
 176      195507
ARM GAS  C:\Users\prana\AppData\Local\Temp\ccNtoKqk.s 			page 13


 177 012b 811E80C7 		.ascii	"\201\036\200\307\351\034\214M\306\342\343\323\261\011"
 177      E91C8C4D 
 177      C6E2E3D3 
 177      B109
 178 0139 CB9C9A89 		.ascii	"\313\234\232\211Gcc!s\312\337=\026\3527M+4\022\216t"
 178      47636321 
 178      73CADF3D 
 178      16EA374D 
 178      2B34128E 
 179 014e 5881A160 		.ascii	"X\201\241`\304\362\007\207-s \330\036\245\177V[{\220"
 179      C4F20787 
 179      2D7320D8 
 179      1EA57F56 
 179      5B7B90
 180              		.text
 181              		.section	.gnu.lto_.symbol_nodes.b369b216,"",%progbits
 182 0000 789C6361 		.ascii	"x\234ca`d\010g\000\002&\206z\006\206\011\347\030@\324"
 182      60640867 
 182      00022686 
 182      7A068609 
 182      E71840D4 
 183 0014 AE0645A0 		.ascii	"\256\006E\240\000c=#\252\000S=\023\252\000s=3\252\000"
 183      00633D23 
 183      AA00533D 
 183      13AA0073 
 183      3D33AA00 
 184 0028 4B3D0B8A 		.ascii	"K=\013\212\000\003\000U/\023\016"
 184      00030055 
 184      2F130E
 185              		.text
 186              		.section	.gnu.lto_.refs.b369b216,"",%progbits
 187 0000 789C6361 		.ascii	"x\234ca`\004B \000\000\0009\000\007"
 187      60044220 
 187      00000039 
 187      0007
 188              		.text
 189              		.section	.gnu.lto_.decls.b369b216,"",%progbits
 190 0000 789C8D54 		.ascii	"x\234\215T}lSU\024\277\347\275\266lo\035#\0131\213i"
 190      7D6C5355 
 190      14BFE7BD 
 190      B66C6F1D 
 190      230B318B 
 191 0015 74F2C7B6 		.ascii	"t\362\307\266`2\031#\306\177LL6V\305\305-\024\367\027"
 191      60321923 
 191      C67F4C4C 
 191      3656C5C5 
 191      2D14F717 
 192 0029 4933C60B 		.ascii	"I3\306\01341\033)\305Hb\342\325\011\026\301\2443\021"
 192      34311B29 
 192      C54862E2 
 192      D50916C1 
 192      A43311
 193 003c 1D591558 		.ascii	"\035Y\025X\204\226\225}\003\033j\251\340\2767\330\007"
 193      8496957D 
 193      031B6AA9 
 193      E0BE37D8 
 193      07
ARM GAS  C:\Users\prana\AppData\Local\Temp\ccNtoKqk.s 			page 14


 194 004d D521CA86 		.ascii	"\325!\312\206c\211\006B\252\220\341F\340y\356}\257}"
 194      63890642 
 194      AA90E146 
 194      E079EE7D 
 194      AF7D
 195 005f ED688937 		.ascii	"\355h\2117=\357\335{\3369\347\367;\037\275\006\002\204"
 195      3DEFDD7B 
 195      DE39E7F7 
 195      3B1FBD06 
 195      0284
 196 0071 2D878990 		.ascii	"-\207\211\220M\270}\037E\301\205GRE\364eD9\203\322\203"
 196      4DB87D1F 
 196      45C18547 
 196      5245F465 
 196      443983D2 
 197 0086 3280328C 		.ascii	"2\2002\2142F\236\\\314&]\363\315FY\215\322\206\222\217"
 197      32469E5C 
 197      CC265DF3 
 197      CD46598D 
 197      D286928F 
 198 009a 328E1246 		.ascii	"2\216\022F\271\212R\241\331\203\346\263|\365h\230UI"
 198      B98A52A1 
 198      D983E6B3 
 198      7CF56898 
 198      5549
 199 00ac 7CA37E3D 		.ascii	"|\243~=I\374\0307i\031\376%\224`\034\217d\034\006\222"
 199      49FC1837 
 199      6919FE25 
 199      94601C8F 
 199      641C0692 
 200 00c0 C46239AE 		.ascii	"\304b9\256X\026'\225\377p\022\3771-\207\340S\374\222"
 200      58162795 
 200      FF7012FF 
 200      312D87E0 
 200      53FC92
 201 00d3 D5F09100 		.ascii	"\325\360\221\000\212\267\325\227~\035\256\201\000Z\203"
 201      8AB7D597 
 201      7E1DAE81 
 201      005A83
 202 00e2 0880FA04 		.ascii	"\010\200\372\004.D\025~\304\215\300\237$\246\212\275"
 202      2E44157E 
 202      C48DC09F 
 202      24A68ABD 
 203 00f2 087B12D5 		.ascii	"\010{\022\325\236\353\364`\374\027}+\321\305\203\350"
 203      9EEBF460 
 203      FC177D2B 
 203      D1C583E8 
 204 0102 D1417382 		.ascii	"\321As\202\030\003\325K\375.hfD\015.\350\016q\361T\272"
 204      1803D54B 
 204      FD2E6866 
 204      440D2EE8 
 204      0E71F154 
 205 0117 719C2031 		.ascii	"q\234 1'\210&}\345k\277?K\304\230\270\237Y\364\225\025"
 205      2788267D 
 205      E56BBF3F 
 205      4BC498B8 
 205      9F59F495 
ARM GAS  C:\Users\prana\AppData\Local\Temp\ccNtoKqk.s 			page 15


 206 012c 06282E0F 		.ascii	"\006(.\017\245\302&\2752\277\017\372[\304\373\002\344"
 206      A5C226BD 
 206      32BF0FFA 
 206      5BC4FB02 
 206      E4
 207 013d 4BC0C267 		.ascii	"K\300\302g\241\252\355N\357b\246\252b\026\3033\363\377"
 207      A1AAED4E 
 207      EF62A6AA 
 207      6216C333 
 207      F3FF
 208 014f A48B2FF2 		.ascii	"\244\213/\362\375\304\307\355M\314:[\002\003\036\377"
 208      FDC4C7ED 
 208      4DCC3A5B 
 208      02031EFF 
 209 015f 1E3B32B7 		.ascii	"\036;2\267\022\217\253%\310}$\010\223\215wfL \025\270"
 209      128FAB25 
 209      C87D2408 
 209      938D7766 
 209      4C2015B8 
 210 0173 29FD887A 		.ascii	")\375\210z\352i\366\353\004Z\301\002\247\301B\240\035"
 210      EA69F6EB 
 210      045AC102 
 210      A7C142A0 
 210      1D
 211 0184 0A58443F 		.ascii	"\012XD?\024\022hA\345)T\236`\204f\303\035\257\366R\272"
 211      14126841 
 211      E529549E 
 211      608466C3 
 211      1DAFF652 
 212 0199 0ADA4082 		.ascii	"\012\332@\202\000\210\334\004\323\310\227\264\336\315"
 212      0088DC04 
 212      D3C897B4 
 212      DECD
 213 01a7 767B0483 		.ascii	"v{\004\203\200\032f\260\315\300t}\312\203P\226\312C"
 213      801A66B0 
 213      CDC0747D 
 213      CA835096 
 213      CA43
 214 01b9 C0E36464 		.ascii	"\300\343dd\324\233\241\362X\205\307pSd*#\3470\013N\353"
 214      D49BA1F2 
 214      5885C770 
 214      53642A23 
 214      E7300B4E 
 215 01ce 69AE0055 		.ascii	"i\256\000U\317@\027Bv\"$\201n\310\301g\007\030\324\360"
 215      CF401742 
 215      76222481 
 215      6EC8C167 
 215      0718D4F0 
 216 01e2 839D1F76 		.ascii	"\203\235\037v\301\232\243\364h;\235\275\326\237\177"
 216      C19AA3F4 
 216      683B9DBD 
 216      D69F7F
 217 01f1 B89EFAD0 		.ascii	"\270\236\372\320-\227\231\201Og\203[\366:\011\327\261"
 217      2D979981 
 217      4F67835B 
 217      F63A09D7 
 217      B1
ARM GAS  C:\Users\prana\AppData\Local\Temp\ccNtoKqk.s 			page 16


 218 0202 DA67600D 		.ascii	"\332g`\015z\216|v\3577\243\270\037xen\007\033\225\314"
 218      7A8E7C76 
 218      EF37A3B8 
 218      1F78656E 
 218      071B95CC 
 219 0216 9498E738 		.ascii	"\224\230\3478\3466\015\362\200\177\304kR!C\217\373\315"
 219      E6360DF2 
 219      807FC46B 
 219      5221438F 
 219      FBCD
 220 0228 741C7D5E 		.ascii	"t\034}^c6pV\007<\033\017\330\303\001\003\207~\371\004"
 220      63367056 
 220      073C1B0F 
 220      D8C30103 
 220      877EF904 
 221 023c C46615B0 		.ascii	"\304f\025\260m\337-\177\032\346l\301\306A\\\327,j\327"
 221      6DDF2D7F 
 221      1AE66CC1 
 221      C6415CD7 
 221      2C6AD7
 222 024f 1A1BE61E 		.ascii	"\032\033\346\036g\210\323\334V\230\232k\371\313\000"
 222      6788D3DC 
 222      56989A6B 
 222      F9CB00
 223 025e 0592566F 		.ascii	"\005\222Vo\277Z\357 \226\363{\035\320\302\352\315[\027"
 223      BF5AEF20 
 223      96F37B1D 
 223      D0C2EACD 
 223      5B17
 224 0270 394E4D39 		.ascii	"9NM9\004\212-\260\016\033\367\0036\316\2425\356;\314"
 224      048A2DB0 
 224      0E1BF703 
 224      36CEA235 
 224      EE3BCC
 225 0283 E83C6684 		.ascii	"\350<f\204\000\363_~s\333\304\333\022\214\265\345\333"
 225      00F35F7E 
 225      73DBC4DB 
 225      128CB5E5 
 225      DB
 226 0294 A5871136 		.ascii	"\245\207\0216\036yl\230\3048Ry*)\337\261\376.I\274\241"
 226      1E796C98 
 226      C4385279 
 226      2A29DFB1 
 226      FE2E49BC 
 227 02a9 92BADB3D 		.ascii	"\222\272\333=0\235\031\235\026\254\231T@b\025\203\237"
 227      309D199D 
 227      16AC9954 
 227      40621583 
 227      9F
 228 02ba 10344F03 		.ascii	"\0204O\003\375\021\225\241\350\264\204~~\216\012p\011"
 228      FD1195A1 
 228      E8B4847E 
 228      7E8E0A70 
 228      09
 229 02cb 212FEAD4 		.ascii	"!/\352\324\363\264Q\031\035W|f\316\211\031\\\000N\352"
 229      F3B45119 
 229      1D577C66 
ARM GAS  C:\Users\prana\AppData\Local\Temp\ccNtoKqk.s 			page 17


 229      CE89195C 
 229      004EEA
 230 02de CFA52543 		.ascii	"\317\245%C\312\306\364\363\306\364E\207\341\346\202"
 230      CAC6F4F3 
 230      C6F44587 
 230      E1E682
 231 02ed BB3B2B3A 		.ascii	"\273;+:\014\373\255\177tR\272\017\375\014\314\016zu"
 231      0CFBAD7F 
 231      7452BA0F 
 231      FD0CCC0E 
 231      7A75
 232 02ff C0DEF8E6 		.ascii	"\300\336\370\346\014\360\346|\336\032\270k\026\347\325"
 232      0CF0E67C 
 232      DE1AB86B 
 232      16E7D5
 233 030e E6DCBF18 		.ascii	"\346\334\277\030\270\227\000\312\370\350\250C\011\343"
 233      B89700CA 
 233      F8E8A843 
 233      09E3
 234 031c B070AC43 		.ascii	"\260p\254C\321@C\023\007\315\2154\204\365\300$\321\012"
 234      D1404313 
 234      07CD8D34 
 234      84F5C024 
 234      D10A
 235 032e 0675CCC1 		.ascii	"\006u\314\301x\314a\2169tkz(M\364\250\177q\257\247\371"
 235      78CC618E 
 235      39746B7A 
 235      284DF4A8 
 235      7F71AFA7 
 236 0343 54C2D407 		.ascii	"T\302\324\007\0230G\0230\037\234\254W\242#\350\275,"
 236      13304713 
 236      301F9CAC 
 236      57A223E8 
 236      BD2C
 237 0355 C630D10A 		.ascii	"\3060\321\012Ft\314\221x\3141\206)6\237~xb%Fe?\351\010"
 237      4674CC91 
 237      78CC3186 
 237      29369F7E 
 237      78622546 
 238 036d C5EE4514 		.ascii	"\305\356E\024\345\003EY\001\343 \021\256\240\015\307"
 238      E5034559 
 238      01E32011 
 238      AEA00DC7 
 239 037d 4BDD0DCF 		.ascii	"K\335\015\317r\205\233\3379\211w\001\341_\010\\\301"
 239      72859BDF 
 239      39897701 
 239      E15F085C 
 239      C1
 240 038e F365D66D 		.ascii	"\363e\326m<\262\277\305\315/~5Jn\306\376\377\\\036\350"
 240      3CB2BFC5 
 240      CD2F7E35 
 240      4A6EC6FE 
 240      FF5C1EE8 
 241 03a2 71FE066D 		.ascii	"q\376\006m2\212}<\177!|\360\334W\242>\344\213\025\015"
 241      328A7D3C 
 241      7F217CF0 
 241      DC57A23E 
ARM GAS  C:\Users\prana\AppData\Local\Temp\ccNtoKqk.s 			page 18


 241      E48B150D 
 242 03b6 07584657 		.ascii	"\007XFW\261\012\223zF\023\240\215\371\223 S\311A\026"
 242      B10A937A 
 242      4613A08D 
 242      F9932053 
 242      C94116
 243 03c9 FE1D3A64 		.ascii	"\376\035:d6\177\032\273\323xD=\2250\230\371\325\313"
 243      367F1ABB 
 243      D378443D 
 243      953098F9 
 243      D5CB
 244 03db DECF5796 		.ascii	"\336\317W\226\332l\366\312\212\315[\326\331\313\336"
 244      DA6CF6CA 
 244      8ACD5BD6 
 244      D9CBDE
 245 03ea 28DF622F 		.ascii	"(\337b/)\177\323n\333Xn\267\271\252\235\256\215\357"
 245      297FD36E 
 245      DB586EB7 
 245      B9AA9DAE 
 245      8DEF
 246 03fc A559DF7A 		.ascii	"\245Y\337z;\267\244\250\210\230\3668j]\305\353_\260"
 246      3BB7A4A8 
 246      8898F638 
 246      6A5DC5EB 
 246      5FB0
 247 040e CAB5B2B3 		.ascii	"\312\265\262\263\332%o\267\333\352\3668k\344\255\225"
 247      DA256FB7 
 247      DBEAF638 
 247      6BE4AD95 
 248 041e B6BA920D 		.ascii	"\266\272\222\015/\325\354u\355\335%\357.\334I\212\222"
 248      2FD5EC75 
 248      EDDD25EF 
 248      2EDC498A 
 248      92
 249 042f 5B6C4D01 		.ascii	"[lM\001TXC,\2519\324\355\332\220\362\243\354*sV\327"
 249      5458432C 
 249      A939D4ED 
 249      DA90F2A3 
 249      EC2A7356 
 250 0444 B81C75B5 		.ascii	"\270\034u\265\325\357\224:\336ul\227\235\233\345\035"
 250      D5EF943A 
 250      DE756C97 
 250      9D9BE51D 
 251 0454 8EDD2ED9 		.ascii	"\216\335.\331idd_\341\224\213^^\233*\202Uv-\363K\011"
 251      6964645F 
 251      E1948B5E 
 251      5E9B2A82 
 251      55762DF3 
 252 046a 667D1A98 		.ascii	"f}\032\230S\336Q\274\376?\236*X\001"
 252      53DE51BC 
 252      FE3F9E2A 
 252      5801
 253              		.text
 254              		.section	.gnu.lto_.symtab.b369b216,"",%progbits
 255 0000 50445353 		.ascii	"PDSS_PORT0_FILT_CLK_SEL_StartEx\000"
 255      5F504F52 
 255      54305F46 
ARM GAS  C:\Users\prana\AppData\Local\Temp\ccNtoKqk.s 			page 19


 255      494C545F 
 255      434C4B5F 
 256 0020 00       		.ascii	"\000"
 257 0021 00       		.ascii	"\000"
 258 0022 00       		.ascii	"\000"
 259 0023 00000000 		.ascii	"\000\000\000\000\000\000\000\000"
 259      00000000 
 260 002b B5000000 		.ascii	"\265\000\000\000"
 261 002f 50445353 		.ascii	"PDSS_PORT0_FILT_CLK_SEL_Stop\000"
 261      5F504F52 
 261      54305F46 
 261      494C545F 
 261      434C4B5F 
 262 004c 00       		.ascii	"\000"
 263 004d 00       		.ascii	"\000"
 264 004e 00       		.ascii	"\000"
 265 004f 00000000 		.ascii	"\000\000\000\000\000\000\000\000"
 265      00000000 
 266 0057 B8000000 		.ascii	"\270\000\000\000"
 267 005b 50445353 		.ascii	"PDSS_PORT0_FILT_CLK_SEL_SetFractionalDividerRegiste"
 267      5F504F52 
 267      54305F46 
 267      494C545F 
 267      434C4B5F 
 268 008e 7200     		.ascii	"r\000"
 269 0090 00       		.ascii	"\000"
 270 0091 00       		.ascii	"\000"
 271 0092 00       		.ascii	"\000"
 272 0093 00000000 		.ascii	"\000\000\000\000\000\000\000\000"
 272      00000000 
 273 009b C7000000 		.ascii	"\307\000\000\000"
 274 009f 50445353 		.ascii	"PDSS_PORT0_FILT_CLK_SEL_GetDividerRegister\000"
 274      5F504F52 
 274      54305F46 
 274      494C545F 
 274      434C4B5F 
 275 00ca 00       		.ascii	"\000"
 276 00cb 00       		.ascii	"\000"
 277 00cc 00       		.ascii	"\000"
 278 00cd 00000000 		.ascii	"\000\000\000\000\000\000\000\000"
 278      00000000 
 279 00d5 CA000000 		.ascii	"\312\000\000\000"
 280 00d9 50445353 		.ascii	"PDSS_PORT0_FILT_CLK_SEL_GetFractionalDividerRegiste"
 280      5F504F52 
 280      54305F46 
 280      494C545F 
 280      434C4B5F 
 281 010c 7200     		.ascii	"r\000"
 282 010e 00       		.ascii	"\000"
 283 010f 00       		.ascii	"\000"
 284 0110 00       		.ascii	"\000"
 285 0111 00000000 		.ascii	"\000\000\000\000\000\000\000\000"
 285      00000000 
 286 0119 CD000000 		.ascii	"\315\000\000\000"
 287              		.text
 288              		.section	.gnu.lto_.opts,"",%progbits
 289 0000 272D666D 		.ascii	"'-fmath-errno' '-fsigned-zeros' '-ftrapping-math' '"
ARM GAS  C:\Users\prana\AppData\Local\Temp\ccNtoKqk.s 			page 20


 289      6174682D 
 289      6572726E 
 289      6F272027 
 289      2D667369 
 290 0033 2D666E6F 		.ascii	"-fno-trapv' '-fno-openmp' '-fno-openacc' '-mcpu=cor"
 290      2D747261 
 290      70762720 
 290      272D666E 
 290      6F2D6F70 
 291 0066 7465782D 		.ascii	"tex-m0' '-mthumb' '-g' '-Os' '-Werror' '-ffunction-"
 291      6D302720 
 291      272D6D74 
 291      68756D62 
 291      2720272D 
 292 0099 73656374 		.ascii	"sections' '-ffat-lto-objects' '-finline-functions' "
 292      696F6E73 
 292      2720272D 
 292      66666174 
 292      2D6C746F 
 293 00cc 272D666C 		.ascii	"'-flto' '-fno-strict-aliasing'\000"
 293      746F2720 
 293      272D666E 
 293      6F2D7374 
 293      72696374 
 294              		.text
 295              		.cfi_sections	.debug_frame
 296              		.section	.text.PDSS_PORT0_FILT_CLK_SEL_StartEx,"ax",%progbits
 297              		.align	1
 298              		.global	PDSS_PORT0_FILT_CLK_SEL_StartEx
 299              		.code	16
 300              		.thumb_func
 301              		.type	PDSS_PORT0_FILT_CLK_SEL_StartEx, %function
 302              	PDSS_PORT0_FILT_CLK_SEL_StartEx:
 303              	.LFB0:
 304              		.file 1 "Generated_Source\\PSoC4\\PDSS_PORT0_FILT_CLK_SEL.c"
   1:Generated_Source\PSoC4/PDSS_PORT0_FILT_CLK_SEL.c **** /*******************************************************************************
   2:Generated_Source\PSoC4/PDSS_PORT0_FILT_CLK_SEL.c **** * File Name: PDSS_PORT0_FILT_CLK_SEL.c
   3:Generated_Source\PSoC4/PDSS_PORT0_FILT_CLK_SEL.c **** * Version 2.20
   4:Generated_Source\PSoC4/PDSS_PORT0_FILT_CLK_SEL.c **** *
   5:Generated_Source\PSoC4/PDSS_PORT0_FILT_CLK_SEL.c **** *  Description:
   6:Generated_Source\PSoC4/PDSS_PORT0_FILT_CLK_SEL.c **** *   Provides system API for the clocking, interrupts and watchdog timer.
   7:Generated_Source\PSoC4/PDSS_PORT0_FILT_CLK_SEL.c **** *
   8:Generated_Source\PSoC4/PDSS_PORT0_FILT_CLK_SEL.c **** *  Note:
   9:Generated_Source\PSoC4/PDSS_PORT0_FILT_CLK_SEL.c **** *   Documentation of the API's in this file is located in the
  10:Generated_Source\PSoC4/PDSS_PORT0_FILT_CLK_SEL.c **** *   System Reference Guide provided with PSoC Creator.
  11:Generated_Source\PSoC4/PDSS_PORT0_FILT_CLK_SEL.c **** *
  12:Generated_Source\PSoC4/PDSS_PORT0_FILT_CLK_SEL.c **** ********************************************************************************
  13:Generated_Source\PSoC4/PDSS_PORT0_FILT_CLK_SEL.c **** * Copyright 2008-2012, Cypress Semiconductor Corporation.  All rights reserved.
  14:Generated_Source\PSoC4/PDSS_PORT0_FILT_CLK_SEL.c **** * You may use this file only in accordance with the license, terms, conditions,
  15:Generated_Source\PSoC4/PDSS_PORT0_FILT_CLK_SEL.c **** * disclaimers, and limitations in the end user license agreement accompanying
  16:Generated_Source\PSoC4/PDSS_PORT0_FILT_CLK_SEL.c **** * the software package with which this file was provided.
  17:Generated_Source\PSoC4/PDSS_PORT0_FILT_CLK_SEL.c **** *******************************************************************************/
  18:Generated_Source\PSoC4/PDSS_PORT0_FILT_CLK_SEL.c **** 
  19:Generated_Source\PSoC4/PDSS_PORT0_FILT_CLK_SEL.c **** #include <cydevice_trm.h>
  20:Generated_Source\PSoC4/PDSS_PORT0_FILT_CLK_SEL.c **** #include "PDSS_PORT0_FILT_CLK_SEL.h"
  21:Generated_Source\PSoC4/PDSS_PORT0_FILT_CLK_SEL.c **** 
  22:Generated_Source\PSoC4/PDSS_PORT0_FILT_CLK_SEL.c **** #if defined CYREG_PERI_DIV_CMD
ARM GAS  C:\Users\prana\AppData\Local\Temp\ccNtoKqk.s 			page 21


  23:Generated_Source\PSoC4/PDSS_PORT0_FILT_CLK_SEL.c **** 
  24:Generated_Source\PSoC4/PDSS_PORT0_FILT_CLK_SEL.c **** /*******************************************************************************
  25:Generated_Source\PSoC4/PDSS_PORT0_FILT_CLK_SEL.c **** * Function Name: PDSS_PORT0_FILT_CLK_SEL_StartEx
  26:Generated_Source\PSoC4/PDSS_PORT0_FILT_CLK_SEL.c **** ********************************************************************************
  27:Generated_Source\PSoC4/PDSS_PORT0_FILT_CLK_SEL.c **** *
  28:Generated_Source\PSoC4/PDSS_PORT0_FILT_CLK_SEL.c **** * Summary:
  29:Generated_Source\PSoC4/PDSS_PORT0_FILT_CLK_SEL.c **** *  Starts the clock, aligned to the specified running clock.
  30:Generated_Source\PSoC4/PDSS_PORT0_FILT_CLK_SEL.c **** *
  31:Generated_Source\PSoC4/PDSS_PORT0_FILT_CLK_SEL.c **** * Parameters:
  32:Generated_Source\PSoC4/PDSS_PORT0_FILT_CLK_SEL.c **** *  alignClkDiv:  The divider to which phase alignment is performed when the
  33:Generated_Source\PSoC4/PDSS_PORT0_FILT_CLK_SEL.c **** *    clock is started.
  34:Generated_Source\PSoC4/PDSS_PORT0_FILT_CLK_SEL.c **** *
  35:Generated_Source\PSoC4/PDSS_PORT0_FILT_CLK_SEL.c **** * Returns:
  36:Generated_Source\PSoC4/PDSS_PORT0_FILT_CLK_SEL.c **** *  None
  37:Generated_Source\PSoC4/PDSS_PORT0_FILT_CLK_SEL.c **** *
  38:Generated_Source\PSoC4/PDSS_PORT0_FILT_CLK_SEL.c **** *******************************************************************************/
  39:Generated_Source\PSoC4/PDSS_PORT0_FILT_CLK_SEL.c **** void PDSS_PORT0_FILT_CLK_SEL_StartEx(uint32 alignClkDiv)
  40:Generated_Source\PSoC4/PDSS_PORT0_FILT_CLK_SEL.c **** {
 305              		.loc 1 40 0
 306              		.cfi_startproc
 307              		@ args = 0, pretend = 0, frame = 0
 308              		@ frame_needed = 0, uses_anonymous_args = 0
 309              		@ link register save eliminated.
 310              	.LVL0:
  41:Generated_Source\PSoC4/PDSS_PORT0_FILT_CLK_SEL.c ****     /* Make sure any previous start command has finished. */
  42:Generated_Source\PSoC4/PDSS_PORT0_FILT_CLK_SEL.c ****     while((PDSS_PORT0_FILT_CLK_SEL_CMD_REG & PDSS_PORT0_FILT_CLK_SEL_CMD_ENABLE_MASK) != 0u)
 311              		.loc 1 42 0
 312 0000 044A     		ldr	r2, .L5
 313              	.L2:
 314              		.loc 1 42 0 is_stmt 0 discriminator 1
 315 0002 1368     		ldr	r3, [r2]
 316 0004 002B     		cmp	r3, #0
 317 0006 FCDB     		blt	.L2
  43:Generated_Source\PSoC4/PDSS_PORT0_FILT_CLK_SEL.c ****     {
  44:Generated_Source\PSoC4/PDSS_PORT0_FILT_CLK_SEL.c ****     }
  45:Generated_Source\PSoC4/PDSS_PORT0_FILT_CLK_SEL.c ****     
  46:Generated_Source\PSoC4/PDSS_PORT0_FILT_CLK_SEL.c ****     /* Specify the target divider and it's alignment divider, and enable. */
  47:Generated_Source\PSoC4/PDSS_PORT0_FILT_CLK_SEL.c ****     PDSS_PORT0_FILT_CLK_SEL_CMD_REG =
  48:Generated_Source\PSoC4/PDSS_PORT0_FILT_CLK_SEL.c ****         ((uint32)PDSS_PORT0_FILT_CLK_SEL__DIV_ID << PDSS_PORT0_FILT_CLK_SEL_CMD_DIV_SHIFT)|
  49:Generated_Source\PSoC4/PDSS_PORT0_FILT_CLK_SEL.c ****         (alignClkDiv << PDSS_PORT0_FILT_CLK_SEL_CMD_PA_DIV_SHIFT) |
 318              		.loc 1 49 0 is_stmt 1
 319 0008 034B     		ldr	r3, .L5+4
 320 000a 0002     		lsls	r0, r0, #8
 321              	.LVL1:
 322 000c 1843     		orrs	r0, r3
  47:Generated_Source\PSoC4/PDSS_PORT0_FILT_CLK_SEL.c ****         ((uint32)PDSS_PORT0_FILT_CLK_SEL__DIV_ID << PDSS_PORT0_FILT_CLK_SEL_CMD_DIV_SHIFT)|
 323              		.loc 1 47 0
 324 000e 014B     		ldr	r3, .L5
  50:Generated_Source\PSoC4/PDSS_PORT0_FILT_CLK_SEL.c ****         (uint32)PDSS_PORT0_FILT_CLK_SEL_CMD_ENABLE_MASK;
  51:Generated_Source\PSoC4/PDSS_PORT0_FILT_CLK_SEL.c **** }
 325              		.loc 1 51 0
 326              		@ sp needed
  47:Generated_Source\PSoC4/PDSS_PORT0_FILT_CLK_SEL.c ****         ((uint32)PDSS_PORT0_FILT_CLK_SEL__DIV_ID << PDSS_PORT0_FILT_CLK_SEL_CMD_DIV_SHIFT)|
 327              		.loc 1 47 0
 328 0010 1860     		str	r0, [r3]
 329              		.loc 1 51 0
 330 0012 7047     		bx	lr
ARM GAS  C:\Users\prana\AppData\Local\Temp\ccNtoKqk.s 			page 22


 331              	.L6:
 332              		.align	2
 333              	.L5:
 334 0014 00000140 		.word	1073807360
 335 0018 80000080 		.word	-2147483520
 336              		.cfi_endproc
 337              	.LFE0:
 338              		.size	PDSS_PORT0_FILT_CLK_SEL_StartEx, .-PDSS_PORT0_FILT_CLK_SEL_StartEx
 339              		.section	.text.PDSS_PORT0_FILT_CLK_SEL_Stop,"ax",%progbits
 340              		.align	1
 341              		.global	PDSS_PORT0_FILT_CLK_SEL_Stop
 342              		.code	16
 343              		.thumb_func
 344              		.type	PDSS_PORT0_FILT_CLK_SEL_Stop, %function
 345              	PDSS_PORT0_FILT_CLK_SEL_Stop:
 346              	.LFB1:
  52:Generated_Source\PSoC4/PDSS_PORT0_FILT_CLK_SEL.c **** 
  53:Generated_Source\PSoC4/PDSS_PORT0_FILT_CLK_SEL.c **** #else
  54:Generated_Source\PSoC4/PDSS_PORT0_FILT_CLK_SEL.c **** 
  55:Generated_Source\PSoC4/PDSS_PORT0_FILT_CLK_SEL.c **** /*******************************************************************************
  56:Generated_Source\PSoC4/PDSS_PORT0_FILT_CLK_SEL.c **** * Function Name: PDSS_PORT0_FILT_CLK_SEL_Start
  57:Generated_Source\PSoC4/PDSS_PORT0_FILT_CLK_SEL.c **** ********************************************************************************
  58:Generated_Source\PSoC4/PDSS_PORT0_FILT_CLK_SEL.c **** *
  59:Generated_Source\PSoC4/PDSS_PORT0_FILT_CLK_SEL.c **** * Summary:
  60:Generated_Source\PSoC4/PDSS_PORT0_FILT_CLK_SEL.c **** *  Starts the clock.
  61:Generated_Source\PSoC4/PDSS_PORT0_FILT_CLK_SEL.c **** *
  62:Generated_Source\PSoC4/PDSS_PORT0_FILT_CLK_SEL.c **** * Parameters:
  63:Generated_Source\PSoC4/PDSS_PORT0_FILT_CLK_SEL.c **** *  None
  64:Generated_Source\PSoC4/PDSS_PORT0_FILT_CLK_SEL.c **** *
  65:Generated_Source\PSoC4/PDSS_PORT0_FILT_CLK_SEL.c **** * Returns:
  66:Generated_Source\PSoC4/PDSS_PORT0_FILT_CLK_SEL.c **** *  None
  67:Generated_Source\PSoC4/PDSS_PORT0_FILT_CLK_SEL.c **** *
  68:Generated_Source\PSoC4/PDSS_PORT0_FILT_CLK_SEL.c **** *******************************************************************************/
  69:Generated_Source\PSoC4/PDSS_PORT0_FILT_CLK_SEL.c **** 
  70:Generated_Source\PSoC4/PDSS_PORT0_FILT_CLK_SEL.c **** void PDSS_PORT0_FILT_CLK_SEL_Start(void)
  71:Generated_Source\PSoC4/PDSS_PORT0_FILT_CLK_SEL.c **** {
  72:Generated_Source\PSoC4/PDSS_PORT0_FILT_CLK_SEL.c ****     /* Set the bit to enable the clock. */
  73:Generated_Source\PSoC4/PDSS_PORT0_FILT_CLK_SEL.c ****     PDSS_PORT0_FILT_CLK_SEL_ENABLE_REG |= PDSS_PORT0_FILT_CLK_SEL__ENABLE_MASK;
  74:Generated_Source\PSoC4/PDSS_PORT0_FILT_CLK_SEL.c **** }
  75:Generated_Source\PSoC4/PDSS_PORT0_FILT_CLK_SEL.c **** 
  76:Generated_Source\PSoC4/PDSS_PORT0_FILT_CLK_SEL.c **** #endif /* CYREG_PERI_DIV_CMD */
  77:Generated_Source\PSoC4/PDSS_PORT0_FILT_CLK_SEL.c **** 
  78:Generated_Source\PSoC4/PDSS_PORT0_FILT_CLK_SEL.c **** 
  79:Generated_Source\PSoC4/PDSS_PORT0_FILT_CLK_SEL.c **** /*******************************************************************************
  80:Generated_Source\PSoC4/PDSS_PORT0_FILT_CLK_SEL.c **** * Function Name: PDSS_PORT0_FILT_CLK_SEL_Stop
  81:Generated_Source\PSoC4/PDSS_PORT0_FILT_CLK_SEL.c **** ********************************************************************************
  82:Generated_Source\PSoC4/PDSS_PORT0_FILT_CLK_SEL.c **** *
  83:Generated_Source\PSoC4/PDSS_PORT0_FILT_CLK_SEL.c **** * Summary:
  84:Generated_Source\PSoC4/PDSS_PORT0_FILT_CLK_SEL.c **** *  Stops the clock and returns immediately. This API does not require the
  85:Generated_Source\PSoC4/PDSS_PORT0_FILT_CLK_SEL.c **** *  source clock to be running but may return before the hardware is actually
  86:Generated_Source\PSoC4/PDSS_PORT0_FILT_CLK_SEL.c **** *  disabled.
  87:Generated_Source\PSoC4/PDSS_PORT0_FILT_CLK_SEL.c **** *
  88:Generated_Source\PSoC4/PDSS_PORT0_FILT_CLK_SEL.c **** * Parameters:
  89:Generated_Source\PSoC4/PDSS_PORT0_FILT_CLK_SEL.c **** *  None
  90:Generated_Source\PSoC4/PDSS_PORT0_FILT_CLK_SEL.c **** *
  91:Generated_Source\PSoC4/PDSS_PORT0_FILT_CLK_SEL.c **** * Returns:
  92:Generated_Source\PSoC4/PDSS_PORT0_FILT_CLK_SEL.c **** *  None
ARM GAS  C:\Users\prana\AppData\Local\Temp\ccNtoKqk.s 			page 23


  93:Generated_Source\PSoC4/PDSS_PORT0_FILT_CLK_SEL.c **** *
  94:Generated_Source\PSoC4/PDSS_PORT0_FILT_CLK_SEL.c **** *******************************************************************************/
  95:Generated_Source\PSoC4/PDSS_PORT0_FILT_CLK_SEL.c **** void PDSS_PORT0_FILT_CLK_SEL_Stop(void)
  96:Generated_Source\PSoC4/PDSS_PORT0_FILT_CLK_SEL.c **** {
 347              		.loc 1 96 0
 348              		.cfi_startproc
 349              		@ args = 0, pretend = 0, frame = 0
 350              		@ frame_needed = 0, uses_anonymous_args = 0
 351              		@ link register save eliminated.
  97:Generated_Source\PSoC4/PDSS_PORT0_FILT_CLK_SEL.c **** #if defined CYREG_PERI_DIV_CMD
  98:Generated_Source\PSoC4/PDSS_PORT0_FILT_CLK_SEL.c **** 
  99:Generated_Source\PSoC4/PDSS_PORT0_FILT_CLK_SEL.c ****     /* Make sure any previous start command has finished. */
 100:Generated_Source\PSoC4/PDSS_PORT0_FILT_CLK_SEL.c ****     while((PDSS_PORT0_FILT_CLK_SEL_CMD_REG & PDSS_PORT0_FILT_CLK_SEL_CMD_ENABLE_MASK) != 0u)
 352              		.loc 1 100 0
 353 0000 034A     		ldr	r2, .L10
 354              	.L8:
 355              		.loc 1 100 0 is_stmt 0 discriminator 1
 356 0002 1368     		ldr	r3, [r2]
 357 0004 002B     		cmp	r3, #0
 358 0006 FCDB     		blt	.L8
 101:Generated_Source\PSoC4/PDSS_PORT0_FILT_CLK_SEL.c ****     {
 102:Generated_Source\PSoC4/PDSS_PORT0_FILT_CLK_SEL.c ****     }
 103:Generated_Source\PSoC4/PDSS_PORT0_FILT_CLK_SEL.c ****     
 104:Generated_Source\PSoC4/PDSS_PORT0_FILT_CLK_SEL.c ****     /* Specify the target divider and it's alignment divider, and disable. */
 105:Generated_Source\PSoC4/PDSS_PORT0_FILT_CLK_SEL.c ****     PDSS_PORT0_FILT_CLK_SEL_CMD_REG =
 359              		.loc 1 105 0 is_stmt 1
 360 0008 024A     		ldr	r2, .L10+4
 361 000a 014B     		ldr	r3, .L10
 106:Generated_Source\PSoC4/PDSS_PORT0_FILT_CLK_SEL.c ****         ((uint32)PDSS_PORT0_FILT_CLK_SEL__DIV_ID << PDSS_PORT0_FILT_CLK_SEL_CMD_DIV_SHIFT)|
 107:Generated_Source\PSoC4/PDSS_PORT0_FILT_CLK_SEL.c ****         ((uint32)PDSS_PORT0_FILT_CLK_SEL_CMD_DISABLE_MASK);
 108:Generated_Source\PSoC4/PDSS_PORT0_FILT_CLK_SEL.c **** 
 109:Generated_Source\PSoC4/PDSS_PORT0_FILT_CLK_SEL.c **** #else
 110:Generated_Source\PSoC4/PDSS_PORT0_FILT_CLK_SEL.c **** 
 111:Generated_Source\PSoC4/PDSS_PORT0_FILT_CLK_SEL.c ****     /* Clear the bit to disable the clock. */
 112:Generated_Source\PSoC4/PDSS_PORT0_FILT_CLK_SEL.c ****     PDSS_PORT0_FILT_CLK_SEL_ENABLE_REG &= (uint32)(~PDSS_PORT0_FILT_CLK_SEL__ENABLE_MASK);
 113:Generated_Source\PSoC4/PDSS_PORT0_FILT_CLK_SEL.c ****     
 114:Generated_Source\PSoC4/PDSS_PORT0_FILT_CLK_SEL.c **** #endif /* CYREG_PERI_DIV_CMD */
 115:Generated_Source\PSoC4/PDSS_PORT0_FILT_CLK_SEL.c **** }
 362              		.loc 1 115 0
 363              		@ sp needed
 105:Generated_Source\PSoC4/PDSS_PORT0_FILT_CLK_SEL.c ****         ((uint32)PDSS_PORT0_FILT_CLK_SEL__DIV_ID << PDSS_PORT0_FILT_CLK_SEL_CMD_DIV_SHIFT)|
 364              		.loc 1 105 0
 365 000c 1A60     		str	r2, [r3]
 366              		.loc 1 115 0
 367 000e 7047     		bx	lr
 368              	.L11:
 369              		.align	2
 370              	.L10:
 371 0010 00000140 		.word	1073807360
 372 0014 80000040 		.word	1073741952
 373              		.cfi_endproc
 374              	.LFE1:
 375              		.size	PDSS_PORT0_FILT_CLK_SEL_Stop, .-PDSS_PORT0_FILT_CLK_SEL_Stop
 376              		.section	.text.PDSS_PORT0_FILT_CLK_SEL_SetFractionalDividerRegister,"ax",%progbits
 377              		.align	1
 378              		.global	PDSS_PORT0_FILT_CLK_SEL_SetFractionalDividerRegister
 379              		.code	16
ARM GAS  C:\Users\prana\AppData\Local\Temp\ccNtoKqk.s 			page 24


 380              		.thumb_func
 381              		.type	PDSS_PORT0_FILT_CLK_SEL_SetFractionalDividerRegister, %function
 382              	PDSS_PORT0_FILT_CLK_SEL_SetFractionalDividerRegister:
 383              	.LFB2:
 116:Generated_Source\PSoC4/PDSS_PORT0_FILT_CLK_SEL.c **** 
 117:Generated_Source\PSoC4/PDSS_PORT0_FILT_CLK_SEL.c **** 
 118:Generated_Source\PSoC4/PDSS_PORT0_FILT_CLK_SEL.c **** /*******************************************************************************
 119:Generated_Source\PSoC4/PDSS_PORT0_FILT_CLK_SEL.c **** * Function Name: PDSS_PORT0_FILT_CLK_SEL_SetFractionalDividerRegister
 120:Generated_Source\PSoC4/PDSS_PORT0_FILT_CLK_SEL.c **** ********************************************************************************
 121:Generated_Source\PSoC4/PDSS_PORT0_FILT_CLK_SEL.c **** *
 122:Generated_Source\PSoC4/PDSS_PORT0_FILT_CLK_SEL.c **** * Summary:
 123:Generated_Source\PSoC4/PDSS_PORT0_FILT_CLK_SEL.c **** *  Modifies the clock divider and the fractional divider.
 124:Generated_Source\PSoC4/PDSS_PORT0_FILT_CLK_SEL.c **** *
 125:Generated_Source\PSoC4/PDSS_PORT0_FILT_CLK_SEL.c **** * Parameters:
 126:Generated_Source\PSoC4/PDSS_PORT0_FILT_CLK_SEL.c **** *  clkDivider:  Divider register value (0-65535). This value is NOT the
 127:Generated_Source\PSoC4/PDSS_PORT0_FILT_CLK_SEL.c **** *    divider; the clock hardware divides by clkDivider plus one. For example,
 128:Generated_Source\PSoC4/PDSS_PORT0_FILT_CLK_SEL.c **** *    to divide the clock by 2, this parameter should be set to 1.
 129:Generated_Source\PSoC4/PDSS_PORT0_FILT_CLK_SEL.c **** *  fracDivider:  Fractional Divider register value (0-31).
 130:Generated_Source\PSoC4/PDSS_PORT0_FILT_CLK_SEL.c **** * Returns:
 131:Generated_Source\PSoC4/PDSS_PORT0_FILT_CLK_SEL.c **** *  None
 132:Generated_Source\PSoC4/PDSS_PORT0_FILT_CLK_SEL.c **** *
 133:Generated_Source\PSoC4/PDSS_PORT0_FILT_CLK_SEL.c **** *******************************************************************************/
 134:Generated_Source\PSoC4/PDSS_PORT0_FILT_CLK_SEL.c **** void PDSS_PORT0_FILT_CLK_SEL_SetFractionalDividerRegister(uint16 clkDivider, uint8 clkFractional)
 135:Generated_Source\PSoC4/PDSS_PORT0_FILT_CLK_SEL.c **** {
 384              		.loc 1 135 0
 385              		.cfi_startproc
 386              		@ args = 0, pretend = 0, frame = 0
 387              		@ frame_needed = 0, uses_anonymous_args = 0
 388              	.LVL2:
 136:Generated_Source\PSoC4/PDSS_PORT0_FILT_CLK_SEL.c ****     uint32 maskVal;
 137:Generated_Source\PSoC4/PDSS_PORT0_FILT_CLK_SEL.c ****     uint32 regVal;
 138:Generated_Source\PSoC4/PDSS_PORT0_FILT_CLK_SEL.c ****     
 139:Generated_Source\PSoC4/PDSS_PORT0_FILT_CLK_SEL.c **** #if defined (PDSS_PORT0_FILT_CLK_SEL__FRAC_MASK) || defined (CYREG_PERI_DIV_CMD)
 140:Generated_Source\PSoC4/PDSS_PORT0_FILT_CLK_SEL.c ****     
 141:Generated_Source\PSoC4/PDSS_PORT0_FILT_CLK_SEL.c **** 	/* get all but divider bits */
 142:Generated_Source\PSoC4/PDSS_PORT0_FILT_CLK_SEL.c ****     maskVal = PDSS_PORT0_FILT_CLK_SEL_DIV_REG & 
 143:Generated_Source\PSoC4/PDSS_PORT0_FILT_CLK_SEL.c ****                     (uint32)(~(uint32)(PDSS_PORT0_FILT_CLK_SEL_DIV_INT_MASK | PDSS_PORT0_FILT_CLK_S
 144:Generated_Source\PSoC4/PDSS_PORT0_FILT_CLK_SEL.c **** 	/* combine mask and new divider vals into 32-bit value */
 145:Generated_Source\PSoC4/PDSS_PORT0_FILT_CLK_SEL.c ****     regVal = maskVal |
 389              		.loc 1 145 0
 390 0000 FF22     		movs	r2, #255
 391 0002 C900     		lsls	r1, r1, #3
 392              	.LVL3:
 393 0004 1140     		ands	r1, r2
 394 0006 0202     		lsls	r2, r0, #8
 395 0008 1143     		orrs	r1, r2
 396 000a 0723     		movs	r3, #7
 397 000c 0800     		movs	r0, r1
 398              	.LVL4:
 135:Generated_Source\PSoC4/PDSS_PORT0_FILT_CLK_SEL.c ****     uint32 maskVal;
 399              		.loc 1 135 0
 400 000e 30B5     		push	{r4, r5, lr}
 401              		.cfi_def_cfa_offset 12
 402              		.cfi_offset 4, -12
 403              		.cfi_offset 5, -8
 404              		.cfi_offset 14, -4
 142:Generated_Source\PSoC4/PDSS_PORT0_FILT_CLK_SEL.c ****                     (uint32)(~(uint32)(PDSS_PORT0_FILT_CLK_SEL_DIV_INT_MASK | PDSS_PORT0_FILT_CLK_S
ARM GAS  C:\Users\prana\AppData\Local\Temp\ccNtoKqk.s 			page 25


 405              		.loc 1 142 0
 406 0010 024C     		ldr	r4, .L13
 146:Generated_Source\PSoC4/PDSS_PORT0_FILT_CLK_SEL.c ****         ((uint32)((uint32)clkDivider <<  PDSS_PORT0_FILT_CLK_SEL_DIV_INT_SHIFT) & PDSS_PORT0_FILT_C
 147:Generated_Source\PSoC4/PDSS_PORT0_FILT_CLK_SEL.c ****         ((uint32)((uint32)clkFractional << PDSS_PORT0_FILT_CLK_SEL_DIV_FRAC_SHIFT) & PDSS_PORT0_FIL
 148:Generated_Source\PSoC4/PDSS_PORT0_FILT_CLK_SEL.c ****     
 149:Generated_Source\PSoC4/PDSS_PORT0_FILT_CLK_SEL.c **** #else
 150:Generated_Source\PSoC4/PDSS_PORT0_FILT_CLK_SEL.c ****     /* get all but integer divider bits */
 151:Generated_Source\PSoC4/PDSS_PORT0_FILT_CLK_SEL.c ****     maskVal = PDSS_PORT0_FILT_CLK_SEL_DIV_REG & (uint32)(~(uint32)PDSS_PORT0_FILT_CLK_SEL__DIVIDER_
 152:Generated_Source\PSoC4/PDSS_PORT0_FILT_CLK_SEL.c ****     /* combine mask and new divider val into 32-bit value */
 153:Generated_Source\PSoC4/PDSS_PORT0_FILT_CLK_SEL.c ****     regVal = clkDivider | maskVal;
 154:Generated_Source\PSoC4/PDSS_PORT0_FILT_CLK_SEL.c ****     
 155:Generated_Source\PSoC4/PDSS_PORT0_FILT_CLK_SEL.c **** #endif /* PDSS_PORT0_FILT_CLK_SEL__FRAC_MASK || CYREG_PERI_DIV_CMD */
 156:Generated_Source\PSoC4/PDSS_PORT0_FILT_CLK_SEL.c **** 
 157:Generated_Source\PSoC4/PDSS_PORT0_FILT_CLK_SEL.c ****     PDSS_PORT0_FILT_CLK_SEL_DIV_REG = regVal;
 158:Generated_Source\PSoC4/PDSS_PORT0_FILT_CLK_SEL.c **** }
 407              		.loc 1 158 0
 408              		@ sp needed
 142:Generated_Source\PSoC4/PDSS_PORT0_FILT_CLK_SEL.c ****                     (uint32)(~(uint32)(PDSS_PORT0_FILT_CLK_SEL_DIV_INT_MASK | PDSS_PORT0_FILT_CLK_S
 409              		.loc 1 142 0
 410 0012 2568     		ldr	r5, [r4]
 411              	.LVL5:
 145:Generated_Source\PSoC4/PDSS_PORT0_FILT_CLK_SEL.c ****         ((uint32)((uint32)clkDivider <<  PDSS_PORT0_FILT_CLK_SEL_DIV_INT_SHIFT) & PDSS_PORT0_FILT_C
 412              		.loc 1 145 0
 413 0014 2B40     		ands	r3, r5
 414              	.LVL6:
 415 0016 1843     		orrs	r0, r3
 416              	.LVL7:
 157:Generated_Source\PSoC4/PDSS_PORT0_FILT_CLK_SEL.c **** }
 417              		.loc 1 157 0
 418 0018 2060     		str	r0, [r4]
 419              		.loc 1 158 0
 420 001a 30BD     		pop	{r4, r5, pc}
 421              	.L14:
 422              		.align	2
 423              	.L13:
 424 001c 00040140 		.word	1073808384
 425              		.cfi_endproc
 426              	.LFE2:
 427              		.size	PDSS_PORT0_FILT_CLK_SEL_SetFractionalDividerRegister, .-PDSS_PORT0_FILT_CLK_SEL_SetFractiona
 428              		.section	.text.PDSS_PORT0_FILT_CLK_SEL_GetDividerRegister,"ax",%progbits
 429              		.align	1
 430              		.global	PDSS_PORT0_FILT_CLK_SEL_GetDividerRegister
 431              		.code	16
 432              		.thumb_func
 433              		.type	PDSS_PORT0_FILT_CLK_SEL_GetDividerRegister, %function
 434              	PDSS_PORT0_FILT_CLK_SEL_GetDividerRegister:
 435              	.LFB3:
 159:Generated_Source\PSoC4/PDSS_PORT0_FILT_CLK_SEL.c **** 
 160:Generated_Source\PSoC4/PDSS_PORT0_FILT_CLK_SEL.c **** 
 161:Generated_Source\PSoC4/PDSS_PORT0_FILT_CLK_SEL.c **** /*******************************************************************************
 162:Generated_Source\PSoC4/PDSS_PORT0_FILT_CLK_SEL.c **** * Function Name: PDSS_PORT0_FILT_CLK_SEL_GetDividerRegister
 163:Generated_Source\PSoC4/PDSS_PORT0_FILT_CLK_SEL.c **** ********************************************************************************
 164:Generated_Source\PSoC4/PDSS_PORT0_FILT_CLK_SEL.c **** *
 165:Generated_Source\PSoC4/PDSS_PORT0_FILT_CLK_SEL.c **** * Summary:
 166:Generated_Source\PSoC4/PDSS_PORT0_FILT_CLK_SEL.c **** *  Gets the clock divider register value.
 167:Generated_Source\PSoC4/PDSS_PORT0_FILT_CLK_SEL.c **** *
 168:Generated_Source\PSoC4/PDSS_PORT0_FILT_CLK_SEL.c **** * Parameters:
ARM GAS  C:\Users\prana\AppData\Local\Temp\ccNtoKqk.s 			page 26


 169:Generated_Source\PSoC4/PDSS_PORT0_FILT_CLK_SEL.c **** *  None
 170:Generated_Source\PSoC4/PDSS_PORT0_FILT_CLK_SEL.c **** *
 171:Generated_Source\PSoC4/PDSS_PORT0_FILT_CLK_SEL.c **** * Returns:
 172:Generated_Source\PSoC4/PDSS_PORT0_FILT_CLK_SEL.c **** *  Divide value of the clock minus 1. For example, if the clock is set to
 173:Generated_Source\PSoC4/PDSS_PORT0_FILT_CLK_SEL.c **** *  divide by 2, the return value will be 1.
 174:Generated_Source\PSoC4/PDSS_PORT0_FILT_CLK_SEL.c **** *
 175:Generated_Source\PSoC4/PDSS_PORT0_FILT_CLK_SEL.c **** *******************************************************************************/
 176:Generated_Source\PSoC4/PDSS_PORT0_FILT_CLK_SEL.c **** uint16 PDSS_PORT0_FILT_CLK_SEL_GetDividerRegister(void)
 177:Generated_Source\PSoC4/PDSS_PORT0_FILT_CLK_SEL.c **** {
 436              		.loc 1 177 0
 437              		.cfi_startproc
 438              		@ args = 0, pretend = 0, frame = 0
 439              		@ frame_needed = 0, uses_anonymous_args = 0
 440              		@ link register save eliminated.
 178:Generated_Source\PSoC4/PDSS_PORT0_FILT_CLK_SEL.c ****     return (uint16)((PDSS_PORT0_FILT_CLK_SEL_DIV_REG & PDSS_PORT0_FILT_CLK_SEL_DIV_INT_MASK)
 441              		.loc 1 178 0
 442 0000 024B     		ldr	r3, .L16
 179:Generated_Source\PSoC4/PDSS_PORT0_FILT_CLK_SEL.c ****         >> PDSS_PORT0_FILT_CLK_SEL_DIV_INT_SHIFT);
 180:Generated_Source\PSoC4/PDSS_PORT0_FILT_CLK_SEL.c **** }
 443              		.loc 1 180 0
 444              		@ sp needed
 178:Generated_Source\PSoC4/PDSS_PORT0_FILT_CLK_SEL.c ****     return (uint16)((PDSS_PORT0_FILT_CLK_SEL_DIV_REG & PDSS_PORT0_FILT_CLK_SEL_DIV_INT_MASK)
 445              		.loc 1 178 0
 446 0002 1868     		ldr	r0, [r3]
 447 0004 000A     		lsrs	r0, r0, #8
 448 0006 80B2     		uxth	r0, r0
 449              		.loc 1 180 0
 450 0008 7047     		bx	lr
 451              	.L17:
 452 000a C046     		.align	2
 453              	.L16:
 454 000c 00040140 		.word	1073808384
 455              		.cfi_endproc
 456              	.LFE3:
 457              		.size	PDSS_PORT0_FILT_CLK_SEL_GetDividerRegister, .-PDSS_PORT0_FILT_CLK_SEL_GetDividerRegister
 458              		.section	.text.PDSS_PORT0_FILT_CLK_SEL_GetFractionalDividerRegister,"ax",%progbits
 459              		.align	1
 460              		.global	PDSS_PORT0_FILT_CLK_SEL_GetFractionalDividerRegister
 461              		.code	16
 462              		.thumb_func
 463              		.type	PDSS_PORT0_FILT_CLK_SEL_GetFractionalDividerRegister, %function
 464              	PDSS_PORT0_FILT_CLK_SEL_GetFractionalDividerRegister:
 465              	.LFB4:
 181:Generated_Source\PSoC4/PDSS_PORT0_FILT_CLK_SEL.c **** 
 182:Generated_Source\PSoC4/PDSS_PORT0_FILT_CLK_SEL.c **** 
 183:Generated_Source\PSoC4/PDSS_PORT0_FILT_CLK_SEL.c **** /*******************************************************************************
 184:Generated_Source\PSoC4/PDSS_PORT0_FILT_CLK_SEL.c **** * Function Name: PDSS_PORT0_FILT_CLK_SEL_GetFractionalDividerRegister
 185:Generated_Source\PSoC4/PDSS_PORT0_FILT_CLK_SEL.c **** ********************************************************************************
 186:Generated_Source\PSoC4/PDSS_PORT0_FILT_CLK_SEL.c **** *
 187:Generated_Source\PSoC4/PDSS_PORT0_FILT_CLK_SEL.c **** * Summary:
 188:Generated_Source\PSoC4/PDSS_PORT0_FILT_CLK_SEL.c **** *  Gets the clock fractional divider register value.
 189:Generated_Source\PSoC4/PDSS_PORT0_FILT_CLK_SEL.c **** *
 190:Generated_Source\PSoC4/PDSS_PORT0_FILT_CLK_SEL.c **** * Parameters:
 191:Generated_Source\PSoC4/PDSS_PORT0_FILT_CLK_SEL.c **** *  None
 192:Generated_Source\PSoC4/PDSS_PORT0_FILT_CLK_SEL.c **** *
 193:Generated_Source\PSoC4/PDSS_PORT0_FILT_CLK_SEL.c **** * Returns:
 194:Generated_Source\PSoC4/PDSS_PORT0_FILT_CLK_SEL.c **** *  Fractional Divide value of the clock
ARM GAS  C:\Users\prana\AppData\Local\Temp\ccNtoKqk.s 			page 27


 195:Generated_Source\PSoC4/PDSS_PORT0_FILT_CLK_SEL.c **** *  0 if the fractional divider is not in use.
 196:Generated_Source\PSoC4/PDSS_PORT0_FILT_CLK_SEL.c **** *
 197:Generated_Source\PSoC4/PDSS_PORT0_FILT_CLK_SEL.c **** *******************************************************************************/
 198:Generated_Source\PSoC4/PDSS_PORT0_FILT_CLK_SEL.c **** uint8 PDSS_PORT0_FILT_CLK_SEL_GetFractionalDividerRegister(void)
 199:Generated_Source\PSoC4/PDSS_PORT0_FILT_CLK_SEL.c **** {
 466              		.loc 1 199 0
 467              		.cfi_startproc
 468              		@ args = 0, pretend = 0, frame = 0
 469              		@ frame_needed = 0, uses_anonymous_args = 0
 470              		@ link register save eliminated.
 200:Generated_Source\PSoC4/PDSS_PORT0_FILT_CLK_SEL.c **** #if defined (PDSS_PORT0_FILT_CLK_SEL__FRAC_MASK)
 201:Generated_Source\PSoC4/PDSS_PORT0_FILT_CLK_SEL.c ****     /* return fractional divider bits */
 202:Generated_Source\PSoC4/PDSS_PORT0_FILT_CLK_SEL.c ****     return (uint8)((PDSS_PORT0_FILT_CLK_SEL_DIV_REG & PDSS_PORT0_FILT_CLK_SEL_DIV_FRAC_MASK)
 471              		.loc 1 202 0
 472 0000 024B     		ldr	r3, .L19
 203:Generated_Source\PSoC4/PDSS_PORT0_FILT_CLK_SEL.c ****         >> PDSS_PORT0_FILT_CLK_SEL_DIV_FRAC_SHIFT);
 204:Generated_Source\PSoC4/PDSS_PORT0_FILT_CLK_SEL.c **** #else
 205:Generated_Source\PSoC4/PDSS_PORT0_FILT_CLK_SEL.c ****     return 0u;
 206:Generated_Source\PSoC4/PDSS_PORT0_FILT_CLK_SEL.c **** #endif /* PDSS_PORT0_FILT_CLK_SEL__FRAC_MASK */
 207:Generated_Source\PSoC4/PDSS_PORT0_FILT_CLK_SEL.c **** }
 473              		.loc 1 207 0
 474              		@ sp needed
 202:Generated_Source\PSoC4/PDSS_PORT0_FILT_CLK_SEL.c ****         >> PDSS_PORT0_FILT_CLK_SEL_DIV_FRAC_SHIFT);
 475              		.loc 1 202 0
 476 0002 1868     		ldr	r0, [r3]
 477 0004 0006     		lsls	r0, r0, #24
 478 0006 C00E     		lsrs	r0, r0, #27
 479              		.loc 1 207 0
 480 0008 7047     		bx	lr
 481              	.L20:
 482 000a C046     		.align	2
 483              	.L19:
 484 000c 00040140 		.word	1073808384
 485              		.cfi_endproc
 486              	.LFE4:
 487              		.size	PDSS_PORT0_FILT_CLK_SEL_GetFractionalDividerRegister, .-PDSS_PORT0_FILT_CLK_SEL_GetFractiona
 488              		.text
 489              	.Letext0:
 490              		.file 2 "Generated_Source\\PSoC4/cytypes.h"
 491              		.section	.debug_info,"",%progbits
 492              	.Ldebug_info0:
 493 0000 62010000 		.4byte	0x162
 494 0004 0400     		.2byte	0x4
 495 0006 00000000 		.4byte	.Ldebug_abbrev0
 496 000a 04       		.byte	0x4
 497 000b 01       		.uleb128 0x1
 498 000c 7E010000 		.4byte	.LASF25
 499 0010 0C       		.byte	0xc
 500 0011 B7020000 		.4byte	.LASF26
 501 0015 72020000 		.4byte	.LASF27
 502 0019 00000000 		.4byte	.Ldebug_ranges0+0
 503 001d 00000000 		.4byte	0
 504 0021 00000000 		.4byte	.Ldebug_line0
 505 0025 02       		.uleb128 0x2
 506 0026 01       		.byte	0x1
 507 0027 06       		.byte	0x6
 508 0028 66020000 		.4byte	.LASF0
ARM GAS  C:\Users\prana\AppData\Local\Temp\ccNtoKqk.s 			page 28


 509 002c 02       		.uleb128 0x2
 510 002d 01       		.byte	0x1
 511 002e 08       		.byte	0x8
 512 002f BB000000 		.4byte	.LASF1
 513 0033 02       		.uleb128 0x2
 514 0034 02       		.byte	0x2
 515 0035 05       		.byte	0x5
 516 0036 4D020000 		.4byte	.LASF2
 517 003a 02       		.uleb128 0x2
 518 003b 02       		.byte	0x2
 519 003c 07       		.byte	0x7
 520 003d 06010000 		.4byte	.LASF3
 521 0041 02       		.uleb128 0x2
 522 0042 04       		.byte	0x4
 523 0043 05       		.byte	0x5
 524 0044 5D020000 		.4byte	.LASF4
 525 0048 02       		.uleb128 0x2
 526 0049 04       		.byte	0x4
 527 004a 07       		.byte	0x7
 528 004b C9000000 		.4byte	.LASF5
 529 004f 02       		.uleb128 0x2
 530 0050 08       		.byte	0x8
 531 0051 05       		.byte	0x5
 532 0052 3A020000 		.4byte	.LASF6
 533 0056 02       		.uleb128 0x2
 534 0057 08       		.byte	0x8
 535 0058 07       		.byte	0x7
 536 0059 67010000 		.4byte	.LASF7
 537 005d 03       		.uleb128 0x3
 538 005e 04       		.byte	0x4
 539 005f 05       		.byte	0x5
 540 0060 696E7400 		.ascii	"int\000"
 541 0064 02       		.uleb128 0x2
 542 0065 04       		.byte	0x4
 543 0066 07       		.byte	0x7
 544 0067 5A010000 		.4byte	.LASF8
 545 006b 04       		.uleb128 0x4
 546 006c 57020000 		.4byte	.LASF9
 547 0070 02       		.byte	0x2
 548 0071 D201     		.2byte	0x1d2
 549 0073 2C000000 		.4byte	0x2c
 550 0077 04       		.uleb128 0x4
 551 0078 4C010000 		.4byte	.LASF10
 552 007c 02       		.byte	0x2
 553 007d D301     		.2byte	0x1d3
 554 007f 3A000000 		.4byte	0x3a
 555 0083 04       		.uleb128 0x4
 556 0084 53010000 		.4byte	.LASF11
 557 0088 02       		.byte	0x2
 558 0089 D401     		.2byte	0x1d4
 559 008b 48000000 		.4byte	0x48
 560 008f 02       		.uleb128 0x2
 561 0090 04       		.byte	0x4
 562 0091 04       		.byte	0x4
 563 0092 B5000000 		.4byte	.LASF12
 564 0096 02       		.uleb128 0x2
 565 0097 08       		.byte	0x8
ARM GAS  C:\Users\prana\AppData\Local\Temp\ccNtoKqk.s 			page 29


 566 0098 04       		.byte	0x4
 567 0099 24010000 		.4byte	.LASF13
 568 009d 02       		.uleb128 0x2
 569 009e 01       		.byte	0x1
 570 009f 08       		.byte	0x8
 571 00a0 48020000 		.4byte	.LASF14
 572 00a4 04       		.uleb128 0x4
 573 00a5 00000000 		.4byte	.LASF15
 574 00a9 02       		.byte	0x2
 575 00aa 7E02     		.2byte	0x27e
 576 00ac B0000000 		.4byte	0xb0
 577 00b0 05       		.uleb128 0x5
 578 00b1 83000000 		.4byte	0x83
 579 00b5 06       		.uleb128 0x6
 580 00b6 60000000 		.4byte	.LASF16
 581 00ba 01       		.byte	0x1
 582 00bb 27       		.byte	0x27
 583 00bc 00000000 		.4byte	.LFB0
 584 00c0 1C000000 		.4byte	.LFE0-.LFB0
 585 00c4 01       		.uleb128 0x1
 586 00c5 9C       		.byte	0x9c
 587 00c6 DA000000 		.4byte	0xda
 588 00ca 07       		.uleb128 0x7
 589 00cb 32010000 		.4byte	.LASF18
 590 00cf 01       		.byte	0x1
 591 00d0 27       		.byte	0x27
 592 00d1 83000000 		.4byte	0x83
 593 00d5 00000000 		.4byte	.LLST0
 594 00d9 00       		.byte	0
 595 00da 08       		.uleb128 0x8
 596 00db 3B000000 		.4byte	.LASF28
 597 00df 01       		.byte	0x1
 598 00e0 5F       		.byte	0x5f
 599 00e1 00000000 		.4byte	.LFB1
 600 00e5 18000000 		.4byte	.LFE1-.LFB1
 601 00e9 01       		.uleb128 0x1
 602 00ea 9C       		.byte	0x9c
 603 00eb 06       		.uleb128 0x6
 604 00ec 80000000 		.4byte	.LASF17
 605 00f0 01       		.byte	0x1
 606 00f1 86       		.byte	0x86
 607 00f2 00000000 		.4byte	.LFB2
 608 00f6 20000000 		.4byte	.LFE2-.LFB2
 609 00fa 01       		.uleb128 0x1
 610 00fb 9C       		.byte	0x9c
 611 00fc 3B010000 		.4byte	0x13b
 612 0100 07       		.uleb128 0x7
 613 0101 19010000 		.4byte	.LASF19
 614 0105 01       		.byte	0x1
 615 0106 86       		.byte	0x86
 616 0107 77000000 		.4byte	0x77
 617 010b 21000000 		.4byte	.LLST1
 618 010f 07       		.uleb128 0x7
 619 0110 3E010000 		.4byte	.LASF20
 620 0114 01       		.byte	0x1
 621 0115 86       		.byte	0x86
 622 0116 6B000000 		.4byte	0x6b
ARM GAS  C:\Users\prana\AppData\Local\Temp\ccNtoKqk.s 			page 30


 623 011a 42000000 		.4byte	.LLST2
 624 011e 09       		.uleb128 0x9
 625 011f 58000000 		.4byte	.LASF21
 626 0123 01       		.byte	0x1
 627 0124 88       		.byte	0x88
 628 0125 83000000 		.4byte	0x83
 629 0129 63000000 		.4byte	.LLST3
 630 012d 0A       		.uleb128 0xa
 631 012e 2B010000 		.4byte	.LASF22
 632 0132 01       		.byte	0x1
 633 0133 89       		.byte	0x89
 634 0134 83000000 		.4byte	0x83
 635 0138 01       		.uleb128 0x1
 636 0139 50       		.byte	0x50
 637 013a 00       		.byte	0
 638 013b 0B       		.uleb128 0xb
 639 013c DB000000 		.4byte	.LASF23
 640 0140 01       		.byte	0x1
 641 0141 B0       		.byte	0xb0
 642 0142 77000000 		.4byte	0x77
 643 0146 00000000 		.4byte	.LFB3
 644 014a 10000000 		.4byte	.LFE3-.LFB3
 645 014e 01       		.uleb128 0x1
 646 014f 9C       		.byte	0x9c
 647 0150 0B       		.uleb128 0xb
 648 0151 06000000 		.4byte	.LASF24
 649 0155 01       		.byte	0x1
 650 0156 C6       		.byte	0xc6
 651 0157 6B000000 		.4byte	0x6b
 652 015b 00000000 		.4byte	.LFB4
 653 015f 10000000 		.4byte	.LFE4-.LFB4
 654 0163 01       		.uleb128 0x1
 655 0164 9C       		.byte	0x9c
 656 0165 00       		.byte	0
 657              		.section	.debug_abbrev,"",%progbits
 658              	.Ldebug_abbrev0:
 659 0000 01       		.uleb128 0x1
 660 0001 11       		.uleb128 0x11
 661 0002 01       		.byte	0x1
 662 0003 25       		.uleb128 0x25
 663 0004 0E       		.uleb128 0xe
 664 0005 13       		.uleb128 0x13
 665 0006 0B       		.uleb128 0xb
 666 0007 03       		.uleb128 0x3
 667 0008 0E       		.uleb128 0xe
 668 0009 1B       		.uleb128 0x1b
 669 000a 0E       		.uleb128 0xe
 670 000b 55       		.uleb128 0x55
 671 000c 17       		.uleb128 0x17
 672 000d 11       		.uleb128 0x11
 673 000e 01       		.uleb128 0x1
 674 000f 10       		.uleb128 0x10
 675 0010 17       		.uleb128 0x17
 676 0011 00       		.byte	0
 677 0012 00       		.byte	0
 678 0013 02       		.uleb128 0x2
 679 0014 24       		.uleb128 0x24
ARM GAS  C:\Users\prana\AppData\Local\Temp\ccNtoKqk.s 			page 31


 680 0015 00       		.byte	0
 681 0016 0B       		.uleb128 0xb
 682 0017 0B       		.uleb128 0xb
 683 0018 3E       		.uleb128 0x3e
 684 0019 0B       		.uleb128 0xb
 685 001a 03       		.uleb128 0x3
 686 001b 0E       		.uleb128 0xe
 687 001c 00       		.byte	0
 688 001d 00       		.byte	0
 689 001e 03       		.uleb128 0x3
 690 001f 24       		.uleb128 0x24
 691 0020 00       		.byte	0
 692 0021 0B       		.uleb128 0xb
 693 0022 0B       		.uleb128 0xb
 694 0023 3E       		.uleb128 0x3e
 695 0024 0B       		.uleb128 0xb
 696 0025 03       		.uleb128 0x3
 697 0026 08       		.uleb128 0x8
 698 0027 00       		.byte	0
 699 0028 00       		.byte	0
 700 0029 04       		.uleb128 0x4
 701 002a 16       		.uleb128 0x16
 702 002b 00       		.byte	0
 703 002c 03       		.uleb128 0x3
 704 002d 0E       		.uleb128 0xe
 705 002e 3A       		.uleb128 0x3a
 706 002f 0B       		.uleb128 0xb
 707 0030 3B       		.uleb128 0x3b
 708 0031 05       		.uleb128 0x5
 709 0032 49       		.uleb128 0x49
 710 0033 13       		.uleb128 0x13
 711 0034 00       		.byte	0
 712 0035 00       		.byte	0
 713 0036 05       		.uleb128 0x5
 714 0037 35       		.uleb128 0x35
 715 0038 00       		.byte	0
 716 0039 49       		.uleb128 0x49
 717 003a 13       		.uleb128 0x13
 718 003b 00       		.byte	0
 719 003c 00       		.byte	0
 720 003d 06       		.uleb128 0x6
 721 003e 2E       		.uleb128 0x2e
 722 003f 01       		.byte	0x1
 723 0040 3F       		.uleb128 0x3f
 724 0041 19       		.uleb128 0x19
 725 0042 03       		.uleb128 0x3
 726 0043 0E       		.uleb128 0xe
 727 0044 3A       		.uleb128 0x3a
 728 0045 0B       		.uleb128 0xb
 729 0046 3B       		.uleb128 0x3b
 730 0047 0B       		.uleb128 0xb
 731 0048 27       		.uleb128 0x27
 732 0049 19       		.uleb128 0x19
 733 004a 11       		.uleb128 0x11
 734 004b 01       		.uleb128 0x1
 735 004c 12       		.uleb128 0x12
 736 004d 06       		.uleb128 0x6
ARM GAS  C:\Users\prana\AppData\Local\Temp\ccNtoKqk.s 			page 32


 737 004e 40       		.uleb128 0x40
 738 004f 18       		.uleb128 0x18
 739 0050 9742     		.uleb128 0x2117
 740 0052 19       		.uleb128 0x19
 741 0053 01       		.uleb128 0x1
 742 0054 13       		.uleb128 0x13
 743 0055 00       		.byte	0
 744 0056 00       		.byte	0
 745 0057 07       		.uleb128 0x7
 746 0058 05       		.uleb128 0x5
 747 0059 00       		.byte	0
 748 005a 03       		.uleb128 0x3
 749 005b 0E       		.uleb128 0xe
 750 005c 3A       		.uleb128 0x3a
 751 005d 0B       		.uleb128 0xb
 752 005e 3B       		.uleb128 0x3b
 753 005f 0B       		.uleb128 0xb
 754 0060 49       		.uleb128 0x49
 755 0061 13       		.uleb128 0x13
 756 0062 02       		.uleb128 0x2
 757 0063 17       		.uleb128 0x17
 758 0064 00       		.byte	0
 759 0065 00       		.byte	0
 760 0066 08       		.uleb128 0x8
 761 0067 2E       		.uleb128 0x2e
 762 0068 00       		.byte	0
 763 0069 3F       		.uleb128 0x3f
 764 006a 19       		.uleb128 0x19
 765 006b 03       		.uleb128 0x3
 766 006c 0E       		.uleb128 0xe
 767 006d 3A       		.uleb128 0x3a
 768 006e 0B       		.uleb128 0xb
 769 006f 3B       		.uleb128 0x3b
 770 0070 0B       		.uleb128 0xb
 771 0071 27       		.uleb128 0x27
 772 0072 19       		.uleb128 0x19
 773 0073 11       		.uleb128 0x11
 774 0074 01       		.uleb128 0x1
 775 0075 12       		.uleb128 0x12
 776 0076 06       		.uleb128 0x6
 777 0077 40       		.uleb128 0x40
 778 0078 18       		.uleb128 0x18
 779 0079 9742     		.uleb128 0x2117
 780 007b 19       		.uleb128 0x19
 781 007c 00       		.byte	0
 782 007d 00       		.byte	0
 783 007e 09       		.uleb128 0x9
 784 007f 34       		.uleb128 0x34
 785 0080 00       		.byte	0
 786 0081 03       		.uleb128 0x3
 787 0082 0E       		.uleb128 0xe
 788 0083 3A       		.uleb128 0x3a
 789 0084 0B       		.uleb128 0xb
 790 0085 3B       		.uleb128 0x3b
 791 0086 0B       		.uleb128 0xb
 792 0087 49       		.uleb128 0x49
 793 0088 13       		.uleb128 0x13
ARM GAS  C:\Users\prana\AppData\Local\Temp\ccNtoKqk.s 			page 33


 794 0089 02       		.uleb128 0x2
 795 008a 17       		.uleb128 0x17
 796 008b 00       		.byte	0
 797 008c 00       		.byte	0
 798 008d 0A       		.uleb128 0xa
 799 008e 34       		.uleb128 0x34
 800 008f 00       		.byte	0
 801 0090 03       		.uleb128 0x3
 802 0091 0E       		.uleb128 0xe
 803 0092 3A       		.uleb128 0x3a
 804 0093 0B       		.uleb128 0xb
 805 0094 3B       		.uleb128 0x3b
 806 0095 0B       		.uleb128 0xb
 807 0096 49       		.uleb128 0x49
 808 0097 13       		.uleb128 0x13
 809 0098 02       		.uleb128 0x2
 810 0099 18       		.uleb128 0x18
 811 009a 00       		.byte	0
 812 009b 00       		.byte	0
 813 009c 0B       		.uleb128 0xb
 814 009d 2E       		.uleb128 0x2e
 815 009e 00       		.byte	0
 816 009f 3F       		.uleb128 0x3f
 817 00a0 19       		.uleb128 0x19
 818 00a1 03       		.uleb128 0x3
 819 00a2 0E       		.uleb128 0xe
 820 00a3 3A       		.uleb128 0x3a
 821 00a4 0B       		.uleb128 0xb
 822 00a5 3B       		.uleb128 0x3b
 823 00a6 0B       		.uleb128 0xb
 824 00a7 27       		.uleb128 0x27
 825 00a8 19       		.uleb128 0x19
 826 00a9 49       		.uleb128 0x49
 827 00aa 13       		.uleb128 0x13
 828 00ab 11       		.uleb128 0x11
 829 00ac 01       		.uleb128 0x1
 830 00ad 12       		.uleb128 0x12
 831 00ae 06       		.uleb128 0x6
 832 00af 40       		.uleb128 0x40
 833 00b0 18       		.uleb128 0x18
 834 00b1 9742     		.uleb128 0x2117
 835 00b3 19       		.uleb128 0x19
 836 00b4 00       		.byte	0
 837 00b5 00       		.byte	0
 838 00b6 00       		.byte	0
 839              		.section	.debug_loc,"",%progbits
 840              	.Ldebug_loc0:
 841              	.LLST0:
 842 0000 00000000 		.4byte	.LVL0
 843 0004 0C000000 		.4byte	.LVL1
 844 0008 0100     		.2byte	0x1
 845 000a 50       		.byte	0x50
 846 000b 0C000000 		.4byte	.LVL1
 847 000f 1C000000 		.4byte	.LFE0
 848 0013 0400     		.2byte	0x4
 849 0015 F3       		.byte	0xf3
 850 0016 01       		.uleb128 0x1
ARM GAS  C:\Users\prana\AppData\Local\Temp\ccNtoKqk.s 			page 34


 851 0017 50       		.byte	0x50
 852 0018 9F       		.byte	0x9f
 853 0019 00000000 		.4byte	0
 854 001d 00000000 		.4byte	0
 855              	.LLST1:
 856 0021 00000000 		.4byte	.LVL2
 857 0025 0E000000 		.4byte	.LVL4
 858 0029 0100     		.2byte	0x1
 859 002b 50       		.byte	0x50
 860 002c 0E000000 		.4byte	.LVL4
 861 0030 20000000 		.4byte	.LFE2
 862 0034 0400     		.2byte	0x4
 863 0036 F3       		.byte	0xf3
 864 0037 01       		.uleb128 0x1
 865 0038 50       		.byte	0x50
 866 0039 9F       		.byte	0x9f
 867 003a 00000000 		.4byte	0
 868 003e 00000000 		.4byte	0
 869              	.LLST2:
 870 0042 00000000 		.4byte	.LVL2
 871 0046 04000000 		.4byte	.LVL3
 872 004a 0100     		.2byte	0x1
 873 004c 51       		.byte	0x51
 874 004d 04000000 		.4byte	.LVL3
 875 0051 20000000 		.4byte	.LFE2
 876 0055 0400     		.2byte	0x4
 877 0057 F3       		.byte	0xf3
 878 0058 01       		.uleb128 0x1
 879 0059 51       		.byte	0x51
 880 005a 9F       		.byte	0x9f
 881 005b 00000000 		.4byte	0
 882 005f 00000000 		.4byte	0
 883              	.LLST3:
 884 0063 14000000 		.4byte	.LVL5
 885 0067 16000000 		.4byte	.LVL6
 886 006b 0500     		.2byte	0x5
 887 006d 75       		.byte	0x75
 888 006e 00       		.sleb128 0
 889 006f 37       		.byte	0x37
 890 0070 1A       		.byte	0x1a
 891 0071 9F       		.byte	0x9f
 892 0072 16000000 		.4byte	.LVL6
 893 0076 20000000 		.4byte	.LFE2
 894 007a 0100     		.2byte	0x1
 895 007c 53       		.byte	0x53
 896 007d 00000000 		.4byte	0
 897 0081 00000000 		.4byte	0
 898              		.section	.debug_aranges,"",%progbits
 899 0000 3C000000 		.4byte	0x3c
 900 0004 0200     		.2byte	0x2
 901 0006 00000000 		.4byte	.Ldebug_info0
 902 000a 04       		.byte	0x4
 903 000b 00       		.byte	0
 904 000c 0000     		.2byte	0
 905 000e 0000     		.2byte	0
 906 0010 00000000 		.4byte	.LFB0
 907 0014 1C000000 		.4byte	.LFE0-.LFB0
ARM GAS  C:\Users\prana\AppData\Local\Temp\ccNtoKqk.s 			page 35


 908 0018 00000000 		.4byte	.LFB1
 909 001c 18000000 		.4byte	.LFE1-.LFB1
 910 0020 00000000 		.4byte	.LFB2
 911 0024 20000000 		.4byte	.LFE2-.LFB2
 912 0028 00000000 		.4byte	.LFB3
 913 002c 10000000 		.4byte	.LFE3-.LFB3
 914 0030 00000000 		.4byte	.LFB4
 915 0034 10000000 		.4byte	.LFE4-.LFB4
 916 0038 00000000 		.4byte	0
 917 003c 00000000 		.4byte	0
 918              		.section	.debug_ranges,"",%progbits
 919              	.Ldebug_ranges0:
 920 0000 00000000 		.4byte	.LFB0
 921 0004 1C000000 		.4byte	.LFE0
 922 0008 00000000 		.4byte	.LFB1
 923 000c 18000000 		.4byte	.LFE1
 924 0010 00000000 		.4byte	.LFB2
 925 0014 20000000 		.4byte	.LFE2
 926 0018 00000000 		.4byte	.LFB3
 927 001c 10000000 		.4byte	.LFE3
 928 0020 00000000 		.4byte	.LFB4
 929 0024 10000000 		.4byte	.LFE4
 930 0028 00000000 		.4byte	0
 931 002c 00000000 		.4byte	0
 932              		.section	.debug_line,"",%progbits
 933              	.Ldebug_line0:
 934 0000 E2000000 		.section	.debug_str,"MS",%progbits,1
 934      02005400 
 934      00000201 
 934      FB0E0D00 
 934      01010101 
 935              	.LASF15:
 936 0000 72656733 		.ascii	"reg32\000"
 936      3200
 937              	.LASF24:
 938 0006 50445353 		.ascii	"PDSS_PORT0_FILT_CLK_SEL_GetFractionalDividerRegiste"
 938      5F504F52 
 938      54305F46 
 938      494C545F 
 938      434C4B5F 
 939 0039 7200     		.ascii	"r\000"
 940              	.LASF28:
 941 003b 50445353 		.ascii	"PDSS_PORT0_FILT_CLK_SEL_Stop\000"
 941      5F504F52 
 941      54305F46 
 941      494C545F 
 941      434C4B5F 
 942              	.LASF21:
 943 0058 6D61736B 		.ascii	"maskVal\000"
 943      56616C00 
 944              	.LASF16:
 945 0060 50445353 		.ascii	"PDSS_PORT0_FILT_CLK_SEL_StartEx\000"
 945      5F504F52 
 945      54305F46 
 945      494C545F 
 945      434C4B5F 
 946              	.LASF17:
ARM GAS  C:\Users\prana\AppData\Local\Temp\ccNtoKqk.s 			page 36


 947 0080 50445353 		.ascii	"PDSS_PORT0_FILT_CLK_SEL_SetFractionalDividerRegiste"
 947      5F504F52 
 947      54305F46 
 947      494C545F 
 947      434C4B5F 
 948 00b3 7200     		.ascii	"r\000"
 949              	.LASF12:
 950 00b5 666C6F61 		.ascii	"float\000"
 950      7400
 951              	.LASF1:
 952 00bb 756E7369 		.ascii	"unsigned char\000"
 952      676E6564 
 952      20636861 
 952      7200
 953              	.LASF5:
 954 00c9 6C6F6E67 		.ascii	"long unsigned int\000"
 954      20756E73 
 954      69676E65 
 954      6420696E 
 954      7400
 955              	.LASF23:
 956 00db 50445353 		.ascii	"PDSS_PORT0_FILT_CLK_SEL_GetDividerRegister\000"
 956      5F504F52 
 956      54305F46 
 956      494C545F 
 956      434C4B5F 
 957              	.LASF3:
 958 0106 73686F72 		.ascii	"short unsigned int\000"
 958      7420756E 
 958      7369676E 
 958      65642069 
 958      6E7400
 959              	.LASF19:
 960 0119 636C6B44 		.ascii	"clkDivider\000"
 960      69766964 
 960      657200
 961              	.LASF13:
 962 0124 646F7562 		.ascii	"double\000"
 962      6C6500
 963              	.LASF22:
 964 012b 72656756 		.ascii	"regVal\000"
 964      616C00
 965              	.LASF18:
 966 0132 616C6967 		.ascii	"alignClkDiv\000"
 966      6E436C6B 
 966      44697600 
 967              	.LASF20:
 968 013e 636C6B46 		.ascii	"clkFractional\000"
 968      72616374 
 968      696F6E61 
 968      6C00
 969              	.LASF10:
 970 014c 75696E74 		.ascii	"uint16\000"
 970      313600
 971              	.LASF11:
 972 0153 75696E74 		.ascii	"uint32\000"
 972      333200
ARM GAS  C:\Users\prana\AppData\Local\Temp\ccNtoKqk.s 			page 37


 973              	.LASF8:
 974 015a 756E7369 		.ascii	"unsigned int\000"
 974      676E6564 
 974      20696E74 
 974      00
 975              	.LASF7:
 976 0167 6C6F6E67 		.ascii	"long long unsigned int\000"
 976      206C6F6E 
 976      6720756E 
 976      7369676E 
 976      65642069 
 977              	.LASF25:
 978 017e 474E5520 		.ascii	"GNU C11 5.4.1 20160609 (release) [ARM/embedded-5-br"
 978      43313120 
 978      352E342E 
 978      31203230 
 978      31363036 
 979 01b1 616E6368 		.ascii	"anch revision 237715] -mcpu=cortex-m0 -mthumb -g -O"
 979      20726576 
 979      6973696F 
 979      6E203233 
 979      37373135 
 980 01e4 73202D66 		.ascii	"s -ffunction-sections -ffat-lto-objects -finline-fu"
 980      66756E63 
 980      74696F6E 
 980      2D736563 
 980      74696F6E 
 981 0217 6E637469 		.ascii	"nctions -flto -fno-strict-aliasing\000"
 981      6F6E7320 
 981      2D666C74 
 981      6F202D66 
 981      6E6F2D73 
 982              	.LASF6:
 983 023a 6C6F6E67 		.ascii	"long long int\000"
 983      206C6F6E 
 983      6720696E 
 983      7400
 984              	.LASF14:
 985 0248 63686172 		.ascii	"char\000"
 985      00
 986              	.LASF2:
 987 024d 73686F72 		.ascii	"short int\000"
 987      7420696E 
 987      7400
 988              	.LASF9:
 989 0257 75696E74 		.ascii	"uint8\000"
 989      3800
 990              	.LASF4:
 991 025d 6C6F6E67 		.ascii	"long int\000"
 991      20696E74 
 991      00
 992              	.LASF0:
 993 0266 7369676E 		.ascii	"signed char\000"
 993      65642063 
 993      68617200 
 994              	.LASF27:
 995 0272 443A5C56 		.ascii	"D:\\V-TE-PWR\\PDSS_SRC_SNK\\CYPD3171-24LQXQ_pb\\CYP"
ARM GAS  C:\Users\prana\AppData\Local\Temp\ccNtoKqk.s 			page 38


 995      2D54452D 
 995      5057525C 
 995      50445353 
 995      5F535243 
 996 02a1 44333137 		.ascii	"D3171-24LQXQ_pb.cydsn\000"
 996      312D3234 
 996      4C515851 
 996      5F70622E 
 996      63796473 
 997              	.LASF26:
 998 02b7 47656E65 		.ascii	"Generated_Source\\PSoC4\\PDSS_PORT0_FILT_CLK_SEL.c\000"
 998      72617465 
 998      645F536F 
 998      75726365 
 998      5C50536F 
 999              		.comm	__gnu_lto_v1,1,1
 1000              		.ident	"GCC: (GNU Tools for ARM Embedded Processors) 5.4.1 20160609 (release) [ARM/embedded-5-bran
