ARM GAS  C:\Users\prana\AppData\Local\Temp\cc7m8pVd.s 			page 1


   1              		.syntax unified
   2              		.cpu cortex-m0
   3              		.fpu softvfp
   4              		.eabi_attribute 20, 1
   5              		.eabi_attribute 21, 1
   6              		.eabi_attribute 23, 3
   7              		.eabi_attribute 24, 1
   8              		.eabi_attribute 25, 1
   9              		.eabi_attribute 26, 1
  10              		.eabi_attribute 30, 4
  11              		.eabi_attribute 34, 0
  12              		.eabi_attribute 18, 4
  13              		.thumb
  14              		.syntax unified
  15              		.file	"PDSS_PORT0_RX_CLK.c"
  16              		.text
  17              	.Ltext0:
  18              		.section	.gnu.lto_.profile.b369a7f5,"",%progbits
  19 0000 789C6361 		.ascii	"x\234ca`d`a`\000\222r\222\000\000\277\000B"
  19      60646061 
  19      60009272 
  19      920000BF 
  19      0042
  20              		.text
  21              		.section	.gnu.lto_.icf.b369a7f5,"",%progbits
  22 0000 789C6361 		.ascii	"x\234ca`d\000\001\005\006\004`e\270\177\360\322\035"
  22      60640001 
  22      05060460 
  22      65B87FF0 
  22      D21D
  23 0012 36C6B73F 		.ascii	"6\306\267?\346702\235nYt\206\231\271o\375\345\007\\"
  23      E6373032 
  23      9D6E5974 
  23      8699B96F 
  23      FDE5075C 
  24 0026 2CB39BE6 		.ascii	",\263\233\346M\341a\000\000\001\307\016\243"
  24      4DE16100 
  24      0001C70E 
  24      A3
  25              		.text
  26              		.section	.gnu.lto_.jmpfuncs.b369a7f5,"",%progbits
  27 0000 789C6361 		.ascii	"x\234ca`d\000\001q\006\004`e`dd\254\007\21231122\327"
  27      60640001 
  27      71060460 
  27      65606464 
  27      AC078A33 
  28 0019 D7333330 		.ascii	"\327330\260\000\205\001\026\322\001\263"
  28      B0008501 
  28      16D201B3 
  29              		.text
  30              		.section	.gnu.lto_.inline.b369a7f5,"",%progbits
  31 0000 789C458B 		.ascii	"x\234E\213\261\015\2000\014\004\337\316\007B(`\003("
  31      B10D8030 
  31      0C04DFCE 
  31      07422860 
  31      0328
  32 0012 10E33013 		.ascii	"\020\3430\023#PRf\016\246`$l!\310\027\226\375\347#\004"
ARM GAS  C:\Users\prana\AppData\Local\Temp\cc7m8pVd.s 			page 2


  32      23505266 
  32      0EA66024 
  32      6C21C817 
  32      96FDE723 
  33 0027 9E1D3511 		.ascii	"\236\0355\021\350V\021\314\206B\272N\242)\223\202e\242"
  33      E85611CC 
  33      8642BA4E 
  33      A2299382 
  33      65A2
  34 0039 6341BB08 		.ascii	"cA\273\010\264\002\213\242\317\242\030\315\220d\203"
  34      B4028BA2 
  34      CFA218CD 
  34      906483
  35 0048 F9D85EA8 		.ascii	"\371\330^\250\367@W\223\277\005D\232j\347o\022A\255"
  35      F7405793 
  35      BF05449A 
  35      6AE76F12 
  35      41AD
  36 005a B2ED6BF0 		.ascii	"\262\355k\360\000t\\\014$"
  36      00745C0C 
  36      24
  37              		.text
  38              		.section	.gnu.lto_.pureconst.b369a7f5,"",%progbits
  39 0000 789C6361 		.ascii	"x\234ca`d\340f```e\220b\224b\222b\226ba\000\000\003"
  39      6064E066 
  39      60606065 
  39      90629462 
  39      92629662 
  40 0018 E40088   		.ascii	"\344\000\210"
  41              		.text
  42              		.section	.gnu.lto_PDSS_PORT0_RX_CLK_StartEx.b369a7f5,"",%progbits
  43 0000 789C5551 		.ascii	"x\234UQ=h\024Q\020\236\357\275}{\033\363\323\013)\322"
  43      3D681451 
  43      109EEFBD 
  43      7D7B1BF3 
  43      D30B29D2 
  44 0014 8520040B 		.ascii	"\205 \004\013\033+\221\013Z(x\334YX\004\216\220,\022"
  44      1B2B910B 
  44      5A2878DC 
  44      5958048E 
  44      902C12
  45 0027 0D0904B5 		.ascii	"\015\011\004\265\365\335\355n\016\305B\020S\004\345"
  45      F5DDED6E 
  45      0EC54210 
  45      5304E5
  46 0036 5091246A 		.ascii	"P\221$jr\271\244\022-.'\"\010\236\2441\215\205?\270"
  46      72B9A412 
  46      2D2E2722 
  46      089EA431 
  46      8D853FB8 
  47 004a 8558DC69 		.ascii	"\205X\334i\024Q\364\234\271Ma\006\336\314\233\341\233"
  47      1451F49C 
  47      B94D6106 
  47      DECC9BE1 
  47      9B
  48 005b 99EF7BCF 		.ascii	"\231\357{\317!\220X\237\":\314\361\030\037\270\004u"
  48      2190589F 
ARM GAS  C:\Users\prana\AppData\Local\Temp\cc7m8pVd.s 			page 3


  48      223ACCF1 
  48      181FB804 
  48      75
  49 006c BD4154F0 		.ascii	"\275AT\360\024tr\321\312\\{Ad\3679a\212l\217I\352G\035"
  49      147472D1 
  49      CA5C7B41 
  49      64F73961 
  49      8A6C8F49 
  50 0083 40A2F540 		.ascii	"@\242\365@\227\2256\016\330Sb\337\325\037\205z)~\254"
  50      9795360E 
  50      D85362DF 
  50      D51F857A 
  50      297EAC
  51 0096 86162DDB 		.ascii	"\206\026-\333\273O7\264]\252!b@[%\030,b\210Q[\341\332"
  51      BB4F37B4 
  51      5DAA2162 
  51      405B2518 
  51      2C628851 
  52 00ad 2DBDA322 		.ascii	"-\275\243\"\0158\234\266^-|\354\223Ta\200\323+\317~"
  52      0D389CB6 
  52      5E2D7CEC 
  52      93546180 
  52      D32BCF7E 
  53 00c1 6C3A7A18 		.ascii	"l:z\030\304\367\352\267r\334;x\337\332\242\265e\337"
  53      C4F7EAB7 
  53      72DC3B78 
  53      DFDAA2B5 
  53      65DF
  54 00d3 76455AE3 		.ascii	"vEZ\343\0014\317\3032\372\261\204~\342\022\341!\006"
  54      0134CFC3 
  54      32FAB184 
  54      7EE212E1 
  54      2106
  55 00e5 05FEA1FA 		.ascii	"\005\376\241\372\367f\257\033\312\372\201d)\036\301"
  55      F766AF1B 
  55      CAFA8164 
  55      291EC1
  56 00f4 15C5956C 		.ascii	"\025\305\225l\315\266\333\201\255U\315\212\366\024w"
  56      CDB6DB81 
  56      AD55CD8A 
  56      F61477
  57 0103 399A1D2B 		.ascii	"9\232\035+\220^#\271+\216\250\311m\254\271\251\024\007"
  57      905E23B9 
  57      2B8EA8C9 
  57      6DACB9A9 
  57      1407
  58 0115 DD627DAC 		.ascii	"\335b}\254X\307\250\377\272\372\346\271\226y\201\026"
  58      58C7A8FF 
  58      BAFAE6B9 
  58      96798116 
  59 0125 A9F351FD 		.ascii	"\251\363Q\375uJX\273\035\246w\357\374\3366IjmhEW)\332"
  59      754A58BB 
  59      1DA677EF 
  59      FCDE3649 
  59      6A6D6845 
  60 013c 5AEE29E3 		.ascii	"Z\356)\343v!\344GHa\225\011\2570aB\005eP\214\342\327"
  60      7621E447 
ARM GAS  C:\Users\prana\AppData\Local\Temp\cc7m8pVd.s 			page 4


  60      48619509 
  60      AF306142 
  60      0565508C 
  61 0152 D2DBFDC9 		.ascii	"\322\333\375\311@\3153\351=\302Fpn\267\360\377\006\003"
  61      40CD33E9 
  61      3DC24670 
  61      6EB7F0FF 
  61      0603
  62 0164 C29A7492 		.ascii	"\302\232t\222\3203\304?\203\226r\204_\214\2409\327\210"
  62      D033C43F 
  62      83967284 
  62      5F8CA039 
  62      D788
  63 0176 4DD26502 		.ascii	"M\322e\002-\213\027\236\354\274\354p\361\340\241\312"
  63      2D8B179E 
  63      ECBCEC70 
  63      F1E0A1CA 
  64 0186 8D8CFA39 		.ascii	"\215\214\3729\367%\225\200\004\307\240\247\233\353\367"
  64      F7259580 
  64      04C7A0A7 
  64      9BEBF7
  65 0195 202007FC 		.ascii	"  \007\374\270\374\243\353\035`}\276U9\"\300=\002\012"
  65      B8FCA3EB 
  65      1D607DBE 
  65      553922C0 
  65      3D020A
  66 01a8 D676EFD5 		.ascii	"\326v\357\325\260\301\032x\026}F\261\266\335Y\277K\017"
  66      B0C11A78 
  66      167D46B1 
  66      B6DD59BF 
  66      4B0F
  67 01ba 4C8B9FF0 		.ascii	"L\213\237\360\300q\177\332\237\035\273\340O\344s3\027"
  67      C0717FDA 
  67      9F1DBBE0 
  67      4FE47333 
  67      17
  68 01cb 67C7FDD1 		.ascii	"g\307\375\321Ln&}h43\222\313\3453\247\262\247\017\346"
  68      4C6E267D 
  68      68343392 
  68      CBE533A7 
  68      B2A70FE6 
  69 01df B367F2E9 		.ascii	"\263g\362\351\223'\206\307\251{lj\362\354tz\352\374"
  69      932786C7 
  69      A97B6C6A 
  69      F2EC747A 
  69      EAFC
  70 01f1 C8E4A57F 		.ascii	"\310\344\245\177@\375\303\206"
  70      40FDC386 
  71              		.text
  72              		.section	.gnu.lto_PDSS_PORT0_RX_CLK_Stop.b369a7f5,"",%progbits
  73 0000 789C5550 		.ascii	"x\234UP=K\003A\020\235\267\273\227\013~\374\000\301"
  73      3D4B0341 
  73      109DB7BB 
  73      970B7EFC 
  73      00C1
  74 0012 C25644B1 		.ascii	"\302VD\261\260\260\025\305\024\012\206\234\205E\340"
  74      B0B015C5 
ARM GAS  C:\Users\prana\AppData\Local\Temp\cc7m8pVd.s 			page 5


  74      140A869C 
  74      8545E0
  75 0021 104D23A2 		.ascii	"\020M#\242 Z\273I\356\010\210\205\"Z)\242M\3427\226"
  75      205ABB49 
  75      EE088885 
  75      225A29A2 
  75      4DE23796 
  76 0035 76671A3B 		.ascii	"vg\032;\305F\033\013\025\274B\004\023\321F\3218\313"
  76      C5461B0B 
  76      15BC4204 
  76      13D146D1 
  76      38CB
  77 0047 59988199 		.ascii	"Y\230\201\231\331\235}\373\336c\024\201LLs\353\344>"
  77      D99D7DFB 
  77      DE631481 
  77      4C4C73EB 
  77      E43E
  78 0059 C8891841 		.ascii	"\310\211\030A\254\\\022e\343\0022:Ha-_\020\351\006\345"
  78      AC5C1265 
  78      E302323A 
  78      48612D5F 
  78      10E906E5 
  79 006d D9A49BAC 		.ascii	"\331\244\233\254h\336\247\000\323u\034\264(\244\245"
  79      68DEA700 
  79      D3751CB4 
  79      28A4A5
  80 007c C095A2F8 		.ascii	"\300\225\242\370\020\337\002\345Bx&\332\213\232\343"
  80      10DF02E5 
  80      427826DA 
  80      8B9AE3
  81 008b FEE9B55B 		.ascii	"\376\351\265[\227\002\370\014\250\211\010\203\"\332"
  81      9702F80C 
  81      A8890883 
  81      22DA
  82 0099 89618FA7 		.ascii	"\211a\217\247?\353\3151\317\300\332\242G\224\0203\316"
  82      3FEBCD31 
  82      CFC0DAA2 
  82      47941033 
  82      CE
  83 00aa 4E5281AE 		.ascii	"NR\201\256\325\362:X\265\317olK\220/!\2710\246\302\311"
  83      D5F23A58 
  83      B5CF6F6C 
  83      4B902F21 
  83      B930A6C2 
  84 00bf 662A4270 		.ascii	"f*Bp\223U\026f+2D\371s)\334\3545\004yi<l\370\345+\373"
  84      93551666 
  84      2B3244F9 
  84      7329DCEC 
  84      35047969 
  85 00d9 5DF852C2 		.ascii	"]\370R\302h\355\356|\335Z\321UkO+\036\025\374\353\275"
  85      68EDEE7C 
  85      DD5AD155 
  85      6B4F2B1E 
  85      15FCEBBD 
  86 00ed A66D6C65 		.ascii	"\246mle=v\247\260\217V\354\241\225M\034`\033\024\"\367"
  86      3D76A7B0 
  86      8F56ECA1 
ARM GAS  C:\Users\prana\AppData\Local\Temp\cc7m8pVd.s 			page 6


  86      954D1C60 
  86      1B1422F7 
  87 0101 56B86B89 		.ascii	"V\270k\211\010%s\322\003\274\313\374\324\337\340\277"
  87      082573D2 
  87      03BCCBFC 
  87      D4DFE0BF 
  88 0111 8200E1D0 		.ascii	"\202\000\341\320\374$c\317\"^\031\252B\031\177\354\353"
  88      FC2463CF 
  88      225E19AA 
  88      42197FEC 
  88      EB
  89 0122 BDF252B5 		.ascii	"\275\362R\265\315\257:\311\254\326\215\365\252G\254"
  89      CDAF3AC9 
  89      ACD68DF5 
  89      AA47AC
  90 0131 CA9097B5 		.ascii	"\312\220\227\265\2376C\012\344x/\012\307\374\370\214"
  90      9F36430A 
  90      E4782F0A 
  90      C7FCF88C 
  91 0141 5C709B30 		.ascii	"\\p\2330\034\177\032`n\336CG\"3\223\231\033\237\317"
  91      1C7F1A60 
  91      6EDE4347 
  91      22339399 
  91      1B9FCF
  92 0154 4CBACEEC 		.ascii	"L\272\316\354\302\334D&\235tf\373{\322\311\001\307q"
  92      C2DC4426 
  92      9D7466FB 
  92      7BD2C901 
  92      C771
  93 0166 9323A9D1 		.ascii	"\223#\251\321n75\346\366\017\017uM\320/N\210\217v"
  93      6E3735E6 
  93      F60F0F75 
  93      4DD02F4E 
  93      888F76
  94              		.text
  95              		.section	.gnu.lto_PDSS_PORT0_RX_CLK_SetFractionalDividerRegister.b369a7f5,"",%progbits
  96 0000 789C6D52 		.ascii	"x\234mRKH\224Q\024\276\347\336\231\377\377\235\031\037"
  96      4B489451 
  96      14BEE7DE 
  96      99FFFF9D 
  96      191F
  97 0012 DBC8851B 		.ascii	"\333\310\205\033\021\011\304\250Em\332(\011\025%NI\013"
  97      1109C4A8 
  97      456DDA28 
  97      0915254E 
  97      490B
  98 0024 6118C621 		.ascii	"a\030\306!DS\230\264\255w\234\2072 I\220\224$.\304|"
  98      445398B4 
  98      AD779C87 
  98      32204990 
  98      94242EC4 
  99 0039 A633D9CB 		.ascii	"\2463\331\313G4\015\330BzP\364\330\304\020&\006\021"
  99      47340DD8 
  99      427A50F4 
  99      D8C41026 
  99      0611
 100 004b 354E5396 		.ascii	"5NS\226h\3239\377\035\013\241\013s\037g\276\357;\347"
ARM GAS  C:\Users\prana\AppData\Local\Temp\cc7m8pVd.s 			page 7


 100      68D339FF 
 100      1D0BA10B 
 100      731F67BE 
 100      EF3BE7
 101 005e 7CE7B730 		.ascii	"|\347\2670`\264:\004cg\360\334\213?\020\014x\3373\306"
 101      60B43A04 
 101      6367F0DC 
 101      8B3F100C 
 101      78DF33C6 
 102 0072 FC0607A0 		.ascii	"\374\006\007\240\2134\200ur\350\204\357|\233C\242{m"
 102      8B348075 
 102      72E884EF 
 102      7C9B43A2 
 102      7B6D
 103 0084 8E978F4A 		.ascii	"\216\227\217J\\\357\227\206\367\313\2618\204\220\236"
 103      5CEF9786 
 103      F7CBB138 
 103      84909E
 104 0093 E5A61283 		.ascii	"\345\246\022\203Q(G\324Rv#^\230\341!\001@\244\227\251"
 104      512847D4 
 104      5276235E 
 104      98E12101 
 104      40A497A9 
 105 00a7 2783767A 		.ascii	"'\203vzr(\302g8\375v\325!*\200\341}2\3720RX6\"e\227"
 105      7228C267 
 105      38FD76D5 
 105      212A80E1 
 105      7D32FA30 
 106 00c1 94BFDCD2 		.ascii	"\224\277\334\322\032\022\002&@\240\036\214C1\214A1\303"
 106      1A120226 
 106      40A01E8C 
 106      43318C41 
 106      31C3
 107 00d3 10834928 		.ascii	"\020\203I(Ctw\354\306\345\002q\330d\216\364lNA\216\371"
 107      437477EC 
 107      C6E50271 
 107      D8648EF4 
 107      6C4E418E 
 108 00e8 E0B15D56 		.ascii	"\340\261]V\206\204\005\246\024\365@1T\022\321\302\340"
 108      868405A6 
 108      14F54031 
 108      5412D1C2 
 108      E0
 109 00f9 269411FA 		.ascii	"&\224\021\372E0z]\250\212,\370\\\177:\360\241@UT\202"
 109      45307A5D 
 109      A88A2CF8 
 109      5C7F3AF0 
 109      A1405554 
 110 010e CF2F1F93 		.ascii	"\317/\037\223\227\362E\215\251\373\365\252,*\035&\331"
 110      97F2458D 
 110      A9FBF5AA 
 110      2C2A1D26 
 110      D9
 111 011f F86CA4E0 		.ascii	"\370l\244\340\232\214\007KB\302\012Q\245<\203EMcQ\264"
 111      9A8C074B 
 111      42C20A51 
 111      A53C8345 
ARM GAS  C:\Users\prana\AppData\Local\Temp\cc7m8pVd.s 			page 8


 111      4D6351B4 
 112 0133 103CB318 		.ascii	"\020<\263\030}\315\305I\2238\335\033\233\326r\314\350"
 112      7DCDC549 
 112      9338DD1B 
 112      9BD672CC 
 112      E8
 113 0144 B243F6F9 		.ascii	"\262C\366\371\015\"\336\372/q%\366\373J\276\026$\037"
 113      0D22DEFA 
 113      2F7125F6 
 113      FB4ABE16 
 113      241F
 114 0156 4B60164A 		.ascii	"K`\026J!\006\245\312E\270\015\032\316\205\357Dg\352"
 114      2106A5CA 
 114      45B80D1A 
 114      CE85EF44 
 114      67EA
 115 0168 E2329B0D 		.ascii	"\3422\233\015\310\370\220\355\321\226\255\200c[\032"
 115      C8F890ED 
 115      D196AD80 
 115      635B1A
 116 0177 1A82FF5A 		.ascii	"\032\202\377Z\200l\261R@\243M\247\315\000j9\217\256"
 116      806CB152 
 116      40A34DA7 
 116      CD006A39 
 116      8FAE
 117 0189 36DAECB4 		.ascii	"6\332\354\2649\230\251\317R\230\200f\272\3169\235b\015"
 117      3998A9CF 
 117      52988066 
 117      BACE399D 
 117      620D
 118 019b 129B911F 		.ascii	"\022\233\221\037\343G(g@\320\250\372C\211\347:\031\243"
 118      E3472867 
 118      40D0A8FA 
 118      4389E73A 
 118      19A3
 119 01ad 9B3D0536 		.ascii	"\233=\0056\346\243\205\352\331\023\014J\262\356[o0\251"
 119      E6A385EA 
 119      D9130C4A 
 119      B2EE5B6F 
 119      30A9
 120 01bf 0FC1A03F 		.ascii	"\017\301\240?\210\2237\340.\366u\207\372\202{0\004l"
 120      889337E0 
 120      2EF67587 
 120      FA827B30 
 120      046C
 121 01d1 0D025BE1 		.ascii	"\015\002[\341\317\240\004\205\322\314DB\033\246\367"
 121      CFA00485 
 121      D2CC4442 
 121      1BA6F7
 122 01e0 1AE8701F 		.ascii	"\032\350p\037\261+\300\315.\261\007\004!\247+\335\375"
 122      B12BC0CD 
 122      2EB10704 
 122      21A72BDD 
 122      FD
 123 01f1 66A25E91 		.ascii	"f\242^\221\254\001\034\033\312\244\302\357\366\250\010"
 123      AC011C1B 
 123      CAA4C2EF 
ARM GAS  C:\Users\prana\AppData\Local\Temp\cc7m8pVd.s 			page 9


 123      F6A808
 124 0200 05516660 		.ascii	"\005Qf`!\263l%\231<0`\016e\020\3643\374l\242A\241t3"
 124      21B36C25 
 124      993C3060 
 124      0E6510F4 
 124      33FC6CA2 
 125 0218 9FA6D492 		.ascii	"\237\246\324\222;jy\001a(\265W\271\242l\030\244\017"
 125      3B6A7901 
 125      6128B557 
 125      B9A26C18 
 125      A40F
 126 022a 391D1D75 		.ascii	"9\035\035u(5\001\363Jm+\234\311\245\264#\216\306\033"
 126      283501F3 
 126      4A6D2B9C 
 126      C9A5B423 
 126      8EC61B
 127 023d 5A1D3754 		.ascii	"Z\0357T\345Y\200\205\1779\017)\230\303Lk\377\333P\214"
 127      E5598085 
 127      7F390F29 
 127      98C34C6B 
 127      FFDB508C 
 128 0251 1A722028 		.ascii	"\032r (\321\277\236L\353\024\333\345\230_J\373n\323"
 128      D1BF9E4C 
 128      EB14DBE5 
 128      985F4AFB 
 128      6ED3
 129 0263 16D134A2 		.ascii	"\026\3214\242|\202\256\370\3661\"\230_H\212\003\015"
 129      7C82AEF8 
 129      F6312298 
 129      5F488A03 
 129      0D
 130 0274 08C7B5AF 		.ascii	"\010\307\265\257\306\333\352\365\271\333\275\215.g["
 130      C6DBEAF5 
 130      B9DBBD8D 
 130      2E675B
 131 0283 87CFE36D 		.ascii	"\207\317\343m\250u\266U\035l\250\255v:]\265\247\352"
 131      A875B655 
 131      1D6CA8AD 
 131      763A5DB5 
 131      A7EA
 132 0295 4E57BAEA 		.ascii	"NW\272\352\316\272\252N\034\257\3600\233\247\245\271"
 132      CEBAAA4E 
 132      1CAFF030 
 132      9BA7A5B9 
 133 02a5 BAE96253 		.ascii	"\272\351bS\243\327\227\217\327\243>\267\247\275\251"
 133      A3D7978F 
 133      D7A33EB7 
 133      A7BDA9
 134 02b4 ADD5DDA2 		.ascii	"\255\325\335\242\371\274\347\352\335-\372y\367\205f"
 134      F9BCE7EA 
 134      DD2DFA79 
 134      F78566
 135 02c3 3CFF0063 		.ascii	"<\377\000c\0329\255"
 135      1A39AD
 136              		.text
 137              		.section	.gnu.lto_PDSS_PORT0_RX_CLK_GetDividerRegister.b369a7f5,"",%progbits
 138 0000 789C2D90 		.ascii	"x\234-\220\301K\002A\024\306\3377\263\352\202\204\335"
ARM GAS  C:\Users\prana\AppData\Local\Temp\cc7m8pVd.s 			page 10


 138      C14B0241 
 138      14C6DF37 
 138      B3EA8284 
 138      DD
 139 0011 EBD03189 		.ascii	"\353\3201\211\242C\375\001a\324\241 q;t\020\226\260"
 139      A243FD01 
 139      61D4A120 
 139      713B7410 
 139      96B0
 140 0023 BD26489D 		.ascii	"\275&H\235]\335]\212 \350R\207@\274\004\226\225\326"
 140      5DDD5D8A 
 140      20E85287 
 140      40BC0496 
 140      95D6
 141 0035 D52E2674 		.ascii	"\325.&t\211((\210N\021\021\036:\231\031BP\333<l\340"
 141      89282888 
 141      4E11111E 
 141      3A991942 
 141      50DB3C6C 
 142 004a CD9B6FE6 		.ascii	"\315\233o\346{\357\375\030\215@\274&U\032Uy@\005$A\354"
 142      7BEFFD18 
 142      8D40BC26 
 142      551A5579 
 142      40052441 
 143 005f DC12E574 		.ascii	"\334\022\345t\001\360\301\326AY\201,\276\304\217\300"
 143      01F0C1D6 
 143      4159812C 
 143      BEC48FC0 
 144 006f 95DFAD47 		.ascii	"\225\337\255G:\302c\233\222\367\255\233B\230%\320\257"
 144      3AC2639B 
 144      92F7AD9B 
 144      429825D0 
 144      AF
 145 0080 64F9A0DA 		.ascii	"d\371\240\332\326\243%\333\316\333/^m*\347x\303\236"
 145      D6A325DB 
 145      CEDB2F5E 
 145      6D2AE778 
 145      C39E
 146 0092 14E40BC2 		.ascii	"\024\344\013\302!\006Q\302 \2178B\224\224\371\365\374"
 146      210651C2 
 146      208F3842 
 146      9494F9F5 
 146      FC
 147 00a3 77B72FE8 		.ascii	"w\267/\350\332j\015\261E\275\224\021d\244j\242n\373"
 147      DA6A0DB1 
 147      45BD9411 
 147      64A46AA2 
 147      6EFB
 148 00b5 BE63D71F 		.ascii	"\276c\327\037\302\227O\341\000\310\223R\362\246\021"
 148      C2974FE1 
 148      00C89352 
 148      F2A611
 149 00c4 B7A3960A 		.ascii	"\267\243\226\012F\373\020\202\263l\242\361\275\365X"
 149      46FB1082 
 149      B36CA2F1 
 149      BDF558
 150 00d3 4972BD23 		.ascii	"Ir\275#\245\352\275\3475\356B\314\245\201G9\335\332"
ARM GAS  C:\Users\prana\AppData\Local\Temp\cc7m8pVd.s 			page 11


 150      A5EABDE7 
 150      35EE42CC 
 150      A5814739 
 150      DDDA
 151 00e5 59A42737 		.ascii	"Y\244'7]\327\326\324\325\347\266\373\034*\242\220s\341"
 151      5DD7D6D4 
 151      D5E7B6FB 
 151      1C2AA290 
 151      73E1
 152 00f7 C9004E14 		.ascii	"\311\000N\024\3361\343\341\024EP\023N{\206\034\211^"
 152      DE31E3E1 
 152      14455013 
 152      4E7B861C 
 152      895E
 153 0109 BBFD8BCE 		.ascii	"\273\375\213\316u\200\353\203\320QQ\266&\362\355\215"
 153      7580EB83 
 153      D05151B6 
 153      26F2ED8D 
 154 0119 37F4066A 		.ascii	"7\364\006j\312G\357\020\377\212\277\264%\300d\212sd"
 154      CA47EF10 
 154      FF8ABFB4 
 154      25C0648A 
 154      7364
 155 012b D65AB532 		.ascii	"\326Z\2652\313k\326\212i\244\3273)+\0317\322\261\211"
 155      CB6BD68A 
 155      69A4D733 
 155      292B1937 
 155      D2B189
 156 013e 647CDA30 		.ascii	"d|\3320\314\370Bbq\334L,\231\261\371\271\261\024\375"
 156      CCF84262 
 156      71DC4C2C 
 156      99B1F9B9 
 156      B114FD
 157 0151 017F9677 		.ascii	"\001\177\226w\313"
 157      CB
 158              		.text
 159              		.section	.gnu.lto_PDSS_PORT0_RX_CLK_GetFractionalDividerRegister.b369a7f5,"",%progbits
 160 0000 789C6361 		.ascii	"x\234ca`d\000\201i@\254\013\304\322@\314\310\314\300"
 160      60640081 
 160      6940AC0B 
 160      C4D240CC 
 160      C8CCC0
 161 0013 C834E11C 		.ascii	"\3104\341\034\003C#\007\023##\210\321\300\301\310P\317"
 161      03432307 
 161      13232388 
 161      D1C0C1C8 
 161      50CF
 162 0025 C458CFF8 		.ascii	"\304X\317\370\225\351/\023\343\351\357'z\2704\22774"
 162      95E92F13 
 162      E3E9EF27 
 162      7AB83497 
 162      3734
 163 0037 34353C38 		.ascii	"45<8\372\330r\372\212\003\214\255\314\014\014\377\231"
 163      FAD872FA 
 163      8A038CAD 
 163      CC0C0CFF 
 163      99
ARM GAS  C:\Users\prana\AppData\Local\Temp\cc7m8pVd.s 			page 12


 164 0048 18188D65 		.ascii	"\030\030\215e\030\015d@F,g\324d\000*}\264\361\337T^"
 164      180D6440 
 164      462C67D4 
 164      64002A7D 
 164      B4F1DF54 
 165 005d B6960620 		.ascii	"\266\226\006 P\000)\000\312\254`d\003Y\271>\350@\303"
 165      50002900 
 165      CAAC6064 
 165      0359B93E 
 165      E840C3
 166 0070 FFFFCD0D 		.ascii	"\377\377\315\015\007\346\363\035\334\307\007\224\371"
 166      07E6F31D 
 166      DCC70794 
 166      F9
 167 007d 00C420BB 		.ascii	"\000\304 \273>21\201h\346W\214M\007v\367\361\201\324"
 167      3E323181 
 167      68E6578C 
 167      4D0776F7 
 167      F181D4
 168 0090 030D9AD6 		.ascii	"\003\015\232\326z\350<\373\027&\240=\214\014\214+\031"
 168      7AE83CFB 
 168      1726A03D 
 168      8C0C8C2B 
 168      19
 169 00a1 41760075 		.ascii	"Av\000u0\202T\002\365i\273\247\346\245\026%\226\244"
 169      30825402 
 169      F569BBA7 
 169      E6A51625 
 169      96A4
 170 00b3 A6C407E7 		.ascii	"\246\304\007\347\227\026%\247\306\004\004\347;\233\304"
 170      971625A7 
 170      C60404E7 
 170      3B9BC4
 171 00c2 04B80407 		.ascii	"\004\270\004\007\307\007\370\007\205\030\304\007E\304"
 171      C707F807 
 171      8518C407 
 171      45C4
 172 00d0 3BFB78EB 		.ascii	";\373x\353%3\000\000\313/F\000"
 172      25330000 
 172      CB2F4600 
 173              		.text
 174              		.section	.gnu.lto_.symbol_nodes.b369a7f5,"",%progbits
 175 0000 789C6361 		.ascii	"x\234ca`d\010g\000\002&\206z\006\206\011\347\030@\324"
 175      60640867 
 175      00022686 
 175      7A068609 
 175      E71840D4 
 176 0014 AE0645A0 		.ascii	"\256\006E\240\000c=#\252\000S=\023\252\000s=3\252\000"
 176      00633D23 
 176      AA00533D 
 176      13AA0073 
 176      3D33AA00 
 177 0028 4B3D0B8A 		.ascii	"K=\013\212\000\003\000U/\023\016"
 177      00030055 
 177      2F130E
 178              		.text
 179              		.section	.gnu.lto_.refs.b369a7f5,"",%progbits
ARM GAS  C:\Users\prana\AppData\Local\Temp\cc7m8pVd.s 			page 13


 180 0000 789C6361 		.ascii	"x\234ca`\004B \000\000\0009\000\007"
 180      60044220 
 180      00000039 
 180      0007
 181              		.text
 182              		.section	.gnu.lto_.decls.b369a7f5,"",%progbits
 183 0000 789C8D54 		.ascii	"x\234\215TolSU\024\277\347\275\256\260\327n#\013!\323"
 183      6F6C5355 
 183      14BFE7BD 
 183      AEB0D76E 
 183      230B21D3 
 184 0014 346612ED 		.ascii	"4f\022\355\226\230L\306\214\361\203&&\233\324D\343\226"
 184      96984CC6 
 184      8CF18326 
 184      269BD444 
 184      E396
 185 0026 55173F90 		.ascii	"U\027?\2204c\274@\023\262\221R\214\370\305\033'\246"
 185      3463BC40 
 185      13B29152 
 185      8CF8C51B 
 185      27A6
 186 0038 081F5613 		.ascii	"\010\037V\023\321\342\246\014\020[\266\261\002\033\254"
 186      D1E2A60C 
 186      105BB6B1 
 186      021BAC
 187 0047 20B5F2A7 		.ascii	" \265\362\247\033c\235\373\303\214\216\310\346\346\022"
 187      1B639DFB 
 187      C38C8EC8 
 187      E6E612
 188 0056 0C84545C 		.ascii	"\014\204T\\\324\215\300\363\334\373^\373\332\355\315"
 188      D48DC0F3 
 188      DCFB5EFB 
 188      DAEDCD
 189 0065 78F3CE7B 		.ascii	"x\363\316{\367\236w\316\371\375\316\237\\\023\001\302"
 189      F79E77CE 
 189      F9FDCE9F 
 189      5C1301C2 
 190 0075 D6763321 		.ascii	"\326v3!v\334\356@Qp\341\221\324\021}\345\240\364\242"
 190      76DCEE40 
 190      5170E191 
 190      D4117DE5 
 190      A0F4A2
 191 0088 F4A1F4A3 		.ascii	"\364\241\364\243\014\242$\310\362\305lr5\337B\224\265"
 191      0CA224C8 
 191      F2C56C72 
 191      35DF4294 
 191      B5
 192 0099 28DD2825 		.ascii	"(\335(%(#(\023(7P\2525{\320|\226\256>\015\263\316\300"
 192      28232813 
 192      283750AA 
 192      357BD07C 
 192      96AE3E0D 
 193 00b0 37E5D767 		.ascii	"7\345\327g\340\307\270IK\360/\243D3x\030q\3507\210\305"
 193      E0C7B849 
 193      4BF02FA3 
 193      44337818 
 193      71E83788 
ARM GAS  C:\Users\prana\AppData\Local\Temp\cc7m8pVd.s 			page 14


 194 00c5 725CB524 		.ascii	"r\\\265$\316J\376\203\006\376\011\355_4\303\316\250"
 194      CE4AFE83 
 194      06FE09ED 
 194      5F34C3CE 
 194      A8
 195 00d6 660F0550 		.ascii	"f\017\005P\332N\006so\302\317 \200\326\020\002\240\276"
 195      DA4E0673 
 195      6FC2CF20 
 195      80D61002 
 195      A0BE
 196 00e8 810B5185 		.ascii	"\201\013Q\205\037q#\3607I\253\322\037\302\336D\265\347"
 196      1F7123F0 
 196      3749ABD2 
 196      1FC2DE44 
 196      B5E7
 197 00fa 3A3D187F 		.ascii	":=\030\177R_%\265x\020=:hN\220f\240z\251\377\005\315"
 197      525F25B5 
 197      78103D3A 
 197      684E9066 
 197      A07AA9FF 
 198 0110 8CA8C105 		.ascii	"\214\250\301\005\335!#\236J7\203\023d\347\004\351\244"
 198      DD21239E 
 198      4A378313 
 198      64E704E9 
 198      A4
 199 0121 A78E7D99 		.ascii	"\247\216}\231/bL\334O-\0047\225uR\\-\224\012/\352\225"
 199      2F624CDC 
 199      4F2D0437 
 199      9575525C 
 199      2D940A2F 
 200 0137 F96520D4 		.ascii	"\371e \324!\316\013P\"\001\013_\200\252\356\273\221"
 200      21CE0B50 
 200      22010B5F 
 200      80AAEEBB 
 200      91
 201 0148 853C55C5 		.ascii	"\205<U\305,\006\247\346\356\347\212O\363\375\350\207"
 201      2C06A7E6 
 201      EEE78A4F 
 201      F3FDE887 
 202 0158 E156665D 		.ascii	"\341Vf](\201\011\217\177$\016\315\346\343q\255\004\305"
 202      2881098F 
 202      7F240ECD 
 202      E6E371AD 
 202      04C5
 203 016a 0F05612C 		.ascii	"\017\005a,pw\312\014R\251\217\322\017hK3-|\225\300I"
 203      7077CA0C 
 203      52A98FD2 
 203      0F684B33 
 203      2D7C95C0 
 204 017f B04117D8 		.ascii	"\260A\027\330\010\204\241\224E\014A\031\201\016T\236"
 204      0884A194 
 204      450C4119 
 204      810E549E 
 205 018f 40E57146 		.ascii	"@\345qFh:r\352\245\010\245k\240\033$\350\004\221\233"
 205      683A72EA 
 205      A508A56B 
 205      A01B24E8 
ARM GAS  C:\Users\prana\AppData\Local\Temp\cc7m8pVd.s 			page 15


 205      04919B
 206 01a2 601A2592 		.ascii	"`\032%\222\226\306tO\213`\022P\303\014\266\230\230\356"
 206      96C6744F 
 206      8B601250 
 206      C30CB698 
 206      98EE
 207 01b4 AAF277AC 		.ascii	"\252\362w\254@\345!\340q,9\324fQy\254\301\343Dkr\334"
 207      40E521E0 
 207      712C39D4 
 207      665179AC 
 207      C1E3446B 
 208 01ca 52749005 		.ascii	"Rt\220\005\247\315\264X\200\272up\006!O#$\201\036(\302"
 208      A7CDB458 
 208      80BA7570 
 208      06214F23 
 208      24811E28 
 209 01df F72930A9 		.ascii	"\367)0\251\341\007\002\261`\356\372\303\364p\230N_\214"
 209      E10702B1 
 209      60EEFAC3 
 209      F470984E 
 209      5F8C
 210 01f1 971C6CA6 		.ascii	"\227\034l\246At+ff\020\324\331\340\226}\276\201\233"
 210      41742B66 
 210      6610D4D9 
 210      E0967DBE 
 210      819B
 211 0203 58ED5E58 		.ascii	"X\355^X\217\236\363\007\272n\233\305\367xa\356D\003"
 211      8F9EF307 
 211      BA6E9BC5 
 211      F77861EE 
 211      4403
 212 0215 4ADE8A90 		.ascii	"J\336\212\220\3478\344\026\015\261\267;>#\251\210\261"
 212      E738E416 
 212      0DB1B73B 
 212      3E23A988 
 212      B1
 213 0226 47712B1D 		.ascii	"Gq+\035A\237\227\231\015\234\325\361\316f\342\365q\274"
 213      419F9799 
 213      0D9CD5F1 
 213      CE66E2F5 
 213      71BC
 214 0238 0B93E14E 		.ascii	"\013\223\341N\263\350\007\016\330\275\367\267\320jL"
 214      B3E8070E 
 214      D8BDF7B7 
 214      D06A4C
 215 0247 D9867D83 		.ascii	"\331\206}\203\214\246\331\324\246\005\374\263\217,b"
 215      8CA6D9D4 
 215      A605FCB3 
 215      8F2C62
 216 0256 8CDB0AE3 		.ascii	"\214\333\012\343\263\035\277\233\240T\322\312\035R\313"
 216      B31DBF9B 
 216      A054D2CA 
 216      1D52CB
 217 0265 1DC56A7E 		.ascii	"\035\305j~\253\003\332X\271y\347\222G\250\271\210@\205"
 217      AB03DA58 
 217      B979E792 
 217      47A8B988 
ARM GAS  C:\Users\prana\AppData\Local\Temp\cc7m8pVd.s 			page 16


 217      4085
 218 0277 0D3660DF 		.ascii	"\0156`\337.b\337lZ\337.`F\3471#\004\230\373\354\253"
 218      2E62DF6C 
 218      5ADF2E60 
 218      46E73123 
 218      0498FBEC 
 219 028c 3B66DE95 		.ascii	";f\336\225h\272+_/>H\262\351\260\263Y\0223H\331UR\301"
 219      68BA2B5F 
 219      2F3E48B2 
 219      E9B0B359 
 219      123348D9 
 220 02a3 F6F81949 		.ascii	"\366\370\031I\214\253\244\356\365\364\377\224\227\032"
 220      8CABA4EE 
 220      F5F4FF94 
 220      971A
 221 02b1 16AC9954 		.ascii	"\026\254\231TJ\322\025\203+\010j\327@\277Ge,5,\261\037"
 221      4AD21583 
 221      2B086AD7 
 221      40BF4765 
 221      2C352CB1 
 222 02c6 9FA0025C 		.ascii	"\237\240\002\\F\310K:u\2736)C#J\320\31291\203\357\200"
 222      46C84B3A 
 222      75BB3629 
 222      43234AD0 
 222      CA393183 
 223 02dc 93BABDB8 		.ascii	"\223\272\275\270hZ\2611q\336\230\253\251Y\230i\035\272"
 223      685AB131 
 223      71DE98AB 
 223      A9599869 
 223      1DBA
 224 02ee 6549CDC2 		.ascii	"eI\315\302G\216\231\323\224\356E?\023\263\203\210\016"
 224      478E99D3 
 224      94EE453F 
 224      13B38388 
 224      0E
 225 02ff 18C96C4E 		.ascii	"\030\311lN?oNd\230~Q &\324\346\314_\352\3743\013\224"
 225      3F6F4E64 
 225      987E5120 
 225      26D4E6CC 
 225      5FEAFC33 
 226 0315 F1D151AF 		.ascii	"\361\321Q\257e\215C\273\357\236\222\247\215\303\350"
 226      658D43BB 
 226      EF9E92A7 
 226      8DC3E8
 227 0324 7E6B80C6 		.ascii	"~k\200\306\260\036\230$Z\301\200\2169\220\2119\3101"
 227      B01E9824 
 227      5AC1808E 
 227      39908939 
 227      C831
 228 0336 8F4D7EB2 		.ascii	"\217M~\262`\021\357\253\230m-GOd\015}4\013s(\013\363"
 228      6011EFAB 
 228      986D2D47 
 228      4F640D7D 
 228      340B7328 
 229 034c 4A283EC7 		.ascii	"J(>\3070\303\210\3316,\2461\321\012\256\353\230\327"
 229      30C388D9 
 229      362CA631 
ARM GAS  C:\Users\prana\AppData\Local\Temp\cc7m8pVd.s 			page 17


 229      D10AAEEB 
 229      98D7
 230 035e 3331130C 		.ascii	"31\023\014S<\332\365\340x>Fe\217t\210b\367\222\212\362"
 230      533CDAF5 
 230      E0783E46 
 230      658F7488 
 230      62F7928A 
 231 0373 BEA2AC82 		.ascii	"\276\242\254\202\021\220\010WP\377\221*\237\377q\256"
 231      11900857 
 231      50FF912A 
 231      9FFF71AE 
 232 0383 F0F12B27 		.ascii	"\360\361+'\373* \374\017\201\037\360<\314\272\215G\344"
 232      FB2A20FC 
 232      0F811FF0 
 232      3CCCBA8D 
 232      47E4
 233 0395 B4EFD74F 		.ascii	"\264\357\327O's$\037c\377\177\356\016\3648\177\213\266"
 233      2773241F 
 233      63FF7FEE 
 233      0EF4387F 
 233      8BB6
 234 03a7 E688EDFC 		.ascii	"\346\210\355\374\206\023&\366\237\373\\\324\207|\241"
 234      861326F6 
 234      9FFB5CD4 
 234      877CA1
 235 03b6 DABF8F65 		.ascii	"\332\277\217et\003\2530\246g4\012\332\230/\007\0317"
 235      7403AB30 
 235      A667340A 
 235      DA982F07 
 235      1937
 236 03c8 06F9EB9F 		.ascii	"\006\371\353\237k\007\254\326\217\323W\032\217\250\247"
 236      6B07ACD6 
 236      8FD3571A 
 236      8FA8A7
 237 03d7 3201567E 		.ascii	"2\001V~\363\262\357c5UN\247\253\246\272\366\315\015"
 237      F3B2EF63 
 237      35554EA7 
 237      ABA6BAF6 
 237      CD0D
 238 03e9 AEDAB75D 		.ascii	"\256\332\267]\225\257\277\346rz\353=\336W\336]\355x"
 238      95AFBFE6 
 238      727AEB3D 
 238      DE57DE5D 
 238      ED78
 239 03fb E3ADE2CA 		.ascii	"\343\255\342\312\362rb\336\355n\364Vl|\322!7\312\236"
 239      F27262DE 
 239      ED6EF456 
 239      6C7CD221 
 239      37CA9E
 240 040e 7AAFBCD5 		.ascii	"z\257\274\325\345l\332\355i\2207\3278\233*\237{\266"
 240      E56CDAED 
 240      699037D7 
 240      389B2A9F 
 240      7BB6
 241 0420 618F77CF 		.ascii	"a\217w\317NyW\331v\362\214\261\305\346e\020e\015d\235"
 241      4E7957D9 
 241      76F28CB1 
ARM GAS  C:\Users\prana\AppData\Local\Temp\cc7m8pVd.s 			page 18


 241      C5E66510 
 241      650D649D 
 242 0434 116ED3CE 		.ascii	"\021n\323\3162\003\265\354\335\344\251o\360\272\233"
 242      3203B5EC 
 242      DDE4A96F 
 242      F0BA9B
 243 0443 1AEB7754 		.ascii	"\032\353wT\271\337qo\225=\265\3626\367.\257\354\311"
 243      B9DF716F 
 243      953DB5F2 
 243      36F72EAF 
 243      ECC9
 244 0455 61D45EE0 		.ascii	"a\324^\340\004\313\237\177j\271\257C\366.\3610\000p"
 244      04CB9F7F 
 244      6AB9AF43 
 244      F62EF130 
 244      0070
 245 0467 FC178047 		.ascii	"\374\027\200G\336V\261\361_\254=J\311"
 245      DE56B1F1 
 245      5FAC3D4A 
 245      C9
 246              		.text
 247              		.section	.gnu.lto_.symtab.b369a7f5,"",%progbits
 248 0000 50445353 		.ascii	"PDSS_PORT0_RX_CLK_StartEx\000"
 248      5F504F52 
 248      54305F52 
 248      585F434C 
 248      4B5F5374 
 249 001a 00       		.ascii	"\000"
 250 001b 00       		.ascii	"\000"
 251 001c 00       		.ascii	"\000"
 252 001d 00000000 		.ascii	"\000\000\000\000\000\000\000\000"
 252      00000000 
 253 0025 B5000000 		.ascii	"\265\000\000\000"
 254 0029 50445353 		.ascii	"PDSS_PORT0_RX_CLK_Stop\000"
 254      5F504F52 
 254      54305F52 
 254      585F434C 
 254      4B5F5374 
 255 0040 00       		.ascii	"\000"
 256 0041 00       		.ascii	"\000"
 257 0042 00       		.ascii	"\000"
 258 0043 00000000 		.ascii	"\000\000\000\000\000\000\000\000"
 258      00000000 
 259 004b B8000000 		.ascii	"\270\000\000\000"
 260 004f 50445353 		.ascii	"PDSS_PORT0_RX_CLK_SetFractionalDividerRegister\000"
 260      5F504F52 
 260      54305F52 
 260      585F434C 
 260      4B5F5365 
 261 007e 00       		.ascii	"\000"
 262 007f 00       		.ascii	"\000"
 263 0080 00       		.ascii	"\000"
 264 0081 00000000 		.ascii	"\000\000\000\000\000\000\000\000"
 264      00000000 
 265 0089 C7000000 		.ascii	"\307\000\000\000"
 266 008d 50445353 		.ascii	"PDSS_PORT0_RX_CLK_GetDividerRegister\000"
 266      5F504F52 
ARM GAS  C:\Users\prana\AppData\Local\Temp\cc7m8pVd.s 			page 19


 266      54305F52 
 266      585F434C 
 266      4B5F4765 
 267 00b2 00       		.ascii	"\000"
 268 00b3 00       		.ascii	"\000"
 269 00b4 00       		.ascii	"\000"
 270 00b5 00000000 		.ascii	"\000\000\000\000\000\000\000\000"
 270      00000000 
 271 00bd CA000000 		.ascii	"\312\000\000\000"
 272 00c1 50445353 		.ascii	"PDSS_PORT0_RX_CLK_GetFractionalDividerRegister\000"
 272      5F504F52 
 272      54305F52 
 272      585F434C 
 272      4B5F4765 
 273 00f0 00       		.ascii	"\000"
 274 00f1 00       		.ascii	"\000"
 275 00f2 00       		.ascii	"\000"
 276 00f3 00000000 		.ascii	"\000\000\000\000\000\000\000\000"
 276      00000000 
 277 00fb CD000000 		.ascii	"\315\000\000\000"
 278              		.text
 279              		.section	.gnu.lto_.opts,"",%progbits
 280 0000 272D666D 		.ascii	"'-fmath-errno' '-fsigned-zeros' '-ftrapping-math' '"
 280      6174682D 
 280      6572726E 
 280      6F272027 
 280      2D667369 
 281 0033 2D666E6F 		.ascii	"-fno-trapv' '-fno-openmp' '-fno-openacc' '-mcpu=cor"
 281      2D747261 
 281      70762720 
 281      272D666E 
 281      6F2D6F70 
 282 0066 7465782D 		.ascii	"tex-m0' '-mthumb' '-g' '-Os' '-Werror' '-ffunction-"
 282      6D302720 
 282      272D6D74 
 282      68756D62 
 282      2720272D 
 283 0099 73656374 		.ascii	"sections' '-ffat-lto-objects' '-finline-functions' "
 283      696F6E73 
 283      2720272D 
 283      66666174 
 283      2D6C746F 
 284 00cc 272D666C 		.ascii	"'-flto' '-fno-strict-aliasing'\000"
 284      746F2720 
 284      272D666E 
 284      6F2D7374 
 284      72696374 
 285              		.text
 286              		.cfi_sections	.debug_frame
 287              		.section	.text.PDSS_PORT0_RX_CLK_StartEx,"ax",%progbits
 288              		.align	1
 289              		.global	PDSS_PORT0_RX_CLK_StartEx
 290              		.code	16
 291              		.thumb_func
 292              		.type	PDSS_PORT0_RX_CLK_StartEx, %function
 293              	PDSS_PORT0_RX_CLK_StartEx:
 294              	.LFB0:
ARM GAS  C:\Users\prana\AppData\Local\Temp\cc7m8pVd.s 			page 20


 295              		.file 1 "Generated_Source\\PSoC4\\PDSS_PORT0_RX_CLK.c"
   1:Generated_Source\PSoC4/PDSS_PORT0_RX_CLK.c **** /*******************************************************************************
   2:Generated_Source\PSoC4/PDSS_PORT0_RX_CLK.c **** * File Name: PDSS_PORT0_RX_CLK.c
   3:Generated_Source\PSoC4/PDSS_PORT0_RX_CLK.c **** * Version 2.20
   4:Generated_Source\PSoC4/PDSS_PORT0_RX_CLK.c **** *
   5:Generated_Source\PSoC4/PDSS_PORT0_RX_CLK.c **** *  Description:
   6:Generated_Source\PSoC4/PDSS_PORT0_RX_CLK.c **** *   Provides system API for the clocking, interrupts and watchdog timer.
   7:Generated_Source\PSoC4/PDSS_PORT0_RX_CLK.c **** *
   8:Generated_Source\PSoC4/PDSS_PORT0_RX_CLK.c **** *  Note:
   9:Generated_Source\PSoC4/PDSS_PORT0_RX_CLK.c **** *   Documentation of the API's in this file is located in the
  10:Generated_Source\PSoC4/PDSS_PORT0_RX_CLK.c **** *   System Reference Guide provided with PSoC Creator.
  11:Generated_Source\PSoC4/PDSS_PORT0_RX_CLK.c **** *
  12:Generated_Source\PSoC4/PDSS_PORT0_RX_CLK.c **** ********************************************************************************
  13:Generated_Source\PSoC4/PDSS_PORT0_RX_CLK.c **** * Copyright 2008-2012, Cypress Semiconductor Corporation.  All rights reserved.
  14:Generated_Source\PSoC4/PDSS_PORT0_RX_CLK.c **** * You may use this file only in accordance with the license, terms, conditions,
  15:Generated_Source\PSoC4/PDSS_PORT0_RX_CLK.c **** * disclaimers, and limitations in the end user license agreement accompanying
  16:Generated_Source\PSoC4/PDSS_PORT0_RX_CLK.c **** * the software package with which this file was provided.
  17:Generated_Source\PSoC4/PDSS_PORT0_RX_CLK.c **** *******************************************************************************/
  18:Generated_Source\PSoC4/PDSS_PORT0_RX_CLK.c **** 
  19:Generated_Source\PSoC4/PDSS_PORT0_RX_CLK.c **** #include <cydevice_trm.h>
  20:Generated_Source\PSoC4/PDSS_PORT0_RX_CLK.c **** #include "PDSS_PORT0_RX_CLK.h"
  21:Generated_Source\PSoC4/PDSS_PORT0_RX_CLK.c **** 
  22:Generated_Source\PSoC4/PDSS_PORT0_RX_CLK.c **** #if defined CYREG_PERI_DIV_CMD
  23:Generated_Source\PSoC4/PDSS_PORT0_RX_CLK.c **** 
  24:Generated_Source\PSoC4/PDSS_PORT0_RX_CLK.c **** /*******************************************************************************
  25:Generated_Source\PSoC4/PDSS_PORT0_RX_CLK.c **** * Function Name: PDSS_PORT0_RX_CLK_StartEx
  26:Generated_Source\PSoC4/PDSS_PORT0_RX_CLK.c **** ********************************************************************************
  27:Generated_Source\PSoC4/PDSS_PORT0_RX_CLK.c **** *
  28:Generated_Source\PSoC4/PDSS_PORT0_RX_CLK.c **** * Summary:
  29:Generated_Source\PSoC4/PDSS_PORT0_RX_CLK.c **** *  Starts the clock, aligned to the specified running clock.
  30:Generated_Source\PSoC4/PDSS_PORT0_RX_CLK.c **** *
  31:Generated_Source\PSoC4/PDSS_PORT0_RX_CLK.c **** * Parameters:
  32:Generated_Source\PSoC4/PDSS_PORT0_RX_CLK.c **** *  alignClkDiv:  The divider to which phase alignment is performed when the
  33:Generated_Source\PSoC4/PDSS_PORT0_RX_CLK.c **** *    clock is started.
  34:Generated_Source\PSoC4/PDSS_PORT0_RX_CLK.c **** *
  35:Generated_Source\PSoC4/PDSS_PORT0_RX_CLK.c **** * Returns:
  36:Generated_Source\PSoC4/PDSS_PORT0_RX_CLK.c **** *  None
  37:Generated_Source\PSoC4/PDSS_PORT0_RX_CLK.c **** *
  38:Generated_Source\PSoC4/PDSS_PORT0_RX_CLK.c **** *******************************************************************************/
  39:Generated_Source\PSoC4/PDSS_PORT0_RX_CLK.c **** void PDSS_PORT0_RX_CLK_StartEx(uint32 alignClkDiv)
  40:Generated_Source\PSoC4/PDSS_PORT0_RX_CLK.c **** {
 296              		.loc 1 40 0
 297              		.cfi_startproc
 298              		@ args = 0, pretend = 0, frame = 0
 299              		@ frame_needed = 0, uses_anonymous_args = 0
 300              		@ link register save eliminated.
 301              	.LVL0:
  41:Generated_Source\PSoC4/PDSS_PORT0_RX_CLK.c ****     /* Make sure any previous start command has finished. */
  42:Generated_Source\PSoC4/PDSS_PORT0_RX_CLK.c ****     while((PDSS_PORT0_RX_CLK_CMD_REG & PDSS_PORT0_RX_CLK_CMD_ENABLE_MASK) != 0u)
 302              		.loc 1 42 0
 303 0000 044A     		ldr	r2, .L5
 304              	.L2:
 305              		.loc 1 42 0 is_stmt 0 discriminator 1
 306 0002 1368     		ldr	r3, [r2]
 307 0004 002B     		cmp	r3, #0
 308 0006 FCDB     		blt	.L2
  43:Generated_Source\PSoC4/PDSS_PORT0_RX_CLK.c ****     {
ARM GAS  C:\Users\prana\AppData\Local\Temp\cc7m8pVd.s 			page 21


  44:Generated_Source\PSoC4/PDSS_PORT0_RX_CLK.c ****     }
  45:Generated_Source\PSoC4/PDSS_PORT0_RX_CLK.c ****     
  46:Generated_Source\PSoC4/PDSS_PORT0_RX_CLK.c ****     /* Specify the target divider and it's alignment divider, and enable. */
  47:Generated_Source\PSoC4/PDSS_PORT0_RX_CLK.c ****     PDSS_PORT0_RX_CLK_CMD_REG =
  48:Generated_Source\PSoC4/PDSS_PORT0_RX_CLK.c ****         ((uint32)PDSS_PORT0_RX_CLK__DIV_ID << PDSS_PORT0_RX_CLK_CMD_DIV_SHIFT)|
  49:Generated_Source\PSoC4/PDSS_PORT0_RX_CLK.c ****         (alignClkDiv << PDSS_PORT0_RX_CLK_CMD_PA_DIV_SHIFT) |
 309              		.loc 1 49 0 is_stmt 1
 310 0008 034B     		ldr	r3, .L5+4
 311 000a 0002     		lsls	r0, r0, #8
 312              	.LVL1:
 313 000c 1843     		orrs	r0, r3
  47:Generated_Source\PSoC4/PDSS_PORT0_RX_CLK.c ****         ((uint32)PDSS_PORT0_RX_CLK__DIV_ID << PDSS_PORT0_RX_CLK_CMD_DIV_SHIFT)|
 314              		.loc 1 47 0
 315 000e 014B     		ldr	r3, .L5
  50:Generated_Source\PSoC4/PDSS_PORT0_RX_CLK.c ****         (uint32)PDSS_PORT0_RX_CLK_CMD_ENABLE_MASK;
  51:Generated_Source\PSoC4/PDSS_PORT0_RX_CLK.c **** }
 316              		.loc 1 51 0
 317              		@ sp needed
  47:Generated_Source\PSoC4/PDSS_PORT0_RX_CLK.c ****         ((uint32)PDSS_PORT0_RX_CLK__DIV_ID << PDSS_PORT0_RX_CLK_CMD_DIV_SHIFT)|
 318              		.loc 1 47 0
 319 0010 1860     		str	r0, [r3]
 320              		.loc 1 51 0
 321 0012 7047     		bx	lr
 322              	.L6:
 323              		.align	2
 324              	.L5:
 325 0014 00000140 		.word	1073807360
 326 0018 02000080 		.word	-2147483646
 327              		.cfi_endproc
 328              	.LFE0:
 329              		.size	PDSS_PORT0_RX_CLK_StartEx, .-PDSS_PORT0_RX_CLK_StartEx
 330              		.section	.text.PDSS_PORT0_RX_CLK_Stop,"ax",%progbits
 331              		.align	1
 332              		.global	PDSS_PORT0_RX_CLK_Stop
 333              		.code	16
 334              		.thumb_func
 335              		.type	PDSS_PORT0_RX_CLK_Stop, %function
 336              	PDSS_PORT0_RX_CLK_Stop:
 337              	.LFB1:
  52:Generated_Source\PSoC4/PDSS_PORT0_RX_CLK.c **** 
  53:Generated_Source\PSoC4/PDSS_PORT0_RX_CLK.c **** #else
  54:Generated_Source\PSoC4/PDSS_PORT0_RX_CLK.c **** 
  55:Generated_Source\PSoC4/PDSS_PORT0_RX_CLK.c **** /*******************************************************************************
  56:Generated_Source\PSoC4/PDSS_PORT0_RX_CLK.c **** * Function Name: PDSS_PORT0_RX_CLK_Start
  57:Generated_Source\PSoC4/PDSS_PORT0_RX_CLK.c **** ********************************************************************************
  58:Generated_Source\PSoC4/PDSS_PORT0_RX_CLK.c **** *
  59:Generated_Source\PSoC4/PDSS_PORT0_RX_CLK.c **** * Summary:
  60:Generated_Source\PSoC4/PDSS_PORT0_RX_CLK.c **** *  Starts the clock.
  61:Generated_Source\PSoC4/PDSS_PORT0_RX_CLK.c **** *
  62:Generated_Source\PSoC4/PDSS_PORT0_RX_CLK.c **** * Parameters:
  63:Generated_Source\PSoC4/PDSS_PORT0_RX_CLK.c **** *  None
  64:Generated_Source\PSoC4/PDSS_PORT0_RX_CLK.c **** *
  65:Generated_Source\PSoC4/PDSS_PORT0_RX_CLK.c **** * Returns:
  66:Generated_Source\PSoC4/PDSS_PORT0_RX_CLK.c **** *  None
  67:Generated_Source\PSoC4/PDSS_PORT0_RX_CLK.c **** *
  68:Generated_Source\PSoC4/PDSS_PORT0_RX_CLK.c **** *******************************************************************************/
  69:Generated_Source\PSoC4/PDSS_PORT0_RX_CLK.c **** 
ARM GAS  C:\Users\prana\AppData\Local\Temp\cc7m8pVd.s 			page 22


  70:Generated_Source\PSoC4/PDSS_PORT0_RX_CLK.c **** void PDSS_PORT0_RX_CLK_Start(void)
  71:Generated_Source\PSoC4/PDSS_PORT0_RX_CLK.c **** {
  72:Generated_Source\PSoC4/PDSS_PORT0_RX_CLK.c ****     /* Set the bit to enable the clock. */
  73:Generated_Source\PSoC4/PDSS_PORT0_RX_CLK.c ****     PDSS_PORT0_RX_CLK_ENABLE_REG |= PDSS_PORT0_RX_CLK__ENABLE_MASK;
  74:Generated_Source\PSoC4/PDSS_PORT0_RX_CLK.c **** }
  75:Generated_Source\PSoC4/PDSS_PORT0_RX_CLK.c **** 
  76:Generated_Source\PSoC4/PDSS_PORT0_RX_CLK.c **** #endif /* CYREG_PERI_DIV_CMD */
  77:Generated_Source\PSoC4/PDSS_PORT0_RX_CLK.c **** 
  78:Generated_Source\PSoC4/PDSS_PORT0_RX_CLK.c **** 
  79:Generated_Source\PSoC4/PDSS_PORT0_RX_CLK.c **** /*******************************************************************************
  80:Generated_Source\PSoC4/PDSS_PORT0_RX_CLK.c **** * Function Name: PDSS_PORT0_RX_CLK_Stop
  81:Generated_Source\PSoC4/PDSS_PORT0_RX_CLK.c **** ********************************************************************************
  82:Generated_Source\PSoC4/PDSS_PORT0_RX_CLK.c **** *
  83:Generated_Source\PSoC4/PDSS_PORT0_RX_CLK.c **** * Summary:
  84:Generated_Source\PSoC4/PDSS_PORT0_RX_CLK.c **** *  Stops the clock and returns immediately. This API does not require the
  85:Generated_Source\PSoC4/PDSS_PORT0_RX_CLK.c **** *  source clock to be running but may return before the hardware is actually
  86:Generated_Source\PSoC4/PDSS_PORT0_RX_CLK.c **** *  disabled.
  87:Generated_Source\PSoC4/PDSS_PORT0_RX_CLK.c **** *
  88:Generated_Source\PSoC4/PDSS_PORT0_RX_CLK.c **** * Parameters:
  89:Generated_Source\PSoC4/PDSS_PORT0_RX_CLK.c **** *  None
  90:Generated_Source\PSoC4/PDSS_PORT0_RX_CLK.c **** *
  91:Generated_Source\PSoC4/PDSS_PORT0_RX_CLK.c **** * Returns:
  92:Generated_Source\PSoC4/PDSS_PORT0_RX_CLK.c **** *  None
  93:Generated_Source\PSoC4/PDSS_PORT0_RX_CLK.c **** *
  94:Generated_Source\PSoC4/PDSS_PORT0_RX_CLK.c **** *******************************************************************************/
  95:Generated_Source\PSoC4/PDSS_PORT0_RX_CLK.c **** void PDSS_PORT0_RX_CLK_Stop(void)
  96:Generated_Source\PSoC4/PDSS_PORT0_RX_CLK.c **** {
 338              		.loc 1 96 0
 339              		.cfi_startproc
 340              		@ args = 0, pretend = 0, frame = 0
 341              		@ frame_needed = 0, uses_anonymous_args = 0
 342              		@ link register save eliminated.
  97:Generated_Source\PSoC4/PDSS_PORT0_RX_CLK.c **** #if defined CYREG_PERI_DIV_CMD
  98:Generated_Source\PSoC4/PDSS_PORT0_RX_CLK.c **** 
  99:Generated_Source\PSoC4/PDSS_PORT0_RX_CLK.c ****     /* Make sure any previous start command has finished. */
 100:Generated_Source\PSoC4/PDSS_PORT0_RX_CLK.c ****     while((PDSS_PORT0_RX_CLK_CMD_REG & PDSS_PORT0_RX_CLK_CMD_ENABLE_MASK) != 0u)
 343              		.loc 1 100 0
 344 0000 034A     		ldr	r2, .L10
 345              	.L8:
 346              		.loc 1 100 0 is_stmt 0 discriminator 1
 347 0002 1368     		ldr	r3, [r2]
 348 0004 002B     		cmp	r3, #0
 349 0006 FCDB     		blt	.L8
 101:Generated_Source\PSoC4/PDSS_PORT0_RX_CLK.c ****     {
 102:Generated_Source\PSoC4/PDSS_PORT0_RX_CLK.c ****     }
 103:Generated_Source\PSoC4/PDSS_PORT0_RX_CLK.c ****     
 104:Generated_Source\PSoC4/PDSS_PORT0_RX_CLK.c ****     /* Specify the target divider and it's alignment divider, and disable. */
 105:Generated_Source\PSoC4/PDSS_PORT0_RX_CLK.c ****     PDSS_PORT0_RX_CLK_CMD_REG =
 350              		.loc 1 105 0 is_stmt 1
 351 0008 024A     		ldr	r2, .L10+4
 352 000a 014B     		ldr	r3, .L10
 106:Generated_Source\PSoC4/PDSS_PORT0_RX_CLK.c ****         ((uint32)PDSS_PORT0_RX_CLK__DIV_ID << PDSS_PORT0_RX_CLK_CMD_DIV_SHIFT)|
 107:Generated_Source\PSoC4/PDSS_PORT0_RX_CLK.c ****         ((uint32)PDSS_PORT0_RX_CLK_CMD_DISABLE_MASK);
 108:Generated_Source\PSoC4/PDSS_PORT0_RX_CLK.c **** 
 109:Generated_Source\PSoC4/PDSS_PORT0_RX_CLK.c **** #else
 110:Generated_Source\PSoC4/PDSS_PORT0_RX_CLK.c **** 
 111:Generated_Source\PSoC4/PDSS_PORT0_RX_CLK.c ****     /* Clear the bit to disable the clock. */
ARM GAS  C:\Users\prana\AppData\Local\Temp\cc7m8pVd.s 			page 23


 112:Generated_Source\PSoC4/PDSS_PORT0_RX_CLK.c ****     PDSS_PORT0_RX_CLK_ENABLE_REG &= (uint32)(~PDSS_PORT0_RX_CLK__ENABLE_MASK);
 113:Generated_Source\PSoC4/PDSS_PORT0_RX_CLK.c ****     
 114:Generated_Source\PSoC4/PDSS_PORT0_RX_CLK.c **** #endif /* CYREG_PERI_DIV_CMD */
 115:Generated_Source\PSoC4/PDSS_PORT0_RX_CLK.c **** }
 353              		.loc 1 115 0
 354              		@ sp needed
 105:Generated_Source\PSoC4/PDSS_PORT0_RX_CLK.c ****         ((uint32)PDSS_PORT0_RX_CLK__DIV_ID << PDSS_PORT0_RX_CLK_CMD_DIV_SHIFT)|
 355              		.loc 1 105 0
 356 000c 1A60     		str	r2, [r3]
 357              		.loc 1 115 0
 358 000e 7047     		bx	lr
 359              	.L11:
 360              		.align	2
 361              	.L10:
 362 0010 00000140 		.word	1073807360
 363 0014 02000040 		.word	1073741826
 364              		.cfi_endproc
 365              	.LFE1:
 366              		.size	PDSS_PORT0_RX_CLK_Stop, .-PDSS_PORT0_RX_CLK_Stop
 367              		.section	.text.PDSS_PORT0_RX_CLK_SetFractionalDividerRegister,"ax",%progbits
 368              		.align	1
 369              		.global	PDSS_PORT0_RX_CLK_SetFractionalDividerRegister
 370              		.code	16
 371              		.thumb_func
 372              		.type	PDSS_PORT0_RX_CLK_SetFractionalDividerRegister, %function
 373              	PDSS_PORT0_RX_CLK_SetFractionalDividerRegister:
 374              	.LFB2:
 116:Generated_Source\PSoC4/PDSS_PORT0_RX_CLK.c **** 
 117:Generated_Source\PSoC4/PDSS_PORT0_RX_CLK.c **** 
 118:Generated_Source\PSoC4/PDSS_PORT0_RX_CLK.c **** /*******************************************************************************
 119:Generated_Source\PSoC4/PDSS_PORT0_RX_CLK.c **** * Function Name: PDSS_PORT0_RX_CLK_SetFractionalDividerRegister
 120:Generated_Source\PSoC4/PDSS_PORT0_RX_CLK.c **** ********************************************************************************
 121:Generated_Source\PSoC4/PDSS_PORT0_RX_CLK.c **** *
 122:Generated_Source\PSoC4/PDSS_PORT0_RX_CLK.c **** * Summary:
 123:Generated_Source\PSoC4/PDSS_PORT0_RX_CLK.c **** *  Modifies the clock divider and the fractional divider.
 124:Generated_Source\PSoC4/PDSS_PORT0_RX_CLK.c **** *
 125:Generated_Source\PSoC4/PDSS_PORT0_RX_CLK.c **** * Parameters:
 126:Generated_Source\PSoC4/PDSS_PORT0_RX_CLK.c **** *  clkDivider:  Divider register value (0-65535). This value is NOT the
 127:Generated_Source\PSoC4/PDSS_PORT0_RX_CLK.c **** *    divider; the clock hardware divides by clkDivider plus one. For example,
 128:Generated_Source\PSoC4/PDSS_PORT0_RX_CLK.c **** *    to divide the clock by 2, this parameter should be set to 1.
 129:Generated_Source\PSoC4/PDSS_PORT0_RX_CLK.c **** *  fracDivider:  Fractional Divider register value (0-31).
 130:Generated_Source\PSoC4/PDSS_PORT0_RX_CLK.c **** * Returns:
 131:Generated_Source\PSoC4/PDSS_PORT0_RX_CLK.c **** *  None
 132:Generated_Source\PSoC4/PDSS_PORT0_RX_CLK.c **** *
 133:Generated_Source\PSoC4/PDSS_PORT0_RX_CLK.c **** *******************************************************************************/
 134:Generated_Source\PSoC4/PDSS_PORT0_RX_CLK.c **** void PDSS_PORT0_RX_CLK_SetFractionalDividerRegister(uint16 clkDivider, uint8 clkFractional)
 135:Generated_Source\PSoC4/PDSS_PORT0_RX_CLK.c **** {
 375              		.loc 1 135 0
 376              		.cfi_startproc
 377              		@ args = 0, pretend = 0, frame = 0
 378              		@ frame_needed = 0, uses_anonymous_args = 0
 379              	.LVL2:
 136:Generated_Source\PSoC4/PDSS_PORT0_RX_CLK.c ****     uint32 maskVal;
 137:Generated_Source\PSoC4/PDSS_PORT0_RX_CLK.c ****     uint32 regVal;
 138:Generated_Source\PSoC4/PDSS_PORT0_RX_CLK.c ****     
 139:Generated_Source\PSoC4/PDSS_PORT0_RX_CLK.c **** #if defined (PDSS_PORT0_RX_CLK__FRAC_MASK) || defined (CYREG_PERI_DIV_CMD)
 140:Generated_Source\PSoC4/PDSS_PORT0_RX_CLK.c ****     
ARM GAS  C:\Users\prana\AppData\Local\Temp\cc7m8pVd.s 			page 24


 141:Generated_Source\PSoC4/PDSS_PORT0_RX_CLK.c **** 	/* get all but divider bits */
 142:Generated_Source\PSoC4/PDSS_PORT0_RX_CLK.c ****     maskVal = PDSS_PORT0_RX_CLK_DIV_REG & 
 143:Generated_Source\PSoC4/PDSS_PORT0_RX_CLK.c ****                     (uint32)(~(uint32)(PDSS_PORT0_RX_CLK_DIV_INT_MASK | PDSS_PORT0_RX_CLK_DIV_FRAC_
 144:Generated_Source\PSoC4/PDSS_PORT0_RX_CLK.c **** 	/* combine mask and new divider vals into 32-bit value */
 145:Generated_Source\PSoC4/PDSS_PORT0_RX_CLK.c ****     regVal = maskVal |
 380              		.loc 1 145 0
 381 0000 FF22     		movs	r2, #255
 382 0002 C900     		lsls	r1, r1, #3
 383              	.LVL3:
 384 0004 1140     		ands	r1, r2
 385 0006 0202     		lsls	r2, r0, #8
 386 0008 1143     		orrs	r1, r2
 387 000a 0723     		movs	r3, #7
 388 000c 0800     		movs	r0, r1
 389              	.LVL4:
 135:Generated_Source\PSoC4/PDSS_PORT0_RX_CLK.c ****     uint32 maskVal;
 390              		.loc 1 135 0
 391 000e 30B5     		push	{r4, r5, lr}
 392              		.cfi_def_cfa_offset 12
 393              		.cfi_offset 4, -12
 394              		.cfi_offset 5, -8
 395              		.cfi_offset 14, -4
 142:Generated_Source\PSoC4/PDSS_PORT0_RX_CLK.c ****                     (uint32)(~(uint32)(PDSS_PORT0_RX_CLK_DIV_INT_MASK | PDSS_PORT0_RX_CLK_DIV_FRAC_
 396              		.loc 1 142 0
 397 0010 024C     		ldr	r4, .L13
 146:Generated_Source\PSoC4/PDSS_PORT0_RX_CLK.c ****         ((uint32)((uint32)clkDivider <<  PDSS_PORT0_RX_CLK_DIV_INT_SHIFT) & PDSS_PORT0_RX_CLK_DIV_I
 147:Generated_Source\PSoC4/PDSS_PORT0_RX_CLK.c ****         ((uint32)((uint32)clkFractional << PDSS_PORT0_RX_CLK_DIV_FRAC_SHIFT) & PDSS_PORT0_RX_CLK_DI
 148:Generated_Source\PSoC4/PDSS_PORT0_RX_CLK.c ****     
 149:Generated_Source\PSoC4/PDSS_PORT0_RX_CLK.c **** #else
 150:Generated_Source\PSoC4/PDSS_PORT0_RX_CLK.c ****     /* get all but integer divider bits */
 151:Generated_Source\PSoC4/PDSS_PORT0_RX_CLK.c ****     maskVal = PDSS_PORT0_RX_CLK_DIV_REG & (uint32)(~(uint32)PDSS_PORT0_RX_CLK__DIVIDER_MASK);
 152:Generated_Source\PSoC4/PDSS_PORT0_RX_CLK.c ****     /* combine mask and new divider val into 32-bit value */
 153:Generated_Source\PSoC4/PDSS_PORT0_RX_CLK.c ****     regVal = clkDivider | maskVal;
 154:Generated_Source\PSoC4/PDSS_PORT0_RX_CLK.c ****     
 155:Generated_Source\PSoC4/PDSS_PORT0_RX_CLK.c **** #endif /* PDSS_PORT0_RX_CLK__FRAC_MASK || CYREG_PERI_DIV_CMD */
 156:Generated_Source\PSoC4/PDSS_PORT0_RX_CLK.c **** 
 157:Generated_Source\PSoC4/PDSS_PORT0_RX_CLK.c ****     PDSS_PORT0_RX_CLK_DIV_REG = regVal;
 158:Generated_Source\PSoC4/PDSS_PORT0_RX_CLK.c **** }
 398              		.loc 1 158 0
 399              		@ sp needed
 142:Generated_Source\PSoC4/PDSS_PORT0_RX_CLK.c ****                     (uint32)(~(uint32)(PDSS_PORT0_RX_CLK_DIV_INT_MASK | PDSS_PORT0_RX_CLK_DIV_FRAC_
 400              		.loc 1 142 0
 401 0012 2568     		ldr	r5, [r4]
 402              	.LVL5:
 145:Generated_Source\PSoC4/PDSS_PORT0_RX_CLK.c ****         ((uint32)((uint32)clkDivider <<  PDSS_PORT0_RX_CLK_DIV_INT_SHIFT) & PDSS_PORT0_RX_CLK_DIV_I
 403              		.loc 1 145 0
 404 0014 2B40     		ands	r3, r5
 405              	.LVL6:
 406 0016 1843     		orrs	r0, r3
 407              	.LVL7:
 157:Generated_Source\PSoC4/PDSS_PORT0_RX_CLK.c **** }
 408              		.loc 1 157 0
 409 0018 2060     		str	r0, [r4]
 410              		.loc 1 158 0
 411 001a 30BD     		pop	{r4, r5, pc}
 412              	.L14:
 413              		.align	2
ARM GAS  C:\Users\prana\AppData\Local\Temp\cc7m8pVd.s 			page 25


 414              	.L13:
 415 001c 08020140 		.word	1073807880
 416              		.cfi_endproc
 417              	.LFE2:
 418              		.size	PDSS_PORT0_RX_CLK_SetFractionalDividerRegister, .-PDSS_PORT0_RX_CLK_SetFractionalDividerRegi
 419              		.section	.text.PDSS_PORT0_RX_CLK_GetDividerRegister,"ax",%progbits
 420              		.align	1
 421              		.global	PDSS_PORT0_RX_CLK_GetDividerRegister
 422              		.code	16
 423              		.thumb_func
 424              		.type	PDSS_PORT0_RX_CLK_GetDividerRegister, %function
 425              	PDSS_PORT0_RX_CLK_GetDividerRegister:
 426              	.LFB3:
 159:Generated_Source\PSoC4/PDSS_PORT0_RX_CLK.c **** 
 160:Generated_Source\PSoC4/PDSS_PORT0_RX_CLK.c **** 
 161:Generated_Source\PSoC4/PDSS_PORT0_RX_CLK.c **** /*******************************************************************************
 162:Generated_Source\PSoC4/PDSS_PORT0_RX_CLK.c **** * Function Name: PDSS_PORT0_RX_CLK_GetDividerRegister
 163:Generated_Source\PSoC4/PDSS_PORT0_RX_CLK.c **** ********************************************************************************
 164:Generated_Source\PSoC4/PDSS_PORT0_RX_CLK.c **** *
 165:Generated_Source\PSoC4/PDSS_PORT0_RX_CLK.c **** * Summary:
 166:Generated_Source\PSoC4/PDSS_PORT0_RX_CLK.c **** *  Gets the clock divider register value.
 167:Generated_Source\PSoC4/PDSS_PORT0_RX_CLK.c **** *
 168:Generated_Source\PSoC4/PDSS_PORT0_RX_CLK.c **** * Parameters:
 169:Generated_Source\PSoC4/PDSS_PORT0_RX_CLK.c **** *  None
 170:Generated_Source\PSoC4/PDSS_PORT0_RX_CLK.c **** *
 171:Generated_Source\PSoC4/PDSS_PORT0_RX_CLK.c **** * Returns:
 172:Generated_Source\PSoC4/PDSS_PORT0_RX_CLK.c **** *  Divide value of the clock minus 1. For example, if the clock is set to
 173:Generated_Source\PSoC4/PDSS_PORT0_RX_CLK.c **** *  divide by 2, the return value will be 1.
 174:Generated_Source\PSoC4/PDSS_PORT0_RX_CLK.c **** *
 175:Generated_Source\PSoC4/PDSS_PORT0_RX_CLK.c **** *******************************************************************************/
 176:Generated_Source\PSoC4/PDSS_PORT0_RX_CLK.c **** uint16 PDSS_PORT0_RX_CLK_GetDividerRegister(void)
 177:Generated_Source\PSoC4/PDSS_PORT0_RX_CLK.c **** {
 427              		.loc 1 177 0
 428              		.cfi_startproc
 429              		@ args = 0, pretend = 0, frame = 0
 430              		@ frame_needed = 0, uses_anonymous_args = 0
 431              		@ link register save eliminated.
 178:Generated_Source\PSoC4/PDSS_PORT0_RX_CLK.c ****     return (uint16)((PDSS_PORT0_RX_CLK_DIV_REG & PDSS_PORT0_RX_CLK_DIV_INT_MASK)
 432              		.loc 1 178 0
 433 0000 024B     		ldr	r3, .L16
 179:Generated_Source\PSoC4/PDSS_PORT0_RX_CLK.c ****         >> PDSS_PORT0_RX_CLK_DIV_INT_SHIFT);
 180:Generated_Source\PSoC4/PDSS_PORT0_RX_CLK.c **** }
 434              		.loc 1 180 0
 435              		@ sp needed
 178:Generated_Source\PSoC4/PDSS_PORT0_RX_CLK.c ****     return (uint16)((PDSS_PORT0_RX_CLK_DIV_REG & PDSS_PORT0_RX_CLK_DIV_INT_MASK)
 436              		.loc 1 178 0
 437 0002 1868     		ldr	r0, [r3]
 438 0004 000A     		lsrs	r0, r0, #8
 439 0006 80B2     		uxth	r0, r0
 440              		.loc 1 180 0
 441 0008 7047     		bx	lr
 442              	.L17:
 443 000a C046     		.align	2
 444              	.L16:
 445 000c 08020140 		.word	1073807880
 446              		.cfi_endproc
 447              	.LFE3:
ARM GAS  C:\Users\prana\AppData\Local\Temp\cc7m8pVd.s 			page 26


 448              		.size	PDSS_PORT0_RX_CLK_GetDividerRegister, .-PDSS_PORT0_RX_CLK_GetDividerRegister
 449              		.section	.text.PDSS_PORT0_RX_CLK_GetFractionalDividerRegister,"ax",%progbits
 450              		.align	1
 451              		.global	PDSS_PORT0_RX_CLK_GetFractionalDividerRegister
 452              		.code	16
 453              		.thumb_func
 454              		.type	PDSS_PORT0_RX_CLK_GetFractionalDividerRegister, %function
 455              	PDSS_PORT0_RX_CLK_GetFractionalDividerRegister:
 456              	.LFB4:
 181:Generated_Source\PSoC4/PDSS_PORT0_RX_CLK.c **** 
 182:Generated_Source\PSoC4/PDSS_PORT0_RX_CLK.c **** 
 183:Generated_Source\PSoC4/PDSS_PORT0_RX_CLK.c **** /*******************************************************************************
 184:Generated_Source\PSoC4/PDSS_PORT0_RX_CLK.c **** * Function Name: PDSS_PORT0_RX_CLK_GetFractionalDividerRegister
 185:Generated_Source\PSoC4/PDSS_PORT0_RX_CLK.c **** ********************************************************************************
 186:Generated_Source\PSoC4/PDSS_PORT0_RX_CLK.c **** *
 187:Generated_Source\PSoC4/PDSS_PORT0_RX_CLK.c **** * Summary:
 188:Generated_Source\PSoC4/PDSS_PORT0_RX_CLK.c **** *  Gets the clock fractional divider register value.
 189:Generated_Source\PSoC4/PDSS_PORT0_RX_CLK.c **** *
 190:Generated_Source\PSoC4/PDSS_PORT0_RX_CLK.c **** * Parameters:
 191:Generated_Source\PSoC4/PDSS_PORT0_RX_CLK.c **** *  None
 192:Generated_Source\PSoC4/PDSS_PORT0_RX_CLK.c **** *
 193:Generated_Source\PSoC4/PDSS_PORT0_RX_CLK.c **** * Returns:
 194:Generated_Source\PSoC4/PDSS_PORT0_RX_CLK.c **** *  Fractional Divide value of the clock
 195:Generated_Source\PSoC4/PDSS_PORT0_RX_CLK.c **** *  0 if the fractional divider is not in use.
 196:Generated_Source\PSoC4/PDSS_PORT0_RX_CLK.c **** *
 197:Generated_Source\PSoC4/PDSS_PORT0_RX_CLK.c **** *******************************************************************************/
 198:Generated_Source\PSoC4/PDSS_PORT0_RX_CLK.c **** uint8 PDSS_PORT0_RX_CLK_GetFractionalDividerRegister(void)
 199:Generated_Source\PSoC4/PDSS_PORT0_RX_CLK.c **** {
 457              		.loc 1 199 0
 458              		.cfi_startproc
 459              		@ args = 0, pretend = 0, frame = 0
 460              		@ frame_needed = 0, uses_anonymous_args = 0
 461              		@ link register save eliminated.
 200:Generated_Source\PSoC4/PDSS_PORT0_RX_CLK.c **** #if defined (PDSS_PORT0_RX_CLK__FRAC_MASK)
 201:Generated_Source\PSoC4/PDSS_PORT0_RX_CLK.c ****     /* return fractional divider bits */
 202:Generated_Source\PSoC4/PDSS_PORT0_RX_CLK.c ****     return (uint8)((PDSS_PORT0_RX_CLK_DIV_REG & PDSS_PORT0_RX_CLK_DIV_FRAC_MASK)
 203:Generated_Source\PSoC4/PDSS_PORT0_RX_CLK.c ****         >> PDSS_PORT0_RX_CLK_DIV_FRAC_SHIFT);
 204:Generated_Source\PSoC4/PDSS_PORT0_RX_CLK.c **** #else
 205:Generated_Source\PSoC4/PDSS_PORT0_RX_CLK.c ****     return 0u;
 206:Generated_Source\PSoC4/PDSS_PORT0_RX_CLK.c **** #endif /* PDSS_PORT0_RX_CLK__FRAC_MASK */
 207:Generated_Source\PSoC4/PDSS_PORT0_RX_CLK.c **** }
 462              		.loc 1 207 0
 463 0000 0020     		movs	r0, #0
 464              		@ sp needed
 465 0002 7047     		bx	lr
 466              		.cfi_endproc
 467              	.LFE4:
 468              		.size	PDSS_PORT0_RX_CLK_GetFractionalDividerRegister, .-PDSS_PORT0_RX_CLK_GetFractionalDividerRegi
 469              		.text
 470              	.Letext0:
 471              		.file 2 "Generated_Source\\PSoC4/cytypes.h"
 472              		.section	.debug_info,"",%progbits
 473              	.Ldebug_info0:
 474 0000 62010000 		.4byte	0x162
 475 0004 0400     		.2byte	0x4
 476 0006 00000000 		.4byte	.Ldebug_abbrev0
 477 000a 04       		.byte	0x4
ARM GAS  C:\Users\prana\AppData\Local\Temp\cc7m8pVd.s 			page 27


 478 000b 01       		.uleb128 0x1
 479 000c DD000000 		.4byte	.LASF25
 480 0010 0C       		.byte	0xc
 481 0011 C8010000 		.4byte	.LASF26
 482 0015 50020000 		.4byte	.LASF27
 483 0019 00000000 		.4byte	.Ldebug_ranges0+0
 484 001d 00000000 		.4byte	0
 485 0021 00000000 		.4byte	.Ldebug_line0
 486 0025 02       		.uleb128 0x2
 487 0026 01       		.byte	0x1
 488 0027 06       		.byte	0x6
 489 0028 44020000 		.4byte	.LASF0
 490 002c 02       		.uleb128 0x2
 491 002d 01       		.byte	0x1
 492 002e 08       		.byte	0x8
 493 002f 2E000000 		.4byte	.LASF1
 494 0033 02       		.uleb128 0x2
 495 0034 02       		.byte	0x2
 496 0035 05       		.byte	0x5
 497 0036 06020000 		.4byte	.LASF2
 498 003a 02       		.uleb128 0x2
 499 003b 02       		.byte	0x2
 500 003c 07       		.byte	0x7
 501 003d 65000000 		.4byte	.LASF3
 502 0041 02       		.uleb128 0x2
 503 0042 04       		.byte	0x4
 504 0043 05       		.byte	0x5
 505 0044 3B020000 		.4byte	.LASF4
 506 0048 02       		.uleb128 0x2
 507 0049 04       		.byte	0x4
 508 004a 07       		.byte	0x7
 509 004b 53000000 		.4byte	.LASF5
 510 004f 02       		.uleb128 0x2
 511 0050 08       		.byte	0x8
 512 0051 05       		.byte	0x5
 513 0052 F3010000 		.4byte	.LASF6
 514 0056 02       		.uleb128 0x2
 515 0057 08       		.byte	0x8
 516 0058 07       		.byte	0x7
 517 0059 C6000000 		.4byte	.LASF7
 518 005d 03       		.uleb128 0x3
 519 005e 04       		.byte	0x4
 520 005f 05       		.byte	0x5
 521 0060 696E7400 		.ascii	"int\000"
 522 0064 02       		.uleb128 0x2
 523 0065 04       		.byte	0x4
 524 0066 07       		.byte	0x7
 525 0067 B9000000 		.4byte	.LASF8
 526 006b 04       		.uleb128 0x4
 527 006c 35020000 		.4byte	.LASF9
 528 0070 02       		.byte	0x2
 529 0071 D201     		.2byte	0x1d2
 530 0073 2C000000 		.4byte	0x2c
 531 0077 04       		.uleb128 0x4
 532 0078 AB000000 		.4byte	.LASF10
 533 007c 02       		.byte	0x2
 534 007d D301     		.2byte	0x1d3
ARM GAS  C:\Users\prana\AppData\Local\Temp\cc7m8pVd.s 			page 28


 535 007f 3A000000 		.4byte	0x3a
 536 0083 04       		.uleb128 0x4
 537 0084 B2000000 		.4byte	.LASF11
 538 0088 02       		.byte	0x2
 539 0089 D401     		.2byte	0x1d4
 540 008b 48000000 		.4byte	0x48
 541 008f 02       		.uleb128 0x2
 542 0090 04       		.byte	0x4
 543 0091 04       		.byte	0x4
 544 0092 28000000 		.4byte	.LASF12
 545 0096 02       		.uleb128 0x2
 546 0097 08       		.byte	0x8
 547 0098 04       		.byte	0x4
 548 0099 83000000 		.4byte	.LASF13
 549 009d 02       		.uleb128 0x2
 550 009e 01       		.byte	0x1
 551 009f 08       		.byte	0x8
 552 00a0 01020000 		.4byte	.LASF14
 553 00a4 04       		.uleb128 0x4
 554 00a5 1A000000 		.4byte	.LASF15
 555 00a9 02       		.byte	0x2
 556 00aa 7E02     		.2byte	0x27e
 557 00ac B0000000 		.4byte	0xb0
 558 00b0 05       		.uleb128 0x5
 559 00b1 83000000 		.4byte	0x83
 560 00b5 06       		.uleb128 0x6
 561 00b6 00000000 		.4byte	.LASF16
 562 00ba 01       		.byte	0x1
 563 00bb 27       		.byte	0x27
 564 00bc 00000000 		.4byte	.LFB0
 565 00c0 1C000000 		.4byte	.LFE0-.LFB0
 566 00c4 01       		.uleb128 0x1
 567 00c5 9C       		.byte	0x9c
 568 00c6 DA000000 		.4byte	0xda
 569 00ca 07       		.uleb128 0x7
 570 00cb 91000000 		.4byte	.LASF18
 571 00cf 01       		.byte	0x1
 572 00d0 27       		.byte	0x27
 573 00d1 83000000 		.4byte	0x83
 574 00d5 00000000 		.4byte	.LLST0
 575 00d9 00       		.byte	0
 576 00da 08       		.uleb128 0x8
 577 00db 3C000000 		.4byte	.LASF28
 578 00df 01       		.byte	0x1
 579 00e0 5F       		.byte	0x5f
 580 00e1 00000000 		.4byte	.LFB1
 581 00e5 18000000 		.4byte	.LFE1-.LFB1
 582 00e9 01       		.uleb128 0x1
 583 00ea 9C       		.byte	0x9c
 584 00eb 06       		.uleb128 0x6
 585 00ec 95020000 		.4byte	.LASF17
 586 00f0 01       		.byte	0x1
 587 00f1 86       		.byte	0x86
 588 00f2 00000000 		.4byte	.LFB2
 589 00f6 20000000 		.4byte	.LFE2-.LFB2
 590 00fa 01       		.uleb128 0x1
 591 00fb 9C       		.byte	0x9c
ARM GAS  C:\Users\prana\AppData\Local\Temp\cc7m8pVd.s 			page 29


 592 00fc 3B010000 		.4byte	0x13b
 593 0100 07       		.uleb128 0x7
 594 0101 78000000 		.4byte	.LASF19
 595 0105 01       		.byte	0x1
 596 0106 86       		.byte	0x86
 597 0107 77000000 		.4byte	0x77
 598 010b 21000000 		.4byte	.LLST1
 599 010f 07       		.uleb128 0x7
 600 0110 9D000000 		.4byte	.LASF20
 601 0114 01       		.byte	0x1
 602 0115 86       		.byte	0x86
 603 0116 6B000000 		.4byte	0x6b
 604 011a 42000000 		.4byte	.LLST2
 605 011e 09       		.uleb128 0x9
 606 011f 20000000 		.4byte	.LASF21
 607 0123 01       		.byte	0x1
 608 0124 88       		.byte	0x88
 609 0125 83000000 		.4byte	0x83
 610 0129 63000000 		.4byte	.LLST3
 611 012d 0A       		.uleb128 0xa
 612 012e 8A000000 		.4byte	.LASF22
 613 0132 01       		.byte	0x1
 614 0133 89       		.byte	0x89
 615 0134 83000000 		.4byte	0x83
 616 0138 01       		.uleb128 0x1
 617 0139 50       		.byte	0x50
 618 013a 00       		.byte	0
 619 013b 0B       		.uleb128 0xb
 620 013c 10020000 		.4byte	.LASF23
 621 0140 01       		.byte	0x1
 622 0141 B0       		.byte	0xb0
 623 0142 77000000 		.4byte	0x77
 624 0146 00000000 		.4byte	.LFB3
 625 014a 10000000 		.4byte	.LFE3-.LFB3
 626 014e 01       		.uleb128 0x1
 627 014f 9C       		.byte	0x9c
 628 0150 0B       		.uleb128 0xb
 629 0151 99010000 		.4byte	.LASF24
 630 0155 01       		.byte	0x1
 631 0156 C6       		.byte	0xc6
 632 0157 6B000000 		.4byte	0x6b
 633 015b 00000000 		.4byte	.LFB4
 634 015f 04000000 		.4byte	.LFE4-.LFB4
 635 0163 01       		.uleb128 0x1
 636 0164 9C       		.byte	0x9c
 637 0165 00       		.byte	0
 638              		.section	.debug_abbrev,"",%progbits
 639              	.Ldebug_abbrev0:
 640 0000 01       		.uleb128 0x1
 641 0001 11       		.uleb128 0x11
 642 0002 01       		.byte	0x1
 643 0003 25       		.uleb128 0x25
 644 0004 0E       		.uleb128 0xe
 645 0005 13       		.uleb128 0x13
 646 0006 0B       		.uleb128 0xb
 647 0007 03       		.uleb128 0x3
 648 0008 0E       		.uleb128 0xe
ARM GAS  C:\Users\prana\AppData\Local\Temp\cc7m8pVd.s 			page 30


 649 0009 1B       		.uleb128 0x1b
 650 000a 0E       		.uleb128 0xe
 651 000b 55       		.uleb128 0x55
 652 000c 17       		.uleb128 0x17
 653 000d 11       		.uleb128 0x11
 654 000e 01       		.uleb128 0x1
 655 000f 10       		.uleb128 0x10
 656 0010 17       		.uleb128 0x17
 657 0011 00       		.byte	0
 658 0012 00       		.byte	0
 659 0013 02       		.uleb128 0x2
 660 0014 24       		.uleb128 0x24
 661 0015 00       		.byte	0
 662 0016 0B       		.uleb128 0xb
 663 0017 0B       		.uleb128 0xb
 664 0018 3E       		.uleb128 0x3e
 665 0019 0B       		.uleb128 0xb
 666 001a 03       		.uleb128 0x3
 667 001b 0E       		.uleb128 0xe
 668 001c 00       		.byte	0
 669 001d 00       		.byte	0
 670 001e 03       		.uleb128 0x3
 671 001f 24       		.uleb128 0x24
 672 0020 00       		.byte	0
 673 0021 0B       		.uleb128 0xb
 674 0022 0B       		.uleb128 0xb
 675 0023 3E       		.uleb128 0x3e
 676 0024 0B       		.uleb128 0xb
 677 0025 03       		.uleb128 0x3
 678 0026 08       		.uleb128 0x8
 679 0027 00       		.byte	0
 680 0028 00       		.byte	0
 681 0029 04       		.uleb128 0x4
 682 002a 16       		.uleb128 0x16
 683 002b 00       		.byte	0
 684 002c 03       		.uleb128 0x3
 685 002d 0E       		.uleb128 0xe
 686 002e 3A       		.uleb128 0x3a
 687 002f 0B       		.uleb128 0xb
 688 0030 3B       		.uleb128 0x3b
 689 0031 05       		.uleb128 0x5
 690 0032 49       		.uleb128 0x49
 691 0033 13       		.uleb128 0x13
 692 0034 00       		.byte	0
 693 0035 00       		.byte	0
 694 0036 05       		.uleb128 0x5
 695 0037 35       		.uleb128 0x35
 696 0038 00       		.byte	0
 697 0039 49       		.uleb128 0x49
 698 003a 13       		.uleb128 0x13
 699 003b 00       		.byte	0
 700 003c 00       		.byte	0
 701 003d 06       		.uleb128 0x6
 702 003e 2E       		.uleb128 0x2e
 703 003f 01       		.byte	0x1
 704 0040 3F       		.uleb128 0x3f
 705 0041 19       		.uleb128 0x19
ARM GAS  C:\Users\prana\AppData\Local\Temp\cc7m8pVd.s 			page 31


 706 0042 03       		.uleb128 0x3
 707 0043 0E       		.uleb128 0xe
 708 0044 3A       		.uleb128 0x3a
 709 0045 0B       		.uleb128 0xb
 710 0046 3B       		.uleb128 0x3b
 711 0047 0B       		.uleb128 0xb
 712 0048 27       		.uleb128 0x27
 713 0049 19       		.uleb128 0x19
 714 004a 11       		.uleb128 0x11
 715 004b 01       		.uleb128 0x1
 716 004c 12       		.uleb128 0x12
 717 004d 06       		.uleb128 0x6
 718 004e 40       		.uleb128 0x40
 719 004f 18       		.uleb128 0x18
 720 0050 9742     		.uleb128 0x2117
 721 0052 19       		.uleb128 0x19
 722 0053 01       		.uleb128 0x1
 723 0054 13       		.uleb128 0x13
 724 0055 00       		.byte	0
 725 0056 00       		.byte	0
 726 0057 07       		.uleb128 0x7
 727 0058 05       		.uleb128 0x5
 728 0059 00       		.byte	0
 729 005a 03       		.uleb128 0x3
 730 005b 0E       		.uleb128 0xe
 731 005c 3A       		.uleb128 0x3a
 732 005d 0B       		.uleb128 0xb
 733 005e 3B       		.uleb128 0x3b
 734 005f 0B       		.uleb128 0xb
 735 0060 49       		.uleb128 0x49
 736 0061 13       		.uleb128 0x13
 737 0062 02       		.uleb128 0x2
 738 0063 17       		.uleb128 0x17
 739 0064 00       		.byte	0
 740 0065 00       		.byte	0
 741 0066 08       		.uleb128 0x8
 742 0067 2E       		.uleb128 0x2e
 743 0068 00       		.byte	0
 744 0069 3F       		.uleb128 0x3f
 745 006a 19       		.uleb128 0x19
 746 006b 03       		.uleb128 0x3
 747 006c 0E       		.uleb128 0xe
 748 006d 3A       		.uleb128 0x3a
 749 006e 0B       		.uleb128 0xb
 750 006f 3B       		.uleb128 0x3b
 751 0070 0B       		.uleb128 0xb
 752 0071 27       		.uleb128 0x27
 753 0072 19       		.uleb128 0x19
 754 0073 11       		.uleb128 0x11
 755 0074 01       		.uleb128 0x1
 756 0075 12       		.uleb128 0x12
 757 0076 06       		.uleb128 0x6
 758 0077 40       		.uleb128 0x40
 759 0078 18       		.uleb128 0x18
 760 0079 9742     		.uleb128 0x2117
 761 007b 19       		.uleb128 0x19
 762 007c 00       		.byte	0
ARM GAS  C:\Users\prana\AppData\Local\Temp\cc7m8pVd.s 			page 32


 763 007d 00       		.byte	0
 764 007e 09       		.uleb128 0x9
 765 007f 34       		.uleb128 0x34
 766 0080 00       		.byte	0
 767 0081 03       		.uleb128 0x3
 768 0082 0E       		.uleb128 0xe
 769 0083 3A       		.uleb128 0x3a
 770 0084 0B       		.uleb128 0xb
 771 0085 3B       		.uleb128 0x3b
 772 0086 0B       		.uleb128 0xb
 773 0087 49       		.uleb128 0x49
 774 0088 13       		.uleb128 0x13
 775 0089 02       		.uleb128 0x2
 776 008a 17       		.uleb128 0x17
 777 008b 00       		.byte	0
 778 008c 00       		.byte	0
 779 008d 0A       		.uleb128 0xa
 780 008e 34       		.uleb128 0x34
 781 008f 00       		.byte	0
 782 0090 03       		.uleb128 0x3
 783 0091 0E       		.uleb128 0xe
 784 0092 3A       		.uleb128 0x3a
 785 0093 0B       		.uleb128 0xb
 786 0094 3B       		.uleb128 0x3b
 787 0095 0B       		.uleb128 0xb
 788 0096 49       		.uleb128 0x49
 789 0097 13       		.uleb128 0x13
 790 0098 02       		.uleb128 0x2
 791 0099 18       		.uleb128 0x18
 792 009a 00       		.byte	0
 793 009b 00       		.byte	0
 794 009c 0B       		.uleb128 0xb
 795 009d 2E       		.uleb128 0x2e
 796 009e 00       		.byte	0
 797 009f 3F       		.uleb128 0x3f
 798 00a0 19       		.uleb128 0x19
 799 00a1 03       		.uleb128 0x3
 800 00a2 0E       		.uleb128 0xe
 801 00a3 3A       		.uleb128 0x3a
 802 00a4 0B       		.uleb128 0xb
 803 00a5 3B       		.uleb128 0x3b
 804 00a6 0B       		.uleb128 0xb
 805 00a7 27       		.uleb128 0x27
 806 00a8 19       		.uleb128 0x19
 807 00a9 49       		.uleb128 0x49
 808 00aa 13       		.uleb128 0x13
 809 00ab 11       		.uleb128 0x11
 810 00ac 01       		.uleb128 0x1
 811 00ad 12       		.uleb128 0x12
 812 00ae 06       		.uleb128 0x6
 813 00af 40       		.uleb128 0x40
 814 00b0 18       		.uleb128 0x18
 815 00b1 9742     		.uleb128 0x2117
 816 00b3 19       		.uleb128 0x19
 817 00b4 00       		.byte	0
 818 00b5 00       		.byte	0
 819 00b6 00       		.byte	0
ARM GAS  C:\Users\prana\AppData\Local\Temp\cc7m8pVd.s 			page 33


 820              		.section	.debug_loc,"",%progbits
 821              	.Ldebug_loc0:
 822              	.LLST0:
 823 0000 00000000 		.4byte	.LVL0
 824 0004 0C000000 		.4byte	.LVL1
 825 0008 0100     		.2byte	0x1
 826 000a 50       		.byte	0x50
 827 000b 0C000000 		.4byte	.LVL1
 828 000f 1C000000 		.4byte	.LFE0
 829 0013 0400     		.2byte	0x4
 830 0015 F3       		.byte	0xf3
 831 0016 01       		.uleb128 0x1
 832 0017 50       		.byte	0x50
 833 0018 9F       		.byte	0x9f
 834 0019 00000000 		.4byte	0
 835 001d 00000000 		.4byte	0
 836              	.LLST1:
 837 0021 00000000 		.4byte	.LVL2
 838 0025 0E000000 		.4byte	.LVL4
 839 0029 0100     		.2byte	0x1
 840 002b 50       		.byte	0x50
 841 002c 0E000000 		.4byte	.LVL4
 842 0030 20000000 		.4byte	.LFE2
 843 0034 0400     		.2byte	0x4
 844 0036 F3       		.byte	0xf3
 845 0037 01       		.uleb128 0x1
 846 0038 50       		.byte	0x50
 847 0039 9F       		.byte	0x9f
 848 003a 00000000 		.4byte	0
 849 003e 00000000 		.4byte	0
 850              	.LLST2:
 851 0042 00000000 		.4byte	.LVL2
 852 0046 04000000 		.4byte	.LVL3
 853 004a 0100     		.2byte	0x1
 854 004c 51       		.byte	0x51
 855 004d 04000000 		.4byte	.LVL3
 856 0051 20000000 		.4byte	.LFE2
 857 0055 0400     		.2byte	0x4
 858 0057 F3       		.byte	0xf3
 859 0058 01       		.uleb128 0x1
 860 0059 51       		.byte	0x51
 861 005a 9F       		.byte	0x9f
 862 005b 00000000 		.4byte	0
 863 005f 00000000 		.4byte	0
 864              	.LLST3:
 865 0063 14000000 		.4byte	.LVL5
 866 0067 16000000 		.4byte	.LVL6
 867 006b 0500     		.2byte	0x5
 868 006d 75       		.byte	0x75
 869 006e 00       		.sleb128 0
 870 006f 37       		.byte	0x37
 871 0070 1A       		.byte	0x1a
 872 0071 9F       		.byte	0x9f
 873 0072 16000000 		.4byte	.LVL6
 874 0076 20000000 		.4byte	.LFE2
 875 007a 0100     		.2byte	0x1
 876 007c 53       		.byte	0x53
ARM GAS  C:\Users\prana\AppData\Local\Temp\cc7m8pVd.s 			page 34


 877 007d 00000000 		.4byte	0
 878 0081 00000000 		.4byte	0
 879              		.section	.debug_aranges,"",%progbits
 880 0000 3C000000 		.4byte	0x3c
 881 0004 0200     		.2byte	0x2
 882 0006 00000000 		.4byte	.Ldebug_info0
 883 000a 04       		.byte	0x4
 884 000b 00       		.byte	0
 885 000c 0000     		.2byte	0
 886 000e 0000     		.2byte	0
 887 0010 00000000 		.4byte	.LFB0
 888 0014 1C000000 		.4byte	.LFE0-.LFB0
 889 0018 00000000 		.4byte	.LFB1
 890 001c 18000000 		.4byte	.LFE1-.LFB1
 891 0020 00000000 		.4byte	.LFB2
 892 0024 20000000 		.4byte	.LFE2-.LFB2
 893 0028 00000000 		.4byte	.LFB3
 894 002c 10000000 		.4byte	.LFE3-.LFB3
 895 0030 00000000 		.4byte	.LFB4
 896 0034 04000000 		.4byte	.LFE4-.LFB4
 897 0038 00000000 		.4byte	0
 898 003c 00000000 		.4byte	0
 899              		.section	.debug_ranges,"",%progbits
 900              	.Ldebug_ranges0:
 901 0000 00000000 		.4byte	.LFB0
 902 0004 1C000000 		.4byte	.LFE0
 903 0008 00000000 		.4byte	.LFB1
 904 000c 18000000 		.4byte	.LFE1
 905 0010 00000000 		.4byte	.LFB2
 906 0014 20000000 		.4byte	.LFE2
 907 0018 00000000 		.4byte	.LFB3
 908 001c 10000000 		.4byte	.LFE3
 909 0020 00000000 		.4byte	.LFB4
 910 0024 04000000 		.4byte	.LFE4
 911 0028 00000000 		.4byte	0
 912 002c 00000000 		.4byte	0
 913              		.section	.debug_line,"",%progbits
 914              	.Ldebug_line0:
 915 0000 D9000000 		.section	.debug_str,"MS",%progbits,1
 915      02004E00 
 915      00000201 
 915      FB0E0D00 
 915      01010101 
 916              	.LASF16:
 917 0000 50445353 		.ascii	"PDSS_PORT0_RX_CLK_StartEx\000"
 917      5F504F52 
 917      54305F52 
 917      585F434C 
 917      4B5F5374 
 918              	.LASF15:
 919 001a 72656733 		.ascii	"reg32\000"
 919      3200
 920              	.LASF21:
 921 0020 6D61736B 		.ascii	"maskVal\000"
 921      56616C00 
 922              	.LASF12:
 923 0028 666C6F61 		.ascii	"float\000"
ARM GAS  C:\Users\prana\AppData\Local\Temp\cc7m8pVd.s 			page 35


 923      7400
 924              	.LASF1:
 925 002e 756E7369 		.ascii	"unsigned char\000"
 925      676E6564 
 925      20636861 
 925      7200
 926              	.LASF28:
 927 003c 50445353 		.ascii	"PDSS_PORT0_RX_CLK_Stop\000"
 927      5F504F52 
 927      54305F52 
 927      585F434C 
 927      4B5F5374 
 928              	.LASF5:
 929 0053 6C6F6E67 		.ascii	"long unsigned int\000"
 929      20756E73 
 929      69676E65 
 929      6420696E 
 929      7400
 930              	.LASF3:
 931 0065 73686F72 		.ascii	"short unsigned int\000"
 931      7420756E 
 931      7369676E 
 931      65642069 
 931      6E7400
 932              	.LASF19:
 933 0078 636C6B44 		.ascii	"clkDivider\000"
 933      69766964 
 933      657200
 934              	.LASF13:
 935 0083 646F7562 		.ascii	"double\000"
 935      6C6500
 936              	.LASF22:
 937 008a 72656756 		.ascii	"regVal\000"
 937      616C00
 938              	.LASF18:
 939 0091 616C6967 		.ascii	"alignClkDiv\000"
 939      6E436C6B 
 939      44697600 
 940              	.LASF20:
 941 009d 636C6B46 		.ascii	"clkFractional\000"
 941      72616374 
 941      696F6E61 
 941      6C00
 942              	.LASF10:
 943 00ab 75696E74 		.ascii	"uint16\000"
 943      313600
 944              	.LASF11:
 945 00b2 75696E74 		.ascii	"uint32\000"
 945      333200
 946              	.LASF8:
 947 00b9 756E7369 		.ascii	"unsigned int\000"
 947      676E6564 
 947      20696E74 
 947      00
 948              	.LASF7:
 949 00c6 6C6F6E67 		.ascii	"long long unsigned int\000"
 949      206C6F6E 
ARM GAS  C:\Users\prana\AppData\Local\Temp\cc7m8pVd.s 			page 36


 949      6720756E 
 949      7369676E 
 949      65642069 
 950              	.LASF25:
 951 00dd 474E5520 		.ascii	"GNU C11 5.4.1 20160609 (release) [ARM/embedded-5-br"
 951      43313120 
 951      352E342E 
 951      31203230 
 951      31363036 
 952 0110 616E6368 		.ascii	"anch revision 237715] -mcpu=cortex-m0 -mthumb -g -O"
 952      20726576 
 952      6973696F 
 952      6E203233 
 952      37373135 
 953 0143 73202D66 		.ascii	"s -ffunction-sections -ffat-lto-objects -finline-fu"
 953      66756E63 
 953      74696F6E 
 953      2D736563 
 953      74696F6E 
 954 0176 6E637469 		.ascii	"nctions -flto -fno-strict-aliasing\000"
 954      6F6E7320 
 954      2D666C74 
 954      6F202D66 
 954      6E6F2D73 
 955              	.LASF24:
 956 0199 50445353 		.ascii	"PDSS_PORT0_RX_CLK_GetFractionalDividerRegister\000"
 956      5F504F52 
 956      54305F52 
 956      585F434C 
 956      4B5F4765 
 957              	.LASF26:
 958 01c8 47656E65 		.ascii	"Generated_Source\\PSoC4\\PDSS_PORT0_RX_CLK.c\000"
 958      72617465 
 958      645F536F 
 958      75726365 
 958      5C50536F 
 959              	.LASF6:
 960 01f3 6C6F6E67 		.ascii	"long long int\000"
 960      206C6F6E 
 960      6720696E 
 960      7400
 961              	.LASF14:
 962 0201 63686172 		.ascii	"char\000"
 962      00
 963              	.LASF2:
 964 0206 73686F72 		.ascii	"short int\000"
 964      7420696E 
 964      7400
 965              	.LASF23:
 966 0210 50445353 		.ascii	"PDSS_PORT0_RX_CLK_GetDividerRegister\000"
 966      5F504F52 
 966      54305F52 
 966      585F434C 
 966      4B5F4765 
 967              	.LASF9:
 968 0235 75696E74 		.ascii	"uint8\000"
 968      3800
ARM GAS  C:\Users\prana\AppData\Local\Temp\cc7m8pVd.s 			page 37


 969              	.LASF4:
 970 023b 6C6F6E67 		.ascii	"long int\000"
 970      20696E74 
 970      00
 971              	.LASF0:
 972 0244 7369676E 		.ascii	"signed char\000"
 972      65642063 
 972      68617200 
 973              	.LASF27:
 974 0250 443A5C56 		.ascii	"D:\\V-TE-PWR\\PDSS_SRC_SNK\\CYPD3171-24LQXQ_pb\\CYP"
 974      2D54452D 
 974      5057525C 
 974      50445353 
 974      5F535243 
 975 027f 44333137 		.ascii	"D3171-24LQXQ_pb.cydsn\000"
 975      312D3234 
 975      4C515851 
 975      5F70622E 
 975      63796473 
 976              	.LASF17:
 977 0295 50445353 		.ascii	"PDSS_PORT0_RX_CLK_SetFractionalDividerRegister\000"
 977      5F504F52 
 977      54305F52 
 977      585F434C 
 977      4B5F5365 
 978              		.comm	__gnu_lto_v1,1,1
 979              		.ident	"GCC: (GNU Tools for ARM Embedded Processors) 5.4.1 20160609 (release) [ARM/embedded-5-bran
