ARM GAS  C:\Users\prana\AppData\Local\Temp\ccr3nqpv.s 			page 1


   1              		.syntax unified
   2              		.cpu cortex-m0
   3              		.fpu softvfp
   4              		.eabi_attribute 20, 1
   5              		.eabi_attribute 21, 1
   6              		.eabi_attribute 23, 3
   7              		.eabi_attribute 24, 1
   8              		.eabi_attribute 25, 1
   9              		.eabi_attribute 26, 1
  10              		.eabi_attribute 30, 4
  11              		.eabi_attribute 34, 0
  12              		.eabi_attribute 18, 4
  13              		.thumb
  14              		.syntax unified
  15              		.file	"PWM_OUT_A.c"
  16              		.text
  17              	.Ltext0:
  18              		.section	.gnu.lto_.profile.95e26435,"",%progbits
  19 0000 789C6361 		.ascii	"x\234ca`d`a`\000\222J2\000\000\312\000I"
  19      60646061 
  19      6000924A 
  19      320000CA 
  19      0049
  20              		.text
  21              		.section	.gnu.lto_.icf.95e26435,"",%progbits
  22 0000 789C6361 		.ascii	"x\234ca`d\000\0015\006\004`c\330\362\343\315kF\306\025"
  22      60640001 
  22      35060460 
  22      63D8F2E3 
  22      CD6B46C6 
  23 0015 3766BC64 		.ascii	"7f\274dc:\361u\3513N\346e\353\346u\361\260\354:\364"
  23      633AF175 
  23      E9334EE6 
  23      65EBE675 
  23      F1B0EC3A 
  24 002a FB121FEB 		.ascii	"\373\022\037\353\326\253\267\376s2\000\000\177s\023"
  24      D6ABB7FE 
  24      73320000 
  24      7F7313
  25 0039 68       		.ascii	"h"
  26              		.text
  27              		.section	.gnu.lto_.jmpfuncs.95e26435,"",%progbits
  28 0000 789C45C9 		.ascii	"x\234E\311\261\001\000 \010\300\260\026\320+\374\225"
  28      B1010020 
  28      08C0B016 
  28      D02BFC95 
  29 0010 D795C90C 		.ascii	"\327\225\311\014]Z\3108|\033\265\235\004$Thv\257\367"
  29      5D5AC838 
  29      7C1BB59D 
  29      04245468 
  29      76AFF7
  30 0023 2E215502 		.ascii	".!U\002@"
  30      40
  31              		.text
  32              		.section	.gnu.lto_.inline.95e26435,"",%progbits
  33 0000 789C658C 		.ascii	"x\234e\214\313\015\2000\014C\2354M\213\204\004\033t"
  33      CB0D8030 
ARM GAS  C:\Users\prana\AppData\Local\Temp\ccr3nqpv.s 			page 2


  33      0C439D34 
  33      4D8B8404 
  33      1B74
  34 0012 0346E89A 		.ascii	"\003F\350\232\\;\012#0\012#\220H(\010\341\203\017\317"
  34      5C3B0A23 
  34      300A2390 
  34      482808E1 
  34      830FCF
  35 0025 1F01C1B5 		.ascii	"\037\001\301\265\343\225\002E\211P-\342zt\350h\354\201"
  35      E3950245 
  35      89502DE2 
  35      7A74E868 
  35      EC81
  36 0037 A1F2F014 		.ascii	"\241\362\360\024\234\317E<dd!\260\214\026\375\364G\202"
  36      9CCF453C 
  36      646421B0 
  36      8C16FDF4 
  36      4782
  37 0049 A91263B5 		.ascii	"\251\022c\265\013r\223\357\217\331\354\265\014\315\266"
  37      0B7293EF 
  37      8FD9ECB5 
  37      0CCDB6
  38 0058 D46B8B25 		.ascii	"\324k\213%n2B\016g"
  38      6E32420E 
  38      67
  39              		.text
  40              		.section	.gnu.lto_.pureconst.95e26435,"",%progbits
  41 0000 789C6361 		.ascii	"x\234ca`d\340e```c\220b\224b\222b\226b\221b\225\002"
  41      6064E065 
  41      60606063 
  41      90629462 
  41      92629662 
  42 0018 00059500 		.ascii	"\000\005\225\000\304"
  42      C4
  43              		.text
  44              		.section	.gnu.lto_PWM_OUT_A_SetDriveMode.95e26435,"",%progbits
  45 0000 789C7D50 		.ascii	"x\234}PMK[Q\020\235s\357\313K\244\244\335\012\276\205"
  45      4D4B5B51 
  45      109D73EF 
  45      CB4BA4A4 
  45      DD0ABE85 
  46 0014 2054D285 		.ascii	" T\322\205\024\332?P\\\270\222\206Fq\243\204b\336\322"
  46      14DA3F50 
  46      5CB89286 
  46      4671A384 
  46      62DED2
  47 0027 06C4AE73 		.ascii	"\006\304\256s\363\361\260\270\022\244B)\222MC\374\016"
  47      F3F1B0B8 
  47      12A44229 
  47      924D43FC 
  47      0E
  48 0038 12B01411 		.ascii	"\022\260\024\021B\300.-HiwQ\\<\320Ub\025B\251\276\316"
  48      42C02E2D 
  48      48697751 
  48      5C3CD055 
  48      621542A9 
  49 004e E4B97660 		.ascii	"\344\271v`>\356p\316\231\231k\021H\3543\247g\234\007"
ARM GAS  C:\Users\prana\AppData\Local\Temp\ccr3nqpv.s 			page 3


  49      3EEE70CE 
  49      99996B11 
  49      48EC33A7 
  49      679C07
  50 0061 D8A1096A 		.ascii	"\330\241\011j\371\230(\037S\200\024&\006\312)\344p\243"
  50      F998281F 
  50      53801426 
  50      06CA29E4 
  50      70A3
  51 0073 6E159A8B 		.ascii	"n\025\232\213\3767\225\250\032\2663\317O\346\215\327"
  51      FE3795A8 
  51      1AB633CF 
  51      4FE68DD7 
  52 0083 EF69A240 		.ascii	"\357i\242@\365\224\010U$\030\365\247^Yy\244\237\202"
  52      F5940855 
  52      2418F5A7 
  52      5E5979A4 
  52      9F82
  53 0095 B8EE1CB7 		.ascii	"\270\356\034\267[\217\207+\306\024\214)\317\030\355"
  53      5B8F872B 
  53      C6148C29 
  53      CF18ED
  54 00a4 69601D9A 		.ascii	"i`\035\232\031x\341\340\271C\334 l`X\300\347{w\037\343"
  54      1978E1E0 
  54      B943DC20 
  54      6C6058C0 
  54      E77B771F 
  55 00b9 7649E407 		.ascii	"vI\344\007CQl\302\2265ko\032&\010\212\246Q\267\217\366"
  55      43516CC2 
  55      96356B6F 
  55      1A26088A 
  55      A651B78F 
  56 00ce ED98629A 		.ascii	"\355\230b\232\322\022,\0109\"\245-\201\250\315.\233"
  56      D2122C08 
  56      3922A52D 
  56      81A8CD2E 
  56      9B
  57 00df 779492AC 		.ascii	"w\224\222\254}4\377.\375\372d\213TQ\313\025\253^\363"
  57      7D34FF2E 
  57      FDFA648B 
  57      5451CB15 
  57      AB5EF3
  58 00f2 47F45A79 		.ascii	"G\364ZyZ\367V\334\270\370}\030\017\237\037\314\262\261"
  58      5AF756DC 
  58      B8F87D18 
  58      0F9F1FCC 
  58      B2B1
  59 0104 B875D23A 		.ascii	"\270u\322:8\325e\254\345K\360\264\205m8\330\202\303"
  59      38D565AC 
  59      E54BF0B4 
  59      856D38D8 
  59      82C3
  60 0116 EBECA00C 		.ascii	"\353\354\240\014\362Q\374w/\247C\305\237\245/\255>\221"
  60      F251FC77 
  60      2FA743C5 
  60      9FA52FAD 
  60      3E91
ARM GAS  C:\Users\prana\AppData\Local\Temp\ccr3nqpv.s 			page 4


  61 0128 50E80641 		.ascii	"P\350\006A\360\004\273\214\366Q\270\212\206\260HQ[B"
  61      F004BB8C 
  61      F651B88A 
  61      86B04851 
  61      5B42
  62 013a EBDED342 		.ascii	"\353\336\323Bf\204[\315UH\353\241\2315\236\311\024\272"
  62      66845BCD 
  62      5548EBA1 
  62      99359EC9 
  62      14BA
  63 014c 44A1F1F5 		.ascii	"D\241\361\365\273\022x\357\267\333\012r \237;4\346\276"
  63      BB1278EF 
  63      B7DB0A72 
  63      209F3B34 
  63      E6BE
  64 015e 73E7DF2E 		.ascii	"s\347\337.\270\231t*\373~~\326\235N\246\262\243/\247"
  64      B899742A 
  64      FB7E7ED6 
  64      9D4EA6B2 
  64      A32FA7
  65 0171 9353E3E9 		.ascii	"\223S\343\351\327\223\023\351W#\263d\315e3\356\177\213"
  65      D79313E9 
  65      5723B364 
  65      CD6533EE 
  65      7F8B
  66 0183 A29478   		.ascii	"\242\224x"
  67              		.text
  68              		.section	.gnu.lto_PWM_OUT_A_Write.95e26435,"",%progbits
  69 0000 789C5551 		.ascii	"x\234UQMHTQ\030\375\316\275\357gpp\331\252A\0041\021"
  69      4D485451 
  69      18FDCEBD 
  69      EF677070 
  69      D9AA4104 
  70 0016 228C5A0B 		.ascii	"\"\214Z\013\321\302U$\331\337b`\030\364\355\206\204"
  70      D1C25524 
  70      D9DF6260 
  70      18F4ED86 
  70      84
  71 0027 215DE69D 		.ascii	"!]\346\235\031\307\201\332\350\"k\223\"\021c\277\323"
  71      19C781DA 
  71      E8226B93 
  71      221163BF 
  71      D3
  72 0038 0405418B 		.ascii	"\004\005A\213\327\333\270H\214\254\205\221D\010Md\233"
  72      D7DBB848 
  72      8CAC8591 
  72      44084D64 
  72      9B
  73 0049 29924CD2 		.ascii	")\222L\322\351\373\336\335\350\307\273\357\336w\336"
  73      E9FBDEDD 
  73      E8C7BBEF 
  73      DE77DE
  74 0058 39E79DEF 		.ascii	"9\347\235\357{\016\201\244\372\025\321q\336\017\363"
  74      7B0E81A4 
  74      FA15D171 
  74      DE0FF3
  75 0067 8226A8E9 		.ascii	"\202&\250\351\025\242BB\001r0\011\320\204\302\004\266"
ARM GAS  C:\Users\prana\AppData\Local\Temp\ccr3nqpv.s 			page 5


  75      15A24242 
  75      01723009 
  75      D084C204 
  75      B6
  76 0078 D4AE4254 		.ascii	"\324\256BTi\274T\275U\303\365\345\353\237>\263\030\242"
  76      69BC54BD 
  76      55C3F5E5 
  76      EB9F3EB3 
  76      18A2
  77 008a AC895A2A 		.ascii	"\254\211Z*v\"T\321\313\254o\257*\037\240\217\200\370"
  77      762254D1 
  77      CBAC6FAF 
  77      2A1FA08F 
  77      80F8
  78 009c 3C156D35 		.ascii	"<\025m5\223=\367\214)\032\3637mtY\003\213\320\254\300"
  78      933DF78C 
  78      291AF337 
  78      6D745903 
  78      8BD0ACC0 
  79 00b0 8914FA52 		.ascii	"\211\024\372R\304\000\341>z\204\374=\272\221\323Gc\335"
  79      C400E13E 
  79      7A84FC3D 
  79      BA91D347 
  79      63DD
  80 00c2 D28B9916 		.ascii	"\322\213\231\026\272\357\212.|\277\324~\313\204\205"
  80      BAEF8A2E 
  80      7CBFD47E 
  80      CB8485
  81 00d1 4ED13ED8 		.ascii	"N\321>\330\257\225b\356F}\357f\2737)\251:\361\020\335"
  81      AF9562EE 
  81      467DEF66 
  81      BB3729A9 
  81      3AF110DD 
  82 00e5 360F1EC1 		.ascii	"6\017\036\301\343\016!H\355\\hZ\255\222\011\337\371"
  82      E30E2148 
  82      ED5C685A 
  82      AD9209DF 
  82      F9
  83 00f6 AFD7FC36 		.ascii	"\257\327\3746\305_U\232o\332!y\355B\022x\002\3701\220"
  83      C55F559A 
  83      6FDA2179 
  83      ED421278 
  83      02F83190 
  84 010a 10025193 		.ascii	"\020\002Q\223\227\014\341\247R\262\353\006\242\235\353"
  84      970CE1A7 
  84      52B2EB06 
  84      A29DEB
  85 0119 2B73E362 		.ascii	"+s\343b]\3222\220\331r\364\326\377\255\312\332\211S"
  85      5DD23290 
  85      D972F4D6 
  85      FFADCADA 
  85      8953
  86 012b 7FDAAEED 		.ascii	"\177\332\256\355&\355\2431\323\306a\250z{\371\332<\356"
  86      26EDA331 
  86      D3C661A8 
  86      7A7BF9DA 
  86      3CEE
ARM GAS  C:\Users\prana\AppData\Local\Temp\ccr3nqpv.s 			page 6


  87 013d 14267952 		.ascii	"\024&yR.\236 \205\307\340\344\250a\036\324@\361We]Y"
  87      2E9E2085 
  87      C7E0E4A8 
  87      611ED440 
  87      F157655D 
  88 0152 3FCD968C 		.ascii	"?\315\226\214\224\376M\255\303\"\016\203l\261\366c\365"
  88      94FE4DAD 
  88      C3220E83 
  88      6CB1F663 
  88      F5
  89 0163 4DECAAB1 		.ascii	"M\354\252\261\007<e\371\006b\215De\226\025\255vX\021"
  89      073C65F9 
  89      06628D44 
  89      659615AD 
  89      765811
  90 0176 5F2E8B9E 		.ascii	"_.\213\236W\226\353m\"\002W\2355L\332\366,\305\217\255"
  90      5796EB6D 
  90      2202579D 
  90      354CDAF6 
  90      2CC58FAD 
  91 018a BD8336BE 		.ascii	"\275\2036\276M\363y\356\262%%,\024\315.\034\022`\177"
  91      4DF379EE 
  91      B225252C 
  91      14CD2E1C 
  91      12607F
  92 019d 2B056392 		.ascii	"+\005c\222\007\273y\306\335\260\2046Q\014?\016\010?"
  92      07BB79C6 
  92      DDB08436 
  92      510C3F0E 
  92      083F
  93 01af FE394D05 		.ascii	"\3769M\005\031\034\217\261k \270\022\344\263W\203\221"
  93      191C8FB1 
  93      6B20B812 
  93      E4B35783 
  93      91
  94 01c0 CCD0E858 		.ascii	"\314\320\350X~8H\017\016\215\236>\231\036\274t&s\366"
  94      7E38480F 
  94      0E8D9E3E 
  94      991EBC74 
  94      2673F6
  95 01d3 C2F9CCA9 		.ascii	"\302\371\314\251c\303\344\216gsc\201;\222\277\230\315"
  95      63C3E48E 
  95      67736381 
  95      3B92BF98 
  95      CD
  96 01e4 FD07ADC1 		.ascii	"\375\007\255\301\306\337"
  96      C6DF
  97              		.text
  98              		.section	.gnu.lto_PWM_OUT_A_Read.95e26435,"",%progbits
  99 0000 789C2D4E 		.ascii	"x\234-N;H\003Q\020\334y\357\214\341\300^0\205 \026i"
  99      3B480351 
  99      10DC79EF 
  99      8CE1C05E 
  99      30852016 
 100 0015 44D0C652 		.ascii	"D\320\306R,\254\304`\024A\002A\342\265\006\202\326y"
 100      2CACC460 
 100      14410241 
ARM GAS  C:\Users\prana\AppData\Local\Temp\ccr3nqpv.s 			page 7


 100      E2B50682 
 100      D679
 101 0027 C9DD1110 		.ascii	"\311\335\021\020\2134j%\001\013\223\250 A\264\2619S"
 101      8B346A25 
 101      010B93A8 
 101      2041B4B1 
 101      3953
 102 0039 097E6225 		.ascii	"\011~b%X)\")\254T\024A\324\270k\262\360\330\335y\263"
 102      58292229 
 102      AC541441 
 102      D4B86BB2 
 102      F0D8DD79 
 103 004e 33631148 		.ascii	"3c\021H\252\227\333 \367>~\320\004U\274&\312\205\025"
 103      AA97DB20 
 103      F73E7ED0 
 103      0455BC26 
 103      CA8515
 104 0061 20830983 		.ascii	" \203\011\203\262\012Y|\250\037\205\213\317\363u;Z6"
 104      B20A597C 
 104      A81F858B 
 104      CFF3753B 
 104      5A36
 105 0073 266F1EFC 		.ascii	"&o\036\374\335\261\255J\000_\023\265\024a$\202\341\210"
 105      DDB1AD4A 
 105      005F13B5 
 105      14612482 
 105      E188
 106 0085 48941125 		.ascii	"H\224\021%\246>\326~7zB\236\341\352\027\002\377T\020"
 106      A63ED67E 
 106      377A429E 
 106      E1EA1702 
 106      FF5410
 107 0098 12CBC399 		.ascii	"\022\313\303\231\300\264Z\256\011\216\354\263\023\273"
 107      C0B45AAE 
 107      098EECB3 
 107      13BB
 108 00a6 4B91AFD9 		.ascii	"K\221\257\331\327\327\312\"\021\243\027&\213\365\253"
 108      D7D7CA22 
 108      11A31726 
 108      8BF5AB
 109 00b5 52D27513 		.ascii	"R\322u\023\365\257\265\333\352\202\334\273Zbl\372\365"
 109      F5AFB5DB 
 109      EA82DCBB 
 109      5A626CFA 
 109      F5
 110 00c6 46F7BBF2 		.ascii	"F\367\273\362\265\206X\3357N\213\235\3253Ec1\264sws"
 110      B58658DD 
 110      374E8B9D 
 110      D5334563 
 110      31B47377 
 111 00db A54BD8CE 		.ascii	"\245K\330\316y\034\320\302\036\"\250\202\343a\037%P"
 111      791CD0C2 
 111      1E22A882 
 111      E3611F25 
 111      50
 112 00ec 13F9B7C2 		.ascii	"\023\371\267\302\023\332\202\2325\031q\277C\355\335"
 112      13DA829A 
ARM GAS  C:\Users\prana\AppData\Local\Temp\ccr3nqpv.s 			page 8


 112      351971BF 
 112      43EDDD
 113 00fb 6288158E 		.ascii	"b\210\025\216\013\2275[D\011\300\001\337>Cu\010\364"
 113      0B97355B 
 113      4409C001 
 113      DF3E4375 
 113      08F4
 114 010d 1F12128E 		.ascii	"\037\022\022\216\243\016L:\313Nfq\305YJ\306\323\253"
 114      A30E4C3A 
 114      CB4E6671 
 114      C5594AC6 
 114      D3AB
 115 011f 99949388 		.ascii	"\231\224\223\210\305\323\023\243\211\330\374Trzn69>"
 115      C5D313A3 
 115      89D8FC54 
 115      727A6E36 
 115      393E
 116 0131 94A23F90 		.ascii	"\224\242?\220Mh\315"
 116      4D68CD
 117              		.text
 118              		.section	.gnu.lto_PWM_OUT_A_ReadDataReg.95e26435,"",%progbits
 119 0000 789C2D4E 		.ascii	"x\234-N=K\003Q\020\334y\357\214!\207\265\205)\004\261"
 119      3D4B0351 
 119      10DC79EF 
 119      8C2187B5 
 119      852904B1 
 120 0014 48238236 		.ascii	"H#\2026\226ba%\006\243\010\022\010\022\2575\020\264"
 120      96626125 
 120      06A30812 
 120      0812AF35 
 120      10B4
 121 0026 352F1F47 		.ascii	"5/\037G@,\322\370\001AS&j \004\261?S\011\006\375\001"
 121      402CD2F8 
 121      01415326 
 121      6A2004B1 
 121      3F530906 
 122 003c 362292C2 		.ascii	"6\"\222\302J\305/\304x\356\032\027\036\273;ovf,\002"
 122      4AC52FC4 
 122      78EE1A17 
 122      1EBB3B6F 
 122      76662C02 
 123 0050 490D721B 		.ascii	"I\015r\033\345>\304\017\232\240J\327D\331\240\002d0"
 123      E53EC40F 
 123      9AA04AD7 
 123      44D9A002 
 123      6430
 124 0062 41504621 		.ascii	"APF!\2037\325U\270\372\270\334\011E\252\306\344\314"
 124      8337D555 
 124      B8FAB8DC 
 124      0945AAC6 
 124      E4CC
 125 0074 9D7B36B5 		.ascii	"\235{6\265_\363\340j\"_\021&\302\030\017\213D\025\021"
 125      5FF3E06A 
 125      225F1126 
 125      C2180F8B 
 125      441511
 126 0087 62EA7DF3 		.ascii	"b\352}\363gw P0\\\303B\340\237\032\002b\331X\360\214"
ARM GAS  C:\Users\prana\AppData\Local\Temp\ccr3nqpv.s 			page 9


 126      67772050 
 126      305CC342 
 126      E09F1A02 
 126      62D958F0 
 127 009c EFE78D57 		.ascii	"\357\347\215W\266/\216\354>E\256f_W+\213D\214\236\230"
 127      B62F8EEC 
 127      3E45AE66 
 127      5F572B8B 
 127      448C9E98 
 128 00b0 2CD6CF4A 		.ascii	",\326\317JI\327\035\264\276\266\337\353+r\237\327\022"
 128      49D71DB4 
 128      BEB6DFEB 
 128      2B729FD7 
 128      12
 129 00c1 63CF6DDD 		.ascii	"c\317m\335\364\277*Wk\210\325\355g\243k\367VcJ\306b"
 129      F4BF2A57 
 129      6B88D5ED 
 129      67A36BF7 
 129      56634AC6 
 130 00d6 A87AD0DE 		.ascii	"\250z\320\336\252\3400[\340|\026N\020\30618\035NQ\001"
 130      AAE0305B 
 130      E07C164E 
 130      10C63138 
 130      1D4E5101 
 131 00ea 75907B29 		.ascii	"u\220{)>\240\247\247Y\222\221\374w\240\267[\014\261"
 131      3EA0A7A7 
 131      599291FC 
 131      77A0B75B 
 131      0CB1
 132 00fc C079B1DD 		.ascii	"\300y\261\335\014\211&\001\250\363\355#\324?\201\376"
 132      0C892601 
 132      A8F3ED23 
 132      D43F81FE 
 133 010c 3242B271 		.ascii	"2B\262q\322\221Yg\335I\257n8k\211Xj3\235t\342\321Xj"
 133      D2915967 
 133      DD49AF6E 
 133      386B8958 
 133      6A339D74 
 134 0124 66321E5D 		.ascii	"f2\036]\236K\314/-&\246\307\222\364\013N\360h\302"
 134      9E4BCC2F 
 134      2D26A6C7 
 134      92F40B4E 
 134      F068C2
 135              		.text
 136              		.section	.gnu.lto_PWM_OUT_A_SetInterruptMode.95e26435,"",%progbits
 137 0000 789C6D51 		.ascii	"x\234mQKh\023Q\024\275\367\275If\222\264\251;\027v\021"
 137      4B681351 
 137      14BDF7BD 
 137      496692B4 
 137      A93B1776 
 138 0015 901ABA51 		.ascii	"\220\032\272Q\204\356\\I\027\256\324`\0257\205P\332"
 138      84EE5C49 
 138      17AED460 
 138      15378550 
 138      DA
 139 0026 28114C24 		.ascii	"(\021L$\306u_2\371@\021)~\002\026K\2612\244Z\265M[\005"
 139      C6755F32 
ARM GAS  C:\Users\prana\AppData\Local\Temp\ccr3nqpv.s 			page 10


 139      F9401129 
 139      7E02164B 
 139      B132A45A 
 140 003e BB1A83EE 		.ascii	"\273\032\203\356\374\325\"Z\025)\025S(]\244\255\242"
 140      FCD5225A 
 140      15291553 
 140      285DA4AD 
 140      A2
 141 004f 8836DE3B 		.ascii	"\2106\336;\223M\301\0073\357\335\3039\347\235{\237\006"
 141      934DC107 
 141      33EFDDC3 
 141      39E79D7B 
 141      9F06
 142 0061 08BCCA02 		.ascii	"\010\274\312\002\340\020\355{\350C\011(\206_\001d\014"
 142      E010ED7B 
 142      E8430928 
 142      865F0164 
 142      0C
 143 0072 81C80765 		.ascii	"\201\310\007e \014\012\034\304\037\342\257\300j\261"
 143      200C0A1C 
 143      C41FE2AF 
 143      C06AB1
 144 0081 F6447496 		.ascii	"\366Dt\226\025\255\345o\253\007\325\204\215y\011\320"
 144      15ADE56F 
 144      AB07D584 
 144      8D7909D0 
 145 0091 108E1360 		.ascii	"\020\216\023`\031;\211\365\274\361\323n\373.\362\022"
 145      193B89F5 
 145      BCF1D36E 
 145      FB2EF212 
 146 00a1 91456FEB 		.ascii	"\221Eo\353/F\003\\\012\334E\345\310\232U\012\312}\010"
 146      2F46035C 
 146      0ADC45E5 
 146      C89A550A 
 146      CA7D08
 147 00b4 745E9D1B 		.ascii	"t^\235\033\177\357\017[Je\225\252\364)O^J\274\207\222"
 147      7FEF0F5B 
 147      4A6595AA 
 147      F4294F5E 
 147      4ABC8792 
 148 00c8 FCF02EB6 		.ascii	"\374\360.\266\343\004\266\003A\200\223\030&\366\326"
 148      E304B603 
 148      41809318 
 148      26F6D6
 149 00d7 AC752D20 		.ascii	"\254u- \0178\312M\3232[\232\312\255\246\362\376\177"
 149      0F38CA4D 
 149      D3325B9A 
 149      CAADA6F2 
 149      FE7F
 150 00e9 940F30CC 		.ascii	"\224\0170\314\364\205\334\364-\351F\322\250\334x9\362"
 150      F485DCF4 
 150      2DE946D2 
 150      A8DC7839 
 150      F2
 151 00fa 35E8460A 		.ascii	"5\350F\012Q9i\275\263\204\354r\214\207\226\256\316\264"
 151      513969BD 
 151      B384EC72 
ARM GAS  C:\Users\prana\AppData\Local\Temp\ccr3nqpv.s 			page 11


 151      8C8796AE 
 151      CEB4
 152 010c 76DC6163 		.ascii	"v\334ac{\361J\360\246\262s\241\274\324p\3325\237\"\363"
 152      7BF14AF0 
 152      A6B273A1 
 152      BCD470DA 
 152      359F22F3 
 153 0120 8764CE8B 		.ascii	"\207d\316\213\330+\225\355\033\255\336\034\017$\204"
 153      D82B95ED 
 153      1BADDE1C 
 153      0F2484
 154 012f 15EC7047 		.ascii	"\025\354pG\2013\350\245\341\"#S'l\325h\230\312^\010"
 154      8133E8A5 
 154      E1222353 
 154      276CD568 
 154      98CA5E08 
 155 0143 3EFD186C 		.ascii	">\375\030l\021\024\313C)\250#\215\217\036\376y\201\231"
 155      1114CB43 
 155      29A8238D 
 155      8F1EFE79 
 155      8199
 156 0155 3A725A83 		.ascii	":rZ\203\000\257\217Q?\377\000\352\344\310/\261!\004"
 156      00AF8F51 
 156      3FFF00EA 
 156      E4C82FB1 
 156      2104
 157 0167 EFB286D5 		.ascii	"\357\262\206\325\337C_\346#|\211)y\300\245|\365\265"
 157      DF435FE6 
 157      237C8929 
 157      79C0A57C 
 157      F5B5
 158 0179 CEDDE84E 		.ascii	"\316\335\350N\007\305\361\305snuY\015+nW]_z\3236\206"
 158      07C5F1C5 
 158      736E7559 
 158      0D2B6E57 
 158      5D5F7AD3 
 159 018f A3991C3D 		.ascii	"\243\231\034=\227\201s\324\303,\367\200\217p\014\241"
 159      978173D4 
 159      C32CF780 
 159      8F700CA1 
 160 019f 86D9CDE2 		.ascii	"\206\331\315\342\272\307\365\323L\232\032!\333\205\317"
 160      BAC7F5D3 
 160      4C9A1A21 
 160      DB85CF
 161 01ae 9A8B7808 		.ascii	"\232\213x\010$\304\374SXG\027\341k\011\207\025\024N"
 161      24C4FC53 
 161      584717E1 
 161      6B098715 
 161      144E
 162 01c0 A7949D40 		.ascii	"\247\224\235@\227S\233\377\320d\031\344dJ\335\261\327"
 162      97539BFF 
 162      D06419E4 
 162      644ADDB1 
 162      D7
 163 01d1 5DC84728 		.ascii	"]\310G(\323~\025\2365\315\375\216\233\217\300j\351\366"
 163      D37E159E 
 163      35CDFD8E 
ARM GAS  C:\Users\prana\AppData\Local\Temp\ccr3nqpv.s 			page 12


 163      9B8FC06A 
 163      E9F6
 164 01e3 6EC676C4 		.ascii	"n\306v\304\315(\025\330\231\3701%&\031\254a\326\376"
 164      CD2815D8 
 164      99F83125 
 164      2619AC61 
 164      D6FE
 165 01f5 748C05CE 		.ascii	"t\214\005\316S\324\005\362phT{\217\304\022\261T_:6\020"
 165      53D405F2 
 165      7068547B 
 165      8FC412B1 
 165      545F3A36 
 166 020a ED495E4A 		.ascii	"\355I^J\365\307z#=\311\356\256\336\310\351\243\321\343"
 166      F5C77A23 
 166      3DC9EEAE 
 166      DEC8E9A3 
 166      D1E3
 167 021c A74E460F 		.ascii	"\247NF\017\357\357\007\343B\362b<\035O&\264\363\311"
 167      EFEF07E3 
 167      42F2623C 
 167      1D4F26B4 
 167      F3C9
 168 022e 81981E4F 		.ascii	"\201\230\036O\244S\335g\316\376\003\324\337\355 "
 168      A453DD67 
 168      CEFE03D4 
 168      DFED20
 169              		.text
 170              		.section	.gnu.lto_PWM_OUT_A_ClearInterrupt.95e26435,"",%progbits
 171 0000 789C5590 		.ascii	"x\234U\220\313K[A\024\306\3177s\363@|\374\001\315\""
 171      CB4B5B41 
 171      14C6CF37 
 171      73F3407C 
 171      FC01CD22 
 172 0014 2029B891 		.ascii	" )\270\221b\335\270\024\027\256\212\322(v\021\010A\357"
 172      62DDB814 
 172      17AE8AD2 
 172      28761108 
 172      41EF
 173 0026 4A54D0B8 		.ascii	"JT\320\270\325\271\211\327\226\"\230Mu%.\012\215\366"
 173      D5B989D7 
 173      9622984D 
 173      75252E0A 
 173      8DF6
 174 0038 6150D485 		.ascii	"aP\324\205\022\270\006\241\242\330\322\376\005EAD\020"
 174      12B806A1 
 174      A2D8D2FE 
 174      05454144 
 174      10
 175 0049 6C6D157C 		.ascii	"lm\025|\245\347\344\272\320\201\313\314|\367|\277\371"
 175      A5E7E4BA 
 175      D081CBCC 
 175      7CF77CBF 
 175      F9
 176 005a CEB10824 		.ascii	"\316\261\010$k\235\267&\336\237\360\007MP\271oDNX\001"
 176      6B9DB726 
 176      DE9FF007 
 176      4D50B96F 
ARM GAS  C:\Users\prana\AppData\Local\Temp\ccr3nqpv.s 			page 13


 176      444E5801 
 177 006e 723061D0 		.ascii	"r0a\320\270\3028\376\251[\205\275\313\235\251\252\206"
 177      B8C238FE 
 177      A95B85BD 
 177      CB9DA9AA 
 177      86
 178 007f BC3119F3 		.ascii	"\2741\031\363\313\275l\231]\360\340j\242\262\"<\217"
 178      CBBD6C99 
 178      5DF0E06A 
 178      A2B2223C 
 178      8F
 179 0090 E0594410 		.ascii	"\340YD\020y4\020\227\036.]\347k\364S\310y\377\303\351"
 179      79341097 
 179      1E2E5DE7 
 179      6BF453C8 
 179      79FFC3E9 
 180 00a4 1A62EFC5 		.ascii	"\032b\357\305\346\025\247\253g\215\347D\331\207\005"
 180      E615A7AB 
 180      678DE744 
 180      D98705
 181 00b3 E8875692 		.ascii	"\350\207V\222\332\203\345\273w5\301\011\303+\212E\304"
 181      DA83E5BB 
 181      7735C109 
 181      C32B8A45 
 181      C4
 182 00c4 04CED48F 		.ascii	"\004\316\324\217\010rN\210Rx\351\231r9k\274\315\272"
 182      08724E88 
 182      5278E999 
 182      72396BBC 
 182      CDBA
 183 00d6 AD9F7521 		.ascii	"\255\237u!E\256\346\334\256V\026\311\357\200\334\211"
 183      45AEE6DC 
 183      AE5616C9 
 183      EF80DC89 
 184 00e6 CED8260D 		.ascii	"\316\330&\015\374VJv}\204\322\325\333\213\342\230\220"
 184      FC564A76 
 184      7D84D2D5 
 184      DB8BE298 
 184      90
 185 00f7 B25A9A99 		.ascii	"\262Z\232\231qK\337C\177\225\253u%\344\306\233\302J"
 185      714BDF43 
 185      7F95AB75 
 185      25E4C69B 
 185      C24A
 186 0109 D8BFE64C 		.ascii	"\330\277\346L\316X,\035\237;\273\301y\3149\023\334\246"
 186      CE582C1D 
 186      9F3BBBC1 
 186      79CC3913 
 186      DCA6
 187 011b 85CF88E0 		.ascii	"\205\317\210\340\0238)\276`\036t\204\314\237\3277\312"
 187      133829BE 
 187      601E7484 
 187      CC9FD737 
 187      CA
 188 012c 076A66B2 		.ascii	"\007jf\262\222\275\231\334\206\257X,2cu\373\353d\005"
 188      92BD99DC 
 188      86AF582C 
ARM GAS  C:\Users\prana\AppData\Local\Temp\ccr3nqpv.s 			page 14


 188      326375FB 
 188      EB6405
 189 013f CB03C512 		.ascii	"\313\003\305\022\273\017P\261HT.\362)w\305W\276)\340"
 189      BB0F50B1 
 189      48542EF2 
 189      2977C557 
 189      BE29E0
 190 0152 4BA5990A 		.ascii	"K\245\231\012\344Q\004\307\230\300\343\024\005N\301"
 190      E45104C7 
 190      98C0E314 
 190      054EC1
 191 0161 163A41C6 		.ascii	"\026:A\306\3731]{\377\254\314\361LA\232\346\021\324"
 191      FB315D7B 
 191      FFACCCF1 
 191      4C419AE6 
 191      11D4
 192 0173 B7DB83F6 		.ascii	"\267\333\203\366p*m\367%\343C\243\303\275v\2423>\324"
 192      702A6DF7 
 192      25E343A3 
 192      C3BD76A2 
 192      333ED4
 193 0186 D69CE8EC 		.ascii	"\326\234\350\354y\221\354\350\356J\2666\366R\365@j\244"
 193      7991ECE8 
 193      EE4AB636 
 193      F652F540 
 193      6AA4
 194 0198 DFEE8BA7 		.ascii	"\337\356\213\247S\351\321\221\377t\002\240\372"
 194      53E9D191 
 194      FF7402A0 
 194      FA
 195              		.text
 196              		.section	.gnu.lto_.symbol_nodes.95e26435,"",%progbits
 197 0000 789C6361 		.ascii	"x\234ca`d\310`\000\002&\206z\006\206\011\347\030@\324"
 197      6064C860 
 197      00022686 
 197      7A068609 
 197      E71840D4 
 198 0014 AE0645A0 		.ascii	"\256\006E\240\000c=#\252\000S=\023\252\000s=3\252\000"
 198      00633D23 
 198      AA00533D 
 198      13AA0073 
 198      3D33AA00 
 199 0028 4B3D0BAA 		.ascii	"K=\013\252\000k=+\212\000\003\000\305\333\026\342"
 199      006B3D2B 
 199      8A000300 
 199      C5DB16E2 
 200              		.text
 201              		.section	.gnu.lto_.refs.95e26435,"",%progbits
 202 0000 789C6361 		.ascii	"x\234ca`\004B \000\000\0009\000\007"
 202      60044220 
 202      00000039 
 202      0007
 203              		.text
 204              		.section	.gnu.lto_.decls.95e26435,"",%progbits
 205 0000 789C8D54 		.ascii	"x\234\215TolSU\024\277\347\275\266no\377\310\202d1\375"
 205      6F6C5355 
 205      14BFE7BD 
ARM GAS  C:\Users\prana\AppData\Local\Temp\ccr3nqpv.s 			page 15


 205      B66E6FFF 
 205      C8826431 
 206 0015 3067D2F6 		.ascii	"0g\322\366\323\342\2301\372\301D3\"\230\210\020&\360"
 206      D3E29831 
 206      FAC14433 
 206      22988810 
 206      26F0
 207 0027 856429DB 		.ascii	"\205d)\333\023\226\230\215\324\316\204/\346\206\361"
 207      1396988D 
 207      D4CE842F 
 207      E686F1
 208 0036 4FD46C26 		.ascii	"O\324l&\212\233\331\342\240A6\306\306\306\326\261\026"
 208      8A9BD9E2 
 208      A04136C6 
 208      C6C6D6B1 
 208      16
 209 0047 A505BA8E 		.ascii	"\245\005\272\216u\033\260\252\2118\245\3231\321\201"
 209      751BB0AA 
 209      8938A5D3 
 209      31D181
 210 0056 3AFF4404 		.ascii	":\377D\004\205z\356\275\257\275oR\314n\336\271\367\236"
 210      857AEEBD 
 210      AFBD6F52 
 210      CC6EDEB9 
 210      F79E
 211 0068 7BCFF99D 		.ascii	"{\317\371\235s~\367\344Y\010\0206\356Y\011\231\307\265"
 211      737EF7E4 
 211      59081036 
 211      EE590999 
 211      C7B5
 212 007a 03D5248E 		.ascii	"\003\325$\216\207p\277\211\310aC\031@\361\243\014\243"
 212      8770BF89 
 212      C8614319 
 212      40F1A30C 
 212      A3
 213 008b 04512228 		.ascii	"\004Q\"(Qr\377`vV\303\277\027\305\211\022G\2312\356"
 213      5172FF60 
 213      7656C3BF 
 213      17C58912 
 213      479932EE 
 214 009f C1B0F9EF 		.ascii	"\301\260\371\357\360\033q\314~\366\014\276\376\014\276"
 214      F01B71CC 
 214      7EF60CBE 
 214      FE0CBE
 215 00ae C346CCFF 		.ascii	"\303F\314\377\363\033\316\340\027\\\202_0\203\037\253"
 215      F31BCEE0 
 215      175C825F 
 215      30831FAB 
 216 00be 3DDBC8B5 		.ascii	"=\333\310\265\020e9J\010e\302\300qd\300\211d\300\211"
 216      1065394A 
 216      0865C2C0 
 216      7164C089 
 216      64C089
 217 00d1 2E217E26 		.ascii	".!~&\216\357*\220l\357\355\314\236\206+\240\200\361"
 217      8EEF2A90 
 217      6CEFEDCC 
 217      9E862BA0 
ARM GAS  C:\Users\prana\AppData\Local\Temp\ccr3nqpv.s 			page 16


 217      80F1
 218 00e3 880440CC 		.ascii	"\210\004@\314\300\205\010\341*n\024>\223\364Qz!l&\302"
 218      C08508E1 
 218      2A6E143E 
 218      93F4517A 
 218      216C26C2 
 219 00f7 9E9F4930 		.ascii	"\236\237I0\376\245\326djp\020\211\016\206\023\2443\020"
 219      FEA5D664 
 219      6A701089 
 219      0E8613A4 
 219      3310
 220 0109 5EE25E31 		.ascii	"^\342^1\314\210\000W\244\203\011O\244k\312\011\026\327"
 220      CC880057 
 220      A483094F 
 220      A46BCA09 
 220      16D7
 221 011b 04A9A263 		.ascii	"\004\251\242c_\377\362\212\212\220\270M\334\356|\276"
 221      5FFFF28A 
 221      8A90B84D 
 221      DCEE7CBE 
 222 012b F438C5D1 		.ascii	"\3648\305\321L\251\362\264$\346\304\236k]Y\177(`\327"
 222      4CA9F2B4 
 222      24E6C49E 
 222      6B5D597F 
 222      2860D7
 223 013e 20094CBF 		.ascii	" \011L\277\031\270\235'tv\335\372\356\354\275\034\265"
 223      19B89D27 
 223      7476DDFA 
 223      EEECBD1C 
 223      B5
 224 014f 84ED95CF 		.ascii	"\204\355\225\317f\273\177\264\200K\373\230\301\314\364"
 224      66BB7FB4 
 224      804BFB98 
 224      C1CCF4
 225 015e 773D13A0 		.ascii	"w=\023\240t\031\364\202\006\307A\205.(e\261\355\032"
 225      7419F482 
 225      06C74185 
 225      2E2865B1 
 225      ED1A
 226 0170 CEFB29DD 		.ascii	"\316\373)\335E\027\016S[\021\201r;<n'\320\003.\206\311"
 226      45170E53 
 226      5B118172 
 226      3B3C6E27 
 226      D0032E86 
 227 0185 ACA01BEC 		.ascii	"\254\240\033\354p\014\354\014\177\356\203\217n\330,"
 227      700CEC0C 
 227      7FEE838F 
 227      6ED82C
 228 0194 0A3A329C 		.ascii	"\012:2\234\255\026v6\222\274\025.\300\024\0125PP\215"
 228      AD167636 
 228      92BC152E 
 228      C0140A35 
 228      50508D
 229 01a7 2F4CB4E7 		.ascii	"/L\264\347\240\272\\\203e\250^|\357J\034\212\016\262"
 229      A0BA5C83 
 229      65A85E7C 
 229      EF4A1C8A 
ARM GAS  C:\Users\prana\AppData\Local\Temp\ccr3nqpv.s 			page 17


 229      0EB2
 230 01b9 1C68232D 		.ascii	"\034h#-V`\323\012\350G\300>\004$p\022\212p>\001\026"
 230      5660D30A 
 230      E847C03E 
 230      04247012 
 230      8A703E01 
 231 01ce 51DDB5C4 		.ascii	"Q\335\265\304OwrJ:hG\037\235\361\357}\361\220o/\275"
 231      4F77724A 
 231      3A68471F 
 231      9DF1EF7D 
 231      F1906F2F 
 232 01e3 8C7ECF72 		.ascii	"\214~\317rC\350\224i\343\226-Ga\032\271\034\200\022"
 232      43E89469 
 232      E3962D47 
 232      611AB91C 
 232      8012
 233 01f5 F4FD676C 		.ascii	"\364\375glpZS\3538\015\267:\276K\250\002'\034\332\247"
 233      705A53EB 
 233      380DB73A 
 233      BE4BA802 
 233      271CDAA7 
 234 0209 B6D2F02E 		.ascii	"\266\322\360.\204Q8\312\240D\0314\243\3709\3127G\233"
 234      845138CA 
 234      A0441934 
 234      A3F839CA 
 234      37479B
 235 021c CFA9EA1B 		.ascii	"\317\251\352\033\034\245\275\331w,\307\234:\253Y\346"
 235      1CA5BDD9 
 235      772CC79C 
 235      3AAB59E6 
 236 022c 7E8AE7BE 		.ascii	"~\212\347\276\325H=\3224z=\337\010\331\037\223!\321"
 236      D5483DD2 
 236      347A3DDF 
 236      08D91F93 
 236      21D1
 237 023e 0A8664C8 		.ascii	"\012\206d\310!s\310a\021\362`\244QS\337\001\021s\370"
 237      2173C861 
 237      11F260A4 
 237      5153DF01 
 237      1173F8
 238 0251 C07CB601 		.ascii	"\300|\266\001\3232\236+\312\347 \001\011\0220\203\004"
 238      D3329E2B 
 238      CAE72001 
 238      09123083 
 238      04
 239 0262 39485B68 		.ascii	"9H[h|&K\365\011\220#w\376^P\361\011\034\330$I\325\324"
 239      7C264BF5 
 239      09902377 
 239      FE5E50F1 
 239      091CD824 
 240 0279 250ED125 		.ascii	"%\016\321%\235\207\242\003\232z\206\033+?\017\216~\231"
 240      9D87A203 
 240      9A7A861B 
 240      2B3F0F8E 
 240      7E99
 241 028b 079A8B37 		.ascii	"\007\232\2137\001\326\251\271H\272H\010c\0338\2146\370"
 241      01D6A9B9 
ARM GAS  C:\Users\prana\AppData\Local\Temp\ccr3nqpv.s 			page 18


 241      48BA4808 
 241      631B388C 
 241      36F8
 242 029d 140F3FC1 		.ascii	"\024\017?\301C\243\237zD?\205\220\223325\207&\350h\361"
 242      43A39F7A 
 242      443F8590 
 242      93333235 
 242      8726E868 
 243 02b2 35B9789F 		.ascii	"5\271x\237\204\322}r\266\347\373\011-}v\026\370\341"
 243      84D27D72 
 243      B6E7FB09 
 243      2D7D7616 
 243      F8E1
 244 02c4 E11F6E0C 		.ascii	"\341\037n\014\345=\260=\316s\212\317\245\332c\337\300"
 244      E53DB03D 
 244      CE738ACF 
 244      A5DA63DF 
 244      C0
 245 02d5 7C342FD5 		.ascii	"|4/\325\036\321u\263')\335\203~\026f\007\247e\022\247"
 245      1ED175B3 
 245      2729DD83 
 245      7E166607 
 245      A76512A7 
 246 02e9 CDFC4438 		.ascii	"\315\374D8?M\276\351#\331\352\210\340g\362\363\337c"
 246      3F4DBEE9 
 246      23D9EA88 
 246      E067F2F3 
 246      DF63
 247 02fb 1683E4C0 		.ascii	"\026\203\344\300\245\305o5\"aF\3140Q\0163\265\273\257"
 247      A5C56F35 
 247      226146CC 
 247      30510E33 
 247      B5BBAF
 248 030e 4D15BD6E 		.ascii	"M\025\275nA\365\327\311\017g\363E\257\027\263\227\274"
 248      41F5D7C9 
 248      0F67F345 
 248      AF17B397 
 248      BC
 249 031f D0D5CD6E 		.ascii	"\320\325\315n\235\214\367d\262\300\304\274S0\037K\314"
 249      9D8CF764 
 249      B2C0C4BC 
 249      53301F4B 
 249      CC
 250 0330 FD96AD5E 		.ascii	"\375\226\255^\025\314\307[o&l)\346\233\033i\341\032"
 250      15CCC75B 
 250      6F266C29 
 250      E69B1B69 
 250      E11A
 251 0342 0217B0F6 		.ascii	"\002\027\260\366Q\306\374$2\3574\230\217\341\341\230"
 251      51C6FC24 
 251      32EF3498 
 251      8FE1E198 
 252 0352 64BE5F30 		.ascii	"d\276_0?\201,\216\313l\235\006\363o~\373\376WVm?\243"
 252      3F812C8E 
 252      CB6C9D06 
 252      F36F7EFB 
 252      FE57566D 
ARM GAS  C:\Users\prana\AppData\Local\Temp\ccr3nqpv.s 			page 19


 253 0368 732998E8 		.ascii	"s)\230\350\021\274J\333\254\352\234H\352\213\267N\265"
 253      11BC4ADB 
 253      ACEA9C48 
 253      EA8BB74E 
 253      B5
 254 0379 A8A9BF46 		.ascii	"\250\251\277F\370\356\3655\273)\005\230\302X\227d\254"
 254      F8EEF535 
 254      BB290598 
 254      C2589764 
 254      AC
 255 038a 8B60FC36 		.ascii	"\213`\3746\356\217q9s\214?\377\032{;7\367@\272R\216"
 255      EE8F7139 
 255      738C3FFF 
 255      1A7B3B37 
 255      F740BA52 
 256 039f 98722210 		.ascii	"\230r\"\020\207\\\376?d\353\212\365\233\327V\255\333"
 256      875CFE3F 
 256      64EB8AF5 
 256      9BD756AD 
 256      DB
 257 03b0 F872D573 		.ascii	"\370r\325sU\225\272w\225\247\366u}m}\215\236\265\372"
 257      5595BA77 
 257      95A7F675 
 257      7D6D7D8D 
 257      9EB5FA
 258 03c3 A58DC515 		.ascii	"\245\215\305\025ee\304\332P[\347}\352\321\325z\235\356"
 258      6565C4DA 
 258      505BE77D 
 258      EAD1D57A 
 258      9DEE
 259 03d5 717BF59A 		.ascii	"q{\365\232\252\312\372\006O\265\276e}e}\305\023[\252"
 259      AACAFA06 
 259      4FB5BE65 
 259      7D657DC5 
 259      135BAA
 260 03e8 777A77EE 		.ascii	"wzw\356\320_+\335N\036{\200E\032\276\264\232\024\310"
 260      D05F2BDD 
 260      4E1E7B80 
 260      451ABEB4 
 260      9A14C8
 261 03fb 589B3DB5 		.ascii	"X\233=\265^=_\352\033tw\315\303\213\325Un\257{\203\276"
 261      5E3D5FEA 
 261      1B7477CD 
 261      C38BD555 
 261      6EAF7B83 
 262 0410 ED914509 		.ascii	"\355\221E\011\276P\347\325=\236\206\035^\226\244\215"
 262      BE50E7D5 
 262      3D9E861D 
 262      5E96A48D 
 263 0420 E556F664 		.ascii	"\345V\366d\221\264\250xUw{\3226\374\276|\245\325\243"
 263      91B4A878 
 263      55777BD2 
 263      36FCBE7C 
 263      A5D5A3
 264 0433 6F2B5FF9 		.ascii	"o+_\371/O\361\036\341"
 264      2F4FF11E 
 264      E1
ARM GAS  C:\Users\prana\AppData\Local\Temp\ccr3nqpv.s 			page 20


 265              		.text
 266              		.section	.gnu.lto_.symtab.95e26435,"",%progbits
 267 0000 50574D5F 		.ascii	"PWM_OUT_A_SetDriveMode\000"
 267      4F55545F 
 267      415F5365 
 267      74447269 
 267      76654D6F 
 268 0017 00       		.ascii	"\000"
 269 0018 00       		.ascii	"\000"
 270 0019 00       		.ascii	"\000"
 271 001a 00000000 		.ascii	"\000\000\000\000\000\000\000\000"
 271      00000000 
 272 0022 B3000000 		.ascii	"\263\000\000\000"
 273 0026 50574D5F 		.ascii	"PWM_OUT_A_Write\000"
 273      4F55545F 
 273      415F5772 
 273      69746500 
 274 0036 00       		.ascii	"\000"
 275 0037 00       		.ascii	"\000"
 276 0038 00       		.ascii	"\000"
 277 0039 00000000 		.ascii	"\000\000\000\000\000\000\000\000"
 277      00000000 
 278 0041 B5000000 		.ascii	"\265\000\000\000"
 279 0045 50574D5F 		.ascii	"PWM_OUT_A_Read\000"
 279      4F55545F 
 279      415F5265 
 279      616400
 280 0054 00       		.ascii	"\000"
 281 0055 00       		.ascii	"\000"
 282 0056 00       		.ascii	"\000"
 283 0057 00000000 		.ascii	"\000\000\000\000\000\000\000\000"
 283      00000000 
 284 005f B8000000 		.ascii	"\270\000\000\000"
 285 0063 50574D5F 		.ascii	"PWM_OUT_A_ReadDataReg\000"
 285      4F55545F 
 285      415F5265 
 285      61644461 
 285      74615265 
 286 0079 00       		.ascii	"\000"
 287 007a 00       		.ascii	"\000"
 288 007b 00       		.ascii	"\000"
 289 007c 00000000 		.ascii	"\000\000\000\000\000\000\000\000"
 289      00000000 
 290 0084 BA000000 		.ascii	"\272\000\000\000"
 291 0088 50574D5F 		.ascii	"PWM_OUT_A_SetInterruptMode\000"
 291      4F55545F 
 291      415F5365 
 291      74496E74 
 291      65727275 
 292 00a3 00       		.ascii	"\000"
 293 00a4 00       		.ascii	"\000"
 294 00a5 00       		.ascii	"\000"
 295 00a6 00000000 		.ascii	"\000\000\000\000\000\000\000\000"
 295      00000000 
 296 00ae C4000000 		.ascii	"\304\000\000\000"
 297 00b2 50574D5F 		.ascii	"PWM_OUT_A_ClearInterrupt\000"
 297      4F55545F 
ARM GAS  C:\Users\prana\AppData\Local\Temp\ccr3nqpv.s 			page 21


 297      415F436C 
 297      65617249 
 297      6E746572 
 298 00cb 00       		.ascii	"\000"
 299 00cc 00       		.ascii	"\000"
 300 00cd 00       		.ascii	"\000"
 301 00ce 00000000 		.ascii	"\000\000\000\000\000\000\000\000"
 301      00000000 
 302 00d6 C6000000 		.ascii	"\306\000\000\000"
 303              		.text
 304              		.section	.gnu.lto_.opts,"",%progbits
 305 0000 272D666D 		.ascii	"'-fmath-errno' '-fsigned-zeros' '-ftrapping-math' '"
 305      6174682D 
 305      6572726E 
 305      6F272027 
 305      2D667369 
 306 0033 2D666E6F 		.ascii	"-fno-trapv' '-fno-openmp' '-fno-openacc' '-mcpu=cor"
 306      2D747261 
 306      70762720 
 306      272D666E 
 306      6F2D6F70 
 307 0066 7465782D 		.ascii	"tex-m0' '-mthumb' '-g' '-Os' '-Werror' '-ffunction-"
 307      6D302720 
 307      272D6D74 
 307      68756D62 
 307      2720272D 
 308 0099 73656374 		.ascii	"sections' '-ffat-lto-objects' '-finline-functions' "
 308      696F6E73 
 308      2720272D 
 308      66666174 
 308      2D6C746F 
 309 00cc 272D666C 		.ascii	"'-flto' '-fno-strict-aliasing'\000"
 309      746F2720 
 309      272D666E 
 309      6F2D7374 
 309      72696374 
 310              		.text
 311              		.cfi_sections	.debug_frame
 312              		.section	.text.PWM_OUT_A_SetDriveMode,"ax",%progbits
 313              		.align	1
 314              		.global	PWM_OUT_A_SetDriveMode
 315              		.code	16
 316              		.thumb_func
 317              		.type	PWM_OUT_A_SetDriveMode, %function
 318              	PWM_OUT_A_SetDriveMode:
 319              	.LFB0:
 320              		.file 1 "Generated_Source\\PSoC4\\PWM_OUT_A.c"
   1:Generated_Source\PSoC4/PWM_OUT_A.c **** /*******************************************************************************
   2:Generated_Source\PSoC4/PWM_OUT_A.c **** * File Name: PWM_OUT_A.c  
   3:Generated_Source\PSoC4/PWM_OUT_A.c **** * Version 2.20
   4:Generated_Source\PSoC4/PWM_OUT_A.c **** *
   5:Generated_Source\PSoC4/PWM_OUT_A.c **** * Description:
   6:Generated_Source\PSoC4/PWM_OUT_A.c **** *  This file contains API to enable firmware control of a Pins component.
   7:Generated_Source\PSoC4/PWM_OUT_A.c **** *
   8:Generated_Source\PSoC4/PWM_OUT_A.c **** ********************************************************************************
   9:Generated_Source\PSoC4/PWM_OUT_A.c **** * Copyright 2008-2015, Cypress Semiconductor Corporation.  All rights reserved.
  10:Generated_Source\PSoC4/PWM_OUT_A.c **** * You may use this file only in accordance with the license, terms, conditions, 
ARM GAS  C:\Users\prana\AppData\Local\Temp\ccr3nqpv.s 			page 22


  11:Generated_Source\PSoC4/PWM_OUT_A.c **** * disclaimers, and limitations in the end user license agreement accompanying 
  12:Generated_Source\PSoC4/PWM_OUT_A.c **** * the software package with which this file was provided.
  13:Generated_Source\PSoC4/PWM_OUT_A.c **** *******************************************************************************/
  14:Generated_Source\PSoC4/PWM_OUT_A.c **** 
  15:Generated_Source\PSoC4/PWM_OUT_A.c **** #include "cytypes.h"
  16:Generated_Source\PSoC4/PWM_OUT_A.c **** #include "PWM_OUT_A.h"
  17:Generated_Source\PSoC4/PWM_OUT_A.c **** 
  18:Generated_Source\PSoC4/PWM_OUT_A.c **** 
  19:Generated_Source\PSoC4/PWM_OUT_A.c **** #if defined(PWM_OUT_A__PC)
  20:Generated_Source\PSoC4/PWM_OUT_A.c ****     #define PWM_OUT_A_SetP4PinDriveMode(shift, mode)  \
  21:Generated_Source\PSoC4/PWM_OUT_A.c ****     do { \
  22:Generated_Source\PSoC4/PWM_OUT_A.c ****         PWM_OUT_A_PC =   (PWM_OUT_A_PC & \
  23:Generated_Source\PSoC4/PWM_OUT_A.c ****                                 (uint32)(~(uint32)(PWM_OUT_A_DRIVE_MODE_IND_MASK << \
  24:Generated_Source\PSoC4/PWM_OUT_A.c ****                                 (PWM_OUT_A_DRIVE_MODE_BITS * (shift))))) | \
  25:Generated_Source\PSoC4/PWM_OUT_A.c ****                                 (uint32)((uint32)(mode) << \
  26:Generated_Source\PSoC4/PWM_OUT_A.c ****                                 (PWM_OUT_A_DRIVE_MODE_BITS * (shift))); \
  27:Generated_Source\PSoC4/PWM_OUT_A.c ****     } while (0)
  28:Generated_Source\PSoC4/PWM_OUT_A.c **** #else
  29:Generated_Source\PSoC4/PWM_OUT_A.c ****     #if (CY_PSOC4_4200L)
  30:Generated_Source\PSoC4/PWM_OUT_A.c ****         #define PWM_OUT_A_SetP4PinDriveMode(shift, mode)  \
  31:Generated_Source\PSoC4/PWM_OUT_A.c ****         do { \
  32:Generated_Source\PSoC4/PWM_OUT_A.c ****             PWM_OUT_A_USBIO_CTRL_REG = (PWM_OUT_A_USBIO_CTRL_REG & \
  33:Generated_Source\PSoC4/PWM_OUT_A.c ****                                     (uint32)(~(uint32)(PWM_OUT_A_DRIVE_MODE_IND_MASK << \
  34:Generated_Source\PSoC4/PWM_OUT_A.c ****                                     (PWM_OUT_A_DRIVE_MODE_BITS * (shift))))) | \
  35:Generated_Source\PSoC4/PWM_OUT_A.c ****                                     (uint32)((uint32)(mode) << \
  36:Generated_Source\PSoC4/PWM_OUT_A.c ****                                     (PWM_OUT_A_DRIVE_MODE_BITS * (shift))); \
  37:Generated_Source\PSoC4/PWM_OUT_A.c ****         } while (0)
  38:Generated_Source\PSoC4/PWM_OUT_A.c ****     #endif
  39:Generated_Source\PSoC4/PWM_OUT_A.c **** #endif
  40:Generated_Source\PSoC4/PWM_OUT_A.c ****   
  41:Generated_Source\PSoC4/PWM_OUT_A.c **** 
  42:Generated_Source\PSoC4/PWM_OUT_A.c **** #if defined(PWM_OUT_A__PC) || (CY_PSOC4_4200L) 
  43:Generated_Source\PSoC4/PWM_OUT_A.c ****     /*******************************************************************************
  44:Generated_Source\PSoC4/PWM_OUT_A.c ****     * Function Name: PWM_OUT_A_SetDriveMode
  45:Generated_Source\PSoC4/PWM_OUT_A.c ****     ****************************************************************************//**
  46:Generated_Source\PSoC4/PWM_OUT_A.c ****     *
  47:Generated_Source\PSoC4/PWM_OUT_A.c ****     * \brief Sets the drive mode for each of the Pins component's pins.
  48:Generated_Source\PSoC4/PWM_OUT_A.c ****     * 
  49:Generated_Source\PSoC4/PWM_OUT_A.c ****     * <b>Note</b> This affects all pins in the Pins component instance. Use the
  50:Generated_Source\PSoC4/PWM_OUT_A.c ****     * Per-Pin APIs if you wish to control individual pin's drive modes.
  51:Generated_Source\PSoC4/PWM_OUT_A.c ****     *
  52:Generated_Source\PSoC4/PWM_OUT_A.c ****     * <b>Note</b> USBIOs have limited drive functionality. Refer to the Drive Mode
  53:Generated_Source\PSoC4/PWM_OUT_A.c ****     * parameter for more information.
  54:Generated_Source\PSoC4/PWM_OUT_A.c ****     *
  55:Generated_Source\PSoC4/PWM_OUT_A.c ****     * \param mode
  56:Generated_Source\PSoC4/PWM_OUT_A.c ****     *  Mode for the selected signals. Valid options are documented in 
  57:Generated_Source\PSoC4/PWM_OUT_A.c ****     *  \ref driveMode.
  58:Generated_Source\PSoC4/PWM_OUT_A.c ****     *
  59:Generated_Source\PSoC4/PWM_OUT_A.c ****     * \return
  60:Generated_Source\PSoC4/PWM_OUT_A.c ****     *  None
  61:Generated_Source\PSoC4/PWM_OUT_A.c ****     *
  62:Generated_Source\PSoC4/PWM_OUT_A.c ****     * \sideeffect
  63:Generated_Source\PSoC4/PWM_OUT_A.c ****     *  If you use read-modify-write operations that are not atomic, the ISR can
  64:Generated_Source\PSoC4/PWM_OUT_A.c ****     *  cause corruption of this function. An ISR that interrupts this function 
  65:Generated_Source\PSoC4/PWM_OUT_A.c ****     *  and performs writes to the Pins component Drive Mode registers can cause 
  66:Generated_Source\PSoC4/PWM_OUT_A.c ****     *  corrupted port data. To avoid this issue, you should either use the Per-Pin
  67:Generated_Source\PSoC4/PWM_OUT_A.c ****     *  APIs (primary method) or disable interrupts around this function.
ARM GAS  C:\Users\prana\AppData\Local\Temp\ccr3nqpv.s 			page 23


  68:Generated_Source\PSoC4/PWM_OUT_A.c ****     *
  69:Generated_Source\PSoC4/PWM_OUT_A.c ****     * \funcusage
  70:Generated_Source\PSoC4/PWM_OUT_A.c ****     *  \snippet PWM_OUT_A_SUT.c usage_PWM_OUT_A_SetDriveMode
  71:Generated_Source\PSoC4/PWM_OUT_A.c ****     *******************************************************************************/
  72:Generated_Source\PSoC4/PWM_OUT_A.c ****     void PWM_OUT_A_SetDriveMode(uint8 mode)
  73:Generated_Source\PSoC4/PWM_OUT_A.c ****     {
 321              		.loc 1 73 0
 322              		.cfi_startproc
 323              		@ args = 0, pretend = 0, frame = 0
 324              		@ frame_needed = 0, uses_anonymous_args = 0
 325              		@ link register save eliminated.
 326              	.LVL0:
  74:Generated_Source\PSoC4/PWM_OUT_A.c **** 		PWM_OUT_A_SetP4PinDriveMode(PWM_OUT_A__0__SHIFT, mode);
 327              		.loc 1 74 0
 328 0000 0721     		movs	r1, #7
 329 0002 034A     		ldr	r2, .L2
  75:Generated_Source\PSoC4/PWM_OUT_A.c ****     }
 330              		.loc 1 75 0
 331              		@ sp needed
  74:Generated_Source\PSoC4/PWM_OUT_A.c **** 		PWM_OUT_A_SetP4PinDriveMode(PWM_OUT_A__0__SHIFT, mode);
 332              		.loc 1 74 0
 333 0004 1368     		ldr	r3, [r2]
 334 0006 8B43     		bics	r3, r1
 335 0008 1843     		orrs	r0, r3
 336              	.LVL1:
 337 000a 1060     		str	r0, [r2]
 338              		.loc 1 75 0
 339 000c 7047     		bx	lr
 340              	.L3:
 341 000e C046     		.align	2
 342              	.L2:
 343 0010 08000440 		.word	1074003976
 344              		.cfi_endproc
 345              	.LFE0:
 346              		.size	PWM_OUT_A_SetDriveMode, .-PWM_OUT_A_SetDriveMode
 347              		.section	.text.PWM_OUT_A_Write,"ax",%progbits
 348              		.align	1
 349              		.global	PWM_OUT_A_Write
 350              		.code	16
 351              		.thumb_func
 352              		.type	PWM_OUT_A_Write, %function
 353              	PWM_OUT_A_Write:
 354              	.LFB1:
  76:Generated_Source\PSoC4/PWM_OUT_A.c **** #endif
  77:Generated_Source\PSoC4/PWM_OUT_A.c **** 
  78:Generated_Source\PSoC4/PWM_OUT_A.c **** 
  79:Generated_Source\PSoC4/PWM_OUT_A.c **** /*******************************************************************************
  80:Generated_Source\PSoC4/PWM_OUT_A.c **** * Function Name: PWM_OUT_A_Write
  81:Generated_Source\PSoC4/PWM_OUT_A.c **** ****************************************************************************//**
  82:Generated_Source\PSoC4/PWM_OUT_A.c **** *
  83:Generated_Source\PSoC4/PWM_OUT_A.c **** * \brief Writes the value to the physical port (data output register), masking
  84:Generated_Source\PSoC4/PWM_OUT_A.c **** *  and shifting the bits appropriately. 
  85:Generated_Source\PSoC4/PWM_OUT_A.c **** *
  86:Generated_Source\PSoC4/PWM_OUT_A.c **** * The data output register controls the signal applied to the physical pin in 
  87:Generated_Source\PSoC4/PWM_OUT_A.c **** * conjunction with the drive mode parameter. This function avoids changing 
  88:Generated_Source\PSoC4/PWM_OUT_A.c **** * other bits in the port by using the appropriate method (read-modify-write or
  89:Generated_Source\PSoC4/PWM_OUT_A.c **** * bit banding).
ARM GAS  C:\Users\prana\AppData\Local\Temp\ccr3nqpv.s 			page 24


  90:Generated_Source\PSoC4/PWM_OUT_A.c **** *
  91:Generated_Source\PSoC4/PWM_OUT_A.c **** * <b>Note</b> This function should not be used on a hardware digital output pin 
  92:Generated_Source\PSoC4/PWM_OUT_A.c **** * as it is driven by the hardware signal attached to it.
  93:Generated_Source\PSoC4/PWM_OUT_A.c **** *
  94:Generated_Source\PSoC4/PWM_OUT_A.c **** * \param value
  95:Generated_Source\PSoC4/PWM_OUT_A.c **** *  Value to write to the component instance.
  96:Generated_Source\PSoC4/PWM_OUT_A.c **** *
  97:Generated_Source\PSoC4/PWM_OUT_A.c **** * \return 
  98:Generated_Source\PSoC4/PWM_OUT_A.c **** *  None 
  99:Generated_Source\PSoC4/PWM_OUT_A.c **** *
 100:Generated_Source\PSoC4/PWM_OUT_A.c **** * \sideeffect
 101:Generated_Source\PSoC4/PWM_OUT_A.c **** *  If you use read-modify-write operations that are not atomic; the Interrupt 
 102:Generated_Source\PSoC4/PWM_OUT_A.c **** *  Service Routines (ISR) can cause corruption of this function. An ISR that 
 103:Generated_Source\PSoC4/PWM_OUT_A.c **** *  interrupts this function and performs writes to the Pins component data 
 104:Generated_Source\PSoC4/PWM_OUT_A.c **** *  register can cause corrupted port data. To avoid this issue, you should 
 105:Generated_Source\PSoC4/PWM_OUT_A.c **** *  either use the Per-Pin APIs (primary method) or disable interrupts around 
 106:Generated_Source\PSoC4/PWM_OUT_A.c **** *  this function.
 107:Generated_Source\PSoC4/PWM_OUT_A.c **** *
 108:Generated_Source\PSoC4/PWM_OUT_A.c **** * \funcusage
 109:Generated_Source\PSoC4/PWM_OUT_A.c **** *  \snippet PWM_OUT_A_SUT.c usage_PWM_OUT_A_Write
 110:Generated_Source\PSoC4/PWM_OUT_A.c **** *******************************************************************************/
 111:Generated_Source\PSoC4/PWM_OUT_A.c **** void PWM_OUT_A_Write(uint8 value)
 112:Generated_Source\PSoC4/PWM_OUT_A.c **** {
 355              		.loc 1 112 0
 356              		.cfi_startproc
 357              		@ args = 0, pretend = 0, frame = 0
 358              		@ frame_needed = 0, uses_anonymous_args = 0
 359              		@ link register save eliminated.
 360              	.LVL2:
 113:Generated_Source\PSoC4/PWM_OUT_A.c ****     uint8 drVal = (uint8)(PWM_OUT_A_DR & (uint8)(~PWM_OUT_A_MASK));
 361              		.loc 1 113 0
 362 0000 0123     		movs	r3, #1
 363 0002 0449     		ldr	r1, .L5
 114:Generated_Source\PSoC4/PWM_OUT_A.c ****     drVal = (drVal | ((uint8)(value << PWM_OUT_A_SHIFT) & PWM_OUT_A_MASK));
 115:Generated_Source\PSoC4/PWM_OUT_A.c ****     PWM_OUT_A_DR = (uint32)drVal;
 116:Generated_Source\PSoC4/PWM_OUT_A.c **** }
 364              		.loc 1 116 0
 365              		@ sp needed
 113:Generated_Source\PSoC4/PWM_OUT_A.c ****     uint8 drVal = (uint8)(PWM_OUT_A_DR & (uint8)(~PWM_OUT_A_MASK));
 366              		.loc 1 113 0
 367 0004 0A68     		ldr	r2, [r1]
 368 0006 9A43     		bics	r2, r3
 369 0008 D2B2     		uxtb	r2, r2
 370              	.LVL3:
 115:Generated_Source\PSoC4/PWM_OUT_A.c **** }
 371              		.loc 1 115 0
 372 000a 0340     		ands	r3, r0
 373 000c 1343     		orrs	r3, r2
 374 000e 0B60     		str	r3, [r1]
 375              		.loc 1 116 0
 376 0010 7047     		bx	lr
 377              	.L6:
 378 0012 C046     		.align	2
 379              	.L5:
 380 0014 00000440 		.word	1074003968
 381              		.cfi_endproc
 382              	.LFE1:
ARM GAS  C:\Users\prana\AppData\Local\Temp\ccr3nqpv.s 			page 25


 383              		.size	PWM_OUT_A_Write, .-PWM_OUT_A_Write
 384              		.section	.text.PWM_OUT_A_Read,"ax",%progbits
 385              		.align	1
 386              		.global	PWM_OUT_A_Read
 387              		.code	16
 388              		.thumb_func
 389              		.type	PWM_OUT_A_Read, %function
 390              	PWM_OUT_A_Read:
 391              	.LFB2:
 117:Generated_Source\PSoC4/PWM_OUT_A.c **** 
 118:Generated_Source\PSoC4/PWM_OUT_A.c **** 
 119:Generated_Source\PSoC4/PWM_OUT_A.c **** /*******************************************************************************
 120:Generated_Source\PSoC4/PWM_OUT_A.c **** * Function Name: PWM_OUT_A_Read
 121:Generated_Source\PSoC4/PWM_OUT_A.c **** ****************************************************************************//**
 122:Generated_Source\PSoC4/PWM_OUT_A.c **** *
 123:Generated_Source\PSoC4/PWM_OUT_A.c **** * \brief Reads the associated physical port (pin status register) and masks 
 124:Generated_Source\PSoC4/PWM_OUT_A.c **** *  the required bits according to the width and bit position of the component
 125:Generated_Source\PSoC4/PWM_OUT_A.c **** *  instance. 
 126:Generated_Source\PSoC4/PWM_OUT_A.c **** *
 127:Generated_Source\PSoC4/PWM_OUT_A.c **** * The pin's status register returns the current logic level present on the 
 128:Generated_Source\PSoC4/PWM_OUT_A.c **** * physical pin.
 129:Generated_Source\PSoC4/PWM_OUT_A.c **** *
 130:Generated_Source\PSoC4/PWM_OUT_A.c **** * \return 
 131:Generated_Source\PSoC4/PWM_OUT_A.c **** *  The current value for the pins in the component as a right justified number.
 132:Generated_Source\PSoC4/PWM_OUT_A.c **** *
 133:Generated_Source\PSoC4/PWM_OUT_A.c **** * \funcusage
 134:Generated_Source\PSoC4/PWM_OUT_A.c **** *  \snippet PWM_OUT_A_SUT.c usage_PWM_OUT_A_Read  
 135:Generated_Source\PSoC4/PWM_OUT_A.c **** *******************************************************************************/
 136:Generated_Source\PSoC4/PWM_OUT_A.c **** uint8 PWM_OUT_A_Read(void)
 137:Generated_Source\PSoC4/PWM_OUT_A.c **** {
 392              		.loc 1 137 0
 393              		.cfi_startproc
 394              		@ args = 0, pretend = 0, frame = 0
 395              		@ frame_needed = 0, uses_anonymous_args = 0
 396              		@ link register save eliminated.
 138:Generated_Source\PSoC4/PWM_OUT_A.c ****     return (uint8)((PWM_OUT_A_PS & PWM_OUT_A_MASK) >> PWM_OUT_A_SHIFT);
 397              		.loc 1 138 0
 398 0000 024B     		ldr	r3, .L8
 139:Generated_Source\PSoC4/PWM_OUT_A.c **** }
 399              		.loc 1 139 0
 400              		@ sp needed
 138:Generated_Source\PSoC4/PWM_OUT_A.c ****     return (uint8)((PWM_OUT_A_PS & PWM_OUT_A_MASK) >> PWM_OUT_A_SHIFT);
 401              		.loc 1 138 0
 402 0002 1868     		ldr	r0, [r3]
 403 0004 0123     		movs	r3, #1
 404 0006 1840     		ands	r0, r3
 405              		.loc 1 139 0
 406 0008 7047     		bx	lr
 407              	.L9:
 408 000a C046     		.align	2
 409              	.L8:
 410 000c 04000440 		.word	1074003972
 411              		.cfi_endproc
 412              	.LFE2:
 413              		.size	PWM_OUT_A_Read, .-PWM_OUT_A_Read
 414              		.section	.text.PWM_OUT_A_ReadDataReg,"ax",%progbits
 415              		.align	1
ARM GAS  C:\Users\prana\AppData\Local\Temp\ccr3nqpv.s 			page 26


 416              		.global	PWM_OUT_A_ReadDataReg
 417              		.code	16
 418              		.thumb_func
 419              		.type	PWM_OUT_A_ReadDataReg, %function
 420              	PWM_OUT_A_ReadDataReg:
 421              	.LFB3:
 140:Generated_Source\PSoC4/PWM_OUT_A.c **** 
 141:Generated_Source\PSoC4/PWM_OUT_A.c **** 
 142:Generated_Source\PSoC4/PWM_OUT_A.c **** /*******************************************************************************
 143:Generated_Source\PSoC4/PWM_OUT_A.c **** * Function Name: PWM_OUT_A_ReadDataReg
 144:Generated_Source\PSoC4/PWM_OUT_A.c **** ****************************************************************************//**
 145:Generated_Source\PSoC4/PWM_OUT_A.c **** *
 146:Generated_Source\PSoC4/PWM_OUT_A.c **** * \brief Reads the associated physical port's data output register and masks 
 147:Generated_Source\PSoC4/PWM_OUT_A.c **** *  the correct bits according to the width and bit position of the component 
 148:Generated_Source\PSoC4/PWM_OUT_A.c **** *  instance. 
 149:Generated_Source\PSoC4/PWM_OUT_A.c **** *
 150:Generated_Source\PSoC4/PWM_OUT_A.c **** * The data output register controls the signal applied to the physical pin in 
 151:Generated_Source\PSoC4/PWM_OUT_A.c **** * conjunction with the drive mode parameter. This is not the same as the 
 152:Generated_Source\PSoC4/PWM_OUT_A.c **** * preferred PWM_OUT_A_Read() API because the 
 153:Generated_Source\PSoC4/PWM_OUT_A.c **** * PWM_OUT_A_ReadDataReg() reads the data register instead of the status 
 154:Generated_Source\PSoC4/PWM_OUT_A.c **** * register. For output pins this is a useful function to determine the value 
 155:Generated_Source\PSoC4/PWM_OUT_A.c **** * just written to the pin.
 156:Generated_Source\PSoC4/PWM_OUT_A.c **** *
 157:Generated_Source\PSoC4/PWM_OUT_A.c **** * \return 
 158:Generated_Source\PSoC4/PWM_OUT_A.c **** *  The current value of the data register masked and shifted into a right 
 159:Generated_Source\PSoC4/PWM_OUT_A.c **** *  justified number for the component instance.
 160:Generated_Source\PSoC4/PWM_OUT_A.c **** *
 161:Generated_Source\PSoC4/PWM_OUT_A.c **** * \funcusage
 162:Generated_Source\PSoC4/PWM_OUT_A.c **** *  \snippet PWM_OUT_A_SUT.c usage_PWM_OUT_A_ReadDataReg 
 163:Generated_Source\PSoC4/PWM_OUT_A.c **** *******************************************************************************/
 164:Generated_Source\PSoC4/PWM_OUT_A.c **** uint8 PWM_OUT_A_ReadDataReg(void)
 165:Generated_Source\PSoC4/PWM_OUT_A.c **** {
 422              		.loc 1 165 0
 423              		.cfi_startproc
 424              		@ args = 0, pretend = 0, frame = 0
 425              		@ frame_needed = 0, uses_anonymous_args = 0
 426              		@ link register save eliminated.
 166:Generated_Source\PSoC4/PWM_OUT_A.c ****     return (uint8)((PWM_OUT_A_DR & PWM_OUT_A_MASK) >> PWM_OUT_A_SHIFT);
 427              		.loc 1 166 0
 428 0000 024B     		ldr	r3, .L11
 167:Generated_Source\PSoC4/PWM_OUT_A.c **** }
 429              		.loc 1 167 0
 430              		@ sp needed
 166:Generated_Source\PSoC4/PWM_OUT_A.c ****     return (uint8)((PWM_OUT_A_DR & PWM_OUT_A_MASK) >> PWM_OUT_A_SHIFT);
 431              		.loc 1 166 0
 432 0002 1868     		ldr	r0, [r3]
 433 0004 0123     		movs	r3, #1
 434 0006 1840     		ands	r0, r3
 435              		.loc 1 167 0
 436 0008 7047     		bx	lr
 437              	.L12:
 438 000a C046     		.align	2
 439              	.L11:
 440 000c 00000440 		.word	1074003968
 441              		.cfi_endproc
 442              	.LFE3:
 443              		.size	PWM_OUT_A_ReadDataReg, .-PWM_OUT_A_ReadDataReg
ARM GAS  C:\Users\prana\AppData\Local\Temp\ccr3nqpv.s 			page 27


 444              		.section	.text.PWM_OUT_A_SetInterruptMode,"ax",%progbits
 445              		.align	1
 446              		.global	PWM_OUT_A_SetInterruptMode
 447              		.code	16
 448              		.thumb_func
 449              		.type	PWM_OUT_A_SetInterruptMode, %function
 450              	PWM_OUT_A_SetInterruptMode:
 451              	.LFB4:
 168:Generated_Source\PSoC4/PWM_OUT_A.c **** 
 169:Generated_Source\PSoC4/PWM_OUT_A.c **** 
 170:Generated_Source\PSoC4/PWM_OUT_A.c **** /*******************************************************************************
 171:Generated_Source\PSoC4/PWM_OUT_A.c **** * Function Name: PWM_OUT_A_SetInterruptMode
 172:Generated_Source\PSoC4/PWM_OUT_A.c **** ****************************************************************************//**
 173:Generated_Source\PSoC4/PWM_OUT_A.c **** *
 174:Generated_Source\PSoC4/PWM_OUT_A.c **** * \brief Configures the interrupt mode for each of the Pins component's
 175:Generated_Source\PSoC4/PWM_OUT_A.c **** *  pins. Alternatively you may set the interrupt mode for all the pins
 176:Generated_Source\PSoC4/PWM_OUT_A.c **** *  specified in the Pins component.
 177:Generated_Source\PSoC4/PWM_OUT_A.c **** *
 178:Generated_Source\PSoC4/PWM_OUT_A.c **** *  <b>Note</b> The interrupt is port-wide and therefore any enabled pin
 179:Generated_Source\PSoC4/PWM_OUT_A.c **** *  interrupt may trigger it.
 180:Generated_Source\PSoC4/PWM_OUT_A.c **** *
 181:Generated_Source\PSoC4/PWM_OUT_A.c **** * \param position
 182:Generated_Source\PSoC4/PWM_OUT_A.c **** *  The pin position as listed in the Pins component. You may OR these to be 
 183:Generated_Source\PSoC4/PWM_OUT_A.c **** *  able to configure the interrupt mode of multiple pins within a Pins 
 184:Generated_Source\PSoC4/PWM_OUT_A.c **** *  component. Or you may use PWM_OUT_A_INTR_ALL to configure the
 185:Generated_Source\PSoC4/PWM_OUT_A.c **** *  interrupt mode of all the pins in the Pins component.       
 186:Generated_Source\PSoC4/PWM_OUT_A.c **** *  - PWM_OUT_A_0_INTR       (First pin in the list)
 187:Generated_Source\PSoC4/PWM_OUT_A.c **** *  - PWM_OUT_A_1_INTR       (Second pin in the list)
 188:Generated_Source\PSoC4/PWM_OUT_A.c **** *  - ...
 189:Generated_Source\PSoC4/PWM_OUT_A.c **** *  - PWM_OUT_A_INTR_ALL     (All pins in Pins component)
 190:Generated_Source\PSoC4/PWM_OUT_A.c **** *
 191:Generated_Source\PSoC4/PWM_OUT_A.c **** * \param mode
 192:Generated_Source\PSoC4/PWM_OUT_A.c **** *  Interrupt mode for the selected pins. Valid options are documented in
 193:Generated_Source\PSoC4/PWM_OUT_A.c **** *  \ref intrMode.
 194:Generated_Source\PSoC4/PWM_OUT_A.c **** *
 195:Generated_Source\PSoC4/PWM_OUT_A.c **** * \return 
 196:Generated_Source\PSoC4/PWM_OUT_A.c **** *  None
 197:Generated_Source\PSoC4/PWM_OUT_A.c **** *  
 198:Generated_Source\PSoC4/PWM_OUT_A.c **** * \sideeffect
 199:Generated_Source\PSoC4/PWM_OUT_A.c **** *  It is recommended that the interrupt be disabled before calling this 
 200:Generated_Source\PSoC4/PWM_OUT_A.c **** *  function to avoid unintended interrupt requests. Note that the interrupt
 201:Generated_Source\PSoC4/PWM_OUT_A.c **** *  type is port wide, and therefore will trigger for any enabled pin on the 
 202:Generated_Source\PSoC4/PWM_OUT_A.c **** *  port.
 203:Generated_Source\PSoC4/PWM_OUT_A.c **** *
 204:Generated_Source\PSoC4/PWM_OUT_A.c **** * \funcusage
 205:Generated_Source\PSoC4/PWM_OUT_A.c **** *  \snippet PWM_OUT_A_SUT.c usage_PWM_OUT_A_SetInterruptMode
 206:Generated_Source\PSoC4/PWM_OUT_A.c **** *******************************************************************************/
 207:Generated_Source\PSoC4/PWM_OUT_A.c **** void PWM_OUT_A_SetInterruptMode(uint16 position, uint16 mode)
 208:Generated_Source\PSoC4/PWM_OUT_A.c **** {
 452              		.loc 1 208 0
 453              		.cfi_startproc
 454              		@ args = 0, pretend = 0, frame = 0
 455              		@ frame_needed = 0, uses_anonymous_args = 0
 456              		@ link register save eliminated.
 457              	.LVL4:
 209:Generated_Source\PSoC4/PWM_OUT_A.c ****     uint32 intrCfg;
 210:Generated_Source\PSoC4/PWM_OUT_A.c ****     
ARM GAS  C:\Users\prana\AppData\Local\Temp\ccr3nqpv.s 			page 28


 211:Generated_Source\PSoC4/PWM_OUT_A.c ****     intrCfg =  PWM_OUT_A_INTCFG & (uint32)(~(uint32)position);
 458              		.loc 1 211 0
 459 0000 034A     		ldr	r2, .L14
 212:Generated_Source\PSoC4/PWM_OUT_A.c ****     PWM_OUT_A_INTCFG = intrCfg | ((uint32)position & (uint32)mode);
 213:Generated_Source\PSoC4/PWM_OUT_A.c **** }
 460              		.loc 1 213 0
 461              		@ sp needed
 211:Generated_Source\PSoC4/PWM_OUT_A.c ****     PWM_OUT_A_INTCFG = intrCfg | ((uint32)position & (uint32)mode);
 462              		.loc 1 211 0
 463 0002 1368     		ldr	r3, [r2]
 464              	.LVL5:
 212:Generated_Source\PSoC4/PWM_OUT_A.c ****     PWM_OUT_A_INTCFG = intrCfg | ((uint32)position & (uint32)mode);
 465              		.loc 1 212 0
 466 0004 8343     		bics	r3, r0
 467              	.LVL6:
 468 0006 0840     		ands	r0, r1
 469              	.LVL7:
 470 0008 1843     		orrs	r0, r3
 471 000a 1060     		str	r0, [r2]
 472              		.loc 1 213 0
 473 000c 7047     		bx	lr
 474              	.L15:
 475 000e C046     		.align	2
 476              	.L14:
 477 0010 0C000440 		.word	1074003980
 478              		.cfi_endproc
 479              	.LFE4:
 480              		.size	PWM_OUT_A_SetInterruptMode, .-PWM_OUT_A_SetInterruptMode
 481              		.section	.text.PWM_OUT_A_ClearInterrupt,"ax",%progbits
 482              		.align	1
 483              		.global	PWM_OUT_A_ClearInterrupt
 484              		.code	16
 485              		.thumb_func
 486              		.type	PWM_OUT_A_ClearInterrupt, %function
 487              	PWM_OUT_A_ClearInterrupt:
 488              	.LFB5:
 214:Generated_Source\PSoC4/PWM_OUT_A.c **** 
 215:Generated_Source\PSoC4/PWM_OUT_A.c **** 
 216:Generated_Source\PSoC4/PWM_OUT_A.c **** /*******************************************************************************
 217:Generated_Source\PSoC4/PWM_OUT_A.c **** * Function Name: PWM_OUT_A_ClearInterrupt
 218:Generated_Source\PSoC4/PWM_OUT_A.c **** ****************************************************************************//**
 219:Generated_Source\PSoC4/PWM_OUT_A.c **** *
 220:Generated_Source\PSoC4/PWM_OUT_A.c **** * \brief Clears any active interrupts attached with the component and returns 
 221:Generated_Source\PSoC4/PWM_OUT_A.c **** *  the value of the interrupt status register allowing determination of which
 222:Generated_Source\PSoC4/PWM_OUT_A.c **** *  pins generated an interrupt event.
 223:Generated_Source\PSoC4/PWM_OUT_A.c **** *
 224:Generated_Source\PSoC4/PWM_OUT_A.c **** * \return 
 225:Generated_Source\PSoC4/PWM_OUT_A.c **** *  The right-shifted current value of the interrupt status register. Each pin 
 226:Generated_Source\PSoC4/PWM_OUT_A.c **** *  has one bit set if it generated an interrupt event. For example, bit 0 is 
 227:Generated_Source\PSoC4/PWM_OUT_A.c **** *  for pin 0 and bit 1 is for pin 1 of the Pins component.
 228:Generated_Source\PSoC4/PWM_OUT_A.c **** *  
 229:Generated_Source\PSoC4/PWM_OUT_A.c **** * \sideeffect
 230:Generated_Source\PSoC4/PWM_OUT_A.c **** *  Clears all bits of the physical port's interrupt status register, not just
 231:Generated_Source\PSoC4/PWM_OUT_A.c **** *  those associated with the Pins component.
 232:Generated_Source\PSoC4/PWM_OUT_A.c **** *
 233:Generated_Source\PSoC4/PWM_OUT_A.c **** * \funcusage
 234:Generated_Source\PSoC4/PWM_OUT_A.c **** *  \snippet PWM_OUT_A_SUT.c usage_PWM_OUT_A_ClearInterrupt
ARM GAS  C:\Users\prana\AppData\Local\Temp\ccr3nqpv.s 			page 29


 235:Generated_Source\PSoC4/PWM_OUT_A.c **** *******************************************************************************/
 236:Generated_Source\PSoC4/PWM_OUT_A.c **** uint8 PWM_OUT_A_ClearInterrupt(void)
 237:Generated_Source\PSoC4/PWM_OUT_A.c **** {
 489              		.loc 1 237 0
 490              		.cfi_startproc
 491              		@ args = 0, pretend = 0, frame = 0
 492              		@ frame_needed = 0, uses_anonymous_args = 0
 493              		@ link register save eliminated.
 238:Generated_Source\PSoC4/PWM_OUT_A.c **** 	uint8 maskedStatus = (uint8)(PWM_OUT_A_INTSTAT & PWM_OUT_A_MASK);
 494              		.loc 1 238 0
 495 0000 0123     		movs	r3, #1
 496 0002 024A     		ldr	r2, .L17
 239:Generated_Source\PSoC4/PWM_OUT_A.c **** 	PWM_OUT_A_INTSTAT = maskedStatus;
 240:Generated_Source\PSoC4/PWM_OUT_A.c ****     return maskedStatus >> PWM_OUT_A_SHIFT;
 241:Generated_Source\PSoC4/PWM_OUT_A.c **** }
 497              		.loc 1 241 0
 498              		@ sp needed
 238:Generated_Source\PSoC4/PWM_OUT_A.c **** 	uint8 maskedStatus = (uint8)(PWM_OUT_A_INTSTAT & PWM_OUT_A_MASK);
 499              		.loc 1 238 0
 500 0004 1068     		ldr	r0, [r2]
 501 0006 1840     		ands	r0, r3
 502              	.LVL8:
 239:Generated_Source\PSoC4/PWM_OUT_A.c **** 	PWM_OUT_A_INTSTAT = maskedStatus;
 503              		.loc 1 239 0
 504 0008 1060     		str	r0, [r2]
 505              		.loc 1 241 0
 506 000a 7047     		bx	lr
 507              	.L18:
 508              		.align	2
 509              	.L17:
 510 000c 10000440 		.word	1074003984
 511              		.cfi_endproc
 512              	.LFE5:
 513              		.size	PWM_OUT_A_ClearInterrupt, .-PWM_OUT_A_ClearInterrupt
 514              		.text
 515              	.Letext0:
 516              		.file 2 "Generated_Source\\PSoC4\\cytypes.h"
 517              		.section	.debug_info,"",%progbits
 518              	.Ldebug_info0:
 519 0000 9C010000 		.4byte	0x19c
 520 0004 0400     		.2byte	0x4
 521 0006 00000000 		.4byte	.Ldebug_abbrev0
 522 000a 04       		.byte	0x4
 523 000b 01       		.uleb128 0x1
 524 000c 56010000 		.4byte	.LASF28
 525 0010 0C       		.byte	0xc
 526 0011 37020000 		.4byte	.LASF29
 527 0015 BB000000 		.4byte	.LASF30
 528 0019 00000000 		.4byte	.Ldebug_ranges0+0
 529 001d 00000000 		.4byte	0
 530 0021 00000000 		.4byte	.Ldebug_line0
 531 0025 02       		.uleb128 0x2
 532 0026 01       		.byte	0x1
 533 0027 06       		.byte	0x6
 534 0028 79020000 		.4byte	.LASF0
 535 002c 02       		.uleb128 0x2
 536 002d 01       		.byte	0x1
ARM GAS  C:\Users\prana\AppData\Local\Temp\ccr3nqpv.s 			page 30


 537 002e 08       		.byte	0x8
 538 002f 82000000 		.4byte	.LASF1
 539 0033 02       		.uleb128 0x2
 540 0034 02       		.byte	0x2
 541 0035 05       		.byte	0x5
 542 0036 09010000 		.4byte	.LASF2
 543 003a 02       		.uleb128 0x2
 544 003b 02       		.byte	0x2
 545 003c 07       		.byte	0x7
 546 003d A8000000 		.4byte	.LASF3
 547 0041 02       		.uleb128 0x2
 548 0042 04       		.byte	0x4
 549 0043 05       		.byte	0x5
 550 0044 70020000 		.4byte	.LASF4
 551 0048 02       		.uleb128 0x2
 552 0049 04       		.byte	0x4
 553 004a 07       		.byte	0x7
 554 004b 96000000 		.4byte	.LASF5
 555 004f 02       		.uleb128 0x2
 556 0050 08       		.byte	0x8
 557 0051 05       		.byte	0x5
 558 0052 17020000 		.4byte	.LASF6
 559 0056 02       		.uleb128 0x2
 560 0057 08       		.byte	0x8
 561 0058 07       		.byte	0x7
 562 0059 3F010000 		.4byte	.LASF7
 563 005d 03       		.uleb128 0x3
 564 005e 04       		.byte	0x4
 565 005f 05       		.byte	0x5
 566 0060 696E7400 		.ascii	"int\000"
 567 0064 02       		.uleb128 0x2
 568 0065 04       		.byte	0x4
 569 0066 07       		.byte	0x7
 570 0067 32010000 		.4byte	.LASF8
 571 006b 04       		.uleb128 0x4
 572 006c 5A020000 		.4byte	.LASF9
 573 0070 02       		.byte	0x2
 574 0071 D201     		.2byte	0x1d2
 575 0073 2C000000 		.4byte	0x2c
 576 0077 04       		.uleb128 0x4
 577 0078 13010000 		.4byte	.LASF10
 578 007c 02       		.byte	0x2
 579 007d D301     		.2byte	0x1d3
 580 007f 3A000000 		.4byte	0x3a
 581 0083 04       		.uleb128 0x4
 582 0084 23010000 		.4byte	.LASF11
 583 0088 02       		.byte	0x2
 584 0089 D401     		.2byte	0x1d4
 585 008b 48000000 		.4byte	0x48
 586 008f 02       		.uleb128 0x2
 587 0090 04       		.byte	0x4
 588 0091 04       		.byte	0x4
 589 0092 65000000 		.4byte	.LASF12
 590 0096 02       		.uleb128 0x2
 591 0097 08       		.byte	0x8
 592 0098 04       		.byte	0x4
 593 0099 02010000 		.4byte	.LASF13
ARM GAS  C:\Users\prana\AppData\Local\Temp\ccr3nqpv.s 			page 31


 594 009d 02       		.uleb128 0x2
 595 009e 01       		.byte	0x1
 596 009f 08       		.byte	0x8
 597 00a0 32020000 		.4byte	.LASF14
 598 00a4 04       		.uleb128 0x4
 599 00a5 00000000 		.4byte	.LASF15
 600 00a9 02       		.byte	0x2
 601 00aa 7E02     		.2byte	0x27e
 602 00ac B0000000 		.4byte	0xb0
 603 00b0 05       		.uleb128 0x5
 604 00b1 83000000 		.4byte	0x83
 605 00b5 06       		.uleb128 0x6
 606 00b6 6B000000 		.4byte	.LASF16
 607 00ba 01       		.byte	0x1
 608 00bb 48       		.byte	0x48
 609 00bc 00000000 		.4byte	.LFB0
 610 00c0 14000000 		.4byte	.LFE0-.LFB0
 611 00c4 01       		.uleb128 0x1
 612 00c5 9C       		.byte	0x9c
 613 00c6 DA000000 		.4byte	0xda
 614 00ca 07       		.uleb128 0x7
 615 00cb 12020000 		.4byte	.LASF18
 616 00cf 01       		.byte	0x1
 617 00d0 48       		.byte	0x48
 618 00d1 6B000000 		.4byte	0x6b
 619 00d5 00000000 		.4byte	.LLST0
 620 00d9 00       		.byte	0
 621 00da 06       		.uleb128 0x6
 622 00db 60020000 		.4byte	.LASF17
 623 00df 01       		.byte	0x1
 624 00e0 6F       		.byte	0x6f
 625 00e1 00000000 		.4byte	.LFB1
 626 00e5 18000000 		.4byte	.LFE1-.LFB1
 627 00e9 01       		.uleb128 0x1
 628 00ea 9C       		.byte	0x9c
 629 00eb 11010000 		.4byte	0x111
 630 00ef 08       		.uleb128 0x8
 631 00f0 1C000000 		.4byte	.LASF19
 632 00f4 01       		.byte	0x1
 633 00f5 6F       		.byte	0x6f
 634 00f6 6B000000 		.4byte	0x6b
 635 00fa 01       		.uleb128 0x1
 636 00fb 50       		.byte	0x50
 637 00fc 09       		.uleb128 0x9
 638 00fd 90000000 		.4byte	.LASF24
 639 0101 01       		.byte	0x1
 640 0102 71       		.byte	0x71
 641 0103 6B000000 		.4byte	0x6b
 642 0107 08       		.uleb128 0x8
 643 0108 70       		.byte	0x70
 644 0109 00       		.sleb128 0
 645 010a 31       		.byte	0x31
 646 010b 1A       		.byte	0x1a
 647 010c 72       		.byte	0x72
 648 010d 00       		.sleb128 0
 649 010e 21       		.byte	0x21
 650 010f 9F       		.byte	0x9f
ARM GAS  C:\Users\prana\AppData\Local\Temp\ccr3nqpv.s 			page 32


 651 0110 00       		.byte	0
 652 0111 0A       		.uleb128 0xa
 653 0112 3D000000 		.4byte	.LASF20
 654 0116 01       		.byte	0x1
 655 0117 88       		.byte	0x88
 656 0118 6B000000 		.4byte	0x6b
 657 011c 00000000 		.4byte	.LFB2
 658 0120 10000000 		.4byte	.LFE2-.LFB2
 659 0124 01       		.uleb128 0x1
 660 0125 9C       		.byte	0x9c
 661 0126 0A       		.uleb128 0xa
 662 0127 06000000 		.4byte	.LASF21
 663 012b 01       		.byte	0x1
 664 012c A4       		.byte	0xa4
 665 012d 6B000000 		.4byte	0x6b
 666 0131 00000000 		.4byte	.LFB3
 667 0135 10000000 		.4byte	.LFE3-.LFB3
 668 0139 01       		.uleb128 0x1
 669 013a 9C       		.byte	0x9c
 670 013b 06       		.uleb128 0x6
 671 013c 22000000 		.4byte	.LASF22
 672 0140 01       		.byte	0x1
 673 0141 CF       		.byte	0xcf
 674 0142 00000000 		.4byte	.LFB4
 675 0146 14000000 		.4byte	.LFE4-.LFB4
 676 014a 01       		.uleb128 0x1
 677 014b 9C       		.byte	0x9c
 678 014c 7C010000 		.4byte	0x17c
 679 0150 07       		.uleb128 0x7
 680 0151 1A010000 		.4byte	.LASF23
 681 0155 01       		.byte	0x1
 682 0156 CF       		.byte	0xcf
 683 0157 77000000 		.4byte	0x77
 684 015b 21000000 		.4byte	.LLST1
 685 015f 08       		.uleb128 0x8
 686 0160 12020000 		.4byte	.LASF18
 687 0164 01       		.byte	0x1
 688 0165 CF       		.byte	0xcf
 689 0166 77000000 		.4byte	0x77
 690 016a 01       		.uleb128 0x1
 691 016b 51       		.byte	0x51
 692 016c 0B       		.uleb128 0xb
 693 016d 2A010000 		.4byte	.LASF25
 694 0171 01       		.byte	0x1
 695 0172 D1       		.byte	0xd1
 696 0173 83000000 		.4byte	0x83
 697 0177 42000000 		.4byte	.LLST2
 698 017b 00       		.byte	0
 699 017c 0C       		.uleb128 0xc
 700 017d 4C000000 		.4byte	.LASF26
 701 0181 01       		.byte	0x1
 702 0182 EC       		.byte	0xec
 703 0183 6B000000 		.4byte	0x6b
 704 0187 00000000 		.4byte	.LFB5
 705 018b 10000000 		.4byte	.LFE5-.LFB5
 706 018f 01       		.uleb128 0x1
 707 0190 9C       		.byte	0x9c
ARM GAS  C:\Users\prana\AppData\Local\Temp\ccr3nqpv.s 			page 33


 708 0191 09       		.uleb128 0x9
 709 0192 25020000 		.4byte	.LASF27
 710 0196 01       		.byte	0x1
 711 0197 EE       		.byte	0xee
 712 0198 6B000000 		.4byte	0x6b
 713 019c 01       		.uleb128 0x1
 714 019d 50       		.byte	0x50
 715 019e 00       		.byte	0
 716 019f 00       		.byte	0
 717              		.section	.debug_abbrev,"",%progbits
 718              	.Ldebug_abbrev0:
 719 0000 01       		.uleb128 0x1
 720 0001 11       		.uleb128 0x11
 721 0002 01       		.byte	0x1
 722 0003 25       		.uleb128 0x25
 723 0004 0E       		.uleb128 0xe
 724 0005 13       		.uleb128 0x13
 725 0006 0B       		.uleb128 0xb
 726 0007 03       		.uleb128 0x3
 727 0008 0E       		.uleb128 0xe
 728 0009 1B       		.uleb128 0x1b
 729 000a 0E       		.uleb128 0xe
 730 000b 55       		.uleb128 0x55
 731 000c 17       		.uleb128 0x17
 732 000d 11       		.uleb128 0x11
 733 000e 01       		.uleb128 0x1
 734 000f 10       		.uleb128 0x10
 735 0010 17       		.uleb128 0x17
 736 0011 00       		.byte	0
 737 0012 00       		.byte	0
 738 0013 02       		.uleb128 0x2
 739 0014 24       		.uleb128 0x24
 740 0015 00       		.byte	0
 741 0016 0B       		.uleb128 0xb
 742 0017 0B       		.uleb128 0xb
 743 0018 3E       		.uleb128 0x3e
 744 0019 0B       		.uleb128 0xb
 745 001a 03       		.uleb128 0x3
 746 001b 0E       		.uleb128 0xe
 747 001c 00       		.byte	0
 748 001d 00       		.byte	0
 749 001e 03       		.uleb128 0x3
 750 001f 24       		.uleb128 0x24
 751 0020 00       		.byte	0
 752 0021 0B       		.uleb128 0xb
 753 0022 0B       		.uleb128 0xb
 754 0023 3E       		.uleb128 0x3e
 755 0024 0B       		.uleb128 0xb
 756 0025 03       		.uleb128 0x3
 757 0026 08       		.uleb128 0x8
 758 0027 00       		.byte	0
 759 0028 00       		.byte	0
 760 0029 04       		.uleb128 0x4
 761 002a 16       		.uleb128 0x16
 762 002b 00       		.byte	0
 763 002c 03       		.uleb128 0x3
 764 002d 0E       		.uleb128 0xe
ARM GAS  C:\Users\prana\AppData\Local\Temp\ccr3nqpv.s 			page 34


 765 002e 3A       		.uleb128 0x3a
 766 002f 0B       		.uleb128 0xb
 767 0030 3B       		.uleb128 0x3b
 768 0031 05       		.uleb128 0x5
 769 0032 49       		.uleb128 0x49
 770 0033 13       		.uleb128 0x13
 771 0034 00       		.byte	0
 772 0035 00       		.byte	0
 773 0036 05       		.uleb128 0x5
 774 0037 35       		.uleb128 0x35
 775 0038 00       		.byte	0
 776 0039 49       		.uleb128 0x49
 777 003a 13       		.uleb128 0x13
 778 003b 00       		.byte	0
 779 003c 00       		.byte	0
 780 003d 06       		.uleb128 0x6
 781 003e 2E       		.uleb128 0x2e
 782 003f 01       		.byte	0x1
 783 0040 3F       		.uleb128 0x3f
 784 0041 19       		.uleb128 0x19
 785 0042 03       		.uleb128 0x3
 786 0043 0E       		.uleb128 0xe
 787 0044 3A       		.uleb128 0x3a
 788 0045 0B       		.uleb128 0xb
 789 0046 3B       		.uleb128 0x3b
 790 0047 0B       		.uleb128 0xb
 791 0048 27       		.uleb128 0x27
 792 0049 19       		.uleb128 0x19
 793 004a 11       		.uleb128 0x11
 794 004b 01       		.uleb128 0x1
 795 004c 12       		.uleb128 0x12
 796 004d 06       		.uleb128 0x6
 797 004e 40       		.uleb128 0x40
 798 004f 18       		.uleb128 0x18
 799 0050 9742     		.uleb128 0x2117
 800 0052 19       		.uleb128 0x19
 801 0053 01       		.uleb128 0x1
 802 0054 13       		.uleb128 0x13
 803 0055 00       		.byte	0
 804 0056 00       		.byte	0
 805 0057 07       		.uleb128 0x7
 806 0058 05       		.uleb128 0x5
 807 0059 00       		.byte	0
 808 005a 03       		.uleb128 0x3
 809 005b 0E       		.uleb128 0xe
 810 005c 3A       		.uleb128 0x3a
 811 005d 0B       		.uleb128 0xb
 812 005e 3B       		.uleb128 0x3b
 813 005f 0B       		.uleb128 0xb
 814 0060 49       		.uleb128 0x49
 815 0061 13       		.uleb128 0x13
 816 0062 02       		.uleb128 0x2
 817 0063 17       		.uleb128 0x17
 818 0064 00       		.byte	0
 819 0065 00       		.byte	0
 820 0066 08       		.uleb128 0x8
 821 0067 05       		.uleb128 0x5
ARM GAS  C:\Users\prana\AppData\Local\Temp\ccr3nqpv.s 			page 35


 822 0068 00       		.byte	0
 823 0069 03       		.uleb128 0x3
 824 006a 0E       		.uleb128 0xe
 825 006b 3A       		.uleb128 0x3a
 826 006c 0B       		.uleb128 0xb
 827 006d 3B       		.uleb128 0x3b
 828 006e 0B       		.uleb128 0xb
 829 006f 49       		.uleb128 0x49
 830 0070 13       		.uleb128 0x13
 831 0071 02       		.uleb128 0x2
 832 0072 18       		.uleb128 0x18
 833 0073 00       		.byte	0
 834 0074 00       		.byte	0
 835 0075 09       		.uleb128 0x9
 836 0076 34       		.uleb128 0x34
 837 0077 00       		.byte	0
 838 0078 03       		.uleb128 0x3
 839 0079 0E       		.uleb128 0xe
 840 007a 3A       		.uleb128 0x3a
 841 007b 0B       		.uleb128 0xb
 842 007c 3B       		.uleb128 0x3b
 843 007d 0B       		.uleb128 0xb
 844 007e 49       		.uleb128 0x49
 845 007f 13       		.uleb128 0x13
 846 0080 02       		.uleb128 0x2
 847 0081 18       		.uleb128 0x18
 848 0082 00       		.byte	0
 849 0083 00       		.byte	0
 850 0084 0A       		.uleb128 0xa
 851 0085 2E       		.uleb128 0x2e
 852 0086 00       		.byte	0
 853 0087 3F       		.uleb128 0x3f
 854 0088 19       		.uleb128 0x19
 855 0089 03       		.uleb128 0x3
 856 008a 0E       		.uleb128 0xe
 857 008b 3A       		.uleb128 0x3a
 858 008c 0B       		.uleb128 0xb
 859 008d 3B       		.uleb128 0x3b
 860 008e 0B       		.uleb128 0xb
 861 008f 27       		.uleb128 0x27
 862 0090 19       		.uleb128 0x19
 863 0091 49       		.uleb128 0x49
 864 0092 13       		.uleb128 0x13
 865 0093 11       		.uleb128 0x11
 866 0094 01       		.uleb128 0x1
 867 0095 12       		.uleb128 0x12
 868 0096 06       		.uleb128 0x6
 869 0097 40       		.uleb128 0x40
 870 0098 18       		.uleb128 0x18
 871 0099 9742     		.uleb128 0x2117
 872 009b 19       		.uleb128 0x19
 873 009c 00       		.byte	0
 874 009d 00       		.byte	0
 875 009e 0B       		.uleb128 0xb
 876 009f 34       		.uleb128 0x34
 877 00a0 00       		.byte	0
 878 00a1 03       		.uleb128 0x3
ARM GAS  C:\Users\prana\AppData\Local\Temp\ccr3nqpv.s 			page 36


 879 00a2 0E       		.uleb128 0xe
 880 00a3 3A       		.uleb128 0x3a
 881 00a4 0B       		.uleb128 0xb
 882 00a5 3B       		.uleb128 0x3b
 883 00a6 0B       		.uleb128 0xb
 884 00a7 49       		.uleb128 0x49
 885 00a8 13       		.uleb128 0x13
 886 00a9 02       		.uleb128 0x2
 887 00aa 17       		.uleb128 0x17
 888 00ab 00       		.byte	0
 889 00ac 00       		.byte	0
 890 00ad 0C       		.uleb128 0xc
 891 00ae 2E       		.uleb128 0x2e
 892 00af 01       		.byte	0x1
 893 00b0 3F       		.uleb128 0x3f
 894 00b1 19       		.uleb128 0x19
 895 00b2 03       		.uleb128 0x3
 896 00b3 0E       		.uleb128 0xe
 897 00b4 3A       		.uleb128 0x3a
 898 00b5 0B       		.uleb128 0xb
 899 00b6 3B       		.uleb128 0x3b
 900 00b7 0B       		.uleb128 0xb
 901 00b8 27       		.uleb128 0x27
 902 00b9 19       		.uleb128 0x19
 903 00ba 49       		.uleb128 0x49
 904 00bb 13       		.uleb128 0x13
 905 00bc 11       		.uleb128 0x11
 906 00bd 01       		.uleb128 0x1
 907 00be 12       		.uleb128 0x12
 908 00bf 06       		.uleb128 0x6
 909 00c0 40       		.uleb128 0x40
 910 00c1 18       		.uleb128 0x18
 911 00c2 9742     		.uleb128 0x2117
 912 00c4 19       		.uleb128 0x19
 913 00c5 00       		.byte	0
 914 00c6 00       		.byte	0
 915 00c7 00       		.byte	0
 916              		.section	.debug_loc,"",%progbits
 917              	.Ldebug_loc0:
 918              	.LLST0:
 919 0000 00000000 		.4byte	.LVL0
 920 0004 0A000000 		.4byte	.LVL1
 921 0008 0100     		.2byte	0x1
 922 000a 50       		.byte	0x50
 923 000b 0A000000 		.4byte	.LVL1
 924 000f 14000000 		.4byte	.LFE0
 925 0013 0400     		.2byte	0x4
 926 0015 F3       		.byte	0xf3
 927 0016 01       		.uleb128 0x1
 928 0017 50       		.byte	0x50
 929 0018 9F       		.byte	0x9f
 930 0019 00000000 		.4byte	0
 931 001d 00000000 		.4byte	0
 932              	.LLST1:
 933 0021 00000000 		.4byte	.LVL4
 934 0025 08000000 		.4byte	.LVL7
 935 0029 0100     		.2byte	0x1
ARM GAS  C:\Users\prana\AppData\Local\Temp\ccr3nqpv.s 			page 37


 936 002b 50       		.byte	0x50
 937 002c 08000000 		.4byte	.LVL7
 938 0030 14000000 		.4byte	.LFE4
 939 0034 0400     		.2byte	0x4
 940 0036 F3       		.byte	0xf3
 941 0037 01       		.uleb128 0x1
 942 0038 50       		.byte	0x50
 943 0039 9F       		.byte	0x9f
 944 003a 00000000 		.4byte	0
 945 003e 00000000 		.4byte	0
 946              	.LLST2:
 947 0042 04000000 		.4byte	.LVL5
 948 0046 06000000 		.4byte	.LVL6
 949 004a 0B00     		.2byte	0xb
 950 004c 70       		.byte	0x70
 951 004d 00       		.sleb128 0
 952 004e 0A       		.byte	0xa
 953 004f FFFF     		.2byte	0xffff
 954 0051 1A       		.byte	0x1a
 955 0052 20       		.byte	0x20
 956 0053 73       		.byte	0x73
 957 0054 00       		.sleb128 0
 958 0055 1A       		.byte	0x1a
 959 0056 9F       		.byte	0x9f
 960 0057 00000000 		.4byte	0
 961 005b 00000000 		.4byte	0
 962              		.section	.debug_aranges,"",%progbits
 963 0000 44000000 		.4byte	0x44
 964 0004 0200     		.2byte	0x2
 965 0006 00000000 		.4byte	.Ldebug_info0
 966 000a 04       		.byte	0x4
 967 000b 00       		.byte	0
 968 000c 0000     		.2byte	0
 969 000e 0000     		.2byte	0
 970 0010 00000000 		.4byte	.LFB0
 971 0014 14000000 		.4byte	.LFE0-.LFB0
 972 0018 00000000 		.4byte	.LFB1
 973 001c 18000000 		.4byte	.LFE1-.LFB1
 974 0020 00000000 		.4byte	.LFB2
 975 0024 10000000 		.4byte	.LFE2-.LFB2
 976 0028 00000000 		.4byte	.LFB3
 977 002c 10000000 		.4byte	.LFE3-.LFB3
 978 0030 00000000 		.4byte	.LFB4
 979 0034 14000000 		.4byte	.LFE4-.LFB4
 980 0038 00000000 		.4byte	.LFB5
 981 003c 10000000 		.4byte	.LFE5-.LFB5
 982 0040 00000000 		.4byte	0
 983 0044 00000000 		.4byte	0
 984              		.section	.debug_ranges,"",%progbits
 985              	.Ldebug_ranges0:
 986 0000 00000000 		.4byte	.LFB0
 987 0004 14000000 		.4byte	.LFE0
 988 0008 00000000 		.4byte	.LFB1
 989 000c 18000000 		.4byte	.LFE1
 990 0010 00000000 		.4byte	.LFB2
 991 0014 10000000 		.4byte	.LFE2
 992 0018 00000000 		.4byte	.LFB3
ARM GAS  C:\Users\prana\AppData\Local\Temp\ccr3nqpv.s 			page 38


 993 001c 10000000 		.4byte	.LFE3
 994 0020 00000000 		.4byte	.LFB4
 995 0024 14000000 		.4byte	.LFE4
 996 0028 00000000 		.4byte	.LFB5
 997 002c 10000000 		.4byte	.LFE5
 998 0030 00000000 		.4byte	0
 999 0034 00000000 		.4byte	0
 1000              		.section	.debug_line,"",%progbits
 1001              	.Ldebug_line0:
 1002 0000 C7000000 		.section	.debug_str,"MS",%progbits,1
 1002      02004600 
 1002      00000201 
 1002      FB0E0D00 
 1002      01010101 
 1003              	.LASF15:
 1004 0000 72656733 		.ascii	"reg32\000"
 1004      3200
 1005              	.LASF21:
 1006 0006 50574D5F 		.ascii	"PWM_OUT_A_ReadDataReg\000"
 1006      4F55545F 
 1006      415F5265 
 1006      61644461 
 1006      74615265 
 1007              	.LASF19:
 1008 001c 76616C75 		.ascii	"value\000"
 1008      6500
 1009              	.LASF22:
 1010 0022 50574D5F 		.ascii	"PWM_OUT_A_SetInterruptMode\000"
 1010      4F55545F 
 1010      415F5365 
 1010      74496E74 
 1010      65727275 
 1011              	.LASF20:
 1012 003d 50574D5F 		.ascii	"PWM_OUT_A_Read\000"
 1012      4F55545F 
 1012      415F5265 
 1012      616400
 1013              	.LASF26:
 1014 004c 50574D5F 		.ascii	"PWM_OUT_A_ClearInterrupt\000"
 1014      4F55545F 
 1014      415F436C 
 1014      65617249 
 1014      6E746572 
 1015              	.LASF12:
 1016 0065 666C6F61 		.ascii	"float\000"
 1016      7400
 1017              	.LASF16:
 1018 006b 50574D5F 		.ascii	"PWM_OUT_A_SetDriveMode\000"
 1018      4F55545F 
 1018      415F5365 
 1018      74447269 
 1018      76654D6F 
 1019              	.LASF1:
 1020 0082 756E7369 		.ascii	"unsigned char\000"
 1020      676E6564 
 1020      20636861 
 1020      7200
ARM GAS  C:\Users\prana\AppData\Local\Temp\ccr3nqpv.s 			page 39


 1021              	.LASF24:
 1022 0090 64725661 		.ascii	"drVal\000"
 1022      6C00
 1023              	.LASF5:
 1024 0096 6C6F6E67 		.ascii	"long unsigned int\000"
 1024      20756E73 
 1024      69676E65 
 1024      6420696E 
 1024      7400
 1025              	.LASF3:
 1026 00a8 73686F72 		.ascii	"short unsigned int\000"
 1026      7420756E 
 1026      7369676E 
 1026      65642069 
 1026      6E7400
 1027              	.LASF30:
 1028 00bb 453A5C56 		.ascii	"E:\\VSeries\\FW\\PDSS_SRC_SNK\\CYPD3171-24LQXQ_pb\\"
 1028      53657269 
 1028      65735C46 
 1028      575C5044 
 1028      53535F53 
 1029 00e9 43595044 		.ascii	"CYPD3171-24LQXQ_pb.cydsn\000"
 1029      33313731 
 1029      2D32344C 
 1029      5158515F 
 1029      70622E63 
 1030              	.LASF13:
 1031 0102 646F7562 		.ascii	"double\000"
 1031      6C6500
 1032              	.LASF2:
 1033 0109 73686F72 		.ascii	"short int\000"
 1033      7420696E 
 1033      7400
 1034              	.LASF10:
 1035 0113 75696E74 		.ascii	"uint16\000"
 1035      313600
 1036              	.LASF23:
 1037 011a 706F7369 		.ascii	"position\000"
 1037      74696F6E 
 1037      00
 1038              	.LASF11:
 1039 0123 75696E74 		.ascii	"uint32\000"
 1039      333200
 1040              	.LASF25:
 1041 012a 696E7472 		.ascii	"intrCfg\000"
 1041      43666700 
 1042              	.LASF8:
 1043 0132 756E7369 		.ascii	"unsigned int\000"
 1043      676E6564 
 1043      20696E74 
 1043      00
 1044              	.LASF7:
 1045 013f 6C6F6E67 		.ascii	"long long unsigned int\000"
 1045      206C6F6E 
 1045      6720756E 
 1045      7369676E 
 1045      65642069 
ARM GAS  C:\Users\prana\AppData\Local\Temp\ccr3nqpv.s 			page 40


 1046              	.LASF28:
 1047 0156 474E5520 		.ascii	"GNU C11 5.4.1 20160609 (release) [ARM/embedded-5-br"
 1047      43313120 
 1047      352E342E 
 1047      31203230 
 1047      31363036 
 1048 0189 616E6368 		.ascii	"anch revision 237715] -mcpu=cortex-m0 -mthumb -g -O"
 1048      20726576 
 1048      6973696F 
 1048      6E203233 
 1048      37373135 
 1049 01bc 73202D66 		.ascii	"s -ffunction-sections -ffat-lto-objects -finline-fu"
 1049      66756E63 
 1049      74696F6E 
 1049      2D736563 
 1049      74696F6E 
 1050 01ef 6E637469 		.ascii	"nctions -flto -fno-strict-aliasing\000"
 1050      6F6E7320 
 1050      2D666C74 
 1050      6F202D66 
 1050      6E6F2D73 
 1051              	.LASF18:
 1052 0212 6D6F6465 		.ascii	"mode\000"
 1052      00
 1053              	.LASF6:
 1054 0217 6C6F6E67 		.ascii	"long long int\000"
 1054      206C6F6E 
 1054      6720696E 
 1054      7400
 1055              	.LASF27:
 1056 0225 6D61736B 		.ascii	"maskedStatus\000"
 1056      65645374 
 1056      61747573 
 1056      00
 1057              	.LASF14:
 1058 0232 63686172 		.ascii	"char\000"
 1058      00
 1059              	.LASF29:
 1060 0237 47656E65 		.ascii	"Generated_Source\\PSoC4\\PWM_OUT_A.c\000"
 1060      72617465 
 1060      645F536F 
 1060      75726365 
 1060      5C50536F 
 1061              	.LASF9:
 1062 025a 75696E74 		.ascii	"uint8\000"
 1062      3800
 1063              	.LASF17:
 1064 0260 50574D5F 		.ascii	"PWM_OUT_A_Write\000"
 1064      4F55545F 
 1064      415F5772 
 1064      69746500 
 1065              	.LASF4:
 1066 0270 6C6F6E67 		.ascii	"long int\000"
 1066      20696E74 
 1066      00
 1067              	.LASF0:
 1068 0279 7369676E 		.ascii	"signed char\000"
ARM GAS  C:\Users\prana\AppData\Local\Temp\ccr3nqpv.s 			page 41


 1068      65642063 
 1068      68617200 
 1069              		.comm	__gnu_lto_v1,1,1
 1070              		.ident	"GCC: (GNU Tools for ARM Embedded Processors) 5.4.1 20160609 (release) [ARM/embedded-5-bran
