ARM GAS  C:\Users\prana\AppData\Local\Temp\ccAjeeZR.s 			page 1


   1              		.syntax unified
   2              		.cpu cortex-m0
   3              		.fpu softvfp
   4              		.eabi_attribute 20, 1
   5              		.eabi_attribute 21, 1
   6              		.eabi_attribute 23, 3
   7              		.eabi_attribute 24, 1
   8              		.eabi_attribute 25, 1
   9              		.eabi_attribute 26, 1
  10              		.eabi_attribute 30, 4
  11              		.eabi_attribute 34, 0
  12              		.eabi_attribute 18, 4
  13              		.thumb
  14              		.syntax unified
  15              		.file	"PWMI_C_PM.c"
  16              		.text
  17              	.Ltext0:
  18              		.section	.gnu.lto_.profile.b369b508,"",%progbits
  19 0000 789C6361 		.ascii	"x\234ca`d`a`\000\222\252\374\000\000\303\000?"
  19      60646061 
  19      600092AA 
  19      FC0000C3 
  19      003F
  20              		.text
  21              		.section	.gnu.lto_.icf.b369b508,"",%progbits
  22 0000 789C6361 		.ascii	"x\234ca`d\000\001\005\006\004`eX?\363A\013\023\343\275"
  22      60640001 
  22      05060460 
  22      65583FF3 
  22      410B13E3 
  23 0015 799BFFF2 		.ascii	"y\233\377\3622M\332\276\370.33X\204\245\343\362\277"
  23      324DDABE 
  23      F82E3333 
  23      5884A5E3 
  23      F2BF
  24 0027 376C0C00 		.ascii	"7l\014\000\364\202\016\341"
  24      F4820EE1 
  25              		.text
  26              		.section	.gnu.lto_.jmpfuncs.b369b508,"",%progbits
  27 0000 789C6361 		.ascii	"x\234ca`d\000\001\001\006\004`\001b\220(3\204\311\000"
  27      60640001 
  27      01060460 
  27      01629028 
  27      3384C900 
  28 0014 00030E00 		.ascii	"\000\003\016\000\""
  28      22
  29              		.text
  30              		.section	.gnu.lto_.inline.b369b508,"",%progbits
  31 0000 789C6361 		.ascii	"x\234ca`d\000\2010\006\004`a``fbd`\0022\331\026\310"
  31      60640081 
  31      30060460 
  31      61606066 
  31      62646002 
  32 0018 8328A022 		.ascii	"\203(\240\".A\240\010\317\004?\204\020\027\220`\306"
  32      2E41A008 
  32      CF043F84 
  32      10179060 
ARM GAS  C:\Users\prana\AppData\Local\Temp\ccAjeeZR.s 			page 2


  32      C6
  33 0029 50C9C2C0 		.ascii	"P\311\302\300\316\011\024a\373\240\207\252\222\001\000"
  33      CE091461 
  33      FBA087AA 
  33      920100
  34 0038 04D605E9 		.ascii	"\004\326\005\351"
  35              		.text
  36              		.section	.gnu.lto_.pureconst.b369b508,"",%progbits
  37 0000 789C6361 		.ascii	"x\234ca`d\340d```a``\224bf`\221\000\000\001\261\000"
  37      6064E064 
  37      60606061 
  37      60609462 
  37      66609100 
  38 0018 4D       		.ascii	"M"
  39              		.text
  40              		.section	.gnu.lto_PWMI_C_SaveConfig.b369b508,"",%progbits
  41 0000 789C6361 		.ascii	"x\234ca`d\000\201j V\005bi fdf`d\232p\216\201\241\221"
  41      60640081 
  41      6A205605 
  41      62692066 
  41      64666064 
  42 001a 83899111 		.ascii	"\203\211\221\021\304h\340`d\250gb\254g\374\312\364\227"
  42      C468E060 
  42      64A86762 
  42      AC67FCCA 
  42      F497
  43 002c 89F150FB 		.ascii	"\211\361P\373\263\235L\232\313\033\200\340\301\321\311"
  43      B39D4C9A 
  43      CB1B80E0 
  43      C1D1C9
  44 003b CC0D2B0E 		.ascii	"\314\015+\0160\266230\374g\002\233\304\300\270\234Q"
  44      30B63233 
  44      30FC6702 
  44      9BC4C0B8 
  44      9C51
  45 004d 9301A8EC 		.ascii	"\223\001\250\354\321\306\177Sy\331Z@\312\024 \222\214"
  45      D1C67F53 
  45      79D95A40 
  45      CA142092 
  45      8C
  46 005e 2B18D940 		.ascii	"+\030\331@\326\255\017:\320\360\377\177s\303\201\371"
  46      D6AD0F3A 
  46      D0F0FF7F 
  46      73C381F9 
  47 006e AC4F9980 		.ascii	"\254O\231\200\022\037\200\030d\315G \007H3\277bd\002"
  47      121F8018 
  47      64CD4720 
  47      074833BF 
  47      626402
  48 0081 29059BF6 		.ascii	")\005\233\366\201\211\021$\006T\241\354\236\232\227"
  48      81891124 
  48      0654A1EC 
  48      9E9A97
  49 0090 5A945892 		.ascii	"Z\224X\222\232\022\037\234_Z\224\234\032\023\020\234"
  49      9A121F9C 
  49      5F5A949C 
  49      1A13109C 
ARM GAS  C:\Users\prana\AppData\Local\Temp\ccAjeeZR.s 			page 3


  50 00a0 EF6C1213 		.ascii	"\357l\022\023\020\356\353\031\357\034\037\340\253\227"
  50      10EEEB19 
  50      EF1C1FE0 
  50      AB97
  51 00ae CC000006 		.ascii	"\314\000\000\006\0368\257"
  51      1E38AF
  52              		.text
  53              		.section	.gnu.lto_PWMI_C_Sleep.b369b508,"",%progbits
  54 0000 789C8D51 		.ascii	"x\234\215Q\317KTQ\024>\337\275\367\275y\015\032\375"
  54      CF4B5451 
  54      143EDFBD 
  54      F7BD790D 
  54      1AFD
  55 0012 013204D1 		.ascii	"\0012\004\321\302M\263i\335F(\"\204!\027m\214!t\266"
  55      C24DB369 
  55      DD462822 
  55      8421176D 
  55      8C2174B6 
  56 0026 0952EBB9 		.ascii	"\011R\353\271\372\346e\266\2106\005Q9\033A\373a3SY\015"
  56      FAE665B6 
  56      88360551 
  56      391B41FB 
  56      61335359 
  57 003b 183D066D 		.ascii	"\030=\006m%Ed+[T\304\020\342B\301\0203\235\316\271o"
  57      2545642B 
  57      5B54C410 
  57      E242C110 
  57      339DCEB9 
  58 0050 FA018174 		.ascii	"\372\001\201t\340\335\037\347|\357\373\276{\216!\220"
  58      E0DD1FE7 
  58      7CEFFBBE 
  58      7B8E2190 
  59 0060 C4A0223A 		.ascii	"\304\240\":\314\3731\376\340\023\324\265\327D#\201R"
  59      CCFB31FE 
  59      E013D4B5 
  59      D7442381 
  59      52
  60 0071 7A2E4336 		.ascii	"z.C6m\226\262d;4\274$m~\035<@\0166\000\025\2256\036"
  60      6D96B264 
  60      3B34BC24 
  60      6D7E1D3C 
  60      400E3600 
  61 0089 8AF8A676 		.ascii	"\212\370\246v\024\032c\315\272\352\236\262\034\037\027"
  61      141A63CD 
  61      BAEA9EB2 
  61      1C1F17
  62 0098 26B49D8E 		.ascii	"&\264\235\216\021i\242\226rb\204)t\023\303>\327v\257"
  62      1169A296 
  62      72628429 
  62      7413C33E 
  62      D776AF
  63 00ab 77FA2581 		.ascii	"w\372%\201\035L\212\230\206/\216*\247c\333j\2056\336"
  63      1D4C8A98 
  63      862F8E2A 
  63      A763DB6A 
  63      8536DE
  64 00be F45E7404 		.ascii	"\364^t\004\232\"\015#\013\321\032\303Ds])\331u\023\215"
ARM GAS  C:\Users\prana\AppData\Local\Temp\ccAjeeZR.s 			page 4


  64      9A220D23 
  64      0BD11AC3 
  64      44735D29 
  64      D975138D 
  65 00d2 EF579A9B 		.ascii	"\357W\232\233Z\376\014\265f\326\033Q\343MjCEZAD&\267"
  65      5AFE0CB5 
  65      66D61B51 
  65      E34D6A43 
  65      455A4144 
  66 00e8 3FDCD4C9 		.ascii	"?\334\324\311\325\332Ik8\365e\373\335\326\3762\356\214"
  66      D5DA496B 
  66      38F565FB 
  66      DDD6FE32 
  66      EE8C
  67 00fa 94D896C6 		.ascii	"\224\330\226\306=t\341.\272X\375>\312\240&\302\037\227"
  67      3D74E12E 
  67      BA58FD3E 
  67      CAA026C2 
  67      1F97
  68 010c E6BD84D0 		.ascii	"\346\275\204\320$\234oK\325\333\216\0040x\300\330O("
  68      249C6F4B 
  68      D5DB8E04 
  68      3078C0D8 
  68      4F28
  69 011e 2D879936 		.ascii	"-\207\2316\206\001\225\325\372Vg\002 \314\010\031\211"
  69      860195D5 
  69      FA566702 
  69      20CC0819 
  69      89
  70 012f 474D7319 		.ascii	"GMs\031\2668\272Q}yJ\300\177\3333\316^\275\276\272\234"
  70      B638BA51 
  70      7D794AC0 
  70      7FDB33CE 
  70      5EBDBEBA 
  71 0144 2AEED8CB 		.ascii	"*\356\330\313\326\036\340\3348\267I\322+\213\357\347"
  71      D61EE0DC 
  71      38B749D2 
  71      2B8BEFE7 
  72 0154 D362D1BA 		.ascii	"\323b\321\272\274\207\012\367\366\241\360r\361\352\363"
  72      BC870AF7 
  72      F6A1F072 
  72      F1EAF3
  73 0163 EA78909D 		.ascii	"\352x\220\235\221\276\331\263\221\366Qe\337\273\256"
  73      91BED9B3 
  73      91F65165 
  73      DFBBAE
  74 0172 B9A821CB 		.ascii	"\271\250!\313\210\331\261\305ZZD|\000\217\234\235ue"
  74      88D9B1C5 
  74      5A5A447C 
  74      008F9C9D 
  74      7565
  75 0184 68299B98 		.ascii	"h)\233\230Y\250\355k\273\371_\371\307{\311?\371#?\353"
  75      59A8ED6B 
  75      BBF95FF9 
  75      C77BC93F 
  75      F9233FEB 
  76 0198 E47FBF91 		.ascii	"\344\177\277\221\207\211\247my\317\315\353+\302\370"
ARM GAS  C:\Users\prana\AppData\Local\Temp\ccAjeeZR.s 			page 5


  76      8789A76D 
  76      79CFCDEB 
  76      2BC2F8
  77 01a7 D62B25F2 		.ascii	"\326+%\362\377>?\325\342\231\021\236\241\310\303\016"
  77      FF3E3FD5 
  77      E299119E 
  77      A1C8C30E 
  78 01b7 6805A371 		.ascii	"h\005\243q\371\270\203J\254q\221)X\350\320\211\302\371"
  78      F9B8834A 
  78      AC719129 
  78      58E8D089 
  78      C2F9
  79 01c9 C2F0B90B 		.ascii	"\302\360\271\013\205\301|\337\320\305\341\201B\177\256"
  79      85C17CDF 
  79      D0C5E181 
  79      427FAE
  80 01d8 6FA8E768 		.ascii	"o\250\347h\177\356L\357\311|O>\327{d\200~\002\251x\344"
  80      7FEE4CEF 
  80      C97C4F3E 
  80      D77B6480 
  80      7E02A978 
  81 01ed 3A       		.ascii	":"
  82              		.text
  83              		.section	.gnu.lto_PWMI_C_RestoreConfig.b369b508,"",%progbits
  84 0000 789C6361 		.ascii	"x\234ca`d\000\201\032 V\005bi fdf`d\232p\216\201\241"
  84      60640081 
  84      1A205605 
  84      62692066 
  84      64666064 
  85 0019 91838991 		.ascii	"\221\203\211\221\021\304h\340`d\250gb\254g\374\312\364"
  85      11C468E0 
  85      6064A867 
  85      62AC67FC 
  85      CAF4
  86 002b 9789F150 		.ascii	"\227\211\361P\373\263\235L\232\313\033\200\340A\353"
  86      FBB39D4C 
  86      9ACB1B80 
  86      E041EB
  87 003a 3B838615 		.ascii	";\203\206\025\007\030[\231\031\030\3763\201Mb`\\\316"
  87      07185B99 
  87      1918FE33 
  87      814D6260 
  87      5CCE
  88 004c A8C90054 		.ascii	"\250\311\000T\366h\343\277\251\274l- e\012\020I\306"
  88      F668E3BF 
  88      A9BC6C2D 
  88      20650A10 
  88      49C6
  89 005e 158C6C20 		.ascii	"\025\214l \353\326\007\035h\370\377\277\271\341\300"
  89      EBD6071D 
  89      68F8FFBF 
  89      B9E1C0
  90 006d 67B683DF 		.ascii	"g\266\203\337\330\2002\037\200\030d\317G&&\020\315\374"
  90      D880321F 
  90      801864CF 
  90      47262610 
  90      CDFC
ARM GAS  C:\Users\prana\AppData\Local\Temp\ccAjeeZR.s 			page 6


  91 007f 8A9109A4 		.ascii	"\212\221\011\244\026l\334\007&F\220\030P\205\262{j^"
  91      166CDC07 
  91      26469018 
  91      5085B27B 
  91      6A5E
  92 0091 6A516249 		.ascii	"jQbIjJ|p~iQrjL@p\276\263IL@\270\257g\274s|\200\257^"
  92      6A4A7C70 
  92      7E695172 
  92      6A4C4070 
  92      BEB3494C 
  93 00af 320300AF 		.ascii	"2\003\000\257\262:#"
  93      B23A23
  94              		.text
  95              		.section	.gnu.lto_PWMI_C_Wakeup.b369b508,"",%progbits
  96 0000 789C658F 		.ascii	"x\234e\217\277KBQ\024\307\317\367\336\247O\304\240?"
  96      BF4B4251 
  96      14C7CFF7 
  96      DEA74FC4 
  96      A03F
  97 0012 20248806 		.ascii	" $\210\006\207\262\241\377\300A\032\004)\242E\220\250"
  97      87B2A1FF 
  97      C0411A04 
  97      29A24590 
  97      A8
  98 0023 B72648CD 		.ascii	"\267&H\315^\323G\271DKm\341\250\375\316-myE\320\022"
  98      5ED347B9 
  98      444B6DE1 
  98      A8FDCE2D 
  98      6D7945D0 
  99 0038 3519854B 		.ascii	"5\031\205K5D\210\203A\021\015\372:\36794t\340r.\337"
  99      35448883 
  99      41110DFA 
  99      3AF73934 
  99      74E0722E 
 100 004d FB3DF7FB 		.ascii	"\373=\367\3739\006\201t\315s\033\347>\315\007>\202\330"
 100      39068174 
 100      CD731BE7 
 100      3ECD073E 
 100      82D8
 101 005f BE23CA07 		.ascii	"\276#\312\007\204\220\2150\251\240\361\020%\025\222"
 101      84908D30 
 101      A9A0F110 
 101      251592
 102 006e 3006B201 		.ascii	"0\006\262\001\350\213\012\200rB\032\310\341K\364\004"
 102      E88B0A80 
 102      72421AC8 
 102      E14BF404 
 103 007e AE36DEEA 		.ascii	"\2566\336\352\"RQ\\\317\366\367\224\252:\260%\221+\274"
 103      2252515C 
 103      CFF6F794 
 103      AA3AB025 
 103      912BBC
 104 0091 08420511 		.ascii	"\010B\005\021b\333k\255\2773\344/j\333\350\340\021U"
 104      62DB6BAD 
 104      BF33E42F 
 104      6ADBE8E0 
 104      1155
ARM GAS  C:\Users\prana\AppData\Local\Temp\ccAjeeZR.s 			page 7


 105 00a3 F835C7E9 		.ascii	"\3705\307\351\254\243\\\267\240\234\013\363\362\321"
 105      ACA35CB7 
 105      A09C0BF3 
 105      F2D1
 106 00b1 F449B225 		.ascii	"\364I\262%\313]\266\350\270\017!t\227oXo\324>k\246\236"
 106      CB5DB6E8 
 106      B80F2174 
 106      976F586F 
 106      D43E6BA6 
 107 00c6 2A48C93F 		.ascii	"*H\311?\356\332W\367\346\247\260\245\200\016\250\327"
 107      EEDA57F7 
 107      E6A7B0A5 
 107      800EA8D7 
 108 00d6 3B2D33D7 		.ascii	";-3\327S\233J\015\263Vb\006-\267o\233\327\3012\366\362"
 108      539B4A0D 
 108      B3566206 
 108      2DB76F9B 
 108      D7C132F6 
 109 00eb CAD3250E 		.ascii	"\312\323%\016\030|\037#\336\343\326\371Y)\020\235\260"
 109      187C1F23 
 109      DEE3D6F9 
 109      5929109D 
 109      B0
 110 00fc 799B4394 		.ascii	"y\233C\224\321\367\230q\204(\275\240\330*\204\377\302"
 110      D1F79871 
 110      8428BDA0 
 110      D82A84FF 
 110      C2
 111 010d 4E3BF59F 		.ascii	"N;\365\237!\035\006\020\216\3658i6I\215\260|G\301i\336"
 111      211D0610 
 111      8EF53869 
 111      36498DB0 
 111      7C47C169 
 112 0122 84B4F93F 		.ascii	"\204\264\371?\210\317e<\302\011r\274\227\337\0332\274"
 112      88CF653C 
 112      C20972BC 
 112      97DF1B32 
 112      BC
 113 0133 85DA5877 		.ascii	"\205\332Xw\236\342\336\220\256.\333Xf\202\261\270\265"
 113      9EE2DE90 
 113      AE2EDB58 
 113      6682B1B8 
 113      B5
 114 0144 62651757 		.ascii	"be\027W\255\345\364\\f-\273d\245\222s\231\330t*\271"
 114      ADE5F45C 
 114      662DBB64 
 114      A5927399 
 114      D8742AB9 
 115 0158 909849C7 		.ascii	"\220\230I\307\322\311\304\344\022\375\002@\211\205\323"
 115      D2C9C4E4 
 115      12FD0240 
 115      8985D3
 116              		.text
 117              		.section	.gnu.lto_.symbol_nodes.b369b508,"",%progbits
 118 0000 789C558B 		.ascii	"x\234U\213\261\015\2000\014\004\317\261\235\001\230"
 118      B10D8030 
 118      0C04CFB1 
ARM GAS  C:\Users\prana\AppData\Local\Temp\ccAjeeZR.s 			page 8


 118      9D0198
 119 000f 0076603D 		.ascii	"\000v`=\344\214\3000T\324\324\354\200\304\034\010\213"
 119      E48CC030 
 119      54D4D4EC 
 119      80C41C08 
 119      8B
 120 0020 8A7CF3BA 		.ascii	"\212|\363\272\323\277!,d\212\004\254'd\355mJQB:\341"
 120      D3BF212C 
 120      648A04AC 
 120      2764ED6D 
 120      4A51423A 
 121 0035 D006D0A2 		.ascii	"\320\006\320\242Q\372\245\205vB<\354\023\371hcr\015"
 121      51FAA585 
 121      76423CEC 
 121      13F96863 
 121      720D
 122 0047 FFB38A73 		.ascii	"\377\263\212s\\\217\250U\356m\346\005l\361\032\247"
 122      5C8FA855 
 122      EE6DE605 
 122      6CF11AA7 
 123              		.text
 124              		.section	.gnu.lto_.refs.b369b508,"",%progbits
 125 0000 789C6361 		.ascii	"x\234ca`d\340c```bddbadbed\0012\031\000\002O\000."
 125      6064E063 
 125      60606062 
 125      64646261 
 125      64626564 
 126              		.text
 127              		.section	.gnu.lto_.decls.b369b508,"",%progbits
 128 0000 789C8D93 		.ascii	"x\234\215\223oL[U\024\300\357y\257e\264\274\016\035"
 128      6F4C5B55 
 128      14C0EF79 
 128      AF65B4BC 
 128      0E1D
 129 0012 8BE1433F 		.ascii	"\213\341C?\340\034\241\037\014\016\360\203\037\235\215"
 129      E01CA11F 
 129      0C0EF083 
 129      1F9D8D
 130 0021 6EC66C69 		.ascii	"n\306li\326\301b\262\204\224\3569\311\010EVL\366\355"
 130      D6C162B2 
 130      8494EE39 
 130      C9084556 
 130      4CF6ED
 131 0034 8E32D8A6 		.ascii	"\2162\330\246\231\233:\004\003\023\267\305\201\374+"
 131      999B3A04 
 131      0313B7C5 
 131      81FC2B
 132 0043 FFC69F39 		.ascii	"\377\306\2379V@`\233l\203V\215:\031(\030cD\203\023u"
 132      5640609B 
 132      6C83568D 
 132      3A192818 
 132      63448313 
 133 0058 73C17AEE 		.ascii	"s\301z\356\275\357\365u\012\313nz^\357\237s~\347\234"
 133      BDEFF575 
 133      0ACB6E7A 
 133      5EEF9F73 
 133      7EE79C
ARM GAS  C:\Users\prana\AppData\Local\Temp\ccAjeeZR.s 			page 9


 134 006b 7BCE3511 		.ascii	"{\3165\021 l\274\234@H2N7\241Dq\230q/\217\030\003\217"
 134      206CBC9C 
 134      4048324E 
 134      37A14471 
 134      98712F8F 
 135 0082 492B4A3B 		.ascii	"I+J;J\007J\027J\017J/\012#\214\222\373G\253\266\257"
 135      4A074A17 
 135      4A0F4A2F 
 135      0A238C92 
 135      FB47ABB6 
 136 0097 3340DBFB 		.ascii	"3@\333\373\357`<\213\246\227\2012\2052\211\022F\031"
 136      EF603C8B 
 136      A6978132 
 136      85328912 
 136      4619
 137 00a9 41194489 		.ascii	"A\031D\211\240\264h\214K(\222f\327\263\212\357\216\025"
 137      A0B4688C 
 137      4B289266 
 137      D7B38AEF 
 137      8E15
 138 00bb 7C77ACE0 		.ascii	"|w\254\340\233\345\260F\323\263?\204\317\256\007\344"
 138      9BE5B046 
 138      D3B33F84 
 138      CFAE07E4 
 139 00cb BB2C41B4 		.ascii	"\273,A\264\276\255\321r\023\276\006\011\264K%\000\342"
 139      BEADD172 
 139      13BE0609 
 139      B44B2500 
 139      E2
 140 00dc 0B5C8810 		.ascii	"\013\\\210\020\276\304\211\304\277$\266\025\373#\354"
 140      BEC489C4 
 140      BF24B615 
 140      FB23EC
 141 00eb 4B843EDF 		.ascii	"K\204>\3373`\374\247\377G\365\301!\006\0354#\210E \254"
 141      3360FCA7 
 141      FF47F5C1 
 141      21061D34 
 141      23884520 
 142 0100 C4B9A4A9 		.ascii	"\304\271\244\251\021\001\227\014\2038\236\0107.&\270"
 142      1101970C 
 142      83389E08 
 142      372E26B8 
 143 0110 3F27D093 		.ascii	"?'\320\223~\367F\345\302Z\031\2318\237\271\333\370B"
 143      7EF746E5 
 143      C25A1999 
 143      389FB9DB 
 143      F842
 144 0122 660BC571 		.ascii	"f\013\305q\234R\351I\343fF\243\177\205\222\227$Xg\005"
 144      9C52E949 
 144      E36646A3 
 144      7F859297 
 144      24586705 
 145 0136 0997E1C5 		.ascii	"\011\227\341\305\211\372$\\\256\267\302#\270\374y\260"
 145      89FA245C 
 145      AEB7C223 
 145      B8FC79B0 
 146 0146 366A4BAD 		.ascii	"6jK\255fv4@\323$\310{\014\232\301\016\037\003\026\005"
ARM GAS  C:\Users\prana\AppData\Local\Temp\ccAjeeZR.s 			page 10


 146      66763440 
 146      D324C87B 
 146      0C9AC10E 
 146      1F031605 
 147 015a 5A2015BF 		.ascii	"Z \025\277\005&A\252\375 \\%mh\240\213A:{\257/\273\226"
 147      052641AA 
 147      FD205C25 
 147      6D68A08B 
 147      413A7BAF 
 148 0171 86CA293D 		.ascii	"\206\312)=(1-h\004\031\232 \223E\207S\366w\016nb\330"
 148      28312D68 
 148      04199A20 
 148      93458753 
 148      F6770E6E 
 149 0187 ADB0012D 		.ascii	"\255\260\001-+\217\375Qc\2237\363@kF\353\277\262!\245"
 149      2B8FFD51 
 149      639337F3 
 149      406B46EB 
 149      BFB221A5 
 150 019b 2148434B 		.ascii	"!HCK*=\204\216M\034\321f \332\342\021\355\034\361\313"
 150      2A3D848E 
 150      4D1CD166 
 150      20DAE211 
 150      ED1CF1CB 
 151 01af 747F5091 		.ascii	"t\177P\221\267s\304\324\251\251\263\026\021HhqL\241"
 151      B773C4D4 
 151      A9A9B316 
 151      11486871 
 151      4CA1
 152 01c1 9394363C 		.ascii	"\223\2246<\313\031A\203\021\214gtp\306\302\320\367g"
 152      CB194183 
 152      118C6774 
 152      70C6C2D0 
 152      F767
 153 01d3 2DB29733 		.ascii	"-\262\2273\346\207\253\246\023\2650\372\3069\203\012"
 153      E687ABA6 
 153      13B530FA 
 153      C639830A 
 154 01e3 46A7C1E8 		.ascii	"F\247\301\350\214gtq\306\255;\321\352$\3715\316h\276"
 154      8C677471 
 154      C6AD3BD1 
 154      EA24F935 
 154      CE68BE
 155 01f6 5E1D61A9 		.ascii	"^\035a\251\314R\274\220\361\262\2123\225!\027\2774\350"
 155      CC52BC90 
 155      F1B28A33 
 155      952117BF 
 155      34E8
 156 0208 3618DD9C 		.ascii	"6\030\335\234\201\223\036n\037\371{~\\\221O\001\007"
 156      81931E6E 
 156      1FF97B7E 
 156      5C914F01 
 156      07
 157 0219 0C76762D 		.ascii	"\014vv-I\002\020\012G\224\220\213\033\2377\214\317\353"
 157      4902100A 
 157      4794908B 
 157      1B9F378C 
ARM GAS  C:\Users\prana\AppData\Local\Temp\ccAjeeZR.s 			page 11


 157      CFEB
 158 022b C6BDDCB8 		.ascii	"\306\275\334\2707\370\326mIn\021\306\303\325\337~\256"
 158      37F8D66D 
 158      496E11C6 
 158      C3D5DF7E 
 158      AE
 159 023c C80362D1 		.ascii	"\310\003b\321~h\276)\021\313j\267B\024\330z\241\377"
 159      7E68BE29 
 159      11CB6AB7 
 159      4214D87A 
 159      A1FF
 160 024e AE4DAC79 		.ascii	"\256M\254y\351N\314\375\223$\217q])2\327\374\223\011"
 160      E94ECCFD 
 160      93248F71 
 160      5D2932D7 
 160      FC9309
 161 0261 1CD68F58 		.ascii	"\034\326\217X\321g\373\217\345\276W\205-\003\203`\205"
 161      D167FB8F 
 161      E5BE5785 
 161      2D038360 
 161      85
 162 0272 4F0CD776 		.ascii	"O\014\327v+~\017SZN\027O\323\204T\0029v\330d'p\021\034"
 162      2B7E0F53 
 162      5A4E174F 
 162      D3845402 
 162      3976D864 
 163 028a 8CCAB4E0 		.ascii	"\214\312\264\340\002v\312\000v\312\262$\177\030\370"
 163      0276CA00 
 163      76CAB224 
 163      7F18F8
 164 0299 B20836A6 		.ascii	"\262\0106\2468N3\013\274\215\364\2726\354\250\004N\355"
 164      384E330B 
 164      BC8DF4BA 
 164      36ECA804 
 164      4EED
 165 02ab 476A0852 		.ascii	"Gj\010Rt\302S\254\265\262\330\243?\301\"X\304.b\035"
 165      74C253AC 
 165      B5B2D8A3 
 165      3FC12258 
 165      C42E621D 
 166 02bf 2E4E09D7 		.ascii	".N\011\327D:\014\241\243K\260\221\347\317C\015\275\243"
 166      443A0CA1 
 166      A34BB091 
 166      E7CF430D 
 166      BDA3
 167 02d1 529AC8CE 		.ascii	"R\232\310\316\211\026\244\326\342\023\313\225\013\262"
 167      8916A4D6 
 167      E213CB95 
 167      0BB2
 168 02df FCABC8EE 		.ascii	"\374\253\310\356\336\205\356v\023\2448V`\303\247\210"
 168      DE85EE76 
 168      13A43856 
 168      60C3A788 
 169 02ef 5C1D5F6B 		.ascii	"\\\035_k\303[\030\301\343a\343\026\2303\356ch\366\340"
 169      C35B18C1 
 169      E361E316 
 169      9833EE63 
ARM GAS  C:\Users\prana\AppData\Local\Temp\ccAjeeZR.s 			page 12


 169      68F6E0
 170 0302 4525FD0C 		.ascii	"E%\375\014v\032f\327]\370{9M\345\272}B7\026}\037\253"
 170      761A66D7 
 170      5DF87B39 
 170      4DE5BA7D 
 170      4237167D 
 171 0318 188C423A 		.ascii	"\030\214B:\353\323\212`\235,\236\236\011\227\277]{\177"
 171      EBD38A60 
 171      9D2C9E9E 
 171      0997BF5D 
 171      7B7F
 172 032a 6EAD787A 		.ascii	"n\255xzi\270\234\276\334\324\314N3\260d8\222\343\252"
 172      69B89CBE 
 172      DCD4CC4E 
 172      33B06438 
 172      92E3AA
 173 033d 9621AA76 		.ascii	"\226!\252vu\346\207\333\0269\300\037\270\024\256]\230"
 173      75E687DB 
 173      1639C01F 
 173      B814AE5D 
 173      98
 174 034e 4900AB83 		.ascii	"I\000\253\203\227\344x\200\256\333J`\034\357\177\014"
 174      97E47880 
 174      AEDB4A60 
 174      1CEF7F0C 
 175 035e EF1F2630 		.ascii	"\357\037&0\231\014\255(Wp\3632n\352\345\315\023\345"
 175      990CAD28 
 175      5770F332 
 175      6EEAE5CD 
 175      13E5
 176 0370 FD0C0B71 		.ascii	"\375\014\013q\325H,\303*\362:\362\335\311o\314\326\303"
 176      D5482CC3 
 176      2AF23AF2 
 176      DDC96FCC 
 176      D6C3
 177 0382 ECF53F0C 		.ascii	"\354\365?\014\024-\006n\321:\263|TD\365\305\033\275"
 177      142D066E 
 177      D13AB37C 
 177      5444F5C5 
 177      1BBD
 178 0394 35B2DE4B 		.ascii	"5\262\336K\241\345\037\267V\260\013\237D_\327\015_\327"
 178      A1E51FB7 
 178      56B00B9F 
 178      445FD70D 
 178      5FD7
 179 03a6 40EBA5FF 		.ascii	"@\353\245\377\373\270\261\262\217?\357\\ySQ\216\306"
 179      FBB8B1B2 
 179      8F3FEF5C 
 179      7953518E 
 179      C6
 180 03b7 52E544DD 		.ascii	"R\345D\335\210\300\024(\374U\340?\273\265\371\221#R"
 180      88C01428 
 180      FC55E03F 
 180      BBB5F991 
 180      2352
 181 03c9 BC32AB8B 		.ascii	"\2742\253\213\241\034\326\224\303\\\371\355\223\201"
 181      A11CD694 
ARM GAS  C:\Users\prana\AppData\Local\Temp\ccAjeeZR.s 			page 13


 181      C35CF9ED 
 181      9381
 182 03d7 736BE295 		.ascii	"sk\342\225\331\2133\224#\240\350Q\343\224<\352\332\265"
 182      D98B3394 
 182      23A0E851 
 182      E3943CEA 
 182      DAB5
 183 03e9 EDC57C67 		.ascii	"\355\305|g\276\333\363\272\352\364\025\277R\2707q\313"
 183      BEDBF3BA 
 183      EAF415BF 
 183      52B83771 
 183      CB
 184 03fa F6DC3467 		.ascii	"\366\3344gV\026yb\213Z\254\226z\374\352\236|\267\257"
 184      56167962 
 184      8B5AAC96 
 184      7AFCEA9E 
 184      7CB7AF
 185 040d ACD4ABEE 		.ascii	"\254\324\253\356v\271}\316\247wk\026\256m\231^\242\350"
 185      76B97DCE 
 185      A7776B16 
 185      AE6D995E 
 185      A2E8
 186 041f E645AA5A 		.ascii	"\346E\252Z\262^[\354P\367\373}\245\032\316\246m\356"
 186      B25E5BEC 
 186      50F7FB7D 
 186      A51ACEA6 
 186      6DEE
 187 0431 F2EC53CB 		.ascii	"\362\354S\313J\222t}\277\257$\355\201\374\314W\211n"
 187      4A92747D 
 187      BFAF24ED 
 187      81FCCC57 
 187      896E
 188 0443 FA7CB1A7 		.ascii	"\372|\261\247\240H\325W\005\036\357>\004\251|\323\355"
 188      A048D557 
 188      051EEF3E 
 188      04A97CD3 
 188      ED
 189 0454 477B7359 		.ascii	"G{sYa\261\377\231\307W\301y\017\370\017\224\250\373"
 189      61B1FF99 
 189      C757C179 
 189      0FF80F94 
 189      A8FB
 190 0466 91A7C7F7 		.ascii	"\221\247\307\367\334f\347K\271\256|\367\316\035\271"
 190      DC66E74B 
 190      B9AE7CF7 
 190      CE1DB9
 191 0475 CE9D09CC 		.ascii	"\316\235\011\3148'\333\\\252\356\315\311\376\027\203"
 191      3827DB5C 
 191      AAEECDC9 
 191      FE1783
 192 0484 EE37F1   		.ascii	"\3567\361"
 193              		.text
 194              		.section	.gnu.lto_.symtab.b369b508,"",%progbits
 195 0000 50574D49 		.ascii	"PWMI_C_SaveConfig\000"
 195      5F435F53 
 195      61766543 
 195      6F6E6669 
ARM GAS  C:\Users\prana\AppData\Local\Temp\ccAjeeZR.s 			page 14


 195      6700
 196 0012 00       		.ascii	"\000"
 197 0013 00       		.ascii	"\000"
 198 0014 00       		.ascii	"\000"
 199 0015 00000000 		.ascii	"\000\000\000\000\000\000\000\000"
 199      00000000 
 200 001d AD000000 		.ascii	"\255\000\000\000"
 201 0021 50574D49 		.ascii	"PWMI_C_Sleep\000"
 201      5F435F53 
 201      6C656570 
 201      00
 202 002e 00       		.ascii	"\000"
 203 002f 00       		.ascii	"\000"
 204 0030 00       		.ascii	"\000"
 205 0031 00000000 		.ascii	"\000\000\000\000\000\000\000\000"
 205      00000000 
 206 0039 AF000000 		.ascii	"\257\000\000\000"
 207 003d 50574D49 		.ascii	"PWMI_C_RestoreConfig\000"
 207      5F435F52 
 207      6573746F 
 207      7265436F 
 207      6E666967 
 208 0052 00       		.ascii	"\000"
 209 0053 00       		.ascii	"\000"
 210 0054 00       		.ascii	"\000"
 211 0055 00000000 		.ascii	"\000\000\000\000\000\000\000\000"
 211      00000000 
 212 005d B1000000 		.ascii	"\261\000\000\000"
 213 0061 50574D49 		.ascii	"PWMI_C_Wakeup\000"
 213      5F435F57 
 213      616B6575 
 213      7000
 214 006f 00       		.ascii	"\000"
 215 0070 00       		.ascii	"\000"
 216 0071 00       		.ascii	"\000"
 217 0072 00000000 		.ascii	"\000\000\000\000\000\000\000\000"
 217      00000000 
 218 007a B3000000 		.ascii	"\263\000\000\000"
 219 007e 50574D49 		.ascii	"PWMI_C_Stop\000"
 219      5F435F53 
 219      746F7000 
 220 008a 00       		.ascii	"\000"
 221 008b 02       		.ascii	"\002"
 222 008c 00       		.ascii	"\000"
 223 008d 00000000 		.ascii	"\000\000\000\000\000\000\000\000"
 223      00000000 
 224 0095 B5000000 		.ascii	"\265\000\000\000"
 225 0099 50574D49 		.ascii	"PWMI_C_Enable\000"
 225      5F435F45 
 225      6E61626C 
 225      6500
 226 00a7 00       		.ascii	"\000"
 227 00a8 02       		.ascii	"\002"
 228 00a9 00       		.ascii	"\000"
 229 00aa 00000000 		.ascii	"\000\000\000\000\000\000\000\000"
 229      00000000 
 230 00b2 B7000000 		.ascii	"\267\000\000\000"
ARM GAS  C:\Users\prana\AppData\Local\Temp\ccAjeeZR.s 			page 15


 231              		.text
 232              		.section	.gnu.lto_.opts,"",%progbits
 233 0000 272D666D 		.ascii	"'-fmath-errno' '-fsigned-zeros' '-ftrapping-math' '"
 233      6174682D 
 233      6572726E 
 233      6F272027 
 233      2D667369 
 234 0033 2D666E6F 		.ascii	"-fno-trapv' '-fno-openmp' '-fno-openacc' '-mcpu=cor"
 234      2D747261 
 234      70762720 
 234      272D666E 
 234      6F2D6F70 
 235 0066 7465782D 		.ascii	"tex-m0' '-mthumb' '-g' '-Os' '-Werror' '-ffunction-"
 235      6D302720 
 235      272D6D74 
 235      68756D62 
 235      2720272D 
 236 0099 73656374 		.ascii	"sections' '-ffat-lto-objects' '-finline-functions' "
 236      696F6E73 
 236      2720272D 
 236      66666174 
 236      2D6C746F 
 237 00cc 272D666C 		.ascii	"'-flto' '-fno-strict-aliasing'\000"
 237      746F2720 
 237      272D666E 
 237      6F2D7374 
 237      72696374 
 238              		.text
 239              		.cfi_sections	.debug_frame
 240              		.section	.text.PWMI_C_SaveConfig,"ax",%progbits
 241              		.align	1
 242              		.global	PWMI_C_SaveConfig
 243              		.code	16
 244              		.thumb_func
 245              		.type	PWMI_C_SaveConfig, %function
 246              	PWMI_C_SaveConfig:
 247              	.LFB5:
 248              		.cfi_startproc
 249              		@ args = 0, pretend = 0, frame = 0
 250              		@ frame_needed = 0, uses_anonymous_args = 0
 251              		@ link register save eliminated.
 252              		@ sp needed
 253 0000 7047     		bx	lr
 254              		.cfi_endproc
 255              	.LFE5:
 256              		.size	PWMI_C_SaveConfig, .-PWMI_C_SaveConfig
 257              		.section	.text.PWMI_C_Sleep,"ax",%progbits
 258              		.align	1
 259              		.global	PWMI_C_Sleep
 260              		.code	16
 261              		.thumb_func
 262              		.type	PWMI_C_Sleep, %function
 263              	PWMI_C_Sleep:
 264              	.LFB1:
 265              		.file 1 "Generated_Source\\PSoC4\\PWMI_C_PM.c"
   1:Generated_Source\PSoC4/PWMI_C_PM.c **** /*******************************************************************************
   2:Generated_Source\PSoC4/PWMI_C_PM.c **** * File Name: PWMI_C_PM.c
ARM GAS  C:\Users\prana\AppData\Local\Temp\ccAjeeZR.s 			page 16


   3:Generated_Source\PSoC4/PWMI_C_PM.c **** * Version 2.10
   4:Generated_Source\PSoC4/PWMI_C_PM.c **** *
   5:Generated_Source\PSoC4/PWMI_C_PM.c **** * Description:
   6:Generated_Source\PSoC4/PWMI_C_PM.c **** *  This file contains the setup, control, and status commands to support
   7:Generated_Source\PSoC4/PWMI_C_PM.c **** *  the component operations in the low power mode.
   8:Generated_Source\PSoC4/PWMI_C_PM.c **** *
   9:Generated_Source\PSoC4/PWMI_C_PM.c **** * Note:
  10:Generated_Source\PSoC4/PWMI_C_PM.c **** *  None
  11:Generated_Source\PSoC4/PWMI_C_PM.c **** *
  12:Generated_Source\PSoC4/PWMI_C_PM.c **** ********************************************************************************
  13:Generated_Source\PSoC4/PWMI_C_PM.c **** * Copyright 2013-2015, Cypress Semiconductor Corporation.  All rights reserved.
  14:Generated_Source\PSoC4/PWMI_C_PM.c **** * You may use this file only in accordance with the license, terms, conditions,
  15:Generated_Source\PSoC4/PWMI_C_PM.c **** * disclaimers, and limitations in the end user license agreement accompanying
  16:Generated_Source\PSoC4/PWMI_C_PM.c **** * the software package with which this file was provided.
  17:Generated_Source\PSoC4/PWMI_C_PM.c **** *******************************************************************************/
  18:Generated_Source\PSoC4/PWMI_C_PM.c **** 
  19:Generated_Source\PSoC4/PWMI_C_PM.c **** #include "PWMI_C.h"
  20:Generated_Source\PSoC4/PWMI_C_PM.c **** 
  21:Generated_Source\PSoC4/PWMI_C_PM.c **** static PWMI_C_BACKUP_STRUCT PWMI_C_backup;
  22:Generated_Source\PSoC4/PWMI_C_PM.c **** 
  23:Generated_Source\PSoC4/PWMI_C_PM.c **** 
  24:Generated_Source\PSoC4/PWMI_C_PM.c **** /*******************************************************************************
  25:Generated_Source\PSoC4/PWMI_C_PM.c **** * Function Name: PWMI_C_SaveConfig
  26:Generated_Source\PSoC4/PWMI_C_PM.c **** ********************************************************************************
  27:Generated_Source\PSoC4/PWMI_C_PM.c **** *
  28:Generated_Source\PSoC4/PWMI_C_PM.c **** * Summary:
  29:Generated_Source\PSoC4/PWMI_C_PM.c **** *  All configuration registers are retention. Nothing to save here.
  30:Generated_Source\PSoC4/PWMI_C_PM.c **** *
  31:Generated_Source\PSoC4/PWMI_C_PM.c **** * Parameters:
  32:Generated_Source\PSoC4/PWMI_C_PM.c **** *  None
  33:Generated_Source\PSoC4/PWMI_C_PM.c **** *
  34:Generated_Source\PSoC4/PWMI_C_PM.c **** * Return:
  35:Generated_Source\PSoC4/PWMI_C_PM.c **** *  None
  36:Generated_Source\PSoC4/PWMI_C_PM.c **** *
  37:Generated_Source\PSoC4/PWMI_C_PM.c **** *******************************************************************************/
  38:Generated_Source\PSoC4/PWMI_C_PM.c **** void PWMI_C_SaveConfig(void)
  39:Generated_Source\PSoC4/PWMI_C_PM.c **** {
  40:Generated_Source\PSoC4/PWMI_C_PM.c **** 
  41:Generated_Source\PSoC4/PWMI_C_PM.c **** }
  42:Generated_Source\PSoC4/PWMI_C_PM.c **** 
  43:Generated_Source\PSoC4/PWMI_C_PM.c **** 
  44:Generated_Source\PSoC4/PWMI_C_PM.c **** /*******************************************************************************
  45:Generated_Source\PSoC4/PWMI_C_PM.c **** * Function Name: PWMI_C_Sleep
  46:Generated_Source\PSoC4/PWMI_C_PM.c **** ********************************************************************************
  47:Generated_Source\PSoC4/PWMI_C_PM.c **** *
  48:Generated_Source\PSoC4/PWMI_C_PM.c **** * Summary:
  49:Generated_Source\PSoC4/PWMI_C_PM.c **** *  Stops the component operation and saves the user configuration.
  50:Generated_Source\PSoC4/PWMI_C_PM.c **** *
  51:Generated_Source\PSoC4/PWMI_C_PM.c **** * Parameters:
  52:Generated_Source\PSoC4/PWMI_C_PM.c **** *  None
  53:Generated_Source\PSoC4/PWMI_C_PM.c **** *
  54:Generated_Source\PSoC4/PWMI_C_PM.c **** * Return:
  55:Generated_Source\PSoC4/PWMI_C_PM.c **** *  None
  56:Generated_Source\PSoC4/PWMI_C_PM.c **** *
  57:Generated_Source\PSoC4/PWMI_C_PM.c **** *******************************************************************************/
  58:Generated_Source\PSoC4/PWMI_C_PM.c **** void PWMI_C_Sleep(void)
  59:Generated_Source\PSoC4/PWMI_C_PM.c **** {
ARM GAS  C:\Users\prana\AppData\Local\Temp\ccAjeeZR.s 			page 17


 266              		.loc 1 59 0
 267              		.cfi_startproc
 268              		@ args = 0, pretend = 0, frame = 0
 269              		@ frame_needed = 0, uses_anonymous_args = 0
 270              		.loc 1 59 0
 271 0000 10B5     		push	{r4, lr}
 272              		.cfi_def_cfa_offset 8
 273              		.cfi_offset 4, -8
 274              		.cfi_offset 14, -4
  60:Generated_Source\PSoC4/PWMI_C_PM.c ****     if(0u != (PWMI_C_BLOCK_CONTROL_REG & PWMI_C_MASK))
 275              		.loc 1 60 0
 276 0002 054B     		ldr	r3, .L6
 277 0004 1A68     		ldr	r2, [r3]
 278 0006 0423     		movs	r3, #4
 279 0008 1340     		ands	r3, r2
 280 000a 044A     		ldr	r2, .L6+4
 281 000c 00D0     		beq	.L3
  61:Generated_Source\PSoC4/PWMI_C_PM.c ****     {
  62:Generated_Source\PSoC4/PWMI_C_PM.c ****         PWMI_C_backup.enableState = 1u;
 282              		.loc 1 62 0
 283 000e 0123     		movs	r3, #1
 284              	.L3:
  63:Generated_Source\PSoC4/PWMI_C_PM.c ****     }
  64:Generated_Source\PSoC4/PWMI_C_PM.c ****     else
  65:Generated_Source\PSoC4/PWMI_C_PM.c ****     {
  66:Generated_Source\PSoC4/PWMI_C_PM.c ****         PWMI_C_backup.enableState = 0u;
 285              		.loc 1 66 0
 286 0010 1370     		strb	r3, [r2]
  67:Generated_Source\PSoC4/PWMI_C_PM.c ****     }
  68:Generated_Source\PSoC4/PWMI_C_PM.c **** 
  69:Generated_Source\PSoC4/PWMI_C_PM.c ****     PWMI_C_Stop();
  70:Generated_Source\PSoC4/PWMI_C_PM.c ****     PWMI_C_SaveConfig();
  71:Generated_Source\PSoC4/PWMI_C_PM.c **** }
 287              		.loc 1 71 0
 288              		@ sp needed
  69:Generated_Source\PSoC4/PWMI_C_PM.c ****     PWMI_C_SaveConfig();
 289              		.loc 1 69 0
 290 0012 FFF7FEFF 		bl	PWMI_C_Stop
 291              	.LVL0:
 292              		.loc 1 71 0
 293 0016 10BD     		pop	{r4, pc}
 294              	.L7:
 295              		.align	2
 296              	.L6:
 297 0018 00000940 		.word	1074331648
 298 001c 00000000 		.word	.LANCHOR0
 299              		.cfi_endproc
 300              	.LFE1:
 301              		.size	PWMI_C_Sleep, .-PWMI_C_Sleep
 302              		.section	.text.PWMI_C_RestoreConfig,"ax",%progbits
 303              		.align	1
 304              		.global	PWMI_C_RestoreConfig
 305              		.code	16
 306              		.thumb_func
 307              		.type	PWMI_C_RestoreConfig, %function
 308              	PWMI_C_RestoreConfig:
 309              	.LFB2:
ARM GAS  C:\Users\prana\AppData\Local\Temp\ccAjeeZR.s 			page 18


  72:Generated_Source\PSoC4/PWMI_C_PM.c **** 
  73:Generated_Source\PSoC4/PWMI_C_PM.c **** 
  74:Generated_Source\PSoC4/PWMI_C_PM.c **** /*******************************************************************************
  75:Generated_Source\PSoC4/PWMI_C_PM.c **** * Function Name: PWMI_C_RestoreConfig
  76:Generated_Source\PSoC4/PWMI_C_PM.c **** ********************************************************************************
  77:Generated_Source\PSoC4/PWMI_C_PM.c **** *
  78:Generated_Source\PSoC4/PWMI_C_PM.c **** * Summary:
  79:Generated_Source\PSoC4/PWMI_C_PM.c **** *  All configuration registers are retention. Nothing to restore here.
  80:Generated_Source\PSoC4/PWMI_C_PM.c **** *
  81:Generated_Source\PSoC4/PWMI_C_PM.c **** * Parameters:
  82:Generated_Source\PSoC4/PWMI_C_PM.c **** *  None
  83:Generated_Source\PSoC4/PWMI_C_PM.c **** *
  84:Generated_Source\PSoC4/PWMI_C_PM.c **** * Return:
  85:Generated_Source\PSoC4/PWMI_C_PM.c **** *  None
  86:Generated_Source\PSoC4/PWMI_C_PM.c **** *
  87:Generated_Source\PSoC4/PWMI_C_PM.c **** *******************************************************************************/
  88:Generated_Source\PSoC4/PWMI_C_PM.c **** void PWMI_C_RestoreConfig(void)
  89:Generated_Source\PSoC4/PWMI_C_PM.c **** {
 310              		.loc 1 89 0
 311              		.cfi_startproc
 312              		@ args = 0, pretend = 0, frame = 0
 313              		@ frame_needed = 0, uses_anonymous_args = 0
 314              		@ link register save eliminated.
  90:Generated_Source\PSoC4/PWMI_C_PM.c **** 
  91:Generated_Source\PSoC4/PWMI_C_PM.c **** }
 315              		.loc 1 91 0
 316              		@ sp needed
 317 0000 7047     		bx	lr
 318              		.cfi_endproc
 319              	.LFE2:
 320              		.size	PWMI_C_RestoreConfig, .-PWMI_C_RestoreConfig
 321              		.section	.text.PWMI_C_Wakeup,"ax",%progbits
 322              		.align	1
 323              		.global	PWMI_C_Wakeup
 324              		.code	16
 325              		.thumb_func
 326              		.type	PWMI_C_Wakeup, %function
 327              	PWMI_C_Wakeup:
 328              	.LFB3:
  92:Generated_Source\PSoC4/PWMI_C_PM.c **** 
  93:Generated_Source\PSoC4/PWMI_C_PM.c **** 
  94:Generated_Source\PSoC4/PWMI_C_PM.c **** /*******************************************************************************
  95:Generated_Source\PSoC4/PWMI_C_PM.c **** * Function Name: PWMI_C_Wakeup
  96:Generated_Source\PSoC4/PWMI_C_PM.c **** ********************************************************************************
  97:Generated_Source\PSoC4/PWMI_C_PM.c **** *
  98:Generated_Source\PSoC4/PWMI_C_PM.c **** * Summary:
  99:Generated_Source\PSoC4/PWMI_C_PM.c **** *  Restores the user configuration and restores the enable state.
 100:Generated_Source\PSoC4/PWMI_C_PM.c **** *
 101:Generated_Source\PSoC4/PWMI_C_PM.c **** * Parameters:
 102:Generated_Source\PSoC4/PWMI_C_PM.c **** *  None
 103:Generated_Source\PSoC4/PWMI_C_PM.c **** *
 104:Generated_Source\PSoC4/PWMI_C_PM.c **** * Return:
 105:Generated_Source\PSoC4/PWMI_C_PM.c **** *  None
 106:Generated_Source\PSoC4/PWMI_C_PM.c **** *
 107:Generated_Source\PSoC4/PWMI_C_PM.c **** *******************************************************************************/
 108:Generated_Source\PSoC4/PWMI_C_PM.c **** void PWMI_C_Wakeup(void)
 109:Generated_Source\PSoC4/PWMI_C_PM.c **** {
ARM GAS  C:\Users\prana\AppData\Local\Temp\ccAjeeZR.s 			page 19


 329              		.loc 1 109 0
 330              		.cfi_startproc
 331              		@ args = 0, pretend = 0, frame = 0
 332              		@ frame_needed = 0, uses_anonymous_args = 0
 333 0000 10B5     		push	{r4, lr}
 334              		.cfi_def_cfa_offset 8
 335              		.cfi_offset 4, -8
 336              		.cfi_offset 14, -4
 110:Generated_Source\PSoC4/PWMI_C_PM.c ****     PWMI_C_RestoreConfig();
 111:Generated_Source\PSoC4/PWMI_C_PM.c **** 
 112:Generated_Source\PSoC4/PWMI_C_PM.c ****     if(0u != PWMI_C_backup.enableState)
 337              		.loc 1 112 0
 338 0002 034B     		ldr	r3, .L14
 339 0004 1B78     		ldrb	r3, [r3]
 340 0006 002B     		cmp	r3, #0
 341 0008 01D0     		beq	.L9
 113:Generated_Source\PSoC4/PWMI_C_PM.c ****     {
 114:Generated_Source\PSoC4/PWMI_C_PM.c ****         PWMI_C_Enable();
 342              		.loc 1 114 0
 343 000a FFF7FEFF 		bl	PWMI_C_Enable
 344              	.LVL1:
 345              	.L9:
 115:Generated_Source\PSoC4/PWMI_C_PM.c ****     }
 116:Generated_Source\PSoC4/PWMI_C_PM.c **** }
 346              		.loc 1 116 0
 347              		@ sp needed
 348 000e 10BD     		pop	{r4, pc}
 349              	.L15:
 350              		.align	2
 351              	.L14:
 352 0010 00000000 		.word	.LANCHOR0
 353              		.cfi_endproc
 354              	.LFE3:
 355              		.size	PWMI_C_Wakeup, .-PWMI_C_Wakeup
 356              		.bss
 357              		.set	.LANCHOR0,. + 0
 358              		.type	PWMI_C_backup, %object
 359              		.size	PWMI_C_backup, 1
 360              	PWMI_C_backup:
 361 0000 00       		.space	1
 362              		.text
 363              	.Letext0:
 364              		.file 2 "Generated_Source\\PSoC4\\cytypes.h"
 365              		.file 3 "Generated_Source\\PSoC4\\PWMI_C.h"
 366              		.section	.debug_info,"",%progbits
 367              	.Ldebug_info0:
 368 0000 5A010000 		.4byte	0x15a
 369 0004 0400     		.2byte	0x4
 370 0006 00000000 		.4byte	.Ldebug_abbrev0
 371 000a 04       		.byte	0x4
 372 000b 01       		.uleb128 0x1
 373 000c 6B000000 		.4byte	.LASF24
 374 0010 0C       		.byte	0xc
 375 0011 3C010000 		.4byte	.LASF25
 376 0015 FB010000 		.4byte	.LASF26
 377 0019 00000000 		.4byte	.Ldebug_ranges0+0
 378 001d 00000000 		.4byte	0
ARM GAS  C:\Users\prana\AppData\Local\Temp\ccAjeeZR.s 			page 20


 379 0021 00000000 		.4byte	.Ldebug_line0
 380 0025 02       		.uleb128 0x2
 381 0026 01       		.byte	0x1
 382 0027 06       		.byte	0x6
 383 0028 EF010000 		.4byte	.LASF0
 384 002c 02       		.uleb128 0x2
 385 002d 01       		.byte	0x1
 386 002e 08       		.byte	0x8
 387 002f 8F010000 		.4byte	.LASF1
 388 0033 02       		.uleb128 0x2
 389 0034 02       		.byte	0x2
 390 0035 05       		.byte	0x5
 391 0036 AB010000 		.4byte	.LASF2
 392 003a 02       		.uleb128 0x2
 393 003b 02       		.byte	0x2
 394 003c 07       		.byte	0x7
 395 003d CA010000 		.4byte	.LASF3
 396 0041 02       		.uleb128 0x2
 397 0042 04       		.byte	0x4
 398 0043 05       		.byte	0x5
 399 0044 A2010000 		.4byte	.LASF4
 400 0048 02       		.uleb128 0x2
 401 0049 04       		.byte	0x4
 402 004a 07       		.byte	0x7
 403 004b 34000000 		.4byte	.LASF5
 404 004f 02       		.uleb128 0x2
 405 0050 08       		.byte	0x8
 406 0051 05       		.byte	0x5
 407 0052 00000000 		.4byte	.LASF6
 408 0056 02       		.uleb128 0x2
 409 0057 08       		.byte	0x8
 410 0058 07       		.byte	0x7
 411 0059 46000000 		.4byte	.LASF7
 412 005d 03       		.uleb128 0x3
 413 005e 04       		.byte	0x4
 414 005f 05       		.byte	0x5
 415 0060 696E7400 		.ascii	"int\000"
 416 0064 02       		.uleb128 0x2
 417 0065 04       		.byte	0x4
 418 0066 07       		.byte	0x7
 419 0067 21000000 		.4byte	.LASF8
 420 006b 04       		.uleb128 0x4
 421 006c 2E000000 		.4byte	.LASF9
 422 0070 02       		.byte	0x2
 423 0071 D201     		.2byte	0x1d2
 424 0073 2C000000 		.4byte	0x2c
 425 0077 04       		.uleb128 0x4
 426 0078 0E000000 		.4byte	.LASF10
 427 007c 02       		.byte	0x2
 428 007d D401     		.2byte	0x1d4
 429 007f 48000000 		.4byte	0x48
 430 0083 02       		.uleb128 0x2
 431 0084 04       		.byte	0x4
 432 0085 04       		.byte	0x4
 433 0086 4C020000 		.4byte	.LASF11
 434 008a 02       		.uleb128 0x2
 435 008b 08       		.byte	0x8
ARM GAS  C:\Users\prana\AppData\Local\Temp\ccAjeeZR.s 			page 21


 436 008c 04       		.byte	0x4
 437 008d C3010000 		.4byte	.LASF12
 438 0091 02       		.uleb128 0x2
 439 0092 01       		.byte	0x1
 440 0093 08       		.byte	0x8
 441 0094 9D010000 		.4byte	.LASF13
 442 0098 04       		.uleb128 0x4
 443 0099 DD010000 		.4byte	.LASF14
 444 009d 02       		.byte	0x2
 445 009e 7E02     		.2byte	0x27e
 446 00a0 A4000000 		.4byte	0xa4
 447 00a4 05       		.uleb128 0x5
 448 00a5 77000000 		.4byte	0x77
 449 00a9 02       		.uleb128 0x2
 450 00aa 08       		.byte	0x8
 451 00ab 04       		.byte	0x4
 452 00ac 40020000 		.4byte	.LASF15
 453 00b0 02       		.uleb128 0x2
 454 00b1 04       		.byte	0x4
 455 00b2 07       		.byte	0x7
 456 00b3 64020000 		.4byte	.LASF16
 457 00b7 06       		.uleb128 0x6
 458 00b8 01       		.byte	0x1
 459 00b9 03       		.byte	0x3
 460 00ba 21       		.byte	0x21
 461 00bb CC000000 		.4byte	0xcc
 462 00bf 07       		.uleb128 0x7
 463 00c0 15000000 		.4byte	.LASF27
 464 00c4 03       		.byte	0x3
 465 00c5 23       		.byte	0x23
 466 00c6 6B000000 		.4byte	0x6b
 467 00ca 00       		.byte	0
 468 00cb 00       		.byte	0
 469 00cc 08       		.uleb128 0x8
 470 00cd 27010000 		.4byte	.LASF17
 471 00d1 03       		.byte	0x3
 472 00d2 24       		.byte	0x24
 473 00d3 B7000000 		.4byte	0xb7
 474 00d7 09       		.uleb128 0x9
 475 00d8 52020000 		.4byte	.LASF18
 476 00dc 01       		.byte	0x1
 477 00dd 26       		.byte	0x26
 478 00de 01       		.byte	0x1
 479 00df 09       		.uleb128 0x9
 480 00e0 7A010000 		.4byte	.LASF19
 481 00e4 01       		.byte	0x1
 482 00e5 58       		.byte	0x58
 483 00e6 01       		.byte	0x1
 484 00e7 0A       		.uleb128 0xa
 485 00e8 5F010000 		.4byte	.LASF20
 486 00ec 01       		.byte	0x1
 487 00ed 3A       		.byte	0x3a
 488 00ee 00000000 		.4byte	.LFB1
 489 00f2 20000000 		.4byte	.LFE1-.LFB1
 490 00f6 01       		.uleb128 0x1
 491 00f7 9C       		.byte	0x9c
 492 00f8 06010000 		.4byte	0x106
ARM GAS  C:\Users\prana\AppData\Local\Temp\ccAjeeZR.s 			page 22


 493 00fc 0B       		.uleb128 0xb
 494 00fd 16000000 		.4byte	.LVL0
 495 0101 45010000 		.4byte	0x145
 496 0105 00       		.byte	0
 497 0106 0C       		.uleb128 0xc
 498 0107 DF000000 		.4byte	0xdf
 499 010b 00000000 		.4byte	.LFB2
 500 010f 02000000 		.4byte	.LFE2-.LFB2
 501 0113 01       		.uleb128 0x1
 502 0114 9C       		.byte	0x9c
 503 0115 0A       		.uleb128 0xa
 504 0116 B5010000 		.4byte	.LASF21
 505 011a 01       		.byte	0x1
 506 011b 6C       		.byte	0x6c
 507 011c 00000000 		.4byte	.LFB3
 508 0120 14000000 		.4byte	.LFE3-.LFB3
 509 0124 01       		.uleb128 0x1
 510 0125 9C       		.byte	0x9c
 511 0126 34010000 		.4byte	0x134
 512 012a 0B       		.uleb128 0xb
 513 012b 0E000000 		.4byte	.LVL1
 514 012f 51010000 		.4byte	0x151
 515 0133 00       		.byte	0
 516 0134 0D       		.uleb128 0xd
 517 0135 5D000000 		.4byte	.LASF28
 518 0139 01       		.byte	0x1
 519 013a 15       		.byte	0x15
 520 013b CC000000 		.4byte	0xcc
 521 013f 05       		.uleb128 0x5
 522 0140 03       		.byte	0x3
 523 0141 00000000 		.4byte	PWMI_C_backup
 524 0145 0E       		.uleb128 0xe
 525 0146 E3010000 		.4byte	.LASF22
 526 014a E3010000 		.4byte	.LASF22
 527 014e 03       		.byte	0x3
 528 014f 3301     		.2byte	0x133
 529 0151 0E       		.uleb128 0xe
 530 0152 6C010000 		.4byte	.LASF23
 531 0156 6C010000 		.4byte	.LASF23
 532 015a 03       		.byte	0x3
 533 015b 3101     		.2byte	0x131
 534 015d 00       		.byte	0
 535              		.section	.debug_abbrev,"",%progbits
 536              	.Ldebug_abbrev0:
 537 0000 01       		.uleb128 0x1
 538 0001 11       		.uleb128 0x11
 539 0002 01       		.byte	0x1
 540 0003 25       		.uleb128 0x25
 541 0004 0E       		.uleb128 0xe
 542 0005 13       		.uleb128 0x13
 543 0006 0B       		.uleb128 0xb
 544 0007 03       		.uleb128 0x3
 545 0008 0E       		.uleb128 0xe
 546 0009 1B       		.uleb128 0x1b
 547 000a 0E       		.uleb128 0xe
 548 000b 55       		.uleb128 0x55
 549 000c 17       		.uleb128 0x17
ARM GAS  C:\Users\prana\AppData\Local\Temp\ccAjeeZR.s 			page 23


 550 000d 11       		.uleb128 0x11
 551 000e 01       		.uleb128 0x1
 552 000f 10       		.uleb128 0x10
 553 0010 17       		.uleb128 0x17
 554 0011 00       		.byte	0
 555 0012 00       		.byte	0
 556 0013 02       		.uleb128 0x2
 557 0014 24       		.uleb128 0x24
 558 0015 00       		.byte	0
 559 0016 0B       		.uleb128 0xb
 560 0017 0B       		.uleb128 0xb
 561 0018 3E       		.uleb128 0x3e
 562 0019 0B       		.uleb128 0xb
 563 001a 03       		.uleb128 0x3
 564 001b 0E       		.uleb128 0xe
 565 001c 00       		.byte	0
 566 001d 00       		.byte	0
 567 001e 03       		.uleb128 0x3
 568 001f 24       		.uleb128 0x24
 569 0020 00       		.byte	0
 570 0021 0B       		.uleb128 0xb
 571 0022 0B       		.uleb128 0xb
 572 0023 3E       		.uleb128 0x3e
 573 0024 0B       		.uleb128 0xb
 574 0025 03       		.uleb128 0x3
 575 0026 08       		.uleb128 0x8
 576 0027 00       		.byte	0
 577 0028 00       		.byte	0
 578 0029 04       		.uleb128 0x4
 579 002a 16       		.uleb128 0x16
 580 002b 00       		.byte	0
 581 002c 03       		.uleb128 0x3
 582 002d 0E       		.uleb128 0xe
 583 002e 3A       		.uleb128 0x3a
 584 002f 0B       		.uleb128 0xb
 585 0030 3B       		.uleb128 0x3b
 586 0031 05       		.uleb128 0x5
 587 0032 49       		.uleb128 0x49
 588 0033 13       		.uleb128 0x13
 589 0034 00       		.byte	0
 590 0035 00       		.byte	0
 591 0036 05       		.uleb128 0x5
 592 0037 35       		.uleb128 0x35
 593 0038 00       		.byte	0
 594 0039 49       		.uleb128 0x49
 595 003a 13       		.uleb128 0x13
 596 003b 00       		.byte	0
 597 003c 00       		.byte	0
 598 003d 06       		.uleb128 0x6
 599 003e 13       		.uleb128 0x13
 600 003f 01       		.byte	0x1
 601 0040 0B       		.uleb128 0xb
 602 0041 0B       		.uleb128 0xb
 603 0042 3A       		.uleb128 0x3a
 604 0043 0B       		.uleb128 0xb
 605 0044 3B       		.uleb128 0x3b
 606 0045 0B       		.uleb128 0xb
ARM GAS  C:\Users\prana\AppData\Local\Temp\ccAjeeZR.s 			page 24


 607 0046 01       		.uleb128 0x1
 608 0047 13       		.uleb128 0x13
 609 0048 00       		.byte	0
 610 0049 00       		.byte	0
 611 004a 07       		.uleb128 0x7
 612 004b 0D       		.uleb128 0xd
 613 004c 00       		.byte	0
 614 004d 03       		.uleb128 0x3
 615 004e 0E       		.uleb128 0xe
 616 004f 3A       		.uleb128 0x3a
 617 0050 0B       		.uleb128 0xb
 618 0051 3B       		.uleb128 0x3b
 619 0052 0B       		.uleb128 0xb
 620 0053 49       		.uleb128 0x49
 621 0054 13       		.uleb128 0x13
 622 0055 38       		.uleb128 0x38
 623 0056 0B       		.uleb128 0xb
 624 0057 00       		.byte	0
 625 0058 00       		.byte	0
 626 0059 08       		.uleb128 0x8
 627 005a 16       		.uleb128 0x16
 628 005b 00       		.byte	0
 629 005c 03       		.uleb128 0x3
 630 005d 0E       		.uleb128 0xe
 631 005e 3A       		.uleb128 0x3a
 632 005f 0B       		.uleb128 0xb
 633 0060 3B       		.uleb128 0x3b
 634 0061 0B       		.uleb128 0xb
 635 0062 49       		.uleb128 0x49
 636 0063 13       		.uleb128 0x13
 637 0064 00       		.byte	0
 638 0065 00       		.byte	0
 639 0066 09       		.uleb128 0x9
 640 0067 2E       		.uleb128 0x2e
 641 0068 00       		.byte	0
 642 0069 3F       		.uleb128 0x3f
 643 006a 19       		.uleb128 0x19
 644 006b 03       		.uleb128 0x3
 645 006c 0E       		.uleb128 0xe
 646 006d 3A       		.uleb128 0x3a
 647 006e 0B       		.uleb128 0xb
 648 006f 3B       		.uleb128 0x3b
 649 0070 0B       		.uleb128 0xb
 650 0071 27       		.uleb128 0x27
 651 0072 19       		.uleb128 0x19
 652 0073 20       		.uleb128 0x20
 653 0074 0B       		.uleb128 0xb
 654 0075 00       		.byte	0
 655 0076 00       		.byte	0
 656 0077 0A       		.uleb128 0xa
 657 0078 2E       		.uleb128 0x2e
 658 0079 01       		.byte	0x1
 659 007a 3F       		.uleb128 0x3f
 660 007b 19       		.uleb128 0x19
 661 007c 03       		.uleb128 0x3
 662 007d 0E       		.uleb128 0xe
 663 007e 3A       		.uleb128 0x3a
ARM GAS  C:\Users\prana\AppData\Local\Temp\ccAjeeZR.s 			page 25


 664 007f 0B       		.uleb128 0xb
 665 0080 3B       		.uleb128 0x3b
 666 0081 0B       		.uleb128 0xb
 667 0082 27       		.uleb128 0x27
 668 0083 19       		.uleb128 0x19
 669 0084 11       		.uleb128 0x11
 670 0085 01       		.uleb128 0x1
 671 0086 12       		.uleb128 0x12
 672 0087 06       		.uleb128 0x6
 673 0088 40       		.uleb128 0x40
 674 0089 18       		.uleb128 0x18
 675 008a 9742     		.uleb128 0x2117
 676 008c 19       		.uleb128 0x19
 677 008d 01       		.uleb128 0x1
 678 008e 13       		.uleb128 0x13
 679 008f 00       		.byte	0
 680 0090 00       		.byte	0
 681 0091 0B       		.uleb128 0xb
 682 0092 898201   		.uleb128 0x4109
 683 0095 00       		.byte	0
 684 0096 11       		.uleb128 0x11
 685 0097 01       		.uleb128 0x1
 686 0098 31       		.uleb128 0x31
 687 0099 13       		.uleb128 0x13
 688 009a 00       		.byte	0
 689 009b 00       		.byte	0
 690 009c 0C       		.uleb128 0xc
 691 009d 2E       		.uleb128 0x2e
 692 009e 00       		.byte	0
 693 009f 31       		.uleb128 0x31
 694 00a0 13       		.uleb128 0x13
 695 00a1 11       		.uleb128 0x11
 696 00a2 01       		.uleb128 0x1
 697 00a3 12       		.uleb128 0x12
 698 00a4 06       		.uleb128 0x6
 699 00a5 40       		.uleb128 0x40
 700 00a6 18       		.uleb128 0x18
 701 00a7 9742     		.uleb128 0x2117
 702 00a9 19       		.uleb128 0x19
 703 00aa 00       		.byte	0
 704 00ab 00       		.byte	0
 705 00ac 0D       		.uleb128 0xd
 706 00ad 34       		.uleb128 0x34
 707 00ae 00       		.byte	0
 708 00af 03       		.uleb128 0x3
 709 00b0 0E       		.uleb128 0xe
 710 00b1 3A       		.uleb128 0x3a
 711 00b2 0B       		.uleb128 0xb
 712 00b3 3B       		.uleb128 0x3b
 713 00b4 0B       		.uleb128 0xb
 714 00b5 49       		.uleb128 0x49
 715 00b6 13       		.uleb128 0x13
 716 00b7 02       		.uleb128 0x2
 717 00b8 18       		.uleb128 0x18
 718 00b9 00       		.byte	0
 719 00ba 00       		.byte	0
 720 00bb 0E       		.uleb128 0xe
ARM GAS  C:\Users\prana\AppData\Local\Temp\ccAjeeZR.s 			page 26


 721 00bc 2E       		.uleb128 0x2e
 722 00bd 00       		.byte	0
 723 00be 3F       		.uleb128 0x3f
 724 00bf 19       		.uleb128 0x19
 725 00c0 3C       		.uleb128 0x3c
 726 00c1 19       		.uleb128 0x19
 727 00c2 6E       		.uleb128 0x6e
 728 00c3 0E       		.uleb128 0xe
 729 00c4 03       		.uleb128 0x3
 730 00c5 0E       		.uleb128 0xe
 731 00c6 3A       		.uleb128 0x3a
 732 00c7 0B       		.uleb128 0xb
 733 00c8 3B       		.uleb128 0x3b
 734 00c9 05       		.uleb128 0x5
 735 00ca 00       		.byte	0
 736 00cb 00       		.byte	0
 737 00cc 00       		.byte	0
 738              		.section	.debug_aranges,"",%progbits
 739 0000 2C000000 		.4byte	0x2c
 740 0004 0200     		.2byte	0x2
 741 0006 00000000 		.4byte	.Ldebug_info0
 742 000a 04       		.byte	0x4
 743 000b 00       		.byte	0
 744 000c 0000     		.2byte	0
 745 000e 0000     		.2byte	0
 746 0010 00000000 		.4byte	.LFB1
 747 0014 20000000 		.4byte	.LFE1-.LFB1
 748 0018 00000000 		.4byte	.LFB2
 749 001c 02000000 		.4byte	.LFE2-.LFB2
 750 0020 00000000 		.4byte	.LFB3
 751 0024 14000000 		.4byte	.LFE3-.LFB3
 752 0028 00000000 		.4byte	0
 753 002c 00000000 		.4byte	0
 754              		.section	.debug_ranges,"",%progbits
 755              	.Ldebug_ranges0:
 756 0000 00000000 		.4byte	.LFB1
 757 0004 20000000 		.4byte	.LFE1
 758 0008 00000000 		.4byte	.LFB2
 759 000c 02000000 		.4byte	.LFE2
 760 0010 00000000 		.4byte	.LFB3
 761 0014 14000000 		.4byte	.LFE3
 762 0018 00000000 		.4byte	0
 763 001c 00000000 		.4byte	0
 764              		.section	.debug_line,"",%progbits
 765              	.Ldebug_line0:
 766 0000 92000000 		.section	.debug_str,"MS",%progbits,1
 766      02005200 
 766      00000201 
 766      FB0E0D00 
 766      01010101 
 767              	.LASF6:
 768 0000 6C6F6E67 		.ascii	"long long int\000"
 768      206C6F6E 
 768      6720696E 
 768      7400
 769              	.LASF10:
 770 000e 75696E74 		.ascii	"uint32\000"
ARM GAS  C:\Users\prana\AppData\Local\Temp\ccAjeeZR.s 			page 27


 770      333200
 771              	.LASF27:
 772 0015 656E6162 		.ascii	"enableState\000"
 772      6C655374 
 772      61746500 
 773              	.LASF8:
 774 0021 756E7369 		.ascii	"unsigned int\000"
 774      676E6564 
 774      20696E74 
 774      00
 775              	.LASF9:
 776 002e 75696E74 		.ascii	"uint8\000"
 776      3800
 777              	.LASF5:
 778 0034 6C6F6E67 		.ascii	"long unsigned int\000"
 778      20756E73 
 778      69676E65 
 778      6420696E 
 778      7400
 779              	.LASF7:
 780 0046 6C6F6E67 		.ascii	"long long unsigned int\000"
 780      206C6F6E 
 780      6720756E 
 780      7369676E 
 780      65642069 
 781              	.LASF28:
 782 005d 50574D49 		.ascii	"PWMI_C_backup\000"
 782      5F435F62 
 782      61636B75 
 782      7000
 783              	.LASF24:
 784 006b 474E5520 		.ascii	"GNU C11 5.4.1 20160609 (release) [ARM/embedded-5-br"
 784      43313120 
 784      352E342E 
 784      31203230 
 784      31363036 
 785 009e 616E6368 		.ascii	"anch revision 237715] -mcpu=cortex-m0 -mthumb -g -O"
 785      20726576 
 785      6973696F 
 785      6E203233 
 785      37373135 
 786 00d1 73202D66 		.ascii	"s -ffunction-sections -ffat-lto-objects -finline-fu"
 786      66756E63 
 786      74696F6E 
 786      2D736563 
 786      74696F6E 
 787 0104 6E637469 		.ascii	"nctions -flto -fno-strict-aliasing\000"
 787      6F6E7320 
 787      2D666C74 
 787      6F202D66 
 787      6E6F2D73 
 788              	.LASF17:
 789 0127 50574D49 		.ascii	"PWMI_C_BACKUP_STRUCT\000"
 789      5F435F42 
 789      41434B55 
 789      505F5354 
 789      52554354 
ARM GAS  C:\Users\prana\AppData\Local\Temp\ccAjeeZR.s 			page 28


 790              	.LASF25:
 791 013c 47656E65 		.ascii	"Generated_Source\\PSoC4\\PWMI_C_PM.c\000"
 791      72617465 
 791      645F536F 
 791      75726365 
 791      5C50536F 
 792              	.LASF20:
 793 015f 50574D49 		.ascii	"PWMI_C_Sleep\000"
 793      5F435F53 
 793      6C656570 
 793      00
 794              	.LASF23:
 795 016c 50574D49 		.ascii	"PWMI_C_Enable\000"
 795      5F435F45 
 795      6E61626C 
 795      6500
 796              	.LASF19:
 797 017a 50574D49 		.ascii	"PWMI_C_RestoreConfig\000"
 797      5F435F52 
 797      6573746F 
 797      7265436F 
 797      6E666967 
 798              	.LASF1:
 799 018f 756E7369 		.ascii	"unsigned char\000"
 799      676E6564 
 799      20636861 
 799      7200
 800              	.LASF13:
 801 019d 63686172 		.ascii	"char\000"
 801      00
 802              	.LASF4:
 803 01a2 6C6F6E67 		.ascii	"long int\000"
 803      20696E74 
 803      00
 804              	.LASF2:
 805 01ab 73686F72 		.ascii	"short int\000"
 805      7420696E 
 805      7400
 806              	.LASF21:
 807 01b5 50574D49 		.ascii	"PWMI_C_Wakeup\000"
 807      5F435F57 
 807      616B6575 
 807      7000
 808              	.LASF12:
 809 01c3 646F7562 		.ascii	"double\000"
 809      6C6500
 810              	.LASF3:
 811 01ca 73686F72 		.ascii	"short unsigned int\000"
 811      7420756E 
 811      7369676E 
 811      65642069 
 811      6E7400
 812              	.LASF14:
 813 01dd 72656733 		.ascii	"reg32\000"
 813      3200
 814              	.LASF22:
 815 01e3 50574D49 		.ascii	"PWMI_C_Stop\000"
ARM GAS  C:\Users\prana\AppData\Local\Temp\ccAjeeZR.s 			page 29


 815      5F435F53 
 815      746F7000 
 816              	.LASF0:
 817 01ef 7369676E 		.ascii	"signed char\000"
 817      65642063 
 817      68617200 
 818              	.LASF26:
 819 01fb 443A5C56 		.ascii	"D:\\V-TE-PWR\\PDSS_SRC_SNK\\CYPD3171-24LQXQ_pb\\CYP"
 819      2D54452D 
 819      5057525C 
 819      50445353 
 819      5F535243 
 820 022a 44333137 		.ascii	"D3171-24LQXQ_pb.cydsn\000"
 820      312D3234 
 820      4C515851 
 820      5F70622E 
 820      63796473 
 821              	.LASF15:
 822 0240 6C6F6E67 		.ascii	"long double\000"
 822      20646F75 
 822      626C6500 
 823              	.LASF11:
 824 024c 666C6F61 		.ascii	"float\000"
 824      7400
 825              	.LASF18:
 826 0252 50574D49 		.ascii	"PWMI_C_SaveConfig\000"
 826      5F435F53 
 826      61766543 
 826      6F6E6669 
 826      6700
 827              	.LASF16:
 828 0264 73697A65 		.ascii	"sizetype\000"
 828      74797065 
 828      00
 829              		.comm	__gnu_lto_v1,1,1
 830              		.ident	"GCC: (GNU Tools for ARM Embedded Processors) 5.4.1 20160609 (release) [ARM/embedded-5-bran
