ARM GAS  C:\Users\prana\AppData\Local\Temp\cc48YxD2.s 			page 1


   1              		.syntax unified
   2              		.cpu cortex-m0
   3              		.fpu softvfp
   4              		.eabi_attribute 20, 1
   5              		.eabi_attribute 21, 1
   6              		.eabi_attribute 23, 3
   7              		.eabi_attribute 24, 1
   8              		.eabi_attribute 25, 1
   9              		.eabi_attribute 26, 1
  10              		.eabi_attribute 30, 4
  11              		.eabi_attribute 34, 0
  12              		.eabi_attribute 18, 4
  13              		.thumb
  14              		.syntax unified
  15              		.file	"PWMI_OUT_C.c"
  16              		.text
  17              	.Ltext0:
  18              		.section	.gnu.lto_.profile.b369b0f9,"",%progbits
  19 0000 789C6361 		.ascii	"x\234ca`d`a`\000\222J2\000\000\312\000I"
  19      60646061 
  19      6000924A 
  19      320000CA 
  19      0049
  20              		.text
  21              		.section	.gnu.lto_.icf.b369b0f9,"",%progbits
  22 0000 789C6361 		.ascii	"x\234ca`d\000\0015\006\004`cx\3375\257\227\205q\323"
  22      60640001 
  22      35060460 
  22      6378DF35 
  22      AF978571 
  23 0015 9ADE27EC 		.ascii	"\232\336'\354L;6-\233\304\310\374\340\365\245C\214,"
  23      4C3B362D 
  23      9BC4C8FC 
  23      E0F5A543 
  23      8C2C
  24 0027 0FEF7D3D 		.ascii	"\017\357}=\301\302\332\362z\315-6\006\000\\\203\022"
  24      C1C2DAF2 
  24      7ACD2D36 
  24      06005C83 
  24      12
  25 0038 3D       		.ascii	"="
  26              		.text
  27              		.section	.gnu.lto_.jmpfuncs.b369b0f9,"",%progbits
  28 0000 789C45C9 		.ascii	"x\234E\311\261\001\000 \010\300\260\026\320+\374\225"
  28      B1010020 
  28      08C0B016 
  28      D02BFC95 
  29 0010 D795C90C 		.ascii	"\327\225\311\014]Z\3108|\033\265\235\004$Thv\257\367"
  29      5D5AC838 
  29      7C1BB59D 
  29      04245468 
  29      76AFF7
  30 0023 2E215502 		.ascii	".!U\002@"
  30      40
  31              		.text
  32              		.section	.gnu.lto_.inline.b369b0f9,"",%progbits
  33 0000 789C658C 		.ascii	"x\234e\214\313\015\2000\014C\2354M\213\204\004\033t"
ARM GAS  C:\Users\prana\AppData\Local\Temp\cc48YxD2.s 			page 2


  33      CB0D8030 
  33      0C439D34 
  33      4D8B8404 
  33      1B74
  34 0012 0346E89A 		.ascii	"\003F\350\232\\;\012#0\012#\220H(\010\341\203\017\317"
  34      5C3B0A23 
  34      300A2390 
  34      482808E1 
  34      830FCF
  35 0025 1F01C1B5 		.ascii	"\037\001\301\265\343\225\002E\211P-\342zt\350h\354\201"
  35      E3950245 
  35      89502DE2 
  35      7A74E868 
  35      EC81
  36 0037 A1F2F014 		.ascii	"\241\362\360\024\234\317E<dd!\260\214\026\375\364G\202"
  36      9CCF453C 
  36      646421B0 
  36      8C16FDF4 
  36      4782
  37 0049 A91263B5 		.ascii	"\251\022c\265\013r\223\357\217\331\354\265\014\315\266"
  37      0B7293EF 
  37      8FD9ECB5 
  37      0CCDB6
  38 0058 D46B8B25 		.ascii	"\324k\213%n2B\016g"
  38      6E32420E 
  38      67
  39              		.text
  40              		.section	.gnu.lto_.pureconst.b369b0f9,"",%progbits
  41 0000 789C6361 		.ascii	"x\234ca`d\340e```c\220b\224b\222b\226b\221b\225\002"
  41      6064E065 
  41      60606063 
  41      90629462 
  41      92629662 
  42 0018 00059500 		.ascii	"\000\005\225\000\304"
  42      C4
  43              		.text
  44              		.section	.gnu.lto_PWMI_OUT_C_SetDriveMode.b369b0f9,"",%progbits
  45 0000 789C7D50 		.ascii	"x\234}PMK[Q\020\235s\357\313K$\264n\205f\341\242\020"
  45      4D4B5B51 
  45      109D73EF 
  45      CB4B24B4 
  45      6E8566E1 
  46 0016 825084F6 		.ascii	"\202P\204\366\037d!]\024Cc\351&\022J\362\226m \350\332"
  46      1F64215D 
  46      144363E9 
  46      26124AF2 
  46      966D20E8 
  47 002b 9B8F87C5 		.ascii	"\233\217\207\305E\021\304@)\222\215!\266~\204\020hq"
  47      4511C440 
  47      29928D21 
  47      B67E8410 
  47      6871
  48 003d 17022D5D 		.ascii	"\027\002-]E(\3422\024\027o\241\233\250-\204\242\276"
  48      4528E232 
  48      14176FA1 
  48      9BA82D84 
  48      A2BE
ARM GAS  C:\Users\prana\AppData\Local\Temp\cc48YxD2.s 			page 3


  49 004f CEE4B976 		.ascii	"\316\344\271v`>\356p\316\231\231k\021H\354\023\247\031"
  49      603EEE70 
  49      CE99996B 
  49      1148EC13 
  49      A719
  50 0061 CE8FD8A1 		.ascii	"\316\217\330\241\011j\275OT\212(@\012\023\001\255(\254"
  50      096ABD4F 
  50      548A2840 
  50      0A1301AD 
  50      28AC
  51 0073 E0AFBA51 		.ascii	"\340\257\272Q\350\255z\207*\3214l\277]/U2\356\224\253"
  51      E8AD7A87 
  51      2AD1346C 
  51      BF5D2F55 
  51      32EE94AB 
  52 0087 897C3556 		.ascii	"\211|5V\"4\221`\324U\247\261\021\325q\020\327\027\375"
  52      22349160 
  52      D455A7B1 
  52      11D57110 
  52      D717FD
  53 009a E1E061BC 		.ascii	"\341\340a\274aL\331\230\366\242\321\256\006v\240\231"
  53      614CD998 
  53      F6A2D1AE 
  53      0676A099 
  54 00aa 81A731CC 		.ascii	"\201\2471\314\306\210\033\204\317\210\013\370\264}\273"
  54      C6881B84 
  54      CF880BF8 
  54      B47DBB
  55 00b9 F9C0AE8A 		.ascii	"\371\300\256\212\374t \212/\260e\315\326\313\256\361"
  55      FC74208A 
  55      2FB065CD 
  55      D6CBAEF1 
  56 00c9 FD8AE976 		.ascii	"\375\212\351v\354\357_\355\210b\232\322\022,\0109$\245"
  56      ECEF5FED 
  56      88629AD2 
  56      122C0839 
  56      24A5
  57 00db 2D8168C8 		.ascii	"-\201h\310.\233_(%Y{\350\375[;\371h\213TE\313\0255\267"
  57      2E9B5F28 
  57      25597BE8 
  57      FD5B3BF9 
  57      688B5445 
  58 00f3 7714FEA3 		.ascii	"w\024\376\243\\\255\307+v>\374\272\215\006\317\367\345"
  58      5CADC72B 
  58      763EFCBA 
  58      8D06CFF7 
  58      E5
  59 0104 756371EB 		.ascii	"ucq\353\274\321\377\031\256c\253T\205\253-\354!\206"
  59      BCD1FF19 
  59      AE63AB54 
  59      85AB2DEC 
  59      2186
  60 0116 5DC4789D 		.ascii	"]\304x\235}\324A\036*\327wr:P<\256n\017&DBa\344\373"
  60      7DD4411E 
  60      2AD77772 
  60      3A503CAE 
  60      6E0F2644 
ARM GAS  C:\Users\prana\AppData\Local\Temp\cc48YxD2.s 			page 4


  61 012e FE240E18 		.ascii	"\376$\016\030\355\241|\031\016`\241\212\266\2046\272"
  61      EDA17C19 
  61      0E60A18A 
  61      B68436BA 
  62 013e A305CC10 		.ascii	"\243\005\314\020\267z5H\353\276\231-\236\311\024:C\271"
  62      B77A3548 
  62      EBBE992D 
  62      9EC9143A 
  62      43B9
  63 0150 FBED8712 		.ascii	"\373\355\207\022\370\370\267\207\012r \237\373x\316"
  63      F8F8B787 
  63      0A72209F 
  63      FB78CE
  64 015f 79E714DF 		.ascii	"y\347\024\337,9\371l\272\260\\\3149\231T\272\220|\226"
  64      2C39F96C 
  64      BAB05CCC 
  64      399954BA 
  64      907C96
  65 0172 49BD7EF1 		.ascii	"I\275~\361<;\377j!\233|\222#\353m!\357\374\007\0045"
  65      3C3BFF6A 
  65      219B7C92 
  65      23EB6D21 
  65      EFFC0704 
  66 0187 9483     		.ascii	"\224\203"
  67              		.text
  68              		.section	.gnu.lto_PWMI_OUT_C_Write.b369b0f9,"",%progbits
  69 0000 789C5551 		.ascii	"x\234UQ\317KTQ\030\375\316\275\357\307\340 \255\\5\204"
  69      CF4B5451 
  69      18FDCEBD 
  69      EFC7E020 
  69      AD5C3584 
  70 0014 8B647051 		.ascii	"\213dpQH\365\007\010.\244E$\331\017\210\201a\320\267"
  70      48F50708 
  70      2EA44524 
  70      D90F8881 
  70      61D0B7
  71 0027 1B128674 		.ascii	"\033\022\206t\353\235\031\307\201\332\330B]\245\013"
  71      EB9D19C7 
  71      81DAD842 
  71      5DA50B
  72 0036 11EDA74D 		.ascii	"\021\355\247MP\021\265x\275\215Dad-\014$Jh\244\332L"
  72      5011B578 
  72      BD8D4461 
  72      642D0C24 
  72      4A68A4DA 
  73 004b 9124594E 		.ascii	"\221$YN\337\367\356\306\371x\367\335\373\316;\347\274"
  73      DFF7EEC6 
  73      F978F7DD 
  73      FBCE3BE7 
  73      BC
  74 005c F37DCF21 		.ascii	"\363}\317!\220T\257\":\301\373a^\320\0045\265FTL(@\016"
  74      9054AF22 
  74      3AC1FB61 
  74      5ED00435 
  74      B546544C 
  75 0073 26011A57 		.ascii	"&\001\032W\030\307\216\372\247\020U\353OU\367\222\341"
  75      18C78EFA 
ARM GAS  C:\Users\prana\AppData\Local\Temp\cc48YxD2.s 			page 5


  75      A71055EB 
  75      4F55F792 
  75      E1
  76 0084 FAF4E577 		.ascii	"\372\364\345w\217Y\016Q\321DM\025;\021\226\320\315\254"
  76      8F590E51 
  76      D1444D15 
  76      3B1196D0 
  76      CDAC
  77 0096 EDE7D5F7 		.ascii	"\355\347\325\367\320i\020\237'\243\235F2\275hL\311\230"
  77      D069109F 
  77      27A39D46 
  77      32BD684C 
  77      C998
  78 00a8 BD8CD115 		.ascii	"\275\214\321\025\015,C\263\002'S\350I\021\003\204[H"
  78      0D2C43B3 
  78      022753E8 
  78      49110384 
  78      5B48
  79 00ba 0BF96B74 		.ascii	"\013\371kt=\257\217\305\272\325\3077\232\350Z\020]\370"
  79      3DAF8FC5 
  79      BAD5C737 
  79      9AE85A10 
  79      5DF8
  80 00cc 6EB57DD6 		.ascii	"n\265}\326\204\305N\321\336>\250\225b\356Vm\177\272"
  80      84C54ED1 
  80      DE3EA895 
  80      62EE566D 
  80      7FBA
  81 00de DD9B9054 		.ascii	"\335\233\220T\235\270\203.\233\007w\341q\207\020d\345"
  81      9DB8832E 
  81      9B0777E1 
  81      71871064 
  81      E5
  82 00ef 5C689ACD 		.ascii	"\\h\232\315\262\011\337\372/6\3746\305_U\232o\332!y"
  82      B209DFFA 
  82      2F36FC36 
  82      C55F559A 
  82      6FDA2179 
  83 0103 ED421278 		.ascii	"\355B\022x\002\3701\220\020\002Q\203\227\014\341\207"
  83      02F83190 
  83      10025183 
  83      970CE187 
  84 0113 52B2EB3A 		.ascii	"R\262\353:\242?\327\326\346\306\304\272\254e 3\225\350"
  84      A23FD7D6 
  84      E6C6C4BA 
  84      AC652033 
  84      95E8
  85 0125 8DFF4B55 		.ascii	"\215\377KU\264\023\247~\266\033\316\272\366\321\224"
  85      B413A77E 
  85      B61BCEBA 
  85      F6D194
  86 0134 A68C23C3 		.ascii	"\246\214#\303\330~\362\362\320<n\026'xT.\356#\205{\340"
  86      D87EF2F2 
  86      D03C6E16 
  86      2778542E 
  86      EE23857B 
  87 0149 E858C13C 		.ascii	"\350X\301<\250\216\322\317\352\246\262\206\232=\031"
ARM GAS  C:\Users\prana\AppData\Local\Temp\cc48YxD2.s 			page 6


  87      A88ED2CF 
  87      EAA6B286 
  87      9A3D19
  88 0158 29FF9DDC 		.ascii	")\377\235\334\204E\034\006\331c\343\373\372\253\244"
  88      84451C06 
  88      D963E3FB 
  88      FAABA4
  89 0167 D86AEC03 		.ascii	"\330j\354\003\017X\276\205X#Y\231eE\353G\254\210/\227"
  89      0F58BE85 
  89      58235999 
  89      6545EB47 
  89      AC882F97 
  90 017b 458FAAAF 		.ascii	"E\217\252\257km\"\002W\2155L\332\365,\305\217\255\275"
  90      6B6D2202 
  90      578D354C 
  90      DAF52CC5 
  90      8FADBD
  91 018e 561BDFA6 		.ascii	"V\033\337\246\3718w\331\222\022\026\212f>w\010\320\322"
  91      F93877D9 
  91      9212168A 
  91      663E7708 
  91      D0D2
  92 01a0 4BD19864 		.ascii	"K\321\230dk;\017\271\035\326\3207\224\302\017\375\""
  92      6B3B0FB9 
  92      1DD6D037 
  92      94C20FFD 
  92      22
  93 01b1 887F4F43 		.ascii	"\210\177OCAF\307\203<\332\037\\\011\012\271\253\301"
  93      4146C783 
  93      3CDA1F5C 
  93      090AB9AB 
  93      C1
  94 01c2 70767064 		.ascii	"pvpd\2640\024d\006\006G\372Ne\006.\2359\235={\341|\266"
  94      B4301464 
  94      060647FA 
  94      4E65062E 
  94      9D399D3D 
  95 01da EFF810B9 		.ascii	"\357\370\020\271c\271\374h\340\016\027.\346\362\377"
  95      63B9FC68 
  95      E00E172E 
  95      E6F2FF
  96 01e9 01784CC8 		.ascii	"\001xL\310\243"
  96      A3
  97              		.text
  98              		.section	.gnu.lto_PWMI_OUT_C_Read.b369b0f9,"",%progbits
  99 0000 789C2D4E 		.ascii	"x\234-N1HBQ\024\275\347\275\237\311\017\367 \207\206"
  99      31484251 
  99      14BDE7BD 
  99      9FC90FF7 
  99      208786
 100 0013 085C22A8 		.ascii	"\010\\\"\250\245\331!\032\"\311\"\010A\302\376\232 "
 100      A5D9211A 
 100      22C92208 
 100      41C2FE9A 
 100      20
 101 0024 35FBFCFA 		.ascii	"5\373\374\372\371\020\015.\025\004\341Tj\005!QC\223"
 101      F9100D2E 
ARM GAS  C:\Users\prana\AppData\Local\Temp\cc48YxD2.s 			page 7


 101      1504E154 
 101      6A052151 
 101      4393
 102 0036 3909456D 		.ascii	"9\011Em\315\025\341\320TQ\004Q\331\275\375.<\356\275"
 102      CD15E1D0 
 102      54510451 
 102      D9BDFD2E 
 102      3CEEBD
 103 0049 E79D7BCE 		.ascii	"\347\235{\316\261\010$\325\317m\230\373\000?h\202*_"
 103      B10824D5 
 103      CF6D98FB 
 103      003F6882 
 103      2A5F
 104 005b 1315C20A 		.ascii	"\023\025\302\012\220\301\204Ay\205<\336\325\267\302"
 104      90C18441 
 104      79853CDE 
 104      D5B7C2
 105 006a E5477BC3 		.ascii	"\345G{\303\216U\215q\315\235\267?\261]k\302\323D]E\030"
 105      8E558D71 
 105      CD9DB73F 
 105      B15D6BC2 
 105      D3445D45 
 106 007f 8B62342A 		.ascii	"\213b4*\022U\304\210\251\017\215\237\315H\250d\270\006"
 106      1255C488 
 106      A90F8D9F 
 106      CD48A864 
 106      B806
 107 0091 85C03F35 		.ascii	"\205\300?5\204\304\362x\266i\272\335\242i\236\330\027"
 107      84C4F278 
 107      B669BADD 
 107      A2699ED8 
 107      17
 108 00a2 67768F22 		.ascii	"gv\217\"O\263\257\247\225E\"F\317L\026\353\027\245\244"
 108      4FB3AFA7 
 108      95452246 
 108      CF4C16EB 
 108      17A5A4
 109 00b5 EB0E5A9F 		.ascii	"\353\016Z\237\353\267\365E\271/j\211\261\345\265nz\337"
 109      EBB7F545 
 109      B92F6A89 
 109      B1E5B56E 
 109      7ADF
 110 00c7 94A735C4 		.ascii	"\224\2475\304\312-\267\357#\301Zr\313\306b\310\337;"
 110      CA2DB7EF 
 110      23C15A72 
 110      CBC662C8 
 110      DF3B
 111 00d9 DFE9AB60 		.ascii	"\337\351\253`\267P\342\200\026\016\020E\035\034\017"
 111      B750E280 
 111      160E1045 
 111      1D1C0F
 112 00e8 87A8803A 		.ascii	"\207\250\200:p_\375G\004\202\2325\031)~\205\202\335"
 112      705FFD47 
 112      04829A35 
 112      19297E85 
 112      82DD
 113 00fa 6288154E 		.ascii	"b\210\025N\375\253\206-\242\004\340\210o\237\240\376"
ARM GAS  C:\Users\prana\AppData\Local\Temp\cc48YxD2.s 			page 8


 113      FDAB862D 
 113      A204E088 
 113      6F9FA0FE 
 114 010a 09F41712 		.ascii	"\011\364\027\022\022\216\243\016M:+Nni\325YN'\263k\271"
 114      128EA30E 
 114      4D3A2B4E 
 114      6E69D559 
 114      4E27B36B 
 115 011f 8C934A24 		.ascii	"\214\223J$\263\361\361Tbaz*=3?\227\216\217d\350\027"
 115      B3F1F154 
 115      62617A2A 
 115      3D333F97 
 115      8E8F64E8 
 116 0134 87736854 		.ascii	"\207shT"
 117              		.text
 118              		.section	.gnu.lto_PWMI_OUT_C_ReadDataReg.b369b0f9,"",%progbits
 119 0000 789C2D4E 		.ascii	"x\234-N\277K\202Q\024\275\347\275O\023%Z\203\034\032"
 119      BF4B8251 
 119      14BDE7BD 
 119      4F13255A 
 119      831C1A
 120 0013 227089A0 		.ascii	"\"p\211\240\226f\207h\210$\213 \004\011\373\326\004"
 120      96668768 
 120      88248B20 
 120      0409FBD6 
 120      04
 121 0024 A9D9A79F 		.ascii	"\251\331\247\237\037B4\270\224C\224\243VBHDC\313\227"
 121      1F4234B8 
 121      944394A3 
 121      56424844 
 121      43CB97
 122 0037 5351D4BF 		.ascii	"SQ\324\277\020\021\012M\025\375\"*\2737\273\360\270"
 122      10110A4D 
 122      15FD222A 
 122      BB37BBF0 
 122      B8
 123 0048 F79E77EE 		.ascii	"\367\236w\3569\307\"\220T?\267a\356\003\374\240\011"
 123      39C72290 
 123      543FB761 
 123      EE03FCA0 
 123      09
 124 0059 AA744D94 		.ascii	"\252tM\224\013(@\006\023\000e\025\262xU\337\012\227"
 124      0B284006 
 124      13006515 
 124      B27855DF 
 124      0A97
 125 006b EFE71BC1 		.ascii	"\357\347\033\301H\325\230\274\271u\217&\3125\017\256"
 125      48D598BC 
 125      B9758F26 
 125      CA350FAE 
 126 007b 26EA28C2 		.ascii	"&\352(\302X\030\243a\221\250\"BL\275k\374l\366\372\013"
 126      5818A361 
 126      91A82242 
 126      4CBD6BFC 
 126      6CF6FA0B 
 127 008f 866B5008 		.ascii	"\206kP\010\374S\203_,\017g=\323\3518\306\333\016\235"
 127      FC53835F 
ARM GAS  C:\Users\prana\AppData\Local\Temp\cc48YxD2.s 			page 9


 127      2C0F673D 
 127      D3E938C6 
 127      DB0E9D
 128 00a2 ED867C8A 		.ascii	"\355\206|\212\\\315\276\256V\026\211\030=2Y\254\237"
 128      5CCDBEAE 
 128      56168918 
 128      3D3259AC 
 128      9F
 129 00b3 9492AE5B 		.ascii	"\224\222\256[h~\256\277\325\027\345\336\321\022c\313"
 129      687EAEBF 
 129      D517E5DE 
 129      D11263CB 
 130 00c3 6DDEF4BC 		.ascii	"m\336\364\274(Wk\210\325\351\207W\366uW\223/\031\213"
 130      28576B88 
 130      D5E98757 
 130      F6755793 
 130      2F198B
 131 00d6 A176FBE4 		.ascii	"\241v\373\344\242\257\202\235\\\201\003Z\330G\030{\340"
 131      A2AF829D 
 131      5C81035A 
 131      D847187B 
 131      E0
 132 00e7 78384005 		.ascii	"x8@\005\324B\376\271x\217\256\240fMF\234/\177w\267\030"
 132      D442FEB9 
 132      788FAEA0 
 132      664D469C 
 132      2F7F77B7 
 133 00fc 6285E3E2 		.ascii	"b\205\343\342U#(\242\004\240\316\267\017P\377\004\372"
 133      552328A2 
 133      04A0CEB7 
 133      0F50FF04 
 133      FA
 134 010d 0B0909C7 		.ascii	"\013\011\011\307Q\207&\355\025;\263\264j/'\343\351\265"
 134      518726ED 
 134      153BB3B4 
 134      6A2F27E3 
 134      E9B5
 135 011f 4CCA4EC4 		.ascii	"L\312N\304\342\351\350x\"\2660=\225\234\231\237KFGR"
 135      E2E9E878 
 135      22B6303D 
 135      959C999F 
 135      4B464752 
 136 0133 F40B27A3 		.ascii	"\364\013'\243ik"
 136      696B
 137              		.text
 138              		.section	.gnu.lto_PWMI_OUT_C_SetInterruptMode.b369b0f9,"",%progbits
 139 0000 789C6D51 		.ascii	"x\234mQAh\023A\024\235?\263\233\335$\315\326\233\007"
 139      41681341 
 139      149D3FB3 
 139      9BDD24CD 
 139      D69B07
 140 0013 7BC8C112 		.ascii	"{\310\301\022z\021\005\275y\313A<\250\301*^\012\241"
 140      7A1105BD 
 140      79CB413C 
 140      A8C12A5E 
 140      0AA1
 141 0025 B4ABE460 		.ascii	"\264\253\344`\"1\236;\311&)\024\221\242\030\260\264"
ARM GAS  C:\Users\prana\AppData\Local\Temp\cc48YxD2.s 			page 10


 141      22319E3B 
 141      C9262914 
 141      91A218B0 
 141      B4
 142 0036 142C4BA3 		.ascii	"\024,K\243U\333&UhOk\300[U\252\210XA\264\326\024Z\305"
 142      55DB2655 
 142      684F6BC0 
 142      5B55AA88 
 142      5841B4D6 
 143 004d B4B628A2 		.ascii	"\264\266(\242\215\377\357\346Rp`w\346?\336{\363\376"
 143      8DFFEFE6 
 143      52706077 
 143      E63FDE7B 
 143      F3FE
 144 005f 1F8501A3 		.ascii	"\037\205\001\243U\346\214\035\307\375\000~ \030\360"
 144      55E68C1D 
 144      C7FD007E 
 144      2018F0
 145 006e E1178C65 		.ascii	"\341\027\214eu\016@\007\251\003\033\3400\000;\374/\207"
 145      750E4007 
 145      A9031BE0 
 145      30003BFC 
 145      2F87
 146 0080 DA607D9E 		.ascii	"\332`}\236wMJ\\\037\277\254\035\221e\007\012\202\261"
 146      774D4A5C 
 146      1FBFAC1D 
 146      9165070A 
 146      82B1
 147 0092 26779D18 		.ascii	"&w\235\030LB\027\262\2365\177:\355\333\274 \000H\364"
 147      4C4217B2 
 147      9E357F3A 
 147      EDDBBC20 
 147      0048F4
 148 00a5 AAB13816 		.ascii	"\252\2618\026\244\222\303>,G\326\355\222!\"\300\360"
 148      A492C33E 
 148      2C47D6ED 
 148      922122C0 
 148      F0
 149 00b6 BC3677F7 		.ascii	"\2746w\367m bK\231\223\262\332+\325\202\020p\037\004"
 149      6D20624B 
 149      9993B2DA 
 149      2BD58210 
 149      701F04
 150 00c9 FAC13DE8 		.ascii	"\372\301=\350\2002t0\204\030LA\004\331?\252\366\255"
 150      80327430 
 150      84184C41 
 150      04D93FAA 
 150      F6AD
 151 00db A038EC2A 		.ascii	"\2408\354*\267,\333jk)wZ\312\007\377Q>\204\010\321\227"
 151      B72CDB6A 
 151      6B29775A 
 151      CA07FF51 
 151      3E8408D1 
 152 00f0 F233A3C2 		.ascii	"\3623\243\302\213\244`\271\371|\344\263\341E\012c9e"
 152      8BA460B9 
 152      F97CE4B3 
 152      E1450A63 
ARM GAS  C:\Users\prana\AppData\Local\Temp\cc48YxD2.s 			page 11


 152      3965
 153 0102 BFB1B938 		.ascii	"\277\261\2718\346\032\017\275\273Y\011uN\220\261\363"
 153      E61A0FBD 
 153      BB590975 
 153      4E90B1F3 
 154 0112 FA867147 		.ascii	"\372\206qG:\371pA(0\343\231O\243\371#4\247\205\354\225"
 154      3AF97041 
 154      2830E399 
 154      4FA3F923 
 154      34A785EC 
 155 0127 D9DDDB21 		.ascii	"\331\335\333!_\236\006\022\206Y\350\364F\001\025\360"
 155      5F9E0612 
 155      8659E8F4 
 155      460115F0 
 156 0137 E1708190 		.ascii	"\341p\201\220\351\263\216l6-\351,\031O\227\2156\216"
 156      E9B38E6C 
 156      362DE92C 
 156      194F978D 
 156      368E
 157 0149 B1544C81 		.ascii	"\261TL\201\035)tT\351\347c\304\324\200\322\352\010\370"
 157      1D297454 
 157      E9E763C4 
 157      D480D2EA 
 157      08F8
 158 015b FC8406E8 		.ascii	"\374\204\006\350\307X\003\035\351%69\247]\324\241\366"
 158      C758031D 
 158      E9253639 
 158      A75DD4A1 
 158      F6
 159 016c 7BE8C342 		.ascii	"{\350\303B\214.\261\004\015\270T\250\275\324\250\033"
 159      8C2EB104 
 159      0DB854A8 
 159      BDD4A81B 
 160 017c CDEDE0DB 		.ascii	"\315\355\340\333\367\371\321\220W^\317\015K\352\267"
 160      F7F9D190 
 160      575ECF0D 
 160      4BEAB7
 161 018b 32B1B1DA 		.ascii	"2\261\261\332>\016c\331<\276\227\016s\330D\225\232\200"
 161      3E0E63D9 
 161      3CBE970E 
 161      73D84495 
 161      9A80
 162 019d C7300EAC 		.ascii	"\3070\016\254\016\271\255\301m\3253T,\034\033\"\273"
 162      0EB9ADC1 
 162      6DD53354 
 162      2C1C1B22 
 162      BB
 163 01ae C555C543 		.ascii	"\305U\305CT\004\021\261\376\024\277\202\207\320\275"
 163      540411B1 
 163      FE14BF82 
 163      87D0BD
 164 01bd 88B315E0 		.ascii	"\210\263\025\340n\253\030\036A\217S_Xn\261tt\262\204"
 164      6EAB181E 
 164      418F535F 
 164      586EB174 
 164      74B284
 165 01d0 E6DA6B1E 		.ascii	"\346\332k\036\344G\224h\277\212\213-\363\200\353\346"
ARM GAS  C:\Users\prana\AppData\Local\Temp\cc48YxD2.s 			page 12


 165      E4479468 
 165      BF8A8B2D 
 165      F380EBE6 
 166 01e0 47B056FA 		.ascii	"G\260V\372\264\237\260=q\263R\006\367&~\202\211Q\306"
 166      B49FB03D 
 166      71B35206 
 166      F7267E82 
 166      8951C6
 167 01f3 D621E7BC 		.ascii	"\326!\347\274?M\002\367-\032\034h:8\253\203'\314\244"
 167      3F4D02F7 
 167      2D1A1C68 
 167      3A38AB83 
 167      27CCA4
 168 0206 99EECD98 		.ascii	"\231\356\315\230\375\361\356\324\265t\237\331\023\353"
 168      FDF1EED4 
 168      B5749FD9 
 168      13EB
 169 0214 4E458FF6 		.ascii	"NE\217\366\304.\234:\031?s\376\\<z\250\217\351WRW\023"
 169      C42E9C3A 
 169      193F73FE 
 169      5C3C7AA8 
 169      8FE95752 
 170 022a 99442AA9 		.ascii	"\231D*\251\\N\365\233Z\"\231IG/^\372\007M\321\357w"
 170      5C4EF59B 
 170      5A229949 
 170      472F5EFA 
 170      074DD1EF 
 171              		.text
 172              		.section	.gnu.lto_PWMI_OUT_C_ClearInterrupt.b369b0f9,"",%progbits
 173 0000 789C5590 		.ascii	"x\234U\220\277K[Q\024\307\317\367\336\027\015\305\304"
 173      BF4B5B51 
 173      14C7CFF7 
 173      DE170DC5 
 173      C4
 174 0011 3FC00C0E 		.ascii	"?\300\014\016\225\342R\012\2728;\024\007Q\214\"\224"
 174      95E2520A 
 174      BA383B14 
 174      07518C22 
 174      94
 175 0022 4008FAA6 		.ascii	"@\010\372\246\322\012\232\254\315M\342S\020\301,\352"
 175      D20A9AAC 
 175      CD4DE253 
 175      10C12CEA 
 176 0032 240E82B1 		.ascii	"$\016\202\261\215?(\264\035ZR^\203\320BQQW\241!\202"
 176      8D3F28B4 
 176      1D5A525E 
 176      83D04251 
 176      5157A121 
 177 0047 8320A4A5 		.ascii	"\203 \244\245\032\260\251\361\234<\007\275\360\270\367"
 177      1AB0A9F1 
 177      9C3C07BD 
 177      F0B8F7
 178 0056 7EDFF97E 		.ascii	"~\337\371~\356\367\034\213@\262>\361\326\305{\033\177"
 178      EEF71C8B 
 178      40B23EF1 
 178      D6C57B1B 
 178      7F
ARM GAS  C:\Users\prana\AppData\Local\Temp\cc48YxD2.s 			page 13


 179 0067 D00495DD 		.ascii	"\320\004\225\335'J\371\025 \007\343\007%\025\222\270"
 179      274AF915 
 179      2007E307 
 179      251592B8 
 180 0077 54FF157E 		.ascii	"T\377\025~V\177\314?\352\314\031\2236%\247\332\263\274"
 180      567FCC3F 
 180      EACC1993 
 180      3625A7DA 
 180      B3BC
 181 0089 E1C2D144 		.ascii	"\341\302\321DuE\350\012\341YH\0209t\022\227\236n\377"
 181      7545E80A 
 181      E1594810 
 181      39741297 
 181      9E6EFF
 182 009c CB05F413 		.ascii	"\313\005\364\023\310yo\375\342#:\326\304\346\026\026"
 182      C8796FFD 
 182      E2233AD6 
 182      C4E61616 
 183 00ac 5A968D9B 		.ascii	"Z\226\215\233jg\0376\240\357[Ij\313\357o\026\003M\323"
 183      6A671F36 
 183      A0EF5B49 
 183      6ACBEF6F 
 183      16034DD3 
 184 00c0 86573BDE 		.ascii	"\206W;\336\242C\340L}\207&\316\011Qv\206\\S\257g\214"
 184      A243E04C 
 184      7D8726CE 
 184      09517686 
 184      5C53AF67 
 185 00d5 FBA5F5DB 		.ascii	"\373\245\365\333Qk\263\"GsnG+\213\344\267O\356D\025"
 185      516BB322 
 185      47736E47 
 185      2B8BE4B7 
 185      4FEE4415 
 186 00e9 B64903BF 		.ascii	"\266I\003\277\225\222]\237\241x=wUx#\244\214\226f\226"
 186      95925D9F 
 186      A1783D77 
 186      557823A4 
 186      8C966696 
 187 00fd 9CE241F3 		.ascii	"\234\342A\363_\345h\335\010Y\372\372\371\227\337\273"
 187      5FE568DD 
 187      0859FAFA 
 187      F997DFBB 
 188 010d 66D35963 		.ascii	"f\323Yc\261tr\\\315\007W\261\222\232\3466-l\"\204<8"
 188      B174725C 
 188      CD0757B1 
 188      929AE636 
 188      2D6C2284 
 189 0123 29B6B00A 		.ascii	")\266\260\012:C\372\317lMy@\315LV2\265\231]x\212\305"
 189      3A43FACF 
 189      6C4D7940 
 189      CD4C5632 
 189      B5995D78 
 190 0139 22333EEC 		.ascii	"\"3>\354~\237i`y\240\330fw\031\015\213D\345\"\217rS"
 190      7E9F6960 
 190      79A0D866 
 190      77190D8B 
 190      44E5228F 
ARM GAS  C:\Users\prana\AppData\Local\Temp\cc48YxD2.s 			page 14


 191 014f 78E1997C 		.ascii	"x\341\231|\236T\\j@\036DH\031\343{\230b\207S\260\205"
 191      9E545C6A 
 191      401E4448 
 191      19E37B98 
 191      628753B0 
 192 0164 CE91760F 		.ascii	"\316\221v\017\027\202w\317\312\034+\012\3224\217\340"
 192      178277CF 
 192      CA1C2B0A 
 192      D2348FE0 
 193 0174 F173FBB5 		.ascii	"\361s\373\265=\031\213\333\343\321\360Dbr\314\216\014"
 193      3D198BDB 
 193      E3D1F044 
 193      6272CC8E 
 193      0C
 194 0185 86277ABB 		.ascii	"\206'z\273#\203\243\375}\321\201\221\341h\357\3231j"
 194      2383A3FD 
 194      7DD18191 
 194      E168EFD3 
 194      316A
 195 0197 79159B7A 		.ascii	"y\025\233zi\217\207\343\261xb\352\026\371`\242F"
 195      698F87E3 
 195      B17862EA 
 195      16F960A2 
 195      46
 196              		.text
 197              		.section	.gnu.lto_.symbol_nodes.b369b0f9,"",%progbits
 198 0000 789C6361 		.ascii	"x\234ca`d\310`\000\002&\206z\006\206\011\347\030@\324"
 198      6064C860 
 198      00022686 
 198      7A068609 
 198      E71840D4 
 199 0014 AE0645A0 		.ascii	"\256\006E\240\000c=#\252\000S=\023\252\000s=3\252\000"
 199      00633D23 
 199      AA00533D 
 199      13AA0073 
 199      3D33AA00 
 200 0028 4B3D0BAA 		.ascii	"K=\013\252\000k=+\212\000\003\000\305\333\026\342"
 200      006B3D2B 
 200      8A000300 
 200      C5DB16E2 
 201              		.text
 202              		.section	.gnu.lto_.refs.b369b0f9,"",%progbits
 203 0000 789C6361 		.ascii	"x\234ca`\004B \000\000\0009\000\007"
 203      60044220 
 203      00000039 
 203      0007
 204              		.text
 205              		.section	.gnu.lto_.decls.b369b0f9,"",%progbits
 206 0000 789C8D54 		.ascii	"x\234\215T}L[U\024\277\347\275\266\302\243\014B\226"
 206      7D4C5B55 
 206      14BFE7BD 
 206      B6C2A30C 
 206      4296
 207 0012 89B17FE0 		.ascii	"\211\261\177\3404-\177\021\031\306\030\023\023\023\026"
 207      342D7F11 
 207      19C61813 
 207      131316
ARM GAS  C:\Users\prana\AppData\Local\Temp\cc48YxD2.s 			page 15


 208 0021 B725CE2D 		.ascii	"\267%\316-\303m\377,!\035\274L\022\003\244\026\223\375"
 208      C36DFF2C 
 208      211DBC4C 
 208      1203A416 
 208      93FD
 209 0033 77E563CE 		.ascii	"w\345c\316\217D\226l\012fD\030~\2640\030\254|\265l\322"
 209      8F44966C 
 209      0A664418 
 209      7EB43018 
 209      AC7CB56C 
 210 0048 39E836E8 		.ascii	"9\3506\350>\2501\331\234\0333\025\221\014'\363\003E"
 210      3EA831D9 
 210      9C1B3315 
 210      910C27F3 
 210      0345
 211 005a 339FE7DE 		.ascii	"3\237\347\336\373^\337c\353\0147=\367\336s\3569\277"
 211      FB5EDF63 
 211      EB0C373D 
 211      F7DE73EE 
 211      39BF
 212 006c 73CEEF9D 		.ascii	"s\316\357\235\324F\200\360\345 \344.\036\355\250j\270"
 212      D44680F0 
 212      E520E42E 
 212      1EEDA86A 
 212      B8
 213 007d 1EC1FB2E 		.ascii	"\036\301\373.b.|&!\224A\224\021\224\010\3128J\214<\270"
 213      622E7C26 
 213      21944194 
 213      119408CA 
 213      384A8C3C 
 214 0092 989F5D8F 		.ascii	"\230\237]\217\357E\361\240$P\246\365w\320}\356_\203"
 214      EF45F1A0 
 214      2450A6F5 
 214      77D07DEE 
 214      5F83
 215 00a4 7A1E6B9C 		.ascii	"z\036k\234+M\354`\232\330\021=\347\377\305\215\244\211"
 215      2B4DEC60 
 215      9AD8113D 
 215      E7FFC58D 
 215      A489
 216 00b6 8BAC222E 		.ascii	"\213\254\".\222&\216\365\236\251\327\232\207\262\026"
 216      92268EF5 
 216      9EA9D79A 
 216      87B216
 217 00c5 650C25AE 		.ascii	"e\014%\256\343\270\323\340\214\247\301\211\255\"\177"
 217      E3B8D3E0 
 217      8CA7C189 
 217      AD227F
 218 00d4 3A8EEF49 		.ascii	":\216\357I\240\265\365\0062\257\3035\220\300\370\210"
 218      A0B5F506 
 218      32AFC335 
 218      90C0F888 
 219 00e4 0062072E 		.ascii	"\000b\007.D\010W\361\"\361\235\244L\251\203\260\235"
 219      440857F1 
 219      22F19DA4 
 219      4CA983B0 
 219      9D
ARM GAS  C:\Users\prana\AppData\Local\Temp\cc48YxD2.s 			page 16


 220 00f5 087F6E33 		.ascii	"\010\177n3\301\370\31785cq\020\023\035\364 HU \242\304"
 220      C1F8CF38 
 220      35637110 
 220      131DF420 
 220      485520A2 
 221 010a BBA4BB11 		.ascii	"\273\244\273\021\001.\231\001\026<Q\256\245&X\331\023"
 221      012E9901 
 221      163C51AE 
 221      A52658D9 
 221      13
 222 011b 184D87E6 		.ascii	"\030M\207\346{\0322d\304\304\373\314r\340\245\242\343"
 222      7B1A3264 
 222      C4C4FBCC 
 222      72E0A5A2 
 222      E3
 223 012c 145733A5 		.ascii	"\024W3\245\322\363&3'\232~\010f\374.\201K\001\015\230"
 223      D2F32633 
 223      279A7E08 
 223      66FC2E81 
 223      4B010D98 
 224 0140 BE105ECE 		.ascii	"\276\020^\316\026:{n=\224\3747K~\222\335\245\257\223"
 224      163A7B6E 
 224      3D94FC37 
 224      4B7E92DD 
 224      A5AF93
 225 0153 DDF33628 		.ascii	"\335\3636(T>g0\267B\301\027\302\224\346B/(p\034d\010"
 225      543E6730 
 225      B742C117 
 225      C294E642 
 225      2F28701C 
 226 0169 42114BEE 		.ascii	"B\021K\356Rp?Hi=]<F\035\371\004J\\\360\264\213@\017"
 226      52703F48 
 226      693D5D3C 
 226      461DF904 
 226      4A5CF0B4 
 227 0180 14324CE6 		.ascii	"\0242L\346\005\335\340\202.p1\374\331\217>\271\355\260"
 227      05DDE082 
 227      2E7031FC 
 227      D98F3EB9 
 227      EDB0
 228 0192 4918C870 		.ascii	"I\030\310p\366\332\230mB\3733\232\203%\344) \241\232"
 228      F6DA986D 
 228      42FB339A 
 228      8325E429 
 228      20A19A
 229 01a5 588CB765 		.ascii	"X\214\267e\241\272V\201\\T/\035\276\226\200\374\017"
 229      A1BA5681 
 229      5C542F1D 
 229      BE9680FC 
 229      0F
 230 01b6 590DB481 		.ascii	"Y\015\264\201\026H\260k\035\364#`\037\002\0228\011\371"
 230      1648B06B 
 230      1DF42360 
 230      1F021238 
 230      09F9
 231 01c8 B89F009B 		.ascii	"\270\237\000\233\350ni^\233\261\257o\247\355}\364\326"
 231      E86E695E 
ARM GAS  C:\Users\prana\AppData\Local\Temp\cc48YxD2.s 			page 17


 231      9BB1AF6F 
 231      A7ED7DF4 
 231      D6
 232 01d9 F081973B 		.ascii	"\360\201\227;:\017\320+\030\367\"w\204\200Y6^\331\361"
 232      3A0FD02B 
 232      18F72277 
 232      84805936 
 232      5ED9F1
 233 01ec 055C4732 		.ascii	"\005\\G2C\260\036c\177\376m\364H\206\\\313i\370c\371"
 233      43B01E63 
 233      7FFE6DF4 
 233      48865CCB 
 233      69F863F9 
 234 0200 66F31A81 		.ascii	"f\363\032\201\023\035{[n\245\321z\204\2218\312\200\211"
 234      131D7B5B 
 234      6EA5D17A 
 234      849138CA 
 234      8089
 235 0212 32604519 		.ascii	"2`E\031\344(CK\33759\345\267\200\303\2645wveYkgM\233"
 235      E428434B 
 235      DF3539E5 
 235      B780C3B4 
 235      35777665 
 236 022b C50FF3E2 		.ascii	"\305\017\363\342\367\352\265O]\215\237\316\322s\366"
 236      F7EAB54F 
 236      5D8D9FCE 
 236      D273F6
 237 023a 4F9A39D1 		.ascii	"O\2329\321\013\206\314\234C\326\234#<\347/-\332\\\246"
 237      0B86CC9C 
 237      43D69C23 
 237      3CE72F2D 
 237      DA5CA6
 238 024d 7C48E4BC 		.ascii	"|H\344\274\023\\<+\3510-SN\321?\007\011\233 a+H\204"
 238      135C3C2B 
 238      E9302D53 
 238      4ED13F07 
 238      099B2061 
 239 0264 831C8EDE 		.ascii	"\203\034\216\336\350\222\345\200\000\371\354\357\177"
 239      E892E580 
 239      00F9ECEF 
 239      7F
 240 0271 1665FC06 		.ascii	"\026e\374\006n\234\022M\266\214\211[\214I\240#\026R"
 240      6E9C124D 
 240      B68C895B 
 240      8C49A023 
 240      1652
 241 0283 E471EE2C 		.ascii	"\344q\356,\335\0318w5\033\224B>\005\330\247RHRMB\024"
 241      DD193877 
 241      351B9442 
 241      3E05D8A7 
 241      5248524D 
 242 0299 E7C0ADCF 		.ascii	"\347\300\255\317\301i4\236B\243>P=b\240\306\220\223"
 242      C169349E 
 242      42A33E50 
 242      3D62A0C6 
 242      9093
 243 02ab 2FCDD2DC 		.ascii	"/\315\322\334\212\240\243\245\363\203B>(c\251A9\323"
ARM GAS  C:\Users\prana\AppData\Local\Temp\cc48YxD2.s 			page 18


 243      8AA0A3A5 
 243      F383423E 
 243      2863A941 
 243      39D3
 244 02bd F3635C49 		.ascii	"\363c\\I\331\316\0007\036\373\351\366P\366C\347\343"
 244      D9CE0037 
 244      1EFBE9F6 
 244      50F643E7 
 244      E3
 245 02ce 2CA7F82B 		.ascii	",\247\370+c>\032\333\303I\2471\037\261m\311\223\224"
 245      633E1ADB 
 245      C349A731 
 245      1FB16DC9 
 245      9394
 246 02e0 36619C8D 		.ascii	"6a\234\215\371\301\250Y\304\250\225\237q\316O\260\351"
 246      F9C1A859 
 246      C4A8959F 
 246      71CE4FB0 
 246      E9
 247 02f1 D339A73C 		.ascii	"\3239\247<%\370\211v\320zc>\302\227W~\253\011\023f\302"
 247      25F88976 
 247      D07A633E 
 247      C297577E 
 247      AB091366 
 248 0306 0A13E330 		.ascii	"\012\023\3430\323\215}Ge1\3546T\357^\3748\271F\014{"
 248      D38D7D47 
 248      6531EC36 
 248      54EF5EFC 
 248      38B9460C 
 249 031b 01AA37CE 		.ascii	"\001\2527\316\007\273\331\253\207\361\256i9\026\346"
 249      07BBD9AB 
 249      87F1AE69 
 249      3916E6
 250 032a 3D82F9C9 		.ascii	"=\202\371\311\231\331_3\345Y\301|\242ua\306a0\337\334"
 250      99D95F33 
 250      E559C17C 
 250      A27561C6 
 250      6130DFDC 
 251 033e 40F33613 		.ascii	"@\3636\0238\217\275\237c\314_D\346=:\363\223h\274`2"
 251      388FBD9F 
 251      63CC5F44 
 251      E63D3AF3 
 251      9368BC60 
 252 0353 DF2F988F 		.ascii	"\337/\230\217#\213Sf\265\036\235\371w\276?\362\255]"
 252      238B5366 
 252      B51E9DF9 
 252      77BE3FF2 
 252      AD5D
 253 0365 39C8E85C 		.ascii	"9\310\350\\\015&FDn\322\243vyA\024\365\315{\303-\262"
 253      0D264644 
 253      6ED2A376 
 253      794114F5 
 253      CD7BC32D 
 254 037a F1B711BD 		.ascii	"\361\267\021\2757\267\271\221R\200i\314u\331\314u\011"
 254      37B7B991 
 254      528069CC 
 254      75D9CC75 
ARM GAS  C:\Users\prana\AppData\Local\Temp\cc48YxD2.s 			page 19


 254      09
 255 038b F4FF8D07 		.ascii	"\364\377\215\007s\\I\237c\351\257\013\357;\235\357\246"
 255      735C499F 
 255      63E9AF0B 
 255      EF3B9DEF 
 255      A6
 256 039c 3AE58846 		.ascii	":\345\210F\020\201\0048\371?\";\037\335\276{\353\226"
 256      10810438 
 256      F93F223B 
 256      1FDDBE7B 
 256      EB96
 257 03ae F26D3B5F 		.ascii	"\362m;_-/-/S\375\033}Uo\252[k*\325\214M\257\354,(-."
 257      2D2F2D2F 
 257      53FD1B7D 
 257      556FAA5B 
 257      6B2AD58C 
 258 03c9 26F6BAAA 		.ascii	"&\366\272\252j\377sOlR\253U\237\327\257V\226\227\325"
 258      6AFF734F 
 258      6C52AB55 
 258      9FD7AF56 
 258      9697D5
 259 03dc D4F92AD4 		.ascii	"\324\371*\324=\333\313jJ\237\331S\261\337\277\277V}"
 259      3DDBCB6A 
 259      4A9FD953 
 259      B1DFBFBF 
 259      567D
 260 03ee A3E835F2 		.ascii	"\243\3505\362\324C<L\374\242\012\222k\311\266\333W\345"
 260      D4433C4C 
 260      FCA20A92 
 260      6BC9B6DB 
 260      57E5
 261 0400 57732C86 		.ascii	"Ws,\206\035\252\267r\335}\372F\257\337\273C\335\367"
 261      1DAAB772 
 261      DD7DFA46 
 261      AFDFBB43 
 261      DDF7
 262 0412 F8CA2AB7 		.ascii	"\370\312*\267T\373U\237\257\256\326\317*u\260\002\213"
 262      54FB559F 
 262      AFAED6CF 
 262      2A75B002 
 262      8B
 263 0423 9F7DCCE2 		.ascii	"\237}\314\342R\372\272\352\365\245\234\270C\311\006"
 263      52FABAEA 
 263      F5A59CB8 
 263      43C906
 264 0432 BB4FDD57 		.ascii	"\273O\335W\262\341?K\310 U"
 264      B2E13F4B 
 264      C82055
 265              		.text
 266              		.section	.gnu.lto_.symtab.b369b0f9,"",%progbits
 267 0000 50574D49 		.ascii	"PWMI_OUT_C_SetDriveMode\000"
 267      5F4F5554 
 267      5F435F53 
 267      65744472 
 267      6976654D 
 268 0018 00       		.ascii	"\000"
 269 0019 00       		.ascii	"\000"
ARM GAS  C:\Users\prana\AppData\Local\Temp\cc48YxD2.s 			page 20


 270 001a 00       		.ascii	"\000"
 271 001b 00000000 		.ascii	"\000\000\000\000\000\000\000\000"
 271      00000000 
 272 0023 B3000000 		.ascii	"\263\000\000\000"
 273 0027 50574D49 		.ascii	"PWMI_OUT_C_Write\000"
 273      5F4F5554 
 273      5F435F57 
 273      72697465 
 273      00
 274 0038 00       		.ascii	"\000"
 275 0039 00       		.ascii	"\000"
 276 003a 00       		.ascii	"\000"
 277 003b 00000000 		.ascii	"\000\000\000\000\000\000\000\000"
 277      00000000 
 278 0043 B5000000 		.ascii	"\265\000\000\000"
 279 0047 50574D49 		.ascii	"PWMI_OUT_C_Read\000"
 279      5F4F5554 
 279      5F435F52 
 279      65616400 
 280 0057 00       		.ascii	"\000"
 281 0058 00       		.ascii	"\000"
 282 0059 00       		.ascii	"\000"
 283 005a 00000000 		.ascii	"\000\000\000\000\000\000\000\000"
 283      00000000 
 284 0062 B8000000 		.ascii	"\270\000\000\000"
 285 0066 50574D49 		.ascii	"PWMI_OUT_C_ReadDataReg\000"
 285      5F4F5554 
 285      5F435F52 
 285      65616444 
 285      61746152 
 286 007d 00       		.ascii	"\000"
 287 007e 00       		.ascii	"\000"
 288 007f 00       		.ascii	"\000"
 289 0080 00000000 		.ascii	"\000\000\000\000\000\000\000\000"
 289      00000000 
 290 0088 BA000000 		.ascii	"\272\000\000\000"
 291 008c 50574D49 		.ascii	"PWMI_OUT_C_SetInterruptMode\000"
 291      5F4F5554 
 291      5F435F53 
 291      6574496E 
 291      74657272 
 292 00a8 00       		.ascii	"\000"
 293 00a9 00       		.ascii	"\000"
 294 00aa 00       		.ascii	"\000"
 295 00ab 00000000 		.ascii	"\000\000\000\000\000\000\000\000"
 295      00000000 
 296 00b3 C4000000 		.ascii	"\304\000\000\000"
 297 00b7 50574D49 		.ascii	"PWMI_OUT_C_ClearInterrupt\000"
 297      5F4F5554 
 297      5F435F43 
 297      6C656172 
 297      496E7465 
 298 00d1 00       		.ascii	"\000"
 299 00d2 00       		.ascii	"\000"
 300 00d3 00       		.ascii	"\000"
 301 00d4 00000000 		.ascii	"\000\000\000\000\000\000\000\000"
 301      00000000 
ARM GAS  C:\Users\prana\AppData\Local\Temp\cc48YxD2.s 			page 21


 302 00dc C6000000 		.ascii	"\306\000\000\000"
 303              		.text
 304              		.section	.gnu.lto_.opts,"",%progbits
 305 0000 272D666D 		.ascii	"'-fmath-errno' '-fsigned-zeros' '-ftrapping-math' '"
 305      6174682D 
 305      6572726E 
 305      6F272027 
 305      2D667369 
 306 0033 2D666E6F 		.ascii	"-fno-trapv' '-fno-openmp' '-fno-openacc' '-mcpu=cor"
 306      2D747261 
 306      70762720 
 306      272D666E 
 306      6F2D6F70 
 307 0066 7465782D 		.ascii	"tex-m0' '-mthumb' '-g' '-Os' '-Werror' '-ffunction-"
 307      6D302720 
 307      272D6D74 
 307      68756D62 
 307      2720272D 
 308 0099 73656374 		.ascii	"sections' '-ffat-lto-objects' '-finline-functions' "
 308      696F6E73 
 308      2720272D 
 308      66666174 
 308      2D6C746F 
 309 00cc 272D666C 		.ascii	"'-flto' '-fno-strict-aliasing'\000"
 309      746F2720 
 309      272D666E 
 309      6F2D7374 
 309      72696374 
 310              		.text
 311              		.cfi_sections	.debug_frame
 312              		.section	.text.PWMI_OUT_C_SetDriveMode,"ax",%progbits
 313              		.align	1
 314              		.global	PWMI_OUT_C_SetDriveMode
 315              		.code	16
 316              		.thumb_func
 317              		.type	PWMI_OUT_C_SetDriveMode, %function
 318              	PWMI_OUT_C_SetDriveMode:
 319              	.LFB0:
 320              		.file 1 "Generated_Source\\PSoC4\\PWMI_OUT_C.c"
   1:Generated_Source\PSoC4/PWMI_OUT_C.c **** /*******************************************************************************
   2:Generated_Source\PSoC4/PWMI_OUT_C.c **** * File Name: PWMI_OUT_C.c  
   3:Generated_Source\PSoC4/PWMI_OUT_C.c **** * Version 2.20
   4:Generated_Source\PSoC4/PWMI_OUT_C.c **** *
   5:Generated_Source\PSoC4/PWMI_OUT_C.c **** * Description:
   6:Generated_Source\PSoC4/PWMI_OUT_C.c **** *  This file contains API to enable firmware control of a Pins component.
   7:Generated_Source\PSoC4/PWMI_OUT_C.c **** *
   8:Generated_Source\PSoC4/PWMI_OUT_C.c **** ********************************************************************************
   9:Generated_Source\PSoC4/PWMI_OUT_C.c **** * Copyright 2008-2015, Cypress Semiconductor Corporation.  All rights reserved.
  10:Generated_Source\PSoC4/PWMI_OUT_C.c **** * You may use this file only in accordance with the license, terms, conditions, 
  11:Generated_Source\PSoC4/PWMI_OUT_C.c **** * disclaimers, and limitations in the end user license agreement accompanying 
  12:Generated_Source\PSoC4/PWMI_OUT_C.c **** * the software package with which this file was provided.
  13:Generated_Source\PSoC4/PWMI_OUT_C.c **** *******************************************************************************/
  14:Generated_Source\PSoC4/PWMI_OUT_C.c **** 
  15:Generated_Source\PSoC4/PWMI_OUT_C.c **** #include "cytypes.h"
  16:Generated_Source\PSoC4/PWMI_OUT_C.c **** #include "PWMI_OUT_C.h"
  17:Generated_Source\PSoC4/PWMI_OUT_C.c **** 
  18:Generated_Source\PSoC4/PWMI_OUT_C.c **** 
ARM GAS  C:\Users\prana\AppData\Local\Temp\cc48YxD2.s 			page 22


  19:Generated_Source\PSoC4/PWMI_OUT_C.c **** #if defined(PWMI_OUT_C__PC)
  20:Generated_Source\PSoC4/PWMI_OUT_C.c ****     #define PWMI_OUT_C_SetP4PinDriveMode(shift, mode)  \
  21:Generated_Source\PSoC4/PWMI_OUT_C.c ****     do { \
  22:Generated_Source\PSoC4/PWMI_OUT_C.c ****         PWMI_OUT_C_PC =   (PWMI_OUT_C_PC & \
  23:Generated_Source\PSoC4/PWMI_OUT_C.c ****                                 (uint32)(~(uint32)(PWMI_OUT_C_DRIVE_MODE_IND_MASK << \
  24:Generated_Source\PSoC4/PWMI_OUT_C.c ****                                 (PWMI_OUT_C_DRIVE_MODE_BITS * (shift))))) | \
  25:Generated_Source\PSoC4/PWMI_OUT_C.c ****                                 (uint32)((uint32)(mode) << \
  26:Generated_Source\PSoC4/PWMI_OUT_C.c ****                                 (PWMI_OUT_C_DRIVE_MODE_BITS * (shift))); \
  27:Generated_Source\PSoC4/PWMI_OUT_C.c ****     } while (0)
  28:Generated_Source\PSoC4/PWMI_OUT_C.c **** #else
  29:Generated_Source\PSoC4/PWMI_OUT_C.c ****     #if (CY_PSOC4_4200L)
  30:Generated_Source\PSoC4/PWMI_OUT_C.c ****         #define PWMI_OUT_C_SetP4PinDriveMode(shift, mode)  \
  31:Generated_Source\PSoC4/PWMI_OUT_C.c ****         do { \
  32:Generated_Source\PSoC4/PWMI_OUT_C.c ****             PWMI_OUT_C_USBIO_CTRL_REG = (PWMI_OUT_C_USBIO_CTRL_REG & \
  33:Generated_Source\PSoC4/PWMI_OUT_C.c ****                                     (uint32)(~(uint32)(PWMI_OUT_C_DRIVE_MODE_IND_MASK << \
  34:Generated_Source\PSoC4/PWMI_OUT_C.c ****                                     (PWMI_OUT_C_DRIVE_MODE_BITS * (shift))))) | \
  35:Generated_Source\PSoC4/PWMI_OUT_C.c ****                                     (uint32)((uint32)(mode) << \
  36:Generated_Source\PSoC4/PWMI_OUT_C.c ****                                     (PWMI_OUT_C_DRIVE_MODE_BITS * (shift))); \
  37:Generated_Source\PSoC4/PWMI_OUT_C.c ****         } while (0)
  38:Generated_Source\PSoC4/PWMI_OUT_C.c ****     #endif
  39:Generated_Source\PSoC4/PWMI_OUT_C.c **** #endif
  40:Generated_Source\PSoC4/PWMI_OUT_C.c ****   
  41:Generated_Source\PSoC4/PWMI_OUT_C.c **** 
  42:Generated_Source\PSoC4/PWMI_OUT_C.c **** #if defined(PWMI_OUT_C__PC) || (CY_PSOC4_4200L) 
  43:Generated_Source\PSoC4/PWMI_OUT_C.c ****     /*******************************************************************************
  44:Generated_Source\PSoC4/PWMI_OUT_C.c ****     * Function Name: PWMI_OUT_C_SetDriveMode
  45:Generated_Source\PSoC4/PWMI_OUT_C.c ****     ****************************************************************************//**
  46:Generated_Source\PSoC4/PWMI_OUT_C.c ****     *
  47:Generated_Source\PSoC4/PWMI_OUT_C.c ****     * \brief Sets the drive mode for each of the Pins component's pins.
  48:Generated_Source\PSoC4/PWMI_OUT_C.c ****     * 
  49:Generated_Source\PSoC4/PWMI_OUT_C.c ****     * <b>Note</b> This affects all pins in the Pins component instance. Use the
  50:Generated_Source\PSoC4/PWMI_OUT_C.c ****     * Per-Pin APIs if you wish to control individual pin's drive modes.
  51:Generated_Source\PSoC4/PWMI_OUT_C.c ****     *
  52:Generated_Source\PSoC4/PWMI_OUT_C.c ****     * <b>Note</b> USBIOs have limited drive functionality. Refer to the Drive Mode
  53:Generated_Source\PSoC4/PWMI_OUT_C.c ****     * parameter for more information.
  54:Generated_Source\PSoC4/PWMI_OUT_C.c ****     *
  55:Generated_Source\PSoC4/PWMI_OUT_C.c ****     * \param mode
  56:Generated_Source\PSoC4/PWMI_OUT_C.c ****     *  Mode for the selected signals. Valid options are documented in 
  57:Generated_Source\PSoC4/PWMI_OUT_C.c ****     *  \ref driveMode.
  58:Generated_Source\PSoC4/PWMI_OUT_C.c ****     *
  59:Generated_Source\PSoC4/PWMI_OUT_C.c ****     * \return
  60:Generated_Source\PSoC4/PWMI_OUT_C.c ****     *  None
  61:Generated_Source\PSoC4/PWMI_OUT_C.c ****     *
  62:Generated_Source\PSoC4/PWMI_OUT_C.c ****     * \sideeffect
  63:Generated_Source\PSoC4/PWMI_OUT_C.c ****     *  If you use read-modify-write operations that are not atomic, the ISR can
  64:Generated_Source\PSoC4/PWMI_OUT_C.c ****     *  cause corruption of this function. An ISR that interrupts this function 
  65:Generated_Source\PSoC4/PWMI_OUT_C.c ****     *  and performs writes to the Pins component Drive Mode registers can cause 
  66:Generated_Source\PSoC4/PWMI_OUT_C.c ****     *  corrupted port data. To avoid this issue, you should either use the Per-Pin
  67:Generated_Source\PSoC4/PWMI_OUT_C.c ****     *  APIs (primary method) or disable interrupts around this function.
  68:Generated_Source\PSoC4/PWMI_OUT_C.c ****     *
  69:Generated_Source\PSoC4/PWMI_OUT_C.c ****     * \funcusage
  70:Generated_Source\PSoC4/PWMI_OUT_C.c ****     *  \snippet PWMI_OUT_C_SUT.c usage_PWMI_OUT_C_SetDriveMode
  71:Generated_Source\PSoC4/PWMI_OUT_C.c ****     *******************************************************************************/
  72:Generated_Source\PSoC4/PWMI_OUT_C.c ****     void PWMI_OUT_C_SetDriveMode(uint8 mode)
  73:Generated_Source\PSoC4/PWMI_OUT_C.c ****     {
 321              		.loc 1 73 0
 322              		.cfi_startproc
ARM GAS  C:\Users\prana\AppData\Local\Temp\cc48YxD2.s 			page 23


 323              		@ args = 0, pretend = 0, frame = 0
 324              		@ frame_needed = 0, uses_anonymous_args = 0
 325              		@ link register save eliminated.
 326              	.LVL0:
  74:Generated_Source\PSoC4/PWMI_OUT_C.c **** 		PWMI_OUT_C_SetP4PinDriveMode(PWMI_OUT_C__0__SHIFT, mode);
 327              		.loc 1 74 0
 328 0000 0721     		movs	r1, #7
 329 0002 034A     		ldr	r2, .L2
  75:Generated_Source\PSoC4/PWMI_OUT_C.c ****     }
 330              		.loc 1 75 0
 331              		@ sp needed
  74:Generated_Source\PSoC4/PWMI_OUT_C.c **** 		PWMI_OUT_C_SetP4PinDriveMode(PWMI_OUT_C__0__SHIFT, mode);
 332              		.loc 1 74 0
 333 0004 1368     		ldr	r3, [r2]
 334 0006 8B43     		bics	r3, r1
 335 0008 1843     		orrs	r0, r3
 336              	.LVL1:
 337 000a 1060     		str	r0, [r2]
 338              		.loc 1 75 0
 339 000c 7047     		bx	lr
 340              	.L3:
 341 000e C046     		.align	2
 342              	.L2:
 343 0010 08010440 		.word	1074004232
 344              		.cfi_endproc
 345              	.LFE0:
 346              		.size	PWMI_OUT_C_SetDriveMode, .-PWMI_OUT_C_SetDriveMode
 347              		.section	.text.PWMI_OUT_C_Write,"ax",%progbits
 348              		.align	1
 349              		.global	PWMI_OUT_C_Write
 350              		.code	16
 351              		.thumb_func
 352              		.type	PWMI_OUT_C_Write, %function
 353              	PWMI_OUT_C_Write:
 354              	.LFB1:
  76:Generated_Source\PSoC4/PWMI_OUT_C.c **** #endif
  77:Generated_Source\PSoC4/PWMI_OUT_C.c **** 
  78:Generated_Source\PSoC4/PWMI_OUT_C.c **** 
  79:Generated_Source\PSoC4/PWMI_OUT_C.c **** /*******************************************************************************
  80:Generated_Source\PSoC4/PWMI_OUT_C.c **** * Function Name: PWMI_OUT_C_Write
  81:Generated_Source\PSoC4/PWMI_OUT_C.c **** ****************************************************************************//**
  82:Generated_Source\PSoC4/PWMI_OUT_C.c **** *
  83:Generated_Source\PSoC4/PWMI_OUT_C.c **** * \brief Writes the value to the physical port (data output register), masking
  84:Generated_Source\PSoC4/PWMI_OUT_C.c **** *  and shifting the bits appropriately. 
  85:Generated_Source\PSoC4/PWMI_OUT_C.c **** *
  86:Generated_Source\PSoC4/PWMI_OUT_C.c **** * The data output register controls the signal applied to the physical pin in 
  87:Generated_Source\PSoC4/PWMI_OUT_C.c **** * conjunction with the drive mode parameter. This function avoids changing 
  88:Generated_Source\PSoC4/PWMI_OUT_C.c **** * other bits in the port by using the appropriate method (read-modify-write or
  89:Generated_Source\PSoC4/PWMI_OUT_C.c **** * bit banding).
  90:Generated_Source\PSoC4/PWMI_OUT_C.c **** *
  91:Generated_Source\PSoC4/PWMI_OUT_C.c **** * <b>Note</b> This function should not be used on a hardware digital output pin 
  92:Generated_Source\PSoC4/PWMI_OUT_C.c **** * as it is driven by the hardware signal attached to it.
  93:Generated_Source\PSoC4/PWMI_OUT_C.c **** *
  94:Generated_Source\PSoC4/PWMI_OUT_C.c **** * \param value
  95:Generated_Source\PSoC4/PWMI_OUT_C.c **** *  Value to write to the component instance.
  96:Generated_Source\PSoC4/PWMI_OUT_C.c **** *
  97:Generated_Source\PSoC4/PWMI_OUT_C.c **** * \return 
ARM GAS  C:\Users\prana\AppData\Local\Temp\cc48YxD2.s 			page 24


  98:Generated_Source\PSoC4/PWMI_OUT_C.c **** *  None 
  99:Generated_Source\PSoC4/PWMI_OUT_C.c **** *
 100:Generated_Source\PSoC4/PWMI_OUT_C.c **** * \sideeffect
 101:Generated_Source\PSoC4/PWMI_OUT_C.c **** *  If you use read-modify-write operations that are not atomic; the Interrupt 
 102:Generated_Source\PSoC4/PWMI_OUT_C.c **** *  Service Routines (ISR) can cause corruption of this function. An ISR that 
 103:Generated_Source\PSoC4/PWMI_OUT_C.c **** *  interrupts this function and performs writes to the Pins component data 
 104:Generated_Source\PSoC4/PWMI_OUT_C.c **** *  register can cause corrupted port data. To avoid this issue, you should 
 105:Generated_Source\PSoC4/PWMI_OUT_C.c **** *  either use the Per-Pin APIs (primary method) or disable interrupts around 
 106:Generated_Source\PSoC4/PWMI_OUT_C.c **** *  this function.
 107:Generated_Source\PSoC4/PWMI_OUT_C.c **** *
 108:Generated_Source\PSoC4/PWMI_OUT_C.c **** * \funcusage
 109:Generated_Source\PSoC4/PWMI_OUT_C.c **** *  \snippet PWMI_OUT_C_SUT.c usage_PWMI_OUT_C_Write
 110:Generated_Source\PSoC4/PWMI_OUT_C.c **** *******************************************************************************/
 111:Generated_Source\PSoC4/PWMI_OUT_C.c **** void PWMI_OUT_C_Write(uint8 value)
 112:Generated_Source\PSoC4/PWMI_OUT_C.c **** {
 355              		.loc 1 112 0
 356              		.cfi_startproc
 357              		@ args = 0, pretend = 0, frame = 0
 358              		@ frame_needed = 0, uses_anonymous_args = 0
 359              		@ link register save eliminated.
 360              	.LVL2:
 113:Generated_Source\PSoC4/PWMI_OUT_C.c ****     uint8 drVal = (uint8)(PWMI_OUT_C_DR & (uint8)(~PWMI_OUT_C_MASK));
 361              		.loc 1 113 0
 362 0000 0123     		movs	r3, #1
 363 0002 0449     		ldr	r1, .L5
 114:Generated_Source\PSoC4/PWMI_OUT_C.c ****     drVal = (drVal | ((uint8)(value << PWMI_OUT_C_SHIFT) & PWMI_OUT_C_MASK));
 115:Generated_Source\PSoC4/PWMI_OUT_C.c ****     PWMI_OUT_C_DR = (uint32)drVal;
 116:Generated_Source\PSoC4/PWMI_OUT_C.c **** }
 364              		.loc 1 116 0
 365              		@ sp needed
 113:Generated_Source\PSoC4/PWMI_OUT_C.c ****     uint8 drVal = (uint8)(PWMI_OUT_C_DR & (uint8)(~PWMI_OUT_C_MASK));
 366              		.loc 1 113 0
 367 0004 0A68     		ldr	r2, [r1]
 368 0006 9A43     		bics	r2, r3
 369 0008 D2B2     		uxtb	r2, r2
 370              	.LVL3:
 115:Generated_Source\PSoC4/PWMI_OUT_C.c **** }
 371              		.loc 1 115 0
 372 000a 0340     		ands	r3, r0
 373 000c 1343     		orrs	r3, r2
 374 000e 0B60     		str	r3, [r1]
 375              		.loc 1 116 0
 376 0010 7047     		bx	lr
 377              	.L6:
 378 0012 C046     		.align	2
 379              	.L5:
 380 0014 00010440 		.word	1074004224
 381              		.cfi_endproc
 382              	.LFE1:
 383              		.size	PWMI_OUT_C_Write, .-PWMI_OUT_C_Write
 384              		.section	.text.PWMI_OUT_C_Read,"ax",%progbits
 385              		.align	1
 386              		.global	PWMI_OUT_C_Read
 387              		.code	16
 388              		.thumb_func
 389              		.type	PWMI_OUT_C_Read, %function
 390              	PWMI_OUT_C_Read:
ARM GAS  C:\Users\prana\AppData\Local\Temp\cc48YxD2.s 			page 25


 391              	.LFB2:
 117:Generated_Source\PSoC4/PWMI_OUT_C.c **** 
 118:Generated_Source\PSoC4/PWMI_OUT_C.c **** 
 119:Generated_Source\PSoC4/PWMI_OUT_C.c **** /*******************************************************************************
 120:Generated_Source\PSoC4/PWMI_OUT_C.c **** * Function Name: PWMI_OUT_C_Read
 121:Generated_Source\PSoC4/PWMI_OUT_C.c **** ****************************************************************************//**
 122:Generated_Source\PSoC4/PWMI_OUT_C.c **** *
 123:Generated_Source\PSoC4/PWMI_OUT_C.c **** * \brief Reads the associated physical port (pin status register) and masks 
 124:Generated_Source\PSoC4/PWMI_OUT_C.c **** *  the required bits according to the width and bit position of the component
 125:Generated_Source\PSoC4/PWMI_OUT_C.c **** *  instance. 
 126:Generated_Source\PSoC4/PWMI_OUT_C.c **** *
 127:Generated_Source\PSoC4/PWMI_OUT_C.c **** * The pin's status register returns the current logic level present on the 
 128:Generated_Source\PSoC4/PWMI_OUT_C.c **** * physical pin.
 129:Generated_Source\PSoC4/PWMI_OUT_C.c **** *
 130:Generated_Source\PSoC4/PWMI_OUT_C.c **** * \return 
 131:Generated_Source\PSoC4/PWMI_OUT_C.c **** *  The current value for the pins in the component as a right justified number.
 132:Generated_Source\PSoC4/PWMI_OUT_C.c **** *
 133:Generated_Source\PSoC4/PWMI_OUT_C.c **** * \funcusage
 134:Generated_Source\PSoC4/PWMI_OUT_C.c **** *  \snippet PWMI_OUT_C_SUT.c usage_PWMI_OUT_C_Read  
 135:Generated_Source\PSoC4/PWMI_OUT_C.c **** *******************************************************************************/
 136:Generated_Source\PSoC4/PWMI_OUT_C.c **** uint8 PWMI_OUT_C_Read(void)
 137:Generated_Source\PSoC4/PWMI_OUT_C.c **** {
 392              		.loc 1 137 0
 393              		.cfi_startproc
 394              		@ args = 0, pretend = 0, frame = 0
 395              		@ frame_needed = 0, uses_anonymous_args = 0
 396              		@ link register save eliminated.
 138:Generated_Source\PSoC4/PWMI_OUT_C.c ****     return (uint8)((PWMI_OUT_C_PS & PWMI_OUT_C_MASK) >> PWMI_OUT_C_SHIFT);
 397              		.loc 1 138 0
 398 0000 024B     		ldr	r3, .L8
 139:Generated_Source\PSoC4/PWMI_OUT_C.c **** }
 399              		.loc 1 139 0
 400              		@ sp needed
 138:Generated_Source\PSoC4/PWMI_OUT_C.c ****     return (uint8)((PWMI_OUT_C_PS & PWMI_OUT_C_MASK) >> PWMI_OUT_C_SHIFT);
 401              		.loc 1 138 0
 402 0002 1868     		ldr	r0, [r3]
 403 0004 0123     		movs	r3, #1
 404 0006 1840     		ands	r0, r3
 405              		.loc 1 139 0
 406 0008 7047     		bx	lr
 407              	.L9:
 408 000a C046     		.align	2
 409              	.L8:
 410 000c 04010440 		.word	1074004228
 411              		.cfi_endproc
 412              	.LFE2:
 413              		.size	PWMI_OUT_C_Read, .-PWMI_OUT_C_Read
 414              		.section	.text.PWMI_OUT_C_ReadDataReg,"ax",%progbits
 415              		.align	1
 416              		.global	PWMI_OUT_C_ReadDataReg
 417              		.code	16
 418              		.thumb_func
 419              		.type	PWMI_OUT_C_ReadDataReg, %function
 420              	PWMI_OUT_C_ReadDataReg:
 421              	.LFB3:
 140:Generated_Source\PSoC4/PWMI_OUT_C.c **** 
 141:Generated_Source\PSoC4/PWMI_OUT_C.c **** 
ARM GAS  C:\Users\prana\AppData\Local\Temp\cc48YxD2.s 			page 26


 142:Generated_Source\PSoC4/PWMI_OUT_C.c **** /*******************************************************************************
 143:Generated_Source\PSoC4/PWMI_OUT_C.c **** * Function Name: PWMI_OUT_C_ReadDataReg
 144:Generated_Source\PSoC4/PWMI_OUT_C.c **** ****************************************************************************//**
 145:Generated_Source\PSoC4/PWMI_OUT_C.c **** *
 146:Generated_Source\PSoC4/PWMI_OUT_C.c **** * \brief Reads the associated physical port's data output register and masks 
 147:Generated_Source\PSoC4/PWMI_OUT_C.c **** *  the correct bits according to the width and bit position of the component 
 148:Generated_Source\PSoC4/PWMI_OUT_C.c **** *  instance. 
 149:Generated_Source\PSoC4/PWMI_OUT_C.c **** *
 150:Generated_Source\PSoC4/PWMI_OUT_C.c **** * The data output register controls the signal applied to the physical pin in 
 151:Generated_Source\PSoC4/PWMI_OUT_C.c **** * conjunction with the drive mode parameter. This is not the same as the 
 152:Generated_Source\PSoC4/PWMI_OUT_C.c **** * preferred PWMI_OUT_C_Read() API because the 
 153:Generated_Source\PSoC4/PWMI_OUT_C.c **** * PWMI_OUT_C_ReadDataReg() reads the data register instead of the status 
 154:Generated_Source\PSoC4/PWMI_OUT_C.c **** * register. For output pins this is a useful function to determine the value 
 155:Generated_Source\PSoC4/PWMI_OUT_C.c **** * just written to the pin.
 156:Generated_Source\PSoC4/PWMI_OUT_C.c **** *
 157:Generated_Source\PSoC4/PWMI_OUT_C.c **** * \return 
 158:Generated_Source\PSoC4/PWMI_OUT_C.c **** *  The current value of the data register masked and shifted into a right 
 159:Generated_Source\PSoC4/PWMI_OUT_C.c **** *  justified number for the component instance.
 160:Generated_Source\PSoC4/PWMI_OUT_C.c **** *
 161:Generated_Source\PSoC4/PWMI_OUT_C.c **** * \funcusage
 162:Generated_Source\PSoC4/PWMI_OUT_C.c **** *  \snippet PWMI_OUT_C_SUT.c usage_PWMI_OUT_C_ReadDataReg 
 163:Generated_Source\PSoC4/PWMI_OUT_C.c **** *******************************************************************************/
 164:Generated_Source\PSoC4/PWMI_OUT_C.c **** uint8 PWMI_OUT_C_ReadDataReg(void)
 165:Generated_Source\PSoC4/PWMI_OUT_C.c **** {
 422              		.loc 1 165 0
 423              		.cfi_startproc
 424              		@ args = 0, pretend = 0, frame = 0
 425              		@ frame_needed = 0, uses_anonymous_args = 0
 426              		@ link register save eliminated.
 166:Generated_Source\PSoC4/PWMI_OUT_C.c ****     return (uint8)((PWMI_OUT_C_DR & PWMI_OUT_C_MASK) >> PWMI_OUT_C_SHIFT);
 427              		.loc 1 166 0
 428 0000 024B     		ldr	r3, .L11
 167:Generated_Source\PSoC4/PWMI_OUT_C.c **** }
 429              		.loc 1 167 0
 430              		@ sp needed
 166:Generated_Source\PSoC4/PWMI_OUT_C.c ****     return (uint8)((PWMI_OUT_C_DR & PWMI_OUT_C_MASK) >> PWMI_OUT_C_SHIFT);
 431              		.loc 1 166 0
 432 0002 1868     		ldr	r0, [r3]
 433 0004 0123     		movs	r3, #1
 434 0006 1840     		ands	r0, r3
 435              		.loc 1 167 0
 436 0008 7047     		bx	lr
 437              	.L12:
 438 000a C046     		.align	2
 439              	.L11:
 440 000c 00010440 		.word	1074004224
 441              		.cfi_endproc
 442              	.LFE3:
 443              		.size	PWMI_OUT_C_ReadDataReg, .-PWMI_OUT_C_ReadDataReg
 444              		.section	.text.PWMI_OUT_C_SetInterruptMode,"ax",%progbits
 445              		.align	1
 446              		.global	PWMI_OUT_C_SetInterruptMode
 447              		.code	16
 448              		.thumb_func
 449              		.type	PWMI_OUT_C_SetInterruptMode, %function
 450              	PWMI_OUT_C_SetInterruptMode:
 451              	.LFB4:
ARM GAS  C:\Users\prana\AppData\Local\Temp\cc48YxD2.s 			page 27


 168:Generated_Source\PSoC4/PWMI_OUT_C.c **** 
 169:Generated_Source\PSoC4/PWMI_OUT_C.c **** 
 170:Generated_Source\PSoC4/PWMI_OUT_C.c **** /*******************************************************************************
 171:Generated_Source\PSoC4/PWMI_OUT_C.c **** * Function Name: PWMI_OUT_C_SetInterruptMode
 172:Generated_Source\PSoC4/PWMI_OUT_C.c **** ****************************************************************************//**
 173:Generated_Source\PSoC4/PWMI_OUT_C.c **** *
 174:Generated_Source\PSoC4/PWMI_OUT_C.c **** * \brief Configures the interrupt mode for each of the Pins component's
 175:Generated_Source\PSoC4/PWMI_OUT_C.c **** *  pins. Alternatively you may set the interrupt mode for all the pins
 176:Generated_Source\PSoC4/PWMI_OUT_C.c **** *  specified in the Pins component.
 177:Generated_Source\PSoC4/PWMI_OUT_C.c **** *
 178:Generated_Source\PSoC4/PWMI_OUT_C.c **** *  <b>Note</b> The interrupt is port-wide and therefore any enabled pin
 179:Generated_Source\PSoC4/PWMI_OUT_C.c **** *  interrupt may trigger it.
 180:Generated_Source\PSoC4/PWMI_OUT_C.c **** *
 181:Generated_Source\PSoC4/PWMI_OUT_C.c **** * \param position
 182:Generated_Source\PSoC4/PWMI_OUT_C.c **** *  The pin position as listed in the Pins component. You may OR these to be 
 183:Generated_Source\PSoC4/PWMI_OUT_C.c **** *  able to configure the interrupt mode of multiple pins within a Pins 
 184:Generated_Source\PSoC4/PWMI_OUT_C.c **** *  component. Or you may use PWMI_OUT_C_INTR_ALL to configure the
 185:Generated_Source\PSoC4/PWMI_OUT_C.c **** *  interrupt mode of all the pins in the Pins component.       
 186:Generated_Source\PSoC4/PWMI_OUT_C.c **** *  - PWMI_OUT_C_0_INTR       (First pin in the list)
 187:Generated_Source\PSoC4/PWMI_OUT_C.c **** *  - PWMI_OUT_C_1_INTR       (Second pin in the list)
 188:Generated_Source\PSoC4/PWMI_OUT_C.c **** *  - ...
 189:Generated_Source\PSoC4/PWMI_OUT_C.c **** *  - PWMI_OUT_C_INTR_ALL     (All pins in Pins component)
 190:Generated_Source\PSoC4/PWMI_OUT_C.c **** *
 191:Generated_Source\PSoC4/PWMI_OUT_C.c **** * \param mode
 192:Generated_Source\PSoC4/PWMI_OUT_C.c **** *  Interrupt mode for the selected pins. Valid options are documented in
 193:Generated_Source\PSoC4/PWMI_OUT_C.c **** *  \ref intrMode.
 194:Generated_Source\PSoC4/PWMI_OUT_C.c **** *
 195:Generated_Source\PSoC4/PWMI_OUT_C.c **** * \return 
 196:Generated_Source\PSoC4/PWMI_OUT_C.c **** *  None
 197:Generated_Source\PSoC4/PWMI_OUT_C.c **** *  
 198:Generated_Source\PSoC4/PWMI_OUT_C.c **** * \sideeffect
 199:Generated_Source\PSoC4/PWMI_OUT_C.c **** *  It is recommended that the interrupt be disabled before calling this 
 200:Generated_Source\PSoC4/PWMI_OUT_C.c **** *  function to avoid unintended interrupt requests. Note that the interrupt
 201:Generated_Source\PSoC4/PWMI_OUT_C.c **** *  type is port wide, and therefore will trigger for any enabled pin on the 
 202:Generated_Source\PSoC4/PWMI_OUT_C.c **** *  port.
 203:Generated_Source\PSoC4/PWMI_OUT_C.c **** *
 204:Generated_Source\PSoC4/PWMI_OUT_C.c **** * \funcusage
 205:Generated_Source\PSoC4/PWMI_OUT_C.c **** *  \snippet PWMI_OUT_C_SUT.c usage_PWMI_OUT_C_SetInterruptMode
 206:Generated_Source\PSoC4/PWMI_OUT_C.c **** *******************************************************************************/
 207:Generated_Source\PSoC4/PWMI_OUT_C.c **** void PWMI_OUT_C_SetInterruptMode(uint16 position, uint16 mode)
 208:Generated_Source\PSoC4/PWMI_OUT_C.c **** {
 452              		.loc 1 208 0
 453              		.cfi_startproc
 454              		@ args = 0, pretend = 0, frame = 0
 455              		@ frame_needed = 0, uses_anonymous_args = 0
 456              		@ link register save eliminated.
 457              	.LVL4:
 209:Generated_Source\PSoC4/PWMI_OUT_C.c ****     uint32 intrCfg;
 210:Generated_Source\PSoC4/PWMI_OUT_C.c ****     
 211:Generated_Source\PSoC4/PWMI_OUT_C.c ****     intrCfg =  PWMI_OUT_C_INTCFG & (uint32)(~(uint32)position);
 458              		.loc 1 211 0
 459 0000 034A     		ldr	r2, .L14
 212:Generated_Source\PSoC4/PWMI_OUT_C.c ****     PWMI_OUT_C_INTCFG = intrCfg | ((uint32)position & (uint32)mode);
 213:Generated_Source\PSoC4/PWMI_OUT_C.c **** }
 460              		.loc 1 213 0
 461              		@ sp needed
 211:Generated_Source\PSoC4/PWMI_OUT_C.c ****     PWMI_OUT_C_INTCFG = intrCfg | ((uint32)position & (uint32)mode);
ARM GAS  C:\Users\prana\AppData\Local\Temp\cc48YxD2.s 			page 28


 462              		.loc 1 211 0
 463 0002 1368     		ldr	r3, [r2]
 464              	.LVL5:
 212:Generated_Source\PSoC4/PWMI_OUT_C.c ****     PWMI_OUT_C_INTCFG = intrCfg | ((uint32)position & (uint32)mode);
 465              		.loc 1 212 0
 466 0004 8343     		bics	r3, r0
 467              	.LVL6:
 468 0006 0840     		ands	r0, r1
 469              	.LVL7:
 470 0008 1843     		orrs	r0, r3
 471 000a 1060     		str	r0, [r2]
 472              		.loc 1 213 0
 473 000c 7047     		bx	lr
 474              	.L15:
 475 000e C046     		.align	2
 476              	.L14:
 477 0010 0C010440 		.word	1074004236
 478              		.cfi_endproc
 479              	.LFE4:
 480              		.size	PWMI_OUT_C_SetInterruptMode, .-PWMI_OUT_C_SetInterruptMode
 481              		.section	.text.PWMI_OUT_C_ClearInterrupt,"ax",%progbits
 482              		.align	1
 483              		.global	PWMI_OUT_C_ClearInterrupt
 484              		.code	16
 485              		.thumb_func
 486              		.type	PWMI_OUT_C_ClearInterrupt, %function
 487              	PWMI_OUT_C_ClearInterrupt:
 488              	.LFB5:
 214:Generated_Source\PSoC4/PWMI_OUT_C.c **** 
 215:Generated_Source\PSoC4/PWMI_OUT_C.c **** 
 216:Generated_Source\PSoC4/PWMI_OUT_C.c **** /*******************************************************************************
 217:Generated_Source\PSoC4/PWMI_OUT_C.c **** * Function Name: PWMI_OUT_C_ClearInterrupt
 218:Generated_Source\PSoC4/PWMI_OUT_C.c **** ****************************************************************************//**
 219:Generated_Source\PSoC4/PWMI_OUT_C.c **** *
 220:Generated_Source\PSoC4/PWMI_OUT_C.c **** * \brief Clears any active interrupts attached with the component and returns 
 221:Generated_Source\PSoC4/PWMI_OUT_C.c **** *  the value of the interrupt status register allowing determination of which
 222:Generated_Source\PSoC4/PWMI_OUT_C.c **** *  pins generated an interrupt event.
 223:Generated_Source\PSoC4/PWMI_OUT_C.c **** *
 224:Generated_Source\PSoC4/PWMI_OUT_C.c **** * \return 
 225:Generated_Source\PSoC4/PWMI_OUT_C.c **** *  The right-shifted current value of the interrupt status register. Each pin 
 226:Generated_Source\PSoC4/PWMI_OUT_C.c **** *  has one bit set if it generated an interrupt event. For example, bit 0 is 
 227:Generated_Source\PSoC4/PWMI_OUT_C.c **** *  for pin 0 and bit 1 is for pin 1 of the Pins component.
 228:Generated_Source\PSoC4/PWMI_OUT_C.c **** *  
 229:Generated_Source\PSoC4/PWMI_OUT_C.c **** * \sideeffect
 230:Generated_Source\PSoC4/PWMI_OUT_C.c **** *  Clears all bits of the physical port's interrupt status register, not just
 231:Generated_Source\PSoC4/PWMI_OUT_C.c **** *  those associated with the Pins component.
 232:Generated_Source\PSoC4/PWMI_OUT_C.c **** *
 233:Generated_Source\PSoC4/PWMI_OUT_C.c **** * \funcusage
 234:Generated_Source\PSoC4/PWMI_OUT_C.c **** *  \snippet PWMI_OUT_C_SUT.c usage_PWMI_OUT_C_ClearInterrupt
 235:Generated_Source\PSoC4/PWMI_OUT_C.c **** *******************************************************************************/
 236:Generated_Source\PSoC4/PWMI_OUT_C.c **** uint8 PWMI_OUT_C_ClearInterrupt(void)
 237:Generated_Source\PSoC4/PWMI_OUT_C.c **** {
 489              		.loc 1 237 0
 490              		.cfi_startproc
 491              		@ args = 0, pretend = 0, frame = 0
 492              		@ frame_needed = 0, uses_anonymous_args = 0
 493              		@ link register save eliminated.
ARM GAS  C:\Users\prana\AppData\Local\Temp\cc48YxD2.s 			page 29


 238:Generated_Source\PSoC4/PWMI_OUT_C.c **** 	uint8 maskedStatus = (uint8)(PWMI_OUT_C_INTSTAT & PWMI_OUT_C_MASK);
 494              		.loc 1 238 0
 495 0000 0123     		movs	r3, #1
 496 0002 024A     		ldr	r2, .L17
 239:Generated_Source\PSoC4/PWMI_OUT_C.c **** 	PWMI_OUT_C_INTSTAT = maskedStatus;
 240:Generated_Source\PSoC4/PWMI_OUT_C.c ****     return maskedStatus >> PWMI_OUT_C_SHIFT;
 241:Generated_Source\PSoC4/PWMI_OUT_C.c **** }
 497              		.loc 1 241 0
 498              		@ sp needed
 238:Generated_Source\PSoC4/PWMI_OUT_C.c **** 	uint8 maskedStatus = (uint8)(PWMI_OUT_C_INTSTAT & PWMI_OUT_C_MASK);
 499              		.loc 1 238 0
 500 0004 1068     		ldr	r0, [r2]
 501 0006 1840     		ands	r0, r3
 502              	.LVL8:
 239:Generated_Source\PSoC4/PWMI_OUT_C.c **** 	PWMI_OUT_C_INTSTAT = maskedStatus;
 503              		.loc 1 239 0
 504 0008 1060     		str	r0, [r2]
 505              		.loc 1 241 0
 506 000a 7047     		bx	lr
 507              	.L18:
 508              		.align	2
 509              	.L17:
 510 000c 10010440 		.word	1074004240
 511              		.cfi_endproc
 512              	.LFE5:
 513              		.size	PWMI_OUT_C_ClearInterrupt, .-PWMI_OUT_C_ClearInterrupt
 514              		.text
 515              	.Letext0:
 516              		.file 2 "Generated_Source\\PSoC4\\cytypes.h"
 517              		.section	.debug_info,"",%progbits
 518              	.Ldebug_info0:
 519 0000 9C010000 		.4byte	0x19c
 520 0004 0400     		.2byte	0x4
 521 0006 00000000 		.4byte	.Ldebug_abbrev0
 522 000a 04       		.byte	0x4
 523 000b 01       		.uleb128 0x1
 524 000c 00010000 		.4byte	.LASF28
 525 0010 0C       		.byte	0xc
 526 0011 CF010000 		.4byte	.LASF29
 527 0015 35020000 		.4byte	.LASF30
 528 0019 00000000 		.4byte	.Ldebug_ranges0+0
 529 001d 00000000 		.4byte	0
 530 0021 00000000 		.4byte	.Ldebug_line0
 531 0025 02       		.uleb128 0x2
 532 0026 01       		.byte	0x1
 533 0027 06       		.byte	0x6
 534 0028 29020000 		.4byte	.LASF0
 535 002c 02       		.uleb128 0x2
 536 002d 01       		.byte	0x1
 537 002e 08       		.byte	0x8
 538 002f 61000000 		.4byte	.LASF1
 539 0033 02       		.uleb128 0x2
 540 0034 02       		.byte	0x2
 541 0035 05       		.byte	0x5
 542 0036 10020000 		.4byte	.LASF2
 543 003a 02       		.uleb128 0x2
 544 003b 02       		.byte	0x2
ARM GAS  C:\Users\prana\AppData\Local\Temp\cc48YxD2.s 			page 30


 545 003c 07       		.byte	0x7
 546 003d 87000000 		.4byte	.LASF3
 547 0041 02       		.uleb128 0x2
 548 0042 04       		.byte	0x4
 549 0043 05       		.byte	0x5
 550 0044 20020000 		.4byte	.LASF4
 551 0048 02       		.uleb128 0x2
 552 0049 04       		.byte	0x4
 553 004a 07       		.byte	0x7
 554 004b 75000000 		.4byte	.LASF5
 555 004f 02       		.uleb128 0x2
 556 0050 08       		.byte	0x8
 557 0051 05       		.byte	0x5
 558 0052 C1010000 		.4byte	.LASF6
 559 0056 02       		.uleb128 0x2
 560 0057 08       		.byte	0x8
 561 0058 07       		.byte	0x7
 562 0059 E9000000 		.4byte	.LASF7
 563 005d 03       		.uleb128 0x3
 564 005e 04       		.byte	0x4
 565 005f 05       		.byte	0x5
 566 0060 696E7400 		.ascii	"int\000"
 567 0064 02       		.uleb128 0x2
 568 0065 04       		.byte	0x4
 569 0066 07       		.byte	0x7
 570 0067 DC000000 		.4byte	.LASF8
 571 006b 04       		.uleb128 0x4
 572 006c 1A020000 		.4byte	.LASF9
 573 0070 02       		.byte	0x2
 574 0071 D201     		.2byte	0x1d2
 575 0073 2C000000 		.4byte	0x2c
 576 0077 04       		.uleb128 0x4
 577 0078 BD000000 		.4byte	.LASF10
 578 007c 02       		.byte	0x2
 579 007d D301     		.2byte	0x1d3
 580 007f 3A000000 		.4byte	0x3a
 581 0083 04       		.uleb128 0x4
 582 0084 CD000000 		.4byte	.LASF11
 583 0088 02       		.byte	0x2
 584 0089 D401     		.2byte	0x1d4
 585 008b 48000000 		.4byte	0x48
 586 008f 02       		.uleb128 0x2
 587 0090 04       		.byte	0x4
 588 0091 04       		.byte	0x4
 589 0092 5B000000 		.4byte	.LASF12
 590 0096 02       		.uleb128 0x2
 591 0097 08       		.byte	0x8
 592 0098 04       		.byte	0x4
 593 0099 9A000000 		.4byte	.LASF13
 594 009d 02       		.uleb128 0x2
 595 009e 01       		.byte	0x1
 596 009f 08       		.byte	0x8
 597 00a0 F3010000 		.4byte	.LASF14
 598 00a4 04       		.uleb128 0x4
 599 00a5 00000000 		.4byte	.LASF15
 600 00a9 02       		.byte	0x2
 601 00aa 7E02     		.2byte	0x27e
ARM GAS  C:\Users\prana\AppData\Local\Temp\cc48YxD2.s 			page 31


 602 00ac B0000000 		.4byte	0xb0
 603 00b0 05       		.uleb128 0x5
 604 00b1 83000000 		.4byte	0x83
 605 00b5 06       		.uleb128 0x6
 606 00b6 F8010000 		.4byte	.LASF16
 607 00ba 01       		.byte	0x1
 608 00bb 48       		.byte	0x48
 609 00bc 00000000 		.4byte	.LFB0
 610 00c0 14000000 		.4byte	.LFE0-.LFB0
 611 00c4 01       		.uleb128 0x1
 612 00c5 9C       		.byte	0x9c
 613 00c6 DA000000 		.4byte	0xda
 614 00ca 07       		.uleb128 0x7
 615 00cb BC010000 		.4byte	.LASF18
 616 00cf 01       		.byte	0x1
 617 00d0 48       		.byte	0x48
 618 00d1 6B000000 		.4byte	0x6b
 619 00d5 00000000 		.4byte	.LLST0
 620 00d9 00       		.byte	0
 621 00da 06       		.uleb128 0x6
 622 00db 4A000000 		.4byte	.LASF17
 623 00df 01       		.byte	0x1
 624 00e0 6F       		.byte	0x6f
 625 00e1 00000000 		.4byte	.LFB1
 626 00e5 18000000 		.4byte	.LFE1-.LFB1
 627 00e9 01       		.uleb128 0x1
 628 00ea 9C       		.byte	0x9c
 629 00eb 11010000 		.4byte	0x111
 630 00ef 08       		.uleb128 0x8
 631 00f0 2D000000 		.4byte	.LASF19
 632 00f4 01       		.byte	0x1
 633 00f5 6F       		.byte	0x6f
 634 00f6 6B000000 		.4byte	0x6b
 635 00fa 01       		.uleb128 0x1
 636 00fb 50       		.byte	0x50
 637 00fc 09       		.uleb128 0x9
 638 00fd 6F000000 		.4byte	.LASF24
 639 0101 01       		.byte	0x1
 640 0102 71       		.byte	0x71
 641 0103 6B000000 		.4byte	0x6b
 642 0107 08       		.uleb128 0x8
 643 0108 70       		.byte	0x70
 644 0109 00       		.sleb128 0
 645 010a 31       		.byte	0x31
 646 010b 1A       		.byte	0x1a
 647 010c 72       		.byte	0x72
 648 010d 00       		.sleb128 0
 649 010e 21       		.byte	0x21
 650 010f 9F       		.byte	0x9f
 651 0110 00       		.byte	0
 652 0111 0A       		.uleb128 0xa
 653 0112 7A020000 		.4byte	.LASF20
 654 0116 01       		.byte	0x1
 655 0117 88       		.byte	0x88
 656 0118 6B000000 		.4byte	0x6b
 657 011c 00000000 		.4byte	.LFB2
 658 0120 10000000 		.4byte	.LFE2-.LFB2
ARM GAS  C:\Users\prana\AppData\Local\Temp\cc48YxD2.s 			page 32


 659 0124 01       		.uleb128 0x1
 660 0125 9C       		.byte	0x9c
 661 0126 0A       		.uleb128 0xa
 662 0127 33000000 		.4byte	.LASF21
 663 012b 01       		.byte	0x1
 664 012c A4       		.byte	0xa4
 665 012d 6B000000 		.4byte	0x6b
 666 0131 00000000 		.4byte	.LFB3
 667 0135 10000000 		.4byte	.LFE3-.LFB3
 668 0139 01       		.uleb128 0x1
 669 013a 9C       		.byte	0x9c
 670 013b 06       		.uleb128 0x6
 671 013c A1000000 		.4byte	.LASF22
 672 0140 01       		.byte	0x1
 673 0141 CF       		.byte	0xcf
 674 0142 00000000 		.4byte	.LFB4
 675 0146 14000000 		.4byte	.LFE4-.LFB4
 676 014a 01       		.uleb128 0x1
 677 014b 9C       		.byte	0x9c
 678 014c 7C010000 		.4byte	0x17c
 679 0150 07       		.uleb128 0x7
 680 0151 C4000000 		.4byte	.LASF23
 681 0155 01       		.byte	0x1
 682 0156 CF       		.byte	0xcf
 683 0157 77000000 		.4byte	0x77
 684 015b 21000000 		.4byte	.LLST1
 685 015f 08       		.uleb128 0x8
 686 0160 BC010000 		.4byte	.LASF18
 687 0164 01       		.byte	0x1
 688 0165 CF       		.byte	0xcf
 689 0166 77000000 		.4byte	0x77
 690 016a 01       		.uleb128 0x1
 691 016b 51       		.byte	0x51
 692 016c 0B       		.uleb128 0xb
 693 016d D4000000 		.4byte	.LASF25
 694 0171 01       		.byte	0x1
 695 0172 D1       		.byte	0xd1
 696 0173 83000000 		.4byte	0x83
 697 0177 42000000 		.4byte	.LLST2
 698 017b 00       		.byte	0
 699 017c 0C       		.uleb128 0xc
 700 017d 06000000 		.4byte	.LASF26
 701 0181 01       		.byte	0x1
 702 0182 EC       		.byte	0xec
 703 0183 6B000000 		.4byte	0x6b
 704 0187 00000000 		.4byte	.LFB5
 705 018b 10000000 		.4byte	.LFE5-.LFB5
 706 018f 01       		.uleb128 0x1
 707 0190 9C       		.byte	0x9c
 708 0191 09       		.uleb128 0x9
 709 0192 20000000 		.4byte	.LASF27
 710 0196 01       		.byte	0x1
 711 0197 EE       		.byte	0xee
 712 0198 6B000000 		.4byte	0x6b
 713 019c 01       		.uleb128 0x1
 714 019d 50       		.byte	0x50
 715 019e 00       		.byte	0
ARM GAS  C:\Users\prana\AppData\Local\Temp\cc48YxD2.s 			page 33


 716 019f 00       		.byte	0
 717              		.section	.debug_abbrev,"",%progbits
 718              	.Ldebug_abbrev0:
 719 0000 01       		.uleb128 0x1
 720 0001 11       		.uleb128 0x11
 721 0002 01       		.byte	0x1
 722 0003 25       		.uleb128 0x25
 723 0004 0E       		.uleb128 0xe
 724 0005 13       		.uleb128 0x13
 725 0006 0B       		.uleb128 0xb
 726 0007 03       		.uleb128 0x3
 727 0008 0E       		.uleb128 0xe
 728 0009 1B       		.uleb128 0x1b
 729 000a 0E       		.uleb128 0xe
 730 000b 55       		.uleb128 0x55
 731 000c 17       		.uleb128 0x17
 732 000d 11       		.uleb128 0x11
 733 000e 01       		.uleb128 0x1
 734 000f 10       		.uleb128 0x10
 735 0010 17       		.uleb128 0x17
 736 0011 00       		.byte	0
 737 0012 00       		.byte	0
 738 0013 02       		.uleb128 0x2
 739 0014 24       		.uleb128 0x24
 740 0015 00       		.byte	0
 741 0016 0B       		.uleb128 0xb
 742 0017 0B       		.uleb128 0xb
 743 0018 3E       		.uleb128 0x3e
 744 0019 0B       		.uleb128 0xb
 745 001a 03       		.uleb128 0x3
 746 001b 0E       		.uleb128 0xe
 747 001c 00       		.byte	0
 748 001d 00       		.byte	0
 749 001e 03       		.uleb128 0x3
 750 001f 24       		.uleb128 0x24
 751 0020 00       		.byte	0
 752 0021 0B       		.uleb128 0xb
 753 0022 0B       		.uleb128 0xb
 754 0023 3E       		.uleb128 0x3e
 755 0024 0B       		.uleb128 0xb
 756 0025 03       		.uleb128 0x3
 757 0026 08       		.uleb128 0x8
 758 0027 00       		.byte	0
 759 0028 00       		.byte	0
 760 0029 04       		.uleb128 0x4
 761 002a 16       		.uleb128 0x16
 762 002b 00       		.byte	0
 763 002c 03       		.uleb128 0x3
 764 002d 0E       		.uleb128 0xe
 765 002e 3A       		.uleb128 0x3a
 766 002f 0B       		.uleb128 0xb
 767 0030 3B       		.uleb128 0x3b
 768 0031 05       		.uleb128 0x5
 769 0032 49       		.uleb128 0x49
 770 0033 13       		.uleb128 0x13
 771 0034 00       		.byte	0
 772 0035 00       		.byte	0
ARM GAS  C:\Users\prana\AppData\Local\Temp\cc48YxD2.s 			page 34


 773 0036 05       		.uleb128 0x5
 774 0037 35       		.uleb128 0x35
 775 0038 00       		.byte	0
 776 0039 49       		.uleb128 0x49
 777 003a 13       		.uleb128 0x13
 778 003b 00       		.byte	0
 779 003c 00       		.byte	0
 780 003d 06       		.uleb128 0x6
 781 003e 2E       		.uleb128 0x2e
 782 003f 01       		.byte	0x1
 783 0040 3F       		.uleb128 0x3f
 784 0041 19       		.uleb128 0x19
 785 0042 03       		.uleb128 0x3
 786 0043 0E       		.uleb128 0xe
 787 0044 3A       		.uleb128 0x3a
 788 0045 0B       		.uleb128 0xb
 789 0046 3B       		.uleb128 0x3b
 790 0047 0B       		.uleb128 0xb
 791 0048 27       		.uleb128 0x27
 792 0049 19       		.uleb128 0x19
 793 004a 11       		.uleb128 0x11
 794 004b 01       		.uleb128 0x1
 795 004c 12       		.uleb128 0x12
 796 004d 06       		.uleb128 0x6
 797 004e 40       		.uleb128 0x40
 798 004f 18       		.uleb128 0x18
 799 0050 9742     		.uleb128 0x2117
 800 0052 19       		.uleb128 0x19
 801 0053 01       		.uleb128 0x1
 802 0054 13       		.uleb128 0x13
 803 0055 00       		.byte	0
 804 0056 00       		.byte	0
 805 0057 07       		.uleb128 0x7
 806 0058 05       		.uleb128 0x5
 807 0059 00       		.byte	0
 808 005a 03       		.uleb128 0x3
 809 005b 0E       		.uleb128 0xe
 810 005c 3A       		.uleb128 0x3a
 811 005d 0B       		.uleb128 0xb
 812 005e 3B       		.uleb128 0x3b
 813 005f 0B       		.uleb128 0xb
 814 0060 49       		.uleb128 0x49
 815 0061 13       		.uleb128 0x13
 816 0062 02       		.uleb128 0x2
 817 0063 17       		.uleb128 0x17
 818 0064 00       		.byte	0
 819 0065 00       		.byte	0
 820 0066 08       		.uleb128 0x8
 821 0067 05       		.uleb128 0x5
 822 0068 00       		.byte	0
 823 0069 03       		.uleb128 0x3
 824 006a 0E       		.uleb128 0xe
 825 006b 3A       		.uleb128 0x3a
 826 006c 0B       		.uleb128 0xb
 827 006d 3B       		.uleb128 0x3b
 828 006e 0B       		.uleb128 0xb
 829 006f 49       		.uleb128 0x49
ARM GAS  C:\Users\prana\AppData\Local\Temp\cc48YxD2.s 			page 35


 830 0070 13       		.uleb128 0x13
 831 0071 02       		.uleb128 0x2
 832 0072 18       		.uleb128 0x18
 833 0073 00       		.byte	0
 834 0074 00       		.byte	0
 835 0075 09       		.uleb128 0x9
 836 0076 34       		.uleb128 0x34
 837 0077 00       		.byte	0
 838 0078 03       		.uleb128 0x3
 839 0079 0E       		.uleb128 0xe
 840 007a 3A       		.uleb128 0x3a
 841 007b 0B       		.uleb128 0xb
 842 007c 3B       		.uleb128 0x3b
 843 007d 0B       		.uleb128 0xb
 844 007e 49       		.uleb128 0x49
 845 007f 13       		.uleb128 0x13
 846 0080 02       		.uleb128 0x2
 847 0081 18       		.uleb128 0x18
 848 0082 00       		.byte	0
 849 0083 00       		.byte	0
 850 0084 0A       		.uleb128 0xa
 851 0085 2E       		.uleb128 0x2e
 852 0086 00       		.byte	0
 853 0087 3F       		.uleb128 0x3f
 854 0088 19       		.uleb128 0x19
 855 0089 03       		.uleb128 0x3
 856 008a 0E       		.uleb128 0xe
 857 008b 3A       		.uleb128 0x3a
 858 008c 0B       		.uleb128 0xb
 859 008d 3B       		.uleb128 0x3b
 860 008e 0B       		.uleb128 0xb
 861 008f 27       		.uleb128 0x27
 862 0090 19       		.uleb128 0x19
 863 0091 49       		.uleb128 0x49
 864 0092 13       		.uleb128 0x13
 865 0093 11       		.uleb128 0x11
 866 0094 01       		.uleb128 0x1
 867 0095 12       		.uleb128 0x12
 868 0096 06       		.uleb128 0x6
 869 0097 40       		.uleb128 0x40
 870 0098 18       		.uleb128 0x18
 871 0099 9742     		.uleb128 0x2117
 872 009b 19       		.uleb128 0x19
 873 009c 00       		.byte	0
 874 009d 00       		.byte	0
 875 009e 0B       		.uleb128 0xb
 876 009f 34       		.uleb128 0x34
 877 00a0 00       		.byte	0
 878 00a1 03       		.uleb128 0x3
 879 00a2 0E       		.uleb128 0xe
 880 00a3 3A       		.uleb128 0x3a
 881 00a4 0B       		.uleb128 0xb
 882 00a5 3B       		.uleb128 0x3b
 883 00a6 0B       		.uleb128 0xb
 884 00a7 49       		.uleb128 0x49
 885 00a8 13       		.uleb128 0x13
 886 00a9 02       		.uleb128 0x2
ARM GAS  C:\Users\prana\AppData\Local\Temp\cc48YxD2.s 			page 36


 887 00aa 17       		.uleb128 0x17
 888 00ab 00       		.byte	0
 889 00ac 00       		.byte	0
 890 00ad 0C       		.uleb128 0xc
 891 00ae 2E       		.uleb128 0x2e
 892 00af 01       		.byte	0x1
 893 00b0 3F       		.uleb128 0x3f
 894 00b1 19       		.uleb128 0x19
 895 00b2 03       		.uleb128 0x3
 896 00b3 0E       		.uleb128 0xe
 897 00b4 3A       		.uleb128 0x3a
 898 00b5 0B       		.uleb128 0xb
 899 00b6 3B       		.uleb128 0x3b
 900 00b7 0B       		.uleb128 0xb
 901 00b8 27       		.uleb128 0x27
 902 00b9 19       		.uleb128 0x19
 903 00ba 49       		.uleb128 0x49
 904 00bb 13       		.uleb128 0x13
 905 00bc 11       		.uleb128 0x11
 906 00bd 01       		.uleb128 0x1
 907 00be 12       		.uleb128 0x12
 908 00bf 06       		.uleb128 0x6
 909 00c0 40       		.uleb128 0x40
 910 00c1 18       		.uleb128 0x18
 911 00c2 9742     		.uleb128 0x2117
 912 00c4 19       		.uleb128 0x19
 913 00c5 00       		.byte	0
 914 00c6 00       		.byte	0
 915 00c7 00       		.byte	0
 916              		.section	.debug_loc,"",%progbits
 917              	.Ldebug_loc0:
 918              	.LLST0:
 919 0000 00000000 		.4byte	.LVL0
 920 0004 0A000000 		.4byte	.LVL1
 921 0008 0100     		.2byte	0x1
 922 000a 50       		.byte	0x50
 923 000b 0A000000 		.4byte	.LVL1
 924 000f 14000000 		.4byte	.LFE0
 925 0013 0400     		.2byte	0x4
 926 0015 F3       		.byte	0xf3
 927 0016 01       		.uleb128 0x1
 928 0017 50       		.byte	0x50
 929 0018 9F       		.byte	0x9f
 930 0019 00000000 		.4byte	0
 931 001d 00000000 		.4byte	0
 932              	.LLST1:
 933 0021 00000000 		.4byte	.LVL4
 934 0025 08000000 		.4byte	.LVL7
 935 0029 0100     		.2byte	0x1
 936 002b 50       		.byte	0x50
 937 002c 08000000 		.4byte	.LVL7
 938 0030 14000000 		.4byte	.LFE4
 939 0034 0400     		.2byte	0x4
 940 0036 F3       		.byte	0xf3
 941 0037 01       		.uleb128 0x1
 942 0038 50       		.byte	0x50
 943 0039 9F       		.byte	0x9f
ARM GAS  C:\Users\prana\AppData\Local\Temp\cc48YxD2.s 			page 37


 944 003a 00000000 		.4byte	0
 945 003e 00000000 		.4byte	0
 946              	.LLST2:
 947 0042 04000000 		.4byte	.LVL5
 948 0046 06000000 		.4byte	.LVL6
 949 004a 0B00     		.2byte	0xb
 950 004c 70       		.byte	0x70
 951 004d 00       		.sleb128 0
 952 004e 0A       		.byte	0xa
 953 004f FFFF     		.2byte	0xffff
 954 0051 1A       		.byte	0x1a
 955 0052 20       		.byte	0x20
 956 0053 73       		.byte	0x73
 957 0054 00       		.sleb128 0
 958 0055 1A       		.byte	0x1a
 959 0056 9F       		.byte	0x9f
 960 0057 00000000 		.4byte	0
 961 005b 00000000 		.4byte	0
 962              		.section	.debug_aranges,"",%progbits
 963 0000 44000000 		.4byte	0x44
 964 0004 0200     		.2byte	0x2
 965 0006 00000000 		.4byte	.Ldebug_info0
 966 000a 04       		.byte	0x4
 967 000b 00       		.byte	0
 968 000c 0000     		.2byte	0
 969 000e 0000     		.2byte	0
 970 0010 00000000 		.4byte	.LFB0
 971 0014 14000000 		.4byte	.LFE0-.LFB0
 972 0018 00000000 		.4byte	.LFB1
 973 001c 18000000 		.4byte	.LFE1-.LFB1
 974 0020 00000000 		.4byte	.LFB2
 975 0024 10000000 		.4byte	.LFE2-.LFB2
 976 0028 00000000 		.4byte	.LFB3
 977 002c 10000000 		.4byte	.LFE3-.LFB3
 978 0030 00000000 		.4byte	.LFB4
 979 0034 14000000 		.4byte	.LFE4-.LFB4
 980 0038 00000000 		.4byte	.LFB5
 981 003c 10000000 		.4byte	.LFE5-.LFB5
 982 0040 00000000 		.4byte	0
 983 0044 00000000 		.4byte	0
 984              		.section	.debug_ranges,"",%progbits
 985              	.Ldebug_ranges0:
 986 0000 00000000 		.4byte	.LFB0
 987 0004 14000000 		.4byte	.LFE0
 988 0008 00000000 		.4byte	.LFB1
 989 000c 18000000 		.4byte	.LFE1
 990 0010 00000000 		.4byte	.LFB2
 991 0014 10000000 		.4byte	.LFE2
 992 0018 00000000 		.4byte	.LFB3
 993 001c 10000000 		.4byte	.LFE3
 994 0020 00000000 		.4byte	.LFB4
 995 0024 14000000 		.4byte	.LFE4
 996 0028 00000000 		.4byte	.LFB5
 997 002c 10000000 		.4byte	.LFE5
 998 0030 00000000 		.4byte	0
 999 0034 00000000 		.4byte	0
 1000              		.section	.debug_line,"",%progbits
ARM GAS  C:\Users\prana\AppData\Local\Temp\cc48YxD2.s 			page 38


 1001              	.Ldebug_line0:
 1002 0000 C8000000 		.section	.debug_str,"MS",%progbits,1
 1002      02004700 
 1002      00000201 
 1002      FB0E0D00 
 1002      01010101 
 1003              	.LASF15:
 1004 0000 72656733 		.ascii	"reg32\000"
 1004      3200
 1005              	.LASF26:
 1006 0006 50574D49 		.ascii	"PWMI_OUT_C_ClearInterrupt\000"
 1006      5F4F5554 
 1006      5F435F43 
 1006      6C656172 
 1006      496E7465 
 1007              	.LASF27:
 1008 0020 6D61736B 		.ascii	"maskedStatus\000"
 1008      65645374 
 1008      61747573 
 1008      00
 1009              	.LASF19:
 1010 002d 76616C75 		.ascii	"value\000"
 1010      6500
 1011              	.LASF21:
 1012 0033 50574D49 		.ascii	"PWMI_OUT_C_ReadDataReg\000"
 1012      5F4F5554 
 1012      5F435F52 
 1012      65616444 
 1012      61746152 
 1013              	.LASF17:
 1014 004a 50574D49 		.ascii	"PWMI_OUT_C_Write\000"
 1014      5F4F5554 
 1014      5F435F57 
 1014      72697465 
 1014      00
 1015              	.LASF12:
 1016 005b 666C6F61 		.ascii	"float\000"
 1016      7400
 1017              	.LASF1:
 1018 0061 756E7369 		.ascii	"unsigned char\000"
 1018      676E6564 
 1018      20636861 
 1018      7200
 1019              	.LASF24:
 1020 006f 64725661 		.ascii	"drVal\000"
 1020      6C00
 1021              	.LASF5:
 1022 0075 6C6F6E67 		.ascii	"long unsigned int\000"
 1022      20756E73 
 1022      69676E65 
 1022      6420696E 
 1022      7400
 1023              	.LASF3:
 1024 0087 73686F72 		.ascii	"short unsigned int\000"
 1024      7420756E 
 1024      7369676E 
 1024      65642069 
ARM GAS  C:\Users\prana\AppData\Local\Temp\cc48YxD2.s 			page 39


 1024      6E7400
 1025              	.LASF13:
 1026 009a 646F7562 		.ascii	"double\000"
 1026      6C6500
 1027              	.LASF22:
 1028 00a1 50574D49 		.ascii	"PWMI_OUT_C_SetInterruptMode\000"
 1028      5F4F5554 
 1028      5F435F53 
 1028      6574496E 
 1028      74657272 
 1029              	.LASF10:
 1030 00bd 75696E74 		.ascii	"uint16\000"
 1030      313600
 1031              	.LASF23:
 1032 00c4 706F7369 		.ascii	"position\000"
 1032      74696F6E 
 1032      00
 1033              	.LASF11:
 1034 00cd 75696E74 		.ascii	"uint32\000"
 1034      333200
 1035              	.LASF25:
 1036 00d4 696E7472 		.ascii	"intrCfg\000"
 1036      43666700 
 1037              	.LASF8:
 1038 00dc 756E7369 		.ascii	"unsigned int\000"
 1038      676E6564 
 1038      20696E74 
 1038      00
 1039              	.LASF7:
 1040 00e9 6C6F6E67 		.ascii	"long long unsigned int\000"
 1040      206C6F6E 
 1040      6720756E 
 1040      7369676E 
 1040      65642069 
 1041              	.LASF28:
 1042 0100 474E5520 		.ascii	"GNU C11 5.4.1 20160609 (release) [ARM/embedded-5-br"
 1042      43313120 
 1042      352E342E 
 1042      31203230 
 1042      31363036 
 1043 0133 616E6368 		.ascii	"anch revision 237715] -mcpu=cortex-m0 -mthumb -g -O"
 1043      20726576 
 1043      6973696F 
 1043      6E203233 
 1043      37373135 
 1044 0166 73202D66 		.ascii	"s -ffunction-sections -ffat-lto-objects -finline-fu"
 1044      66756E63 
 1044      74696F6E 
 1044      2D736563 
 1044      74696F6E 
 1045 0199 6E637469 		.ascii	"nctions -flto -fno-strict-aliasing\000"
 1045      6F6E7320 
 1045      2D666C74 
 1045      6F202D66 
 1045      6E6F2D73 
 1046              	.LASF18:
 1047 01bc 6D6F6465 		.ascii	"mode\000"
ARM GAS  C:\Users\prana\AppData\Local\Temp\cc48YxD2.s 			page 40


 1047      00
 1048              	.LASF6:
 1049 01c1 6C6F6E67 		.ascii	"long long int\000"
 1049      206C6F6E 
 1049      6720696E 
 1049      7400
 1050              	.LASF29:
 1051 01cf 47656E65 		.ascii	"Generated_Source\\PSoC4\\PWMI_OUT_C.c\000"
 1051      72617465 
 1051      645F536F 
 1051      75726365 
 1051      5C50536F 
 1052              	.LASF14:
 1053 01f3 63686172 		.ascii	"char\000"
 1053      00
 1054              	.LASF16:
 1055 01f8 50574D49 		.ascii	"PWMI_OUT_C_SetDriveMode\000"
 1055      5F4F5554 
 1055      5F435F53 
 1055      65744472 
 1055      6976654D 
 1056              	.LASF2:
 1057 0210 73686F72 		.ascii	"short int\000"
 1057      7420696E 
 1057      7400
 1058              	.LASF9:
 1059 021a 75696E74 		.ascii	"uint8\000"
 1059      3800
 1060              	.LASF4:
 1061 0220 6C6F6E67 		.ascii	"long int\000"
 1061      20696E74 
 1061      00
 1062              	.LASF0:
 1063 0229 7369676E 		.ascii	"signed char\000"
 1063      65642063 
 1063      68617200 
 1064              	.LASF30:
 1065 0235 443A5C56 		.ascii	"D:\\V-TE-PWR\\PDSS_SRC_SNK\\CYPD3171-24LQXQ_pb\\CYP"
 1065      2D54452D 
 1065      5057525C 
 1065      50445353 
 1065      5F535243 
 1066 0264 44333137 		.ascii	"D3171-24LQXQ_pb.cydsn\000"
 1066      312D3234 
 1066      4C515851 
 1066      5F70622E 
 1066      63796473 
 1067              	.LASF20:
 1068 027a 50574D49 		.ascii	"PWMI_OUT_C_Read\000"
 1068      5F4F5554 
 1068      5F435F52 
 1068      65616400 
 1069              		.comm	__gnu_lto_v1,1,1
 1070              		.ident	"GCC: (GNU Tools for ARM Embedded Processors) 5.4.1 20160609 (release) [ARM/embedded-5-bran
