ARM GAS  C:\Users\GRL\AppData\Local\Temp\ccBJSsk4.s 			page 1


   1              		.syntax unified
   2              		.cpu cortex-m0
   3              		.fpu softvfp
   4              		.eabi_attribute 20, 1
   5              		.eabi_attribute 21, 1
   6              		.eabi_attribute 23, 3
   7              		.eabi_attribute 24, 1
   8              		.eabi_attribute 25, 1
   9              		.eabi_attribute 26, 1
  10              		.eabi_attribute 30, 4
  11              		.eabi_attribute 34, 0
  12              		.eabi_attribute 18, 4
  13              		.thumb
  14              		.syntax unified
  15              		.file	"TYPE_A_VBUS_EN.c"
  16              		.text
  17              	.Ltext0:
  18              		.section	.gnu.lto_.profile.f4146aff,"",%progbits
  19 0000 789C6361 		.ascii	"x\234ca`d`a`\000\222\352\212\000\000\331\000S"
  19      60646061 
  19      600092EA 
  19      8A0000D9 
  19      0053
  20              		.text
  21              		.section	.gnu.lto_.icf.f4146aff,"",%progbits
  22 0000 789C6361 		.ascii	"x\234ca`d\000\0015\006\004`c\2700wf#?\343\211\336Eo"
  22      60640001 
  22      35060460 
  22      63B83077 
  22      66233FE3 
  23 0018 B998D6FC 		.ascii	"\271\230\326\374==\237\225\371\371\255\336/<,\273\016"
  23      3D3D9F95 
  23      F9F9ADDE 
  23      2F3C2CBB 
  23      0E
  24 0029 FDBEC4C7 		.ascii	"\375\276\304\307:u\326\341+\274\014\000bP\022U"
  24      3A75D6E1 
  24      2BBC0C00 
  24      62501255 
  25              		.text
  26              		.section	.gnu.lto_.jmpfuncs.f4146aff,"",%progbits
  27 0000 789C45C9 		.ascii	"x\234E\311\261\001\000 \010\300\260\026\320+\374\225"
  27      B1010020 
  27      08C0B016 
  27      D02BFC95 
  28 0010 D795C90C 		.ascii	"\327\225\311\014]Z\3108|\033\265\235\004$Thv\257\367"
  28      5D5AC838 
  28      7C1BB59D 
  28      04245468 
  28      76AFF7
  29 0023 2E215502 		.ascii	".!U\002@"
  29      40
  30              		.text
  31              		.section	.gnu.lto_.inline.f4146aff,"",%progbits
  32 0000 789C658D 		.ascii	"x\234e\215\311\015\2000\014\004\327\216\343\030\011"
  32      C90D8030 
  32      0C04D78E 
ARM GAS  C:\Users\GRL\AppData\Local\Temp\ccBJSsk4.s 			page 2


  32      E31809
  33 000f 093A4807 		.ascii	"\011:H\007\224@\245<R\012%P\012%`\203\004B\231\307>"
  33      9440A53C 
  33      520A2550 
  33      0A256083 
  33      044299C7 
  34 0024 767C0808 		.ascii	"v|\010\010\301\206\017\005\254\020\301\\%\333Wh\253"
  34      C1860F05 
  34      AC10C15C 
  34      25DB5768 
  34      AB
  35 0035 0C3E2609 		.ascii	"\014>&\011K\030\254\223\322\352-\031\232\011\254\347"
  35      4B18AC93 
  35      D2EA2D19 
  35      9A09ACE7 
  36 0045 F2F44EEA 		.ascii	"\362\364N\352+\211\023\214\331OP\204\374\237x\2141\226"
  36      2B89138C 
  36      D94F5084 
  36      FC9F788C 
  36      3196
  37 0057 51D4375F 		.ascii	"Q\3247_\031\\\353\300\017\342"
  37      195CEBC0 
  37      0FE2
  38              		.text
  39              		.section	.gnu.lto_.pureconst.f4146aff,"",%progbits
  40 0000 789C6361 		.ascii	"x\234ca`d\340e```c\220b\224b\222b\226b\221b\225\002"
  40      6064E065 
  40      60606063 
  40      90629462 
  40      92629662 
  41 0018 00059500 		.ascii	"\000\005\225\000\304"
  41      C4
  42              		.text
  43              		.section	.gnu.lto_TYPE_A_VBUS_EN_SetDriveMode.f4146aff,"",%progbits
  44 0000 789C7D51 		.ascii	"x\234}QMK\033Q\024\275\347\275\311D\261\251[\301,\334"
  44      4D4B1B51 
  44      14BDE7BD 
  44      C944B1A9 
  44      5BC12CDC 
  45 0014 A908ADD0 		.ascii	"\251\010\255\320\376\001\025q'\301\250PPB\321Y\266\201"
  45      FE011571 
  45      27C1A850 
  45      5042D159 
  45      B681
  46 0026 60D779C9 		.ascii	"`\327y\311dh\351J(\012.\304\225\304\357\244\010\255"
  46      6468E94A 
  46      280A2EC4 
  46      95C4EFA4 
  46      08AD
  47 0038 22424869 		.ascii	"\"BHi\335Y\350Bw\266t1bWI\332B\021\355x\357$k\037\274"
  47      DD59E842 
  47      77B67431 
  47      625749DA 
  47      4211ED78 
  48 0051 7BEF1CCE 		.ascii	"{\357\034\3169\234w\307\"\220\234O\334\036s\357\346"
  48      399C77C7 
  48      22909C4F 
ARM GAS  C:\Users\GRL\AppData\Local\Temp\ccBJSsk4.s 			page 3


  48      DC1E73EF 
  48      E6
  49 0062 0B4D508B 		.ascii	"\013MP\213\247D\2716\005\310`\332@Y\205,\376\252[\205"
  49      A744B936 
  49      05C860DA 
  49      4059852C 
  49      FEAA5B85 
  50 0076 EA6BFF50 		.ascii	"\352k\377P\365\027\015\237\037\236\237\310\031\257\313"
  50      F5170D9F 
  50      1F9E9FC8 
  50      19AFCB
  51 0085 D344810A 		.ascii	"\323D\201\012\235\010E\3643\353\367\376\372\273\016"
  51      9D0845F4 
  51      33EBF7FE 
  51      FABB0E
  52 0094 3D00E2B9 		.ascii	"=\000\342\271~Z\273x\330\273nL\336\230\303Y\243=\015"
  52      7E5ABB78 
  52      D8BB6E4C 
  52      DE98C359 
  52      A33D0D
  53 00a7 6C40B302 		.ascii	"l@\263\002O\342\030\214\023\003\204M\364\012\371\347"
  53      4FE2188C 
  53      1303844D 
  53      F40AF9E7 
  54 00b7 FBFF4B31 		.ascii	"\373\377K1\273 \366=MSl\301\226\230\245\211\212\011"
  54      BB20F63D 
  54      4D536CC1 
  54      9698A589 
  54      8A09
  55 00c9 02D754F6 		.ascii	"\002\327T\366\355\317\037\354v\3052\245\245X\020qDF"
  55      EDCF1FEC 
  55      76C532A5 
  55      A5581071 
  55      4446
  56 00db 5B4A540A 		.ascii	"[JT\012Q\215\257\304\257+%]\373\250^\277=[\261\305\317"
  56      518DAFC4 
  56      AF2B255D 
  56      FBA85EBF 
  56      3D5BB1C5 
  57 00f0 D5F29465 		.ascii	"\325\362\224e\257\3725\372GyZ\20797\257\316\217c\315"
  57      AFFA35FA 
  57      47795A87 
  57      3937AFCE 
  57      8F63CD
  58 0103 CF3766D1 		.ascii	"\3177f\321X\014}\2738\372\256\327\260\232+\300\323\026"
  58      580C7DBB 
  58      38FAAED7 
  58      B09A2BC0 
  58      D316
  59 0115 7610C736 		.ascii	"v\020\3076\342\234i\027k \037\356M\313N7\035/\017\266"
  59      E29C6917 
  59      6B201FEE 
  59      4DCB4E37 
  59      1D2F0FB6 
  60 0129 363AC442 		.ascii	"6:\304B\341$\010\202N\3541\333G\276\021m\322\"\256\266"
  60      E1240882 
  60      4EEC31DB 
ARM GAS  C:\Users\GRL\AppData\Local\Temp\ccBJSsk4.s 			page 4


  60      47BE116D 
  60      D222AEB6 
  61 013d 44566BC9 		.ascii	"DVk\311\004\222\2356\312\305\007\"\213@\243\024J\334"
  61      04929D36 
  61      CAC50722 
  61      8B40A314 
  61      4ADC
  62 014f 7F2D4A34 		.ascii	"\177-J44\267\031\252.C\240\373b\2259\026K\350\027\362"
  62      34B719AA 
  62      2E43A0FB 
  62      62953916 
  62      4BE817F2 
  63 0163 958F5F94 		.ascii	"\225\217_\224\320\303\277RS\220\035\360F\372\306\234"
  63      D0C3BF52 
  63      53901DF0 
  63      46FAC69C 
  64 0173 974EE6F9 		.ascii	"\227N\346\371\2023\237J\246_e\346\234\231D2=\362tf\362"
  64      82339F4A 
  64      A65F65E6 
  64      9C994432 
  64      3DF27466 
  65 0188 59623435 		.ascii	"Yb45\224\232\036\236J\246F\307\037\315\221\365\"=\357"
  65      949A1E9E 
  65      4AA646C7 
  65      1FCD91F5 
  65      223DEF
  66 019b DC014B67 		.ascii	"\334\001Kg\241c"
  66      A163
  67              		.text
  68              		.section	.gnu.lto_TYPE_A_VBUS_EN_Write.f4146aff,"",%progbits
  69 0000 789C5551 		.ascii	"x\234UQMh\023A\030\2357\263\1775\366\354\301\034z)\265"
  69      4D681341 
  69      189D37B3 
  69      7F35F6EC 
  69      C11C7A29 
  70 0015 085251BC 		.ascii	"\010RQ\274\253\224\336\244\030-\010\325\020\332=\010"
  70      AB94DEA4 
  70      182D08D5 
  70      10DA3D08 
  71 0025 C142B03D 		.ascii	"\301B\260=\332I\322$P\025*b\365br\020I\353_\254\212"
  71      DA49D224 
  71      50152A62 
  71      F5627210 
  71      49EB5FAC 
  72 003a 20F4B02E 		.ascii	" \364\260.B.Z\021E\024\213h\301\210\236Ri\261\2101~"
  72      422E5A11 
  72      45148B68 
  72      C1889E52 
  72      69B18831 
  73 004f DFCEA519 		.ascii	"\337\316\245\031v~\366\355{o\336\367\255% x\234\225"
  73      767EF6ED 
  73      7B6FDEF7 
  73      AD252078 
  73      9C95
  74 0061 421CA27D 		.ascii	"B\034\242}7M(\0019\267\"D\326\223\000\037\264\0071-"
  74      374D2801 
  74      39B72244 
ARM GAS  C:\Users\GRL\AppData\Local\Temp\ccBJSsk4.s 			page 5


  74      D693001F 
  74      B407312D 
  75 0075 318D4DD9 		.ascii	"1\215M\331\222\010K\215g\262\277\252i|\371\366{@/\004"
  75      92084B8D 
  75      67B2BFAA 
  75      697CF9F6 
  75      7B402F04 
  76 0089 282821DA 		.ascii	"((!\3322r\022\250\242\237X\337\227K\357\240\366B\320"
  76      327212A8 
  76      A29F58DF 
  76      974BEFA0 
  76      F642D0
  77 009c B9186E36 		.ascii	"\271\030n6c}\267\265\316i}\365\264V\005\005,@\221\002"
  77      637DB7B5 
  77      CE697DF5 
  77      B4560505 
  77      2C409102 
  78 00b0 07E21888 		.ascii	"\007\342\030\210\013\002\004\026\321\307\344\037\341"
  78      0B020416 
  78      D1C7E41F 
  78      E1
  79 00bd C5B4DA1F 		.ascii	"\305\264\332\037\351\352O\257\264\321{\213u\301\333"
  79      E9EA4FAF 
  79      B4D17B8B 
  79      75C1DB
  80 00cc 7AF7751D 		.ascii	"z\367u\035d{X{g\273\226\007q\327\226\376]\353vf8U\017"
  80      647B587B 
  80      67BB9607 
  80      71D796FE 
  80      5DEB7666 
  81 00e3 EEA2D7E4 		.ascii	"\356\242\327\344\301=8T!\030\251\035\017t\273\235\327"
  81      C13D3854 
  81      2118A91D 
  81      0F74BB9D 
  81      D7
  82 00f4 C11BF7F9 		.ascii	"\301\033\367\371\0077&\351V\251hQ\226\340\31768\201"
  82      073726E9 
  82      56A96851 
  82      96E0CF36 
  82      3881
  83 0106 C380CB8B 		.ascii	"\303\200\313\213\027\241]\314\022\242I\223;\261.%\357"
  83      17A15DCC 
  83      12A24993 
  83      3BB12E25 
  83      EF
  84 0117 AA81F0CF 		.ascii	"\252\201\360\317\354Jy\212\375\363\212\2732_\010_\273"
  84      EC4A798A 
  84      FDF38ABB 
  84      325F085F 
  84      BB
  85 0128 1BB2A0AC 		.ascii	"\033\262\240\254(\372\247\255Z+f^\265\236\323\026A\325"
  85      28FAA7AD 
  85      5A2B665E 
  85      B59ED316 
  85      41D5
  86 013a 1B2F2F54 		.ascii	"\033//Tp3;C\355\262\361\000q\334\007\305G\015\025\210"
  86      70333B43 
ARM GAS  C:\Users\GRL\AppData\Local\Temp\ccBJSsk4.s 			page 6


  86      EDB2F100 
  86      71DC07C5 
  86      470D1588 
  87 014e 0672BF4A 		.ascii	"\006r\277J\253\322\370)\262$$\377\267\270\012\203X\004"
  87      ABD2F829 
  87      B22424FF 
  87      B7B80A83 
  87      5804
  88 0160 92C5E58D 		.ascii	"\222\305\345\215\331W;\331U\241\005<$\371\032\"\015"
  88      D9573BD9 
  88      55A1053C 
  88      24F91A22 
  88      0D
  89 0171 4725168B 		.ascii	"G%\026\213\232\305\367\3453FE\217M\252'/\352E\217U\016"
  89      9AC5F7E5 
  89      3346458F 
  89      4DAA272F 
  89      EA458F55 
  90 0186 80251275 		.ascii	"\200%\022uX\273\304#\322r\345\322\342\016&\201\034\037"
  90      58BBC423 
  90      D272E5D2 
  90      E20E2681 
  90      1C1F
  91 0198 19D29663 		.ascii	"\031\322\226c(^\024\300\355\274\3143\231?\2273\206\324"
  91      285E14C0 
  91      EDBCCC33 
  91      993F9733 
  91      86D4
  92 01aa 65A070FE 		.ascii	"e\240p\376\353.\006\266\027\234\325:\326Y\363c\252\231"
  92      EB2E06B6 
  92      179CD53A 
  92      D659F363 
  92      AA99
  93 01bc 24E22772 		.ascii	"$\342'r\301\307!\346G\377\261)\301\355\245f\357\031"
  93      C1C721E6 
  93      47FFB129 
  93      C1EDA566 
  93      EF19
  94 01ce F2CFF999 		.ascii	"\362\317\371\231\324y\177<\231\230\230\314\214\371\243"
  94      D4797F3C 
  94      999898CC 
  94      8CF9A3
  95 01dd C38989A3 		.ascii	"\303\211\211\243\007GO\234\032\036L\036N\216\0349\231"
  95      07474F9C 
  95      1A1E4C1E 
  95      4E8E1C39 
  95      99
  96 01ee 480E1EDB 		.ascii	"H\016\036\3337&\354\251Tz\322\267\3073#\251\364\177"
  96      3726ECA9 
  96      547AD2B7 
  96      C73323A9 
  96      F47F
  97 0200 1609D518 		.ascii	"\026\011\325\030"
  98              		.text
  99              		.section	.gnu.lto_TYPE_A_VBUS_EN_Read.f4146aff,"",%progbits
 100 0000 789C4D8F 		.ascii	"x\234M\217\277KBQ\024\307\317\367\336\347\017\204\376"
 100      BF4B4251 
ARM GAS  C:\Users\GRL\AppData\Local\Temp\ccBJSsk4.s 			page 7


 100      14C7CFF7 
 100      DEE70F84 
 100      FE
 101 0011 821C1AB3 		.ascii	"\202\034\032\263!\202Z\232\242\302\332B\262\202Bx\204"
 101      21825A9A 
 101      A2C2DA42 
 101      B2824278 
 101      84
 102 0022 BD35416A 		.ascii	"\2755Aj\366\352\363\031D\203K5\205\320\220\332\017\""
 102      F6EAF319 
 102      44834B35 
 102      85D090DA 
 102      0F22
 103 0034 8A961693 		.ascii	"\212\226\026\223\240 \312\246\240\251\210ph*1\202\250"
 103      A020CAA6 
 103      A0A98870 
 103      682A3182 
 103      A8
 104 0045 EC5C75E8 		.ascii	"\354\\u\350\302=\347\336s>\367\373=\327 \220^C\234z"
 104      C23DE7DE 
 104      733EF7FB 
 104      3DD72090 
 104      5E439C7A 
 105 0059 3877F286 		.ascii	"8w\362\206$\210\354-Q\322+\000}P^PB \201\017\361#p\375"
 105      2488EC2D 
 105      51D22B00 
 105      7D505E50 
 105      4220810F 
 106 0071 79B5E60B 		.ascii	"y\265\346\013\344\225J\251'ggp\263P\202#\211\032\202"
 106      E4954AA9 
 106      27676770 
 106      B3508223 
 106      891A82
 107 0084 D0EF479F 		.ascii	"\320\357G\237_K\344\021 F\237\217~\327;\334i\305\253"
 107      5F4BE411 
 107      20469F8F 
 107      7ED73BDC 
 107      69C5AB
 108 0097 4B03DC29 		.ascii	"K\003\334)\300\255-\017'K\252\321\260U\351\330w~\352"
 108      C0AD2D0F 
 108      274BAAD1 
 108      B055E9D8 
 108      777EEA
 109 00aa E39223D9 		.ascii	"\343\222#\331\227\203\241\203\213\264\"\275\361\013"
 109      9783A183 
 109      8BB422BD 
 109      F10B
 110 00b8 EDFF2E84 		.ascii	"\355\377.\204\316\262\212\362\327\352}qN\213\330R\262"
 110      CEB28AF2 
 110      D7EA7D71 
 110      4E8BD852 
 110      B2
 111 00c9 C18653AE 		.ascii	"\301\206S\256x\352\302\221\002\332\357\261r\226m_\323"
 111      78EAC291 
 111      02DAEFB1 
 111      72966D5F 
 111      D3
ARM GAS  C:\Users\GRL\AppData\Local\Temp\ccBJSsk4.s 			page 8


 112 00da 2AAB0C2E 		.ascii	"*\253\014.m?\334\335\310\034\266\222i\236Rb\027~\024"
 112      6D3FDCDD 
 112      C81CB692 
 112      699E5262 
 112      177E14
 113 00ed C133620F 		.ascii	"\3013b\0179P\025vm\214l\211\226\334\311\305e\306\253"
 113      39501576 
 113      6D8C6C89 
 113      96DCC9C5 
 113      65C6AB
 114 0100 DF1B00F6 		.ascii	"\337\033\000\366\031\343\376w\246\356i\031\032\314\375"
 114      19E3FE77 
 114      A6EE6919 
 114      1ACCFD
 115 010f 8798C141 		.ascii	"\207\230\301A\023J\325V^\320\202\\\314\321+D\373F\315"
 115      134AD556 
 115      5ED0825C 
 115      CCD12B44 
 115      FB46CD
 116 0122 6F408FCF 		.ascii	"o@\217\317\237\351\036\267\026\255\370\374\222\265`"
 116      9FE91EB7 
 116      16ADF8FC 
 116      92B560
 117 0131 8663CBF1 		.ascii	"\206c\313\361\250\025\011\205c\243\003\221\251\331P"
 117      A8150985 
 117      63A30391 
 117      A9D950
 118 0140 D01C3667 		.ascii	"\320\0346gF\246\303fp\2427J\177\321\\vh"
 118      46A6C366 
 118      70A2374A 
 118      7FD15C76 
 118      68
 119              		.text
 120              		.section	.gnu.lto_TYPE_A_VBUS_EN_ReadDataReg.f4146aff,"",%progbits
 121 0000 789C4D8F 		.ascii	"x\234M\217\273JCA\020\206\347\337=\271`\360\011Lai,"
 121      BB4A4341 
 121      1086E7DF 
 121      3DB960F0 
 121      094C6169 
 122 0015 44D0C646 		.ascii	"D\320\306FP\211v\022\214\012J\340 \361\264\006\202\266"
 122      50897612 
 122      8C0A4AE0 
 122      20F1B406 
 122      82B6
 123 0027 66733911 		.ascii	"fs9\021\304\"\215\027\020M\231\250\221 \372\0001\010"
 123      C4228D17 
 123      104D99A8 
 123      9120FA00 
 123      3108
 124 0039 0A8A3E80 		.ascii	"\012\212>\200\215\210\244\260\322\020/\2101\316\346"
 124      8D88A4B0 
 124      D2102F88 
 124      31CEE6
 125 0048 58B8B033 		.ascii	"X\270\2603\2733\337\376\377\254A \275\2069\365r\356"
 125      BB33DFFE 
 125      FFAC4120 
 125      BD8639F5 
ARM GAS  C:\Users\GRL\AppData\Local\Temp\ccBJSsk4.s 			page 9


 125      72EE
 126 005a E20D4910 		.ascii	"\342\015I\020\271[\242\244W\000\372\240\274\240\204"
 126      B95BA2A4 
 126      5700FAA0 
 126      BCA084
 127 0069 40026FA2 		.ascii	"@\002o\242)p\375q\265\321\021((\225R\017\366\351\320"
 127      2970FD71 
 127      B5D11128 
 127      2895520F 
 127      F6E9D0
 128 007c 76B1025B 		.ascii	"v\261\002[\022\265\004a\300\217~\277\226( @\214>\236"
 128      12B50461 
 128      C08F7EBF 
 128      96282040 
 128      8C3E9E
 129 008f FC6C76BA 		.ascii	"\374lv\2723\212W\267\006\270S\204[[\226\247*\252\325"
 129      338A57B7 
 129      06B85384 
 129      5B5B96A7 
 129      2AAAD5
 130 00a2 4AABCAAE 		.ascii	"J\253\312\256\357|\337\307%[\262/\007C\007\027iEz\341"
 130      EF7CDFC7 
 130      255BB22F 
 130      07430717 
 130      69457AE1 
 131 00b6 17DAFF55 		.ascii	"\027\332\377U\010\235e\015\325\257\365\367\322\274\026"
 131      089D650D 
 131      D5AFF5F7 
 131      D2BC16
 132 00c5 494BC906 		.ascii	"IK\311\006[v\365\316\323\020\266\024\320~\367\237\345"
 132      5B76F5CE 
 132      D310B614 
 132      D07EF79F 
 132      E5
 133 00d6 A6CFB92A 		.ascii	"\246\317\271*\225S\006\227\012;7\253y\354%3<\244\304"
 133      95530697 
 133      0A3B37AB 
 133      79EC2533 
 133      3CA4C4
 134 00e9 21FC3800 		.ascii	"!\3748\000\217\210#\344A5\244\353\343\224\226p\324\316"
 134      8F8823E4 
 134      4135A4EB 
 134      E3949670 
 134      D4CE
 135 00fb 2E2EB35E 		.ascii	"..\263^\375\334\000Pb\214\373\337\331\206\307\3613\230"
 135      FDDC0050 
 135      628CFBDF 
 135      D986C7F1 
 135      3398
 136 010d FB0F3183 		.ascii	"\373\0171\203\3436\224\252\257=\301\201\\\314\3213\304"
 136      E33694AA 
 136      AF3DC181 
 136      5CCCD133 
 136      C4
 137 011e DF8DDABF 		.ascii	"\337\215\332\277\200\236\236\377\3223a-Y\361\205ek\321"
 137      809E9EFF 
 137      D233612D 
ARM GAS  C:\Users\GRL\AppData\Local\Temp\ccBJSsk4.s 			page 10


 137      59F18565 
 137      6BD1
 138 0130 0CC756E2 		.ascii	"\014\307V\342Q+\022\012\307\306\006#\323s\241\2409b"
 138      512B120A 
 138      C7C60623 
 138      D373A1A0 
 138      3962
 139 0142 CE8ECE84 		.ascii	"\316\216\316\204\315\340d_\224~\001\214\360v]"
 139      CDE0645F 
 139      947E018C 
 139      F0765D
 140              		.text
 141              		.section	.gnu.lto_TYPE_A_VBUS_EN_SetInterruptMode.f4146aff,"",%progbits
 142 0000 789C6D91 		.ascii	"x\234m\221Mh\023A\024\307\347\315\354f7I\233z\267B."
 142      4D681341 
 142      14C7E7CD 
 142      EC663749 
 142      9B7AB742 
 143 0015 25164110 		.ascii	"%\026A\020z\361\246\226\342\255\004\243\202P\010\245"
 143      7AF1A696 
 143      E2AD04A3 
 143      825008A5 
 144 0025 8D12C144 		.ascii	"\215\022\301Db<w\222\315\007\024\221\342G\300b)T\226"
 144      623C7792 
 144      CD071491 
 144      E247C062 
 144      295496
 145 0038 54ABF653 		.ascii	"T\253\366S\301zY\203\336\374\252U\244\012\242\025S("
 145      C17A5983 
 145      DEFCAA55 
 145      A40AA215 
 145      5328
 146 004a 3DA45151 		.ascii	"=\244QQ\3046\276\267\223K\301\201\335\231\367\343\275"
 146      C436BEB7 
 146      934BC181 
 146      DD99F7E3 
 146      BD
 147 005b FFFCDF1B 		.ascii	"\377\374\337\033\215\001\243U\346\214\035\302}7~ \030"
 147      8D01A355 
 147      E68C1DC2 
 147      7D377E20 
 147      18
 148 006c F091978C 		.ascii	"\360\221\227\214eL\016@\007i\002\033\3420\004?\371\026"
 148      654C0E40 
 148      0769021B 
 148      E230043F 
 148      F916
 149 007e 874AB1FA 		.ascii	"\207J\261\372\210w\226%\256\317\337\326\016\310I\007"
 149      88779625 
 149      AECFDFD6 
 149      0EC84907 
 150 008e F282B106 		.ascii	"\362\202\261\006w\225\030\224\241\023\263\2365~9m?x"
 150      77951894 
 150      A113B39E 
 150      357E396D 
 150      3F78
 151 00a0 5E0050D1 		.ascii	"^\000P\321\233\332\3631?\205\034va8\272n\227\002b\037"
ARM GAS  C:\Users\GRL\AppData\Local\Temp\ccBJSsk4.s 			page 11


 151      9BDAF331 
 151      3F851C76 
 151      6138BA6E 
 151      9702621F 
 152 00b4 303CAF2D 		.ascii	"0<\257-L\274\367\205l)\263R>\356\227z^\010\270\003\002"
 152      4CBCF785 
 152      6C29B352 
 152      3EEE977A 
 152      5E08B803 
 153 00c9 F5E036B4 		.ascii	"\365\3406\264\303$\2643D\014\246 \204\331\337\347\355"
 153      C324B433 
 153      440CA620 
 153      84D9DFE7 
 153      ED
 154 00da AB7ED1E5 		.ascii	"\253~\321\345V\326-\333jiVn5+\357\376\247\362\036\204"
 154      56D62DDB 
 154      6A69566E 
 154      352BEFFE 
 154      A7F21E84 
 155 00ee 287D2937 		.ascii	"(})7sS(K\032\206\233/F\277\006\224\245 \206S\366;\233"
 155      7353284B 
 155      1A869B2F 
 155      46BF0694 
 155      A5208653 
 156 0105 8B83AEF0 		.ascii	"\213\203\256\360\360\312\225\271\326\216[$\354,_\016"
 156      F0CA95B9 
 156      D68E5B24 
 156      EC2C5F0E 
 157 0115 DC904E2E 		.ascii	"\334\220N.\230\027\032\314(\361i\024\277\217\342\264"
 157      98171ACC 
 157      28F16914 
 157      BF8FE2B4 
 158 0125 307B7576 		.ascii	"0{uv\373z\253'G\003\011\302,t\250Q\300\034xp\270@d\372"
 158      FB7AAB27 
 158      470309C2 
 158      2C74A851 
 158      C01C7870 
 159 013d 98231B0D 		.ascii	"\230#\033\015K:K\201'\037\002-\034m\351\350\002;\322"
 159      4B3A4B81 
 159      271F022D 
 159      1C6DE9E8 
 159      023BD2
 160 0150 E8A8D3CF 		.ascii	"\350\250\323\317\303(\323\000rk\"\360x\211\372\350\307"
 160      C328D300 
 160      726B22F0 
 160      7889FAE8 
 160      C7
 161 0161 580D15E9 		.ascii	"X\015\025\351%69\247]T\241\362g\370\323b\230.\261\004"
 161      253639A7 
 161      5D54A1F2 
 161      67F8D362 
 161      982EB104 
 162 0175 0DB894AF 		.ascii	"\015\270\224\257\2742\250\033\303\355\2408\261|VE\227"
 162      BC32A81B 
 162      C3EDA038 
 162      B17C5645 
 162      97
ARM GAS  C:\Users\GRL\AppData\Local\Temp\ccBJSsk4.s 			page 12


 163 0186 E488A476 		.ascii	"\344\210\244v\345\265\225\327m\3430\226\311\341s\231"
 163      E5B595D7 
 163      6DE33096 
 163      C9E17399 
 164 0196 B0803DCC 		.ascii	"\260\200=\314S\017\360\000\306\201U![/\276\365(=\315"
 164      530FF000 
 164      C6815521 
 164      5B2FBEF5 
 164      283DCD
 165 01a9 C2A921D9 		.ascii	"\302\251!\331.<\325\025\321\021\"\261\376\0266@\021"
 165      2E3CD515 
 165      D11122B1 
 165      FE163640 
 165      11
 166 01ba BA16395B 		.ascii	"\272\0269[\005\356v\212\336\021\252\234\352b\275\231"
 166      05EE768A 
 166      DE11AA9C 
 166      EA62BD99 
 167 01ca 65A29225 		.ascii	"e\242\222%\014W\336P\310\213\224\322~\02764E|\256\232"
 167      0C57DE50 
 167      C88B94D2 
 167      7E173634 
 167      457CAE9A 
 168 01de 1761A5F4 		.ascii	"\027a\245\364e\017\261\035v3R\372w:~\210\216\261\214"
 168      650FB11D 
 168      763352FA 
 168      773A7E88 
 168      8EB18C
 169 01f1 AD43D6F9 		.ascii	"\255C\326\371\330K\005\356S\3248\320ppT{\217\306\022"
 169      D84B05EE 
 169      53D438D0 
 169      7070547B 
 169      8FC612
 170 0204 B1547F3A 		.ascii	"\261T\177:6\030\215$/\246\006b}\341H\262\273\253\357"
 170      36188D24 
 170      2FA60662 
 170      7DE148B2 
 170      BBABEF
 171 0217 F8A9704F 		.ascii	"\370\251pO\364p\364\344\221\023\221hO\357\376\001f\236"
 171      F470F4E4 
 171      91139168 
 171      4FEFFE01 
 171      669E
 172 0229 4F5E88A7 		.ascii	"O^\210\247\343\311\204v.9\0303\342\211t\252\373\364"
 172      E3C98476 
 172      2E391833 
 172      E28974AA 
 172      FBF4
 173 023b 997FFBE8 		.ascii	"\231\177\373\350\357/"
 173      EF2F
 174              		.text
 175              		.section	.gnu.lto_TYPE_A_VBUS_EN_ClearInterrupt.f4146aff,"",%progbits
 176 0000 789C5590 		.ascii	"x\234U\220\315k\023Q\024\305\357yo\362\201\244\344\017"
 176      CD6B1351 
 176      14C5EF79 
 176      6FF281A4 
 176      E40F
ARM GAS  C:\Users\GRL\AppData\Local\Temp\ccBJSsk4.s 			page 13


 177 0012 308B6E02 		.ascii	"0\213n\002-\202\010\012\352RK\351\256\004S\005\241\020"
 177      2D82080A 
 177      EA524BE9 
 177      AE045305 
 177      A110
 178 0024 423B2BA9 		.ascii	"B;+\251\2054\335\3327M&-\245`6\246+\351B0\365\253Q\321"
 178      8534DDDA 
 178      374D262D 
 178      A56036A6 
 178      2BE94230 
 179 003c 8D121943 		.ascii	"\215\022\031C\252\242\264\202{A\"\024)\010m\325\006"
 179      AAA2B482 
 179      7B412214 
 179      29086DD5 
 179      06
 180 004d DA9AF4DE 		.ascii	"\332\232\364\336\031\027\366\301\360\336;s\317\357\235"
 180      1917F6C1 
 180      F0DE3B73 
 180      CFEF9D
 181 005c 7B2D02C9 		.ascii	"{-\002\311\372\312\333y\336O\362\007MP\345\015\"'\252"
 181      FACADB79 
 181      DE4FF207 
 181      4D50E50D 
 181      2227AA
 182 006f 00399828 		.ascii	"\0009\230(hFa\006\177\324_\205O\355\017\213'\372\253"
 182      68466106 
 182      7FD45F85 
 182      4FED0F8B 
 182      27FAAB
 183 0082 C6CC9A6F 		.ascii	"\306\314\232on\373\342\322\212\007W\023u\025\341l\002"
 183      6EFBE2D2 
 183      8A075713 
 183      7515E16C 
 183      02
 184 0093 671282A8 		.ascii	"g\022\202\250\242\237\270\364\373\352A\265G\237\202"
 184      A29FB8F4 
 184      FBEA41B5 
 184      479F82
 185 00a2 9CD7EFFF 		.ascii	"\234\327\357\377|\211\344=\261y\365\333\261%\3439\275"
 185      7C89E43D 
 185      B179F5DB 
 185      B125E339 
 185      BD
 186 00b3 ECC30AF4 		.ascii	"\354\303\012\364\377V\222\332\326\263\316\235\236p\321"
 186      FF5692DA 
 186      D6B3CE9D 
 186      9E70D1
 187 00c2 F0EAC503 		.ascii	"\360\352\305\003$\005\316\324\207\010sN\210R\273\342"
 187      2405CED4 
 187      8708734E 
 187      8852BBE2 
 188 00d2 996EB760 		.ascii	"\231n\267`\274\327\361\267_\342QE\256\346\334\256V\026"
 188      BCD7F1B7 
 188      5FE25145 
 188      AEE6DCAE 
 188      5616
 189 00e4 C9EF90DC 		.ascii	"\311\357\220\334#$\271h\233\275\322\305\216R\262\353"
ARM GAS  C:\Users\GRL\AppData\Local\Temp\ccBJSsk4.s 			page 14


 189      2324B968 
 189      9BBDD2C5 
 189      8E52B2EB 
 190 00f4 4D34F617 		.ascii	"M4\366\027\366\352\267\004W\320\322Q\305m|\216\374V"
 190      F6EAB704 
 190      57D0D251 
 190      C56D7C8E 
 190      FC56
 191 0106 AED67ED2 		.ascii	"\256\326~\322W\363\265\347\321\340Z6ec\261\364\343\227"
 191      57F3B5E7 
 191      D1E05A36 
 191      6563B1F4 
 191      E397
 192 0118 F331BC8C 		.ascii	"\3631\274\214\273N\221{\265\360\030\011<\002\307\305"
 192      BB4E917B 
 192      B5F01809 
 192      3C02C7C5 
 193 0128 132C8336 		.ascii	"\023,\20361\273;w\250\002\240f&+\205\303R\023\201b\261"
 193      31BB3B77 
 193      A802A066 
 193      262B85C3 
 193      52138162 
 194 013d C88CB56E 		.ascii	"\310\214\265n\333\213\013VAa\225\335-\370\026\311\313"
 194      DB8B0B56 
 194      416195DD 
 194      2DF816C9 
 194      CB
 195 014e 4501A553 		.ascii	"E\001\245S\317\005\246P 5*>\344X\004\307\230\320\361"
 195      CF05A650 
 195      20352A3E 
 195      E45804C7 
 195      98D0F1
 196 0161 14354EC1 		.ascii	"\0245N\301\026yv\267\364\356\315\205\000\021a\004\033"
 196      167976B7 
 196      F4EECD85 
 196      00116104 
 196      1B
 197 0172 5F34DF97 		.ascii	"_4\337\227\374vB\000\236r\375\026\376E\215\220?\036"
 197      FC764200 
 197      9E72FD16 
 197      FE458D90 
 197      3F1E
 198 0184 C8587848 		.ascii	"\310XxH}C\366M;\227\315\333\343\231\364\344tn\314\036"
 198      7D43F64D 
 198      3B97CDDB 
 198      E399F4E4 
 198      746ECC1E 
 199 0198 4DA52707 		.ascii	"M\245'\007\316\215\216\\O\015f.e\256]\276\232\316\014"
 199      CE8D8E5C 
 199      4F0D662E 
 199      65AE5DBE 
 199      9ACE0C
 200 01ab 0E9F1EA3 		.ascii	"\016\237\036\243\330Dv\352\206=\236\316g\363\323SG\362"
 200      D84476EA 
 200      863D9ECE 
 200      67F3D353 
 200      47F2
ARM GAS  C:\Users\GRL\AppData\Local\Temp\ccBJSsk4.s 			page 15


 201 01bd C5ADFC   		.ascii	"\305\255\374"
 202              		.text
 203              		.section	.gnu.lto_.symbol_nodes.f4146aff,"",%progbits
 204 0000 789C6361 		.ascii	"x\234ca`d\310`\000\002&\206z\006\206\011\347\030@\324"
 204      6064C860 
 204      00022686 
 204      7A068609 
 204      E71840D4 
 205 0014 AE0645A0 		.ascii	"\256\006E\240\000c=#\252\000S=\023\252\000s=3\252\000"
 205      00633D23 
 205      AA00533D 
 205      13AA0073 
 205      3D33AA00 
 206 0028 4B3D0BAA 		.ascii	"K=\013\252\000k=+\212\000\003\000\305\333\026\342"
 206      006B3D2B 
 206      8A000300 
 206      C5DB16E2 
 207              		.text
 208              		.section	.gnu.lto_.refs.f4146aff,"",%progbits
 209 0000 789C6361 		.ascii	"x\234ca`\004B \000\000\0009\000\007"
 209      60044220 
 209      00000039 
 209      0007
 210              		.text
 211              		.section	.gnu.lto_.decls.f4146aff,"",%progbits
 212 0000 789C8D54 		.ascii	"x\234\215T}LSW\024\277\347\275\266\330G\253\206\221"
 212      7D4C5357 
 212      14BFE7BD 
 212      B6D847AB 
 212      8691
 213 0012 856C5DC6 		.ascii	"\205l]\306\374\243\355_d\310\262\354\237-\333\320\351"
 213      FCA3ED5F 
 213      64C8B2EC 
 213      9F2DDBD0 
 213      E9
 214 0023 924D8D4C 		.ascii	"\222M\215L\226%&\015\302\213\222\0300]Y\346\177w\240"
 214      9625260D 
 214      C28B9218 
 214      305D59E6 
 214      7F77A0
 215 0036 8ECD99B1 		.ascii	"\216\315\231\261l:X$\003\211\023\344C\260\200\264\310"
 215      6C3A5824 
 215      038913E4 
 215      43B080B4 
 215      C8
 216 0047 5AE44305 		.ascii	"Z\344C\005T\250Y\006\272\015]u_\352\302\314>p\013\353"
 216      54A85906 
 216      BA0D5D75 
 216      5FEAC2CC 
 216      3E700BEB 
 217 005b CEBDF7B5 		.ascii	"\316\275\367\265\357\001%\343\246\347\276w\317;\347"
 217      EF0125E3 
 217      A6E7BE77 
 217      CF3BE7
 218 006a 777EE7F7 		.ascii	"w~\347\367N\237\211\000\341\313B\210\035o[\320b\270"
 218      4E9F8900 
 218      E1CB4288 
ARM GAS  C:\Users\GRL\AppData\Local\Temp\ccBJSsk4.s 			page 16


 218      1D6F5BD0 
 218      62B8
 219 007c 52D0954F 		.ascii	"R\320\225O\364\205\217\211\037\255\013\255\007-\210"
 219      F4858F89 
 219      1FAD0BAD 
 219      072D88
 220 008b 3688364C 		.ascii	"6\2106L\026/\277\026\317\362\333\320\\h\021\264\011"
 220      162FBF16 
 220      CFF2DBD0 
 220      5C6811B4 
 220      09
 221 009c B4CD5A0C 		.ascii	"\264\315Z\014hq\013\027\303OY\220\353X\"\277+I>\343"
 221      68710B17 
 221      C34F5990 
 221      EB5822BF 
 221      2B493EE3 
 222 00b0 66FE9FBA 		.ascii	"f\376\237\272=I\362\202\313\310\013&\311c\032X5\276"
 222      3D49F282 
 222      CBC80B26 
 222      C9631A58 
 222      35BE
 223 00c2 6968E968 		.ascii	"ih\351h!\2641\015\307i\300\212\343\014&\301a:Z\226\321"
 223      21B4310D 
 223      C769C08A 
 223      E30C26C1 
 223      613A5A96 
 224 00d7 7332BDE7 		.ascii	"s2\275\347$\210\325\2665Z\257\303\024H\020\177\241\000"
 224      2488D5B6 
 224      355AAFC3 
 224      1448107F 
 224      A100
 225 00e9 62076E44 		.ascii	"b\007nD\030?\342\215\304w\222p%.\204\355D\304s\237\016"
 225      183FE28D 
 225      C4779270 
 225      252E84ED 
 225      44C4739F 
 226 00fe C67FF16B 		.ascii	"\306\177\361k,\2768\210\216\016Z\022$\030\210,\361\\"
 226      2CBE3888 
 226      8E0E5A12 
 226      2418882C 
 226      F15C
 227 0110 D2C28800 		.ascii	"\322\302\210\000\227\364\004\003\236\240k\340\004\363"
 227      97F40403 
 227      9EA06BE0 
 227      04F3
 228 011e 7B8278D3 		.ascii	"{\202x\323\265\323}\243V\0311\361~\372A\343KY-\024W"
 228      B5D37DA3 
 228      561931F1 
 228      7EFA41E3 
 228      4B592D14 
 229 0133 15A5D273 		.ascii	"\025\245\322s\2722\247\366\337jZ\361\273\004\016\005"
 229      BA32A7F6 
 229      DF6A5AF1 
 229      BB040E05 
 230 0143 62C0CE77 		.ascii	"b\300\316w\003\017\354\342\314\036\327|\024\3757Uv\261"
 230      030FECE2 
 230      CC1ED77C 
ARM GAS  C:\Users\GRL\AppData\Local\Temp\ccBJSsk4.s 			page 17


 230      14FD3755 
 230      76B1
 231 0155 7BE96AB4 		.ascii	"{\351j\264\371g\023\270\225/\030\314\215\336\246g\003"
 231      F96713B8 
 231      952F18CC 
 231      8DDEA667 
 231      03
 232 0166 94AE8636 		.ascii	"\224\256\2066P\240\005dh\202,V\334\241\340^Ii9\2359"
 232      50A00564 
 232      68822C56 
 232      DCA1E05E 
 232      4969399D 
 233 017b 462D1904 		.ascii	"F-\031\004r\034\360\244\203@+\270\031&\213\202fp\300"
 233      721CF0A4 
 233      83402BB8 
 233      19268B82 
 233      6670C0
 234 018e 497030FC 		.ascii	"Ip0\374\333\237~~\307b\2220\221\341\35401\337P\354\257"
 234      DB9F7E7E 
 234      C7629230 
 234      91E1EC30 
 234      31DF50EC 
 235 01a3 F02AA490 		.ascii	"\360*\244\220\246\200\204\307\310\314Xm*\036\323\025"
 235      A68084C7 
 235      C8CC586D 
 235      2A1ED315 
 236 01b3 588DC7CB 		.ascii	"X\215\307\313\237LE \343\010\343@+h\246\004\371\017"
 236      9F4C4520 
 236      E308E340 
 236      2B68A604 
 236      F90F
 237 01c5 430702B6 		.ascii	"C\007\002\266# \201\323\220\201\373)0\211\356~\231\233"
 237      232081D3 
 237      9081FB29 
 237      3089EE7E 
 237      999B
 238 01d7 BD96B2A6 		.ascii	"\275\226\262\246\216\326\265\323\033\241\003\257\324"
 238      8ED6B5D3 
 238      1BA103AF 
 238      D4
 239 01e4 371CA0E3 		.ascii	"7\034\240\343\230\367<\017\204F\2356\336\262\313\011"
 239      98F73C0F 
 239      84469D36 
 239      DEB2CB09 
 240 01f4 B88E62FA 		.ascii	"\270\216b\372a\015\346\366\177}\274\333&\277\315e\370"
 240      610DE6F6 
 240      7F7DBCDB 
 240      26BFCD65 
 240      F8
 241 0205 63F6E6A4 		.ascii	"c\366\346\244]\340\204C\357\31254\\\2160\022G\351\324"
 241      5DE08443 
 241      EFCA3534 
 241      5C8E3012 
 241      47E9D4
 242 0218 513A8D28 		.ascii	"Q:\215(]\034\345\376\364x\237I>\004\034\246\266\252"
 242      5D1CE5FE 
 242      F4789F49 
ARM GAS  C:\Users\GRL\AppData\Local\Temp\ccBJSsk4.s 			page 18


 242      3E041CA6 
 242      B6AA
 243 022a E164AA91 		.ascii	"\341d\252\221;kZ'\177\206\223\337\241q\377~\356\036"
 243      3B6B5A27 
 243      7F8693DF 
 243      A171FF7E 
 243      EE1E
 244 023c 4DD56A76 		.ascii	"M\325jv\214\35051\012\272\365\232\335\306\232=\274\346"
 244      8CE83531 
 244      0ABAF59A 
 244      DDC69A3D 
 244      BCE6
 245 024e E18381AB 		.ascii	"\341\203\201\253\212\\/j\226ON\015\254\324`\252Gm\242"
 245      8A5C2F6A 
 245      964F4E0D 
 245      ACD460AA 
 245      476DA2
 246 0261 7F0E12D0 		.ascii	"\177\016\022\320A\002F\220 \007\371\330\177\242\027"
 246      41024690 
 246      2007F9D8 
 246      7FA217
 247 0270 E4B302E4 		.ascii	"\344\263\002\344\370\337\377\314\310\370\016\2348%1"
 247      F8DFFFCC 
 247      C8F80E9C 
 247      382531
 248 027f D930264E 		.ascii	"\3310&N1&\215\365\303~E\376\206\007K\277v\236\237\264"
 248      31268DF5 
 248      C37E45FE 
 248      86074BBF 
 248      769E9FB4 
 249 0293 83E2E653 		.ascii	"\203\342\346S\200}*n\222h\022\3028\007Nm\016\372\320"
 249      807D2A6E 
 249      926812C2 
 249      38074E6D 
 249      0EFAD0
 250 02a6 79169DDA 		.ascii	"y\026\235\332@\265\212\201\012\241&_\352\324\234\212"
 250      40B58A81 
 250      0AA1265F 
 250      EAD49C8A 
 251 02b6 90A3BAE1 		.ascii	"\220\243\272\341C7\037\224PbP\372[\177\030S\022\276"
 251      43371F94 
 251      506250FA 
 251      5B7F1853 
 251      12BE
 252 02c8 7EE0CE63 		.ascii	"~\340\316c?\335\351\266/9\037\003\\\342s\361\3718R\327"
 252      3FDDE9B6 
 252      2F391F03 
 252      5CE273F1 
 252      F93852D7 
 253 02dc 7E4889CF 		.ascii	"~H\211\317\307\360\346\350iJ\367c\236\211\305A\257N"
 253      C7F0E6E8 
 253      694AF763 
 253      9E89C541 
 253      AF4E
 254 02ee A2D7A8CF 		.ascii	"\242\327\250\317 \327\347\\c\305T\212\034\025\372\204"
 254      20D7E75C 
 254      63C5548A 
ARM GAS  C:\Users\GRL\AppData\Local\Temp\ccBJSsk4.s 			page 19


 254      1C15FA84 
 255 02fe 6EDD1BB0 		.ascii	"n\335\033\260j\"\007\256\314\177WC:\314\220\021f\230"
 255      6A2207AE 
 255      CC7F5743 
 255      3ACC9011 
 255      6698
 256 0310 C34CEC6B 		.ascii	"\303L\354k?*\213a7\341\361\267K\237EW\212a\317\304\343"
 256      3F2A8B61 
 256      37E1F1B7 
 256      4B9F4557 
 256      8A61CFC4 
 257 0325 B7179A9A 		.ascii	"\267\027\232\232\331S\027\323=\026[eP\336%\224\037\231"
 257      D95317D3 
 257      3D165B65 
 257      50DE2594 
 257      1F99
 258 0337 BE7DDF2A 		.ascii	"\276}\337*\277\303\377\345R\244\346\356\264%\256|U\005"
 258      BFC3FFE5 
 258      52A4E6EE 
 258      B425AE7C 
 258      5505
 259 0349 4DDB48E0 		.ascii	"M\333H\340\002\366~\236)\177\011\225wi\312\217\240\363"
 259      02F67E9E 
 259      297F0995 
 259      7769CA8F 
 259      A0F3
 260 035b A2AE7C87 		.ascii	"\242\256|\207P~\014U\034\325\331\2724\345\337\273y\370"
 260      507E0C55 
 260      1CD5D9BA 
 260      34E5DFBB 
 260      79F8
 261 036d 9A59A964 		.ascii	"\232Y\251dr.\007\0233\202\337\321\243f\271R\220\372"
 261      722E0713 
 261      3382DFD1 
 261      A366B952 
 261      90FA
 262 037f EAE0996A 		.ascii	"\352\340\231j9\376\331\010\317\375\270q\037\245\000"
 262      39FED908 
 262      CFFDB871 
 262      1FA500
 263 038e 1358EB8A 		.ascii	"\023X\353\212^\3532h\337\215\3055\306\223\327\370s\366"
 263      5EEB3268 
 263      DF8DC535 
 263      C693D7F8 
 263      73F6
 264 03a0 E20736DB 		.ascii	"\342\0076\333\373\211N9b<\211@\004l\374\213\310\256"
 264      FB894E39 
 264      623C8940 
 264      046CFC8B 
 264      C8AE
 265 03b2 8FBEF6C6 		.ascii	"\217\276\366\306\226\365\236\027<\371/n\313\363\254"
 265      96F59E17 
 265      3CF92F6E 
 265      CBF3AC
 266 03c1 DFE4C953 		.ascii	"\337\344\311S}\353\274\305o\251\257\226\026\251+6l\332"
 266      7DEBBCC5 
 266      6FA9AF96 
ARM GAS  C:\Users\GRL\AppData\Local\Temp\ccBJSsk4.s 			page 20


 266      16A92B36 
 266      6CDA
 267 03d3 96999B9D 		.ascii	"\226\231\233\235M\314e\305%\276g\236\330\240\226\250"
 267      4DCC65C5 
 267      25BE679E 
 267      D8A096A8 
 268 03e3 DE029F5A 		.ascii	"\336\002\237Z\344\311+-\363\026\252\333\267\344\225"
 268      E4C92B2D 
 268      F316AADB 
 268      B7E495
 269 03f2 E63EB5BD 		.ascii	"\346>\265\275p\257o\357\036\365\315\254]\304\275D\304"
 269      70AF6FEF 
 269      1EF5CDAC 
 269      5DC4BD44 
 269      C4
 270 0403 FC1A5985 		.ascii	"\374\032Y\205$}A\325\327\275\305>\365\241\005\316\255"
 270      247D41D5 
 270      D7BDC53E 
 270      F5A105CE 
 270      AD
 271 0414 6A41D123 		.ascii	"jA\321#I|\353\012|\005[\325\235\217/f\376r\211O\365"
 271      497CEB0A 
 271      7C055BD5 
 271      9D8F2F66 
 271      FE72894F 
 272 0429 7ACBF6F8 		.ascii	"z\313\366\370\030{\013#\235\375\364c\013\302rw\253\005"
 272      187B0B23 
 272      9DFDF463 
 272      0BC27277 
 272      AB05
 273 043b DE44200F 		.ascii	"\336D \017\312Yk\366\252;s\326\376\007\037z)\204"
 273      CA596BF6 
 273      AA3B73D6 
 273      FE071F7A 
 273      2984
 274              		.text
 275              		.section	.gnu.lto_.symtab.f4146aff,"",%progbits
 276 0000 54595045 		.ascii	"TYPE_A_VBUS_EN_SetDriveMode\000"
 276      5F415F56 
 276      4255535F 
 276      454E5F53 
 276      65744472 
 277 001c 00       		.ascii	"\000"
 278 001d 00       		.ascii	"\000"
 279 001e 00       		.ascii	"\000"
 280 001f 00000000 		.ascii	"\000\000\000\000\000\000\000\000"
 280      00000000 
 281 0027 B3000000 		.ascii	"\263\000\000\000"
 282 002b 54595045 		.ascii	"TYPE_A_VBUS_EN_Write\000"
 282      5F415F56 
 282      4255535F 
 282      454E5F57 
 282      72697465 
 283 0040 00       		.ascii	"\000"
 284 0041 00       		.ascii	"\000"
 285 0042 00       		.ascii	"\000"
 286 0043 00000000 		.ascii	"\000\000\000\000\000\000\000\000"
ARM GAS  C:\Users\GRL\AppData\Local\Temp\ccBJSsk4.s 			page 21


 286      00000000 
 287 004b B5000000 		.ascii	"\265\000\000\000"
 288 004f 54595045 		.ascii	"TYPE_A_VBUS_EN_Read\000"
 288      5F415F56 
 288      4255535F 
 288      454E5F52 
 288      65616400 
 289 0063 00       		.ascii	"\000"
 290 0064 00       		.ascii	"\000"
 291 0065 00       		.ascii	"\000"
 292 0066 00000000 		.ascii	"\000\000\000\000\000\000\000\000"
 292      00000000 
 293 006e B8000000 		.ascii	"\270\000\000\000"
 294 0072 54595045 		.ascii	"TYPE_A_VBUS_EN_ReadDataReg\000"
 294      5F415F56 
 294      4255535F 
 294      454E5F52 
 294      65616444 
 295 008d 00       		.ascii	"\000"
 296 008e 00       		.ascii	"\000"
 297 008f 00       		.ascii	"\000"
 298 0090 00000000 		.ascii	"\000\000\000\000\000\000\000\000"
 298      00000000 
 299 0098 BA000000 		.ascii	"\272\000\000\000"
 300 009c 54595045 		.ascii	"TYPE_A_VBUS_EN_SetInterruptMode\000"
 300      5F415F56 
 300      4255535F 
 300      454E5F53 
 300      6574496E 
 301 00bc 00       		.ascii	"\000"
 302 00bd 00       		.ascii	"\000"
 303 00be 00       		.ascii	"\000"
 304 00bf 00000000 		.ascii	"\000\000\000\000\000\000\000\000"
 304      00000000 
 305 00c7 C4000000 		.ascii	"\304\000\000\000"
 306 00cb 54595045 		.ascii	"TYPE_A_VBUS_EN_ClearInterrupt\000"
 306      5F415F56 
 306      4255535F 
 306      454E5F43 
 306      6C656172 
 307 00e9 00       		.ascii	"\000"
 308 00ea 00       		.ascii	"\000"
 309 00eb 00       		.ascii	"\000"
 310 00ec 00000000 		.ascii	"\000\000\000\000\000\000\000\000"
 310      00000000 
 311 00f4 C6000000 		.ascii	"\306\000\000\000"
 312              		.text
 313              		.section	.gnu.lto_.opts,"",%progbits
 314 0000 272D666D 		.ascii	"'-fmath-errno' '-fsigned-zeros' '-ftrapping-math' '"
 314      6174682D 
 314      6572726E 
 314      6F272027 
 314      2D667369 
 315 0033 2D666E6F 		.ascii	"-fno-trapv' '-fno-openmp' '-fno-openacc' '-mcpu=cor"
 315      2D747261 
 315      70762720 
 315      272D666E 
ARM GAS  C:\Users\GRL\AppData\Local\Temp\ccBJSsk4.s 			page 22


 315      6F2D6F70 
 316 0066 7465782D 		.ascii	"tex-m0' '-mthumb' '-g' '-Os' '-Werror' '-ffunction-"
 316      6D302720 
 316      272D6D74 
 316      68756D62 
 316      2720272D 
 317 0099 73656374 		.ascii	"sections' '-ffat-lto-objects' '-finline-functions' "
 317      696F6E73 
 317      2720272D 
 317      66666174 
 317      2D6C746F 
 318 00cc 272D666C 		.ascii	"'-flto' '-fno-strict-aliasing'\000"
 318      746F2720 
 318      272D666E 
 318      6F2D7374 
 318      72696374 
 319              		.text
 320              		.cfi_sections	.debug_frame
 321              		.section	.text.TYPE_A_VBUS_EN_SetDriveMode,"ax",%progbits
 322              		.align	1
 323              		.global	TYPE_A_VBUS_EN_SetDriveMode
 324              		.code	16
 325              		.thumb_func
 326              		.type	TYPE_A_VBUS_EN_SetDriveMode, %function
 327              	TYPE_A_VBUS_EN_SetDriveMode:
 328              	.LFB0:
 329              		.file 1 "Generated_Source\\PSoC4\\TYPE_A_VBUS_EN.c"
   1:Generated_Source\PSoC4/TYPE_A_VBUS_EN.c **** /*******************************************************************************
   2:Generated_Source\PSoC4/TYPE_A_VBUS_EN.c **** * File Name: TYPE_A_VBUS_EN.c  
   3:Generated_Source\PSoC4/TYPE_A_VBUS_EN.c **** * Version 2.20
   4:Generated_Source\PSoC4/TYPE_A_VBUS_EN.c **** *
   5:Generated_Source\PSoC4/TYPE_A_VBUS_EN.c **** * Description:
   6:Generated_Source\PSoC4/TYPE_A_VBUS_EN.c **** *  This file contains API to enable firmware control of a Pins component.
   7:Generated_Source\PSoC4/TYPE_A_VBUS_EN.c **** *
   8:Generated_Source\PSoC4/TYPE_A_VBUS_EN.c **** ********************************************************************************
   9:Generated_Source\PSoC4/TYPE_A_VBUS_EN.c **** * Copyright 2008-2015, Cypress Semiconductor Corporation.  All rights reserved.
  10:Generated_Source\PSoC4/TYPE_A_VBUS_EN.c **** * You may use this file only in accordance with the license, terms, conditions, 
  11:Generated_Source\PSoC4/TYPE_A_VBUS_EN.c **** * disclaimers, and limitations in the end user license agreement accompanying 
  12:Generated_Source\PSoC4/TYPE_A_VBUS_EN.c **** * the software package with which this file was provided.
  13:Generated_Source\PSoC4/TYPE_A_VBUS_EN.c **** *******************************************************************************/
  14:Generated_Source\PSoC4/TYPE_A_VBUS_EN.c **** 
  15:Generated_Source\PSoC4/TYPE_A_VBUS_EN.c **** #include "cytypes.h"
  16:Generated_Source\PSoC4/TYPE_A_VBUS_EN.c **** #include "TYPE_A_VBUS_EN.h"
  17:Generated_Source\PSoC4/TYPE_A_VBUS_EN.c **** 
  18:Generated_Source\PSoC4/TYPE_A_VBUS_EN.c **** 
  19:Generated_Source\PSoC4/TYPE_A_VBUS_EN.c **** #if defined(TYPE_A_VBUS_EN__PC)
  20:Generated_Source\PSoC4/TYPE_A_VBUS_EN.c ****     #define TYPE_A_VBUS_EN_SetP4PinDriveMode(shift, mode)  \
  21:Generated_Source\PSoC4/TYPE_A_VBUS_EN.c ****     do { \
  22:Generated_Source\PSoC4/TYPE_A_VBUS_EN.c ****         TYPE_A_VBUS_EN_PC =   (TYPE_A_VBUS_EN_PC & \
  23:Generated_Source\PSoC4/TYPE_A_VBUS_EN.c ****                                 (uint32)(~(uint32)(TYPE_A_VBUS_EN_DRIVE_MODE_IND_MASK << \
  24:Generated_Source\PSoC4/TYPE_A_VBUS_EN.c ****                                 (TYPE_A_VBUS_EN_DRIVE_MODE_BITS * (shift))))) | \
  25:Generated_Source\PSoC4/TYPE_A_VBUS_EN.c ****                                 (uint32)((uint32)(mode) << \
  26:Generated_Source\PSoC4/TYPE_A_VBUS_EN.c ****                                 (TYPE_A_VBUS_EN_DRIVE_MODE_BITS * (shift))); \
  27:Generated_Source\PSoC4/TYPE_A_VBUS_EN.c ****     } while (0)
  28:Generated_Source\PSoC4/TYPE_A_VBUS_EN.c **** #else
  29:Generated_Source\PSoC4/TYPE_A_VBUS_EN.c ****     #if (CY_PSOC4_4200L)
  30:Generated_Source\PSoC4/TYPE_A_VBUS_EN.c ****         #define TYPE_A_VBUS_EN_SetP4PinDriveMode(shift, mode)  \
ARM GAS  C:\Users\GRL\AppData\Local\Temp\ccBJSsk4.s 			page 23


  31:Generated_Source\PSoC4/TYPE_A_VBUS_EN.c ****         do { \
  32:Generated_Source\PSoC4/TYPE_A_VBUS_EN.c ****             TYPE_A_VBUS_EN_USBIO_CTRL_REG = (TYPE_A_VBUS_EN_USBIO_CTRL_REG & \
  33:Generated_Source\PSoC4/TYPE_A_VBUS_EN.c ****                                     (uint32)(~(uint32)(TYPE_A_VBUS_EN_DRIVE_MODE_IND_MASK << \
  34:Generated_Source\PSoC4/TYPE_A_VBUS_EN.c ****                                     (TYPE_A_VBUS_EN_DRIVE_MODE_BITS * (shift))))) | \
  35:Generated_Source\PSoC4/TYPE_A_VBUS_EN.c ****                                     (uint32)((uint32)(mode) << \
  36:Generated_Source\PSoC4/TYPE_A_VBUS_EN.c ****                                     (TYPE_A_VBUS_EN_DRIVE_MODE_BITS * (shift))); \
  37:Generated_Source\PSoC4/TYPE_A_VBUS_EN.c ****         } while (0)
  38:Generated_Source\PSoC4/TYPE_A_VBUS_EN.c ****     #endif
  39:Generated_Source\PSoC4/TYPE_A_VBUS_EN.c **** #endif
  40:Generated_Source\PSoC4/TYPE_A_VBUS_EN.c ****   
  41:Generated_Source\PSoC4/TYPE_A_VBUS_EN.c **** 
  42:Generated_Source\PSoC4/TYPE_A_VBUS_EN.c **** #if defined(TYPE_A_VBUS_EN__PC) || (CY_PSOC4_4200L) 
  43:Generated_Source\PSoC4/TYPE_A_VBUS_EN.c ****     /*******************************************************************************
  44:Generated_Source\PSoC4/TYPE_A_VBUS_EN.c ****     * Function Name: TYPE_A_VBUS_EN_SetDriveMode
  45:Generated_Source\PSoC4/TYPE_A_VBUS_EN.c ****     ****************************************************************************//**
  46:Generated_Source\PSoC4/TYPE_A_VBUS_EN.c ****     *
  47:Generated_Source\PSoC4/TYPE_A_VBUS_EN.c ****     * \brief Sets the drive mode for each of the Pins component's pins.
  48:Generated_Source\PSoC4/TYPE_A_VBUS_EN.c ****     * 
  49:Generated_Source\PSoC4/TYPE_A_VBUS_EN.c ****     * <b>Note</b> This affects all pins in the Pins component instance. Use the
  50:Generated_Source\PSoC4/TYPE_A_VBUS_EN.c ****     * Per-Pin APIs if you wish to control individual pin's drive modes.
  51:Generated_Source\PSoC4/TYPE_A_VBUS_EN.c ****     *
  52:Generated_Source\PSoC4/TYPE_A_VBUS_EN.c ****     * <b>Note</b> USBIOs have limited drive functionality. Refer to the Drive Mode
  53:Generated_Source\PSoC4/TYPE_A_VBUS_EN.c ****     * parameter for more information.
  54:Generated_Source\PSoC4/TYPE_A_VBUS_EN.c ****     *
  55:Generated_Source\PSoC4/TYPE_A_VBUS_EN.c ****     * \param mode
  56:Generated_Source\PSoC4/TYPE_A_VBUS_EN.c ****     *  Mode for the selected signals. Valid options are documented in 
  57:Generated_Source\PSoC4/TYPE_A_VBUS_EN.c ****     *  \ref driveMode.
  58:Generated_Source\PSoC4/TYPE_A_VBUS_EN.c ****     *
  59:Generated_Source\PSoC4/TYPE_A_VBUS_EN.c ****     * \return
  60:Generated_Source\PSoC4/TYPE_A_VBUS_EN.c ****     *  None
  61:Generated_Source\PSoC4/TYPE_A_VBUS_EN.c ****     *
  62:Generated_Source\PSoC4/TYPE_A_VBUS_EN.c ****     * \sideeffect
  63:Generated_Source\PSoC4/TYPE_A_VBUS_EN.c ****     *  If you use read-modify-write operations that are not atomic, the ISR can
  64:Generated_Source\PSoC4/TYPE_A_VBUS_EN.c ****     *  cause corruption of this function. An ISR that interrupts this function 
  65:Generated_Source\PSoC4/TYPE_A_VBUS_EN.c ****     *  and performs writes to the Pins component Drive Mode registers can cause 
  66:Generated_Source\PSoC4/TYPE_A_VBUS_EN.c ****     *  corrupted port data. To avoid this issue, you should either use the Per-Pin
  67:Generated_Source\PSoC4/TYPE_A_VBUS_EN.c ****     *  APIs (primary method) or disable interrupts around this function.
  68:Generated_Source\PSoC4/TYPE_A_VBUS_EN.c ****     *
  69:Generated_Source\PSoC4/TYPE_A_VBUS_EN.c ****     * \funcusage
  70:Generated_Source\PSoC4/TYPE_A_VBUS_EN.c ****     *  \snippet TYPE_A_VBUS_EN_SUT.c usage_TYPE_A_VBUS_EN_SetDriveMode
  71:Generated_Source\PSoC4/TYPE_A_VBUS_EN.c ****     *******************************************************************************/
  72:Generated_Source\PSoC4/TYPE_A_VBUS_EN.c ****     void TYPE_A_VBUS_EN_SetDriveMode(uint8 mode)
  73:Generated_Source\PSoC4/TYPE_A_VBUS_EN.c ****     {
 330              		.loc 1 73 0
 331              		.cfi_startproc
 332              		@ args = 0, pretend = 0, frame = 0
 333              		@ frame_needed = 0, uses_anonymous_args = 0
 334              		@ link register save eliminated.
 335              	.LVL0:
  74:Generated_Source\PSoC4/TYPE_A_VBUS_EN.c **** 		TYPE_A_VBUS_EN_SetP4PinDriveMode(TYPE_A_VBUS_EN__0__SHIFT, mode);
 336              		.loc 1 74 0
 337 0000 3821     		movs	r1, #56
 338 0002 034A     		ldr	r2, .L2
 339 0004 C000     		lsls	r0, r0, #3
 340              	.LVL1:
 341 0006 1368     		ldr	r3, [r2]
  75:Generated_Source\PSoC4/TYPE_A_VBUS_EN.c ****     }
ARM GAS  C:\Users\GRL\AppData\Local\Temp\ccBJSsk4.s 			page 24


 342              		.loc 1 75 0
 343              		@ sp needed
  74:Generated_Source\PSoC4/TYPE_A_VBUS_EN.c **** 		TYPE_A_VBUS_EN_SetP4PinDriveMode(TYPE_A_VBUS_EN__0__SHIFT, mode);
 344              		.loc 1 74 0
 345 0008 8B43     		bics	r3, r1
 346 000a 1843     		orrs	r0, r3
 347 000c 1060     		str	r0, [r2]
 348              		.loc 1 75 0
 349 000e 7047     		bx	lr
 350              	.L3:
 351              		.align	2
 352              	.L2:
 353 0010 08000440 		.word	1074003976
 354              		.cfi_endproc
 355              	.LFE0:
 356              		.size	TYPE_A_VBUS_EN_SetDriveMode, .-TYPE_A_VBUS_EN_SetDriveMode
 357              		.section	.text.TYPE_A_VBUS_EN_Write,"ax",%progbits
 358              		.align	1
 359              		.global	TYPE_A_VBUS_EN_Write
 360              		.code	16
 361              		.thumb_func
 362              		.type	TYPE_A_VBUS_EN_Write, %function
 363              	TYPE_A_VBUS_EN_Write:
 364              	.LFB1:
  76:Generated_Source\PSoC4/TYPE_A_VBUS_EN.c **** #endif
  77:Generated_Source\PSoC4/TYPE_A_VBUS_EN.c **** 
  78:Generated_Source\PSoC4/TYPE_A_VBUS_EN.c **** 
  79:Generated_Source\PSoC4/TYPE_A_VBUS_EN.c **** /*******************************************************************************
  80:Generated_Source\PSoC4/TYPE_A_VBUS_EN.c **** * Function Name: TYPE_A_VBUS_EN_Write
  81:Generated_Source\PSoC4/TYPE_A_VBUS_EN.c **** ****************************************************************************//**
  82:Generated_Source\PSoC4/TYPE_A_VBUS_EN.c **** *
  83:Generated_Source\PSoC4/TYPE_A_VBUS_EN.c **** * \brief Writes the value to the physical port (data output register), masking
  84:Generated_Source\PSoC4/TYPE_A_VBUS_EN.c **** *  and shifting the bits appropriately. 
  85:Generated_Source\PSoC4/TYPE_A_VBUS_EN.c **** *
  86:Generated_Source\PSoC4/TYPE_A_VBUS_EN.c **** * The data output register controls the signal applied to the physical pin in 
  87:Generated_Source\PSoC4/TYPE_A_VBUS_EN.c **** * conjunction with the drive mode parameter. This function avoids changing 
  88:Generated_Source\PSoC4/TYPE_A_VBUS_EN.c **** * other bits in the port by using the appropriate method (read-modify-write or
  89:Generated_Source\PSoC4/TYPE_A_VBUS_EN.c **** * bit banding).
  90:Generated_Source\PSoC4/TYPE_A_VBUS_EN.c **** *
  91:Generated_Source\PSoC4/TYPE_A_VBUS_EN.c **** * <b>Note</b> This function should not be used on a hardware digital output pin 
  92:Generated_Source\PSoC4/TYPE_A_VBUS_EN.c **** * as it is driven by the hardware signal attached to it.
  93:Generated_Source\PSoC4/TYPE_A_VBUS_EN.c **** *
  94:Generated_Source\PSoC4/TYPE_A_VBUS_EN.c **** * \param value
  95:Generated_Source\PSoC4/TYPE_A_VBUS_EN.c **** *  Value to write to the component instance.
  96:Generated_Source\PSoC4/TYPE_A_VBUS_EN.c **** *
  97:Generated_Source\PSoC4/TYPE_A_VBUS_EN.c **** * \return 
  98:Generated_Source\PSoC4/TYPE_A_VBUS_EN.c **** *  None 
  99:Generated_Source\PSoC4/TYPE_A_VBUS_EN.c **** *
 100:Generated_Source\PSoC4/TYPE_A_VBUS_EN.c **** * \sideeffect
 101:Generated_Source\PSoC4/TYPE_A_VBUS_EN.c **** *  If you use read-modify-write operations that are not atomic; the Interrupt 
 102:Generated_Source\PSoC4/TYPE_A_VBUS_EN.c **** *  Service Routines (ISR) can cause corruption of this function. An ISR that 
 103:Generated_Source\PSoC4/TYPE_A_VBUS_EN.c **** *  interrupts this function and performs writes to the Pins component data 
 104:Generated_Source\PSoC4/TYPE_A_VBUS_EN.c **** *  register can cause corrupted port data. To avoid this issue, you should 
 105:Generated_Source\PSoC4/TYPE_A_VBUS_EN.c **** *  either use the Per-Pin APIs (primary method) or disable interrupts around 
 106:Generated_Source\PSoC4/TYPE_A_VBUS_EN.c **** *  this function.
 107:Generated_Source\PSoC4/TYPE_A_VBUS_EN.c **** *
 108:Generated_Source\PSoC4/TYPE_A_VBUS_EN.c **** * \funcusage
ARM GAS  C:\Users\GRL\AppData\Local\Temp\ccBJSsk4.s 			page 25


 109:Generated_Source\PSoC4/TYPE_A_VBUS_EN.c **** *  \snippet TYPE_A_VBUS_EN_SUT.c usage_TYPE_A_VBUS_EN_Write
 110:Generated_Source\PSoC4/TYPE_A_VBUS_EN.c **** *******************************************************************************/
 111:Generated_Source\PSoC4/TYPE_A_VBUS_EN.c **** void TYPE_A_VBUS_EN_Write(uint8 value)
 112:Generated_Source\PSoC4/TYPE_A_VBUS_EN.c **** {
 365              		.loc 1 112 0
 366              		.cfi_startproc
 367              		@ args = 0, pretend = 0, frame = 0
 368              		@ frame_needed = 0, uses_anonymous_args = 0
 369              		@ link register save eliminated.
 370              	.LVL2:
 113:Generated_Source\PSoC4/TYPE_A_VBUS_EN.c ****     uint8 drVal = (uint8)(TYPE_A_VBUS_EN_DR & (uint8)(~TYPE_A_VBUS_EN_MASK));
 371              		.loc 1 113 0
 372 0000 0223     		movs	r3, #2
 373 0002 0449     		ldr	r1, .L5
 114:Generated_Source\PSoC4/TYPE_A_VBUS_EN.c ****     drVal = (drVal | ((uint8)(value << TYPE_A_VBUS_EN_SHIFT) & TYPE_A_VBUS_EN_MASK));
 115:Generated_Source\PSoC4/TYPE_A_VBUS_EN.c ****     TYPE_A_VBUS_EN_DR = (uint32)drVal;
 374              		.loc 1 115 0
 375 0004 4000     		lsls	r0, r0, #1
 376              	.LVL3:
 113:Generated_Source\PSoC4/TYPE_A_VBUS_EN.c ****     uint8 drVal = (uint8)(TYPE_A_VBUS_EN_DR & (uint8)(~TYPE_A_VBUS_EN_MASK));
 377              		.loc 1 113 0
 378 0006 0A68     		ldr	r2, [r1]
 116:Generated_Source\PSoC4/TYPE_A_VBUS_EN.c **** }
 379              		.loc 1 116 0
 380              		@ sp needed
 113:Generated_Source\PSoC4/TYPE_A_VBUS_EN.c ****     uint8 drVal = (uint8)(TYPE_A_VBUS_EN_DR & (uint8)(~TYPE_A_VBUS_EN_MASK));
 381              		.loc 1 113 0
 382 0008 9A43     		bics	r2, r3
 383 000a D2B2     		uxtb	r2, r2
 115:Generated_Source\PSoC4/TYPE_A_VBUS_EN.c **** }
 384              		.loc 1 115 0
 385 000c 0340     		ands	r3, r0
 386 000e 1343     		orrs	r3, r2
 387 0010 0B60     		str	r3, [r1]
 388              		.loc 1 116 0
 389 0012 7047     		bx	lr
 390              	.L6:
 391              		.align	2
 392              	.L5:
 393 0014 00000440 		.word	1074003968
 394              		.cfi_endproc
 395              	.LFE1:
 396              		.size	TYPE_A_VBUS_EN_Write, .-TYPE_A_VBUS_EN_Write
 397              		.section	.text.TYPE_A_VBUS_EN_Read,"ax",%progbits
 398              		.align	1
 399              		.global	TYPE_A_VBUS_EN_Read
 400              		.code	16
 401              		.thumb_func
 402              		.type	TYPE_A_VBUS_EN_Read, %function
 403              	TYPE_A_VBUS_EN_Read:
 404              	.LFB2:
 117:Generated_Source\PSoC4/TYPE_A_VBUS_EN.c **** 
 118:Generated_Source\PSoC4/TYPE_A_VBUS_EN.c **** 
 119:Generated_Source\PSoC4/TYPE_A_VBUS_EN.c **** /*******************************************************************************
 120:Generated_Source\PSoC4/TYPE_A_VBUS_EN.c **** * Function Name: TYPE_A_VBUS_EN_Read
 121:Generated_Source\PSoC4/TYPE_A_VBUS_EN.c **** ****************************************************************************//**
 122:Generated_Source\PSoC4/TYPE_A_VBUS_EN.c **** *
ARM GAS  C:\Users\GRL\AppData\Local\Temp\ccBJSsk4.s 			page 26


 123:Generated_Source\PSoC4/TYPE_A_VBUS_EN.c **** * \brief Reads the associated physical port (pin status register) and masks 
 124:Generated_Source\PSoC4/TYPE_A_VBUS_EN.c **** *  the required bits according to the width and bit position of the component
 125:Generated_Source\PSoC4/TYPE_A_VBUS_EN.c **** *  instance. 
 126:Generated_Source\PSoC4/TYPE_A_VBUS_EN.c **** *
 127:Generated_Source\PSoC4/TYPE_A_VBUS_EN.c **** * The pin's status register returns the current logic level present on the 
 128:Generated_Source\PSoC4/TYPE_A_VBUS_EN.c **** * physical pin.
 129:Generated_Source\PSoC4/TYPE_A_VBUS_EN.c **** *
 130:Generated_Source\PSoC4/TYPE_A_VBUS_EN.c **** * \return 
 131:Generated_Source\PSoC4/TYPE_A_VBUS_EN.c **** *  The current value for the pins in the component as a right justified number.
 132:Generated_Source\PSoC4/TYPE_A_VBUS_EN.c **** *
 133:Generated_Source\PSoC4/TYPE_A_VBUS_EN.c **** * \funcusage
 134:Generated_Source\PSoC4/TYPE_A_VBUS_EN.c **** *  \snippet TYPE_A_VBUS_EN_SUT.c usage_TYPE_A_VBUS_EN_Read  
 135:Generated_Source\PSoC4/TYPE_A_VBUS_EN.c **** *******************************************************************************/
 136:Generated_Source\PSoC4/TYPE_A_VBUS_EN.c **** uint8 TYPE_A_VBUS_EN_Read(void)
 137:Generated_Source\PSoC4/TYPE_A_VBUS_EN.c **** {
 405              		.loc 1 137 0
 406              		.cfi_startproc
 407              		@ args = 0, pretend = 0, frame = 0
 408              		@ frame_needed = 0, uses_anonymous_args = 0
 409              		@ link register save eliminated.
 138:Generated_Source\PSoC4/TYPE_A_VBUS_EN.c ****     return (uint8)((TYPE_A_VBUS_EN_PS & TYPE_A_VBUS_EN_MASK) >> TYPE_A_VBUS_EN_SHIFT);
 410              		.loc 1 138 0
 411 0000 024B     		ldr	r3, .L8
 139:Generated_Source\PSoC4/TYPE_A_VBUS_EN.c **** }
 412              		.loc 1 139 0
 413              		@ sp needed
 138:Generated_Source\PSoC4/TYPE_A_VBUS_EN.c ****     return (uint8)((TYPE_A_VBUS_EN_PS & TYPE_A_VBUS_EN_MASK) >> TYPE_A_VBUS_EN_SHIFT);
 414              		.loc 1 138 0
 415 0002 1868     		ldr	r0, [r3]
 416 0004 8007     		lsls	r0, r0, #30
 417 0006 C00F     		lsrs	r0, r0, #31
 418              		.loc 1 139 0
 419 0008 7047     		bx	lr
 420              	.L9:
 421 000a C046     		.align	2
 422              	.L8:
 423 000c 04000440 		.word	1074003972
 424              		.cfi_endproc
 425              	.LFE2:
 426              		.size	TYPE_A_VBUS_EN_Read, .-TYPE_A_VBUS_EN_Read
 427              		.section	.text.TYPE_A_VBUS_EN_ReadDataReg,"ax",%progbits
 428              		.align	1
 429              		.global	TYPE_A_VBUS_EN_ReadDataReg
 430              		.code	16
 431              		.thumb_func
 432              		.type	TYPE_A_VBUS_EN_ReadDataReg, %function
 433              	TYPE_A_VBUS_EN_ReadDataReg:
 434              	.LFB3:
 140:Generated_Source\PSoC4/TYPE_A_VBUS_EN.c **** 
 141:Generated_Source\PSoC4/TYPE_A_VBUS_EN.c **** 
 142:Generated_Source\PSoC4/TYPE_A_VBUS_EN.c **** /*******************************************************************************
 143:Generated_Source\PSoC4/TYPE_A_VBUS_EN.c **** * Function Name: TYPE_A_VBUS_EN_ReadDataReg
 144:Generated_Source\PSoC4/TYPE_A_VBUS_EN.c **** ****************************************************************************//**
 145:Generated_Source\PSoC4/TYPE_A_VBUS_EN.c **** *
 146:Generated_Source\PSoC4/TYPE_A_VBUS_EN.c **** * \brief Reads the associated physical port's data output register and masks 
 147:Generated_Source\PSoC4/TYPE_A_VBUS_EN.c **** *  the correct bits according to the width and bit position of the component 
 148:Generated_Source\PSoC4/TYPE_A_VBUS_EN.c **** *  instance. 
ARM GAS  C:\Users\GRL\AppData\Local\Temp\ccBJSsk4.s 			page 27


 149:Generated_Source\PSoC4/TYPE_A_VBUS_EN.c **** *
 150:Generated_Source\PSoC4/TYPE_A_VBUS_EN.c **** * The data output register controls the signal applied to the physical pin in 
 151:Generated_Source\PSoC4/TYPE_A_VBUS_EN.c **** * conjunction with the drive mode parameter. This is not the same as the 
 152:Generated_Source\PSoC4/TYPE_A_VBUS_EN.c **** * preferred TYPE_A_VBUS_EN_Read() API because the 
 153:Generated_Source\PSoC4/TYPE_A_VBUS_EN.c **** * TYPE_A_VBUS_EN_ReadDataReg() reads the data register instead of the status 
 154:Generated_Source\PSoC4/TYPE_A_VBUS_EN.c **** * register. For output pins this is a useful function to determine the value 
 155:Generated_Source\PSoC4/TYPE_A_VBUS_EN.c **** * just written to the pin.
 156:Generated_Source\PSoC4/TYPE_A_VBUS_EN.c **** *
 157:Generated_Source\PSoC4/TYPE_A_VBUS_EN.c **** * \return 
 158:Generated_Source\PSoC4/TYPE_A_VBUS_EN.c **** *  The current value of the data register masked and shifted into a right 
 159:Generated_Source\PSoC4/TYPE_A_VBUS_EN.c **** *  justified number for the component instance.
 160:Generated_Source\PSoC4/TYPE_A_VBUS_EN.c **** *
 161:Generated_Source\PSoC4/TYPE_A_VBUS_EN.c **** * \funcusage
 162:Generated_Source\PSoC4/TYPE_A_VBUS_EN.c **** *  \snippet TYPE_A_VBUS_EN_SUT.c usage_TYPE_A_VBUS_EN_ReadDataReg 
 163:Generated_Source\PSoC4/TYPE_A_VBUS_EN.c **** *******************************************************************************/
 164:Generated_Source\PSoC4/TYPE_A_VBUS_EN.c **** uint8 TYPE_A_VBUS_EN_ReadDataReg(void)
 165:Generated_Source\PSoC4/TYPE_A_VBUS_EN.c **** {
 435              		.loc 1 165 0
 436              		.cfi_startproc
 437              		@ args = 0, pretend = 0, frame = 0
 438              		@ frame_needed = 0, uses_anonymous_args = 0
 439              		@ link register save eliminated.
 166:Generated_Source\PSoC4/TYPE_A_VBUS_EN.c ****     return (uint8)((TYPE_A_VBUS_EN_DR & TYPE_A_VBUS_EN_MASK) >> TYPE_A_VBUS_EN_SHIFT);
 440              		.loc 1 166 0
 441 0000 024B     		ldr	r3, .L11
 167:Generated_Source\PSoC4/TYPE_A_VBUS_EN.c **** }
 442              		.loc 1 167 0
 443              		@ sp needed
 166:Generated_Source\PSoC4/TYPE_A_VBUS_EN.c ****     return (uint8)((TYPE_A_VBUS_EN_DR & TYPE_A_VBUS_EN_MASK) >> TYPE_A_VBUS_EN_SHIFT);
 444              		.loc 1 166 0
 445 0002 1868     		ldr	r0, [r3]
 446 0004 8007     		lsls	r0, r0, #30
 447 0006 C00F     		lsrs	r0, r0, #31
 448              		.loc 1 167 0
 449 0008 7047     		bx	lr
 450              	.L12:
 451 000a C046     		.align	2
 452              	.L11:
 453 000c 00000440 		.word	1074003968
 454              		.cfi_endproc
 455              	.LFE3:
 456              		.size	TYPE_A_VBUS_EN_ReadDataReg, .-TYPE_A_VBUS_EN_ReadDataReg
 457              		.section	.text.TYPE_A_VBUS_EN_SetInterruptMode,"ax",%progbits
 458              		.align	1
 459              		.global	TYPE_A_VBUS_EN_SetInterruptMode
 460              		.code	16
 461              		.thumb_func
 462              		.type	TYPE_A_VBUS_EN_SetInterruptMode, %function
 463              	TYPE_A_VBUS_EN_SetInterruptMode:
 464              	.LFB4:
 168:Generated_Source\PSoC4/TYPE_A_VBUS_EN.c **** 
 169:Generated_Source\PSoC4/TYPE_A_VBUS_EN.c **** 
 170:Generated_Source\PSoC4/TYPE_A_VBUS_EN.c **** /*******************************************************************************
 171:Generated_Source\PSoC4/TYPE_A_VBUS_EN.c **** * Function Name: TYPE_A_VBUS_EN_SetInterruptMode
 172:Generated_Source\PSoC4/TYPE_A_VBUS_EN.c **** ****************************************************************************//**
 173:Generated_Source\PSoC4/TYPE_A_VBUS_EN.c **** *
 174:Generated_Source\PSoC4/TYPE_A_VBUS_EN.c **** * \brief Configures the interrupt mode for each of the Pins component's
ARM GAS  C:\Users\GRL\AppData\Local\Temp\ccBJSsk4.s 			page 28


 175:Generated_Source\PSoC4/TYPE_A_VBUS_EN.c **** *  pins. Alternatively you may set the interrupt mode for all the pins
 176:Generated_Source\PSoC4/TYPE_A_VBUS_EN.c **** *  specified in the Pins component.
 177:Generated_Source\PSoC4/TYPE_A_VBUS_EN.c **** *
 178:Generated_Source\PSoC4/TYPE_A_VBUS_EN.c **** *  <b>Note</b> The interrupt is port-wide and therefore any enabled pin
 179:Generated_Source\PSoC4/TYPE_A_VBUS_EN.c **** *  interrupt may trigger it.
 180:Generated_Source\PSoC4/TYPE_A_VBUS_EN.c **** *
 181:Generated_Source\PSoC4/TYPE_A_VBUS_EN.c **** * \param position
 182:Generated_Source\PSoC4/TYPE_A_VBUS_EN.c **** *  The pin position as listed in the Pins component. You may OR these to be 
 183:Generated_Source\PSoC4/TYPE_A_VBUS_EN.c **** *  able to configure the interrupt mode of multiple pins within a Pins 
 184:Generated_Source\PSoC4/TYPE_A_VBUS_EN.c **** *  component. Or you may use TYPE_A_VBUS_EN_INTR_ALL to configure the
 185:Generated_Source\PSoC4/TYPE_A_VBUS_EN.c **** *  interrupt mode of all the pins in the Pins component.       
 186:Generated_Source\PSoC4/TYPE_A_VBUS_EN.c **** *  - TYPE_A_VBUS_EN_0_INTR       (First pin in the list)
 187:Generated_Source\PSoC4/TYPE_A_VBUS_EN.c **** *  - TYPE_A_VBUS_EN_1_INTR       (Second pin in the list)
 188:Generated_Source\PSoC4/TYPE_A_VBUS_EN.c **** *  - ...
 189:Generated_Source\PSoC4/TYPE_A_VBUS_EN.c **** *  - TYPE_A_VBUS_EN_INTR_ALL     (All pins in Pins component)
 190:Generated_Source\PSoC4/TYPE_A_VBUS_EN.c **** *
 191:Generated_Source\PSoC4/TYPE_A_VBUS_EN.c **** * \param mode
 192:Generated_Source\PSoC4/TYPE_A_VBUS_EN.c **** *  Interrupt mode for the selected pins. Valid options are documented in
 193:Generated_Source\PSoC4/TYPE_A_VBUS_EN.c **** *  \ref intrMode.
 194:Generated_Source\PSoC4/TYPE_A_VBUS_EN.c **** *
 195:Generated_Source\PSoC4/TYPE_A_VBUS_EN.c **** * \return 
 196:Generated_Source\PSoC4/TYPE_A_VBUS_EN.c **** *  None
 197:Generated_Source\PSoC4/TYPE_A_VBUS_EN.c **** *  
 198:Generated_Source\PSoC4/TYPE_A_VBUS_EN.c **** * \sideeffect
 199:Generated_Source\PSoC4/TYPE_A_VBUS_EN.c **** *  It is recommended that the interrupt be disabled before calling this 
 200:Generated_Source\PSoC4/TYPE_A_VBUS_EN.c **** *  function to avoid unintended interrupt requests. Note that the interrupt
 201:Generated_Source\PSoC4/TYPE_A_VBUS_EN.c **** *  type is port wide, and therefore will trigger for any enabled pin on the 
 202:Generated_Source\PSoC4/TYPE_A_VBUS_EN.c **** *  port.
 203:Generated_Source\PSoC4/TYPE_A_VBUS_EN.c **** *
 204:Generated_Source\PSoC4/TYPE_A_VBUS_EN.c **** * \funcusage
 205:Generated_Source\PSoC4/TYPE_A_VBUS_EN.c **** *  \snippet TYPE_A_VBUS_EN_SUT.c usage_TYPE_A_VBUS_EN_SetInterruptMode
 206:Generated_Source\PSoC4/TYPE_A_VBUS_EN.c **** *******************************************************************************/
 207:Generated_Source\PSoC4/TYPE_A_VBUS_EN.c **** void TYPE_A_VBUS_EN_SetInterruptMode(uint16 position, uint16 mode)
 208:Generated_Source\PSoC4/TYPE_A_VBUS_EN.c **** {
 465              		.loc 1 208 0
 466              		.cfi_startproc
 467              		@ args = 0, pretend = 0, frame = 0
 468              		@ frame_needed = 0, uses_anonymous_args = 0
 469              		@ link register save eliminated.
 470              	.LVL4:
 209:Generated_Source\PSoC4/TYPE_A_VBUS_EN.c ****     uint32 intrCfg;
 210:Generated_Source\PSoC4/TYPE_A_VBUS_EN.c ****     
 211:Generated_Source\PSoC4/TYPE_A_VBUS_EN.c ****     intrCfg =  TYPE_A_VBUS_EN_INTCFG & (uint32)(~(uint32)position);
 471              		.loc 1 211 0
 472 0000 034A     		ldr	r2, .L14
 212:Generated_Source\PSoC4/TYPE_A_VBUS_EN.c ****     TYPE_A_VBUS_EN_INTCFG = intrCfg | ((uint32)position & (uint32)mode);
 213:Generated_Source\PSoC4/TYPE_A_VBUS_EN.c **** }
 473              		.loc 1 213 0
 474              		@ sp needed
 211:Generated_Source\PSoC4/TYPE_A_VBUS_EN.c ****     TYPE_A_VBUS_EN_INTCFG = intrCfg | ((uint32)position & (uint32)mode);
 475              		.loc 1 211 0
 476 0002 1368     		ldr	r3, [r2]
 477              	.LVL5:
 212:Generated_Source\PSoC4/TYPE_A_VBUS_EN.c ****     TYPE_A_VBUS_EN_INTCFG = intrCfg | ((uint32)position & (uint32)mode);
 478              		.loc 1 212 0
 479 0004 8343     		bics	r3, r0
 480              	.LVL6:
ARM GAS  C:\Users\GRL\AppData\Local\Temp\ccBJSsk4.s 			page 29


 481 0006 0840     		ands	r0, r1
 482              	.LVL7:
 483 0008 1843     		orrs	r0, r3
 484 000a 1060     		str	r0, [r2]
 485              		.loc 1 213 0
 486 000c 7047     		bx	lr
 487              	.L15:
 488 000e C046     		.align	2
 489              	.L14:
 490 0010 0C000440 		.word	1074003980
 491              		.cfi_endproc
 492              	.LFE4:
 493              		.size	TYPE_A_VBUS_EN_SetInterruptMode, .-TYPE_A_VBUS_EN_SetInterruptMode
 494              		.section	.text.TYPE_A_VBUS_EN_ClearInterrupt,"ax",%progbits
 495              		.align	1
 496              		.global	TYPE_A_VBUS_EN_ClearInterrupt
 497              		.code	16
 498              		.thumb_func
 499              		.type	TYPE_A_VBUS_EN_ClearInterrupt, %function
 500              	TYPE_A_VBUS_EN_ClearInterrupt:
 501              	.LFB5:
 214:Generated_Source\PSoC4/TYPE_A_VBUS_EN.c **** 
 215:Generated_Source\PSoC4/TYPE_A_VBUS_EN.c **** 
 216:Generated_Source\PSoC4/TYPE_A_VBUS_EN.c **** /*******************************************************************************
 217:Generated_Source\PSoC4/TYPE_A_VBUS_EN.c **** * Function Name: TYPE_A_VBUS_EN_ClearInterrupt
 218:Generated_Source\PSoC4/TYPE_A_VBUS_EN.c **** ****************************************************************************//**
 219:Generated_Source\PSoC4/TYPE_A_VBUS_EN.c **** *
 220:Generated_Source\PSoC4/TYPE_A_VBUS_EN.c **** * \brief Clears any active interrupts attached with the component and returns 
 221:Generated_Source\PSoC4/TYPE_A_VBUS_EN.c **** *  the value of the interrupt status register allowing determination of which
 222:Generated_Source\PSoC4/TYPE_A_VBUS_EN.c **** *  pins generated an interrupt event.
 223:Generated_Source\PSoC4/TYPE_A_VBUS_EN.c **** *
 224:Generated_Source\PSoC4/TYPE_A_VBUS_EN.c **** * \return 
 225:Generated_Source\PSoC4/TYPE_A_VBUS_EN.c **** *  The right-shifted current value of the interrupt status register. Each pin 
 226:Generated_Source\PSoC4/TYPE_A_VBUS_EN.c **** *  has one bit set if it generated an interrupt event. For example, bit 0 is 
 227:Generated_Source\PSoC4/TYPE_A_VBUS_EN.c **** *  for pin 0 and bit 1 is for pin 1 of the Pins component.
 228:Generated_Source\PSoC4/TYPE_A_VBUS_EN.c **** *  
 229:Generated_Source\PSoC4/TYPE_A_VBUS_EN.c **** * \sideeffect
 230:Generated_Source\PSoC4/TYPE_A_VBUS_EN.c **** *  Clears all bits of the physical port's interrupt status register, not just
 231:Generated_Source\PSoC4/TYPE_A_VBUS_EN.c **** *  those associated with the Pins component.
 232:Generated_Source\PSoC4/TYPE_A_VBUS_EN.c **** *
 233:Generated_Source\PSoC4/TYPE_A_VBUS_EN.c **** * \funcusage
 234:Generated_Source\PSoC4/TYPE_A_VBUS_EN.c **** *  \snippet TYPE_A_VBUS_EN_SUT.c usage_TYPE_A_VBUS_EN_ClearInterrupt
 235:Generated_Source\PSoC4/TYPE_A_VBUS_EN.c **** *******************************************************************************/
 236:Generated_Source\PSoC4/TYPE_A_VBUS_EN.c **** uint8 TYPE_A_VBUS_EN_ClearInterrupt(void)
 237:Generated_Source\PSoC4/TYPE_A_VBUS_EN.c **** {
 502              		.loc 1 237 0
 503              		.cfi_startproc
 504              		@ args = 0, pretend = 0, frame = 0
 505              		@ frame_needed = 0, uses_anonymous_args = 0
 506              		@ link register save eliminated.
 238:Generated_Source\PSoC4/TYPE_A_VBUS_EN.c **** 	uint8 maskedStatus = (uint8)(TYPE_A_VBUS_EN_INTSTAT & TYPE_A_VBUS_EN_MASK);
 507              		.loc 1 238 0
 508 0000 0223     		movs	r3, #2
 509 0002 034A     		ldr	r2, .L17
 239:Generated_Source\PSoC4/TYPE_A_VBUS_EN.c **** 	TYPE_A_VBUS_EN_INTSTAT = maskedStatus;
 240:Generated_Source\PSoC4/TYPE_A_VBUS_EN.c ****     return maskedStatus >> TYPE_A_VBUS_EN_SHIFT;
 241:Generated_Source\PSoC4/TYPE_A_VBUS_EN.c **** }
ARM GAS  C:\Users\GRL\AppData\Local\Temp\ccBJSsk4.s 			page 30


 510              		.loc 1 241 0
 511              		@ sp needed
 238:Generated_Source\PSoC4/TYPE_A_VBUS_EN.c **** 	uint8 maskedStatus = (uint8)(TYPE_A_VBUS_EN_INTSTAT & TYPE_A_VBUS_EN_MASK);
 512              		.loc 1 238 0
 513 0004 1068     		ldr	r0, [r2]
 514 0006 1840     		ands	r0, r3
 515              	.LVL8:
 239:Generated_Source\PSoC4/TYPE_A_VBUS_EN.c **** 	TYPE_A_VBUS_EN_INTSTAT = maskedStatus;
 516              		.loc 1 239 0
 517 0008 1060     		str	r0, [r2]
 240:Generated_Source\PSoC4/TYPE_A_VBUS_EN.c **** }
 518              		.loc 1 240 0
 519 000a 4008     		lsrs	r0, r0, #1
 520              	.LVL9:
 521 000c C0B2     		uxtb	r0, r0
 522              		.loc 1 241 0
 523 000e 7047     		bx	lr
 524              	.L18:
 525              		.align	2
 526              	.L17:
 527 0010 10000440 		.word	1074003984
 528              		.cfi_endproc
 529              	.LFE5:
 530              		.size	TYPE_A_VBUS_EN_ClearInterrupt, .-TYPE_A_VBUS_EN_ClearInterrupt
 531              		.text
 532              	.Letext0:
 533              		.file 2 "Generated_Source\\PSoC4\\cytypes.h"
 534              		.section	.debug_info,"",%progbits
 535              	.Ldebug_info0:
 536 0000 97010000 		.4byte	0x197
 537 0004 0400     		.2byte	0x4
 538 0006 00000000 		.4byte	.Ldebug_abbrev0
 539 000a 04       		.byte	0x4
 540 000b 01       		.uleb128 0x1
 541 000c 1D010000 		.4byte	.LASF27
 542 0010 0C       		.byte	0xc
 543 0011 96000000 		.4byte	.LASF28
 544 0015 43020000 		.4byte	.LASF29
 545 0019 00000000 		.4byte	.Ldebug_ranges0+0
 546 001d 00000000 		.4byte	0
 547 0021 00000000 		.4byte	.Ldebug_line0
 548 0025 02       		.uleb128 0x2
 549 0026 01       		.byte	0x1
 550 0027 06       		.byte	0x6
 551 0028 37020000 		.4byte	.LASF0
 552 002c 02       		.uleb128 0x2
 553 002d 01       		.byte	0x1
 554 002e 08       		.byte	0x8
 555 002f 5D000000 		.4byte	.LASF1
 556 0033 02       		.uleb128 0x2
 557 0034 02       		.byte	0x2
 558 0035 05       		.byte	0x5
 559 0036 1E020000 		.4byte	.LASF2
 560 003a 02       		.uleb128 0x2
 561 003b 02       		.byte	0x2
 562 003c 07       		.byte	0x7
 563 003d 83000000 		.4byte	.LASF3
ARM GAS  C:\Users\GRL\AppData\Local\Temp\ccBJSsk4.s 			page 31


 564 0041 02       		.uleb128 0x2
 565 0042 04       		.byte	0x4
 566 0043 05       		.byte	0x5
 567 0044 2E020000 		.4byte	.LASF4
 568 0048 02       		.uleb128 0x2
 569 0049 04       		.byte	0x4
 570 004a 07       		.byte	0x7
 571 004b 71000000 		.4byte	.LASF5
 572 004f 02       		.uleb128 0x2
 573 0050 08       		.byte	0x8
 574 0051 05       		.byte	0x5
 575 0052 DE010000 		.4byte	.LASF6
 576 0056 02       		.uleb128 0x2
 577 0057 08       		.byte	0x8
 578 0058 07       		.byte	0x7
 579 0059 F1000000 		.4byte	.LASF7
 580 005d 03       		.uleb128 0x3
 581 005e 04       		.byte	0x4
 582 005f 05       		.byte	0x5
 583 0060 696E7400 		.ascii	"int\000"
 584 0064 02       		.uleb128 0x2
 585 0065 04       		.byte	0x4
 586 0066 07       		.byte	0x7
 587 0067 E4000000 		.4byte	.LASF8
 588 006b 04       		.uleb128 0x4
 589 006c 28020000 		.4byte	.LASF9
 590 0070 02       		.byte	0x2
 591 0071 D201     		.2byte	0x1d2
 592 0073 2C000000 		.4byte	0x2c
 593 0077 04       		.uleb128 0x4
 594 0078 C5000000 		.4byte	.LASF10
 595 007c 02       		.byte	0x2
 596 007d D301     		.2byte	0x1d3
 597 007f 3A000000 		.4byte	0x3a
 598 0083 04       		.uleb128 0x4
 599 0084 D5000000 		.4byte	.LASF11
 600 0088 02       		.byte	0x2
 601 0089 D401     		.2byte	0x1d4
 602 008b 48000000 		.4byte	0x48
 603 008f 02       		.uleb128 0x2
 604 0090 04       		.byte	0x4
 605 0091 04       		.byte	0x4
 606 0092 27000000 		.4byte	.LASF12
 607 0096 02       		.uleb128 0x2
 608 0097 08       		.byte	0x8
 609 0098 04       		.byte	0x4
 610 0099 BE000000 		.4byte	.LASF13
 611 009d 02       		.uleb128 0x2
 612 009e 01       		.byte	0x1
 613 009f 08       		.byte	0x8
 614 00a0 F9010000 		.4byte	.LASF14
 615 00a4 04       		.uleb128 0x4
 616 00a5 00000000 		.4byte	.LASF15
 617 00a9 02       		.byte	0x2
 618 00aa 7E02     		.2byte	0x27e
 619 00ac B0000000 		.4byte	0xb0
 620 00b0 05       		.uleb128 0x5
ARM GAS  C:\Users\GRL\AppData\Local\Temp\ccBJSsk4.s 			page 32


 621 00b1 83000000 		.4byte	0x83
 622 00b5 06       		.uleb128 0x6
 623 00b6 2D000000 		.4byte	.LASF16
 624 00ba 01       		.byte	0x1
 625 00bb 48       		.byte	0x48
 626 00bc 00000000 		.4byte	.LFB0
 627 00c0 14000000 		.4byte	.LFE0-.LFB0
 628 00c4 01       		.uleb128 0x1
 629 00c5 9C       		.byte	0x9c
 630 00c6 DA000000 		.4byte	0xda
 631 00ca 07       		.uleb128 0x7
 632 00cb D9010000 		.4byte	.LASF18
 633 00cf 01       		.byte	0x1
 634 00d0 48       		.byte	0x48
 635 00d1 6B000000 		.4byte	0x6b
 636 00d5 00000000 		.4byte	.LLST0
 637 00d9 00       		.byte	0
 638 00da 06       		.uleb128 0x6
 639 00db 08010000 		.4byte	.LASF17
 640 00df 01       		.byte	0x1
 641 00e0 6F       		.byte	0x6f
 642 00e1 00000000 		.4byte	.LFB1
 643 00e5 18000000 		.4byte	.LFE1-.LFB1
 644 00e9 01       		.uleb128 0x1
 645 00ea 9C       		.byte	0x9c
 646 00eb 0A010000 		.4byte	0x10a
 647 00ef 07       		.uleb128 0x7
 648 00f0 06000000 		.4byte	.LASF19
 649 00f4 01       		.byte	0x1
 650 00f5 6F       		.byte	0x6f
 651 00f6 6B000000 		.4byte	0x6b
 652 00fa 21000000 		.4byte	.LLST1
 653 00fe 08       		.uleb128 0x8
 654 00ff 6B000000 		.4byte	.LASF30
 655 0103 01       		.byte	0x1
 656 0104 71       		.byte	0x71
 657 0105 6B000000 		.4byte	0x6b
 658 0109 00       		.byte	0
 659 010a 09       		.uleb128 0x9
 660 010b 49000000 		.4byte	.LASF20
 661 010f 01       		.byte	0x1
 662 0110 88       		.byte	0x88
 663 0111 6B000000 		.4byte	0x6b
 664 0115 00000000 		.4byte	.LFB2
 665 0119 10000000 		.4byte	.LFE2-.LFB2
 666 011d 01       		.uleb128 0x1
 667 011e 9C       		.byte	0x9c
 668 011f 09       		.uleb128 0x9
 669 0120 0C000000 		.4byte	.LASF21
 670 0124 01       		.byte	0x1
 671 0125 A4       		.byte	0xa4
 672 0126 6B000000 		.4byte	0x6b
 673 012a 00000000 		.4byte	.LFB3
 674 012e 10000000 		.4byte	.LFE3-.LFB3
 675 0132 01       		.uleb128 0x1
 676 0133 9C       		.byte	0x9c
 677 0134 06       		.uleb128 0x6
ARM GAS  C:\Users\GRL\AppData\Local\Temp\ccBJSsk4.s 			page 33


 678 0135 FE010000 		.4byte	.LASF22
 679 0139 01       		.byte	0x1
 680 013a CF       		.byte	0xcf
 681 013b 00000000 		.4byte	.LFB4
 682 013f 14000000 		.4byte	.LFE4-.LFB4
 683 0143 01       		.uleb128 0x1
 684 0144 9C       		.byte	0x9c
 685 0145 75010000 		.4byte	0x175
 686 0149 07       		.uleb128 0x7
 687 014a CC000000 		.4byte	.LASF23
 688 014e 01       		.byte	0x1
 689 014f CF       		.byte	0xcf
 690 0150 77000000 		.4byte	0x77
 691 0154 42000000 		.4byte	.LLST2
 692 0158 0A       		.uleb128 0xa
 693 0159 D9010000 		.4byte	.LASF18
 694 015d 01       		.byte	0x1
 695 015e CF       		.byte	0xcf
 696 015f 77000000 		.4byte	0x77
 697 0163 01       		.uleb128 0x1
 698 0164 51       		.byte	0x51
 699 0165 0B       		.uleb128 0xb
 700 0166 DC000000 		.4byte	.LASF25
 701 016a 01       		.byte	0x1
 702 016b D1       		.byte	0xd1
 703 016c 83000000 		.4byte	0x83
 704 0170 63000000 		.4byte	.LLST3
 705 0174 00       		.byte	0
 706 0175 0C       		.uleb128 0xc
 707 0176 88020000 		.4byte	.LASF24
 708 017a 01       		.byte	0x1
 709 017b EC       		.byte	0xec
 710 017c 6B000000 		.4byte	0x6b
 711 0180 00000000 		.4byte	.LFB5
 712 0184 14000000 		.4byte	.LFE5-.LFB5
 713 0188 01       		.uleb128 0x1
 714 0189 9C       		.byte	0x9c
 715 018a 0B       		.uleb128 0xb
 716 018b EC010000 		.4byte	.LASF26
 717 018f 01       		.byte	0x1
 718 0190 EE       		.byte	0xee
 719 0191 6B000000 		.4byte	0x6b
 720 0195 80000000 		.4byte	.LLST4
 721 0199 00       		.byte	0
 722 019a 00       		.byte	0
 723              		.section	.debug_abbrev,"",%progbits
 724              	.Ldebug_abbrev0:
 725 0000 01       		.uleb128 0x1
 726 0001 11       		.uleb128 0x11
 727 0002 01       		.byte	0x1
 728 0003 25       		.uleb128 0x25
 729 0004 0E       		.uleb128 0xe
 730 0005 13       		.uleb128 0x13
 731 0006 0B       		.uleb128 0xb
 732 0007 03       		.uleb128 0x3
 733 0008 0E       		.uleb128 0xe
 734 0009 1B       		.uleb128 0x1b
ARM GAS  C:\Users\GRL\AppData\Local\Temp\ccBJSsk4.s 			page 34


 735 000a 0E       		.uleb128 0xe
 736 000b 55       		.uleb128 0x55
 737 000c 17       		.uleb128 0x17
 738 000d 11       		.uleb128 0x11
 739 000e 01       		.uleb128 0x1
 740 000f 10       		.uleb128 0x10
 741 0010 17       		.uleb128 0x17
 742 0011 00       		.byte	0
 743 0012 00       		.byte	0
 744 0013 02       		.uleb128 0x2
 745 0014 24       		.uleb128 0x24
 746 0015 00       		.byte	0
 747 0016 0B       		.uleb128 0xb
 748 0017 0B       		.uleb128 0xb
 749 0018 3E       		.uleb128 0x3e
 750 0019 0B       		.uleb128 0xb
 751 001a 03       		.uleb128 0x3
 752 001b 0E       		.uleb128 0xe
 753 001c 00       		.byte	0
 754 001d 00       		.byte	0
 755 001e 03       		.uleb128 0x3
 756 001f 24       		.uleb128 0x24
 757 0020 00       		.byte	0
 758 0021 0B       		.uleb128 0xb
 759 0022 0B       		.uleb128 0xb
 760 0023 3E       		.uleb128 0x3e
 761 0024 0B       		.uleb128 0xb
 762 0025 03       		.uleb128 0x3
 763 0026 08       		.uleb128 0x8
 764 0027 00       		.byte	0
 765 0028 00       		.byte	0
 766 0029 04       		.uleb128 0x4
 767 002a 16       		.uleb128 0x16
 768 002b 00       		.byte	0
 769 002c 03       		.uleb128 0x3
 770 002d 0E       		.uleb128 0xe
 771 002e 3A       		.uleb128 0x3a
 772 002f 0B       		.uleb128 0xb
 773 0030 3B       		.uleb128 0x3b
 774 0031 05       		.uleb128 0x5
 775 0032 49       		.uleb128 0x49
 776 0033 13       		.uleb128 0x13
 777 0034 00       		.byte	0
 778 0035 00       		.byte	0
 779 0036 05       		.uleb128 0x5
 780 0037 35       		.uleb128 0x35
 781 0038 00       		.byte	0
 782 0039 49       		.uleb128 0x49
 783 003a 13       		.uleb128 0x13
 784 003b 00       		.byte	0
 785 003c 00       		.byte	0
 786 003d 06       		.uleb128 0x6
 787 003e 2E       		.uleb128 0x2e
 788 003f 01       		.byte	0x1
 789 0040 3F       		.uleb128 0x3f
 790 0041 19       		.uleb128 0x19
 791 0042 03       		.uleb128 0x3
ARM GAS  C:\Users\GRL\AppData\Local\Temp\ccBJSsk4.s 			page 35


 792 0043 0E       		.uleb128 0xe
 793 0044 3A       		.uleb128 0x3a
 794 0045 0B       		.uleb128 0xb
 795 0046 3B       		.uleb128 0x3b
 796 0047 0B       		.uleb128 0xb
 797 0048 27       		.uleb128 0x27
 798 0049 19       		.uleb128 0x19
 799 004a 11       		.uleb128 0x11
 800 004b 01       		.uleb128 0x1
 801 004c 12       		.uleb128 0x12
 802 004d 06       		.uleb128 0x6
 803 004e 40       		.uleb128 0x40
 804 004f 18       		.uleb128 0x18
 805 0050 9742     		.uleb128 0x2117
 806 0052 19       		.uleb128 0x19
 807 0053 01       		.uleb128 0x1
 808 0054 13       		.uleb128 0x13
 809 0055 00       		.byte	0
 810 0056 00       		.byte	0
 811 0057 07       		.uleb128 0x7
 812 0058 05       		.uleb128 0x5
 813 0059 00       		.byte	0
 814 005a 03       		.uleb128 0x3
 815 005b 0E       		.uleb128 0xe
 816 005c 3A       		.uleb128 0x3a
 817 005d 0B       		.uleb128 0xb
 818 005e 3B       		.uleb128 0x3b
 819 005f 0B       		.uleb128 0xb
 820 0060 49       		.uleb128 0x49
 821 0061 13       		.uleb128 0x13
 822 0062 02       		.uleb128 0x2
 823 0063 17       		.uleb128 0x17
 824 0064 00       		.byte	0
 825 0065 00       		.byte	0
 826 0066 08       		.uleb128 0x8
 827 0067 34       		.uleb128 0x34
 828 0068 00       		.byte	0
 829 0069 03       		.uleb128 0x3
 830 006a 0E       		.uleb128 0xe
 831 006b 3A       		.uleb128 0x3a
 832 006c 0B       		.uleb128 0xb
 833 006d 3B       		.uleb128 0x3b
 834 006e 0B       		.uleb128 0xb
 835 006f 49       		.uleb128 0x49
 836 0070 13       		.uleb128 0x13
 837 0071 00       		.byte	0
 838 0072 00       		.byte	0
 839 0073 09       		.uleb128 0x9
 840 0074 2E       		.uleb128 0x2e
 841 0075 00       		.byte	0
 842 0076 3F       		.uleb128 0x3f
 843 0077 19       		.uleb128 0x19
 844 0078 03       		.uleb128 0x3
 845 0079 0E       		.uleb128 0xe
 846 007a 3A       		.uleb128 0x3a
 847 007b 0B       		.uleb128 0xb
 848 007c 3B       		.uleb128 0x3b
ARM GAS  C:\Users\GRL\AppData\Local\Temp\ccBJSsk4.s 			page 36


 849 007d 0B       		.uleb128 0xb
 850 007e 27       		.uleb128 0x27
 851 007f 19       		.uleb128 0x19
 852 0080 49       		.uleb128 0x49
 853 0081 13       		.uleb128 0x13
 854 0082 11       		.uleb128 0x11
 855 0083 01       		.uleb128 0x1
 856 0084 12       		.uleb128 0x12
 857 0085 06       		.uleb128 0x6
 858 0086 40       		.uleb128 0x40
 859 0087 18       		.uleb128 0x18
 860 0088 9742     		.uleb128 0x2117
 861 008a 19       		.uleb128 0x19
 862 008b 00       		.byte	0
 863 008c 00       		.byte	0
 864 008d 0A       		.uleb128 0xa
 865 008e 05       		.uleb128 0x5
 866 008f 00       		.byte	0
 867 0090 03       		.uleb128 0x3
 868 0091 0E       		.uleb128 0xe
 869 0092 3A       		.uleb128 0x3a
 870 0093 0B       		.uleb128 0xb
 871 0094 3B       		.uleb128 0x3b
 872 0095 0B       		.uleb128 0xb
 873 0096 49       		.uleb128 0x49
 874 0097 13       		.uleb128 0x13
 875 0098 02       		.uleb128 0x2
 876 0099 18       		.uleb128 0x18
 877 009a 00       		.byte	0
 878 009b 00       		.byte	0
 879 009c 0B       		.uleb128 0xb
 880 009d 34       		.uleb128 0x34
 881 009e 00       		.byte	0
 882 009f 03       		.uleb128 0x3
 883 00a0 0E       		.uleb128 0xe
 884 00a1 3A       		.uleb128 0x3a
 885 00a2 0B       		.uleb128 0xb
 886 00a3 3B       		.uleb128 0x3b
 887 00a4 0B       		.uleb128 0xb
 888 00a5 49       		.uleb128 0x49
 889 00a6 13       		.uleb128 0x13
 890 00a7 02       		.uleb128 0x2
 891 00a8 17       		.uleb128 0x17
 892 00a9 00       		.byte	0
 893 00aa 00       		.byte	0
 894 00ab 0C       		.uleb128 0xc
 895 00ac 2E       		.uleb128 0x2e
 896 00ad 01       		.byte	0x1
 897 00ae 3F       		.uleb128 0x3f
 898 00af 19       		.uleb128 0x19
 899 00b0 03       		.uleb128 0x3
 900 00b1 0E       		.uleb128 0xe
 901 00b2 3A       		.uleb128 0x3a
 902 00b3 0B       		.uleb128 0xb
 903 00b4 3B       		.uleb128 0x3b
 904 00b5 0B       		.uleb128 0xb
 905 00b6 27       		.uleb128 0x27
ARM GAS  C:\Users\GRL\AppData\Local\Temp\ccBJSsk4.s 			page 37


 906 00b7 19       		.uleb128 0x19
 907 00b8 49       		.uleb128 0x49
 908 00b9 13       		.uleb128 0x13
 909 00ba 11       		.uleb128 0x11
 910 00bb 01       		.uleb128 0x1
 911 00bc 12       		.uleb128 0x12
 912 00bd 06       		.uleb128 0x6
 913 00be 40       		.uleb128 0x40
 914 00bf 18       		.uleb128 0x18
 915 00c0 9742     		.uleb128 0x2117
 916 00c2 19       		.uleb128 0x19
 917 00c3 00       		.byte	0
 918 00c4 00       		.byte	0
 919 00c5 00       		.byte	0
 920              		.section	.debug_loc,"",%progbits
 921              	.Ldebug_loc0:
 922              	.LLST0:
 923 0000 00000000 		.4byte	.LVL0
 924 0004 06000000 		.4byte	.LVL1
 925 0008 0100     		.2byte	0x1
 926 000a 50       		.byte	0x50
 927 000b 06000000 		.4byte	.LVL1
 928 000f 14000000 		.4byte	.LFE0
 929 0013 0400     		.2byte	0x4
 930 0015 F3       		.byte	0xf3
 931 0016 01       		.uleb128 0x1
 932 0017 50       		.byte	0x50
 933 0018 9F       		.byte	0x9f
 934 0019 00000000 		.4byte	0
 935 001d 00000000 		.4byte	0
 936              	.LLST1:
 937 0021 00000000 		.4byte	.LVL2
 938 0025 06000000 		.4byte	.LVL3
 939 0029 0100     		.2byte	0x1
 940 002b 50       		.byte	0x50
 941 002c 06000000 		.4byte	.LVL3
 942 0030 18000000 		.4byte	.LFE1
 943 0034 0400     		.2byte	0x4
 944 0036 F3       		.byte	0xf3
 945 0037 01       		.uleb128 0x1
 946 0038 50       		.byte	0x50
 947 0039 9F       		.byte	0x9f
 948 003a 00000000 		.4byte	0
 949 003e 00000000 		.4byte	0
 950              	.LLST2:
 951 0042 00000000 		.4byte	.LVL4
 952 0046 08000000 		.4byte	.LVL7
 953 004a 0100     		.2byte	0x1
 954 004c 50       		.byte	0x50
 955 004d 08000000 		.4byte	.LVL7
 956 0051 14000000 		.4byte	.LFE4
 957 0055 0400     		.2byte	0x4
 958 0057 F3       		.byte	0xf3
 959 0058 01       		.uleb128 0x1
 960 0059 50       		.byte	0x50
 961 005a 9F       		.byte	0x9f
 962 005b 00000000 		.4byte	0
ARM GAS  C:\Users\GRL\AppData\Local\Temp\ccBJSsk4.s 			page 38


 963 005f 00000000 		.4byte	0
 964              	.LLST3:
 965 0063 04000000 		.4byte	.LVL5
 966 0067 06000000 		.4byte	.LVL6
 967 006b 0B00     		.2byte	0xb
 968 006d 70       		.byte	0x70
 969 006e 00       		.sleb128 0
 970 006f 0A       		.byte	0xa
 971 0070 FFFF     		.2byte	0xffff
 972 0072 1A       		.byte	0x1a
 973 0073 20       		.byte	0x20
 974 0074 73       		.byte	0x73
 975 0075 00       		.sleb128 0
 976 0076 1A       		.byte	0x1a
 977 0077 9F       		.byte	0x9f
 978 0078 00000000 		.4byte	0
 979 007c 00000000 		.4byte	0
 980              	.LLST4:
 981 0080 08000000 		.4byte	.LVL8
 982 0084 0C000000 		.4byte	.LVL9
 983 0088 0100     		.2byte	0x1
 984 008a 50       		.byte	0x50
 985 008b 0C000000 		.4byte	.LVL9
 986 008f 14000000 		.4byte	.LFE5
 987 0093 0400     		.2byte	0x4
 988 0095 72       		.byte	0x72
 989 0096 00       		.sleb128 0
 990 0097 06       		.byte	0x6
 991 0098 9F       		.byte	0x9f
 992 0099 00000000 		.4byte	0
 993 009d 00000000 		.4byte	0
 994              		.section	.debug_aranges,"",%progbits
 995 0000 44000000 		.4byte	0x44
 996 0004 0200     		.2byte	0x2
 997 0006 00000000 		.4byte	.Ldebug_info0
 998 000a 04       		.byte	0x4
 999 000b 00       		.byte	0
 1000 000c 0000     		.2byte	0
 1001 000e 0000     		.2byte	0
 1002 0010 00000000 		.4byte	.LFB0
 1003 0014 14000000 		.4byte	.LFE0-.LFB0
 1004 0018 00000000 		.4byte	.LFB1
 1005 001c 18000000 		.4byte	.LFE1-.LFB1
 1006 0020 00000000 		.4byte	.LFB2
 1007 0024 10000000 		.4byte	.LFE2-.LFB2
 1008 0028 00000000 		.4byte	.LFB3
 1009 002c 10000000 		.4byte	.LFE3-.LFB3
 1010 0030 00000000 		.4byte	.LFB4
 1011 0034 14000000 		.4byte	.LFE4-.LFB4
 1012 0038 00000000 		.4byte	.LFB5
 1013 003c 14000000 		.4byte	.LFE5-.LFB5
 1014 0040 00000000 		.4byte	0
 1015 0044 00000000 		.4byte	0
 1016              		.section	.debug_ranges,"",%progbits
 1017              	.Ldebug_ranges0:
 1018 0000 00000000 		.4byte	.LFB0
 1019 0004 14000000 		.4byte	.LFE0
ARM GAS  C:\Users\GRL\AppData\Local\Temp\ccBJSsk4.s 			page 39


 1020 0008 00000000 		.4byte	.LFB1
 1021 000c 18000000 		.4byte	.LFE1
 1022 0010 00000000 		.4byte	.LFB2
 1023 0014 10000000 		.4byte	.LFE2
 1024 0018 00000000 		.4byte	.LFB3
 1025 001c 10000000 		.4byte	.LFE3
 1026 0020 00000000 		.4byte	.LFB4
 1027 0024 14000000 		.4byte	.LFE4
 1028 0028 00000000 		.4byte	.LFB5
 1029 002c 14000000 		.4byte	.LFE5
 1030 0030 00000000 		.4byte	0
 1031 0034 00000000 		.4byte	0
 1032              		.section	.debug_line,"",%progbits
 1033              	.Ldebug_line0:
 1034 0000 CF000000 		.section	.debug_str,"MS",%progbits,1
 1034      02004B00 
 1034      00000201 
 1034      FB0E0D00 
 1034      01010101 
 1035              	.LASF15:
 1036 0000 72656733 		.ascii	"reg32\000"
 1036      3200
 1037              	.LASF19:
 1038 0006 76616C75 		.ascii	"value\000"
 1038      6500
 1039              	.LASF21:
 1040 000c 54595045 		.ascii	"TYPE_A_VBUS_EN_ReadDataReg\000"
 1040      5F415F56 
 1040      4255535F 
 1040      454E5F52 
 1040      65616444 
 1041              	.LASF12:
 1042 0027 666C6F61 		.ascii	"float\000"
 1042      7400
 1043              	.LASF16:
 1044 002d 54595045 		.ascii	"TYPE_A_VBUS_EN_SetDriveMode\000"
 1044      5F415F56 
 1044      4255535F 
 1044      454E5F53 
 1044      65744472 
 1045              	.LASF20:
 1046 0049 54595045 		.ascii	"TYPE_A_VBUS_EN_Read\000"
 1046      5F415F56 
 1046      4255535F 
 1046      454E5F52 
 1046      65616400 
 1047              	.LASF1:
 1048 005d 756E7369 		.ascii	"unsigned char\000"
 1048      676E6564 
 1048      20636861 
 1048      7200
 1049              	.LASF30:
 1050 006b 64725661 		.ascii	"drVal\000"
 1050      6C00
 1051              	.LASF5:
 1052 0071 6C6F6E67 		.ascii	"long unsigned int\000"
 1052      20756E73 
ARM GAS  C:\Users\GRL\AppData\Local\Temp\ccBJSsk4.s 			page 40


 1052      69676E65 
 1052      6420696E 
 1052      7400
 1053              	.LASF3:
 1054 0083 73686F72 		.ascii	"short unsigned int\000"
 1054      7420756E 
 1054      7369676E 
 1054      65642069 
 1054      6E7400
 1055              	.LASF28:
 1056 0096 47656E65 		.ascii	"Generated_Source\\PSoC4\\TYPE_A_VBUS_EN.c\000"
 1056      72617465 
 1056      645F536F 
 1056      75726365 
 1056      5C50536F 
 1057              	.LASF13:
 1058 00be 646F7562 		.ascii	"double\000"
 1058      6C6500
 1059              	.LASF10:
 1060 00c5 75696E74 		.ascii	"uint16\000"
 1060      313600
 1061              	.LASF23:
 1062 00cc 706F7369 		.ascii	"position\000"
 1062      74696F6E 
 1062      00
 1063              	.LASF11:
 1064 00d5 75696E74 		.ascii	"uint32\000"
 1064      333200
 1065              	.LASF25:
 1066 00dc 696E7472 		.ascii	"intrCfg\000"
 1066      43666700 
 1067              	.LASF8:
 1068 00e4 756E7369 		.ascii	"unsigned int\000"
 1068      676E6564 
 1068      20696E74 
 1068      00
 1069              	.LASF7:
 1070 00f1 6C6F6E67 		.ascii	"long long unsigned int\000"
 1070      206C6F6E 
 1070      6720756E 
 1070      7369676E 
 1070      65642069 
 1071              	.LASF17:
 1072 0108 54595045 		.ascii	"TYPE_A_VBUS_EN_Write\000"
 1072      5F415F56 
 1072      4255535F 
 1072      454E5F57 
 1072      72697465 
 1073              	.LASF27:
 1074 011d 474E5520 		.ascii	"GNU C11 5.4.1 20160609 (release) [ARM/embedded-5-br"
 1074      43313120 
 1074      352E342E 
 1074      31203230 
 1074      31363036 
 1075 0150 616E6368 		.ascii	"anch revision 237715] -mcpu=cortex-m0 -mthumb -g -O"
 1075      20726576 
 1075      6973696F 
ARM GAS  C:\Users\GRL\AppData\Local\Temp\ccBJSsk4.s 			page 41


 1075      6E203233 
 1075      37373135 
 1076 0183 73202D66 		.ascii	"s -ffunction-sections -ffat-lto-objects -finline-fu"
 1076      66756E63 
 1076      74696F6E 
 1076      2D736563 
 1076      74696F6E 
 1077 01b6 6E637469 		.ascii	"nctions -flto -fno-strict-aliasing\000"
 1077      6F6E7320 
 1077      2D666C74 
 1077      6F202D66 
 1077      6E6F2D73 
 1078              	.LASF18:
 1079 01d9 6D6F6465 		.ascii	"mode\000"
 1079      00
 1080              	.LASF6:
 1081 01de 6C6F6E67 		.ascii	"long long int\000"
 1081      206C6F6E 
 1081      6720696E 
 1081      7400
 1082              	.LASF26:
 1083 01ec 6D61736B 		.ascii	"maskedStatus\000"
 1083      65645374 
 1083      61747573 
 1083      00
 1084              	.LASF14:
 1085 01f9 63686172 		.ascii	"char\000"
 1085      00
 1086              	.LASF22:
 1087 01fe 54595045 		.ascii	"TYPE_A_VBUS_EN_SetInterruptMode\000"
 1087      5F415F56 
 1087      4255535F 
 1087      454E5F53 
 1087      6574496E 
 1088              	.LASF2:
 1089 021e 73686F72 		.ascii	"short int\000"
 1089      7420696E 
 1089      7400
 1090              	.LASF9:
 1091 0228 75696E74 		.ascii	"uint8\000"
 1091      3800
 1092              	.LASF4:
 1093 022e 6C6F6E67 		.ascii	"long int\000"
 1093      20696E74 
 1093      00
 1094              	.LASF0:
 1095 0237 7369676E 		.ascii	"signed char\000"
 1095      65642063 
 1095      68617200 
 1096              	.LASF29:
 1097 0243 443A5C56 		.ascii	"D:\\V-TE-PWR\\PDSS_SRC_SNK\\CYPD3171-24LQXQ_pb\\CYP"
 1097      2D54452D 
 1097      5057525C 
 1097      50445353 
 1097      5F535243 
 1098 0272 44333137 		.ascii	"D3171-24LQXQ_pb.cydsn\000"
 1098      312D3234 
ARM GAS  C:\Users\GRL\AppData\Local\Temp\ccBJSsk4.s 			page 42


 1098      4C515851 
 1098      5F70622E 
 1098      63796473 
 1099              	.LASF24:
 1100 0288 54595045 		.ascii	"TYPE_A_VBUS_EN_ClearInterrupt\000"
 1100      5F415F56 
 1100      4255535F 
 1100      454E5F43 
 1100      6C656172 
 1101              		.comm	__gnu_lto_v1,1,1
 1102              		.ident	"GCC: (GNU Tools for ARM Embedded Processors) 5.4.1 20160609 (release) [ARM/embedded-5-bran
