ARM GAS  C:\Users\GRL\AppData\Local\Temp\ccRjftca.s 			page 1


   1              		.syntax unified
   2              		.cpu cortex-m0
   3              		.fpu softvfp
   4              		.eabi_attribute 20, 1
   5              		.eabi_attribute 21, 1
   6              		.eabi_attribute 23, 3
   7              		.eabi_attribute 24, 1
   8              		.eabi_attribute 25, 1
   9              		.eabi_attribute 26, 1
  10              		.eabi_attribute 30, 4
  11              		.eabi_attribute 34, 0
  12              		.eabi_attribute 18, 4
  13              		.thumb
  14              		.syntax unified
  15              		.file	"TYPE_A_VBUS_EN_PM.c"
  16              		.text
  17              	.Ltext0:
  18              		.section	.gnu.lto_.profile.f4146ea9,"",%progbits
  19 0000 789C6361 		.ascii	"x\234ca`d`a`\000\222\034l\000\000\200\000\031"
  19      60646061 
  19      6000921C 
  19      6C000080 
  19      0019
  20              		.text
  21              		.section	.gnu.lto_.icf.f4146ea9,"",%progbits
  22 0000 789C6361 		.ascii	"x\234ca`d\000\001a\006\004`f\270\274\361\303Nv\306\245"
  22      60640001 
  22      61060460 
  22      66B8BCF1 
  22      C34E76C6 
  23 0015 4F17D830 		.ascii	"O\027\3300u/\334\266\213\231\001\000X \010X"
  23      752FDCB6 
  23      8B990100 
  23      58200858 
  24              		.text
  25              		.section	.gnu.lto_.jmpfuncs.f4146ea9,"",%progbits
  26 0000 789C6361 		.ascii	"x\234ca`d\000\001\016\006\004`\202b\000\001^\000\022"
  26      60640001 
  26      0E060460 
  26      82620001 
  26      5E0012
  27              		.text
  28              		.section	.gnu.lto_.inline.f4146ea9,"",%progbits
  29 0000 789C6361 		.ascii	"x\234ca`d\000\001\015\006\004`b``ead`bY \317\300\266"
  29      60640001 
  29      0D060460 
  29      62606065 
  29      61646062 
  30 0019 409E0922 		.ascii	"@\236\011\"\206!\304\000\000G\374\003^"
  30      8621C400 
  30      0047FC03 
  30      5E
  31              		.text
  32              		.section	.gnu.lto_.pureconst.f4146ea9,"",%progbits
  33 0000 789C6361 		.ascii	"x\234ca`d`e```b\220b\222\002\000\000\357\000C"
  33      60646065 
  33      60606062 
ARM GAS  C:\Users\GRL\AppData\Local\Temp\ccRjftca.s 			page 2


  33      90629202 
  33      0000EF00 
  34              		.text
  35              		.section	.gnu.lto_TYPE_A_VBUS_EN_Sleep.f4146ea9,"",%progbits
  36 0000 789C4D50 		.ascii	"x\234MPMKBQ\020\235\271\367\371A!\264\317E\273\220("
  36      4D4B4251 
  36      109DB9F7 
  36      F94121B4 
  36      CF45BB90 
  37 0015 37FD810A 		.ascii	"7\375\201\012\251M!YA <\302\3366Aj\031^?\036i\213p\243"
  37      A94D2159 
  37      41203CC2 
  37      DE36416A 
  37      195E3F1E 
  38 002d ADC2A55A 		.ascii	"\255\302\245Z\231\265K$\020i\031\005A\264\010\372Z\010"
  38      99B54B24 
  38      10691905 
  38      41B408FA 
  38      5A08
  39 003f 490B83DC 		.ascii	"I\013\203\334\024j3\317M\003\227\271\367\314\271\347"
  39      146A33CF 
  39      4D0397B9 
  39      F7CCB9E7 
  40 004f CC8C0608 		.ascii	"\314\214\006\010\034\013\224&)\217\322A\011(2\267\000"
  40      1C0B9426 
  40      298FD241 
  40      092832B7 
  40      00
  41 0060 31A740E4 		.ascii	"1\247@\344\213r\"D\005F\261#\272\002\033{\315\252\360"
  41      8B722244 
  41      0546B123 
  41      BA021B7B 
  41      CDAAF0
  42 0073 1414C5AB 		.ascii	"\024\024\305\253y(U\261\216\246\004\350\013K\011\260"
  42      792855B1 
  42      8EA604E8 
  42      0B4B09B0 
  43 0083 801E20DA 		.ascii	"\200\036 \332\373E/\353\262'\23166(b\021\355lWY\256"
  43      FB452FEB 
  43      B2279936 
  43      36286211 
  43      ED6C5759 
  44 0098 AB7E3FA1 		.ascii	"\253~?\241\3525[Gj\002LIh\233\030\354\365%\004g\331"
  44      EA355B47 
  44      6A024C49 
  44      689B18EC 
  44      F5250467 
  45 00ad C4C6CF7E 		.ascii	"\304\306\317~/;\314\237\022\222}sf\343\316\361-L)\220"
  45      2F3BCC9F 
  45      12927D73 
  45      66E3CEF1 
  45      2D4C2990 
  46 00c1 F54B1F8F 		.ascii	"\365K\037\217W\256\3013\2452J#\350\376\271\366\"\363"
  46      57AEC133 
  46      A5324A23 
  46      E8FEB9F6 
  46      22F3
ARM GAS  C:\Users\GRL\AppData\Local\Temp\ccRjftca.s 			page 3


  47 00d3 78144B52 		.ascii	"x\024KRG\022\217\321\215%t\223\361\011\346\021\232\030"
  47      47128FD1 
  47      8D257493 
  47      F109E611 
  47      9A18
  48 00e5 CFBD8DB3 		.ascii	"\317\275\215\263\336\1771\315\022\253V?\237\034\321"
  48      DE7F31CD 
  48      12AB563F 
  48      9F1CD1
  49 00f4 AE4A2935 		.ascii	"\256J)5BX\232\346a\270u\363p=\304\202\312\302mX\246"
  49      42589AE6 
  49      61B875F3 
  49      703DC482 
  49      CAC26D58 
  50 0109 259CB224 		.ascii	"%\234\262$\025\017.\317\323No\231\007T\273\246\264\343"
  50      150F2ECF 
  50      D34E6F99 
  50      0754BBA6 
  50      B4E3
  51 011b 19B9F4AC 		.ascii	"\031\271\364\254-`\005\275\3244\2640^\377\265\261\245"
  51      2D6005BD 
  51      D434B430 
  51      5EFFB5B1 
  51      A5
  52 012c B59A3675 		.ascii	"\265\2326uN\263\021eb\336\3302\"\033\333\306\246\036"
  52      4EB31165 
  52      62DED832 
  52      221BDBC6 
  52      A61E
  53 013e 08EF4442 		.ascii	"\010\357DBF\320\037\010\317M\007W\326\375>}F_\233]\015"
  53      46D01F08 
  53      CF4D0757 
  53      D6FD3E7D 
  53      465F9B5D 
  54 0153 E8BE25DD 		.ascii	"\350\276%\335\2778\025\202?\277\263\202\210"
  54      BF381582 
  54      3FBFB382 
  54      88
  55              		.text
  56              		.section	.gnu.lto_TYPE_A_VBUS_EN_backup.f4146ea9,"",%progbits
  57 0000 789C6361 		.ascii	"x\234ca`d\000\001k \206\260\030\030\37621\256\177\263"
  57      60640001 
  57      6B2086B0 
  57      1818FE32 
  57      31AE7FB3 
  58 0014 F327EF17 		.ascii	"\363'\357\027\246Vf\240 \220{\341\356\212\343\374\026"
  58      A65666A0 
  58      20907BE1 
  58      EE8AE3FC 
  58      16
  59 0025 DB1A3A16 		.ascii	"\333\032:\0264\030\26423\376cb`\\\316(\363\217\211\021"
  59      3418B432 
  59      33FE6362 
  59      605CCE28 
  59      F38F8911 
  60 0039 42318128 		.ascii	"B1\201(\006\306\025\214\026\014\000\345\232\024I"
  60      06C6158C 
ARM GAS  C:\Users\GRL\AppData\Local\Temp\ccRjftca.s 			page 4


  60      160C00E5 
  60      9A1449
  61              		.text
  62              		.section	.gnu.lto_TYPE_A_VBUS_EN_Wakeup.f4146ea9,"",%progbits
  63 0000 789C4D90 		.ascii	"x\234M\220\313KBA\024\306\347\233\271]%\020\332g\320"
  63      CB4B4241 
  63      14C6E79B 
  63      B95D2510 
  63      DA67D0
  64 0013 56C20CEA 		.ascii	"V\302\014\352\037\250\020W\205d\005\201p\011s\233 \265"
  64      1FA81057 
  64      85640581 
  64      7009739B 
  64      20B5
  65 0025 767C5CD2 		.ascii	"v|\\\322MH\221\273\220Vj/k\227E`R\273(\010\312E\320"
  65      4D4891BB 
  65      90566A2F 
  65      6B974560 
  65      52BB2808 
  66 003c 6B21242D 		.ascii	"k!$-\024j\251v\346\266i`83\3379s~\337\031\215\201\251"
  66      146AA976 
  66      E6B66960 
  66      3833DF39 
  66      737EDF19 
  67 0053 E5A3E0A6 		.ascii	"\345\243\340\2468H\033\202\201g\357\030\213\3339\240"
  67      38481B82 
  67      8167EF18 
  67      8BDB39A0 
  68 0063 0ED20E16 		.ascii	"\016\322\016\026\343\210\341\207w8j\033\215\012w\025"
  68      E388E187 
  68      77386A1B 
  68      8D0A7715 
  69 0073 24ADB79B 		.ascii	"$\255\267\233\346\230,Va\012\306z\334\352\304P\200\213"
  69      E6982C56 
  69      610AC67A 
  69      DCEAC450 
  69      808B
  70 0085 51D9C769 		.ascii	"Q\331\307iw\307\241\247T\331\360_\022E\350\012W\236"
  70      77C7A1A7 
  70      54D9F05F 
  70      1245E80A 
  70      579E
  71 0097 ABCA5E2F 		.ascii	"\253\312^/)\253u\375j\313\246qf\012\222[T\242`m\316"
  71      29AB75FD 
  71      6ACBA671 
  71      660A925B 
  71      54A2606D 
  72 00ac 55140D24 		.ascii	"U\024\015$\316\333O{\016\365*)\0248g\326\356m\337\334"
  72      CEDB4F7B 
  72      0EF52A29 
  72      143867D6 
  72      EE6DDFDC 
  73 00c0 141C0A50 		.ascii	"\024\034\012P\251|=\333b\035\231\226r\200\264\014yP"
  73      A97C3DDB 
  73      621D9996 
  73      7280B40C 
  73      7950
ARM GAS  C:\Users\GRL\AppData\Local\Temp\ccRjftca.s 			page 5


  74 00d2 72F3F6F1 		.ascii	"r\363\366\361\272?\217\335\270\264t\201}2^\202\323J"
  74      BA3F8FDD 
  74      B8B47481 
  74      7D325E82 
  74      D34A
  75 00e4 6E9E9D64 		.ascii	"n\236\235d\354\036\267)4\034 \217\256\345\031\207\360"
  75      EC1EB729 
  75      341C208F 
  75      AEE51987 
  75      F0
  76 00f5 B0066AB9 		.ascii	"\260\006j\271\367!\005\373O\352\263H\245\317\372\245"
  76      F72105FB 
  76      4FEAB348 
  76      A5CFFAA5 
  77 0105 E3EF9A96 		.ascii	"\343\357\232\226Y\251\221\364\360r\361*\024%E\234q\232"
  77      59A991F4 
  77      F072F12A 
  77      1425459C 
  77      719A
  78 0117 40C7319C 		.ascii	"@\3071\2348R\034\224\2515YfM$\252\333>\325\323\372\231"
  78      38521C94 
  78      A9355966 
  78      4D24AADB 
  78      3ED5D3FA 
  79 012c 16F9A6C9 		.ascii	"\026\371\246\311\2109\342\013\257\206\243\313k\341\025"
  79      8839E20B 
  79      AF86A3CB 
  79      6BE115
  80 013b 2310598F 		.ascii	"#\020Y\217\206\302A\177 2=\021\234_\362{\215Icqj!`x"
  80      86C2417F 
  80      20323D11 
  80      9C5FF27B 
  80      8D496371 
  81 0153 670DFFCC 		.ascii	"g\015\377\314h\210\375\002\214\253\201\332"
  81      6888FD02 
  81      8CAB81DA 
  82              		.text
  83              		.section	.gnu.lto_.symbol_nodes.f4146ea9,"",%progbits
  84 0000 789C6361 		.ascii	"x\234ca`d\320a\000\002&\306z\006\206\011\347\030\030"
  84      6064D061 
  84      000226C6 
  84      7A068609 
  84      E71818
  85 0013 80D4AE06 		.ascii	"\200\324\256\006E\006\006V\006\206\006!\006\006f&\246"
  85      45060656 
  85      06860621 
  85      06066626 
  85      A6
  86 0024 7A461409 		.ascii	"zF\024\011\006\000\276o\010B"
  86      0600BE6F 
  86      0842
  87              		.text
  88              		.section	.gnu.lto_.refs.f4146ea9,"",%progbits
  89 0000 789C6361 		.ascii	"x\234ca`d\340f`\000\222\214\214L\214L@\222\001\000\001"
  89      6064E066 
  89      6000928C 
  89      8C4C8C4C 
ARM GAS  C:\Users\GRL\AppData\Local\Temp\ccRjftca.s 			page 6


  89      40920100 
  90 0015 54001B   		.ascii	"T\000\033"
  91              		.text
  92              		.section	.gnu.lto_.decls.f4146ea9,"",%progbits
  93 0000 789C8D54 		.ascii	"x\234\215T\353KTA\024\237s\357\256\255\267\265\215\254"
  93      EB4B5441 
  93      149F73EF 
  93      AEADB7B5 
  93      8DAC
  94 0012 E8831F2C 		.ascii	"\350\203\037,\266\\\010\014\255?\240\222\036\320\003"
  94      B65C080C 
  94      AD3FA092 
  94      1ED003
  95 0021 69D50882 		.ascii	"i\325\010\202E\267KE\221\233\272P\0204Z\220\366\200"
  95      45B74B45 
  95      919BBA50 
  95      10345A90 
  95      F680
  96 0033 EC61190A 		.ascii	"\354a\031\012\226Q\366\360\261[ji\331\366X\253\325\""
  96      9651F6F0 
  96      B15B6A69 
  96      D9F658AB 
  96      D522
  97 0045 A3029352 		.ascii	"\243\002\223R{\220=\350\205TV\262\235\231\271\273w["
  97      7B903DE8 
  97      855456B2 
  97      9D99B9BB 
  97      775B
  98 0057 341AF6CC 		.ascii	"4\032\366\314\3149s~\277\363\230\271k @\330p\030\011"
  98      CC39737E 
  98      BFF398B9 
  98      6B2040D8 
  98      701809
  99 006a 89C1ED20 		.ascii	"\211\301\355 \356\2038\014\270f\021}H(\265(\365(\014"
  99      EE83380C 
  99      B866117D 
  99      4828B528 
  99      F5280C
 100 007d D14EFE1E 		.ascii	"\321N\376\036\354l\214\206IB\351@\011\240t\242\370Q"
 100      EC6C8C86 
 100      4942E940 
 100      09A074A2 
 100      F851
 101 008f 5A34DC75 		.ascii	"Z4\334um\255\035\205\247]\213\225\244\341d\015\343C"
 101      6DAD1D85 
 101      A75D8B95 
 101      A4E1640D 
 101      E343
 102 00a1 6923238F 		.ascii	"i##\217\372\250\330\2211CyD\306\036\255\206a\011\202"
 102      FAA8D891 
 102      31437944 
 102      C61EAD86 
 102      610982
 103 00b4 957535B1 		.ascii	"\225u5\261=\320\015\022h\215!\000b\006.D\010Wq#\361"
 103      3DD00D12 
 103      688D2100 
 103      62062E44 
ARM GAS  C:\Users\GRL\AppData\Local\Temp\ccRjftca.s 			page 7


 103      08577123 
 104 00c9 99844DE1 		.ascii	"\231\204M\341\205\260\231\010\177n\323\311\370/\264"
 104      85B09908 
 104      7F6ED3C9 
 104      F82FB4
 105 00d8 06438393 		.ascii	"\006C\203\223\350\354\240\201 \234\201@\211sIs#\202"
 105      E8ECA081 
 105      209C8140 
 105      89734973 
 105      2382
 106 00ea 5CD20111 		.ascii	"\\\322\001\021|\"\335\210\234\340\357\232 T\364'\257"
 106      7C22DD88 
 106      9CE0EF9A 
 106      2054F427 
 106      AF
 107 00fb CF334E46 		.ascii	"\3173NFN\334\367\016\325,L>Oq\354\247T\232\245w\306"
 107      4EDCF70E 
 107      D52C4C3E 
 107      4F71ECA7 
 107      549AA577 
 108 0110 1FFCEEB3 		.ascii	"\037\374\356\263\014J0A\001\011\325\207\237;+\307\242"
 108      0C4A3041 
 108      0109D587 
 108      9F3B2BC7 
 108      A2
 109 0121 3A5181F1 		.ascii	":Q\201\361\250\276o+\017\306M)c8\272\203&J\2205\031"
 109      A8BE6F2B 
 109      0FC64D29 
 109      6338BA83 
 109      264A9035 
 110 0136 CE41029C 		.ascii	"\316A\002\234\205\004\014t\036\246\340\234c\020L]C\215"
 110      85040C74 
 110      1EA6E09C 
 110      63104C5D 
 110      438D
 111 0148 0FA46955 		.ascii	"\017\244iU\264\252\201\366\225~I-\247\276\"DI\314\013"
 111      B4AA81F6 
 111      957E492D 
 111      A7BE2244 
 111      49CC0B
 112 015b 6A408633 		.ascii	"j@\2063\220\314\262\303-[NC\017\246]\013\323\020ys\337"
 112      90CCB2C3 
 112      2D5B4E43 
 112      0FA65D0B 
 112      D3107973 
 113 0170 EF4AB3BC 		.ascii	"\357J\263\274\224'z\270\372\3706A\342{\324n\246\017"
 113      94277AB8 
 113      FAF83641 
 113      E27BD46E 
 113      A60F
 114 0182 90622EA7 		.ascii	"\220b.\247\250\323)\352\")\3529\305q\377\213\022\263"
 114      A8D329EA 
 114      2229EA39 
 114      C571FF8B 
 114      12B3
 115 0194 9CC3297E 		.ascii	"\234\303)~\015\034\352\006Q\222\031\325\242\326\356"
 115      0D1CEA06 
ARM GAS  C:\Users\GRL\AppData\Local\Temp\ccRjftca.s 			page 8


 115      519219D5 
 115      A2D6EE
 116 01a3 528B28A9 		.ascii	"R\213(\251\217\035\037k\035\014\030\305\261\211\245"
 116      8F1D1F6B 
 116      1D0C18C5 
 116      B189A5
 117 01b2 BDB3A142 		.ascii	"\275\263\241B\026\252\001\325/\367\216\275\034'\274"
 117      16AA01D5 
 117      2FF78EBD 
 117      1C27BC
 118 01c1 1351EDE9 		.ascii	"\023Q\355\351j\352\227\345-\234\367\331\2353\347\230"
 118      6AEA97E5 
 118      2D9CF7D9 
 118      9D33E798 
 119 01d1 679202EC 		.ascii	"g\222\002\354&,h\252\377py(N\230\230G\240\367\365\327"
 119      262C68AA 
 119      FF707928 
 119      4E989847 
 119      A0F7F5D7 
 120 01e5 58B91098 		.ascii	"X\271\020\230\"=,\377\320\033\003\212\255\230\322\""
 120      223D2CFF 
 120      D01B038A 
 120      AD98D222 
 121 01f5 BA7F079D 		.ascii	"\272\177\007\235\260\230@#\366\356\"\366\016Z\301\306"
 121      B0984023 
 121      F6EE22F6 
 121      0E5AC1C6 
 122 0205 40AC20B8 		.ascii	"@\254 \270\204\306f4\236b]\356\363\354\316:\262\213"
 122      84C66634 
 122      9E625DEE 
 122      F3ECCE3A 
 122      B28B
 123 0217 F5AD0514 		.ascii	"\365\255\005\024\270\254\027\235\244\2106\237\370Y\366"
 123      B8AC179D 
 123      A488369F 
 123      F859F6
 124 0226 4691CFF2 		.ascii	"F\221\317\362\030P\025x\333\025+{\271b\03488\\d\002"
 124      18501578 
 124      DB152B7B 
 124      B9621C38 
 124      385C6402 
 125 023a 6BBCD56A 		.ascii	"k\274\325j;\301b\366}\357\230Q\341\245\264$\206s]E\256"
 125      3BC162F6 
 125      7DEF9851 
 125      E1A5B424 
 125      86735D45 
 126 024f 6B10AFE7 		.ascii	"k\020\257\347p\201_b\012N\244T{\031\024\014\004\274"
 126      70815F62 
 126      0A4EA454 
 126      7B19140C 
 126      04BC
 127 0261 E8E0E167 		.ascii	"\350\340\341g\314\035\303\303\015\314\366:X\301\207"
 127      CC1DC3C3 
 127      0DCCF63A 
 127      58C187
 128 0270 D20656FE 		.ascii	"\322\006V\376vx\010\337Q5D\337\024M?\213142\036\315"
 128      767808DF 
ARM GAS  C:\Users\GRL\AppData\Local\Temp\ccRjftca.s 			page 9


 128      513544DF 
 128      144D3F8B 
 128      3134321E 
 129 0285 B72CEC7B 		.ascii	"\267,\354{eD_\236\011o\202\357\240J\251\211\271\020"
 129      65445F9E 
 129      096F82EF 
 129      A04AA989 
 129      B910
 130 0297 AD7CEDB5 		.ascii	"\255|\355\265^+n\372\250\310\257D\203\007\356\237\366"
 130      5E2B6EFA 
 130      A8C8AF44 
 130      8307EE9F 
 130      F6
 131 02a8 5AC0162F 		.ascii	"Z\300\026/ \225q\3303?\222\336\324{\306\010F)\016na"
 131      209571D8 
 131      333F92DE 
 131      D47BC608 
 131      46290E6E 
 132 02bd 4DFFAA0F 		.ascii	"M\377\252\017\243\275{r\177\330<\275\232\322*|\321\236"
 132      A3BD7B72 
 132      7FD83CBD 
 132      9AD22A7C 
 132      D19E
 133 02cf CD87285D 		.ascii	"\315\207(]\314#4\210\010\021\215b\226\014\374\323h\207"
 133      CC233488 
 133      08118D62 
 133      960CFCD3 
 133      6887
 134 02e1 E9882BE9 		.ascii	"\351\210+\351?\374\324\250\024\263O\346\177\356\035"
 134      3FFCD4A8 
 134      14B34FE6 
 134      7FEE1D
 135 02f0 112DCF69 		.ascii	"\021-\317i\205Q.\344\337\252\364xO\363Q\031lJ\350=l"
 135      85512EE4 
 135      DFAAF478 
 135      4FF35119 
 135      6C4AE83D 
 136 0305 2F3F5048 		.ascii	"/?PH\023!\200\215\273\243\327v\033\330\203\0301\310"
 136      1321808D 
 136      BBA3D776 
 136      1BD88318 
 136      31C8
 137 0317 DD91837C 		.ascii	"\335\221\203|\373qw\257\331\274;\374\0349c\010D\240"
 137      FB7177AF 
 137      D9BC3BFC 
 137      1C396308 
 137      44A0
 138 0329 03CCFC3F 		.ascii	"\003\314\374?\244\203\1775\325\375\236\223\226Hg\177"
 138      A4837F35 
 138      D5FD9E93 
 138      9648677F 
 139 0339 C47D11E8 		.ascii	"\304}\021\350\324\234\331:1cU\372\002\307<G\326\374"
 139      D49CD93A 
 139      316355FA 
 139      02C73C47 
 139      D6FC
 140 034b 4CBB63C1 		.ascii	"L\273c\301r\207}\243\252\272L\213\226g&\246\245\244"
ARM GAS  C:\Users\GRL\AppData\Local\Temp\ccRjftca.s 			page 10


 140      72877DA3 
 140      AABA4C8B 
 140      966726A6 
 140      A5A4
 141 035d 90998BD4 		.ascii	"\220\231\213\324Mj^v\201\272\306a\317u\3479\325\325"
 141      4D6A5E76 
 141      81BAC661 
 141      CF75E739 
 141      D5D5
 142 036f E9F6DCB4 		.ascii	"\351\366\334\2649\253\243@\351\313\222\235dR\224qe\366"
 142      39ABA340 
 142      E9CB929D 
 142      64529471 
 142      65F6
 143 0381 06D5ED8A 		.ascii	"\006\325\355\212\266\346d;7\270]\246\374\365\271\366"
 143      B6E6643B 
 143      37B85DA6 
 143      FCF5B9F6 
 144 0391 02E48D71 		.ascii	"\002\344\215q\257\337T0;u\352(q\234[\013\266\272\324"
 144      AFDF5430 
 144      3B75EA28 
 144      719C5B0B 
 144      B6BAD4
 145 03a4 FCE47564 		.ascii	"\374\344ud\214\313\311\001&w~\016\337\330\376+5D&De"
 145      8CCBC901 
 145      26777E0E 
 145      DFD8FE2B 
 145      35442644 
 146 03b9 307F5EDA 		.ascii	"0\177^\332\222\314t\207=cEfZ\2061O];;\365\017\255\267"
 146      92CC7487 
 146      3D634566 
 146      5A86314F 
 146      5D3B3BF5 
 147 03d0 DAD7     		.ascii	"\332\327"
 148              		.text
 149              		.section	.gnu.lto_.symtab.f4146ea9,"",%progbits
 150 0000 54595045 		.ascii	"TYPE_A_VBUS_EN_Sleep\000"
 150      5F415F56 
 150      4255535F 
 150      454E5F53 
 150      6C656570 
 151 0015 00       		.ascii	"\000"
 152 0016 00       		.ascii	"\000"
 153 0017 00       		.ascii	"\000"
 154 0018 00000000 		.ascii	"\000\000\000\000\000\000\000\000"
 154      00000000 
 155 0020 AD000000 		.ascii	"\255\000\000\000"
 156 0024 54595045 		.ascii	"TYPE_A_VBUS_EN_Wakeup\000"
 156      5F415F56 
 156      4255535F 
 156      454E5F57 
 156      616B6575 
 157 003a 00       		.ascii	"\000"
 158 003b 00       		.ascii	"\000"
 159 003c 00       		.ascii	"\000"
 160 003d 00000000 		.ascii	"\000\000\000\000\000\000\000\000"
 160      00000000 
ARM GAS  C:\Users\GRL\AppData\Local\Temp\ccRjftca.s 			page 11


 161 0045 AF000000 		.ascii	"\257\000\000\000"
 162              		.text
 163              		.section	.gnu.lto_.opts,"",%progbits
 164 0000 272D666D 		.ascii	"'-fmath-errno' '-fsigned-zeros' '-ftrapping-math' '"
 164      6174682D 
 164      6572726E 
 164      6F272027 
 164      2D667369 
 165 0033 2D666E6F 		.ascii	"-fno-trapv' '-fno-openmp' '-fno-openacc' '-mcpu=cor"
 165      2D747261 
 165      70762720 
 165      272D666E 
 165      6F2D6F70 
 166 0066 7465782D 		.ascii	"tex-m0' '-mthumb' '-g' '-Os' '-Werror' '-ffunction-"
 166      6D302720 
 166      272D6D74 
 166      68756D62 
 166      2720272D 
 167 0099 73656374 		.ascii	"sections' '-ffat-lto-objects' '-finline-functions' "
 167      696F6E73 
 167      2720272D 
 167      66666174 
 167      2D6C746F 
 168 00cc 272D666C 		.ascii	"'-flto' '-fno-strict-aliasing'\000"
 168      746F2720 
 168      272D666E 
 168      6F2D7374 
 168      72696374 
 169              		.text
 170              		.cfi_sections	.debug_frame
 171              		.section	.text.TYPE_A_VBUS_EN_Sleep,"ax",%progbits
 172              		.align	1
 173              		.global	TYPE_A_VBUS_EN_Sleep
 174              		.code	16
 175              		.thumb_func
 176              		.type	TYPE_A_VBUS_EN_Sleep, %function
 177              	TYPE_A_VBUS_EN_Sleep:
 178              	.LFB0:
 179              		.file 1 "Generated_Source\\PSoC4\\TYPE_A_VBUS_EN_PM.c"
   1:Generated_Source\PSoC4/TYPE_A_VBUS_EN_PM.c **** /*******************************************************************************
   2:Generated_Source\PSoC4/TYPE_A_VBUS_EN_PM.c **** * File Name: TYPE_A_VBUS_EN.c  
   3:Generated_Source\PSoC4/TYPE_A_VBUS_EN_PM.c **** * Version 2.20
   4:Generated_Source\PSoC4/TYPE_A_VBUS_EN_PM.c **** *
   5:Generated_Source\PSoC4/TYPE_A_VBUS_EN_PM.c **** * Description:
   6:Generated_Source\PSoC4/TYPE_A_VBUS_EN_PM.c **** *  This file contains APIs to set up the Pins component for low power modes.
   7:Generated_Source\PSoC4/TYPE_A_VBUS_EN_PM.c **** *
   8:Generated_Source\PSoC4/TYPE_A_VBUS_EN_PM.c **** * Note:
   9:Generated_Source\PSoC4/TYPE_A_VBUS_EN_PM.c **** *
  10:Generated_Source\PSoC4/TYPE_A_VBUS_EN_PM.c **** ********************************************************************************
  11:Generated_Source\PSoC4/TYPE_A_VBUS_EN_PM.c **** * Copyright 2015, Cypress Semiconductor Corporation.  All rights reserved.
  12:Generated_Source\PSoC4/TYPE_A_VBUS_EN_PM.c **** * You may use this file only in accordance with the license, terms, conditions, 
  13:Generated_Source\PSoC4/TYPE_A_VBUS_EN_PM.c **** * disclaimers, and limitations in the end user license agreement accompanying 
  14:Generated_Source\PSoC4/TYPE_A_VBUS_EN_PM.c **** * the software package with which this file was provided.
  15:Generated_Source\PSoC4/TYPE_A_VBUS_EN_PM.c **** *******************************************************************************/
  16:Generated_Source\PSoC4/TYPE_A_VBUS_EN_PM.c **** 
  17:Generated_Source\PSoC4/TYPE_A_VBUS_EN_PM.c **** #include "cytypes.h"
  18:Generated_Source\PSoC4/TYPE_A_VBUS_EN_PM.c **** #include "TYPE_A_VBUS_EN.h"
ARM GAS  C:\Users\GRL\AppData\Local\Temp\ccRjftca.s 			page 12


  19:Generated_Source\PSoC4/TYPE_A_VBUS_EN_PM.c **** 
  20:Generated_Source\PSoC4/TYPE_A_VBUS_EN_PM.c **** static TYPE_A_VBUS_EN_BACKUP_STRUCT  TYPE_A_VBUS_EN_backup = {0u, 0u, 0u};
  21:Generated_Source\PSoC4/TYPE_A_VBUS_EN_PM.c **** 
  22:Generated_Source\PSoC4/TYPE_A_VBUS_EN_PM.c **** 
  23:Generated_Source\PSoC4/TYPE_A_VBUS_EN_PM.c **** /*******************************************************************************
  24:Generated_Source\PSoC4/TYPE_A_VBUS_EN_PM.c **** * Function Name: TYPE_A_VBUS_EN_Sleep
  25:Generated_Source\PSoC4/TYPE_A_VBUS_EN_PM.c **** ****************************************************************************//**
  26:Generated_Source\PSoC4/TYPE_A_VBUS_EN_PM.c **** *
  27:Generated_Source\PSoC4/TYPE_A_VBUS_EN_PM.c **** * \brief Stores the pin configuration and prepares the pin for entering chip 
  28:Generated_Source\PSoC4/TYPE_A_VBUS_EN_PM.c **** *  deep-sleep/hibernate modes. This function applies only to SIO and USBIO pins.
  29:Generated_Source\PSoC4/TYPE_A_VBUS_EN_PM.c **** *  It should not be called for GPIO or GPIO_OVT pins.
  30:Generated_Source\PSoC4/TYPE_A_VBUS_EN_PM.c **** *
  31:Generated_Source\PSoC4/TYPE_A_VBUS_EN_PM.c **** * <b>Note</b> This function is available in PSoC 4 only.
  32:Generated_Source\PSoC4/TYPE_A_VBUS_EN_PM.c **** *
  33:Generated_Source\PSoC4/TYPE_A_VBUS_EN_PM.c **** * \return 
  34:Generated_Source\PSoC4/TYPE_A_VBUS_EN_PM.c **** *  None 
  35:Generated_Source\PSoC4/TYPE_A_VBUS_EN_PM.c **** *  
  36:Generated_Source\PSoC4/TYPE_A_VBUS_EN_PM.c **** * \sideeffect
  37:Generated_Source\PSoC4/TYPE_A_VBUS_EN_PM.c **** *  For SIO pins, this function configures the pin input threshold to CMOS and
  38:Generated_Source\PSoC4/TYPE_A_VBUS_EN_PM.c **** *  drive level to Vddio. This is needed for SIO pins when in device 
  39:Generated_Source\PSoC4/TYPE_A_VBUS_EN_PM.c **** *  deep-sleep/hibernate modes.
  40:Generated_Source\PSoC4/TYPE_A_VBUS_EN_PM.c **** *
  41:Generated_Source\PSoC4/TYPE_A_VBUS_EN_PM.c **** * \funcusage
  42:Generated_Source\PSoC4/TYPE_A_VBUS_EN_PM.c **** *  \snippet TYPE_A_VBUS_EN_SUT.c usage_TYPE_A_VBUS_EN_Sleep_Wakeup
  43:Generated_Source\PSoC4/TYPE_A_VBUS_EN_PM.c **** *******************************************************************************/
  44:Generated_Source\PSoC4/TYPE_A_VBUS_EN_PM.c **** void TYPE_A_VBUS_EN_Sleep(void)
  45:Generated_Source\PSoC4/TYPE_A_VBUS_EN_PM.c **** {
 180              		.loc 1 45 0
 181              		.cfi_startproc
 182              		@ args = 0, pretend = 0, frame = 0
 183              		@ frame_needed = 0, uses_anonymous_args = 0
 184              		@ link register save eliminated.
  46:Generated_Source\PSoC4/TYPE_A_VBUS_EN_PM.c ****     #if defined(TYPE_A_VBUS_EN__PC)
  47:Generated_Source\PSoC4/TYPE_A_VBUS_EN_PM.c ****         TYPE_A_VBUS_EN_backup.pcState = TYPE_A_VBUS_EN_PC;
 185              		.loc 1 47 0
 186 0000 024B     		ldr	r3, .L2
  48:Generated_Source\PSoC4/TYPE_A_VBUS_EN_PM.c ****     #else
  49:Generated_Source\PSoC4/TYPE_A_VBUS_EN_PM.c ****         #if (CY_PSOC4_4200L)
  50:Generated_Source\PSoC4/TYPE_A_VBUS_EN_PM.c ****             /* Save the regulator state and put the PHY into suspend mode */
  51:Generated_Source\PSoC4/TYPE_A_VBUS_EN_PM.c ****             TYPE_A_VBUS_EN_backup.usbState = TYPE_A_VBUS_EN_CR1_REG;
  52:Generated_Source\PSoC4/TYPE_A_VBUS_EN_PM.c ****             TYPE_A_VBUS_EN_USB_POWER_REG |= TYPE_A_VBUS_EN_USBIO_ENTER_SLEEP;
  53:Generated_Source\PSoC4/TYPE_A_VBUS_EN_PM.c ****             TYPE_A_VBUS_EN_CR1_REG &= TYPE_A_VBUS_EN_USBIO_CR1_OFF;
  54:Generated_Source\PSoC4/TYPE_A_VBUS_EN_PM.c ****         #endif
  55:Generated_Source\PSoC4/TYPE_A_VBUS_EN_PM.c ****     #endif
  56:Generated_Source\PSoC4/TYPE_A_VBUS_EN_PM.c ****     #if defined(CYIPBLOCK_m0s8ioss_VERSION) && defined(TYPE_A_VBUS_EN__SIO)
  57:Generated_Source\PSoC4/TYPE_A_VBUS_EN_PM.c ****         TYPE_A_VBUS_EN_backup.sioState = TYPE_A_VBUS_EN_SIO_REG;
  58:Generated_Source\PSoC4/TYPE_A_VBUS_EN_PM.c ****         /* SIO requires unregulated output buffer and single ended input buffer */
  59:Generated_Source\PSoC4/TYPE_A_VBUS_EN_PM.c ****         TYPE_A_VBUS_EN_SIO_REG &= (uint32)(~TYPE_A_VBUS_EN_SIO_LPM_MASK);
  60:Generated_Source\PSoC4/TYPE_A_VBUS_EN_PM.c ****     #endif  
  61:Generated_Source\PSoC4/TYPE_A_VBUS_EN_PM.c **** }
 187              		.loc 1 61 0
 188              		@ sp needed
  47:Generated_Source\PSoC4/TYPE_A_VBUS_EN_PM.c ****     #else
 189              		.loc 1 47 0
 190 0002 1A68     		ldr	r2, [r3]
 191 0004 024B     		ldr	r3, .L2+4
 192 0006 1A60     		str	r2, [r3]
ARM GAS  C:\Users\GRL\AppData\Local\Temp\ccRjftca.s 			page 13


 193              		.loc 1 61 0
 194 0008 7047     		bx	lr
 195              	.L3:
 196 000a C046     		.align	2
 197              	.L2:
 198 000c 08000440 		.word	1074003976
 199 0010 00000000 		.word	.LANCHOR0
 200              		.cfi_endproc
 201              	.LFE0:
 202              		.size	TYPE_A_VBUS_EN_Sleep, .-TYPE_A_VBUS_EN_Sleep
 203              		.section	.text.TYPE_A_VBUS_EN_Wakeup,"ax",%progbits
 204              		.align	1
 205              		.global	TYPE_A_VBUS_EN_Wakeup
 206              		.code	16
 207              		.thumb_func
 208              		.type	TYPE_A_VBUS_EN_Wakeup, %function
 209              	TYPE_A_VBUS_EN_Wakeup:
 210              	.LFB1:
  62:Generated_Source\PSoC4/TYPE_A_VBUS_EN_PM.c **** 
  63:Generated_Source\PSoC4/TYPE_A_VBUS_EN_PM.c **** 
  64:Generated_Source\PSoC4/TYPE_A_VBUS_EN_PM.c **** /*******************************************************************************
  65:Generated_Source\PSoC4/TYPE_A_VBUS_EN_PM.c **** * Function Name: TYPE_A_VBUS_EN_Wakeup
  66:Generated_Source\PSoC4/TYPE_A_VBUS_EN_PM.c **** ****************************************************************************//**
  67:Generated_Source\PSoC4/TYPE_A_VBUS_EN_PM.c **** *
  68:Generated_Source\PSoC4/TYPE_A_VBUS_EN_PM.c **** * \brief Restores the pin configuration that was saved during Pin_Sleep(). This 
  69:Generated_Source\PSoC4/TYPE_A_VBUS_EN_PM.c **** * function applies only to SIO and USBIO pins. It should not be called for
  70:Generated_Source\PSoC4/TYPE_A_VBUS_EN_PM.c **** * GPIO or GPIO_OVT pins.
  71:Generated_Source\PSoC4/TYPE_A_VBUS_EN_PM.c **** *
  72:Generated_Source\PSoC4/TYPE_A_VBUS_EN_PM.c **** * For USBIO pins, the wakeup is only triggered for falling edge interrupts.
  73:Generated_Source\PSoC4/TYPE_A_VBUS_EN_PM.c **** *
  74:Generated_Source\PSoC4/TYPE_A_VBUS_EN_PM.c **** * <b>Note</b> This function is available in PSoC 4 only.
  75:Generated_Source\PSoC4/TYPE_A_VBUS_EN_PM.c **** *
  76:Generated_Source\PSoC4/TYPE_A_VBUS_EN_PM.c **** * \return 
  77:Generated_Source\PSoC4/TYPE_A_VBUS_EN_PM.c **** *  None
  78:Generated_Source\PSoC4/TYPE_A_VBUS_EN_PM.c **** *  
  79:Generated_Source\PSoC4/TYPE_A_VBUS_EN_PM.c **** * \funcusage
  80:Generated_Source\PSoC4/TYPE_A_VBUS_EN_PM.c **** *  Refer to TYPE_A_VBUS_EN_Sleep() for an example usage.
  81:Generated_Source\PSoC4/TYPE_A_VBUS_EN_PM.c **** *******************************************************************************/
  82:Generated_Source\PSoC4/TYPE_A_VBUS_EN_PM.c **** void TYPE_A_VBUS_EN_Wakeup(void)
  83:Generated_Source\PSoC4/TYPE_A_VBUS_EN_PM.c **** {
 211              		.loc 1 83 0
 212              		.cfi_startproc
 213              		@ args = 0, pretend = 0, frame = 0
 214              		@ frame_needed = 0, uses_anonymous_args = 0
 215              		@ link register save eliminated.
  84:Generated_Source\PSoC4/TYPE_A_VBUS_EN_PM.c ****     #if defined(TYPE_A_VBUS_EN__PC)
  85:Generated_Source\PSoC4/TYPE_A_VBUS_EN_PM.c ****         TYPE_A_VBUS_EN_PC = TYPE_A_VBUS_EN_backup.pcState;
 216              		.loc 1 85 0
 217 0000 024B     		ldr	r3, .L5
  86:Generated_Source\PSoC4/TYPE_A_VBUS_EN_PM.c ****     #else
  87:Generated_Source\PSoC4/TYPE_A_VBUS_EN_PM.c ****         #if (CY_PSOC4_4200L)
  88:Generated_Source\PSoC4/TYPE_A_VBUS_EN_PM.c ****             /* Restore the regulator state and come out of suspend mode */
  89:Generated_Source\PSoC4/TYPE_A_VBUS_EN_PM.c ****             TYPE_A_VBUS_EN_USB_POWER_REG &= TYPE_A_VBUS_EN_USBIO_EXIT_SLEEP_PH1;
  90:Generated_Source\PSoC4/TYPE_A_VBUS_EN_PM.c ****             TYPE_A_VBUS_EN_CR1_REG = TYPE_A_VBUS_EN_backup.usbState;
  91:Generated_Source\PSoC4/TYPE_A_VBUS_EN_PM.c ****             TYPE_A_VBUS_EN_USB_POWER_REG &= TYPE_A_VBUS_EN_USBIO_EXIT_SLEEP_PH2;
  92:Generated_Source\PSoC4/TYPE_A_VBUS_EN_PM.c ****         #endif
  93:Generated_Source\PSoC4/TYPE_A_VBUS_EN_PM.c ****     #endif
ARM GAS  C:\Users\GRL\AppData\Local\Temp\ccRjftca.s 			page 14


  94:Generated_Source\PSoC4/TYPE_A_VBUS_EN_PM.c ****     #if defined(CYIPBLOCK_m0s8ioss_VERSION) && defined(TYPE_A_VBUS_EN__SIO)
  95:Generated_Source\PSoC4/TYPE_A_VBUS_EN_PM.c ****         TYPE_A_VBUS_EN_SIO_REG = TYPE_A_VBUS_EN_backup.sioState;
  96:Generated_Source\PSoC4/TYPE_A_VBUS_EN_PM.c ****     #endif
  97:Generated_Source\PSoC4/TYPE_A_VBUS_EN_PM.c **** }
 218              		.loc 1 97 0
 219              		@ sp needed
  85:Generated_Source\PSoC4/TYPE_A_VBUS_EN_PM.c ****     #else
 220              		.loc 1 85 0
 221 0002 1A68     		ldr	r2, [r3]
 222 0004 024B     		ldr	r3, .L5+4
 223 0006 1A60     		str	r2, [r3]
 224              		.loc 1 97 0
 225 0008 7047     		bx	lr
 226              	.L6:
 227 000a C046     		.align	2
 228              	.L5:
 229 000c 00000000 		.word	.LANCHOR0
 230 0010 08000440 		.word	1074003976
 231              		.cfi_endproc
 232              	.LFE1:
 233              		.size	TYPE_A_VBUS_EN_Wakeup, .-TYPE_A_VBUS_EN_Wakeup
 234              		.bss
 235              		.align	2
 236              		.set	.LANCHOR0,. + 0
 237              		.type	TYPE_A_VBUS_EN_backup, %object
 238              		.size	TYPE_A_VBUS_EN_backup, 12
 239              	TYPE_A_VBUS_EN_backup:
 240 0000 00000000 		.space	12
 240      00000000 
 240      00000000 
 241              		.text
 242              	.Letext0:
 243              		.file 2 "Generated_Source\\PSoC4\\cytypes.h"
 244              		.file 3 "Generated_Source\\PSoC4\\TYPE_A_VBUS_EN.h"
 245              		.section	.debug_info,"",%progbits
 246              	.Ldebug_info0:
 247 0000 05010000 		.4byte	0x105
 248 0004 0400     		.2byte	0x4
 249 0006 00000000 		.4byte	.Ldebug_abbrev0
 250 000a 04       		.byte	0x4
 251 000b 01       		.uleb128 0x1
 252 000c D0000000 		.4byte	.LASF20
 253 0010 0C       		.byte	0xc
 254 0011 8E000000 		.4byte	.LASF21
 255 0015 EC010000 		.4byte	.LASF22
 256 0019 00000000 		.4byte	.Ldebug_ranges0+0
 257 001d 00000000 		.4byte	0
 258 0021 00000000 		.4byte	.Ldebug_line0
 259 0025 02       		.uleb128 0x2
 260 0026 01       		.byte	0x1
 261 0027 06       		.byte	0x6
 262 0028 E0010000 		.4byte	.LASF0
 263 002c 02       		.uleb128 0x2
 264 002d 01       		.byte	0x1
 265 002e 08       		.byte	0x8
 266 002f 4D000000 		.4byte	.LASF1
 267 0033 02       		.uleb128 0x2
ARM GAS  C:\Users\GRL\AppData\Local\Temp\ccRjftca.s 			page 15


 268 0034 02       		.byte	0x2
 269 0035 05       		.byte	0x5
 270 0036 C5010000 		.4byte	.LASF2
 271 003a 02       		.uleb128 0x2
 272 003b 02       		.byte	0x2
 273 003c 07       		.byte	0x7
 274 003d 6D000000 		.4byte	.LASF3
 275 0041 02       		.uleb128 0x2
 276 0042 04       		.byte	0x4
 277 0043 05       		.byte	0x5
 278 0044 D7010000 		.4byte	.LASF4
 279 0048 02       		.uleb128 0x2
 280 0049 04       		.byte	0x4
 281 004a 07       		.byte	0x7
 282 004b 5B000000 		.4byte	.LASF5
 283 004f 02       		.uleb128 0x2
 284 0050 08       		.byte	0x8
 285 0051 05       		.byte	0x5
 286 0052 95010000 		.4byte	.LASF6
 287 0056 02       		.uleb128 0x2
 288 0057 08       		.byte	0x8
 289 0058 07       		.byte	0x7
 290 0059 B9000000 		.4byte	.LASF7
 291 005d 03       		.uleb128 0x3
 292 005e 04       		.byte	0x4
 293 005f 05       		.byte	0x5
 294 0060 696E7400 		.ascii	"int\000"
 295 0064 02       		.uleb128 0x2
 296 0065 04       		.byte	0x4
 297 0066 07       		.byte	0x7
 298 0067 3A000000 		.4byte	.LASF8
 299 006b 04       		.uleb128 0x4
 300 006c 87000000 		.4byte	.LASF12
 301 0070 02       		.byte	0x2
 302 0071 D401     		.2byte	0x1d4
 303 0073 48000000 		.4byte	0x48
 304 0077 02       		.uleb128 0x2
 305 0078 04       		.byte	0x4
 306 0079 04       		.byte	0x4
 307 007a 47000000 		.4byte	.LASF9
 308 007e 02       		.uleb128 0x2
 309 007f 08       		.byte	0x8
 310 0080 04       		.byte	0x4
 311 0081 80000000 		.4byte	.LASF10
 312 0085 02       		.uleb128 0x2
 313 0086 01       		.byte	0x1
 314 0087 08       		.byte	0x8
 315 0088 A3010000 		.4byte	.LASF11
 316 008c 04       		.uleb128 0x4
 317 008d 00000000 		.4byte	.LASF13
 318 0091 02       		.byte	0x2
 319 0092 7E02     		.2byte	0x27e
 320 0094 98000000 		.4byte	0x98
 321 0098 05       		.uleb128 0x5
 322 0099 6B000000 		.4byte	0x6b
 323 009d 06       		.uleb128 0x6
 324 009e 0C       		.byte	0xc
ARM GAS  C:\Users\GRL\AppData\Local\Temp\ccRjftca.s 			page 16


 325 009f 03       		.byte	0x3
 326 00a0 21       		.byte	0x21
 327 00a1 CA000000 		.4byte	0xca
 328 00a5 07       		.uleb128 0x7
 329 00a6 CF010000 		.4byte	.LASF14
 330 00aa 03       		.byte	0x3
 331 00ab 23       		.byte	0x23
 332 00ac 6B000000 		.4byte	0x6b
 333 00b0 00       		.byte	0
 334 00b1 07       		.uleb128 0x7
 335 00b2 8C010000 		.4byte	.LASF15
 336 00b6 03       		.byte	0x3
 337 00b7 24       		.byte	0x24
 338 00b8 6B000000 		.4byte	0x6b
 339 00bc 04       		.byte	0x4
 340 00bd 07       		.uleb128 0x7
 341 00be 1C000000 		.4byte	.LASF16
 342 00c2 03       		.byte	0x3
 343 00c3 25       		.byte	0x25
 344 00c4 6B000000 		.4byte	0x6b
 345 00c8 08       		.byte	0x8
 346 00c9 00       		.byte	0
 347 00ca 08       		.uleb128 0x8
 348 00cb A8010000 		.4byte	.LASF17
 349 00cf 03       		.byte	0x3
 350 00d0 26       		.byte	0x26
 351 00d1 9D000000 		.4byte	0x9d
 352 00d5 09       		.uleb128 0x9
 353 00d6 25000000 		.4byte	.LASF18
 354 00da 01       		.byte	0x1
 355 00db 2C       		.byte	0x2c
 356 00dc 00000000 		.4byte	.LFB0
 357 00e0 14000000 		.4byte	.LFE0-.LFB0
 358 00e4 01       		.uleb128 0x1
 359 00e5 9C       		.byte	0x9c
 360 00e6 09       		.uleb128 0x9
 361 00e7 06000000 		.4byte	.LASF19
 362 00eb 01       		.byte	0x1
 363 00ec 52       		.byte	0x52
 364 00ed 00000000 		.4byte	.LFB1
 365 00f1 14000000 		.4byte	.LFE1-.LFB1
 366 00f5 01       		.uleb128 0x1
 367 00f6 9C       		.byte	0x9c
 368 00f7 0A       		.uleb128 0xa
 369 00f8 31020000 		.4byte	.LASF23
 370 00fc 01       		.byte	0x1
 371 00fd 14       		.byte	0x14
 372 00fe CA000000 		.4byte	0xca
 373 0102 05       		.uleb128 0x5
 374 0103 03       		.byte	0x3
 375 0104 00000000 		.4byte	TYPE_A_VBUS_EN_backup
 376 0108 00       		.byte	0
 377              		.section	.debug_abbrev,"",%progbits
 378              	.Ldebug_abbrev0:
 379 0000 01       		.uleb128 0x1
 380 0001 11       		.uleb128 0x11
 381 0002 01       		.byte	0x1
ARM GAS  C:\Users\GRL\AppData\Local\Temp\ccRjftca.s 			page 17


 382 0003 25       		.uleb128 0x25
 383 0004 0E       		.uleb128 0xe
 384 0005 13       		.uleb128 0x13
 385 0006 0B       		.uleb128 0xb
 386 0007 03       		.uleb128 0x3
 387 0008 0E       		.uleb128 0xe
 388 0009 1B       		.uleb128 0x1b
 389 000a 0E       		.uleb128 0xe
 390 000b 55       		.uleb128 0x55
 391 000c 17       		.uleb128 0x17
 392 000d 11       		.uleb128 0x11
 393 000e 01       		.uleb128 0x1
 394 000f 10       		.uleb128 0x10
 395 0010 17       		.uleb128 0x17
 396 0011 00       		.byte	0
 397 0012 00       		.byte	0
 398 0013 02       		.uleb128 0x2
 399 0014 24       		.uleb128 0x24
 400 0015 00       		.byte	0
 401 0016 0B       		.uleb128 0xb
 402 0017 0B       		.uleb128 0xb
 403 0018 3E       		.uleb128 0x3e
 404 0019 0B       		.uleb128 0xb
 405 001a 03       		.uleb128 0x3
 406 001b 0E       		.uleb128 0xe
 407 001c 00       		.byte	0
 408 001d 00       		.byte	0
 409 001e 03       		.uleb128 0x3
 410 001f 24       		.uleb128 0x24
 411 0020 00       		.byte	0
 412 0021 0B       		.uleb128 0xb
 413 0022 0B       		.uleb128 0xb
 414 0023 3E       		.uleb128 0x3e
 415 0024 0B       		.uleb128 0xb
 416 0025 03       		.uleb128 0x3
 417 0026 08       		.uleb128 0x8
 418 0027 00       		.byte	0
 419 0028 00       		.byte	0
 420 0029 04       		.uleb128 0x4
 421 002a 16       		.uleb128 0x16
 422 002b 00       		.byte	0
 423 002c 03       		.uleb128 0x3
 424 002d 0E       		.uleb128 0xe
 425 002e 3A       		.uleb128 0x3a
 426 002f 0B       		.uleb128 0xb
 427 0030 3B       		.uleb128 0x3b
 428 0031 05       		.uleb128 0x5
 429 0032 49       		.uleb128 0x49
 430 0033 13       		.uleb128 0x13
 431 0034 00       		.byte	0
 432 0035 00       		.byte	0
 433 0036 05       		.uleb128 0x5
 434 0037 35       		.uleb128 0x35
 435 0038 00       		.byte	0
 436 0039 49       		.uleb128 0x49
 437 003a 13       		.uleb128 0x13
 438 003b 00       		.byte	0
ARM GAS  C:\Users\GRL\AppData\Local\Temp\ccRjftca.s 			page 18


 439 003c 00       		.byte	0
 440 003d 06       		.uleb128 0x6
 441 003e 13       		.uleb128 0x13
 442 003f 01       		.byte	0x1
 443 0040 0B       		.uleb128 0xb
 444 0041 0B       		.uleb128 0xb
 445 0042 3A       		.uleb128 0x3a
 446 0043 0B       		.uleb128 0xb
 447 0044 3B       		.uleb128 0x3b
 448 0045 0B       		.uleb128 0xb
 449 0046 01       		.uleb128 0x1
 450 0047 13       		.uleb128 0x13
 451 0048 00       		.byte	0
 452 0049 00       		.byte	0
 453 004a 07       		.uleb128 0x7
 454 004b 0D       		.uleb128 0xd
 455 004c 00       		.byte	0
 456 004d 03       		.uleb128 0x3
 457 004e 0E       		.uleb128 0xe
 458 004f 3A       		.uleb128 0x3a
 459 0050 0B       		.uleb128 0xb
 460 0051 3B       		.uleb128 0x3b
 461 0052 0B       		.uleb128 0xb
 462 0053 49       		.uleb128 0x49
 463 0054 13       		.uleb128 0x13
 464 0055 38       		.uleb128 0x38
 465 0056 0B       		.uleb128 0xb
 466 0057 00       		.byte	0
 467 0058 00       		.byte	0
 468 0059 08       		.uleb128 0x8
 469 005a 16       		.uleb128 0x16
 470 005b 00       		.byte	0
 471 005c 03       		.uleb128 0x3
 472 005d 0E       		.uleb128 0xe
 473 005e 3A       		.uleb128 0x3a
 474 005f 0B       		.uleb128 0xb
 475 0060 3B       		.uleb128 0x3b
 476 0061 0B       		.uleb128 0xb
 477 0062 49       		.uleb128 0x49
 478 0063 13       		.uleb128 0x13
 479 0064 00       		.byte	0
 480 0065 00       		.byte	0
 481 0066 09       		.uleb128 0x9
 482 0067 2E       		.uleb128 0x2e
 483 0068 00       		.byte	0
 484 0069 3F       		.uleb128 0x3f
 485 006a 19       		.uleb128 0x19
 486 006b 03       		.uleb128 0x3
 487 006c 0E       		.uleb128 0xe
 488 006d 3A       		.uleb128 0x3a
 489 006e 0B       		.uleb128 0xb
 490 006f 3B       		.uleb128 0x3b
 491 0070 0B       		.uleb128 0xb
 492 0071 27       		.uleb128 0x27
 493 0072 19       		.uleb128 0x19
 494 0073 11       		.uleb128 0x11
 495 0074 01       		.uleb128 0x1
ARM GAS  C:\Users\GRL\AppData\Local\Temp\ccRjftca.s 			page 19


 496 0075 12       		.uleb128 0x12
 497 0076 06       		.uleb128 0x6
 498 0077 40       		.uleb128 0x40
 499 0078 18       		.uleb128 0x18
 500 0079 9742     		.uleb128 0x2117
 501 007b 19       		.uleb128 0x19
 502 007c 00       		.byte	0
 503 007d 00       		.byte	0
 504 007e 0A       		.uleb128 0xa
 505 007f 34       		.uleb128 0x34
 506 0080 00       		.byte	0
 507 0081 03       		.uleb128 0x3
 508 0082 0E       		.uleb128 0xe
 509 0083 3A       		.uleb128 0x3a
 510 0084 0B       		.uleb128 0xb
 511 0085 3B       		.uleb128 0x3b
 512 0086 0B       		.uleb128 0xb
 513 0087 49       		.uleb128 0x49
 514 0088 13       		.uleb128 0x13
 515 0089 02       		.uleb128 0x2
 516 008a 18       		.uleb128 0x18
 517 008b 00       		.byte	0
 518 008c 00       		.byte	0
 519 008d 00       		.byte	0
 520              		.section	.debug_aranges,"",%progbits
 521 0000 24000000 		.4byte	0x24
 522 0004 0200     		.2byte	0x2
 523 0006 00000000 		.4byte	.Ldebug_info0
 524 000a 04       		.byte	0x4
 525 000b 00       		.byte	0
 526 000c 0000     		.2byte	0
 527 000e 0000     		.2byte	0
 528 0010 00000000 		.4byte	.LFB0
 529 0014 14000000 		.4byte	.LFE0-.LFB0
 530 0018 00000000 		.4byte	.LFB1
 531 001c 14000000 		.4byte	.LFE1-.LFB1
 532 0020 00000000 		.4byte	0
 533 0024 00000000 		.4byte	0
 534              		.section	.debug_ranges,"",%progbits
 535              	.Ldebug_ranges0:
 536 0000 00000000 		.4byte	.LFB0
 537 0004 14000000 		.4byte	.LFE0
 538 0008 00000000 		.4byte	.LFB1
 539 000c 14000000 		.4byte	.LFE1
 540 0010 00000000 		.4byte	0
 541 0014 00000000 		.4byte	0
 542              		.section	.debug_line,"",%progbits
 543              	.Ldebug_line0:
 544 0000 9B000000 		.section	.debug_str,"MS",%progbits,1
 544      02006200 
 544      00000201 
 544      FB0E0D00 
 544      01010101 
 545              	.LASF13:
 546 0000 72656733 		.ascii	"reg32\000"
 546      3200
 547              	.LASF19:
ARM GAS  C:\Users\GRL\AppData\Local\Temp\ccRjftca.s 			page 20


 548 0006 54595045 		.ascii	"TYPE_A_VBUS_EN_Wakeup\000"
 548      5F415F56 
 548      4255535F 
 548      454E5F57 
 548      616B6575 
 549              	.LASF16:
 550 001c 75736253 		.ascii	"usbState\000"
 550      74617465 
 550      00
 551              	.LASF18:
 552 0025 54595045 		.ascii	"TYPE_A_VBUS_EN_Sleep\000"
 552      5F415F56 
 552      4255535F 
 552      454E5F53 
 552      6C656570 
 553              	.LASF8:
 554 003a 756E7369 		.ascii	"unsigned int\000"
 554      676E6564 
 554      20696E74 
 554      00
 555              	.LASF9:
 556 0047 666C6F61 		.ascii	"float\000"
 556      7400
 557              	.LASF1:
 558 004d 756E7369 		.ascii	"unsigned char\000"
 558      676E6564 
 558      20636861 
 558      7200
 559              	.LASF5:
 560 005b 6C6F6E67 		.ascii	"long unsigned int\000"
 560      20756E73 
 560      69676E65 
 560      6420696E 
 560      7400
 561              	.LASF3:
 562 006d 73686F72 		.ascii	"short unsigned int\000"
 562      7420756E 
 562      7369676E 
 562      65642069 
 562      6E7400
 563              	.LASF10:
 564 0080 646F7562 		.ascii	"double\000"
 564      6C6500
 565              	.LASF12:
 566 0087 75696E74 		.ascii	"uint32\000"
 566      333200
 567              	.LASF21:
 568 008e 47656E65 		.ascii	"Generated_Source\\PSoC4\\TYPE_A_VBUS_EN_PM.c\000"
 568      72617465 
 568      645F536F 
 568      75726365 
 568      5C50536F 
 569              	.LASF7:
 570 00b9 6C6F6E67 		.ascii	"long long unsigned int\000"
 570      206C6F6E 
 570      6720756E 
 570      7369676E 
ARM GAS  C:\Users\GRL\AppData\Local\Temp\ccRjftca.s 			page 21


 570      65642069 
 571              	.LASF20:
 572 00d0 474E5520 		.ascii	"GNU C11 5.4.1 20160609 (release) [ARM/embedded-5-br"
 572      43313120 
 572      352E342E 
 572      31203230 
 572      31363036 
 573 0103 616E6368 		.ascii	"anch revision 237715] -mcpu=cortex-m0 -mthumb -g -O"
 573      20726576 
 573      6973696F 
 573      6E203233 
 573      37373135 
 574 0136 73202D66 		.ascii	"s -ffunction-sections -ffat-lto-objects -finline-fu"
 574      66756E63 
 574      74696F6E 
 574      2D736563 
 574      74696F6E 
 575 0169 6E637469 		.ascii	"nctions -flto -fno-strict-aliasing\000"
 575      6F6E7320 
 575      2D666C74 
 575      6F202D66 
 575      6E6F2D73 
 576              	.LASF15:
 577 018c 73696F53 		.ascii	"sioState\000"
 577      74617465 
 577      00
 578              	.LASF6:
 579 0195 6C6F6E67 		.ascii	"long long int\000"
 579      206C6F6E 
 579      6720696E 
 579      7400
 580              	.LASF11:
 581 01a3 63686172 		.ascii	"char\000"
 581      00
 582              	.LASF17:
 583 01a8 54595045 		.ascii	"TYPE_A_VBUS_EN_BACKUP_STRUCT\000"
 583      5F415F56 
 583      4255535F 
 583      454E5F42 
 583      41434B55 
 584              	.LASF2:
 585 01c5 73686F72 		.ascii	"short int\000"
 585      7420696E 
 585      7400
 586              	.LASF14:
 587 01cf 70635374 		.ascii	"pcState\000"
 587      61746500 
 588              	.LASF4:
 589 01d7 6C6F6E67 		.ascii	"long int\000"
 589      20696E74 
 589      00
 590              	.LASF0:
 591 01e0 7369676E 		.ascii	"signed char\000"
 591      65642063 
 591      68617200 
 592              	.LASF22:
 593 01ec 443A5C56 		.ascii	"D:\\V-TE-PWR\\PDSS_SRC_SNK\\CYPD3171-24LQXQ_pb\\CYP"
ARM GAS  C:\Users\GRL\AppData\Local\Temp\ccRjftca.s 			page 22


 593      2D54452D 
 593      5057525C 
 593      50445353 
 593      5F535243 
 594 021b 44333137 		.ascii	"D3171-24LQXQ_pb.cydsn\000"
 594      312D3234 
 594      4C515851 
 594      5F70622E 
 594      63796473 
 595              	.LASF23:
 596 0231 54595045 		.ascii	"TYPE_A_VBUS_EN_backup\000"
 596      5F415F56 
 596      4255535F 
 596      454E5F62 
 596      61636B75 
 597              		.comm	__gnu_lto_v1,1,1
 598              		.ident	"GCC: (GNU Tools for ARM Embedded Processors) 5.4.1 20160609 (release) [ARM/embedded-5-bran
